2025-01-02 22:08:09 INFO     Trial 130 finished with value: 0.016942 and parameters: {'max_delta_step': 87.47373658007307, 'colsample_bytree': 0.9717836953191615, 'subsample': 0.721469345518043, 'min_child_weight': 20.070445817215596, 'min_data_in_leaf': 13.084043139671463, 'lambda': 2.1023091373048644, 'alpha': 1.4676934453149233, 'max_depth': 5, 'eta': 0.028989802811637704, 'gamma': 6.799000411889408, 'num_boost_rounds': 125}. Best is trial 99 with value: 0.017051.
2025-01-02 22:08:10 INFO     Trial 131 finished with value: 0.016942 and parameters: {'max_delta_step': 86.98019709422086, 'colsample_bytree': 0.9712768585970821, 'subsample': 0.7233434173617606, 'min_child_weight': 20.745718846856448, 'min_data_in_leaf': 10.454967945358398, 'lambda': 2.073177697634747, 'alpha': 2.1967734465381303, 'max_depth': 5, 'eta': 0.03439391222315145, 'gamma': 6.74421395649388, 'num_boost_rounds': 125}. Best is trial 99 with value: 0.017051.
2025-01-02 22:08:10 INFO     Trial 132 pruned. Trial was pruned at iteration 0.
2025-01-02 22:08:11 INFO     Trial 133 finished with value: 0.01576 and parameters: {'max_delta_step': 91.11417707201959, 'colsample_bytree': 0.987025804025736, 'subsample': 0.736602773690011, 'min_child_weight': 23.82346059959117, 'min_data_in_leaf': 13.088901791523703, 'lambda': 1.4257567467191976, 'alpha': 2.25930988019954, 'max_depth': 5, 'eta': 0.015226172193531694, 'gamma': 7.298029782673128, 'num_boost_rounds': 115}. Best is trial 99 with value: 0.017051.
2025-01-02 22:08:11 INFO     Trial 134 finished with value: 0.016942 and parameters: {'max_delta_step': 99.96040721223129, 'colsample_bytree': 0.9670724044354385, 'subsample': 0.7253928448748577, 'min_child_weight': 19.238324053938097, 'min_data_in_leaf': 10.480654729750945, 'lambda': 1.8427895964397807, 'alpha': 1.91415413721902, 'max_depth': 5, 'eta': 0.035021323631215254, 'gamma': 7.084513704426546, 'num_boost_rounds': 120}. Best is trial 99 with value: 0.017051.
2025-01-02 22:08:12 INFO     Trial 135 pruned. Trial was pruned at iteration 0.
2025-01-02 22:08:13 INFO     Trial 136 finished with value: 0.016833 and parameters: {'max_delta_step': 95.29464497766384, 'colsample_bytree': 0.9383880976680873, 'subsample': 0.7440551464190464, 'min_child_weight': 14.840174459091015, 'min_data_in_leaf': 10.028878656965473, 'lambda': 2.0767108778880066, 'alpha': 2.515705397514051, 'max_depth': 5, 'eta': 0.032915613568625504, 'gamma': 6.367096670334128, 'num_boost_rounds': 130}. Best is trial 99 with value: 0.017051.
2025-01-02 22:08:13 INFO     Trial 137 finished with value: 0.016207 and parameters: {'max_delta_step': 98.08983653097658, 'colsample_bytree': 0.9997840547765409, 'subsample': 0.7949889489155642, 'min_child_weight': 19.426940573332978, 'min_data_in_leaf': 11.123213885051792, 'lambda': 1.2587343923399026, 'alpha': 1.6589042675766765, 'max_depth': 5, 'eta': 0.048940772539479115, 'gamma': 6.685559742793096, 'num_boost_rounds': 145}. Best is trial 99 with value: 0.017051.
2025-01-02 22:08:14 INFO     Trial 138 finished with value: 0.015789 and parameters: {'max_delta_step': 87.24973903289167, 'colsample_bytree': 0.9716949942968446, 'subsample': 0.7255330513587611, 'min_child_weight': 21.710839961103687, 'min_data_in_leaf': 10.449638562785088, 'lambda': 1.914056039043097, 'alpha': 2.159481622906422, 'max_depth': 5, 'eta': 0.059483584748724824, 'gamma': 7.153774989245507, 'num_boost_rounds': 125}. Best is trial 99 with value: 0.017051.
2025-01-02 22:08:14 INFO     Trial 139 finished with value: 0.015878 and parameters: {'max_delta_step': 94.32268089154125, 'colsample_bytree': 0.9505654846211464, 'subsample': 0.7615482821673205, 'min_child_weight': 17.6237810174363, 'min_data_in_leaf': 10.915959115328342, 'lambda': 2.303174717894275, 'alpha': 1.2317604653871501, 'max_depth': 5, 'eta': 0.02599478943683072, 'gamma': 7.443470029131276, 'num_boost_rounds': 120}. Best is trial 99 with value: 0.017051.
2025-01-02 22:08:15 INFO     Trial 140 pruned. Trial was pruned at iteration 5.
2025-01-02 22:08:15 INFO     Trial 141 pruned. Trial was pruned at iteration 0.
2025-01-02 22:08:16 INFO     Trial 142 finished with value: 0.015701 and parameters: {'max_delta_step': 96.87583653541519, 'colsample_bytree': 0.9890064389437907, 'subsample': 0.7117479436973858, 'min_child_weight': 11.017953104726077, 'min_data_in_leaf': 10.647020153427727, 'lambda': 1.5578042303127415, 'alpha': 1.9846812796082869, 'max_depth': 5, 'eta': 0.0531135996127746, 'gamma': 5.804180937581458, 'num_boost_rounds': 105}. Best is trial 99 with value: 0.017051.
2025-01-02 22:08:17 INFO     Trial 143 finished with value: 0.015885 and parameters: {'max_delta_step': 87.61913577120474, 'colsample_bytree': 0.9767333501742836, 'subsample': 0.750659042968612, 'min_child_weight': 4.263272383144512, 'min_data_in_leaf': 13.634578162704885, 'lambda': 1.9068695236137319, 'alpha': 0.6935858548991871, 'max_depth': 5, 'eta': 0.02102994914976957, 'gamma': 6.206809712636969, 'num_boost_rounds': 115}. Best is trial 99 with value: 0.017051.
2025-01-02 22:08:17 INFO     Trial 144 finished with value: 0.015797 and parameters: {'max_delta_step': 95.56315286356393, 'colsample_bytree': 0.9584008990946911, 'subsample': 0.7366684157013851, 'min_child_weight': 15.045993308632097, 'min_data_in_leaf': 11.06426421936791, 'lambda': 2.16662911690714, 'alpha': 9.783606905033295, 'max_depth': 5, 'eta': 0.03550187602262625, 'gamma': 7.090437611306235, 'num_boost_rounds': 110}. Best is trial 99 with value: 0.017051.
2025-01-02 22:08:18 INFO     Trial 145 finished with value: 0.017007 and parameters: {'max_delta_step': 99.99256376005765, 'colsample_bytree': 0.925985723074585, 'subsample': 0.7706722999880244, 'min_child_weight': 20.039660857886627, 'min_data_in_leaf': 12.797855801448723, 'lambda': 2.449990123557266, 'alpha': 1.1593577355462281, 'max_depth': 5, 'eta': 0.04466501060716056, 'gamma': 6.508334077082311, 'num_boost_rounds': 125}. Best is trial 99 with value: 0.017051.
2025-01-02 22:08:19 INFO     Trial 146 finished with value: 0.016971 and parameters: {'max_delta_step': 98.56412810850563, 'colsample_bytree': 0.9266247393976578, 'subsample': 0.7723063645295852, 'min_child_weight': 18.812549193508755, 'min_data_in_leaf': 12.856110171893878, 'lambda': 2.4470858798712545, 'alpha': 1.190280323646631, 'max_depth': 5, 'eta': 0.04631855961238754, 'gamma': 6.376934635633223, 'num_boost_rounds': 125}. Best is trial 99 with value: 0.017051.
2025-01-02 22:08:19 INFO     Trial 147 finished with value: 0.017043 and parameters: {'max_delta_step': 99.05266800419693, 'colsample_bytree': 0.9259982616678093, 'subsample': 0.7841982291512859, 'min_child_weight': 20.269173915072965, 'min_data_in_leaf': 12.816279475013044, 'lambda': 2.5023037254941722, 'alpha': 2.6361106647684545, 'max_depth': 5, 'eta': 0.061489206614842945, 'gamma': 6.464494940286982, 'num_boost_rounds': 130}. Best is trial 99 with value: 0.017051.
2025-01-02 22:08:20 INFO     Trial 148 finished with value: 0.016192 and parameters: {'max_delta_step': 99.9189045356279, 'colsample_bytree': 0.9227553607095071, 'subsample': 0.7808795432836254, 'min_child_weight': 20.67058856112821, 'min_data_in_leaf': 13.286228778668017, 'lambda': 2.897018798783263, 'alpha': 2.498742277029104, 'max_depth': 5, 'eta': 0.06149258015338806, 'gamma': 6.015717723952667, 'num_boost_rounds': 125}. Best is trial 99 with value: 0.017051.
2025-01-02 22:08:21 INFO     Trial 149 finished with value: 0.015037 and parameters: {'max_delta_step': 98.76698270093414, 'colsample_bytree': 0.9273832825277781, 'subsample': 0.7888732008573388, 'min_child_weight': 18.309293405304846, 'min_data_in_leaf': 12.813749326645588, 'lambda': 2.516833619279685, 'alpha': 2.732864175574557, 'max_depth': 5, 'eta': 0.054592779254829644, 'gamma': 6.471435893265045, 'num_boost_rounds': 135}. Best is trial 99 with value: 0.017051.
2025-01-02 22:08:21 INFO     Trial 150 pruned. Trial was pruned at iteration 0.
2025-01-02 22:08:22 INFO     Trial 151 finished with value: 0.016971 and parameters: {'max_delta_step': 97.78243207155892, 'colsample_bytree': 0.9466531411566975, 'subsample': 0.8041388740586983, 'min_child_weight': 19.676667972425832, 'min_data_in_leaf': 14.579840854059954, 'lambda': 2.353114872123875, 'alpha': 1.8226207819595417, 'max_depth': 5, 'eta': 0.0453824129166672, 'gamma': 6.4789911036263375, 'num_boost_rounds': 130}. Best is trial 99 with value: 0.017051.
2025-01-02 22:08:22 INFO     Trial 152 finished with value: 0.016912 and parameters: {'max_delta_step': 98.05928150431173, 'colsample_bytree': 0.9443751906345914, 'subsample': 0.7996011859802332, 'min_child_weight': 19.48242610104791, 'min_data_in_leaf': 14.498239676773691, 'lambda': 2.396704509191454, 'alpha': 1.8705493187354651, 'max_depth': 5, 'eta': 0.052138240295343814, 'gamma': 6.9300166754399255, 'num_boost_rounds': 130}. Best is trial 99 with value: 0.017051.
2025-01-02 22:08:23 INFO     Trial 153 finished with value: 0.015679 and parameters: {'max_delta_step': 94.4775819611859, 'colsample_bytree': 0.9323127388075761, 'subsample': 0.8035291551970468, 'min_child_weight': 24.68138006645523, 'min_data_in_leaf': 14.873429381329458, 'lambda': 2.614997708553161, 'alpha': 1.623860475351744, 'max_depth': 5, 'eta': 0.031039802922992663, 'gamma': 6.631020870004995, 'num_boost_rounds': 125}. Best is trial 99 with value: 0.017051.
2025-01-02 22:08:24 INFO     Trial 154 finished with value: 0.016927 and parameters: {'max_delta_step': 95.9621698425218, 'colsample_bytree': 0.9185818361580842, 'subsample': 0.82288454535075, 'min_child_weight': 16.507580619992417, 'min_data_in_leaf': 12.927923936208428, 'lambda': 2.3702027443183695, 'alpha': 1.3804784126415728, 'max_depth': 5, 'eta': 0.038372650770785104, 'gamma': 6.317556248389545, 'num_boost_rounds': 140}. Best is trial 99 with value: 0.017051.
2025-01-02 22:08:24 INFO     Trial 155 finished with value: 0.016971 and parameters: {'max_delta_step': 97.05449218841851, 'colsample_bytree': 0.9116701538526844, 'subsample': 0.8173264204399092, 'min_child_weight': 21.97756999028436, 'min_data_in_leaf': 12.012154213398412, 'lambda': 2.3743414282927904, 'alpha': 2.257047554510493, 'max_depth': 5, 'eta': 0.037247833087279525, 'gamma': 5.924577884044466, 'num_boost_rounds': 140}. Best is trial 99 with value: 0.017051.
2025-01-02 22:08:25 INFO     Trial 156 finished with value: 0.015797 and parameters: {'max_delta_step': 96.10267662244298, 'colsample_bytree': 0.918452375461004, 'subsample': 0.8519288935738446, 'min_child_weight': 21.480729603704244, 'min_data_in_leaf': 14.17316007092023, 'lambda': 3.0254322442442345, 'alpha': 2.6402453915665447, 'max_depth': 5, 'eta': 0.03651380694222582, 'gamma': 5.891083995608342, 'num_boost_rounds': 150}. Best is trial 99 with value: 0.017051.
2025-01-02 22:08:26 INFO     Trial 157 finished with value: 0.016572 and parameters: {'max_delta_step': 99.95593861644025, 'colsample_bytree': 0.9042833170950716, 'subsample': 0.8355122763667054, 'min_child_weight': 16.354436561413365, 'min_data_in_leaf': 11.943256195202405, 'lambda': 3.2281612121051633, 'alpha': 2.9336047006489725, 'max_depth': 5, 'eta': 0.029745574647996872, 'gamma': 5.66932324276454, 'num_boost_rounds': 140}. Best is trial 99 with value: 0.017051.
2025-01-02 22:08:26 INFO     Trial 158 finished with value: 0.016978 and parameters: {'max_delta_step': 97.49985942001115, 'colsample_bytree': 0.9050885550097469, 'subsample': 0.8261536781061756, 'min_child_weight': 23.195840752035963, 'min_data_in_leaf': 13.52355678846146, 'lambda': 2.4037308786809057, 'alpha': 2.2611287064751813, 'max_depth': 5, 'eta': 0.03791092757611852, 'gamma': 6.03612030867865, 'num_boost_rounds': 140}. Best is trial 99 with value: 0.017051.
2025-01-02 22:08:27 INFO     Trial 159 finished with value: 0.015664 and parameters: {'max_delta_step': 97.87927353608694, 'colsample_bytree': 0.9060951525824035, 'subsample': 0.8095004222416413, 'min_child_weight': 22.902207478853782, 'min_data_in_leaf': 13.410868633868352, 'lambda': 2.6031298514406926, 'alpha': 2.382303578818643, 'max_depth': 5, 'eta': 0.0182551870135421, 'gamma': 6.088445276756781, 'num_boost_rounds': 145}. Best is trial 99 with value: 0.017051.
2025-01-02 22:08:28 INFO     Trial 160 finished with value: 0.015686 and parameters: {'max_delta_step': 94.44289725841632, 'colsample_bytree': 0.889025854002515, 'subsample': 0.8266963798926935, 'min_child_weight': 20.07025173416939, 'min_data_in_leaf': 15.271655015053465, 'lambda': 2.816639717255692, 'alpha': 1.8189518242135294, 'max_depth': 5, 'eta': 0.04771728409203833, 'gamma': 6.682111726543002, 'num_boost_rounds': 150}. Best is trial 99 with value: 0.017051.
2025-01-02 22:08:28 INFO     Trial 161 finished with value: 0.016927 and parameters: {'max_delta_step': 96.93690510647168, 'colsample_bytree': 0.9155347107531082, 'subsample': 0.8169945753746366, 'min_child_weight': 18.372814304859887, 'min_data_in_leaf': 12.902593223192792, 'lambda': 2.388409441213003, 'alpha': 2.2571452276385773, 'max_depth': 5, 'eta': 0.03923476819177065, 'gamma': 6.281400357047414, 'num_boost_rounds': 140}. Best is trial 99 with value: 0.017051.
2025-01-02 22:08:29 INFO     Trial 162 pruned. Trial was pruned at iteration 0.
2025-01-02 22:08:29 INFO     Trial 163 finished with value: 0.015804 and parameters: {'max_delta_step': 92.9122853008855, 'colsample_bytree': 0.9483122440877344, 'subsample': 0.8177391250098417, 'min_child_weight': 25.144416825209635, 'min_data_in_leaf': 13.646256391208093, 'lambda': 2.279447523329925, 'alpha': 1.743556262936051, 'max_depth': 5, 'eta': 0.04266794573224351, 'gamma': 5.93496422957802, 'num_boost_rounds': 130}. Best is trial 99 with value: 0.017051.
2025-01-02 22:08:30 INFO     Trial 164 finished with value: 0.0165 and parameters: {'max_delta_step': 96.40155326363978, 'colsample_bytree': 0.9334691487663471, 'subsample': 0.82577639771766, 'min_child_weight': 16.988983304896923, 'min_data_in_leaf': 12.302689685110234, 'lambda': 9.919846205694046, 'alpha': 1.4585430025997037, 'max_depth': 5, 'eta': 0.02512475508636175, 'gamma': 6.34393390200777, 'num_boost_rounds': 140}. Best is trial 99 with value: 0.017051.
2025-01-02 22:08:30 INFO     Trial 165 pruned. Trial was pruned at iteration 0.
2025-01-02 22:08:31 INFO     Trial 166 finished with value: 0.016572 and parameters: {'max_delta_step': 91.32307231179632, 'colsample_bytree': 0.9127778764308163, 'subsample': 0.8436403876002974, 'min_child_weight': 14.881705487655438, 'min_data_in_leaf': 13.084664013242968, 'lambda': 2.6100018476052447, 'alpha': 2.2680337325555935, 'max_depth': 5, 'eta': 0.029941317167535487, 'gamma': 6.905010687146936, 'num_boost_rounds': 145}. Best is trial 99 with value: 0.017051.
2025-01-02 22:08:31 INFO     Trial 167 pruned. Trial was pruned at iteration 0.
2025-01-02 22:08:32 INFO     Trial 168 finished with value: 0.015826 and parameters: {'max_delta_step': 95.75390336863995, 'colsample_bytree': 0.9414173307600173, 'subsample': 0.8071701153147807, 'min_child_weight': 23.675220653042043, 'min_data_in_leaf': 12.550496579505898, 'lambda': 2.923646964989819, 'alpha': 1.5086216376298514, 'max_depth': 5, 'eta': 0.0648508933594083, 'gamma': 6.144797862346181, 'num_boost_rounds': 120}. Best is trial 99 with value: 0.017051.
2025-01-02 22:08:32 INFO     Trial 169 pruned. Trial was pruned at iteration 0.
2025-01-02 22:08:33 INFO     Trial 170 pruned. Trial was pruned at iteration 0.
2025-01-02 22:08:33 INFO     Trial 171 finished with value: 0.016811 and parameters: {'max_delta_step': 96.77573809967325, 'colsample_bytree': 0.9172428189631343, 'subsample': 0.8411018425350928, 'min_child_weight': 19.456933833240605, 'min_data_in_leaf': 12.931135741319322, 'lambda': 2.413274806808015, 'alpha': 2.2509732571086136, 'max_depth': 5, 'eta': 0.03909766255635098, 'gamma': 6.3922249670950455, 'num_boost_rounds': 135}. Best is trial 99 with value: 0.017051.
2025-01-02 22:08:34 INFO     Trial 172 finished with value: 0.016927 and parameters: {'max_delta_step': 96.934955123792, 'colsample_bytree': 0.9090666473077635, 'subsample': 0.8219418870940828, 'min_child_weight': 17.09389747079932, 'min_data_in_leaf': 12.977783247051107, 'lambda': 2.6948336065262724, 'alpha': 2.551930175166635, 'max_depth': 5, 'eta': 0.03484620445209798, 'gamma': 6.2497159076979925, 'num_boost_rounds': 140}. Best is trial 99 with value: 0.017051.
2025-01-02 22:08:35 INFO     Trial 173 finished with value: 0.015694 and parameters: {'max_delta_step': 99.89314442505523, 'colsample_bytree': 0.8958103575637479, 'subsample': 0.8203344307402032, 'min_child_weight': 22.859628780912495, 'min_data_in_leaf': 13.544012760988126, 'lambda': 2.281850097536772, 'alpha': 2.3143708076039, 'max_depth': 5, 'eta': 0.052636475426223024, 'gamma': 6.583833261699199, 'num_boost_rounds': 140}. Best is trial 99 with value: 0.017051.
2025-01-02 22:08:36 INFO     Trial 174 finished with value: 0.016927 and parameters: {'max_delta_step': 93.96412250801893, 'colsample_bytree': 0.881366483586981, 'subsample': 0.8119716092077823, 'min_child_weight': 18.63903872457864, 'min_data_in_leaf': 12.068835893302289, 'lambda': 2.0697622962699427, 'alpha': 1.7518477388540794, 'max_depth': 5, 'eta': 0.042196859369463165, 'gamma': 5.93246248682026, 'num_boost_rounds': 130}. Best is trial 99 with value: 0.017051.
2025-01-02 22:08:36 INFO     Trial 175 finished with value: 0.016565 and parameters: {'max_delta_step': 98.13648187829577, 'colsample_bytree': 0.9216902771868527, 'subsample': 0.8631067198310145, 'min_child_weight': 14.832237293500931, 'min_data_in_leaf': 14.267988012020178, 'lambda': 2.5537361677303014, 'alpha': 1.9684925617062317, 'max_depth': 5, 'eta': 0.030346548361196816, 'gamma': 7.007963289145865, 'num_boost_rounds': 125}. Best is trial 99 with value: 0.017051.
2025-01-02 22:08:37 INFO     Trial 176 finished with value: 0.016068 and parameters: {'max_delta_step': 95.28697628698269, 'colsample_bytree': 0.9391605307299544, 'subsample': 0.7618536919138358, 'min_child_weight': 21.18924507109402, 'min_data_in_leaf': 11.163264349278943, 'lambda': 2.1924790121246676, 'alpha': 1.0997162573403751, 'max_depth': 5, 'eta': 0.060411275646741355, 'gamma': 6.293015517807265, 'num_boost_rounds': 120}. Best is trial 99 with value: 0.017051.
2025-01-02 22:08:37 INFO     Trial 177 pruned. Trial was pruned at iteration 0.
2025-01-02 22:08:38 INFO     Trial 178 finished with value: 0.015568 and parameters: {'max_delta_step': 99.90432076090188, 'colsample_bytree': 0.9094782781704613, 'subsample': 0.7979243945850368, 'min_child_weight': 13.694459332325213, 'min_data_in_leaf': 13.464081325386264, 'lambda': 2.4499232300330895, 'alpha': 1.626272683222083, 'max_depth': 5, 'eta': 0.02646380422702125, 'gamma': 6.4397482989319546, 'num_boost_rounds': 145}. Best is trial 99 with value: 0.017051.
2025-01-02 22:08:38 INFO     Trial 179 pruned. Trial was pruned at iteration 0.
2025-01-02 22:08:39 INFO     Trial 180 finished with value: 0.016594 and parameters: {'max_delta_step': 93.4719443104858, 'colsample_bytree': 0.9253644003482184, 'subsample': 0.8168400326471933, 'min_child_weight': 25.358067191794724, 'min_data_in_leaf': 10.820037558649616, 'lambda': 3.069229891726459, 'alpha': 5.358471981669378, 'max_depth': 5, 'eta': 0.01987673467793491, 'gamma': 6.55560039584432, 'num_boost_rounds': 130}. Best is trial 99 with value: 0.017051.
2025-01-02 22:08:40 INFO     Trial 181 finished with value: 0.016666 and parameters: {'max_delta_step': 96.8023366752184, 'colsample_bytree': 0.9077360510796947, 'subsample': 0.8236727827598521, 'min_child_weight': 16.797386884051583, 'min_data_in_leaf': 13.035242117857726, 'lambda': 2.7122609085657707, 'alpha': 2.6881936262485873, 'max_depth': 5, 'eta': 0.03320878603248063, 'gamma': 6.289600438075861, 'num_boost_rounds': 140}. Best is trial 99 with value: 0.017051.
2025-01-02 22:08:40 INFO     Trial 182 finished with value: 0.015745 and parameters: {'max_delta_step': 97.84468888479104, 'colsample_bytree': 0.8936743775874434, 'subsample': 0.8081515283536973, 'min_child_weight': 18.08382898765455, 'min_data_in_leaf': 12.656498998536945, 'lambda': 2.7451068545095376, 'alpha': 2.4514442438521353, 'max_depth': 5, 'eta': 0.036535496138022185, 'gamma': 6.253968092362765, 'num_boost_rounds': 140}. Best is trial 99 with value: 0.017051.
2025-01-02 22:08:41 INFO     Trial 183 pruned. Trial was pruned at iteration 0.
2025-01-02 22:08:41 INFO     Trial 184 finished with value: 0.017189 and parameters: {'max_delta_step': 98.09146881961269, 'colsample_bytree': 0.9338718439873508, 'subsample': 0.7433146734070392, 'min_child_weight': 23.030323988408178, 'min_data_in_leaf': 12.271075351095629, 'lambda': 2.5402738388404584, 'alpha': 2.5479374134584973, 'max_depth': 5, 'eta': 0.034650826907228816, 'gamma': 5.828113681978281, 'num_boost_rounds': 125}. Best is trial 184 with value: 0.017189.
2025-01-02 22:08:42 INFO     Trial 185 finished with value: 0.016992 and parameters: {'max_delta_step': 91.04591067644454, 'colsample_bytree': 0.9479354039687401, 'subsample': 0.7414657603008067, 'min_child_weight': 22.347136692128817, 'min_data_in_leaf': 11.309912268842277, 'lambda': 2.4705227567319805, 'alpha': 2.118886393900199, 'max_depth': 5, 'eta': 0.05195399667398569, 'gamma': 5.768475597777926, 'num_boost_rounds': 120}. Best is trial 184 with value: 0.017189.
2025-01-02 22:08:43 INFO     Trial 186 finished with value: 0.01684 and parameters: {'max_delta_step': 90.28544641525939, 'colsample_bytree': 0.9439729154671008, 'subsample': 0.741045431539881, 'min_child_weight': 23.35202668050497, 'min_data_in_leaf': 11.320111253583214, 'lambda': 2.061453103879645, 'alpha': 2.0340102836600127, 'max_depth': 5, 'eta': 0.05702213199551102, 'gamma': 5.674477876805096, 'num_boost_rounds': 120}. Best is trial 184 with value: 0.017189.
2025-01-02 22:08:43 INFO     Trial 187 pruned. Trial was pruned at iteration 0.
