2025-01-02 13:08:19 INFO     Trial 58 finished with value: 0.016995 and parameters: {'max_delta_step': 54.33913679213112, 'colsample_bytree': 0.5174133130323144, 'colsample_bynode': 0.3578251917319179, 'subsample': 0.6566164179020219, 'min_child_weight': 24.738153880758176, 'min_data_in_leaf': 24.41618604550372, 'lambda': 8.228684671316094, 'alpha': 8.317720305630882, 'max_depth': 1, 'eta': 0.13804997570737765, 'gamma': 8.578414908707291, 'num_boost_rounds': 55}. Best is trial 54 with value: 0.017041.
2025-01-02 13:08:19 INFO     Trial 59 pruned. Trial was pruned at iteration 0.
2025-01-02 13:08:19 INFO     Trial 60 pruned. Trial was pruned at iteration 0.
2025-01-02 13:08:20 INFO     n_estimators: 10
2025-01-02 13:08:20 INFO     Trial 61 finished with value: 0.016995 and parameters: {'max_delta_step': 95.89213613079369, 'colsample_bytree': 0.5015469424964681, 'colsample_bynode': 0.6055499105260922, 'subsample': 0.8537653232888129, 'min_child_weight': 9.630041847837463, 'min_data_in_leaf': 29.375335813593452, 'lambda': 5.210628733628632, 'alpha': 3.2768964343873597, 'max_depth': 1, 'eta': 0.07896998361844784, 'gamma': 6.599293174955452, 'num_boost_rounds': 40}. Best is trial 54 with value: 0.017041.
2025-01-02 13:08:20 INFO     Trial 62 pruned. Trial was pruned at iteration 0.
2025-01-02 13:08:21 INFO     n_estimators: 10
2025-01-02 13:08:21 INFO     Trial 63 finished with value: 0.008416 and parameters: {'max_delta_step': 69.93652984698545, 'colsample_bytree': 0.5781943665769749, 'colsample_bynode': 0.5807320202824917, 'subsample': 0.8753442430393322, 'min_child_weight': 5.233009807608918, 'min_data_in_leaf': 28.159106691380625, 'lambda': 6.807895137664139, 'alpha': 3.663652800775067, 'max_depth': 1, 'eta': 0.12682276596379805, 'gamma': 9.939287800250543, 'num_boost_rounds': 10}. Best is trial 54 with value: 0.017041.
2025-01-02 13:08:22 INFO     n_estimators: 10
2025-01-02 13:08:22 INFO     Trial 64 finished with value: 0.016997 and parameters: {'max_delta_step': 44.92825020958365, 'colsample_bytree': 0.5129813050382841, 'colsample_bynode': 0.6567618389691273, 'subsample': 0.8251660637546465, 'min_child_weight': 21.170648475813028, 'min_data_in_leaf': 29.56905010968528, 'lambda': 5.802567819149989, 'alpha': 2.2296508284010246, 'max_depth': 1, 'eta': 0.10101170139441179, 'gamma': 7.369710190053531, 'num_boost_rounds': 35}. Best is trial 54 with value: 0.017041.
2025-01-02 13:08:22 INFO     n_estimators: 10
2025-01-02 13:08:22 INFO     Trial 65 finished with value: 0.016997 and parameters: {'max_delta_step': 45.31713176566596, 'colsample_bytree': 0.5491604345388087, 'colsample_bynode': 0.665234668631198, 'subsample': 0.5102608954417334, 'min_child_weight': 20.213015878352312, 'min_data_in_leaf': 27.657727938344387, 'lambda': 5.698223723617613, 'alpha': 1.2364535892105137, 'max_depth': 1, 'eta': 0.10018441218557972, 'gamma': 7.597153936809235, 'num_boost_rounds': 35}. Best is trial 54 with value: 0.017041.
2025-01-02 13:08:23 INFO     n_estimators: 10
2025-01-02 13:08:23 INFO     Trial 66 finished with value: 0.008416 and parameters: {'max_delta_step': 46.24644651691233, 'colsample_bytree': 0.5518571819935026, 'colsample_bynode': 0.7411377368402797, 'subsample': 0.5104285955681942, 'min_child_weight': 34.01676673084745, 'min_data_in_leaf': 29.998514920741453, 'lambda': 5.955580554842304, 'alpha': 1.2342534107436873, 'max_depth': 1, 'eta': 0.12010327181616683, 'gamma': 7.794855593197508, 'num_boost_rounds': 35}. Best is trial 54 with value: 0.017041.
2025-01-02 13:08:23 INFO     n_estimators: 10
2025-01-02 13:08:23 INFO     Trial 67 finished with value: 0.008416 and parameters: {'max_delta_step': 34.19066522491344, 'colsample_bytree': 0.6269326105428069, 'colsample_bynode': 0.6581316967452157, 'subsample': 0.7440040755100249, 'min_child_weight': 20.643338629751312, 'min_data_in_leaf': 27.655716455453796, 'lambda': 7.41130607507628, 'alpha': 0.6553193142325572, 'max_depth': 1, 'eta': 0.10435455753908848, 'gamma': 7.355931677810611, 'num_boost_rounds': 40}. Best is trial 54 with value: 0.017041.
2025-01-02 13:08:24 INFO     n_estimators: 10
2025-01-02 13:08:24 INFO     Trial 68 finished with value: 0.008416 and parameters: {'max_delta_step': 41.48548497458528, 'colsample_bytree': 0.5383682373620998, 'colsample_bynode': 0.7821120822879128, 'subsample': 0.5507225439177198, 'min_child_weight': 26.73055979188921, 'min_data_in_leaf': 29.142938269925036, 'lambda': 5.707796204408406, 'alpha': 2.1338444274592683, 'max_depth': 1, 'eta': 0.19116774806490183, 'gamma': 8.252985695357618, 'num_boost_rounds': 50}. Best is trial 54 with value: 0.017041.
2025-01-02 13:08:25 INFO     n_estimators: 10
2025-01-02 13:08:25 INFO     Trial 69 finished with value: 0.016995 and parameters: {'max_delta_step': 50.57690500193875, 'colsample_bytree': 0.5171846153196015, 'colsample_bynode': 0.6619580070190001, 'subsample': 0.5872091450023844, 'min_child_weight': 19.16381351854759, 'min_data_in_leaf': 27.133364236053257, 'lambda': 4.645720800683628, 'alpha': 2.6823353031020307, 'max_depth': 1, 'eta': 0.08805815715478943, 'gamma': 6.938038072597452, 'num_boost_rounds': 30}. Best is trial 54 with value: 0.017041.
2025-01-02 13:08:25 INFO     n_estimators: 10
2025-01-02 13:08:25 INFO     Trial 70 finished with value: 0.012572 and parameters: {'max_delta_step': 57.768708875196204, 'colsample_bytree': 0.6050414199899818, 'colsample_bynode': 0.6851530191257484, 'subsample': 0.511668367213838, 'min_child_weight': 29.645986108594954, 'min_data_in_leaf': 25.966770895450495, 'lambda': 5.245878130023919, 'alpha': 1.8951816927893779, 'max_depth': 2, 'eta': 0.14759899096006338, 'gamma': 8.64865475688961, 'num_boost_rounds': 60}. Best is trial 54 with value: 0.017041.
2025-01-02 13:08:26 INFO     n_estimators: 10
2025-01-02 13:08:26 INFO     Trial 71 finished with value: 0.016997 and parameters: {'max_delta_step': 44.221933923281256, 'colsample_bytree': 0.5571432616675853, 'colsample_bynode': 0.4632235910889197, 'subsample': 0.8199055909138071, 'min_child_weight': 15.812649355577737, 'min_data_in_leaf': 27.98813669365628, 'lambda': 4.221455986182667, 'alpha': 2.4402559931410077, 'max_depth': 1, 'eta': 0.10143075334373525, 'gamma': 7.544871827871262, 'num_boost_rounds': 100}. Best is trial 54 with value: 0.017041.
2025-01-02 13:08:26 INFO     n_estimators: 10
2025-01-02 13:08:26 INFO     Trial 72 finished with value: 0.016997 and parameters: {'max_delta_step': 43.52696178995647, 'colsample_bytree': 0.5607120139523978, 'colsample_bynode': 0.4670732170339208, 'subsample': 0.8189341637792946, 'min_child_weight': 24.455739943310068, 'min_data_in_leaf': 28.195256150842056, 'lambda': 4.227996858206556, 'alpha': 1.579181949939814, 'max_depth': 1, 'eta': 0.09889589017897787, 'gamma': 7.580435866092664, 'num_boost_rounds': 110}. Best is trial 54 with value: 0.017041.
2025-01-02 13:08:27 INFO     n_estimators: 10
2025-01-02 13:08:27 INFO     Trial 73 finished with value: 0.016997 and parameters: {'max_delta_step': 48.7406793587778, 'colsample_bytree': 0.5649024069412534, 'colsample_bynode': 0.4569159464069822, 'subsample': 0.8191186123590996, 'min_child_weight': 16.596518080062083, 'min_data_in_leaf': 27.98855366698031, 'lambda': 4.907460513314819, 'alpha': 1.519665486217222, 'max_depth': 1, 'eta': 0.09746837797156233, 'gamma': 7.590384353190734, 'num_boost_rounds': 185}. Best is trial 54 with value: 0.017041.
2025-01-02 13:08:28 INFO     n_estimators: 10
2025-01-02 13:08:28 INFO     Trial 74 finished with value: 0.016995 and parameters: {'max_delta_step': 47.83633434958747, 'colsample_bytree': 0.5730230632262057, 'colsample_bynode': 0.46595282940150046, 'subsample': 0.7997977481302085, 'min_child_weight': 24.855725723835683, 'min_data_in_leaf': 27.947170207760657, 'lambda': 4.976817171857849, 'alpha': 1.53486034977958, 'max_depth': 1, 'eta': 0.10052096318714078, 'gamma': 7.691312532828953, 'num_boost_rounds': 180}. Best is trial 54 with value: 0.017041.
2025-01-02 13:08:28 INFO     n_estimators: 10
2025-01-02 13:08:28 INFO     Trial 75 finished with value: 0.017041 and parameters: {'max_delta_step': 43.36767213748778, 'colsample_bytree': 0.5573758845928246, 'colsample_bynode': 0.45397234176006374, 'subsample': 0.8244129269047591, 'min_child_weight': 17.203040186468545, 'min_data_in_leaf': 28.72300784867085, 'lambda': 3.5287996732550475, 'alpha': 0.7748391224949913, 'max_depth': 1, 'eta': 0.11068559002482269, 'gamma': 8.14992386097521, 'num_boost_rounds': 190}. Best is trial 54 with value: 0.017041.
2025-01-02 13:08:29 INFO     Trial 76 pruned. Trial was pruned at iteration 0.
2025-01-02 13:08:29 INFO     n_estimators: 10
2025-01-02 13:08:29 INFO     Trial 77 finished with value: 0.008416 and parameters: {'max_delta_step': 43.46302664846281, 'colsample_bytree': 0.5965316750479865, 'colsample_bynode': 0.5169958638981702, 'subsample': 0.7739568545431431, 'min_child_weight': 40.70701515496681, 'min_data_in_leaf': 29.398371427148206, 'lambda': 4.175260441997815, 'alpha': 0.9606559165660546, 'max_depth': 1, 'eta': 0.11821194276411186, 'gamma': 9.110020561526888, 'num_boost_rounds': 170}. Best is trial 54 with value: 0.017041.
2025-01-02 13:08:30 INFO     n_estimators: 10
2025-01-02 13:08:30 INFO     Trial 78 finished with value: 0.016995 and parameters: {'max_delta_step': 39.22853854270574, 'colsample_bytree': 0.5805539715257473, 'colsample_bynode': 0.3637395755388422, 'subsample': 0.8029038741755768, 'min_child_weight': 78.4357154676542, 'min_data_in_leaf': 26.419749458007523, 'lambda': 4.384938911528843, 'alpha': 0.5273692889276905, 'max_depth': 1, 'eta': 0.1321174365525287, 'gamma': 7.231839686556256, 'num_boost_rounds': 170}. Best is trial 54 with value: 0.017041.
2025-01-02 13:08:31 INFO     n_estimators: 10
2025-01-02 13:08:31 INFO     Trial 79 finished with value: 0.017041 and parameters: {'max_delta_step': 34.37751698974168, 'colsample_bytree': 0.533497538640638, 'colsample_bynode': 0.48328906059984794, 'subsample': 0.8472995717463888, 'min_child_weight': 32.79023174573811, 'min_data_in_leaf': 28.647227064739713, 'lambda': 3.1025877171897003, 'alpha': 0.30884096661709526, 'max_depth': 1, 'eta': 0.11299602008655642, 'gamma': 8.871117196332506, 'num_boost_rounds': 195}. Best is trial 54 with value: 0.017041.
2025-01-02 13:08:31 INFO     n_estimators: 10
2025-01-02 13:08:31 INFO     Trial 80 finished with value: 0.017041 and parameters: {'max_delta_step': 33.60117666931378, 'colsample_bytree': 0.5332137361245802, 'colsample_bynode': 0.4866346000898439, 'subsample': 0.9035631314504242, 'min_child_weight': 22.054641789483554, 'min_data_in_leaf': 15.703307802200314, 'lambda': 2.958393448237545, 'alpha': 0.08867099471297668, 'max_depth': 1, 'eta': 0.11380339262868058, 'gamma': 8.854346219285599, 'num_boost_rounds': 190}. Best is trial 54 with value: 0.017041.
2025-01-02 13:08:32 INFO     n_estimators: 10
2025-01-02 13:08:32 INFO     Trial 81 finished with value: 0.017041 and parameters: {'max_delta_step': 31.811740363528685, 'colsample_bytree': 0.5335947235498933, 'colsample_bynode': 0.5407292254146369, 'subsample': 0.9098447796272433, 'min_child_weight': 33.60679598826466, 'min_data_in_leaf': 16.319385019308758, 'lambda': 3.169098006678664, 'alpha': 0.02885933782416783, 'max_depth': 1, 'eta': 0.11494037145853599, 'gamma': 9.03107797392214, 'num_boost_rounds': 190}. Best is trial 54 with value: 0.017041.
2025-01-02 13:08:32 INFO     n_estimators: 10
2025-01-02 13:08:33 INFO     Trial 82 finished with value: 0.017037 and parameters: {'max_delta_step': 22.637472148361738, 'colsample_bytree': 0.5321621733678793, 'colsample_bynode': 0.599373138698059, 'subsample': 0.8910779898889342, 'min_child_weight': 34.34672791130831, 'min_data_in_leaf': 16.261873190021532, 'lambda': 2.2338017463823, 'alpha': 0.09454254102847193, 'max_depth': 1, 'eta': 0.11360458346241868, 'gamma': 8.984920982022068, 'num_boost_rounds': 190}. Best is trial 54 with value: 0.017041.
2025-01-02 13:08:33 INFO     n_estimators: 10
2025-01-02 13:08:33 INFO     Trial 83 finished with value: 0.017037 and parameters: {'max_delta_step': 25.289215095798127, 'colsample_bytree': 0.5339135336481516, 'colsample_bynode': 0.5989169045846559, 'subsample': 0.8917883206336361, 'min_child_weight': 32.783364394327336, 'min_data_in_leaf': 15.38251751573428, 'lambda': 2.086937803962098, 'alpha': 0.04710564797359218, 'max_depth': 1, 'eta': 0.11199682955165725, 'gamma': 8.936995375583214, 'num_boost_rounds': 190}. Best is trial 54 with value: 0.017041.
2025-01-02 13:08:34 INFO     Trial 84 pruned. Trial was pruned at iteration 0.
2025-01-02 13:08:34 INFO     n_estimators: 10
2025-01-02 13:08:34 INFO     Trial 85 finished with value: 0.01706 and parameters: {'max_delta_step': 15.06875531601142, 'colsample_bytree': 0.5311751685888239, 'colsample_bynode': 0.6015879113666495, 'subsample': 0.9085111012562118, 'min_child_weight': 40.237580384199916, 'min_data_in_leaf': 16.293600742194776, 'lambda': 2.168679920210355, 'alpha': 0.023499923260310418, 'max_depth': 1, 'eta': 0.12490399554432287, 'gamma': 8.982629779529052, 'num_boost_rounds': 200}. Best is trial 85 with value: 0.01706.
2025-01-02 13:08:35 INFO     Trial 86 pruned. Trial was pruned at iteration 0.
2025-01-02 13:08:35 INFO     n_estimators: 10
2025-01-02 13:08:35 INFO     Trial 87 finished with value: 0.017041 and parameters: {'max_delta_step': 17.301789389843677, 'colsample_bytree': 0.5304447120614266, 'colsample_bynode': 0.6137145708904324, 'subsample': 0.8921232945238688, 'min_child_weight': 39.9936607848417, 'min_data_in_leaf': 15.140452062728057, 'lambda': 1.6600451475451696, 'alpha': 0.3751652726595481, 'max_depth': 1, 'eta': 0.12357417973711292, 'gamma': 9.224931062903664, 'num_boost_rounds': 190}. Best is trial 85 with value: 0.01706.
2025-01-02 13:08:36 INFO     n_estimators: 10
2025-01-02 13:08:36 INFO     Trial 88 finished with value: 0.017037 and parameters: {'max_delta_step': 16.94940911383971, 'colsample_bytree': 0.5284995837805561, 'colsample_bynode': 0.6110900631805845, 'subsample': 0.9730469959911133, 'min_child_weight': 40.85549041042673, 'min_data_in_leaf': 14.734711676664485, 'lambda': 1.2567640637541238, 'alpha': 0.35084822545029937, 'max_depth': 1, 'eta': 0.1140990755142223, 'gamma': 9.303424880024659, 'num_boost_rounds': 190}. Best is trial 85 with value: 0.01706.
2025-01-02 13:08:37 INFO     n_estimators: 10
2025-01-02 13:08:37 INFO     Trial 89 finished with value: 0.01706 and parameters: {'max_delta_step': 11.879951729077895, 'colsample_bytree': 0.5118614442696457, 'colsample_bynode': 0.5561889304164042, 'subsample': 0.8902505203456172, 'min_child_weight': 38.113011904549786, 'min_data_in_leaf': 17.94268504601426, 'lambda': 2.9742100167883803, 'alpha': 0.3305848739876156, 'max_depth': 1, 'eta': 0.12789167713328878, 'gamma': 9.887895371700218, 'num_boost_rounds': 175}. Best is trial 85 with value: 0.01706.
2025-01-02 13:08:38 INFO     Trial 90 pruned. Trial was pruned at iteration 0.
2025-01-02 13:08:39 INFO     n_estimators: 10
2025-01-02 13:08:39 INFO     Trial 91 finished with value: 0.01706 and parameters: {'max_delta_step': 13.156546399865901, 'colsample_bytree': 0.5236376148229935, 'colsample_bynode': 0.563034899462309, 'subsample': 0.8908346907168976, 'min_child_weight': 36.237070135546716, 'min_data_in_leaf': 14.009155877166922, 'lambda': 2.090886462909376, 'alpha': 0.7913488777839959, 'max_depth': 1, 'eta': 0.12775269391155789, 'gamma': 8.847588702533926, 'num_boost_rounds': 195}. Best is trial 85 with value: 0.01706.
2025-01-02 13:08:40 INFO     n_estimators: 10
2025-01-02 13:08:40 INFO     Trial 92 finished with value: 0.01706 and parameters: {'max_delta_step': 12.335958628178405, 'colsample_bytree': 0.5182859566281222, 'colsample_bynode': 0.5597579705528213, 'subsample': 0.8874997383064958, 'min_child_weight': 47.962605794981755, 'min_data_in_leaf': 13.783554569833985, 'lambda': 1.6681982923495218, 'alpha': 0.8284232293379644, 'max_depth': 1, 'eta': 0.12715361884564594, 'gamma': 8.75757014058526, 'num_boost_rounds': 195}. Best is trial 85 with value: 0.01706.
2025-01-02 13:08:40 INFO     n_estimators: 10
2025-01-02 13:08:40 INFO     Trial 93 finished with value: 0.01706 and parameters: {'max_delta_step': 11.978823900657144, 'colsample_bytree': 0.5135920389876857, 'colsample_bynode': 0.5547752805296172, 'subsample': 0.8658388579290275, 'min_child_weight': 51.11436751048216, 'min_data_in_leaf': 13.393088578446491, 'lambda': 3.1436874214203607, 'alpha': 0.7657837540637464, 'max_depth': 1, 'eta': 0.12708696006115877, 'gamma': 9.62071641946714, 'num_boost_rounds': 195}. Best is trial 85 with value: 0.01706.
2025-01-02 13:08:41 INFO     n_estimators: 10
2025-01-02 13:08:41 INFO     Trial 94 finished with value: 0.01706 and parameters: {'max_delta_step': 13.244965062632216, 'colsample_bytree': 0.5108748269308243, 'colsample_bynode': 0.557106988006484, 'subsample': 0.8653734943994679, 'min_child_weight': 50.37478111974556, 'min_data_in_leaf': 13.123290043012641, 'lambda': 3.1633607419818572, 'alpha': 0.9126815840159841, 'max_depth': 1, 'eta': 0.12961005487508845, 'gamma': 9.594498195855738, 'num_boost_rounds': 200}. Best is trial 85 with value: 0.01706.
2025-01-02 13:08:41 INFO     n_estimators: 10
2025-01-02 13:08:42 INFO     Trial 95 finished with value: 0.01706 and parameters: {'max_delta_step': 13.045013273705283, 'colsample_bytree': 0.5095910603544828, 'colsample_bynode': 0.5649423715460168, 'subsample': 0.8443825155429966, 'min_child_weight': 49.73220136698259, 'min_data_in_leaf': 13.145349595607696, 'lambda': 2.599726641535575, 'alpha': 0.8316102274936112, 'max_depth': 1, 'eta': 0.1288530149170285, 'gamma': 9.665437359897131, 'num_boost_rounds': 200}. Best is trial 85 with value: 0.01706.
2025-01-02 13:08:42 INFO     n_estimators: 10
2025-01-02 13:08:42 INFO     Trial 96 finished with value: 0.01706 and parameters: {'max_delta_step': 12.963556142286322, 'colsample_bytree': 0.5080699348893716, 'colsample_bynode': 0.5579111878270218, 'subsample': 0.8656542325030561, 'min_child_weight': 53.88748986949108, 'min_data_in_leaf': 12.966949304244341, 'lambda': 2.6557657244481994, 'alpha': 0.8628270582623387, 'max_depth': 1, 'eta': 0.127874170101774, 'gamma': 9.656385512770235, 'num_boost_rounds': 200}. Best is trial 85 with value: 0.01706.
2025-01-02 13:08:43 INFO     n_estimators: 10
2025-01-02 13:08:43 INFO     Trial 97 finished with value: 0.01706 and parameters: {'max_delta_step': 12.703153297268903, 'colsample_bytree': 0.5124660687605493, 'colsample_bynode': 0.6352013827530715, 'subsample': 0.8690014922912527, 'min_child_weight': 54.28102523429465, 'min_data_in_leaf': 12.733108927901148, 'lambda': 2.5997127384081478, 'alpha': 0.8496680451751728, 'max_depth': 1, 'eta': 0.13514704680040066, 'gamma': 9.700712959258613, 'num_boost_rounds': 200}. Best is trial 85 with value: 0.01706.
2025-01-02 13:08:43 INFO     n_estimators: 10
2025-01-02 13:08:43 INFO     Trial 98 finished with value: 0.01706 and parameters: {'max_delta_step': 13.033603572965713, 'colsample_bytree': 0.5117180844055982, 'colsample_bynode': 0.6423298175777417, 'subsample': 0.864904818035918, 'min_child_weight': 54.190730448218844, 'min_data_in_leaf': 12.633245752779953, 'lambda': 2.5221354041429174, 'alpha': 1.0221681754773777, 'max_depth': 1, 'eta': 0.13518002129221476, 'gamma': 9.637028223004515, 'num_boost_rounds': 200}. Best is trial 85 with value: 0.01706.
2025-01-02 13:08:44 INFO     n_estimators: 10
2025-01-02 13:08:44 INFO     Trial 99 finished with value: 0.01706 and parameters: {'max_delta_step': 12.974361122826828, 'colsample_bytree': 0.5067776376319626, 'colsample_bynode': 0.6427237158420898, 'subsample': 0.8607181294526213, 'min_child_weight': 54.388686763782246, 'min_data_in_leaf': 12.597887174111772, 'lambda': 2.4540191321682454, 'alpha': 0.961811635676396, 'max_depth': 1, 'eta': 0.1572912075117842, 'gamma': 9.707489490083212, 'num_boost_rounds': 200}. Best is trial 85 with value: 0.01706.
2025-01-02 13:08:45 INFO     n_estimators: 10
2025-01-02 13:08:45 INFO     Trial 100 finished with value: 0.01706 and parameters: {'max_delta_step': 7.879494728029648, 'colsample_bytree': 0.5067842692709923, 'colsample_bynode': 0.5632404377512447, 'subsample': 0.868844347867023, 'min_child_weight': 47.46839508467498, 'min_data_in_leaf': 13.629962603767323, 'lambda': 1.7971574582250933, 'alpha': 1.0881124290342448, 'max_depth': 1, 'eta': 0.1431414198006162, 'gamma': 9.575333678535108, 'num_boost_rounds': 200}. Best is trial 85 with value: 0.01706.
2025-01-02 13:08:45 INFO     n_estimators: 10
2025-01-02 13:08:45 INFO     Trial 101 finished with value: 0.01706 and parameters: {'max_delta_step': 13.249045978242577, 'colsample_bytree': 0.5026727440459545, 'colsample_bynode': 0.6319395388975907, 'subsample': 0.8625923119776823, 'min_child_weight': 57.33904184325588, 'min_data_in_leaf': 12.142255274418325, 'lambda': 2.5729712487992273, 'alpha': 0.8588520025216191, 'max_depth': 1, 'eta': 0.1355579112466041, 'gamma': 9.723942762985438, 'num_boost_rounds': 200}. Best is trial 85 with value: 0.01706.
2025-01-02 13:08:46 INFO     n_estimators: 10
2025-01-02 13:08:46 INFO     Trial 102 finished with value: 0.01706 and parameters: {'max_delta_step': 7.864670837382526, 'colsample_bytree': 0.521403474131536, 'colsample_bynode': 0.6365813032690172, 'subsample': 0.86479442360402, 'min_child_weight': 52.632486873935164, 'min_data_in_leaf': 12.902531067032369, 'lambda': 1.324609350667503, 'alpha': 0.6605344147734138, 'max_depth': 1, 'eta': 0.1550493503614675, 'gamma': 9.988621161835857, 'num_boost_rounds': 195}. Best is trial 85 with value: 0.01706.
2025-01-02 13:08:47 INFO     n_estimators: 10
