2025-01-02 13:50:03 INFO     Trial 416 finished with value: 0.017137 and parameters: {'max_delta_step': 49.446165720570164, 'colsample_bytree': 0.5166863892328319, 'subsample': 0.7079544825480857, 'min_child_weight': 92.09146633906258, 'min_data_in_leaf': 18.79868138631522, 'lambda': 9.293942976438379, 'alpha': 1.0311091741696383, 'max_depth': 1, 'eta': 0.1965252193502447, 'gamma': 6.270483687090624, 'num_boost_rounds': 195}. Best is trial 352 with value: 0.017241.
2025-01-02 13:50:03 INFO     Trial 417 pruned. Trial was pruned at iteration 5.
2025-01-02 13:50:04 INFO     Trial 418 pruned. Trial was pruned at iteration 0.
2025-01-02 13:50:04 INFO     Trial 419 finished with value: 0.017143 and parameters: {'max_delta_step': 80.69186095156712, 'colsample_bytree': 0.55124489241331, 'subsample': 0.7181697669633232, 'min_child_weight': 78.63426949791716, 'min_data_in_leaf': 18.083453677647913, 'lambda': 8.7111905258703, 'alpha': 1.2835856810633015, 'max_depth': 1, 'eta': 0.19983580339616022, 'gamma': 5.838327964122131, 'num_boost_rounds': 180}. Best is trial 352 with value: 0.017241.
2025-01-02 13:50:05 INFO     Trial 420 finished with value: 0.017137 and parameters: {'max_delta_step': 60.09690792469989, 'colsample_bytree': 0.5098479271936038, 'subsample': 0.6952568089660816, 'min_child_weight': 99.9828687025768, 'min_data_in_leaf': 18.50490309835648, 'lambda': 9.511709373895108, 'alpha': 0.9015337230838245, 'max_depth': 1, 'eta': 0.19367517927285988, 'gamma': 2.3163775254565264, 'num_boost_rounds': 190}. Best is trial 352 with value: 0.017241.
2025-01-02 13:50:05 INFO     Trial 421 pruned. Trial was pruned at iteration 0.
2025-01-02 13:50:06 INFO     Trial 422 finished with value: 0.017143 and parameters: {'max_delta_step': 56.10109131004501, 'colsample_bytree': 0.5345770180781556, 'subsample': 0.7116871356377898, 'min_child_weight': 99.98396398416877, 'min_data_in_leaf': 17.36780166502575, 'lambda': 6.672385452010509, 'alpha': 0.8006077592802086, 'max_depth': 1, 'eta': 0.1930956837984762, 'gamma': 1.636395569471423, 'num_boost_rounds': 185}. Best is trial 352 with value: 0.017241.
2025-01-02 13:50:06 INFO     Trial 423 pruned. Trial was pruned at iteration 0.
2025-01-02 13:50:07 INFO     Trial 424 pruned. Trial was pruned at iteration 0.
2025-01-02 13:50:07 INFO     Trial 425 pruned. Trial was pruned at iteration 0.
2025-01-02 13:50:08 INFO     Trial 426 pruned. Trial was pruned at iteration 5.
2025-01-02 13:50:08 INFO     Trial 427 pruned. Trial was pruned at iteration 5.
2025-01-02 13:50:09 INFO     Trial 428 finished with value: 0.017139 and parameters: {'max_delta_step': 63.636183306905814, 'colsample_bytree': 0.5424348440036934, 'subsample': 0.6858594979792277, 'min_child_weight': 94.02926509531795, 'min_data_in_leaf': 18.94563959127738, 'lambda': 9.573829378356615, 'alpha': 1.2306724528267832, 'max_depth': 1, 'eta': 0.19625581254378693, 'gamma': 2.1165663811531523, 'num_boost_rounds': 195}. Best is trial 352 with value: 0.017241.
2025-01-02 13:50:09 INFO     Trial 429 pruned. Trial was pruned at iteration 0.
2025-01-02 13:50:10 INFO     Trial 430 pruned. Trial was pruned at iteration 0.
2025-01-02 13:50:10 INFO     Trial 431 pruned. Trial was pruned at iteration 0.
2025-01-02 13:50:11 INFO     Trial 432 finished with value: 0.017137 and parameters: {'max_delta_step': 77.46946275401405, 'colsample_bytree': 0.5327409536904556, 'subsample': 0.6992091902877067, 'min_child_weight': 71.24443543792141, 'min_data_in_leaf': 18.14357420032044, 'lambda': 9.994486261824626, 'alpha': 0.36101273622882746, 'max_depth': 1, 'eta': 0.19290299755507193, 'gamma': 1.766888932347776, 'num_boost_rounds': 160}. Best is trial 352 with value: 0.017241.
2025-01-02 13:50:11 INFO     Trial 433 pruned. Trial was pruned at iteration 0.
2025-01-02 13:50:12 INFO     Trial 434 pruned. Trial was pruned at iteration 9.
2025-01-02 13:50:12 INFO     Trial 435 pruned. Trial was pruned at iteration 0.
2025-01-02 13:50:13 INFO     Trial 436 finished with value: 0.017137 and parameters: {'max_delta_step': 70.34891462335816, 'colsample_bytree': 0.5466675993009817, 'subsample': 0.7066721396524784, 'min_child_weight': 98.07250165335326, 'min_data_in_leaf': 17.19071600469623, 'lambda': 9.726139264083749, 'alpha': 0.9205166455032634, 'max_depth': 1, 'eta': 0.18963007413204555, 'gamma': 1.3904589809754289, 'num_boost_rounds': 180}. Best is trial 352 with value: 0.017241.
2025-01-02 13:50:13 INFO     Trial 437 pruned. Trial was pruned at iteration 5.
2025-01-02 13:50:14 INFO     Trial 438 pruned. Trial was pruned at iteration 9.
2025-01-02 13:50:14 INFO     Trial 439 pruned. Trial was pruned at iteration 0.
2025-01-02 13:50:15 INFO     Trial 440 pruned. Trial was pruned at iteration 0.
2025-01-02 13:50:15 INFO     Trial 441 finished with value: 0.017137 and parameters: {'max_delta_step': 59.0770516737639, 'colsample_bytree': 0.5086159383628451, 'subsample': 0.7000570967395402, 'min_child_weight': 90.11319022000521, 'min_data_in_leaf': 13.666114880576325, 'lambda': 9.591884475947763, 'alpha': 7.649842094397034, 'max_depth': 1, 'eta': 0.19724779390111402, 'gamma': 5.9057977470885525, 'num_boost_rounds': 185}. Best is trial 352 with value: 0.017241.
2025-01-02 13:50:16 INFO     Trial 442 pruned. Trial was pruned at iteration 9.
2025-01-02 13:50:16 INFO     Trial 443 pruned. Trial was pruned at iteration 0.
2025-01-02 13:50:17 INFO     Trial 444 pruned. Trial was pruned at iteration 0.
2025-01-02 13:50:17 INFO     Trial 445 finished with value: 0.017143 and parameters: {'max_delta_step': 52.78491517282099, 'colsample_bytree': 0.5176150213223022, 'subsample': 0.7100524430225964, 'min_child_weight': 76.85427445341509, 'min_data_in_leaf': 19.364141348327514, 'lambda': 9.026369525172376, 'alpha': 0.9965467949805841, 'max_depth': 1, 'eta': 0.1999255493269545, 'gamma': 4.668511270942025, 'num_boost_rounds': 170}. Best is trial 352 with value: 0.017241.
2025-01-02 13:50:18 INFO     Trial 446 finished with value: 0.017143 and parameters: {'max_delta_step': 56.64098275980116, 'colsample_bytree': 0.5580011420169175, 'subsample': 0.7201244084275271, 'min_child_weight': 75.16180232957792, 'min_data_in_leaf': 17.59157368974903, 'lambda': 9.978171565856385, 'alpha': 0.1862070503562021, 'max_depth': 1, 'eta': 0.19032306999385618, 'gamma': 3.757459377885276, 'num_boost_rounds': 180}. Best is trial 352 with value: 0.017241.
2025-01-02 13:50:18 INFO     Trial 447 pruned. Trial was pruned at iteration 0.
2025-01-02 13:50:19 INFO     Trial 448 pruned. Trial was pruned at iteration 5.
2025-01-02 13:50:20 INFO     Trial 449 pruned. Trial was pruned at iteration 9.
2025-01-02 13:50:20 INFO     Trial 450 finished with value: 0.017143 and parameters: {'max_delta_step': 76.10300645232606, 'colsample_bytree': 0.5165870720608478, 'subsample': 0.7239320868662148, 'min_child_weight': 68.18432323360393, 'min_data_in_leaf': 18.369910691495814, 'lambda': 8.251143276585893, 'alpha': 0.5553844613935341, 'max_depth': 1, 'eta': 0.19615096447031835, 'gamma': 6.643380653555477, 'num_boost_rounds': 185}. Best is trial 352 with value: 0.017241.
2025-01-02 13:50:21 INFO     Trial 451 pruned. Trial was pruned at iteration 0.
2025-01-02 13:50:21 INFO     Trial 452 pruned. Trial was pruned at iteration 0.
2025-01-02 13:50:22 INFO     Trial 453 pruned. Trial was pruned at iteration 9.
2025-01-02 13:50:22 INFO     Trial 454 pruned. Trial was pruned at iteration 0.
2025-01-02 13:50:22 INFO     Trial 455 pruned. Trial was pruned at iteration 0.
2025-01-02 13:50:23 INFO     Trial 456 pruned. Trial was pruned at iteration 0.
2025-01-02 13:50:24 INFO     Trial 457 finished with value: 0.017143 and parameters: {'max_delta_step': 57.61910976981344, 'colsample_bytree': 0.5242939530997299, 'subsample': 0.7254025058025422, 'min_child_weight': 95.59375203229118, 'min_data_in_leaf': 18.027715565132542, 'lambda': 2.400726150525217, 'alpha': 1.361852472729035, 'max_depth': 1, 'eta': 0.19999340674898078, 'gamma': 3.532580889601297, 'num_boost_rounds': 190}. Best is trial 352 with value: 0.017241.
2025-01-02 13:50:24 INFO     Trial 458 pruned. Trial was pruned at iteration 0.
2025-01-02 13:50:24 INFO     Trial 459 pruned. Trial was pruned at iteration 5.
2025-01-02 13:50:25 INFO     Trial 460 pruned. Trial was pruned at iteration 0.
2025-01-02 13:50:25 INFO     Trial 461 pruned. Trial was pruned at iteration 0.
2025-01-02 13:50:26 INFO     Trial 462 pruned. Trial was pruned at iteration 0.
2025-01-02 13:50:26 INFO     Trial 463 pruned. Trial was pruned at iteration 0.
2025-01-02 13:50:27 INFO     Trial 464 finished with value: 0.017137 and parameters: {'max_delta_step': 85.10188506773355, 'colsample_bytree': 0.5371622897260054, 'subsample': 0.7059162461687228, 'min_child_weight': 73.66158024403417, 'min_data_in_leaf': 17.773662784585177, 'lambda': 8.786711574828058, 'alpha': 0.9289466218682771, 'max_depth': 1, 'eta': 0.19227115023453198, 'gamma': 6.010706852481902, 'num_boost_rounds': 180}. Best is trial 352 with value: 0.017241.
2025-01-02 13:50:27 INFO     Trial 465 pruned. Trial was pruned at iteration 0.
2025-01-02 13:50:28 INFO     Trial 466 pruned. Trial was pruned at iteration 9.
2025-01-02 13:50:28 INFO     Trial 467 finished with value: 0.017143 and parameters: {'max_delta_step': 92.94652699887764, 'colsample_bytree': 0.5075751107177927, 'subsample': 0.7108927802612737, 'min_child_weight': 96.11800211274078, 'min_data_in_leaf': 18.50735923466352, 'lambda': 9.784975651085297, 'alpha': 4.3338241338122865, 'max_depth': 1, 'eta': 0.1909021710958662, 'gamma': 5.693788063277861, 'num_boost_rounds': 170}. Best is trial 352 with value: 0.017241.
2025-01-02 13:50:29 INFO     Trial 468 pruned. Trial was pruned at iteration 5.
2025-01-02 13:50:29 INFO     Trial 469 pruned. Trial was pruned at iteration 5.
2025-01-02 13:50:30 INFO     Trial 470 pruned. Trial was pruned at iteration 5.
2025-01-02 13:50:30 INFO     Trial 471 pruned. Trial was pruned at iteration 0.
2025-01-02 13:50:31 INFO     Trial 472 pruned. Trial was pruned at iteration 5.
2025-01-02 13:50:31 INFO     Trial 473 finished with value: 0.017143 and parameters: {'max_delta_step': 72.67548350052473, 'colsample_bytree': 0.5183077329633285, 'subsample': 0.728331748232357, 'min_child_weight': 76.77722728708362, 'min_data_in_leaf': 15.201260746927687, 'lambda': 9.649256980317043, 'alpha': 0.8304184495677158, 'max_depth': 1, 'eta': 0.19430135907661053, 'gamma': 0.41963537437080944, 'num_boost_rounds': 185}. Best is trial 352 with value: 0.017241.
2025-01-02 13:50:32 INFO     Trial 474 pruned. Trial was pruned at iteration 5.
2025-01-02 13:50:33 INFO     Trial 475 finished with value: 0.017137 and parameters: {'max_delta_step': 78.87677312484297, 'colsample_bytree': 0.541049752401563, 'subsample': 0.6952430025567362, 'min_child_weight': 94.67567465619922, 'min_data_in_leaf': 18.703469792122654, 'lambda': 1.1512131302581907, 'alpha': 1.5887521447776212, 'max_depth': 1, 'eta': 0.19648155898727415, 'gamma': 8.023479084245826, 'num_boost_rounds': 185}. Best is trial 352 with value: 0.017241.
2025-01-02 13:50:33 INFO     Trial 476 pruned. Trial was pruned at iteration 0.
2025-01-02 13:50:34 INFO     Trial 477 finished with value: 0.017143 and parameters: {'max_delta_step': 50.23797631029647, 'colsample_bytree': 0.5616934203468543, 'subsample': 0.7206502991112534, 'min_child_weight': 79.87164496282752, 'min_data_in_leaf': 19.625120781340193, 'lambda': 9.436928297508402, 'alpha': 3.3365453811671615, 'max_depth': 1, 'eta': 0.19138985626139665, 'gamma': 1.1102677668360577, 'num_boost_rounds': 200}. Best is trial 352 with value: 0.017241.
2025-01-02 13:50:34 INFO     Trial 478 pruned. Trial was pruned at iteration 0.
2025-01-02 13:50:35 INFO     Trial 479 pruned. Trial was pruned at iteration 5.
2025-01-02 13:50:35 INFO     Trial 480 pruned. Trial was pruned at iteration 0.
2025-01-02 13:50:35 INFO     Trial 481 pruned. Trial was pruned at iteration 0.
2025-01-02 13:50:36 INFO     Trial 482 finished with value: 0.017137 and parameters: {'max_delta_step': 76.02016499344197, 'colsample_bytree': 0.5001236333815096, 'subsample': 0.7038776498739052, 'min_child_weight': 96.46934538019434, 'min_data_in_leaf': 18.29181832603864, 'lambda': 9.191077088527024, 'alpha': 2.382053059203543, 'max_depth': 1, 'eta': 0.19217027868220954, 'gamma': 7.082393495900307, 'num_boost_rounds': 100}. Best is trial 352 with value: 0.017241.
2025-01-02 13:50:37 INFO     Trial 483 finished with value: 0.017143 and parameters: {'max_delta_step': 80.46953653266637, 'colsample_bytree': 0.5151763595417557, 'subsample': 0.8600095807753019, 'min_child_weight': 78.13483826765983, 'min_data_in_leaf': 17.31860733386071, 'lambda': 9.810390576013546, 'alpha': 1.1133220429956712, 'max_depth': 1, 'eta': 0.18843431913027614, 'gamma': 1.6020223903626654, 'num_boost_rounds': 195}. Best is trial 352 with value: 0.017241.
2025-01-02 13:50:37 INFO     Trial 484 finished with value: 0.017143 and parameters: {'max_delta_step': 82.02713715594612, 'colsample_bytree': 0.5322442364457578, 'subsample': 0.7207295109435568, 'min_child_weight': 81.80321535879439, 'min_data_in_leaf': 18.7607007679205, 'lambda': 9.493523427057417, 'alpha': 0.946481019304059, 'max_depth': 1, 'eta': 0.19348495107602068, 'gamma': 5.806033307932578, 'num_boost_rounds': 180}. Best is trial 352 with value: 0.017241.
2025-01-02 13:50:38 INFO     Trial 485 pruned. Trial was pruned at iteration 0.
2025-01-02 13:50:38 INFO     Trial 486 pruned. Trial was pruned at iteration 0.
2025-01-02 13:50:39 INFO     Trial 487 finished with value: 0.017143 and parameters: {'max_delta_step': 63.024263138658085, 'colsample_bytree': 0.5396985931946859, 'subsample': 0.7172803760649074, 'min_child_weight': 96.08879398449838, 'min_data_in_leaf': 18.440352211710152, 'lambda': 9.293450978192556, 'alpha': 1.2043905980489626, 'max_depth': 1, 'eta': 0.19010038564045792, 'gamma': 6.521350805891322, 'num_boost_rounds': 185}. Best is trial 352 with value: 0.017241.
2025-01-02 13:50:39 INFO     Trial 488 pruned. Trial was pruned at iteration 0.
2025-01-02 13:50:40 INFO     Trial 489 pruned. Trial was pruned at iteration 0.
2025-01-02 13:50:40 INFO     Trial 490 pruned. Trial was pruned at iteration 0.
2025-01-02 13:50:41 INFO     Trial 491 finished with value: 0.017143 and parameters: {'max_delta_step': 77.60108724741461, 'colsample_bytree': 0.5476539052826186, 'subsample': 0.7109889588807766, 'min_child_weight': 12.811421322238765, 'min_data_in_leaf': 19.694770020260613, 'lambda': 2.636837602426248, 'alpha': 1.2238247771829014, 'max_depth': 1, 'eta': 0.18813362558446317, 'gamma': 1.9877396536263452, 'num_boost_rounds': 185}. Best is trial 352 with value: 0.017241.
2025-01-02 13:50:41 INFO     Trial 492 pruned. Trial was pruned at iteration 0.
2025-01-02 13:50:42 INFO     Trial 493 pruned. Trial was pruned at iteration 9.
2025-01-02 13:50:42 INFO     Trial 494 pruned. Trial was pruned at iteration 0.
2025-01-02 13:50:43 INFO     Trial 495 pruned. Trial was pruned at iteration 0.
2025-01-02 13:50:43 INFO     Trial 496 pruned. Trial was pruned at iteration 0.
2025-01-02 13:50:43 INFO     Trial 497 pruned. Trial was pruned at iteration 0.
2025-01-02 13:50:44 INFO     Trial 498 finished with value: 0.017143 and parameters: {'max_delta_step': 73.92999639291932, 'colsample_bytree': 0.511518503240104, 'subsample': 0.7102826838158013, 'min_child_weight': 97.8079535234882, 'min_data_in_leaf': 18.829379803998822, 'lambda': 9.410203858218564, 'alpha': 1.0428892717047251, 'max_depth': 1, 'eta': 0.19999668812434754, 'gamma': 3.7946955390255033, 'num_boost_rounds': 200}. Best is trial 352 with value: 0.017241.
2025-01-02 13:50:45 INFO     Trial 499 pruned. Trial was pruned at iteration 9.
2025-01-02 13:50:45 INFO     Trial 500 finished with value: 0.017139 and parameters: {'max_delta_step': 48.52062603647939, 'colsample_bytree': 0.5572867664074359, 'subsample': 0.6878714107836691, 'min_child_weight': 71.64421110955223, 'min_data_in_leaf': 18.1349001928871, 'lambda': 9.990787513677118, 'alpha': 0.21347106829915274, 'max_depth': 1, 'eta': 0.1940582552454553, 'gamma': 1.6526309357078928, 'num_boost_rounds': 195}. Best is trial 352 with value: 0.017241.
2025-01-02 13:50:46 INFO     Trial 501 pruned. Trial was pruned at iteration 0.
2025-01-02 13:50:46 INFO     Trial 502 pruned. Trial was pruned at iteration 0.
2025-01-02 13:50:47 INFO     Trial 503 pruned. Trial was pruned at iteration 0.
2025-01-02 13:50:47 INFO     Trial 504 finished with value: 0.017143 and parameters: {'max_delta_step': 81.77374687486228, 'colsample_bytree': 0.5414627101606703, 'subsample': 0.7183050823838526, 'min_child_weight': 95.4254022832371, 'min_data_in_leaf': 19.688747173449137, 'lambda': 9.597022596870385, 'alpha': 0.9584821902705877, 'max_depth': 1, 'eta': 0.19289609620180698, 'gamma': 4.032816220241027, 'num_boost_rounds': 195}. Best is trial 352 with value: 0.017241.
2025-01-02 13:50:47 INFO     Trial 505 pruned. Trial was pruned at iteration 0.
2025-01-02 13:50:48 INFO     Trial 506 pruned. Trial was pruned at iteration 0.
2025-01-02 13:50:48 INFO     Trial 507 pruned. Trial was pruned at iteration 0.
2025-01-02 13:50:49 INFO     Trial 508 pruned. Trial was pruned at iteration 0.
2025-01-02 13:50:49 INFO     Trial 509 pruned. Trial was pruned at iteration 0.
2025-01-02 13:50:50 INFO     Trial 510 pruned. Trial was pruned at iteration 9.
2025-01-02 13:50:50 INFO     Trial 511 pruned. Trial was pruned at iteration 0.
2025-01-02 13:50:51 INFO     Trial 512 finished with value: 0.017137 and parameters: {'max_delta_step': 76.70095765159246, 'colsample_bytree': 0.5001251711579952, 'subsample': 0.6745773980518119, 'min_child_weight': 96.35669262996996, 'min_data_in_leaf': 18.093421554483342, 'lambda': 2.8025486296083164, 'alpha': 0.8937696069276807, 'max_depth': 1, 'eta': 0.18941062997911357, 'gamma': 0.9912103078816583, 'num_boost_rounds': 170}. Best is trial 352 with value: 0.017241.
2025-01-02 13:50:51 INFO     Trial 513 pruned. Trial was pruned at iteration 0.
2025-01-02 13:50:52 INFO     Trial 514 finished with value: 0.017137 and parameters: {'max_delta_step': 74.59047039038074, 'colsample_bytree': 0.5349939165548832, 'subsample': 0.7000701283407752, 'min_child_weight': 98.11445542327198, 'min_data_in_leaf': 20.05748212526962, 'lambda': 9.54197781518758, 'alpha': 1.0861658317435912, 'max_depth': 1, 'eta': 0.19576725236243658, 'gamma': 4.657162806641019, 'num_boost_rounds': 200}. Best is trial 352 with value: 0.017241.
2025-01-02 13:50:52 INFO     Trial 515 pruned. Trial was pruned at iteration 9.
2025-01-02 13:50:53 INFO     Trial 516 finished with value: 0.017143 and parameters: {'max_delta_step': 84.40565422112358, 'colsample_bytree': 0.5526415124680564, 'subsample': 0.727982319893901, 'min_child_weight': 76.60257229185954, 'min_data_in_leaf': 20.65397823834014, 'lambda': 5.0743141008573245, 'alpha': 1.2858937917144664, 'max_depth': 1, 'eta': 0.18723761031642752, 'gamma': 3.8108037817006135, 'num_boost_rounds': 185}. Best is trial 352 with value: 0.017241.
2025-01-02 13:50:54 INFO     Trial 517 pruned. Trial was pruned at iteration 5.
2025-01-02 13:50:54 INFO     Trial 518 pruned. Trial was pruned at iteration 0.
2025-01-02 13:50:55 INFO     Trial 519 pruned. Trial was pruned at iteration 5.
2025-01-02 13:50:55 INFO     Trial 520 pruned. Trial was pruned at iteration 5.
2025-01-02 13:50:56 INFO     Trial 521 finished with value: 0.017137 and parameters: {'max_delta_step': 63.92434207521505, 'colsample_bytree': 0.5249559584668276, 'subsample': 0.7081409999641306, 'min_child_weight': 79.03859801427393, 'min_data_in_leaf': 17.96219655558486, 'lambda': 9.999225882306863, 'alpha': 8.403394480055201, 'max_depth': 1, 'eta': 0.18888409851719218, 'gamma': 1.9290879883154841, 'num_boost_rounds': 180}. Best is trial 352 with value: 0.017241.
2025-01-02 13:50:56 INFO     Trial 522 finished with value: 0.017139 and parameters: {'max_delta_step': 66.16395908770326, 'colsample_bytree': 0.5429643705089675, 'subsample': 0.6899817133843831, 'min_child_weight': 74.73443694168466, 'min_data_in_leaf': 17.33819053572528, 'lambda': 2.3155554544399153, 'alpha': 0.7996932389989195, 'max_depth': 1, 'eta': 0.19676809554446226, 'gamma': 3.537053650496695, 'num_boost_rounds': 200}. Best is trial 352 with value: 0.017241.
2025-01-02 13:50:57 INFO     Trial 523 finished with value: 0.017143 and parameters: {'max_delta_step': 36.24501852575516, 'colsample_bytree': 0.5089411869419364, 'subsample': 0.7231153173691692, 'min_child_weight': 86.68923093717187, 'min_data_in_leaf': 18.68010870440774, 'lambda': 9.698494338433116, 'alpha': 1.0464662164637508, 'max_depth': 1, 'eta': 0.19254312954338326, 'gamma': 1.5587706116929358, 'num_boost_rounds': 185}. Best is trial 352 with value: 0.017241.
2025-01-02 13:50:57 INFO     Trial 524 pruned. Trial was pruned at iteration 0.
2025-01-02 13:50:58 INFO     Trial 525 pruned. Trial was pruned at iteration 0.
2025-01-02 13:50:59 INFO     Trial 526 finished with value: 0.017143 and parameters: {'max_delta_step': 72.09974498525446, 'colsample_bytree': 0.53145274791806, 'subsample': 0.7243977705856112, 'min_child_weight': 93.13930077251682, 'min_data_in_leaf': 19.072400503457715, 'lambda': 9.2984404595602, 'alpha': 0.8425180873009468, 'max_depth': 1, 'eta': 0.19692694612701178, 'gamma': 1.2244743093753365, 'num_boost_rounds': 180}. Best is trial 352 with value: 0.017241.
2025-01-02 13:50:59 INFO     Trial 527 finished with value: 0.017137 and parameters: {'max_delta_step': 80.82098464263422, 'colsample_bytree': 0.5144026374894949, 'subsample': 0.7001729226371189, 'min_child_weight': 77.30276303511359, 'min_data_in_leaf': 19.843876263371495, 'lambda': 6.056051160267929, 'alpha': 0.416169250740956, 'max_depth': 1, 'eta': 0.18951855446896582, 'gamma': 5.112926158033376, 'num_boost_rounds': 175}. Best is trial 352 with value: 0.017241.
2025-01-02 13:51:00 INFO     Trial 528 pruned. Trial was pruned at iteration 0.
