2025-01-02 22:14:27 INFO     Trial 810 finished with value: 0.016818 and parameters: {'max_delta_step': 97.50070649077726, 'colsample_bytree': 0.9208985065399147, 'subsample': 0.7697696697856347, 'min_child_weight': 17.079313503475923, 'min_data_in_leaf': 21.34127079929356, 'lambda': 2.836973320861612, 'alpha': 2.125818108102243, 'max_depth': 5, 'eta': 0.04080284047217972, 'gamma': 6.332346018233485, 'num_boost_rounds': 130}. Best is trial 547 with value: 0.017314.
2025-01-02 22:14:28 INFO     Trial 811 pruned. Trial was pruned at iteration 0.
2025-01-02 22:14:28 INFO     Trial 812 finished with value: 0.015878 and parameters: {'max_delta_step': 89.72607476290754, 'colsample_bytree': 0.9486101549244139, 'subsample': 0.7565858790604606, 'min_child_weight': 15.132939906391579, 'min_data_in_leaf': 11.309687629072483, 'lambda': 2.416153533867221, 'alpha': 2.5846823973299573, 'max_depth': 5, 'eta': 0.0272758725529492, 'gamma': 6.75995324108108, 'num_boost_rounds': 35}. Best is trial 547 with value: 0.017314.
2025-01-02 22:14:29 INFO     Trial 813 pruned. Trial was pruned at iteration 0.
2025-01-02 22:14:29 INFO     Trial 814 pruned. Trial was pruned at iteration 0.
2025-01-02 22:14:30 INFO     Trial 815 pruned. Trial was pruned at iteration 5.
2025-01-02 22:14:31 INFO     Trial 816 pruned. Trial was pruned at iteration 0.
2025-01-02 22:14:31 INFO     Trial 817 pruned. Trial was pruned at iteration 0.
2025-01-02 22:14:31 INFO     Trial 818 pruned. Trial was pruned at iteration 0.
2025-01-02 22:14:32 INFO     Trial 819 pruned. Trial was pruned at iteration 0.
2025-01-02 22:14:33 INFO     Trial 820 pruned. Trial was pruned at iteration 5.
2025-01-02 22:14:33 INFO     Trial 821 pruned. Trial was pruned at iteration 0.
2025-01-02 22:14:33 INFO     Trial 822 pruned. Trial was pruned at iteration 0.
2025-01-02 22:14:34 INFO     Trial 823 pruned. Trial was pruned at iteration 0.
2025-01-02 22:14:34 INFO     Trial 824 pruned. Trial was pruned at iteration 0.
2025-01-02 22:14:35 INFO     Trial 825 pruned. Trial was pruned at iteration 0.
2025-01-02 22:14:35 INFO     Trial 826 pruned. Trial was pruned at iteration 0.
2025-01-02 22:14:36 INFO     Trial 827 finished with value: 0.017058 and parameters: {'max_delta_step': 97.28066473577339, 'colsample_bytree': 0.9921130344777198, 'subsample': 0.8006535921080048, 'min_child_weight': 24.453705351689823, 'min_data_in_leaf': 10.467824052647076, 'lambda': 2.846537604030328, 'alpha': 4.4158367068726925, 'max_depth': 5, 'eta': 0.04740862837553966, 'gamma': 6.215453337812039, 'num_boost_rounds': 145}. Best is trial 547 with value: 0.017314.
2025-01-02 22:14:37 INFO     Trial 828 finished with value: 0.016927 and parameters: {'max_delta_step': 99.97968601741633, 'colsample_bytree': 0.9926861632845562, 'subsample': 0.8237299468722249, 'min_child_weight': 20.160892307850137, 'min_data_in_leaf': 10.772456444926904, 'lambda': 2.6932469584252243, 'alpha': 4.3685840546941925, 'max_depth': 5, 'eta': 0.03989011364829731, 'gamma': 6.045836495670598, 'num_boost_rounds': 155}. Best is trial 547 with value: 0.017314.
2025-01-02 22:14:37 INFO     Trial 829 finished with value: 0.016971 and parameters: {'max_delta_step': 97.98165367596404, 'colsample_bytree': 0.9993639000927658, 'subsample': 0.80891139058678, 'min_child_weight': 23.02051240280843, 'min_data_in_leaf': 10.36068051917568, 'lambda': 2.516270419487038, 'alpha': 4.4021932493371665, 'max_depth': 5, 'eta': 0.046976806098978835, 'gamma': 6.143360364187575, 'num_boost_rounds': 150}. Best is trial 547 with value: 0.017314.
2025-01-02 22:14:38 INFO     Trial 830 pruned. Trial was pruned at iteration 5.
2025-01-02 22:14:38 INFO     Trial 831 pruned. Trial was pruned at iteration 0.
2025-01-02 22:14:39 INFO     Trial 832 pruned. Trial was pruned at iteration 5.
2025-01-02 22:14:40 INFO     Trial 833 finished with value: 0.015679 and parameters: {'max_delta_step': 98.20136498919955, 'colsample_bytree': 0.9920802217083925, 'subsample': 0.8105432463830362, 'min_child_weight': 23.68858554875539, 'min_data_in_leaf': 11.148633537323564, 'lambda': 2.926105487505571, 'alpha': 4.084799751405328, 'max_depth': 5, 'eta': 0.028438393568392735, 'gamma': 6.331072859243692, 'num_boost_rounds': 145}. Best is trial 547 with value: 0.017314.
2025-01-02 22:14:40 INFO     Trial 834 pruned. Trial was pruned at iteration 0.
2025-01-02 22:14:41 INFO     Trial 835 pruned. Trial was pruned at iteration 5.
2025-01-02 22:14:41 INFO     Trial 836 pruned. Trial was pruned at iteration 0.
2025-01-02 22:14:42 INFO     Trial 837 finished with value: 0.015694 and parameters: {'max_delta_step': 90.86415945921843, 'colsample_bytree': 0.978190916116135, 'subsample': 0.8197246390598011, 'min_child_weight': 22.15846934140073, 'min_data_in_leaf': 10.908465570448694, 'lambda': 2.633900239754085, 'alpha': 4.498712868450374, 'max_depth': 5, 'eta': 0.03181601707607613, 'gamma': 6.395634221758716, 'num_boost_rounds': 140}. Best is trial 547 with value: 0.017314.
2025-01-02 22:14:43 INFO     Trial 838 pruned. Trial was pruned at iteration 5.
2025-01-02 22:14:43 INFO     Trial 839 pruned. Trial was pruned at iteration 0.
2025-01-02 22:14:44 INFO     Trial 840 pruned. Trial was pruned at iteration 0.
2025-01-02 22:14:44 INFO     Trial 841 finished with value: 0.015775 and parameters: {'max_delta_step': 89.55212894742537, 'colsample_bytree': 0.9697513074316079, 'subsample': 0.8065924302719581, 'min_child_weight': 24.33433528125512, 'min_data_in_leaf': 16.22202860718656, 'lambda': 1.7955663365277488, 'alpha': 2.043247947690495, 'max_depth': 5, 'eta': 0.025825403483876585, 'gamma': 6.72712733199172, 'num_boost_rounds': 145}. Best is trial 547 with value: 0.017314.
2025-01-02 22:14:45 INFO     Trial 842 pruned. Trial was pruned at iteration 0.
2025-01-02 22:14:46 INFO     Trial 843 finished with value: 0.016992 and parameters: {'max_delta_step': 77.54526621350534, 'colsample_bytree': 0.9725824270858111, 'subsample': 0.7443764041438548, 'min_child_weight': 18.70571528283729, 'min_data_in_leaf': 13.660350275641036, 'lambda': 2.735254050086606, 'alpha': 4.195320947357321, 'max_depth': 5, 'eta': 0.0504275799603845, 'gamma': 2.1557734987171635, 'num_boost_rounds': 120}. Best is trial 547 with value: 0.017314.
2025-01-02 22:14:46 INFO     Trial 844 finished with value: 0.016978 and parameters: {'max_delta_step': 97.83217048472275, 'colsample_bytree': 0.9915791331453288, 'subsample': 0.8153599062293189, 'min_child_weight': 22.099538179971862, 'min_data_in_leaf': 11.700457152208893, 'lambda': 3.0256221010565882, 'alpha': 3.584525398587332, 'max_depth': 5, 'eta': 0.043796309489183956, 'gamma': 7.1960254956225755, 'num_boost_rounds': 125}. Best is trial 547 with value: 0.017314.
2025-01-02 22:14:47 INFO     Trial 845 pruned. Trial was pruned at iteration 0.
2025-01-02 22:14:48 INFO     Trial 846 finished with value: 0.016818 and parameters: {'max_delta_step': 87.75077004514425, 'colsample_bytree': 0.8950180662717095, 'subsample': 0.7649225872817079, 'min_child_weight': 15.126515171030075, 'min_data_in_leaf': 12.867911548240329, 'lambda': 2.329187327236578, 'alpha': 2.9652825744250477, 'max_depth': 5, 'eta': 0.039354440422535567, 'gamma': 7.523607334664902, 'num_boost_rounds': 120}. Best is trial 547 with value: 0.017314.
2025-01-02 22:14:48 INFO     Trial 847 pruned. Trial was pruned at iteration 0.
2025-01-02 22:14:49 INFO     Trial 848 pruned. Trial was pruned at iteration 5.
2025-01-02 22:14:49 INFO     Trial 849 pruned. Trial was pruned at iteration 0.
2025-01-02 22:14:49 INFO     Trial 850 pruned. Trial was pruned at iteration 0.
2025-01-02 22:14:50 INFO     Trial 851 pruned. Trial was pruned at iteration 0.
2025-01-02 22:14:51 INFO     Trial 852 finished with value: 0.015804 and parameters: {'max_delta_step': 89.9441490146457, 'colsample_bytree': 0.9584738296420223, 'subsample': 0.7994442662530639, 'min_child_weight': 17.895959553217587, 'min_data_in_leaf': 10.001309902037036, 'lambda': 2.2031984536876696, 'alpha': 1.994110362385184, 'max_depth': 5, 'eta': 0.01411829582680196, 'gamma': 6.763616266541562, 'num_boost_rounds': 130}. Best is trial 547 with value: 0.017314.
2025-01-02 22:14:51 INFO     Trial 853 finished with value: 0.017058 and parameters: {'max_delta_step': 95.25469799727122, 'colsample_bytree': 0.9115654939011538, 'subsample': 0.7778059153351464, 'min_child_weight': 24.753052317212568, 'min_data_in_leaf': 11.158638943193028, 'lambda': 2.709644950931992, 'alpha': 2.3596707224940143, 'max_depth': 5, 'eta': 0.04514553139803327, 'gamma': 5.872995251666651, 'num_boost_rounds': 125}. Best is trial 547 with value: 0.017314.
2025-01-02 22:14:52 INFO     Trial 854 pruned. Trial was pruned at iteration 0.
2025-01-02 22:14:52 INFO     Trial 855 pruned. Trial was pruned at iteration 0.
2025-01-02 22:14:53 INFO     Trial 856 pruned. Trial was pruned at iteration 5.
2025-01-02 22:14:53 INFO     Trial 857 pruned. Trial was pruned at iteration 0.
2025-01-02 22:14:54 INFO     Trial 858 pruned. Trial was pruned at iteration 0.
2025-01-02 22:14:54 INFO     Trial 859 pruned. Trial was pruned at iteration 0.
2025-01-02 22:14:55 INFO     Trial 860 finished with value: 0.016862 and parameters: {'max_delta_step': 94.83139505961962, 'colsample_bytree': 0.9719894732223853, 'subsample': 0.8417605703963721, 'min_child_weight': 24.456632387122806, 'min_data_in_leaf': 10.625856868454525, 'lambda': 2.6406437862169145, 'alpha': 5.21312608915852, 'max_depth': 5, 'eta': 0.038312169091449855, 'gamma': 0.49819774547010964, 'num_boost_rounds': 120}. Best is trial 547 with value: 0.017314.
2025-01-02 22:14:56 INFO     Trial 861 pruned. Trial was pruned at iteration 5.
2025-01-02 22:14:56 INFO     Trial 862 pruned. Trial was pruned at iteration 0.
2025-01-02 22:14:56 INFO     Trial 863 pruned. Trial was pruned at iteration 0.
2025-01-02 22:14:57 INFO     Trial 864 pruned. Trial was pruned at iteration 0.
2025-01-02 22:14:57 INFO     Trial 865 pruned. Trial was pruned at iteration 0.
2025-01-02 22:14:58 INFO     Trial 866 pruned. Trial was pruned at iteration 0.
2025-01-02 22:14:58 INFO     Trial 867 pruned. Trial was pruned at iteration 0.
2025-01-02 22:14:59 INFO     Trial 868 pruned. Trial was pruned at iteration 0.
2025-01-02 22:14:59 INFO     Trial 869 pruned. Trial was pruned at iteration 0.
2025-01-02 22:15:00 INFO     Trial 870 finished with value: 0.016011 and parameters: {'max_delta_step': 93.16316434816716, 'colsample_bytree': 0.9905267377240128, 'subsample': 0.7754385680131467, 'min_child_weight': 23.590237137930572, 'min_data_in_leaf': 10.379333717346505, 'lambda': 2.219522157975794, 'alpha': 4.973637050686136, 'max_depth': 5, 'eta': 0.03338958335462097, 'gamma': 6.3304390667867425, 'num_boost_rounds': 125}. Best is trial 547 with value: 0.017314.
2025-01-02 22:15:01 INFO     Trial 871 finished with value: 0.017058 and parameters: {'max_delta_step': 89.22048991328548, 'colsample_bytree': 0.8974466175014149, 'subsample': 0.8090513618925335, 'min_child_weight': 20.110928892193666, 'min_data_in_leaf': 11.659355274768473, 'lambda': 2.963027751528069, 'alpha': 4.278034329838163, 'max_depth': 5, 'eta': 0.040316301011635185, 'gamma': 6.047760162900527, 'num_boost_rounds': 130}. Best is trial 547 with value: 0.017314.
2025-01-02 22:15:01 INFO     Trial 872 pruned. Trial was pruned at iteration 5.
2025-01-02 22:15:02 INFO     Trial 873 finished with value: 0.016608 and parameters: {'max_delta_step': 94.08945540234389, 'colsample_bytree': 0.8972149966911075, 'subsample': 0.8280153363907101, 'min_child_weight': 22.39292579334733, 'min_data_in_leaf': 11.692346853400007, 'lambda': 3.09469975880389, 'alpha': 2.2690800366204913, 'max_depth': 5, 'eta': 0.028132394730866914, 'gamma': 5.9191607515900495, 'num_boost_rounds': 140}. Best is trial 547 with value: 0.017314.
2025-01-02 22:15:03 INFO     Trial 874 finished with value: 0.015797 and parameters: {'max_delta_step': 96.62847272354485, 'colsample_bytree': 0.9100344625967919, 'subsample': 0.8269440018153215, 'min_child_weight': 20.568722097262143, 'min_data_in_leaf': 12.124438672649982, 'lambda': 3.0167292297349535, 'alpha': 1.8848952843323308, 'max_depth': 5, 'eta': 0.0427311506266387, 'gamma': 6.113561795996908, 'num_boost_rounds': 135}. Best is trial 547 with value: 0.017314.
2025-01-02 22:15:03 INFO     Trial 875 pruned. Trial was pruned at iteration 5.
2025-01-02 22:15:04 INFO     Trial 876 finished with value: 0.016971 and parameters: {'max_delta_step': 98.1841107640226, 'colsample_bytree': 0.900353298807154, 'subsample': 0.8129259102313203, 'min_child_weight': 22.331188310594403, 'min_data_in_leaf': 12.214937634205715, 'lambda': 2.802722458955421, 'alpha': 3.8548967527219338, 'max_depth': 5, 'eta': 0.0371317317937181, 'gamma': 6.194580864475303, 'num_boost_rounds': 130}. Best is trial 547 with value: 0.017314.
2025-01-02 22:15:05 INFO     Trial 877 finished with value: 0.016978 and parameters: {'max_delta_step': 94.06901323092683, 'colsample_bytree': 0.9792584868665142, 'subsample': 0.8103876474060603, 'min_child_weight': 26.16075126869577, 'min_data_in_leaf': 11.983998985605922, 'lambda': 2.992518788540382, 'alpha': 6.268692801123523, 'max_depth': 5, 'eta': 0.04738397469916176, 'gamma': 6.065701944460095, 'num_boost_rounds': 135}. Best is trial 547 with value: 0.017314.
2025-01-02 22:15:05 INFO     Trial 878 finished with value: 0.015679 and parameters: {'max_delta_step': 95.71000303006868, 'colsample_bytree': 0.8943523821976221, 'subsample': 0.8024016020444312, 'min_child_weight': 19.745161497765473, 'min_data_in_leaf': 11.520618884893516, 'lambda': 3.1198227075879466, 'alpha': 1.5855202871059755, 'max_depth': 5, 'eta': 0.03443498145327699, 'gamma': 5.6065791184097975, 'num_boost_rounds': 130}. Best is trial 547 with value: 0.017314.
2025-01-02 22:15:06 INFO     Trial 879 pruned. Trial was pruned at iteration 5.
2025-01-02 22:15:07 INFO     Trial 880 pruned. Trial was pruned at iteration 0.
2025-01-02 22:15:07 INFO     Trial 881 pruned. Trial was pruned at iteration 0.
2025-01-02 22:15:07 INFO     Trial 882 pruned. Trial was pruned at iteration 0.
2025-01-02 22:15:08 INFO     Trial 883 pruned. Trial was pruned at iteration 5.
2025-01-02 22:15:09 INFO     Trial 884 pruned. Trial was pruned at iteration 5.
2025-01-02 22:15:09 INFO     Trial 885 pruned. Trial was pruned at iteration 0.
2025-01-02 22:15:10 INFO     Trial 886 finished with value: 0.015915 and parameters: {'max_delta_step': 98.34584823468705, 'colsample_bytree': 0.9594390300848283, 'subsample': 0.7940549932725195, 'min_child_weight': 21.08839872723209, 'min_data_in_leaf': 11.311723049945378, 'lambda': 3.4917046482037226, 'alpha': 9.69341985333688, 'max_depth': 5, 'eta': 0.03536278028839546, 'gamma': 6.7125150813681405, 'num_boost_rounds': 145}. Best is trial 547 with value: 0.017314.
2025-01-02 22:15:10 INFO     Trial 887 pruned. Trial was pruned at iteration 5.
2025-01-02 22:15:11 INFO     Trial 888 pruned. Trial was pruned at iteration 0.
2025-01-02 22:15:12 INFO     Trial 889 finished with value: 0.016978 and parameters: {'max_delta_step': 93.27748394826095, 'colsample_bytree': 0.9999717690081714, 'subsample': 0.8222146220891101, 'min_child_weight': 21.80708556623981, 'min_data_in_leaf': 12.220906064597097, 'lambda': 2.8786334147930326, 'alpha': 6.408041806205429, 'max_depth': 5, 'eta': 0.04139519456343009, 'gamma': 6.643001557339603, 'num_boost_rounds': 125}. Best is trial 547 with value: 0.017314.
2025-01-02 22:15:12 INFO     Trial 890 finished with value: 0.016934 and parameters: {'max_delta_step': 89.10717864790092, 'colsample_bytree': 0.974196710225152, 'subsample': 0.7467470661840975, 'min_child_weight': 19.323185106088232, 'min_data_in_leaf': 11.798699034822034, 'lambda': 1.7167328461080205, 'alpha': 6.148082948884033, 'max_depth': 5, 'eta': 0.02001235400632998, 'gamma': 6.287091550473676, 'num_boost_rounds': 130}. Best is trial 547 with value: 0.017314.
2025-01-02 22:15:13 INFO     Trial 891 pruned. Trial was pruned at iteration 0.
2025-01-02 22:15:13 INFO     Trial 892 pruned. Trial was pruned at iteration 5.
2025-01-02 22:15:14 INFO     Trial 893 pruned. Trial was pruned at iteration 0.
2025-01-02 22:15:14 INFO     Trial 894 pruned. Trial was pruned at iteration 0.
2025-01-02 22:15:15 INFO     Trial 895 pruned. Trial was pruned at iteration 0.
2025-01-02 22:15:15 INFO     Trial 896 pruned. Trial was pruned at iteration 0.
2025-01-02 22:15:16 INFO     Trial 897 finished with value: 0.016912 and parameters: {'max_delta_step': 98.51152001335701, 'colsample_bytree': 0.8633092660012108, 'subsample': 0.7987790604855197, 'min_child_weight': 24.761716772502304, 'min_data_in_leaf': 12.308938352830534, 'lambda': 2.407915854269744, 'alpha': 2.5619965180656363, 'max_depth': 5, 'eta': 0.048230899636732834, 'gamma': 6.6322859432319134, 'num_boost_rounds': 125}. Best is trial 547 with value: 0.017314.
2025-01-02 22:15:17 INFO     Trial 898 pruned. Trial was pruned at iteration 5.
2025-01-02 22:15:17 INFO     Trial 899 pruned. Trial was pruned at iteration 0.
2025-01-02 22:15:18 INFO     Trial 900 pruned. Trial was pruned at iteration 5.
2025-01-02 22:15:18 INFO     Trial 901 pruned. Trial was pruned at iteration 0.
2025-01-02 22:15:19 INFO     Trial 902 finished with value: 0.016942 and parameters: {'max_delta_step': 97.97100420606276, 'colsample_bytree': 0.945696761516514, 'subsample': 0.7520293271711651, 'min_child_weight': 21.52085182916666, 'min_data_in_leaf': 12.519842301971181, 'lambda': 2.187823386870015, 'alpha': 5.1312042994652005, 'max_depth': 5, 'eta': 0.04213960620403252, 'gamma': 6.6073828042727385, 'num_boost_rounds': 135}. Best is trial 547 with value: 0.017314.
2025-01-02 22:15:20 INFO     Trial 903 pruned. Trial was pruned at iteration 0.
2025-01-02 22:15:20 INFO     Trial 904 pruned. Trial was pruned at iteration 0.
2025-01-02 22:15:21 INFO     Trial 905 pruned. Trial was pruned at iteration 0.
2025-01-02 22:15:21 INFO     Trial 906 pruned. Trial was pruned at iteration 0.
2025-01-02 22:15:22 INFO     Trial 907 pruned. Trial was pruned at iteration 0.
2025-01-02 22:15:22 INFO     Trial 908 pruned. Trial was pruned at iteration 5.
2025-01-02 22:15:23 INFO     Trial 909 pruned. Trial was pruned at iteration 0.
2025-01-02 22:15:23 INFO     Trial 910 pruned. Trial was pruned at iteration 0.
2025-01-02 22:15:24 INFO     Trial 911 finished with value: 0.015767 and parameters: {'max_delta_step': 96.873919107418, 'colsample_bytree': 0.9777532249386726, 'subsample': 0.7593590614618217, 'min_child_weight': 20.733267907502206, 'min_data_in_leaf': 20.469487297511627, 'lambda': 2.7719162207520567, 'alpha': 4.391516959800482, 'max_depth': 5, 'eta': 0.02983280768244563, 'gamma': 5.479705235756854, 'num_boost_rounds': 125}. Best is trial 547 with value: 0.017314.
2025-01-02 22:15:24 INFO     Trial 912 pruned. Trial was pruned at iteration 0.
2025-01-02 22:15:25 INFO     Trial 913 finished with value: 0.016818 and parameters: {'max_delta_step': 98.07429718973941, 'colsample_bytree': 0.9996449724636266, 'subsample': 0.7663730231384781, 'min_child_weight': 16.8977386294841, 'min_data_in_leaf': 12.006633305690322, 'lambda': 3.0166296354388384, 'alpha': 6.198377912686959, 'max_depth': 5, 'eta': 0.03928387112644959, 'gamma': 6.001480593834336, 'num_boost_rounds': 130}. Best is trial 547 with value: 0.017314.
2025-01-02 22:15:26 INFO     Trial 914 pruned. Trial was pruned at iteration 5.
2025-01-02 22:15:26 INFO     Trial 915 pruned. Trial was pruned at iteration 0.
2025-01-02 22:15:27 INFO     Trial 916 pruned. Trial was pruned at iteration 0.
2025-01-02 22:15:27 INFO     Trial 917 pruned. Trial was pruned at iteration 0.
2025-01-02 22:15:27 INFO     Trial 918 pruned. Trial was pruned at iteration 0.
2025-01-02 22:15:28 INFO     Trial 919 finished with value: 0.015642 and parameters: {'max_delta_step': 93.16072492285404, 'colsample_bytree': 0.9501730580682849, 'subsample': 0.8338955301389268, 'min_child_weight': 22.89790420109282, 'min_data_in_leaf': 19.110318652749957, 'lambda': 2.879995701348189, 'alpha': 4.1690886566389915, 'max_depth': 5, 'eta': 0.04307600635769323, 'gamma': 6.210456975334381, 'num_boost_rounds': 140}. Best is trial 547 with value: 0.017314.
2025-01-02 22:15:29 INFO     Trial 920 pruned. Trial was pruned at iteration 0.
2025-01-02 22:15:29 INFO     Trial 921 pruned. Trial was pruned at iteration 0.
2025-01-02 22:15:30 INFO     Trial 922 pruned. Trial was pruned at iteration 0.
2025-01-02 22:15:30 INFO     Trial 923 pruned. Trial was pruned at iteration 0.
2025-01-02 22:15:31 INFO     Trial 924 pruned. Trial was pruned at iteration 5.
2025-01-02 22:15:31 INFO     Trial 925 finished with value: 0.016869 and parameters: {'max_delta_step': 88.19907280878557, 'colsample_bytree': 0.9890178224989031, 'subsample': 0.8189593985619655, 'min_child_weight': 22.93273032981419, 'min_data_in_leaf': 10.747466080676324, 'lambda': 2.4940124292038135, 'alpha': 4.6421001746014765, 'max_depth': 5, 'eta': 0.05248917188579037, 'gamma': 6.7181478412815006, 'num_boost_rounds': 130}. Best is trial 547 with value: 0.017314.
2025-01-02 22:15:32 INFO     Trial 926 pruned. Trial was pruned at iteration 5.
2025-01-02 22:15:33 INFO     Trial 927 pruned. Trial was pruned at iteration 5.
2025-01-02 22:15:33 INFO     Trial 928 pruned. Trial was pruned at iteration 0.
2025-01-02 22:15:34 INFO     Trial 929 finished with value: 0.017058 and parameters: {'max_delta_step': 84.67080634858728, 'colsample_bytree': 0.9555444160596877, 'subsample': 0.8042188191579347, 'min_child_weight': 24.9054306734983, 'min_data_in_leaf': 13.76783909834249, 'lambda': 2.3017199185665076, 'alpha': 6.581099195529715, 'max_depth': 5, 'eta': 0.040658966152296847, 'gamma': 6.511449985478323, 'num_boost_rounds': 130}. Best is trial 547 with value: 0.017314.
