2025-01-02 13:51:00 INFO     Trial 529 pruned. Trial was pruned at iteration 5.
2025-01-02 13:51:00 INFO     Trial 530 pruned. Trial was pruned at iteration 0.
2025-01-02 13:51:01 INFO     Trial 531 pruned. Trial was pruned at iteration 9.
2025-01-02 13:51:02 INFO     Trial 532 pruned. Trial was pruned at iteration 0.
2025-01-02 13:51:02 INFO     Trial 533 pruned. Trial was pruned at iteration 0.
2025-01-02 13:51:02 INFO     Trial 534 pruned. Trial was pruned at iteration 0.
2025-01-02 13:51:03 INFO     Trial 535 pruned. Trial was pruned at iteration 0.
2025-01-02 13:51:03 INFO     Trial 536 pruned. Trial was pruned at iteration 0.
2025-01-02 13:51:04 INFO     Trial 537 pruned. Trial was pruned at iteration 5.
2025-01-02 13:51:04 INFO     Trial 538 finished with value: 0.017143 and parameters: {'max_delta_step': 77.17531045501559, 'colsample_bytree': 0.5287343077387968, 'subsample': 0.7280768930869376, 'min_child_weight': 77.96427844997423, 'min_data_in_leaf': 17.50658674465575, 'lambda': 9.754916090103753, 'alpha': 1.4224639052096326, 'max_depth': 1, 'eta': 0.19645282752941323, 'gamma': 5.500705639909334, 'num_boost_rounds': 190}. Best is trial 352 with value: 0.017241.
2025-01-02 13:51:05 INFO     Trial 539 pruned. Trial was pruned at iteration 5.
2025-01-02 13:51:05 INFO     Trial 540 pruned. Trial was pruned at iteration 0.
2025-01-02 13:51:06 INFO     Trial 541 pruned. Trial was pruned at iteration 0.
2025-01-02 13:51:06 INFO     Trial 542 pruned. Trial was pruned at iteration 5.
2025-01-02 13:51:07 INFO     Trial 543 pruned. Trial was pruned at iteration 5.
2025-01-02 13:51:07 INFO     Trial 544 pruned. Trial was pruned at iteration 5.
2025-01-02 13:51:08 INFO     Trial 545 pruned. Trial was pruned at iteration 9.
2025-01-02 13:51:08 INFO     Trial 546 pruned. Trial was pruned at iteration 0.
2025-01-02 13:51:09 INFO     Trial 547 pruned. Trial was pruned at iteration 0.
2025-01-02 13:51:09 INFO     Trial 548 pruned. Trial was pruned at iteration 0.
2025-01-02 13:51:10 INFO     Trial 549 pruned. Trial was pruned at iteration 0.
2025-01-02 13:51:10 INFO     Trial 550 pruned. Trial was pruned at iteration 0.
2025-01-02 13:51:11 INFO     Trial 551 finished with value: 0.017143 and parameters: {'max_delta_step': 74.30184808407591, 'colsample_bytree': 0.537061130593988, 'subsample': 0.7290272495181992, 'min_child_weight': 76.00891043687317, 'min_data_in_leaf': 18.52529858682412, 'lambda': 9.67464650876783, 'alpha': 1.0375425497823723, 'max_depth': 1, 'eta': 0.18976302318702773, 'gamma': 6.778432298145075, 'num_boost_rounds': 195}. Best is trial 352 with value: 0.017241.
2025-01-02 13:51:11 INFO     Trial 552 finished with value: 0.017143 and parameters: {'max_delta_step': 67.5150587594013, 'colsample_bytree': 0.5245825829658721, 'subsample': 0.7177950721488754, 'min_child_weight': 98.21245069017525, 'min_data_in_leaf': 18.88220296145092, 'lambda': 3.5629784761682606, 'alpha': 0.4482017664123746, 'max_depth': 1, 'eta': 0.19612308918519877, 'gamma': 3.495356786684918, 'num_boost_rounds': 180}. Best is trial 352 with value: 0.017241.
2025-01-02 13:51:12 INFO     Trial 553 finished with value: 0.017139 and parameters: {'max_delta_step': 77.30184917373774, 'colsample_bytree': 0.5003119141273127, 'subsample': 0.6853599404625476, 'min_child_weight': 78.70625981695332, 'min_data_in_leaf': 17.68617791177226, 'lambda': 5.741736891478227, 'alpha': 0.8731494057902105, 'max_depth': 1, 'eta': 0.19333959989386518, 'gamma': 5.284514766924684, 'num_boost_rounds': 190}. Best is trial 352 with value: 0.017241.
2025-01-02 13:51:12 INFO     Trial 554 finished with value: 0.017137 and parameters: {'max_delta_step': 79.92203842057584, 'colsample_bytree': 0.5478626798911552, 'subsample': 0.7025864366823447, 'min_child_weight': 96.61364717573885, 'min_data_in_leaf': 18.412220672494588, 'lambda': 9.4076593517787, 'alpha': 1.1786262009046728, 'max_depth': 1, 'eta': 0.18809465281912746, 'gamma': 2.4071925750240344, 'num_boost_rounds': 185}. Best is trial 352 with value: 0.017241.
2025-01-02 13:51:13 INFO     Trial 555 pruned. Trial was pruned at iteration 0.
2025-01-02 13:51:14 INFO     Trial 556 finished with value: 0.017143 and parameters: {'max_delta_step': 82.31600543748357, 'colsample_bytree': 0.5699881785867863, 'subsample': 0.7249503581980768, 'min_child_weight': 99.96114630842926, 'min_data_in_leaf': 18.087469543491444, 'lambda': 4.022795153129703, 'alpha': 1.4836862783560467, 'max_depth': 1, 'eta': 0.19702228587128337, 'gamma': 1.7128567632077734, 'num_boost_rounds': 190}. Best is trial 352 with value: 0.017241.
2025-01-02 13:51:14 INFO     Trial 557 pruned. Trial was pruned at iteration 0.
2025-01-02 13:51:14 INFO     Trial 558 pruned. Trial was pruned at iteration 0.
2025-01-02 13:51:15 INFO     Trial 559 pruned. Trial was pruned at iteration 0.
2025-01-02 13:51:15 INFO     Trial 560 finished with value: 0.017139 and parameters: {'max_delta_step': 88.40233163155666, 'colsample_bytree': 0.5092877180549779, 'subsample': 0.5878420106035602, 'min_child_weight': 72.59404369685012, 'min_data_in_leaf': 17.754775044206816, 'lambda': 8.40525354778423, 'alpha': 1.3196395164478845, 'max_depth': 1, 'eta': 0.19999008280536495, 'gamma': 1.3177465906125976, 'num_boost_rounds': 185}. Best is trial 352 with value: 0.017241.
2025-01-02 13:51:16 INFO     Trial 561 pruned. Trial was pruned at iteration 0.
2025-01-02 13:51:16 INFO     Trial 562 pruned. Trial was pruned at iteration 5.
2025-01-02 13:51:17 INFO     Trial 563 pruned. Trial was pruned at iteration 5.
2025-01-02 13:51:17 INFO     Trial 564 pruned. Trial was pruned at iteration 0.
2025-01-02 13:51:18 INFO     Trial 565 finished with value: 0.017143 and parameters: {'max_delta_step': 75.7292319261416, 'colsample_bytree': 0.5300349895401146, 'subsample': 0.7279891233422553, 'min_child_weight': 63.59335834849062, 'min_data_in_leaf': 18.67032666558543, 'lambda': 9.055070015617718, 'alpha': 1.2100592503526584, 'max_depth': 1, 'eta': 0.19285512577227587, 'gamma': 4.178437436491043, 'num_boost_rounds': 190}. Best is trial 352 with value: 0.017241.
2025-01-02 13:51:18 INFO     Trial 566 pruned. Trial was pruned at iteration 0.
2025-01-02 13:51:19 INFO     Trial 567 finished with value: 0.017137 and parameters: {'max_delta_step': 78.11603725314677, 'colsample_bytree': 0.5145300277535364, 'subsample': 0.7033693465027281, 'min_child_weight': 77.85147721968896, 'min_data_in_leaf': 20.32653643306301, 'lambda': 9.424804803952494, 'alpha': 1.5959562600279178, 'max_depth': 1, 'eta': 0.19038180955467698, 'gamma': 6.060195675349588, 'num_boost_rounds': 185}. Best is trial 352 with value: 0.017241.
2025-01-02 13:51:19 INFO     Trial 568 pruned. Trial was pruned at iteration 0.
2025-01-02 13:51:20 INFO     Trial 569 finished with value: 0.017143 and parameters: {'max_delta_step': 84.05233630782483, 'colsample_bytree': 0.5001278521400517, 'subsample': 0.7218787563288098, 'min_child_weight': 67.85712788407392, 'min_data_in_leaf': 17.59303911907853, 'lambda': 9.721412118159922, 'alpha': 1.3419296546759225, 'max_depth': 1, 'eta': 0.1875881831967234, 'gamma': 3.9779258886607236, 'num_boost_rounds': 175}. Best is trial 352 with value: 0.017241.
2025-01-02 13:51:21 INFO     Trial 570 pruned. Trial was pruned at iteration 5.
2025-01-02 13:51:21 INFO     Trial 571 pruned. Trial was pruned at iteration 0.
2025-01-02 13:51:21 INFO     Trial 572 pruned. Trial was pruned at iteration 0.
2025-01-02 13:51:22 INFO     Trial 573 pruned. Trial was pruned at iteration 9.
2025-01-02 13:51:23 INFO     Trial 574 pruned. Trial was pruned at iteration 0.
2025-01-02 13:51:23 INFO     Trial 575 pruned. Trial was pruned at iteration 0.
2025-01-02 13:51:24 INFO     Trial 576 finished with value: 0.017137 and parameters: {'max_delta_step': 39.33272197521076, 'colsample_bytree': 0.5528804722770357, 'subsample': 0.7042247285020555, 'min_child_weight': 84.80806161107546, 'min_data_in_leaf': 19.457886775910804, 'lambda': 9.999803606018835, 'alpha': 1.9746485243570868, 'max_depth': 1, 'eta': 0.19974190933031832, 'gamma': 6.17837512275839, 'num_boost_rounds': 195}. Best is trial 352 with value: 0.017241.
2025-01-02 13:51:24 INFO     Trial 577 pruned. Trial was pruned at iteration 0.
2025-01-02 13:51:24 INFO     Trial 578 pruned. Trial was pruned at iteration 0.
2025-01-02 13:51:25 INFO     Trial 579 pruned. Trial was pruned at iteration 0.
2025-01-02 13:51:25 INFO     Trial 580 pruned. Trial was pruned at iteration 0.
2025-01-02 13:51:26 INFO     Trial 581 finished with value: 0.017137 and parameters: {'max_delta_step': 77.88122592170942, 'colsample_bytree': 0.5086812539609591, 'subsample': 0.6916747217483811, 'min_child_weight': 69.55960215550714, 'min_data_in_leaf': 18.535506113883695, 'lambda': 9.284413483893298, 'alpha': 0.7633042330082933, 'max_depth': 1, 'eta': 0.19580549155248356, 'gamma': 5.776102702224805, 'num_boost_rounds': 190}. Best is trial 352 with value: 0.017241.
2025-01-02 13:51:26 INFO     Trial 582 pruned. Trial was pruned at iteration 0.
2025-01-02 13:51:27 INFO     Trial 583 pruned. Trial was pruned at iteration 5.
2025-01-02 13:51:27 INFO     Trial 584 finished with value: 0.017137 and parameters: {'max_delta_step': 68.67909450709703, 'colsample_bytree': 0.5000281089364614, 'subsample': 0.7034352997925438, 'min_child_weight': 77.38312867055242, 'min_data_in_leaf': 18.23318205173521, 'lambda': 8.777875181744104, 'alpha': 1.300450439622775, 'max_depth': 1, 'eta': 0.19412440596493108, 'gamma': 6.3535079348248455, 'num_boost_rounds': 195}. Best is trial 352 with value: 0.017241.
2025-01-02 13:51:28 INFO     Trial 585 pruned. Trial was pruned at iteration 5.
2025-01-02 13:51:28 INFO     Trial 586 pruned. Trial was pruned at iteration 0.
2025-01-02 13:51:29 INFO     Trial 587 finished with value: 0.017143 and parameters: {'max_delta_step': 75.55435706640388, 'colsample_bytree': 0.5413076445929683, 'subsample': 0.7262073704214078, 'min_child_weight': 90.07108573216603, 'min_data_in_leaf': 19.615755904976567, 'lambda': 3.29458179491499, 'alpha': 1.12556934321829, 'max_depth': 1, 'eta': 0.19583110741622772, 'gamma': 3.029736317546737, 'num_boost_rounds': 180}. Best is trial 352 with value: 0.017241.
2025-01-02 13:51:30 INFO     Trial 588 pruned. Trial was pruned at iteration 5.
2025-01-02 13:51:30 INFO     Trial 589 pruned. Trial was pruned at iteration 9.
2025-01-02 13:51:31 INFO     Trial 590 pruned. Trial was pruned at iteration 0.
2025-01-02 13:51:31 INFO     Trial 591 finished with value: 0.017137 and parameters: {'max_delta_step': 51.97109333530309, 'colsample_bytree': 0.5508265713544926, 'subsample': 0.6779450722389673, 'min_child_weight': 99.87507299958983, 'min_data_in_leaf': 17.702703663672995, 'lambda': 9.447340628538107, 'alpha': 0.522764290256517, 'max_depth': 1, 'eta': 0.18729145739887199, 'gamma': 4.333915761189675, 'num_boost_rounds': 190}. Best is trial 352 with value: 0.017241.
2025-01-02 13:51:32 INFO     Trial 592 pruned. Trial was pruned at iteration 5.
2025-01-02 13:51:32 INFO     Trial 593 finished with value: 0.017137 and parameters: {'max_delta_step': 32.92068958172655, 'colsample_bytree': 0.509110310585532, 'subsample': 0.6994015866442614, 'min_child_weight': 49.40905597692786, 'min_data_in_leaf': 13.774794551554475, 'lambda': 8.190531012284533, 'alpha': 1.5516496738401828, 'max_depth': 1, 'eta': 0.1959199571340033, 'gamma': 3.9896226246691313, 'num_boost_rounds': 175}. Best is trial 352 with value: 0.017241.
2025-01-02 13:51:33 INFO     Trial 594 pruned. Trial was pruned at iteration 0.
2025-01-02 13:51:33 INFO     Trial 595 pruned. Trial was pruned at iteration 0.
2025-01-02 13:51:34 INFO     Trial 596 pruned. Trial was pruned at iteration 0.
2025-01-02 13:51:34 INFO     Trial 597 pruned. Trial was pruned at iteration 0.
2025-01-02 13:51:34 INFO     Trial 598 pruned. Trial was pruned at iteration 0.
2025-01-02 13:51:35 INFO     Trial 599 finished with value: 0.017143 and parameters: {'max_delta_step': 83.74702210133508, 'colsample_bytree': 0.5414705106552422, 'subsample': 0.7270042716267705, 'min_child_weight': 65.91798048658772, 'min_data_in_leaf': 18.503119023774996, 'lambda': 8.938132818505682, 'alpha': 1.8432494830584818, 'max_depth': 1, 'eta': 0.19727148296585928, 'gamma': 2.4448108581071986, 'num_boost_rounds': 185}. Best is trial 352 with value: 0.017241.
2025-01-02 13:51:36 INFO     Trial 600 pruned. Trial was pruned at iteration 9.
2025-01-02 13:51:36 INFO     Trial 601 finished with value: 0.017137 and parameters: {'max_delta_step': 72.42789504809875, 'colsample_bytree': 0.5003715786254648, 'subsample': 0.7067079085901166, 'min_child_weight': 97.8583878526944, 'min_data_in_leaf': 17.88321436676188, 'lambda': 9.603534061348553, 'alpha': 0.3662315764767681, 'max_depth': 1, 'eta': 0.19096678152559898, 'gamma': 2.239037499854252, 'num_boost_rounds': 175}. Best is trial 352 with value: 0.017241.
2025-01-02 13:51:37 INFO     Trial 602 finished with value: 0.017143 and parameters: {'max_delta_step': 77.2073744561148, 'colsample_bytree': 0.556114104121035, 'subsample': 0.8779117527321225, 'min_child_weight': 80.03295958524828, 'min_data_in_leaf': 16.954846410633333, 'lambda': 8.654737760914006, 'alpha': 0.8563707262144528, 'max_depth': 1, 'eta': 0.19365038065038612, 'gamma': 4.159440011284576, 'num_boost_rounds': 190}. Best is trial 352 with value: 0.017241.
2025-01-02 13:51:37 INFO     Trial 603 pruned. Trial was pruned at iteration 0.
2025-01-02 13:51:38 INFO     Trial 604 finished with value: 0.017139 and parameters: {'max_delta_step': 75.33012369035458, 'colsample_bytree': 0.5191377146464082, 'subsample': 0.6887494021925571, 'min_child_weight': 71.94762551258685, 'min_data_in_leaf': 18.21226564817149, 'lambda': 9.804834084451532, 'alpha': 1.084155881280407, 'max_depth': 1, 'eta': 0.19997421483700917, 'gamma': 4.83649530711528, 'num_boost_rounds': 195}. Best is trial 352 with value: 0.017241.
2025-01-02 13:51:38 INFO     Trial 605 pruned. Trial was pruned at iteration 0.
2025-01-02 13:51:39 INFO     Trial 606 pruned. Trial was pruned at iteration 0.
2025-01-02 13:51:39 INFO     Trial 607 finished with value: 0.017143 and parameters: {'max_delta_step': 57.01544672130656, 'colsample_bytree': 0.5089308514701357, 'subsample': 0.7123154380958501, 'min_child_weight': 68.30177694413076, 'min_data_in_leaf': 19.328697856598357, 'lambda': 9.980560533996318, 'alpha': 1.1584295882024702, 'max_depth': 1, 'eta': 0.1923675187543315, 'gamma': 9.816611309947739, 'num_boost_rounds': 190}. Best is trial 352 with value: 0.017241.
2025-01-02 13:51:40 INFO     Trial 608 pruned. Trial was pruned at iteration 9.
2025-01-02 13:51:40 INFO     Trial 609 pruned. Trial was pruned at iteration 0.
2025-01-02 13:51:41 INFO     Trial 610 pruned. Trial was pruned at iteration 9.
2025-01-02 13:51:41 INFO     Trial 611 pruned. Trial was pruned at iteration 0.
2025-01-02 13:51:42 INFO     Trial 612 finished with value: 0.017143 and parameters: {'max_delta_step': 81.4941725261617, 'colsample_bytree': 0.5353386635646274, 'subsample': 0.710744363845693, 'min_child_weight': 76.14359862918411, 'min_data_in_leaf': 19.65020927626096, 'lambda': 8.857928985983303, 'alpha': 0.635912096055156, 'max_depth': 1, 'eta': 0.19971099013226576, 'gamma': 3.884656137206266, 'num_boost_rounds': 180}. Best is trial 352 with value: 0.017241.
2025-01-02 13:51:43 INFO     Trial 613 finished with value: 0.017143 and parameters: {'max_delta_step': 74.56246381386093, 'colsample_bytree': 0.5098956888497529, 'subsample': 0.7206046656868832, 'min_child_weight': 95.79796858944204, 'min_data_in_leaf': 14.388962454475793, 'lambda': 9.822559137317766, 'alpha': 1.3162760579926682, 'max_depth': 1, 'eta': 0.18987601657837228, 'gamma': 3.6390872304227355, 'num_boost_rounds': 175}. Best is trial 352 with value: 0.017241.
2025-01-02 13:51:43 INFO     Trial 614 pruned. Trial was pruned at iteration 0.
2025-01-02 13:51:44 INFO     Trial 615 pruned. Trial was pruned at iteration 9.
2025-01-02 13:51:44 INFO     Trial 616 finished with value: 0.017143 and parameters: {'max_delta_step': 85.82293175660239, 'colsample_bytree': 0.5000235759537462, 'subsample': 0.7267522890618279, 'min_child_weight': 98.53656345090661, 'min_data_in_leaf': 18.395987829835626, 'lambda': 9.484622220145377, 'alpha': 0.5097497550655097, 'max_depth': 1, 'eta': 0.1898524954624618, 'gamma': 6.150595722488985, 'num_boost_rounds': 135}. Best is trial 352 with value: 0.017241.
2025-01-02 13:51:45 INFO     Trial 617 pruned. Trial was pruned at iteration 0.
2025-01-02 13:51:45 INFO     Trial 618 pruned. Trial was pruned at iteration 0.
2025-01-02 13:51:46 INFO     Trial 619 pruned. Trial was pruned at iteration 5.
2025-01-02 13:51:46 INFO     Trial 620 pruned. Trial was pruned at iteration 0.
2025-01-02 13:51:47 INFO     Trial 621 finished with value: 0.017137 and parameters: {'max_delta_step': 79.59973170146466, 'colsample_bytree': 0.5089813995578011, 'subsample': 0.7052252808725613, 'min_child_weight': 74.01752811489938, 'min_data_in_leaf': 19.404672182536537, 'lambda': 9.625103605689766, 'alpha': 1.234064938027006, 'max_depth': 1, 'eta': 0.18928659268184467, 'gamma': 1.566998895599767, 'num_boost_rounds': 180}. Best is trial 352 with value: 0.017241.
2025-01-02 13:51:47 INFO     Trial 622 finished with value: 0.017143 and parameters: {'max_delta_step': 62.394203979302034, 'colsample_bytree': 0.5560415724089064, 'subsample': 0.8117097674633307, 'min_child_weight': 96.62388823786301, 'min_data_in_leaf': 18.402885845121258, 'lambda': 9.333809733992474, 'alpha': 0.7658020724673312, 'max_depth': 1, 'eta': 0.1960561779090336, 'gamma': 2.0598853732517246, 'num_boost_rounds': 200}. Best is trial 352 with value: 0.017241.
2025-01-02 13:51:48 INFO     Trial 623 pruned. Trial was pruned at iteration 0.
2025-01-02 13:51:48 INFO     Trial 624 pruned. Trial was pruned at iteration 0.
2025-01-02 13:51:49 INFO     Trial 625 pruned. Trial was pruned at iteration 0.
2025-01-02 13:51:49 INFO     Trial 626 finished with value: 0.017143 and parameters: {'max_delta_step': 52.37983762330879, 'colsample_bytree': 0.5000970229153479, 'subsample': 0.7274398366781389, 'min_child_weight': 90.98065026037305, 'min_data_in_leaf': 19.86389651779165, 'lambda': 9.69907401326996, 'alpha': 0.9491093240958705, 'max_depth': 1, 'eta': 0.1964177200689545, 'gamma': 5.99503090390055, 'num_boost_rounds': 170}. Best is trial 352 with value: 0.017241.
2025-01-02 13:51:50 INFO     Trial 627 pruned. Trial was pruned at iteration 5.
2025-01-02 13:51:51 INFO     Trial 628 finished with value: 0.017139 and parameters: {'max_delta_step': 84.91410045670236, 'colsample_bytree': 0.5196867517143214, 'subsample': 0.6839403628461667, 'min_child_weight': 82.80476840950631, 'min_data_in_leaf': 16.68882605808991, 'lambda': 8.6303834159304, 'alpha': 1.135902808230342, 'max_depth': 1, 'eta': 0.19986578643156122, 'gamma': 5.8204547642894715, 'num_boost_rounds': 185}. Best is trial 352 with value: 0.017241.
2025-01-02 13:51:51 INFO     Trial 629 pruned. Trial was pruned at iteration 0.
2025-01-02 13:51:52 INFO     Trial 630 pruned. Trial was pruned at iteration 9.
2025-01-02 13:51:52 INFO     Trial 631 pruned. Trial was pruned at iteration 0.
2025-01-02 13:51:53 INFO     Trial 632 finished with value: 0.017143 and parameters: {'max_delta_step': 70.45282994941132, 'colsample_bytree': 0.5261347996244418, 'subsample': 0.7288285396242777, 'min_child_weight': 69.49029705359206, 'min_data_in_leaf': 17.13837232877614, 'lambda': 8.964493415345975, 'alpha': 1.0424482650799074, 'max_depth': 1, 'eta': 0.19580854176930684, 'gamma': 5.177259373549542, 'num_boost_rounds': 190}. Best is trial 352 with value: 0.017241.
2025-01-02 13:51:53 INFO     Trial 633 pruned. Trial was pruned at iteration 5.
2025-01-02 13:51:54 INFO     Trial 634 pruned. Trial was pruned at iteration 5.
2025-01-02 13:51:54 INFO     Trial 635 pruned. Trial was pruned at iteration 0.
2025-01-02 13:51:55 INFO     Trial 636 finished with value: 0.017143 and parameters: {'max_delta_step': 76.28528200550976, 'colsample_bytree': 0.5632915395597435, 'subsample': 0.7269240733261904, 'min_child_weight': 97.62550702072076, 'min_data_in_leaf': 17.723867414593155, 'lambda': 4.860550507473568, 'alpha': 1.2684420863575792, 'max_depth': 1, 'eta': 0.19608003666518606, 'gamma': 5.5431920640016665, 'num_boost_rounds': 175}. Best is trial 352 with value: 0.017241.
2025-01-02 13:51:55 INFO     Trial 637 finished with value: 0.017143 and parameters: {'max_delta_step': 56.19079507751282, 'colsample_bytree': 0.5273894970002787, 'subsample': 0.7180144101266597, 'min_child_weight': 5.305775560997077, 'min_data_in_leaf': 18.62813270944642, 'lambda': 4.18186768556682, 'alpha': 0.8461574991339453, 'max_depth': 1, 'eta': 0.1894996302692588, 'gamma': 1.2709572088696817, 'num_boost_rounds': 185}. Best is trial 352 with value: 0.017241.
2025-01-02 13:51:56 INFO     Trial 638 finished with value: 0.017137 and parameters: {'max_delta_step': 83.80516171111532, 'colsample_bytree': 0.5080261753313343, 'subsample': 0.7054974173208186, 'min_child_weight': 94.82287327145625, 'min_data_in_leaf': 18.057643242009842, 'lambda': 9.993747442756334, 'alpha': 1.4392413795119916, 'max_depth': 1, 'eta': 0.19297330190055098, 'gamma': 3.677708791905374, 'num_boost_rounds': 190}. Best is trial 352 with value: 0.017241.
2025-01-02 13:51:57 INFO     Trial 639 pruned. Trial was pruned at iteration 0.
2025-01-02 13:51:57 INFO     Trial 640 pruned. Trial was pruned at iteration 0.
2025-01-02 13:51:57 INFO     Trial 641 pruned. Trial was pruned at iteration 0.
2025-01-02 13:51:58 INFO     Trial 642 pruned. Trial was pruned at iteration 0.
2025-01-02 13:51:58 INFO     Trial 643 pruned. Trial was pruned at iteration 0.
2025-01-02 13:51:59 INFO     Trial 644 pruned. Trial was pruned at iteration 5.
2025-01-02 13:51:59 INFO     Trial 645 pruned. Trial was pruned at iteration 0.
