2025-01-02 17:37:05 INFO     Trial 15 finished with value: 0.016561 and parameters: {'max_delta_step': 97.60999497910522, 'colsample_bytree': 0.8893231591392858, 'subsample': 0.5019810079809415, 'min_child_weight': 23.737605040933857, 'min_data_in_leaf': 15.668658938590614, 'lambda': 3.942184009776512, 'alpha': 4.163028784666331, 'max_depth': 4, 'eta': 0.15124516787913417, 'gamma': 4.444641279117918, 'num_boost_rounds': 10}. Best is trial 0 with value: 0.016995.
2025-01-02 17:37:05 INFO     Trial 16 finished with value: 0.006536 and parameters: {'max_delta_step': 65.0119016724193, 'colsample_bytree': 0.6019704569831879, 'subsample': 0.7874851363217221, 'min_child_weight': 43.61497824565622, 'min_data_in_leaf': 12.05951543284041, 'lambda': 8.346809747114687, 'alpha': 1.5945877680402933, 'max_depth': 1, 'eta': 0.1867131277492454, 'gamma': 9.220274114774499, 'num_boost_rounds': 85}. Best is trial 0 with value: 0.016995.
2025-01-02 17:37:06 INFO     Trial 17 pruned. Trial was pruned at iteration 0.
2025-01-02 17:37:06 INFO     Trial 18 pruned. Trial was pruned at iteration 0.
2025-01-02 17:37:06 INFO     Trial 19 pruned. Trial was pruned at iteration 0.
2025-01-02 17:37:07 INFO     Trial 20 finished with value: 0.008332 and parameters: {'max_delta_step': 89.93163476539969, 'colsample_bytree': 0.7205971526248122, 'subsample': 0.9134610960322375, 'min_child_weight': 42.88712396120958, 'min_data_in_leaf': 14.333909772602754, 'lambda': 8.697763552918273, 'alpha': 3.99688779734665, 'max_depth': 1, 'eta': 0.27511916967158234, 'gamma': 0.6720097303613333, 'num_boost_rounds': 40}. Best is trial 0 with value: 0.016995.
2025-01-02 17:37:07 INFO     Trial 21 pruned. Trial was pruned at iteration 0.
2025-01-02 17:37:08 INFO     Trial 22 pruned. Trial was pruned at iteration 0.
2025-01-02 17:37:08 INFO     Trial 23 pruned. Trial was pruned at iteration 0.
2025-01-02 17:37:08 INFO     Trial 24 pruned. Trial was pruned at iteration 0.
2025-01-02 17:37:09 INFO     Trial 25 pruned. Trial was pruned at iteration 0.
2025-01-02 17:37:09 INFO     Trial 26 pruned. Trial was pruned at iteration 0.
2025-01-02 17:37:09 INFO     Trial 27 pruned. Trial was pruned at iteration 0.
2025-01-02 17:37:10 INFO     Trial 28 pruned. Trial was pruned at iteration 0.
2025-01-02 17:37:10 INFO     Trial 29 pruned. Trial was pruned at iteration 0.
2025-01-02 17:37:11 INFO     Trial 30 pruned. Trial was pruned at iteration 0.
2025-01-02 17:37:11 INFO     Trial 31 pruned. Trial was pruned at iteration 0.
2025-01-02 17:37:11 INFO     Trial 32 pruned. Trial was pruned at iteration 0.
2025-01-02 17:37:12 INFO     Trial 33 pruned. Trial was pruned at iteration 0.
2025-01-02 17:37:12 INFO     Trial 34 pruned. Trial was pruned at iteration 0.
2025-01-02 17:37:13 INFO     Trial 35 pruned. Trial was pruned at iteration 0.
2025-01-02 17:37:13 INFO     Trial 36 pruned. Trial was pruned at iteration 0.
2025-01-02 17:37:13 INFO     Trial 37 pruned. Trial was pruned at iteration 0.
2025-01-02 17:37:14 INFO     Trial 38 pruned. Trial was pruned at iteration 0.
2025-01-02 17:37:14 INFO     Trial 39 pruned. Trial was pruned at iteration 0.
2025-01-02 17:37:14 INFO     Trial 40 pruned. Trial was pruned at iteration 0.
2025-01-02 17:37:15 INFO     Trial 41 pruned. Trial was pruned at iteration 0.
2025-01-02 17:37:15 INFO     Trial 42 pruned. Trial was pruned at iteration 0.
2025-01-02 17:37:16 INFO     Trial 43 pruned. Trial was pruned at iteration 0.
2025-01-02 17:37:16 INFO     Trial 44 pruned. Trial was pruned at iteration 0.
2025-01-02 17:37:17 INFO     Trial 45 finished with value: 0.00871 and parameters: {'max_delta_step': 23.2413646250745, 'colsample_bytree': 0.7995780557451273, 'subsample': 0.9438119622422261, 'min_child_weight': 68.94306020255847, 'min_data_in_leaf': 14.590003138566912, 'lambda': 7.496514699993602, 'alpha': 8.585273095593859, 'max_depth': 1, 'eta': 0.21967278599426665, 'gamma': 9.746990645513254, 'num_boost_rounds': 115}. Best is trial 0 with value: 0.016995.
2025-01-02 17:37:17 INFO     Trial 46 pruned. Trial was pruned at iteration 0.
2025-01-02 17:37:17 INFO     Trial 47 pruned. Trial was pruned at iteration 0.
2025-01-02 17:37:18 INFO     Trial 48 pruned. Trial was pruned at iteration 0.
2025-01-02 17:37:18 INFO     Trial 49 pruned. Trial was pruned at iteration 0.
2025-01-02 17:37:18 INFO     Trial 50 pruned. Trial was pruned at iteration 0.
2025-01-02 17:37:19 INFO     Trial 51 finished with value: 0.017151 and parameters: {'max_delta_step': 88.64632679406303, 'colsample_bytree': 0.5077232698238145, 'subsample': 0.6737116846428013, 'min_child_weight': 84.41672103976835, 'min_data_in_leaf': 24.769086169960655, 'lambda': 0.09583777427565932, 'alpha': 5.3115771308094235, 'max_depth': 1, 'eta': 0.20747978558819588, 'gamma': 5.984026035227063, 'num_boost_rounds': 25}. Best is trial 51 with value: 0.017151.
2025-01-02 17:37:20 INFO     Trial 52 finished with value: 0.017139 and parameters: {'max_delta_step': 88.71785187791049, 'colsample_bytree': 0.5281504862489435, 'subsample': 0.6781131718006024, 'min_child_weight': 32.22340475281141, 'min_data_in_leaf': 23.862317148237175, 'lambda': 0.41976854005330977, 'alpha': 5.654402672910956, 'max_depth': 1, 'eta': 0.19754525577561946, 'gamma': 6.082753980164258, 'num_boost_rounds': 20}. Best is trial 51 with value: 0.017151.
2025-01-02 17:37:20 INFO     Trial 53 finished with value: 0.017137 and parameters: {'max_delta_step': 89.16368240267161, 'colsample_bytree': 0.5655737790961353, 'subsample': 0.6680266562524473, 'min_child_weight': 85.45688088368182, 'min_data_in_leaf': 23.60362650118517, 'lambda': 0.10704394148014895, 'alpha': 5.180112527220759, 'max_depth': 1, 'eta': 0.19727264821403323, 'gamma': 5.305084783423762, 'num_boost_rounds': 20}. Best is trial 51 with value: 0.017151.
2025-01-02 17:37:21 INFO     Trial 54 finished with value: 0.017137 and parameters: {'max_delta_step': 89.03125278574068, 'colsample_bytree': 0.537944165003646, 'subsample': 0.636025399356339, 'min_child_weight': 32.67936938198679, 'min_data_in_leaf': 23.151341576210037, 'lambda': 0.3675852685622852, 'alpha': 5.76107650206122, 'max_depth': 1, 'eta': 0.19362316028015106, 'gamma': 6.0995136391777915, 'num_boost_rounds': 20}. Best is trial 51 with value: 0.017151.
2025-01-02 17:37:21 INFO     Trial 55 finished with value: 0.017137 and parameters: {'max_delta_step': 88.84959936451786, 'colsample_bytree': 0.5301942949000579, 'subsample': 0.6780911340592891, 'min_child_weight': 83.7434455635185, 'min_data_in_leaf': 23.67242411750643, 'lambda': 0.2846451036692879, 'alpha': 5.751815843784424, 'max_depth': 1, 'eta': 0.1870760624998231, 'gamma': 5.963248202063723, 'num_boost_rounds': 20}. Best is trial 51 with value: 0.017151.
2025-01-02 17:37:22 INFO     Trial 56 finished with value: 0.006164 and parameters: {'max_delta_step': 89.37220586791099, 'colsample_bytree': 0.5287701948517457, 'subsample': 0.678042563213564, 'min_child_weight': 83.62947823904521, 'min_data_in_leaf': 23.810852661217936, 'lambda': 0.07098829006955076, 'alpha': 5.522322203373376, 'max_depth': 1, 'eta': 0.21774837449390574, 'gamma': 5.331983159753393, 'num_boost_rounds': 20}. Best is trial 51 with value: 0.017151.
2025-01-02 17:37:22 INFO     Trial 57 finished with value: 0.017137 and parameters: {'max_delta_step': 82.3659680238996, 'colsample_bytree': 0.564454058072705, 'subsample': 0.6373053790442749, 'min_child_weight': 33.768050073397745, 'min_data_in_leaf': 22.680101727503512, 'lambda': 0.4695369786573844, 'alpha': 5.14642730551033, 'max_depth': 1, 'eta': 0.198013777821922, 'gamma': 6.06194114388037, 'num_boost_rounds': 30}. Best is trial 51 with value: 0.017151.
2025-01-02 17:37:23 INFO     Trial 58 finished with value: 0.017137 and parameters: {'max_delta_step': 83.6060818789436, 'colsample_bytree': 0.5603521283267308, 'subsample': 0.6410638791507696, 'min_child_weight': 33.04537774782852, 'min_data_in_leaf': 22.659139751932706, 'lambda': 0.6907481060496448, 'alpha': 5.1765835069847395, 'max_depth': 1, 'eta': 0.1970313513681816, 'gamma': 6.09980662857209, 'num_boost_rounds': 30}. Best is trial 51 with value: 0.017151.
2025-01-02 17:37:24 INFO     Trial 59 finished with value: 0.017088 and parameters: {'max_delta_step': 75.11873809142895, 'colsample_bytree': 0.5546641754189057, 'subsample': 0.680105312725123, 'min_child_weight': 74.31872004760739, 'min_data_in_leaf': 25.274269373890903, 'lambda': 1.3887459053609026, 'alpha': 5.743507511920655, 'max_depth': 1, 'eta': 0.18247745536563398, 'gamma': 6.50550827707143, 'num_boost_rounds': 15}. Best is trial 51 with value: 0.017151.
2025-01-02 17:37:24 INFO     Trial 60 finished with value: 0.006164 and parameters: {'max_delta_step': 95.45249463237143, 'colsample_bytree': 0.5016670210731842, 'subsample': 0.632790470040438, 'min_child_weight': 86.41040192796076, 'min_data_in_leaf': 22.06317891240327, 'lambda': 0.35712361034766893, 'alpha': 6.266708925519364, 'max_depth': 1, 'eta': 0.22961842118816062, 'gamma': 5.944533962750003, 'num_boost_rounds': 40}. Best is trial 51 with value: 0.017151.
2025-01-02 17:37:25 INFO     Trial 61 finished with value: 0.017137 and parameters: {'max_delta_step': 84.79247015234506, 'colsample_bytree': 0.5707002670592207, 'subsample': 0.6529972390313863, 'min_child_weight': 33.69605357740387, 'min_data_in_leaf': 23.511390066148802, 'lambda': 0.8556599614823237, 'alpha': 4.960154144018829, 'max_depth': 1, 'eta': 0.19852843445874893, 'gamma': 6.02066020034236, 'num_boost_rounds': 25}. Best is trial 51 with value: 0.017151.
2025-01-02 17:37:25 INFO     Trial 62 finished with value: 0.017143 and parameters: {'max_delta_step': 79.85823581883305, 'colsample_bytree': 0.5287702561017592, 'subsample': 0.7236383603696472, 'min_child_weight': 28.935312342402224, 'min_data_in_leaf': 22.596003790810084, 'lambda': 0.5516438416860336, 'alpha': 5.128051514363893, 'max_depth': 1, 'eta': 0.19717883157761376, 'gamma': 5.235928268339983, 'num_boost_rounds': 30}. Best is trial 51 with value: 0.017151.
2025-01-02 17:37:26 INFO     Trial 63 finished with value: 0.017155 and parameters: {'max_delta_step': 80.34667983210359, 'colsample_bytree': 0.5284057639184795, 'subsample': 0.681441825090859, 'min_child_weight': 39.73249877295334, 'min_data_in_leaf': 24.312945548909944, 'lambda': 1.8034162714280118, 'alpha': 5.8363123182266285, 'max_depth': 1, 'eta': 0.2061392718155793, 'gamma': 5.171643145814771, 'num_boost_rounds': 15}. Best is trial 63 with value: 0.017155.
2025-01-02 17:37:27 INFO     Trial 64 finished with value: 0.011879 and parameters: {'max_delta_step': 89.55500598932193, 'colsample_bytree': 0.5242440806793129, 'subsample': 0.7174043578128437, 'min_child_weight': 27.444503621340125, 'min_data_in_leaf': 24.471023304080195, 'lambda': 1.7388252648727982, 'alpha': 5.852678761644724, 'max_depth': 1, 'eta': 0.2508524861457907, 'gamma': 5.181981234292705, 'num_boost_rounds': 15}. Best is trial 63 with value: 0.017155.
2025-01-02 17:37:27 INFO     Trial 65 finished with value: 0.017155 and parameters: {'max_delta_step': 78.72557360130259, 'colsample_bytree': 0.5421606011594925, 'subsample': 0.6803231016599793, 'min_child_weight': 40.578467874010556, 'min_data_in_leaf': 26.983993332175213, 'lambda': 1.134950765440474, 'alpha': 6.533273492375667, 'max_depth': 1, 'eta': 0.20923351685953945, 'gamma': 6.573439317543413, 'num_boost_rounds': 20}. Best is trial 63 with value: 0.017155.
2025-01-02 17:37:28 INFO     Trial 66 pruned. Trial was pruned at iteration 0.
2025-01-02 17:37:28 INFO     Trial 67 pruned. Trial was pruned at iteration 5.
2025-01-02 17:37:29 INFO     Trial 68 pruned. Trial was pruned at iteration 0.
2025-01-02 17:37:29 INFO     Trial 69 finished with value: 0.008883 and parameters: {'max_delta_step': 80.37452549128803, 'colsample_bytree': 0.5420314391077471, 'subsample': 0.6649680813302323, 'min_child_weight': 20.209162536161017, 'min_data_in_leaf': 26.75183707005518, 'lambda': 1.156024247221036, 'alpha': 4.315377397851066, 'max_depth': 1, 'eta': 0.26404795507075773, 'gamma': 4.760855492266304, 'num_boost_rounds': 25}. Best is trial 63 with value: 0.017155.
2025-01-02 17:37:30 INFO     Trial 70 pruned. Trial was pruned at iteration 5.
2025-01-02 17:37:30 INFO     Trial 71 pruned. Trial was pruned at iteration 5.
2025-01-02 17:37:31 INFO     Trial 72 finished with value: 0.017155 and parameters: {'max_delta_step': 89.69459148117787, 'colsample_bytree': 0.5220637019522835, 'subsample': 0.6622163901595055, 'min_child_weight': 41.20846586922818, 'min_data_in_leaf': 22.947314068488645, 'lambda': 0.9234636155808214, 'alpha': 5.764443654554536, 'max_depth': 1, 'eta': 0.20402452501695267, 'gamma': 7.122426152375667, 'num_boost_rounds': 10}. Best is trial 63 with value: 0.017155.
2025-01-02 17:37:31 INFO     Trial 73 finished with value: 0.017159 and parameters: {'max_delta_step': 91.40412067035128, 'colsample_bytree': 0.5167009265765548, 'subsample': 0.6249357188519932, 'min_child_weight': 40.69437233812214, 'min_data_in_leaf': 20.320002409579807, 'lambda': 0.9927364918987376, 'alpha': 4.6049846668794014, 'max_depth': 1, 'eta': 0.20520092694025993, 'gamma': 7.078396300270325, 'num_boost_rounds': 10}. Best is trial 73 with value: 0.017159.
2025-01-02 17:37:32 INFO     Trial 74 finished with value: 0.017155 and parameters: {'max_delta_step': 95.46274726822207, 'colsample_bytree': 0.5140424319057731, 'subsample': 0.6597328451799234, 'min_child_weight': 42.063512324207274, 'min_data_in_leaf': 20.318303570422962, 'lambda': 1.028712382625133, 'alpha': 4.704732072891218, 'max_depth': 1, 'eta': 0.20667547664739927, 'gamma': 7.13931462505727, 'num_boost_rounds': 10}. Best is trial 73 with value: 0.017159.
2025-01-02 17:37:33 INFO     Trial 75 finished with value: 0.017159 and parameters: {'max_delta_step': 96.03787627569436, 'colsample_bytree': 0.5202827536457071, 'subsample': 0.6227132129748411, 'min_child_weight': 44.56176466902758, 'min_data_in_leaf': 20.48310022949895, 'lambda': 0.9261412970676178, 'alpha': 4.619578874095214, 'max_depth': 1, 'eta': 0.20885064485030905, 'gamma': 7.060970817913688, 'num_boost_rounds': 10}. Best is trial 73 with value: 0.017159.
2025-01-02 17:37:33 INFO     Trial 76 finished with value: 0.017155 and parameters: {'max_delta_step': 95.63198808202226, 'colsample_bytree': 0.5164780104386922, 'subsample': 0.6196755701610916, 'min_child_weight': 44.00112779261829, 'min_data_in_leaf': 20.164366772770393, 'lambda': 1.0753993897756133, 'alpha': 4.520775707179361, 'max_depth': 1, 'eta': 0.20802917185121397, 'gamma': 7.187984391797395, 'num_boost_rounds': 10}. Best is trial 73 with value: 0.017159.
2025-01-02 17:37:34 INFO     Trial 77 pruned. Trial was pruned at iteration 0.
2025-01-02 17:37:34 INFO     Trial 78 finished with value: 0.008201 and parameters: {'max_delta_step': 92.75025357397931, 'colsample_bytree': 0.5009990720608074, 'subsample': 0.5789668505688252, 'min_child_weight': 45.24701134668929, 'min_data_in_leaf': 20.546297625162023, 'lambda': 2.122218517188172, 'alpha': 3.8472192399481635, 'max_depth': 1, 'eta': 0.22833317279247467, 'gamma': 7.809179327011123, 'num_boost_rounds': 10}. Best is trial 73 with value: 0.017159.
2025-01-02 17:37:35 INFO     Trial 79 finished with value: 0.006501 and parameters: {'max_delta_step': 94.96261597086522, 'colsample_bytree': 0.551585274475838, 'subsample': 0.5957691448089435, 'min_child_weight': 41.26807133233067, 'min_data_in_leaf': 19.265538742039546, 'lambda': 1.6565285624843256, 'alpha': 4.283041524409072, 'max_depth': 1, 'eta': 0.21516739701579443, 'gamma': 6.6157617973801734, 'num_boost_rounds': 10}. Best is trial 73 with value: 0.017159.
2025-01-02 17:37:35 INFO     Trial 80 pruned. Trial was pruned at iteration 0.
2025-01-02 17:37:36 INFO     Trial 81 finished with value: 0.017155 and parameters: {'max_delta_step': 92.64758945641618, 'colsample_bytree': 0.5454431536074016, 'subsample': 0.6545010372020047, 'min_child_weight': 38.41766264633314, 'min_data_in_leaf': 21.404753914176, 'lambda': 0.8223378112840173, 'alpha': 4.872033137340404, 'max_depth': 1, 'eta': 0.20527670758975336, 'gamma': 6.780126966977411, 'num_boost_rounds': 30}. Best is trial 73 with value: 0.017159.
2025-01-02 17:37:36 INFO     Trial 82 finished with value: 0.007856 and parameters: {'max_delta_step': 91.64415921880027, 'colsample_bytree': 0.5004961145743636, 'subsample': 0.6924485359751114, 'min_child_weight': 44.38917952874873, 'min_data_in_leaf': 20.96605288593907, 'lambda': 0.9638419283243462, 'alpha': 4.772344768343849, 'max_depth': 1, 'eta': 0.237865485791109, 'gamma': 7.5204108695714735, 'num_boost_rounds': 15}. Best is trial 73 with value: 0.017159.
2025-01-02 17:37:37 INFO     Trial 83 finished with value: 0.017155 and parameters: {'max_delta_step': 85.62293823050801, 'colsample_bytree': 0.5464858886112341, 'subsample': 0.6532941303950145, 'min_child_weight': 38.874901311770266, 'min_data_in_leaf': 20.139229517267864, 'lambda': 1.7561256091786408, 'alpha': 4.964163434004875, 'max_depth': 1, 'eta': 0.20540470453652412, 'gamma': 6.813344124753675, 'num_boost_rounds': 25}. Best is trial 73 with value: 0.017159.
2025-01-02 17:37:37 INFO     Trial 84 pruned. Trial was pruned at iteration 5.
2025-01-02 17:37:38 INFO     Trial 85 finished with value: 0.006078 and parameters: {'max_delta_step': 85.5538976738988, 'colsample_bytree': 0.5456598229575859, 'subsample': 0.6093349190506048, 'min_child_weight': 52.027154152303765, 'min_data_in_leaf': 21.876710009063245, 'lambda': 1.8898516369471228, 'alpha': 3.918205040434119, 'max_depth': 1, 'eta': 0.2212359291656632, 'gamma': 7.335136433184248, 'num_boost_rounds': 35}. Best is trial 73 with value: 0.017159.
2025-01-02 17:37:39 INFO     Trial 86 finished with value: 0.011511 and parameters: {'max_delta_step': 95.06912858167732, 'colsample_bytree': 0.52222924141926, 'subsample': 0.5679854590380364, 'min_child_weight': 39.97030324196673, 'min_data_in_leaf': 19.005143220101395, 'lambda': 2.3976907120791284, 'alpha': 4.447442835270856, 'max_depth': 1, 'eta': 0.23181017676521706, 'gamma': 6.86530109884295, 'num_boost_rounds': 15}. Best is trial 73 with value: 0.017159.
2025-01-02 17:37:39 INFO     Trial 87 pruned. Trial was pruned at iteration 5.
2025-01-02 17:37:40 INFO     Trial 88 pruned. Trial was pruned at iteration 5.
2025-01-02 17:37:40 INFO     Trial 89 finished with value: 0.017137 and parameters: {'max_delta_step': 85.39771795947608, 'colsample_bytree': 0.5502536555679475, 'subsample': 0.6024147228615702, 'min_child_weight': 46.20675320317568, 'min_data_in_leaf': 18.260902650168003, 'lambda': 0.8252465328222359, 'alpha': 5.986302482173133, 'max_depth': 1, 'eta': 0.20269807213651156, 'gamma': 7.09966343884019, 'num_boost_rounds': 15}. Best is trial 73 with value: 0.017159.
2025-01-02 17:37:41 INFO     Trial 90 pruned. Trial was pruned at iteration 5.
2025-01-02 17:37:41 INFO     Trial 91 finished with value: 0.017155 and parameters: {'max_delta_step': 86.78018128445328, 'colsample_bytree': 0.5130724526550008, 'subsample': 0.7100347281976982, 'min_child_weight': 49.051013403689204, 'min_data_in_leaf': 21.162743809483548, 'lambda': 0.6562548801583203, 'alpha': 5.465751707195813, 'max_depth': 1, 'eta': 0.21150615443400253, 'gamma': 6.784255609699504, 'num_boost_rounds': 25}. Best is trial 73 with value: 0.017159.
2025-01-02 17:37:42 INFO     Trial 92 finished with value: 0.006262 and parameters: {'max_delta_step': 99.89438069899529, 'colsample_bytree': 0.5371344992422634, 'subsample': 0.7080119826594216, 'min_child_weight': 49.072848886102186, 'min_data_in_leaf': 21.155089584748833, 'lambda': 3.0711191815277634, 'alpha': 5.321257026556214, 'max_depth': 1, 'eta': 0.2144415617786914, 'gamma': 7.57712867883169, 'num_boost_rounds': 25}. Best is trial 73 with value: 0.017159.
2025-01-02 17:37:43 INFO     Trial 93 finished with value: 0.006078 and parameters: {'max_delta_step': 94.87733350015596, 'colsample_bytree': 0.5180328006121893, 'subsample': 0.6921550755441063, 'min_child_weight': 41.98293461965999, 'min_data_in_leaf': 20.305131671666942, 'lambda': 1.4242391200621307, 'alpha': 4.19808628105401, 'max_depth': 1, 'eta': 0.22366165216255451, 'gamma': 6.803611355998458, 'num_boost_rounds': 25}. Best is trial 73 with value: 0.017159.
2025-01-02 17:37:43 INFO     Trial 94 pruned. Trial was pruned at iteration 5.
2025-01-02 17:37:44 INFO     Trial 95 pruned. Trial was pruned at iteration 0.
2025-01-02 17:37:44 INFO     Trial 96 finished with value: 0.017139 and parameters: {'max_delta_step': 86.74055726485793, 'colsample_bytree': 0.5540186253044154, 'subsample': 0.6162933352217288, 'min_child_weight': 44.87031448418425, 'min_data_in_leaf': 21.04859681491492, 'lambda': 1.2960656894911124, 'alpha': 4.610081057887312, 'max_depth': 1, 'eta': 0.2042485656316924, 'gamma': 6.279452068676325, 'num_boost_rounds': 35}. Best is trial 73 with value: 0.017159.
2025-01-02 17:37:45 INFO     Trial 97 pruned. Trial was pruned at iteration 5.
2025-01-02 17:37:45 INFO     Trial 98 finished with value: 0.006262 and parameters: {'max_delta_step': 96.89817347558659, 'colsample_bytree': 0.5198771717660777, 'subsample': 0.642406368087538, 'min_child_weight': 47.782686474079085, 'min_data_in_leaf': 29.124438273429, 'lambda': 2.3536275424407407, 'alpha': 3.413699226789152, 'max_depth': 1, 'eta': 0.21524981233364252, 'gamma': 7.034995049786311, 'num_boost_rounds': 15}. Best is trial 73 with value: 0.017159.
2025-01-02 17:37:46 INFO     Trial 99 finished with value: 0.006164 and parameters: {'max_delta_step': 90.62133992370043, 'colsample_bytree': 0.5346838220318595, 'subsample': 0.6874248509107943, 'min_child_weight': 41.762262642655564, 'min_data_in_leaf': 21.539162876768334, 'lambda': 0.7026732158089826, 'alpha': 5.022687784499846, 'max_depth': 1, 'eta': 0.2335728761249925, 'gamma': 8.25315875435956, 'num_boost_rounds': 20}. Best is trial 73 with value: 0.017159.
