2025-01-02 22:21:09 INFO     Trial 1486 finished with value: 0.018126 and parameters: {'max_delta_step': 78.14828080781102, 'colsample_bytree': 0.863268526868937, 'subsample': 0.832322422144999, 'min_child_weight': 26.062730013759666, 'min_data_in_leaf': 18.5346145270611, 'lambda': 2.09237595355953, 'alpha': 5.590336735188525, 'max_depth': 5, 'eta': 0.0001568306555141609, 'gamma': 5.143131300597558, 'num_boost_rounds': 150}. Best is trial 988 with value: 0.018126.
2025-01-02 22:21:09 INFO     Trial 1487 pruned. Trial was pruned at iteration 0.
2025-01-02 22:21:10 INFO     Trial 1488 pruned. Trial was pruned at iteration 2.
2025-01-02 22:21:10 INFO     Trial 1489 pruned. Trial was pruned at iteration 0.
2025-01-02 22:21:11 INFO     Trial 1490 pruned. Trial was pruned at iteration 1.
2025-01-02 22:21:11 INFO     Trial 1491 pruned. Trial was pruned at iteration 2.
2025-01-02 22:21:12 INFO     Trial 1492 pruned. Trial was pruned at iteration 0.
2025-01-02 22:21:12 INFO     Trial 1493 pruned. Trial was pruned at iteration 0.
2025-01-02 22:21:13 INFO     Trial 1494 pruned. Trial was pruned at iteration 2.
2025-01-02 22:21:14 INFO     Trial 1495 finished with value: 0.01778 and parameters: {'max_delta_step': 78.34432726586027, 'colsample_bytree': 0.8640264172690311, 'subsample': 0.8311271366031794, 'min_child_weight': 25.944730961370922, 'min_data_in_leaf': 13.009135913858263, 'lambda': 1.955201576442598, 'alpha': 5.696544354956898, 'max_depth': 5, 'eta': 0.0056479303706741205, 'gamma': 5.093494466599622, 'num_boost_rounds': 155}. Best is trial 988 with value: 0.018126.
2025-01-02 22:21:15 INFO     Trial 1496 finished with value: 0.016011 and parameters: {'max_delta_step': 81.5801527381131, 'colsample_bytree': 0.8678306521995124, 'subsample': 0.8194486168327648, 'min_child_weight': 27.95768956468479, 'min_data_in_leaf': 17.284547591052373, 'lambda': 1.9045874223231452, 'alpha': 4.936324763102429, 'max_depth': 5, 'eta': 0.010355726828523287, 'gamma': 5.1780462070073465, 'num_boost_rounds': 150}. Best is trial 988 with value: 0.018126.
2025-01-02 22:21:16 INFO     Trial 1497 pruned. Trial was pruned at iteration 0.
2025-01-02 22:21:17 INFO     Trial 1498 pruned. Trial was pruned at iteration 0.
2025-01-02 22:21:18 INFO     Trial 1499 pruned. Trial was pruned at iteration 0.
2025-01-02 22:21:19 INFO     Trial 1500 finished with value: 0.015915 and parameters: {'max_delta_step': 84.00854470364744, 'colsample_bytree': 0.8576222891636144, 'subsample': 0.8103333806613715, 'min_child_weight': 27.964757236683468, 'min_data_in_leaf': 16.15238502666505, 'lambda': 1.833792420477819, 'alpha': 5.30515511889309, 'max_depth': 5, 'eta': 0.01016256544713725, 'gamma': 5.177852701216263, 'num_boost_rounds': 155}. Best is trial 988 with value: 0.018126.
2025-01-02 22:21:20 INFO     Trial 1501 finished with value: 0.016594 and parameters: {'max_delta_step': 76.47077035530653, 'colsample_bytree': 0.8754710035733032, 'subsample': 0.8470910086134787, 'min_child_weight': 23.606757630210602, 'min_data_in_leaf': 12.951530322867608, 'lambda': 6.271946236738454, 'alpha': 5.858089710751829, 'max_depth': 5, 'eta': 0.005750034624607254, 'gamma': 4.992065722391727, 'num_boost_rounds': 145}. Best is trial 988 with value: 0.018126.
2025-01-02 22:21:21 INFO     Trial 1502 pruned. Trial was pruned at iteration 0.
2025-01-02 22:21:21 INFO     Trial 1503 pruned. Trial was pruned at iteration 0.
2025-01-02 22:21:22 INFO     Trial 1504 pruned. Trial was pruned at iteration 0.
2025-01-02 22:21:22 INFO     Trial 1505 pruned. Trial was pruned at iteration 0.
2025-01-02 22:21:23 INFO     Trial 1506 finished with value: 0.01684 and parameters: {'max_delta_step': 83.67560957681196, 'colsample_bytree': 0.8616019010412982, 'subsample': 0.850221127358591, 'min_child_weight': 24.71652696501262, 'min_data_in_leaf': 13.402721846858483, 'lambda': 1.6925691645912173, 'alpha': 4.9877776231272675, 'max_depth': 5, 'eta': 0.009238259693852505, 'gamma': 5.190586457393852, 'num_boost_rounds': 150}. Best is trial 988 with value: 0.018126.
2025-01-02 22:21:24 INFO     Trial 1507 pruned. Trial was pruned at iteration 0.
2025-01-02 22:21:25 INFO     Trial 1508 finished with value: 0.015671 and parameters: {'max_delta_step': 76.60507568126854, 'colsample_bytree': 0.8839622033884704, 'subsample': 0.8390809771997639, 'min_child_weight': 28.257644410781722, 'min_data_in_leaf': 17.426518870340516, 'lambda': 2.177471662566023, 'alpha': 6.169159111203161, 'max_depth': 5, 'eta': 0.01481782176766776, 'gamma': 4.2711892115407775, 'num_boost_rounds': 155}. Best is trial 988 with value: 0.018126.
2025-01-02 22:21:26 INFO     Trial 1509 finished with value: 0.016601 and parameters: {'max_delta_step': 82.0980927833806, 'colsample_bytree': 0.8766184716731253, 'subsample': 0.8290202271753709, 'min_child_weight': 22.360072108112213, 'min_data_in_leaf': 17.607671081894125, 'lambda': 1.9268730662091176, 'alpha': 5.3477433242858945, 'max_depth': 5, 'eta': 0.02306927933570365, 'gamma': 4.902778588815499, 'num_boost_rounds': 150}. Best is trial 988 with value: 0.018126.
2025-01-02 22:21:27 INFO     Trial 1510 finished with value: 0.016608 and parameters: {'max_delta_step': 75.5166763929004, 'colsample_bytree': 0.8641509262212601, 'subsample': 0.8466885251161037, 'min_child_weight': 26.10736235892566, 'min_data_in_leaf': 16.81606833680047, 'lambda': 1.3680213643988646, 'alpha': 5.935932732097857, 'max_depth': 5, 'eta': 0.01015635804359085, 'gamma': 6.010348890972942, 'num_boost_rounds': 160}. Best is trial 988 with value: 0.018126.
2025-01-02 22:21:28 INFO     Trial 1511 finished with value: 0.018108 and parameters: {'max_delta_step': 78.25791568583075, 'colsample_bytree': 0.8875087911939448, 'subsample': 0.8238552298561893, 'min_child_weight': 24.155378369831386, 'min_data_in_leaf': 15.52079248315176, 'lambda': 1.7276638861907179, 'alpha': 5.635929942380784, 'max_depth': 5, 'eta': 0.00614202847502794, 'gamma': 5.305525386910885, 'num_boost_rounds': 155}. Best is trial 988 with value: 0.018126.
2025-01-02 22:21:29 INFO     Trial 1512 finished with value: 0.015664 and parameters: {'max_delta_step': 78.09742742336321, 'colsample_bytree': 0.8898138880132858, 'subsample': 0.8120750203155758, 'min_child_weight': 21.891200873607723, 'min_data_in_leaf': 16.169006448924574, 'lambda': 1.7985234495397528, 'alpha': 5.5973242756883135, 'max_depth': 5, 'eta': 0.014809363183506957, 'gamma': 5.277010507103943, 'num_boost_rounds': 160}. Best is trial 988 with value: 0.018126.
2025-01-02 22:21:30 INFO     Trial 1513 finished with value: 0.016681 and parameters: {'max_delta_step': 78.45790316979243, 'colsample_bytree': 0.8751605058833197, 'subsample': 0.8192467962617026, 'min_child_weight': 20.74179553267847, 'min_data_in_leaf': 15.4553442823421, 'lambda': 2.030246350488857, 'alpha': 5.446777094173653, 'max_depth': 5, 'eta': 0.021733382490308813, 'gamma': 5.834390822519751, 'num_boost_rounds': 145}. Best is trial 988 with value: 0.018126.
2025-01-02 22:21:31 INFO     Trial 1514 pruned. Trial was pruned at iteration 2.
2025-01-02 22:21:32 INFO     Trial 1515 pruned. Trial was pruned at iteration 0.
2025-01-02 22:21:33 INFO     Trial 1516 finished with value: 0.018015 and parameters: {'max_delta_step': 77.03501022450628, 'colsample_bytree': 0.868924915871429, 'subsample': 0.8077608048743802, 'min_child_weight': 23.6381035185584, 'min_data_in_leaf': 16.407294889895052, 'lambda': 2.151309297858495, 'alpha': 5.386048501699039, 'max_depth': 5, 'eta': 0.00594981764659631, 'gamma': 5.3398733106658325, 'num_boost_rounds': 165}. Best is trial 988 with value: 0.018126.
2025-01-02 22:21:33 INFO     Trial 1517 finished with value: 0.016011 and parameters: {'max_delta_step': 74.91468527047023, 'colsample_bytree': 0.8940752379956284, 'subsample': 0.8211647911339353, 'min_child_weight': 20.278348912846916, 'min_data_in_leaf': 15.704249178861488, 'lambda': 1.6437366637257218, 'alpha': 5.097945691218061, 'max_depth': 5, 'eta': 0.012692520087948148, 'gamma': 6.011714581625129, 'num_boost_rounds': 160}. Best is trial 988 with value: 0.018126.
2025-01-02 22:21:34 INFO     Trial 1518 pruned. Trial was pruned at iteration 2.
2025-01-02 22:21:35 INFO     Trial 1519 pruned. Trial was pruned at iteration 0.
2025-01-02 22:21:36 INFO     Trial 1520 finished with value: 0.016594 and parameters: {'max_delta_step': 80.33293101730486, 'colsample_bytree': 0.8842937936152262, 'subsample': 0.8308459438338968, 'min_child_weight': 22.701639873185005, 'min_data_in_leaf': 17.965942497568232, 'lambda': 1.8989754541523833, 'alpha': 4.890113999657773, 'max_depth': 5, 'eta': 0.010582204817944457, 'gamma': 5.338884816501372, 'num_boost_rounds': 150}. Best is trial 988 with value: 0.018126.
2025-01-02 22:21:37 INFO     Trial 1521 finished with value: 0.018015 and parameters: {'max_delta_step': 74.97159982097845, 'colsample_bytree': 0.8760412801625811, 'subsample': 0.8103653700999287, 'min_child_weight': 25.152260961587093, 'min_data_in_leaf': 15.882112446826229, 'lambda': 2.1259892403817426, 'alpha': 5.543857814827293, 'max_depth': 5, 'eta': 0.005171622944086424, 'gamma': 5.5712966889991575, 'num_boost_rounds': 165}. Best is trial 988 with value: 0.018126.
2025-01-02 22:21:37 INFO     Trial 1522 finished with value: 0.016681 and parameters: {'max_delta_step': 78.17418694830168, 'colsample_bytree': 0.8602924411282029, 'subsample': 0.8222809481151867, 'min_child_weight': 21.79376450533422, 'min_data_in_leaf': 15.300860133293918, 'lambda': 1.662093471376163, 'alpha': 5.72523331129495, 'max_depth': 5, 'eta': 0.017988669511704705, 'gamma': 5.226892910892903, 'num_boost_rounds': 160}. Best is trial 988 with value: 0.018126.
2025-01-02 22:21:38 INFO     Trial 1523 finished with value: 0.01778 and parameters: {'max_delta_step': 80.5678475903191, 'colsample_bytree': 0.8966694415375841, 'subsample': 0.8313425325220292, 'min_child_weight': 24.496056318537537, 'min_data_in_leaf': 19.289550887463964, 'lambda': 1.6146657298301332, 'alpha': 5.353047896236219, 'max_depth': 5, 'eta': 0.005851844490990547, 'gamma': 5.441176402028613, 'num_boost_rounds': 155}. Best is trial 988 with value: 0.018126.
2025-01-02 22:21:39 INFO     Trial 1524 finished with value: 0.016594 and parameters: {'max_delta_step': 74.95878430062734, 'colsample_bytree': 0.8694749947590152, 'subsample': 0.8388519363161002, 'min_child_weight': 21.051454623094628, 'min_data_in_leaf': 15.752933090532185, 'lambda': 1.87581807980176, 'alpha': 5.099368815421914, 'max_depth': 5, 'eta': 0.013963970370028427, 'gamma': 5.742502580197843, 'num_boost_rounds': 160}. Best is trial 988 with value: 0.018126.
2025-01-02 22:21:40 INFO     Trial 1525 pruned. Trial was pruned at iteration 0.
2025-01-02 22:21:40 INFO     Trial 1526 pruned. Trial was pruned at iteration 2.
2025-01-02 22:21:41 INFO     Trial 1527 pruned. Trial was pruned at iteration 5.
2025-01-02 22:21:42 INFO     Trial 1528 finished with value: 0.017738 and parameters: {'max_delta_step': 79.24543536059308, 'colsample_bytree': 0.8913902031760674, 'subsample': 0.8361168646861555, 'min_child_weight': 20.161692527340996, 'min_data_in_leaf': 16.707643518851622, 'lambda': 1.7967708238076114, 'alpha': 5.322150970892829, 'max_depth': 5, 'eta': 0.006010045154125272, 'gamma': 4.9922585215182815, 'num_boost_rounds': 145}. Best is trial 988 with value: 0.018126.
2025-01-02 22:21:43 INFO     Trial 1529 finished with value: 0.016011 and parameters: {'max_delta_step': 73.79307874660988, 'colsample_bytree': 0.9017658006308952, 'subsample': 0.8204959022325713, 'min_child_weight': 23.878879967994607, 'min_data_in_leaf': 15.915012403665722, 'lambda': 1.970624005838518, 'alpha': 4.935490123870105, 'max_depth': 5, 'eta': 0.015584312476508665, 'gamma': 5.811695363198536, 'num_boost_rounds': 155}. Best is trial 988 with value: 0.018126.
2025-01-02 22:21:45 INFO     Trial 1530 finished with value: 0.01778 and parameters: {'max_delta_step': 81.74802645482978, 'colsample_bytree': 0.883045851957591, 'subsample': 0.8371054268910393, 'min_child_weight': 27.299482693442638, 'min_data_in_leaf': 15.30707973256054, 'lambda': 1.7081186241029245, 'alpha': 5.560223563174804, 'max_depth': 5, 'eta': 0.005306620413643963, 'gamma': 5.584755208065621, 'num_boost_rounds': 150}. Best is trial 988 with value: 0.018126.
2025-01-02 22:21:46 INFO     Trial 1531 pruned. Trial was pruned at iteration 5.
2025-01-02 22:21:46 INFO     Trial 1532 finished with value: 0.01778 and parameters: {'max_delta_step': 78.21108445442586, 'colsample_bytree': 0.8715342824666497, 'subsample': 0.8421054689337152, 'min_child_weight': 25.475572761673302, 'min_data_in_leaf': 12.936167688631704, 'lambda': 1.5639272584695538, 'alpha': 5.854071350135543, 'max_depth': 5, 'eta': 0.00016664243548575794, 'gamma': 5.218147175814823, 'num_boost_rounds': 165}. Best is trial 988 with value: 0.018126.
2025-01-02 22:21:47 INFO     Trial 1533 finished with value: 0.017182 and parameters: {'max_delta_step': 75.25106736488864, 'colsample_bytree': 0.8954954713170029, 'subsample': 0.8183285870990847, 'min_child_weight': 21.971422591511956, 'min_data_in_leaf': 15.563365177454418, 'lambda': 1.418531353577702, 'alpha': 5.671950015094621, 'max_depth': 5, 'eta': 0.0054367014057714646, 'gamma': 5.496250267223396, 'num_boost_rounds': 155}. Best is trial 988 with value: 0.018126.
2025-01-02 22:21:48 INFO     Trial 1534 pruned. Trial was pruned at iteration 2.
2025-01-02 22:21:48 INFO     Trial 1535 pruned. Trial was pruned at iteration 0.
2025-01-02 22:21:49 INFO     Trial 1536 finished with value: 0.017738 and parameters: {'max_delta_step': 81.53976769366624, 'colsample_bytree': 0.9048145905004168, 'subsample': 0.8349615990636559, 'min_child_weight': 19.89661265776543, 'min_data_in_leaf': 16.159998079502174, 'lambda': 2.1756810314089714, 'alpha': 4.757230043638019, 'max_depth': 5, 'eta': 0.00568276625554717, 'gamma': 6.0465041236923, 'num_boost_rounds': 150}. Best is trial 988 with value: 0.018126.
2025-01-02 22:21:50 INFO     Trial 1537 finished with value: 0.016927 and parameters: {'max_delta_step': 76.63014312057217, 'colsample_bytree': 0.8575378834041723, 'subsample': 0.824443132293833, 'min_child_weight': 24.970688280869357, 'min_data_in_leaf': 15.355764087649469, 'lambda': 1.3567256714089777, 'alpha': 5.061083495096178, 'max_depth': 5, 'eta': 0.013608518565010833, 'gamma': 5.001370645929756, 'num_boost_rounds': 155}. Best is trial 988 with value: 0.018126.
2025-01-02 22:21:51 INFO     Trial 1538 pruned. Trial was pruned at iteration 1.
2025-01-02 22:21:51 INFO     Trial 1539 pruned. Trial was pruned at iteration 0.
2025-01-02 22:21:52 INFO     Trial 1540 pruned. Trial was pruned at iteration 0.
2025-01-02 22:21:52 INFO     Trial 1541 finished with value: 0.018126 and parameters: {'max_delta_step': 78.08954186834845, 'colsample_bytree': 0.9149213944248825, 'subsample': 0.834105543514653, 'min_child_weight': 21.952317915551046, 'min_data_in_leaf': 12.891624041280703, 'lambda': 1.628079369010318, 'alpha': 5.850697553992818, 'max_depth': 5, 'eta': 0.00012125031369121194, 'gamma': 5.152470044488727, 'num_boost_rounds': 155}. Best is trial 988 with value: 0.018126.
2025-01-02 22:21:53 INFO     Trial 1542 finished with value: 0.01576 and parameters: {'max_delta_step': 76.50462540511977, 'colsample_bytree': 0.9180354808564222, 'subsample': 0.8075450464216698, 'min_child_weight': 20.570256853450324, 'min_data_in_leaf': 12.746405254607232, 'lambda': 1.755144121285642, 'alpha': 5.001335979533981, 'max_depth': 5, 'eta': 0.01828563207398752, 'gamma': 4.937592054151489, 'num_boost_rounds': 165}. Best is trial 988 with value: 0.018126.
2025-01-02 22:21:54 INFO     Trial 1543 pruned. Trial was pruned at iteration 0.
2025-01-02 22:21:55 INFO     Trial 1544 finished with value: 0.016011 and parameters: {'max_delta_step': 77.99318581828682, 'colsample_bytree': 0.9206407026946929, 'subsample': 0.8171271679460913, 'min_child_weight': 22.01524740455434, 'min_data_in_leaf': 12.705831530365018, 'lambda': 1.8519924684751115, 'alpha': 5.258377630465121, 'max_depth': 5, 'eta': 0.01051532258197579, 'gamma': 4.821615471091089, 'num_boost_rounds': 160}. Best is trial 988 with value: 0.018126.
2025-01-02 22:21:55 INFO     Trial 1545 pruned. Trial was pruned at iteration 0.
2025-01-02 22:21:56 INFO     Trial 1546 pruned. Trial was pruned at iteration 0.
2025-01-02 22:21:56 INFO     Trial 1547 finished with value: 0.017182 and parameters: {'max_delta_step': 79.0838311200159, 'colsample_bytree': 0.9202892317861884, 'subsample': 0.8192579746320432, 'min_child_weight': 22.515658846738095, 'min_data_in_leaf': 15.636060373705044, 'lambda': 1.8370663096754147, 'alpha': 5.151419247999251, 'max_depth': 5, 'eta': 0.0001813511462917521, 'gamma': 5.158869662087373, 'num_boost_rounds': 160}. Best is trial 988 with value: 0.018126.
2025-01-02 22:21:57 INFO     Trial 1548 finished with value: 0.016551 and parameters: {'max_delta_step': 77.53843960275721, 'colsample_bytree': 0.9117897290302677, 'subsample': 0.8365709164661266, 'min_child_weight': 19.64162021446985, 'min_data_in_leaf': 15.158723727239526, 'lambda': 1.5070046890745488, 'alpha': 4.838447029182788, 'max_depth': 5, 'eta': 0.009748471591785813, 'gamma': 5.2568348201648325, 'num_boost_rounds': 150}. Best is trial 988 with value: 0.018126.
2025-01-02 22:21:58 INFO     Trial 1549 pruned. Trial was pruned at iteration 0.
2025-01-02 22:21:59 INFO     Trial 1550 finished with value: 0.016594 and parameters: {'max_delta_step': 79.69139742239176, 'colsample_bytree': 0.9184428298702292, 'subsample': 0.8369906192150854, 'min_child_weight': 21.650936775682634, 'min_data_in_leaf': 17.283504248710727, 'lambda': 1.9954151706233796, 'alpha': 5.386848419554147, 'max_depth': 5, 'eta': 0.018647746560274615, 'gamma': 5.342574890987502, 'num_boost_rounds': 165}. Best is trial 988 with value: 0.018126.
2025-01-02 22:22:00 INFO     Trial 1551 finished with value: 0.016011 and parameters: {'max_delta_step': 76.76815700684496, 'colsample_bytree': 0.9057574640936876, 'subsample': 0.8192751594219314, 'min_child_weight': 23.30153651028632, 'min_data_in_leaf': 15.883255335456385, 'lambda': 1.6030033624248732, 'alpha': 5.588589144818626, 'max_depth': 5, 'eta': 0.0051639009558522905, 'gamma': 5.127583405585793, 'num_boost_rounds': 155}. Best is trial 988 with value: 0.018126.
2025-01-02 22:22:01 INFO     Trial 1552 finished with value: 0.016594 and parameters: {'max_delta_step': 74.3456807910848, 'colsample_bytree': 0.8996090834451018, 'subsample': 0.82889034528519, 'min_child_weight': 20.96385826368178, 'min_data_in_leaf': 16.41628628090766, 'lambda': 2.177471918863171, 'alpha': 5.882618191465007, 'max_depth': 5, 'eta': 0.010300960983024616, 'gamma': 4.901167382081246, 'num_boost_rounds': 145}. Best is trial 988 with value: 0.018126.
2025-01-02 22:22:02 INFO     Trial 1553 pruned. Trial was pruned at iteration 0.
2025-01-02 22:22:03 INFO     Trial 1554 finished with value: 0.016594 and parameters: {'max_delta_step': 78.12134233871807, 'colsample_bytree': 0.9177139140505037, 'subsample': 0.835966245885294, 'min_child_weight': 23.608309003809808, 'min_data_in_leaf': 15.228114997282729, 'lambda': 1.8356877281504544, 'alpha': 5.315788000033687, 'max_depth': 5, 'eta': 0.014566940446720258, 'gamma': 5.34803249558711, 'num_boost_rounds': 155}. Best is trial 988 with value: 0.018126.
2025-01-02 22:22:04 INFO     Trial 1555 finished with value: 0.01684 and parameters: {'max_delta_step': 72.88436959160686, 'colsample_bytree': 0.9023170016195287, 'subsample': 0.8488915854884217, 'min_child_weight': 22.039198532860453, 'min_data_in_leaf': 13.839048023119345, 'lambda': 2.045485837742371, 'alpha': 4.69042762779643, 'max_depth': 5, 'eta': 0.0056456831148028845, 'gamma': 4.705462826560371, 'num_boost_rounds': 150}. Best is trial 988 with value: 0.018126.
2025-01-02 22:22:04 INFO     Trial 1556 finished with value: 0.016681 and parameters: {'max_delta_step': 76.49476356284771, 'colsample_bytree': 0.8582671429517802, 'subsample': 0.8249954374852773, 'min_child_weight': 24.291427447086527, 'min_data_in_leaf': 16.732380400143562, 'lambda': 1.6662199376067885, 'alpha': 5.631676667601784, 'max_depth': 5, 'eta': 0.022065543958300037, 'gamma': 5.074629808468139, 'num_boost_rounds': 170}. Best is trial 988 with value: 0.018126.
2025-01-02 22:22:05 INFO     Trial 1557 finished with value: 0.016594 and parameters: {'max_delta_step': 80.70113773547402, 'colsample_bytree': 0.9073695102295869, 'subsample': 0.8390477847414582, 'min_child_weight': 21.887721663057786, 'min_data_in_leaf': 15.689576948999077, 'lambda': 2.2039121302759512, 'alpha': 5.44647988635091, 'max_depth': 5, 'eta': 0.009636917599818317, 'gamma': 5.38172694156557, 'num_boost_rounds': 165}. Best is trial 988 with value: 0.018126.
2025-01-02 22:22:06 INFO     Trial 1558 finished with value: 0.016978 and parameters: {'max_delta_step': 79.42143156130089, 'colsample_bytree': 0.8669559660083354, 'subsample': 0.8079693926837466, 'min_child_weight': 19.476087364212685, 'min_data_in_leaf': 12.763042879825623, 'lambda': 1.3485757262453903, 'alpha': 5.898492623129039, 'max_depth': 5, 'eta': 0.005286532413144413, 'gamma': 4.857194273294003, 'num_boost_rounds': 155}. Best is trial 988 with value: 0.018126.
2025-01-02 22:22:07 INFO     Trial 1559 pruned. Trial was pruned at iteration 2.
2025-01-02 22:22:07 INFO     Trial 1560 pruned. Trial was pruned at iteration 0.
2025-01-02 22:22:08 INFO     Trial 1561 finished with value: 0.01684 and parameters: {'max_delta_step': 73.79828628395259, 'colsample_bytree': 0.9203504191382841, 'subsample': 0.8506510247844492, 'min_child_weight': 25.847048077634295, 'min_data_in_leaf': 15.271277511384449, 'lambda': 1.9474672983661245, 'alpha': 5.709336444151428, 'max_depth': 5, 'eta': 0.009196192570919028, 'gamma': 5.455451309503006, 'num_boost_rounds': 150}. Best is trial 988 with value: 0.018126.
