2025-01-02 22:11:24 INFO     Trial 477 pruned. Trial was pruned at iteration 5.
2025-01-02 22:11:25 INFO     Trial 478 pruned. Trial was pruned at iteration 5.
2025-01-02 22:11:26 INFO     Trial 479 finished with value: 0.016869 and parameters: {'max_delta_step': 82.70761399225152, 'colsample_bytree': 0.9545076050141145, 'subsample': 0.7450579736754374, 'min_child_weight': 22.785600937861908, 'min_data_in_leaf': 13.250187845632546, 'lambda': 2.5598425718805067, 'alpha': 2.6236133099484453, 'max_depth': 5, 'eta': 0.061104169432024735, 'gamma': 3.209264928499164, 'num_boost_rounds': 130}. Best is trial 232 with value: 0.017226.
2025-01-02 22:11:26 INFO     Trial 480 pruned. Trial was pruned at iteration 5.
2025-01-02 22:11:27 INFO     Trial 481 pruned. Trial was pruned at iteration 0.
2025-01-02 22:11:27 INFO     Trial 482 pruned. Trial was pruned at iteration 0.
2025-01-02 22:11:28 INFO     Trial 483 finished with value: 0.017022 and parameters: {'max_delta_step': 95.92081412415799, 'colsample_bytree': 0.9432715582419986, 'subsample': 0.774087218708118, 'min_child_weight': 25.104743413143133, 'min_data_in_leaf': 21.399833517604062, 'lambda': 3.328047371639866, 'alpha': 6.582043706615391, 'max_depth': 5, 'eta': 0.0554481249372473, 'gamma': 3.40327240424117, 'num_boost_rounds': 130}. Best is trial 232 with value: 0.017226.
2025-01-02 22:11:28 INFO     Trial 484 finished with value: 0.016192 and parameters: {'max_delta_step': 96.0652794256456, 'colsample_bytree': 0.9455785121176667, 'subsample': 0.7867833648655393, 'min_child_weight': 24.8606313479227, 'min_data_in_leaf': 22.696084593063457, 'lambda': 3.679010216273692, 'alpha': 4.56298530831043, 'max_depth': 5, 'eta': 0.06619974783959579, 'gamma': 3.3996941274249735, 'num_boost_rounds': 130}. Best is trial 232 with value: 0.017226.
2025-01-02 22:11:29 INFO     Trial 485 pruned. Trial was pruned at iteration 0.
2025-01-02 22:11:29 INFO     Trial 486 pruned. Trial was pruned at iteration 5.
2025-01-02 22:11:30 INFO     Trial 487 pruned. Trial was pruned at iteration 5.
2025-01-02 22:11:31 INFO     Trial 488 finished with value: 0.016163 and parameters: {'max_delta_step': 96.56092154779658, 'colsample_bytree': 0.9996558195583527, 'subsample': 0.7643816966941228, 'min_child_weight': 23.68312886870205, 'min_data_in_leaf': 20.423904901043308, 'lambda': 2.144752241656873, 'alpha': 6.521656977895033, 'max_depth': 5, 'eta': 0.05425163471545032, 'gamma': 3.449561330751633, 'num_boost_rounds': 130}. Best is trial 232 with value: 0.017226.
2025-01-02 22:11:31 INFO     Trial 489 pruned. Trial was pruned at iteration 0.
2025-01-02 22:11:32 INFO     Trial 490 pruned. Trial was pruned at iteration 0.
2025-01-02 22:11:32 INFO     Trial 491 pruned. Trial was pruned at iteration 5.
2025-01-02 22:11:33 INFO     Trial 492 pruned. Trial was pruned at iteration 5.
2025-01-02 22:11:33 INFO     Trial 493 pruned. Trial was pruned at iteration 0.
2025-01-02 22:11:34 INFO     Trial 494 finished with value: 0.016949 and parameters: {'max_delta_step': 97.57836691987711, 'colsample_bytree': 0.956143497746129, 'subsample': 0.7660365624355033, 'min_child_weight': 18.662344584573102, 'min_data_in_leaf': 10.529354420906017, 'lambda': 3.373320696464576, 'alpha': 6.870233289822787, 'max_depth': 5, 'eta': 0.04363381478214252, 'gamma': 3.024647071949653, 'num_boost_rounds': 130}. Best is trial 232 with value: 0.017226.
2025-01-02 22:11:34 INFO     Trial 495 pruned. Trial was pruned at iteration 0.
2025-01-02 22:11:35 INFO     Trial 496 finished with value: 0.017051 and parameters: {'max_delta_step': 94.82006668212169, 'colsample_bytree': 0.92218483392271, 'subsample': 0.8023071210006336, 'min_child_weight': 20.731253956705796, 'min_data_in_leaf': 20.168989667086763, 'lambda': 2.610574417409874, 'alpha': 6.153297843919203, 'max_depth': 5, 'eta': 0.03757821852609345, 'gamma': 6.52755527552554, 'num_boost_rounds': 125}. Best is trial 232 with value: 0.017226.
2025-01-02 22:11:36 INFO     Trial 497 finished with value: 0.015878 and parameters: {'max_delta_step': 91.50347670495727, 'colsample_bytree': 0.9928596880654762, 'subsample': 0.809884047581964, 'min_child_weight': 22.672797591037607, 'min_data_in_leaf': 19.575389393757902, 'lambda': 2.787677702223643, 'alpha': 6.302122525162937, 'max_depth': 5, 'eta': 0.03619588420291548, 'gamma': 6.538844079598532, 'num_boost_rounds': 120}. Best is trial 232 with value: 0.017226.
2025-01-02 22:11:37 INFO     Trial 498 finished with value: 0.015775 and parameters: {'max_delta_step': 94.02925876348104, 'colsample_bytree': 0.925304491798439, 'subsample': 0.8059346082842993, 'min_child_weight': 25.449462856058823, 'min_data_in_leaf': 20.007399715124595, 'lambda': 2.6160322491448222, 'alpha': 6.065894142490781, 'max_depth': 5, 'eta': 0.02883270287767577, 'gamma': 6.761806883673366, 'num_boost_rounds': 125}. Best is trial 232 with value: 0.017226.
2025-01-02 22:11:37 INFO     Trial 499 pruned. Trial was pruned at iteration 5.
2025-01-02 22:11:38 INFO     Trial 500 pruned. Trial was pruned at iteration 0.
2025-01-02 22:11:38 INFO     Trial 501 finished with value: 0.015915 and parameters: {'max_delta_step': 94.51059041592816, 'colsample_bytree': 0.9651329809209559, 'subsample': 0.7820622367019886, 'min_child_weight': 27.48341557914438, 'min_data_in_leaf': 23.75183124162982, 'lambda': 9.299732538512902, 'alpha': 6.152601302576749, 'max_depth': 5, 'eta': 0.009508526586256155, 'gamma': 6.975844048073097, 'num_boost_rounds': 120}. Best is trial 232 with value: 0.017226.
2025-01-02 22:11:39 INFO     Trial 502 finished with value: 0.016833 and parameters: {'max_delta_step': 91.4546842471565, 'colsample_bytree': 0.9877352964737998, 'subsample': 0.8012890750305112, 'min_child_weight': 23.221285959954695, 'min_data_in_leaf': 21.530710789921038, 'lambda': 2.736516437027518, 'alpha': 6.460365144917892, 'max_depth': 5, 'eta': 0.020378183668003674, 'gamma': 6.530800052632221, 'num_boost_rounds': 135}. Best is trial 232 with value: 0.017226.
2025-01-02 22:11:40 INFO     Trial 503 finished with value: 0.017051 and parameters: {'max_delta_step': 95.9623137587252, 'colsample_bytree': 0.975537016138361, 'subsample': 0.7797279473644108, 'min_child_weight': 18.80401833044032, 'min_data_in_leaf': 21.31972134447728, 'lambda': 3.1557098697647232, 'alpha': 2.6177337057831256, 'max_depth': 5, 'eta': 0.03904307792174214, 'gamma': 6.796903207237157, 'num_boost_rounds': 125}. Best is trial 232 with value: 0.017226.
2025-01-02 22:11:40 INFO     Trial 504 pruned. Trial was pruned at iteration 5.
2025-01-02 22:11:41 INFO     Trial 505 finished with value: 0.015878 and parameters: {'max_delta_step': 96.7660283074414, 'colsample_bytree': 0.9816205453349494, 'subsample': 0.7788356667854366, 'min_child_weight': 18.158077956490978, 'min_data_in_leaf': 21.11839974110802, 'lambda': 2.917954304579041, 'alpha': 3.0157678975546633, 'max_depth': 5, 'eta': 0.03201813304787665, 'gamma': 7.14235400367119, 'num_boost_rounds': 130}. Best is trial 232 with value: 0.017226.
2025-01-02 22:11:42 INFO     Trial 506 pruned. Trial was pruned at iteration 5.
2025-01-02 22:11:42 INFO     Trial 507 pruned. Trial was pruned at iteration 0.
2025-01-02 22:11:43 INFO     Trial 508 finished with value: 0.01692 and parameters: {'max_delta_step': 95.15181922997043, 'colsample_bytree': 0.9885701855900887, 'subsample': 0.8008422752566204, 'min_child_weight': 19.04941992935995, 'min_data_in_leaf': 21.468333427952086, 'lambda': 3.241984609849969, 'alpha': 3.307751473205588, 'max_depth': 5, 'eta': 0.041650321721597695, 'gamma': 6.426170335040639, 'num_boost_rounds': 115}. Best is trial 232 with value: 0.017226.
2025-01-02 22:11:43 INFO     Trial 509 finished with value: 0.015878 and parameters: {'max_delta_step': 97.97114340943442, 'colsample_bytree': 0.9614453963213248, 'subsample': 0.8078583047679977, 'min_child_weight': 21.21413865159964, 'min_data_in_leaf': 20.03645614487104, 'lambda': 3.028406555742446, 'alpha': 2.3263340710690943, 'max_depth': 5, 'eta': 0.03496810174918714, 'gamma': 6.20294428954053, 'num_boost_rounds': 130}. Best is trial 232 with value: 0.017226.
2025-01-02 22:11:44 INFO     Trial 510 finished with value: 0.016971 and parameters: {'max_delta_step': 96.15005324065895, 'colsample_bytree': 0.9751481581363205, 'subsample': 0.772180867853643, 'min_child_weight': 14.914345913895144, 'min_data_in_leaf': 23.035902716679043, 'lambda': 3.447461044682125, 'alpha': 2.8472656185159884, 'max_depth': 5, 'eta': 0.046114177400466694, 'gamma': 6.8102430221951735, 'num_boost_rounds': 125}. Best is trial 232 with value: 0.017226.
2025-01-02 22:11:44 INFO     Trial 511 pruned. Trial was pruned at iteration 0.
2025-01-02 22:11:45 INFO     Trial 512 finished with value: 0.016163 and parameters: {'max_delta_step': 98.27365480771365, 'colsample_bytree': 0.9848278968575607, 'subsample': 0.7744277893445238, 'min_child_weight': 24.796703642320036, 'min_data_in_leaf': 20.032087377782393, 'lambda': 3.691598297762336, 'alpha': 2.145489806490215, 'max_depth': 5, 'eta': 0.048618174872983616, 'gamma': 6.3256829341618195, 'num_boost_rounds': 120}. Best is trial 232 with value: 0.017226.
2025-01-02 22:11:46 INFO     Trial 513 pruned. Trial was pruned at iteration 0.
2025-01-02 22:11:46 INFO     Trial 514 finished with value: 0.015642 and parameters: {'max_delta_step': 90.50031730630889, 'colsample_bytree': 0.9912869953583007, 'subsample': 0.7696215957504864, 'min_child_weight': 17.523512787434754, 'min_data_in_leaf': 21.801119802024033, 'lambda': 3.1450505163697966, 'alpha': 1.6984296995177421, 'max_depth': 5, 'eta': 0.032431588119088875, 'gamma': 7.168980654692102, 'num_boost_rounds': 135}. Best is trial 232 with value: 0.017226.
2025-01-02 22:11:47 INFO     Trial 515 pruned. Trial was pruned at iteration 0.
2025-01-02 22:11:47 INFO     Trial 516 finished with value: 0.016818 and parameters: {'max_delta_step': 93.28186949409877, 'colsample_bytree': 0.9766527931335631, 'subsample': 0.7659164441048782, 'min_child_weight': 16.022598212561963, 'min_data_in_leaf': 19.29045989355181, 'lambda': 2.5335101594045475, 'alpha': 2.090930535373241, 'max_depth': 5, 'eta': 0.04322059161138481, 'gamma': 6.743389314943652, 'num_boost_rounds': 130}. Best is trial 232 with value: 0.017226.
2025-01-02 22:11:48 INFO     Trial 517 pruned. Trial was pruned at iteration 0.
2025-01-02 22:11:49 INFO     Trial 518 finished with value: 0.017182 and parameters: {'max_delta_step': 94.79326577591415, 'colsample_bytree': 0.9204764445568011, 'subsample': 0.776647191573353, 'min_child_weight': 24.381839343443968, 'min_data_in_leaf': 21.001095028965363, 'lambda': 2.948133580104469, 'alpha': 6.214475891281129, 'max_depth': 5, 'eta': 0.039399273831849685, 'gamma': 7.392487539126048, 'num_boost_rounds': 140}. Best is trial 232 with value: 0.017226.
2025-01-02 22:11:49 INFO     Trial 519 pruned. Trial was pruned at iteration 5.
2025-01-02 22:11:50 INFO     Trial 520 pruned. Trial was pruned at iteration 0.
2025-01-02 22:11:50 INFO     Trial 521 finished with value: 0.016956 and parameters: {'max_delta_step': 93.81737909032132, 'colsample_bytree': 0.9325488989720775, 'subsample': 0.7936380875765571, 'min_child_weight': 23.054806080186122, 'min_data_in_leaf': 21.236331779345726, 'lambda': 2.879879380821733, 'alpha': 6.278466255473216, 'max_depth': 5, 'eta': 0.03741821654452046, 'gamma': 6.995400799690729, 'num_boost_rounds': 140}. Best is trial 232 with value: 0.017226.
2025-01-02 22:11:51 INFO     Trial 522 finished with value: 0.015878 and parameters: {'max_delta_step': 95.12149649102822, 'colsample_bytree': 0.9189454427943521, 'subsample': 0.7755728246408335, 'min_child_weight': 17.931157280125777, 'min_data_in_leaf': 20.80216261817567, 'lambda': 3.3646493200383767, 'alpha': 6.2431015093338695, 'max_depth': 5, 'eta': 0.038949239112472465, 'gamma': 7.38741813683077, 'num_boost_rounds': 140}. Best is trial 232 with value: 0.017226.
2025-01-02 22:11:51 INFO     Trial 523 pruned. Trial was pruned at iteration 0.
2025-01-02 22:11:52 INFO     Trial 524 pruned. Trial was pruned at iteration 0.
2025-01-02 22:11:53 INFO     Trial 525 finished with value: 0.016956 and parameters: {'max_delta_step': 88.87812798710956, 'colsample_bytree': 0.949038504993984, 'subsample': 0.7702065160286368, 'min_child_weight': 22.31969776453358, 'min_data_in_leaf': 22.1468569565199, 'lambda': 3.819469258175418, 'alpha': 6.343820418265104, 'max_depth': 5, 'eta': 0.04288779588689699, 'gamma': 6.5335683320859665, 'num_boost_rounds': 135}. Best is trial 232 with value: 0.017226.
2025-01-02 22:11:53 INFO     Trial 526 finished with value: 0.016912 and parameters: {'max_delta_step': 94.79964500672328, 'colsample_bytree': 0.9412623824353321, 'subsample': 0.7989558816430236, 'min_child_weight': 14.988039041110582, 'min_data_in_leaf': 21.08753848645794, 'lambda': 2.953338133348309, 'alpha': 2.5192265606563717, 'max_depth': 5, 'eta': 0.04843955800196074, 'gamma': 7.18079050812875, 'num_boost_rounds': 150}. Best is trial 232 with value: 0.017226.
2025-01-02 22:11:54 INFO     Trial 527 finished with value: 0.015878 and parameters: {'max_delta_step': 96.33070413053285, 'colsample_bytree': 0.9292602655243154, 'subsample': 0.776498954462801, 'min_child_weight': 17.0441359848954, 'min_data_in_leaf': 22.022937417870814, 'lambda': 2.729275572337477, 'alpha': 2.286054703401369, 'max_depth': 5, 'eta': 0.034471886754207606, 'gamma': 6.566903107938478, 'num_boost_rounds': 115}. Best is trial 232 with value: 0.017226.
2025-01-02 22:11:54 INFO     Trial 528 finished with value: 0.016949 and parameters: {'max_delta_step': 92.38169228450285, 'colsample_bytree': 0.937645096477326, 'subsample': 0.7638509162079942, 'min_child_weight': 26.639674930284976, 'min_data_in_leaf': 20.469743389682574, 'lambda': 2.5581547415330355, 'alpha': 1.8959509385076538, 'max_depth': 5, 'eta': 0.0408126493453117, 'gamma': 7.75144382799521, 'num_boost_rounds': 130}. Best is trial 232 with value: 0.017226.
2025-01-02 22:11:55 INFO     Trial 529 pruned. Trial was pruned at iteration 0.
2025-01-02 22:11:56 INFO     Trial 530 finished with value: 0.016011 and parameters: {'max_delta_step': 98.42665857600693, 'colsample_bytree': 0.9593195299514127, 'subsample': 0.7760741099024796, 'min_child_weight': 24.299472626277176, 'min_data_in_leaf': 20.837450764311658, 'lambda': 3.124868305360992, 'alpha': 6.154309300109697, 'max_depth': 5, 'eta': 0.029644389476581625, 'gamma': 7.042973902034046, 'num_boost_rounds': 135}. Best is trial 232 with value: 0.017226.
2025-01-02 22:11:56 INFO     Trial 531 pruned. Trial was pruned at iteration 0.
2025-01-02 22:11:57 INFO     Trial 532 finished with value: 0.016971 and parameters: {'max_delta_step': 94.15401268642756, 'colsample_bytree': 0.9627423174117407, 'subsample': 0.8055097296239394, 'min_child_weight': 21.518115621838703, 'min_data_in_leaf': 10.812869337164617, 'lambda': 2.1757058849905935, 'alpha': 5.781294944529147, 'max_depth': 5, 'eta': 0.047414079162121814, 'gamma': 6.407218338227181, 'num_boost_rounds': 140}. Best is trial 232 with value: 0.017226.
2025-01-02 22:11:57 INFO     Trial 533 finished with value: 0.016876 and parameters: {'max_delta_step': 90.4873338948485, 'colsample_bytree': 0.9197657263781082, 'subsample': 0.7514557818955385, 'min_child_weight': 16.299566863115587, 'min_data_in_leaf': 20.2343739321481, 'lambda': 2.802263171103648, 'alpha': 2.8981535785288663, 'max_depth': 5, 'eta': 0.059908606441092534, 'gamma': 6.697378848970734, 'num_boost_rounds': 125}. Best is trial 232 with value: 0.017226.
2025-01-02 22:11:58 INFO     Trial 534 pruned. Trial was pruned at iteration 5.
2025-01-02 22:11:59 INFO     Trial 535 pruned. Trial was pruned at iteration 0.
2025-01-02 22:11:59 INFO     Trial 536 pruned. Trial was pruned at iteration 0.
2025-01-02 22:11:59 INFO     Trial 537 pruned. Trial was pruned at iteration 0.
2025-01-02 22:12:00 INFO     Trial 538 pruned. Trial was pruned at iteration 5.
2025-01-02 22:12:00 INFO     Trial 539 pruned. Trial was pruned at iteration 0.
2025-01-02 22:12:01 INFO     Trial 540 pruned. Trial was pruned at iteration 0.
2025-01-02 22:12:01 INFO     Trial 541 pruned. Trial was pruned at iteration 0.
2025-01-02 22:12:02 INFO     Trial 542 finished with value: 0.015863 and parameters: {'max_delta_step': 95.45834831406655, 'colsample_bytree': 0.9293011922354261, 'subsample': 0.7574425614276151, 'min_child_weight': 18.94230301597817, 'min_data_in_leaf': 12.46608411965305, 'lambda': 2.506018820387163, 'alpha': 1.8697191388998127, 'max_depth': 5, 'eta': 0.03363240406929333, 'gamma': 6.893737904590597, 'num_boost_rounds': 130}. Best is trial 232 with value: 0.017226.
2025-01-02 22:12:03 INFO     Trial 543 pruned. Trial was pruned at iteration 5.
2025-01-02 22:12:03 INFO     Trial 544 pruned. Trial was pruned at iteration 0.
2025-01-02 22:12:04 INFO     Trial 545 pruned. Trial was pruned at iteration 5.
2025-01-02 22:12:04 INFO     Trial 546 finished with value: 0.016833 and parameters: {'max_delta_step': 93.60215038813135, 'colsample_bytree': 0.9561501402837762, 'subsample': 0.7491284111369568, 'min_child_weight': 23.190249065644316, 'min_data_in_leaf': 12.044335815055874, 'lambda': 3.5355191945301456, 'alpha': 1.607532121846942, 'max_depth': 5, 'eta': 0.05623682151781276, 'gamma': 6.450875085452089, 'num_boost_rounds': 130}. Best is trial 232 with value: 0.017226.
2025-01-02 22:12:05 INFO     Trial 547 finished with value: 0.017314 and parameters: {'max_delta_step': 89.95676523422665, 'colsample_bytree': 0.9247054226853756, 'subsample': 0.7758209338903822, 'min_child_weight': 26.58603074634452, 'min_data_in_leaf': 12.64710565337083, 'lambda': 2.9246426316245118, 'alpha': 9.16006269663736, 'max_depth': 5, 'eta': 0.04712444625012945, 'gamma': 6.149087193424054, 'num_boost_rounds': 125}. Best is trial 547 with value: 0.017314.
2025-01-02 22:12:05 INFO     Trial 548 pruned. Trial was pruned at iteration 0.
2025-01-02 22:12:06 INFO     Trial 549 pruned. Trial was pruned at iteration 5.
2025-01-02 22:12:07 INFO     Trial 550 pruned. Trial was pruned at iteration 5.
2025-01-02 22:12:07 INFO     Trial 551 pruned. Trial was pruned at iteration 5.
2025-01-02 22:12:08 INFO     Trial 552 pruned. Trial was pruned at iteration 0.
2025-01-02 22:12:08 INFO     Trial 553 pruned. Trial was pruned at iteration 5.
2025-01-02 22:12:09 INFO     Trial 554 pruned. Trial was pruned at iteration 0.
2025-01-02 22:12:09 INFO     Trial 555 pruned. Trial was pruned at iteration 0.
2025-01-02 22:12:10 INFO     Trial 556 finished with value: 0.016818 and parameters: {'max_delta_step': 83.57345711809654, 'colsample_bytree': 0.9265193902033141, 'subsample': 0.7662420860233475, 'min_child_weight': 17.118869522505655, 'min_data_in_leaf': 13.144715161713776, 'lambda': 3.3204474528125965, 'alpha': 6.17101067041264, 'max_depth': 5, 'eta': 0.0497232576153269, 'gamma': 5.604125750534456, 'num_boost_rounds': 115}. Best is trial 547 with value: 0.017314.
2025-01-02 22:12:10 INFO     Trial 557 pruned. Trial was pruned at iteration 0.
2025-01-02 22:12:11 INFO     Trial 558 pruned. Trial was pruned at iteration 5.
2025-01-02 22:12:11 INFO     Trial 559 finished with value: 0.017211 and parameters: {'max_delta_step': 92.50864509913636, 'colsample_bytree': 0.9883359907354593, 'subsample': 0.7771499714010652, 'min_child_weight': 21.02318732586404, 'min_data_in_leaf': 13.29618638716007, 'lambda': 2.4843688971963616, 'alpha': 6.2684715789490175, 'max_depth': 5, 'eta': 0.06905071750127535, 'gamma': 6.019630949627674, 'num_boost_rounds': 130}. Best is trial 547 with value: 0.017314.
2025-01-02 22:12:12 INFO     Trial 560 pruned. Trial was pruned at iteration 0.
2025-01-02 22:12:12 INFO     Trial 561 pruned. Trial was pruned at iteration 5.
2025-01-02 22:12:13 INFO     Trial 562 pruned. Trial was pruned at iteration 0.
2025-01-02 22:12:13 INFO     Trial 563 pruned. Trial was pruned at iteration 0.
2025-01-02 22:12:14 INFO     Trial 564 pruned. Trial was pruned at iteration 0.
2025-01-02 22:12:14 INFO     Trial 565 pruned. Trial was pruned at iteration 0.
2025-01-02 22:12:14 INFO     Trial 566 pruned. Trial was pruned at iteration 0.
2025-01-02 22:12:15 INFO     Trial 567 pruned. Trial was pruned at iteration 0.
2025-01-02 22:12:15 INFO     Trial 568 pruned. Trial was pruned at iteration 5.
2025-01-02 22:12:16 INFO     Trial 569 pruned. Trial was pruned at iteration 5.
2025-01-02 22:12:17 INFO     Trial 570 pruned. Trial was pruned at iteration 5.
2025-01-02 22:12:17 INFO     Trial 571 pruned. Trial was pruned at iteration 5.
2025-01-02 22:12:18 INFO     Trial 572 pruned. Trial was pruned at iteration 5.
2025-01-02 22:12:18 INFO     Trial 573 pruned. Trial was pruned at iteration 0.
2025-01-02 22:12:19 INFO     Trial 574 finished with value: 0.016558 and parameters: {'max_delta_step': 93.45969135535573, 'colsample_bytree': 0.9927952313291319, 'subsample': 0.756447555806469, 'min_child_weight': 17.32947285800434, 'min_data_in_leaf': 13.730089532109872, 'lambda': 3.8051581051244407, 'alpha': 6.022021695682926, 'max_depth': 5, 'eta': 0.020401084392548362, 'gamma': 6.258376043909578, 'num_boost_rounds': 125}. Best is trial 547 with value: 0.017314.
2025-01-02 22:12:20 INFO     Trial 575 finished with value: 0.016949 and parameters: {'max_delta_step': 91.36221538931487, 'colsample_bytree': 0.9649798463283423, 'subsample': 0.7697554655426632, 'min_child_weight': 21.844254543841338, 'min_data_in_leaf': 22.34474785576775, 'lambda': 2.6263751279455865, 'alpha': 6.531036608745168, 'max_depth': 5, 'eta': 0.04290857053166511, 'gamma': 5.309366120360056, 'num_boost_rounds': 120}. Best is trial 547 with value: 0.017314.
2025-01-02 22:12:20 INFO     Trial 576 pruned. Trial was pruned at iteration 0.
2025-01-02 22:12:21 INFO     Trial 577 pruned. Trial was pruned at iteration 0.
