2025-01-02 13:47:44 INFO     Trial 143 finished with value: 0.017143 and parameters: {'max_delta_step': 61.372216774884365, 'colsample_bytree': 0.5199227155727163, 'subsample': 0.7230084570589058, 'min_child_weight': 80.73876952465406, 'min_data_in_leaf': 19.246268215875062, 'lambda': 9.969548685754908, 'alpha': 1.182428886872053, 'max_depth': 1, 'eta': 0.19956286568314757, 'gamma': 3.447856245950901, 'num_boost_rounds': 190}. Best is trial 70 with value: 0.017143.
2025-01-02 13:47:44 INFO     Trial 144 finished with value: 0.017143 and parameters: {'max_delta_step': 57.98455282874641, 'colsample_bytree': 0.5219565247275649, 'subsample': 0.7213217665921035, 'min_child_weight': 81.04240904014148, 'min_data_in_leaf': 18.258205612535136, 'lambda': 9.995710587339634, 'alpha': 1.2142302132671574, 'max_depth': 1, 'eta': 0.1911674515151384, 'gamma': 3.524386994710471, 'num_boost_rounds': 180}. Best is trial 70 with value: 0.017143.
2025-01-02 13:47:45 INFO     Trial 145 pruned. Trial was pruned at iteration 0.
2025-01-02 13:47:45 INFO     Trial 146 finished with value: 0.017143 and parameters: {'max_delta_step': 53.89950599234943, 'colsample_bytree': 0.5050272864678189, 'subsample': 0.7253878948245823, 'min_child_weight': 99.87286232430515, 'min_data_in_leaf': 18.554926696894466, 'lambda': 9.577466620305087, 'alpha': 1.13270779268493, 'max_depth': 1, 'eta': 0.1912734965250693, 'gamma': 3.576509747095863, 'num_boost_rounds': 190}. Best is trial 70 with value: 0.017143.
2025-01-02 13:47:46 INFO     Trial 147 finished with value: 0.017143 and parameters: {'max_delta_step': 56.344463969253894, 'colsample_bytree': 0.5109197111233835, 'subsample': 0.7239346833188688, 'min_child_weight': 97.99540562051992, 'min_data_in_leaf': 18.294797891567743, 'lambda': 9.69388726636467, 'alpha': 1.0838655358943, 'max_depth': 1, 'eta': 0.1912360487672936, 'gamma': 3.9454391642953195, 'num_boost_rounds': 180}. Best is trial 70 with value: 0.017143.
2025-01-02 13:47:47 INFO     Trial 148 finished with value: 0.017143 and parameters: {'max_delta_step': 72.49490633827625, 'colsample_bytree': 0.500160269566569, 'subsample': 0.7240829620230125, 'min_child_weight': 99.67090323370708, 'min_data_in_leaf': 18.411551311506024, 'lambda': 9.997169895397704, 'alpha': 1.1316220523366403, 'max_depth': 1, 'eta': 0.19054488462985303, 'gamma': 4.1151571955475825, 'num_boost_rounds': 180}. Best is trial 70 with value: 0.017143.
2025-01-02 13:47:47 INFO     Trial 149 finished with value: 0.017143 and parameters: {'max_delta_step': 70.73377638060352, 'colsample_bytree': 0.5020758797742975, 'subsample': 0.7268966286503067, 'min_child_weight': 99.83495956379475, 'min_data_in_leaf': 18.352114464603083, 'lambda': 9.752038409333702, 'alpha': 1.1156187353485132, 'max_depth': 1, 'eta': 0.19082411691916443, 'gamma': 4.2052203188634945, 'num_boost_rounds': 180}. Best is trial 70 with value: 0.017143.
2025-01-02 13:47:48 INFO     Trial 150 pruned. Trial was pruned at iteration 0.
2025-01-02 13:47:48 INFO     Trial 151 finished with value: 0.017143 and parameters: {'max_delta_step': 76.01649634839391, 'colsample_bytree': 0.5090007870102862, 'subsample': 0.7235924605937487, 'min_child_weight': 98.3789636017139, 'min_data_in_leaf': 18.302090744241433, 'lambda': 9.829410028188809, 'alpha': 1.2140002952753053, 'max_depth': 1, 'eta': 0.19529313081224386, 'gamma': 4.041175479886223, 'num_boost_rounds': 185}. Best is trial 70 with value: 0.017143.
2025-01-02 13:47:49 INFO     Trial 152 pruned. Trial was pruned at iteration 0.
2025-01-02 13:47:49 INFO     Trial 153 pruned. Trial was pruned at iteration 0.
2025-01-02 13:47:49 INFO     Trial 154 pruned. Trial was pruned at iteration 0.
2025-01-02 13:47:50 INFO     Trial 155 pruned. Trial was pruned at iteration 0.
2025-01-02 13:47:50 INFO     Trial 156 finished with value: 0.017143 and parameters: {'max_delta_step': 73.93068747302635, 'colsample_bytree': 0.5217672731163655, 'subsample': 0.7248286924046098, 'min_child_weight': 99.99957106277164, 'min_data_in_leaf': 18.433207023932393, 'lambda': 9.195623001561508, 'alpha': 1.0636469214189923, 'max_depth': 1, 'eta': 0.1896157533939631, 'gamma': 5.083682914047699, 'num_boost_rounds': 190}. Best is trial 70 with value: 0.017143.
2025-01-02 13:47:51 INFO     Trial 157 finished with value: 0.017088 and parameters: {'max_delta_step': 74.58760191663957, 'colsample_bytree': 0.5204921440707515, 'subsample': 0.7282749249649004, 'min_child_weight': 99.94999262514821, 'min_data_in_leaf': 18.400712884863797, 'lambda': 9.253791280271402, 'alpha': 1.1411483147832504, 'max_depth': 1, 'eta': 0.17812344300742858, 'gamma': 5.583129041089157, 'num_boost_rounds': 190}. Best is trial 70 with value: 0.017143.
2025-01-02 13:47:51 INFO     Trial 158 pruned. Trial was pruned at iteration 0.
2025-01-02 13:47:52 INFO     Trial 159 finished with value: 0.017143 and parameters: {'max_delta_step': 76.15454718860205, 'colsample_bytree': 0.5004014157143607, 'subsample': 0.7177127112275377, 'min_child_weight': 97.83802819710853, 'min_data_in_leaf': 16.931180561278882, 'lambda': 9.981522390006315, 'alpha': 1.3036808107519544, 'max_depth': 1, 'eta': 0.19407194864543253, 'gamma': 4.118466358934917, 'num_boost_rounds': 185}. Best is trial 70 with value: 0.017143.
2025-01-02 13:47:53 INFO     Trial 160 pruned. Trial was pruned at iteration 0.
2025-01-02 13:47:53 INFO     Trial 161 finished with value: 0.017143 and parameters: {'max_delta_step': 75.75667845625176, 'colsample_bytree': 0.5287926712630364, 'subsample': 0.7271979981642183, 'min_child_weight': 74.2908052025312, 'min_data_in_leaf': 18.597803589502824, 'lambda': 9.784241122295208, 'alpha': 0.8457603886418894, 'max_depth': 1, 'eta': 0.19451004631387156, 'gamma': 5.322292631624807, 'num_boost_rounds': 190}. Best is trial 70 with value: 0.017143.
2025-01-02 13:47:54 INFO     Trial 162 pruned. Trial was pruned at iteration 0.
2025-01-02 13:47:54 INFO     Trial 163 finished with value: 0.017088 and parameters: {'max_delta_step': 77.24746364782321, 'colsample_bytree': 0.511920381872859, 'subsample': 0.7205070195447564, 'min_child_weight': 99.79355511377518, 'min_data_in_leaf': 18.536329238889277, 'lambda': 9.820637047929887, 'alpha': 1.0816583519394336, 'max_depth': 1, 'eta': 0.18468024884924425, 'gamma': 5.2459888662582985, 'num_boost_rounds': 190}. Best is trial 70 with value: 0.017143.
2025-01-02 13:47:55 INFO     Trial 164 pruned. Trial was pruned at iteration 0.
2025-01-02 13:47:55 INFO     Trial 165 finished with value: 0.017143 and parameters: {'max_delta_step': 81.59617805881153, 'colsample_bytree': 0.5326702519349704, 'subsample': 0.7118380042083405, 'min_child_weight': 75.3209765333235, 'min_data_in_leaf': 19.574225109424013, 'lambda': 9.507647866266495, 'alpha': 0.8816817918661533, 'max_depth': 1, 'eta': 0.19572653732150683, 'gamma': 6.032957451211722, 'num_boost_rounds': 170}. Best is trial 70 with value: 0.017143.
2025-01-02 13:47:56 INFO     Trial 166 pruned. Trial was pruned at iteration 0.
2025-01-02 13:47:56 INFO     Trial 167 finished with value: 0.017137 and parameters: {'max_delta_step': 80.12920643131162, 'colsample_bytree': 0.5128107550873136, 'subsample': 0.7063385892005782, 'min_child_weight': 70.81584818732173, 'min_data_in_leaf': 20.043469244170797, 'lambda': 9.045717777336113, 'alpha': 0.6483610379130689, 'max_depth': 1, 'eta': 0.1933717502483355, 'gamma': 4.537613428861496, 'num_boost_rounds': 185}. Best is trial 70 with value: 0.017143.
2025-01-02 13:47:57 INFO     Trial 168 pruned. Trial was pruned at iteration 0.
2025-01-02 13:47:57 INFO     Trial 169 finished with value: 0.017143 and parameters: {'max_delta_step': 82.76045286620415, 'colsample_bytree': 0.5089993498628, 'subsample': 0.723298327351943, 'min_child_weight': 68.3639784312776, 'min_data_in_leaf': 18.02923369895654, 'lambda': 9.671943455076503, 'alpha': 1.1133628250281733, 'max_depth': 1, 'eta': 0.19624891639348518, 'gamma': 5.897236555681874, 'num_boost_rounds': 190}. Best is trial 70 with value: 0.017143.
2025-01-02 13:47:58 INFO     Trial 170 pruned. Trial was pruned at iteration 0.
2025-01-02 13:47:58 INFO     Trial 171 finished with value: 0.017143 and parameters: {'max_delta_step': 79.76793997563601, 'colsample_bytree': 0.506324011389685, 'subsample': 0.7254913981125878, 'min_child_weight': 69.4279949580158, 'min_data_in_leaf': 18.03273945983782, 'lambda': 3.170897739221348, 'alpha': 1.1121623408668495, 'max_depth': 1, 'eta': 0.19268332928639909, 'gamma': 5.865968498417518, 'num_boost_rounds': 190}. Best is trial 70 with value: 0.017143.
2025-01-02 13:47:59 INFO     Trial 172 finished with value: 0.017143 and parameters: {'max_delta_step': 82.50475204748204, 'colsample_bytree': 0.5182120763481508, 'subsample': 0.7180750112135823, 'min_child_weight': 75.67905519814097, 'min_data_in_leaf': 19.303216061456162, 'lambda': 9.652435319854598, 'alpha': 0.8749673694793668, 'max_depth': 1, 'eta': 0.19593151570793646, 'gamma': 5.952354838912495, 'num_boost_rounds': 180}. Best is trial 70 with value: 0.017143.
2025-01-02 13:47:59 INFO     Trial 173 pruned. Trial was pruned at iteration 0.
2025-01-02 13:48:00 INFO     Trial 174 finished with value: 0.017137 and parameters: {'max_delta_step': 74.13989618787204, 'colsample_bytree': 0.5168287402082417, 'subsample': 0.707376340436807, 'min_child_weight': 48.77227917556054, 'min_data_in_leaf': 18.74369024068458, 'lambda': 2.1850232027058665, 'alpha': 0.9786087125431999, 'max_depth': 1, 'eta': 0.19520093289671356, 'gamma': 6.820351405525147, 'num_boost_rounds': 185}. Best is trial 70 with value: 0.017143.
2025-01-02 13:48:01 INFO     Trial 175 finished with value: 0.01711 and parameters: {'max_delta_step': 69.57691201325312, 'colsample_bytree': 0.5262898562653342, 'subsample': 0.7236583539745953, 'min_child_weight': 73.80153736196591, 'min_data_in_leaf': 19.720645796859884, 'lambda': 9.449897666092252, 'alpha': 0.6995342178162217, 'max_depth': 1, 'eta': 0.18654188126369892, 'gamma': 6.027537256314852, 'num_boost_rounds': 180}. Best is trial 70 with value: 0.017143.
2025-01-02 13:48:01 INFO     Trial 176 pruned. Trial was pruned at iteration 0.
2025-01-02 13:48:01 INFO     Trial 177 pruned. Trial was pruned at iteration 0.
2025-01-02 13:48:02 INFO     Trial 178 finished with value: 0.017088 and parameters: {'max_delta_step': 85.54060767304561, 'colsample_bytree': 0.5364610664190582, 'subsample': 0.703512652589694, 'min_child_weight': 96.35966423779081, 'min_data_in_leaf': 19.207856169922234, 'lambda': 9.625722213864382, 'alpha': 1.1269646959084958, 'max_depth': 1, 'eta': 0.18094317207005245, 'gamma': 5.72088311798192, 'num_boost_rounds': 185}. Best is trial 70 with value: 0.017143.
2025-01-02 13:48:02 INFO     Trial 179 pruned. Trial was pruned at iteration 0.
2025-01-02 13:48:03 INFO     Trial 180 finished with value: 0.017143 and parameters: {'max_delta_step': 70.56201587650962, 'colsample_bytree': 0.5001518136663615, 'subsample': 0.72389948955899, 'min_child_weight': 79.77655753470013, 'min_data_in_leaf': 18.96052216828847, 'lambda': 9.992219194064607, 'alpha': 0.8521862530825433, 'max_depth': 1, 'eta': 0.19153408486495377, 'gamma': 3.899617505726783, 'num_boost_rounds': 195}. Best is trial 70 with value: 0.017143.
2025-01-02 13:48:04 INFO     Trial 181 finished with value: 0.017143 and parameters: {'max_delta_step': 78.48679586433553, 'colsample_bytree': 0.5105499923752211, 'subsample': 0.7278548760067847, 'min_child_weight': 69.20024338743953, 'min_data_in_leaf': 18.02920135386361, 'lambda': 2.5257040750276643, 'alpha': 1.107032258274101, 'max_depth': 1, 'eta': 0.19333074704613454, 'gamma': 5.819350499438533, 'num_boost_rounds': 190}. Best is trial 70 with value: 0.017143.
2025-01-02 13:48:04 INFO     Trial 182 pruned. Trial was pruned at iteration 0.
2025-01-02 13:48:04 INFO     Trial 183 pruned. Trial was pruned at iteration 0.
2025-01-02 13:48:05 INFO     Trial 184 finished with value: 0.017088 and parameters: {'max_delta_step': 87.05241847858865, 'colsample_bytree': 0.5201936316123345, 'subsample': 0.7290224501647861, 'min_child_weight': 72.53508678202661, 'min_data_in_leaf': 17.18594274286335, 'lambda': 4.973444242833886, 'alpha': 0.9940930219996215, 'max_depth': 1, 'eta': 0.18489784854615018, 'gamma': 4.383766904929999, 'num_boost_rounds': 180}. Best is trial 70 with value: 0.017143.
2025-01-02 13:48:06 INFO     Trial 185 finished with value: 0.017137 and parameters: {'max_delta_step': 80.447925987318, 'colsample_bytree': 0.5293230549568143, 'subsample': 0.7053219368894109, 'min_child_weight': 63.005590094125026, 'min_data_in_leaf': 17.882004882519833, 'lambda': 4.356164384240338, 'alpha': 0.7638878303693727, 'max_depth': 1, 'eta': 0.1880564857075885, 'gamma': 6.046958555099682, 'num_boost_rounds': 195}. Best is trial 70 with value: 0.017143.
2025-01-02 13:48:06 INFO     Trial 186 pruned. Trial was pruned at iteration 6.
2025-01-02 13:48:06 INFO     Trial 187 pruned. Trial was pruned at iteration 0.
2025-01-02 13:48:07 INFO     Trial 188 pruned. Trial was pruned at iteration 0.
2025-01-02 13:48:07 INFO     Trial 189 pruned. Trial was pruned at iteration 0.
2025-01-02 13:48:08 INFO     Trial 190 pruned. Trial was pruned at iteration 0.
2025-01-02 13:48:08 INFO     Trial 191 finished with value: 0.017143 and parameters: {'max_delta_step': 82.07568298488535, 'colsample_bytree': 0.5194495017564555, 'subsample': 0.71165590940397, 'min_child_weight': 75.48133364518682, 'min_data_in_leaf': 19.031343125079783, 'lambda': 9.57102385277217, 'alpha': 0.800962539203375, 'max_depth': 1, 'eta': 0.195904717356196, 'gamma': 6.330922152158448, 'num_boost_rounds': 180}. Best is trial 70 with value: 0.017143.
2025-01-02 13:48:09 INFO     Trial 192 finished with value: 0.017143 and parameters: {'max_delta_step': 79.52687033873201, 'colsample_bytree': 0.5011778922503611, 'subsample': 0.7200615007320872, 'min_child_weight': 75.40379423998742, 'min_data_in_leaf': 19.42350206061151, 'lambda': 3.516986688147998, 'alpha': 0.9051155665378796, 'max_depth': 1, 'eta': 0.19384294145545347, 'gamma': 6.4568591233072175, 'num_boost_rounds': 180}. Best is trial 70 with value: 0.017143.
2025-01-02 13:48:10 INFO     Trial 193 finished with value: 0.017137 and parameters: {'max_delta_step': 91.48358392575248, 'colsample_bytree': 0.5301132820789275, 'subsample': 0.705922259271276, 'min_child_weight': 60.13794865643859, 'min_data_in_leaf': 18.615688634852347, 'lambda': 9.65671755989442, 'alpha': 1.2313290326553483, 'max_depth': 1, 'eta': 0.1956759294408908, 'gamma': 5.989205049995373, 'num_boost_rounds': 190}. Best is trial 70 with value: 0.017143.
2025-01-02 13:48:10 INFO     Trial 194 pruned. Trial was pruned at iteration 0.
2025-01-02 13:48:11 INFO     Trial 195 finished with value: 0.017104 and parameters: {'max_delta_step': 73.46931513368251, 'colsample_bytree': 0.5450672369189575, 'subsample': 0.7000791773567947, 'min_child_weight': 77.54465668057853, 'min_data_in_leaf': 20.168493456903096, 'lambda': 9.425682201610924, 'alpha': 1.0071752641483234, 'max_depth': 1, 'eta': 0.18586384399164213, 'gamma': 4.367749358299322, 'num_boost_rounds': 195}. Best is trial 70 with value: 0.017143.
2025-01-02 13:48:11 INFO     Trial 196 pruned. Trial was pruned at iteration 0.
2025-01-02 13:48:11 INFO     Trial 197 pruned. Trial was pruned at iteration 0.
2025-01-02 13:48:12 INFO     Trial 198 pruned. Trial was pruned at iteration 0.
2025-01-02 13:48:12 INFO     Trial 199 pruned. Trial was pruned at iteration 0.
2025-01-02 13:48:13 INFO     Trial 200 finished with value: 0.017143 and parameters: {'max_delta_step': 77.268884595527, 'colsample_bytree': 0.5197908484570439, 'subsample': 0.7280970151811345, 'min_child_weight': 98.03965906541981, 'min_data_in_leaf': 18.41268581491228, 'lambda': 9.99637882795758, 'alpha': 1.2842355345614682, 'max_depth': 1, 'eta': 0.1999587978622038, 'gamma': 3.9088378943710156, 'num_boost_rounds': 190}. Best is trial 70 with value: 0.017143.
2025-01-02 13:48:13 INFO     Trial 201 finished with value: 0.017143 and parameters: {'max_delta_step': 70.52336415826625, 'colsample_bytree': 0.5004866653844562, 'subsample': 0.7232677183669358, 'min_child_weight': 79.66780533489062, 'min_data_in_leaf': 19.162194030107067, 'lambda': 9.979436820289598, 'alpha': 0.8257096979917313, 'max_depth': 1, 'eta': 0.1914222301591357, 'gamma': 3.9123229750690407, 'num_boost_rounds': 200}. Best is trial 70 with value: 0.017143.
2025-01-02 13:48:14 INFO     Trial 202 pruned. Trial was pruned at iteration 0.
2025-01-02 13:48:14 INFO     Trial 203 pruned. Trial was pruned at iteration 0.
2025-01-02 13:48:15 INFO     Trial 204 finished with value: 0.017137 and parameters: {'max_delta_step': 68.88604635262222, 'colsample_bytree': 0.5160621836255327, 'subsample': 0.6995608068803487, 'min_child_weight': 70.39665719939853, 'min_data_in_leaf': 18.769000080899186, 'lambda': 9.661241628736708, 'alpha': 0.7862611837653779, 'max_depth': 1, 'eta': 0.1958957452195027, 'gamma': 3.6130112198757565, 'num_boost_rounds': 195}. Best is trial 70 with value: 0.017143.
2025-01-02 13:48:15 INFO     Trial 205 finished with value: 0.017143 and parameters: {'max_delta_step': 54.155914250026505, 'colsample_bytree': 0.5256040939134633, 'subsample': 0.7269026985556242, 'min_child_weight': 78.77250620757947, 'min_data_in_leaf': 17.715974176527816, 'lambda': 9.82297617478653, 'alpha': 1.460132867429592, 'max_depth': 1, 'eta': 0.1873824330336751, 'gamma': 1.6913969283395804, 'num_boost_rounds': 185}. Best is trial 70 with value: 0.017143.
2025-01-02 13:48:16 INFO     Trial 206 finished with value: 0.017143 and parameters: {'max_delta_step': 57.35492290154316, 'colsample_bytree': 0.5097560363578884, 'subsample': 0.7121834418716309, 'min_child_weight': 95.77023376322069, 'min_data_in_leaf': 19.46050982671329, 'lambda': 9.501308298271288, 'alpha': 0.9963224968053177, 'max_depth': 1, 'eta': 0.1934069069189192, 'gamma': 5.918215615130781, 'num_boost_rounds': 180}. Best is trial 70 with value: 0.017143.
2025-01-02 13:48:17 INFO     Trial 207 finished with value: 0.017088 and parameters: {'max_delta_step': 67.0548205706632, 'colsample_bytree': 0.5357291574740395, 'subsample': 0.7272089637892887, 'min_child_weight': 99.96681670463646, 'min_data_in_leaf': 18.446068408977943, 'lambda': 9.97546129267386, 'alpha': 0.6008067380708295, 'max_depth': 1, 'eta': 0.18284616741695225, 'gamma': 3.9216216053204658, 'num_boost_rounds': 190}. Best is trial 70 with value: 0.017143.
2025-01-02 13:48:17 INFO     Trial 208 pruned. Trial was pruned at iteration 0.
2025-01-02 13:48:18 INFO     Trial 209 pruned. Trial was pruned at iteration 0.
2025-01-02 13:48:18 INFO     Trial 210 pruned. Trial was pruned at iteration 5.
2025-01-02 13:48:19 INFO     Trial 211 finished with value: 0.017143 and parameters: {'max_delta_step': 78.73254391036225, 'colsample_bytree': 0.5127328672601146, 'subsample': 0.7288721956314772, 'min_child_weight': 70.5407749315754, 'min_data_in_leaf': 18.00267973773504, 'lambda': 2.482227214895677, 'alpha': 1.0712157328879433, 'max_depth': 1, 'eta': 0.19185237478816344, 'gamma': 5.917438390914964, 'num_boost_rounds': 190}. Best is trial 70 with value: 0.017143.
2025-01-02 13:48:20 INFO     Trial 212 pruned. Trial was pruned at iteration 5.
2025-01-02 13:48:20 INFO     Trial 213 pruned. Trial was pruned at iteration 0.
2025-01-02 13:48:21 INFO     Trial 214 pruned. Trial was pruned at iteration 0.
2025-01-02 13:48:21 INFO     Trial 215 pruned. Trial was pruned at iteration 0.
2025-01-02 13:48:22 INFO     Trial 216 finished with value: 0.017143 and parameters: {'max_delta_step': 72.30778984802704, 'colsample_bytree': 0.5001694797588452, 'subsample': 0.7118120829314875, 'min_child_weight': 78.42552900309434, 'min_data_in_leaf': 19.060856539483954, 'lambda': 2.5380285491502903, 'alpha': 1.153835979451515, 'max_depth': 1, 'eta': 0.18862573288513537, 'gamma': 5.683045182450542, 'num_boost_rounds': 185}. Best is trial 70 with value: 0.017143.
2025-01-02 13:48:23 INFO     Trial 217 finished with value: 0.017088 and parameters: {'max_delta_step': 77.0265095361042, 'colsample_bytree': 0.5172600370746196, 'subsample': 0.6998642983897777, 'min_child_weight': 64.87937611637705, 'min_data_in_leaf': 19.417311534731336, 'lambda': 9.371117605920116, 'alpha': 0.4626149488856855, 'max_depth': 1, 'eta': 0.18512973479515912, 'gamma': 4.884551019071151, 'num_boost_rounds': 195}. Best is trial 70 with value: 0.017143.
2025-01-02 13:48:23 INFO     Trial 218 pruned. Trial was pruned at iteration 0.
2025-01-02 13:48:23 INFO     Trial 219 pruned. Trial was pruned at iteration 0.
2025-01-02 13:48:24 INFO     Trial 220 pruned. Trial was pruned at iteration 0.
2025-01-02 13:48:24 INFO     Trial 221 pruned. Trial was pruned at iteration 0.
2025-01-02 13:48:25 INFO     Trial 222 finished with value: 0.017137 and parameters: {'max_delta_step': 81.27301946415328, 'colsample_bytree': 0.5188191998489743, 'subsample': 0.7077110755350567, 'min_child_weight': 74.41276599808498, 'min_data_in_leaf': 18.29989298907802, 'lambda': 5.245615030681503, 'alpha': 0.8820074864150462, 'max_depth': 1, 'eta': 0.19607469288041857, 'gamma': 6.198018504249017, 'num_boost_rounds': 190}. Best is trial 70 with value: 0.017143.
2025-01-02 13:48:25 INFO     Trial 223 pruned. Trial was pruned at iteration 0.
2025-01-02 13:48:26 INFO     Trial 224 pruned. Trial was pruned at iteration 5.
2025-01-02 13:48:26 INFO     Trial 225 finished with value: 0.017137 and parameters: {'max_delta_step': 75.92579862934431, 'colsample_bytree': 0.5002068196558594, 'subsample': 0.6992030131488082, 'min_child_weight': 73.11964682554202, 'min_data_in_leaf': 19.73508137724935, 'lambda': 9.822409306695729, 'alpha': 1.3377026934256881, 'max_depth': 1, 'eta': 0.19643933437497416, 'gamma': 6.502927946711292, 'num_boost_rounds': 195}. Best is trial 70 with value: 0.017143.
2025-01-02 13:48:27 INFO     Trial 226 pruned. Trial was pruned at iteration 0.
