2025-01-02 13:07:48 INFO     Trial 2 finished with value: 0.014298 and parameters: {'max_delta_step': 10.278186093203308, 'colsample_bytree': 0.590849171251888, 'colsample_bynode': 0.4455199446548105, 'subsample': 0.7309696447286871, 'min_child_weight': 84.90033225613335, 'min_data_in_leaf': 10.301895865107088, 'lambda': 5.930872871607613, 'alpha': 8.84430717842569, 'max_depth': 4, 'eta': 0.16745242044579248, 'gamma': 3.37269871816852, 'num_boost_rounds': 125}. Best is trial 2 with value: 0.014298.
2025-01-02 13:07:49 INFO     n_estimators: 10
2025-01-02 13:07:49 INFO     Trial 3 finished with value: 0.016421 and parameters: {'max_delta_step': 87.8415335155557, 'colsample_bytree': 0.9271348256885128, 'colsample_bynode': 0.7547653639552017, 'subsample': 0.6482612978294313, 'min_child_weight': 96.20477337693498, 'min_data_in_leaf': 19.397170720025976, 'lambda': 3.136709010320652, 'alpha': 5.945926600448703, 'max_depth': 4, 'eta': 0.03797314047651316, 'gamma': 8.995869610736301, 'num_boost_rounds': 135}. Best is trial 3 with value: 0.016421.
2025-01-02 13:07:50 INFO     n_estimators: 10
2025-01-02 13:07:50 INFO     Trial 4 finished with value: 0.017001 and parameters: {'max_delta_step': 85.94342684124386, 'colsample_bytree': 0.5263428077186925, 'colsample_bynode': 0.5799275129271266, 'subsample': 0.5853911467730969, 'min_child_weight': 17.449250021744167, 'min_data_in_leaf': 29.049174431280846, 'lambda': 5.873308642120815, 'alpha': 4.59101558074329, 'max_depth': 1, 'eta': 0.12579221387936548, 'gamma': 4.971657172272489, 'num_boost_rounds': 185}. Best is trial 4 with value: 0.017001.
2025-01-02 13:07:51 INFO     n_estimators: 10
2025-01-02 13:07:51 INFO     Trial 5 finished with value: 0.012639 and parameters: {'max_delta_step': 26.588580301030106, 'colsample_bytree': 0.6785923129047626, 'colsample_bynode': 0.6684188414089578, 'subsample': 0.9350553592393519, 'min_child_weight': 89.70307207633692, 'min_data_in_leaf': 24.807413610402225, 'lambda': 1.4982518697159732, 'alpha': 8.96260053210453, 'max_depth': 2, 'eta': 0.13436938520402095, 'gamma': 4.958881167886031, 'num_boost_rounds': 160}. Best is trial 4 with value: 0.017001.
2025-01-02 13:07:51 INFO     Trial 6 pruned. Trial was pruned at iteration 0.
2025-01-02 13:07:51 INFO     Trial 7 pruned. Trial was pruned at iteration 0.
2025-01-02 13:07:52 INFO     Trial 8 pruned. Trial was pruned at iteration 0.
2025-01-02 13:07:52 INFO     Trial 9 pruned. Trial was pruned at iteration 0.
2025-01-02 13:07:52 INFO     n_estimators: 10
2025-01-02 13:07:52 INFO     Trial 10 finished with value: 0.016997 and parameters: {'max_delta_step': 57.64287250517178, 'colsample_bytree': 0.5255617423013577, 'colsample_bynode': 0.5176575882419967, 'subsample': 0.7216504036572038, 'min_child_weight': 3.5888982009182797, 'min_data_in_leaf': 29.335745139405255, 'lambda': 5.235090454224441, 'alpha': 3.0156520316204807, 'max_depth': 1, 'eta': 0.09439756062102761, 'gamma': 6.739816357509697, 'num_boost_rounds': 85}. Best is trial 4 with value: 0.017001.
2025-01-02 13:07:53 INFO     Trial 11 pruned. Trial was pruned at iteration 0.
2025-01-02 13:07:54 INFO     n_estimators: 10
2025-01-02 13:07:54 INFO     Trial 12 finished with value: 0.016995 and parameters: {'max_delta_step': 73.56138491516876, 'colsample_bytree': 0.5019789919728688, 'colsample_bynode': 0.5730930078423121, 'subsample': 0.8210821212047434, 'min_child_weight': 14.415588184696466, 'min_data_in_leaf': 29.898431047276024, 'lambda': 6.666552167722326, 'alpha': 3.311672207967278, 'max_depth': 1, 'eta': 0.08208790187617009, 'gamma': 6.532988032542562, 'num_boost_rounds': 35}. Best is trial 4 with value: 0.017001.
2025-01-02 13:07:54 INFO     n_estimators: 10
2025-01-02 13:07:54 INFO     Trial 13 finished with value: 0.016995 and parameters: {'max_delta_step': 44.949795138122795, 'colsample_bytree': 0.6758489259753473, 'colsample_bynode': 0.4256703817771654, 'subsample': 0.640395350716234, 'min_child_weight': 20.44739671773518, 'min_data_in_leaf': 27.248365543888458, 'lambda': 4.3260404466495235, 'alpha': 3.6229122478593787, 'max_depth': 1, 'eta': 0.006528614873373459, 'gamma': 0.24682298735712394, 'num_boost_rounds': 105}. Best is trial 4 with value: 0.017001.
2025-01-02 13:07:55 INFO     n_estimators: 10
2025-01-02 13:07:55 INFO     Trial 14 finished with value: 0.01268 and parameters: {'max_delta_step': 42.80298611719462, 'colsample_bytree': 0.6668410519046177, 'colsample_bynode': 0.6516856009425738, 'subsample': 0.6646819966629613, 'min_child_weight': 51.15940868758197, 'min_data_in_leaf': 26.568290647551116, 'lambda': 7.7114771004773, 'alpha': 1.6823889815453885, 'max_depth': 2, 'eta': 0.1225626799065255, 'gamma': 6.873354063004164, 'num_boost_rounds': 160}. Best is trial 4 with value: 0.017001.
2025-01-02 13:07:55 INFO     n_estimators: 10
2025-01-02 13:07:56 INFO     Trial 15 finished with value: 0.016995 and parameters: {'max_delta_step': 73.47984177448184, 'colsample_bytree': 0.7940629726110715, 'colsample_bynode': 0.5256732722147353, 'subsample': 0.8394500497797716, 'min_child_weight': 1.5315519382708445, 'min_data_in_leaf': 27.494852506079738, 'lambda': 3.7256875628557724, 'alpha': 4.384275568334794, 'max_depth': 1, 'eta': 0.0718631517808081, 'gamma': 5.790955508343332, 'num_boost_rounds': 100}. Best is trial 4 with value: 0.017001.
2025-01-02 13:07:56 INFO     Trial 16 pruned. Trial was pruned at iteration 0.
2025-01-02 13:07:56 INFO     Trial 17 pruned. Trial was pruned at iteration 0.
2025-01-02 13:07:57 INFO     n_estimators: 10
2025-01-02 13:07:57 INFO     Trial 18 finished with value: 0.007165 and parameters: {'max_delta_step': 39.07500026003622, 'colsample_bytree': 0.7193231815365307, 'colsample_bynode': 0.49547366124091735, 'subsample': 0.6959805417594298, 'min_child_weight': 65.91483624130936, 'min_data_in_leaf': 21.725409020147524, 'lambda': 9.16358117906434, 'alpha': 0.14593287473191907, 'max_depth': 1, 'eta': 0.15421997069826518, 'gamma': 5.712996401358222, 'num_boost_rounds': 110}. Best is trial 4 with value: 0.017001.
2025-01-02 13:07:57 INFO     Trial 19 pruned. Trial was pruned at iteration 0.
2025-01-02 13:07:58 INFO     Trial 20 pruned. Trial was pruned at iteration 0.
2025-01-02 13:07:58 INFO     n_estimators: 10
2025-01-02 13:07:58 INFO     Trial 21 finished with value: 0.016995 and parameters: {'max_delta_step': 76.4881492471561, 'colsample_bytree': 0.5058040507450936, 'colsample_bynode': 0.5544903439782476, 'subsample': 0.8556968573662431, 'min_child_weight': 13.494108724295604, 'min_data_in_leaf': 29.705185031100527, 'lambda': 6.491201610083712, 'alpha': 3.2379652329985693, 'max_depth': 1, 'eta': 0.08018260858582833, 'gamma': 6.5409694956393984, 'num_boost_rounds': 20}. Best is trial 4 with value: 0.017001.
2025-01-02 13:07:59 INFO     n_estimators: 10
2025-01-02 13:07:59 INFO     Trial 22 finished with value: 0.016995 and parameters: {'max_delta_step': 64.14631473025034, 'colsample_bytree': 0.5496480710322503, 'colsample_bynode': 0.5900150668823485, 'subsample': 0.8130882013751433, 'min_child_weight': 13.14693395631347, 'min_data_in_leaf': 29.99831585540026, 'lambda': 0.32116320045882674, 'alpha': 3.899781406109507, 'max_depth': 1, 'eta': 0.06028601521433116, 'gamma': 8.05166738792333, 'num_boost_rounds': 35}. Best is trial 4 with value: 0.017001.
2025-01-02 13:08:00 INFO     n_estimators: 10
2025-01-02 13:08:00 INFO     Trial 23 finished with value: 0.008416 and parameters: {'max_delta_step': 55.66929544584058, 'colsample_bytree': 0.5013866756645038, 'colsample_bynode': 0.7227252652421481, 'subsample': 0.8976616605941612, 'min_child_weight': 41.23411948704585, 'min_data_in_leaf': 25.40181595308807, 'lambda': 7.190698096707695, 'alpha': 2.5199687015207406, 'max_depth': 1, 'eta': 0.08837766875983379, 'gamma': 6.269224003616498, 'num_boost_rounds': 55}. Best is trial 4 with value: 0.017001.
2025-01-02 13:08:00 INFO     n_estimators: 10
2025-01-02 13:08:00 INFO     Trial 24 finished with value: 0.014105 and parameters: {'max_delta_step': 99.26719208808825, 'colsample_bytree': 0.6151881452169002, 'colsample_bynode': 0.4705536151363667, 'subsample': 0.7699952605989178, 'min_child_weight': 22.85271843362371, 'min_data_in_leaf': 28.286144761450746, 'lambda': 4.500140257137737, 'alpha': 1.2396700426849299, 'max_depth': 2, 'eta': 0.11638909469448422, 'gamma': 7.353412899754699, 'num_boost_rounds': 35}. Best is trial 4 with value: 0.017001.
2025-01-02 13:08:01 INFO     n_estimators: 10
2025-01-02 13:08:01 INFO     Trial 25 finished with value: 0.016995 and parameters: {'max_delta_step': 79.02591239609765, 'colsample_bytree': 0.5664030651823486, 'colsample_bynode': 0.593868525279078, 'subsample': 0.6960554547436559, 'min_child_weight': 9.319651002374602, 'min_data_in_leaf': 28.575909904314337, 'lambda': 8.35754464532911, 'alpha': 5.360871709253984, 'max_depth': 1, 'eta': 0.13264204321189405, 'gamma': 4.657224519697376, 'num_boost_rounds': 70}. Best is trial 4 with value: 0.017001.
2025-01-02 13:08:01 INFO     n_estimators: 10
2025-01-02 13:08:01 INFO     Trial 26 finished with value: 0.016995 and parameters: {'max_delta_step': 67.86634670951722, 'colsample_bytree': 0.5379701783522911, 'colsample_bynode': 0.8386764302609122, 'subsample': 0.8655620246063764, 'min_child_weight': 1.24299459028712, 'min_data_in_leaf': 21.475768631780724, 'lambda': 6.105306492677306, 'alpha': 4.404027281394058, 'max_depth': 1, 'eta': 0.06032919021848034, 'gamma': 5.860736624839265, 'num_boost_rounds': 40}. Best is trial 4 with value: 0.017001.
2025-01-02 13:08:02 INFO     n_estimators: 10
2025-01-02 13:08:02 INFO     Trial 27 finished with value: 0.01237 and parameters: {'max_delta_step': 91.1427209312324, 'colsample_bytree': 0.6044606301245257, 'colsample_bynode': 0.5850635686047644, 'subsample': 0.8097574430264362, 'min_child_weight': 26.450116290923013, 'min_data_in_leaf': 26.70738895717532, 'lambda': 4.52132275847978, 'alpha': 2.859644357822281, 'max_depth': 2, 'eta': 0.10130892348689462, 'gamma': 9.365382772808381, 'num_boost_rounds': 90}. Best is trial 4 with value: 0.017001.
2025-01-02 13:08:03 INFO     n_estimators: 10
2025-01-02 13:08:03 INFO     Trial 28 finished with value: 0.016995 and parameters: {'max_delta_step': 73.42660958510366, 'colsample_bytree': 0.6450747025007297, 'colsample_bynode': 0.29569939703938347, 'subsample': 0.9996929434449768, 'min_child_weight': 14.748126676711609, 'min_data_in_leaf': 28.526180787806823, 'lambda': 6.759115206610707, 'alpha': 1.1857873455751915, 'max_depth': 1, 'eta': 0.025270337898209337, 'gamma': 7.518834019275159, 'num_boost_rounds': 115}. Best is trial 4 with value: 0.017001.
2025-01-02 13:08:03 INFO     Trial 29 pruned. Trial was pruned at iteration 0.
2025-01-02 13:08:03 INFO     n_estimators: 10
2025-01-02 13:08:04 INFO     Trial 30 finished with value: 0.008416 and parameters: {'max_delta_step': 2.0617463405474865, 'colsample_bytree': 0.708290601470473, 'colsample_bynode': 0.6911827342745969, 'subsample': 0.699944688596753, 'min_child_weight': 53.27608914150004, 'min_data_in_leaf': 15.412070576926924, 'lambda': 7.434513253381702, 'alpha': 4.046068809991255, 'max_depth': 1, 'eta': 0.1021304600899114, 'gamma': 4.297140413232941, 'num_boost_rounds': 145}. Best is trial 4 with value: 0.017001.
2025-01-02 13:08:04 INFO     n_estimators: 10
2025-01-02 13:08:04 INFO     Trial 31 finished with value: 0.016995 and parameters: {'max_delta_step': 46.98348038411308, 'colsample_bytree': 0.5351349492556259, 'colsample_bynode': 0.3956308602951044, 'subsample': 0.6318160033153449, 'min_child_weight': 22.14936077204996, 'min_data_in_leaf': 27.424979850108738, 'lambda': 4.241040750175063, 'alpha': 3.4281571004001163, 'max_depth': 1, 'eta': 0.024831473448060987, 'gamma': 0.13718747583755087, 'num_boost_rounds': 100}. Best is trial 4 with value: 0.017001.
2025-01-02 13:08:05 INFO     n_estimators: 10
2025-01-02 13:08:05 INFO     Trial 32 finished with value: 0.016995 and parameters: {'max_delta_step': 44.466927563733755, 'colsample_bytree': 0.9713706350800947, 'colsample_bynode': 0.204864917610309, 'subsample': 0.6200238374370114, 'min_child_weight': 6.958181061880218, 'min_data_in_leaf': 29.96581017228329, 'lambda': 5.75145515527058, 'alpha': 3.7833112658222725, 'max_depth': 1, 'eta': 0.013919914233745698, 'gamma': 1.339622145098831, 'num_boost_rounds': 125}. Best is trial 4 with value: 0.017001.
2025-01-02 13:08:05 INFO     n_estimators: 10
2025-01-02 13:08:05 INFO     Trial 33 finished with value: 0.016995 and parameters: {'max_delta_step': 50.868172019860125, 'colsample_bytree': 0.7604747599071222, 'colsample_bynode': 0.4857879787599243, 'subsample': 0.561173846692162, 'min_child_weight': 37.03965692115652, 'min_data_in_leaf': 27.324663669575582, 'lambda': 6.279992702962988, 'alpha': 5.506911212304818, 'max_depth': 1, 'eta': 0.0022790703505640147, 'gamma': 0.974323860604075, 'num_boost_rounds': 95}. Best is trial 4 with value: 0.017001.
2025-01-02 13:08:06 INFO     n_estimators: 10
2025-01-02 13:08:06 INFO     Trial 34 finished with value: 0.016995 and parameters: {'max_delta_step': 37.08615838848182, 'colsample_bytree': 0.5628311078947063, 'colsample_bynode': 0.4481461414888098, 'subsample': 0.6700113153397149, 'min_child_weight': 17.67866941090562, 'min_data_in_leaf': 25.32153804057121, 'lambda': 3.868296729919077, 'alpha': 2.4057039543584557, 'max_depth': 1, 'eta': 0.044573731153364604, 'gamma': 3.3209115231560715, 'num_boost_rounds': 65}. Best is trial 4 with value: 0.017001.
2025-01-02 13:08:07 INFO     n_estimators: 10
2025-01-02 13:08:07 INFO     Trial 35 finished with value: 0.014105 and parameters: {'max_delta_step': 79.93876689917933, 'colsample_bytree': 0.5919181051506154, 'colsample_bynode': 0.27934259787397786, 'subsample': 0.7210966706675542, 'min_child_weight': 8.320699155205066, 'min_data_in_leaf': 28.796509339194515, 'lambda': 4.9687103674296065, 'alpha': 4.551976393473894, 'max_depth': 2, 'eta': 0.14674352919591754, 'gamma': 8.918251311732783, 'num_boost_rounds': 130}. Best is trial 4 with value: 0.017001.
2025-01-02 13:08:07 INFO     n_estimators: 10
2025-01-02 13:08:07 INFO     Trial 36 finished with value: 0.008416 and parameters: {'max_delta_step': 68.36749660613562, 'colsample_bytree': 0.6720928703204512, 'colsample_bynode': 0.6229977582763438, 'subsample': 0.6215570631064112, 'min_child_weight': 7.758752577156983, 'min_data_in_leaf': 23.497834937014666, 'lambda': 5.563825272202719, 'alpha': 3.4439132129737366, 'max_depth': 1, 'eta': 0.16801662951623822, 'gamma': 3.7897984685220134, 'num_boost_rounds': 115}. Best is trial 4 with value: 0.017001.
2025-01-02 13:08:08 INFO     Trial 37 pruned. Trial was pruned at iteration 0.
2025-01-02 13:08:08 INFO     n_estimators: 10
2025-01-02 13:08:08 INFO     Trial 38 finished with value: 0.016995 and parameters: {'max_delta_step': 92.84479767877778, 'colsample_bytree': 0.7059383231559103, 'colsample_bynode': 0.42491570631298703, 'subsample': 0.6701836061256978, 'min_child_weight': 18.311777493194956, 'min_data_in_leaf': 24.23101675556827, 'lambda': 4.9026468406052, 'alpha': 0.5489136574426672, 'max_depth': 1, 'eta': 0.12152533880149671, 'gamma': 5.145615504683016, 'num_boost_rounds': 75}. Best is trial 4 with value: 0.017001.
2025-01-02 13:08:08 INFO     Trial 39 pruned. Trial was pruned at iteration 0.
2025-01-02 13:08:09 INFO     Trial 40 pruned. Trial was pruned at iteration 0.
2025-01-02 13:08:09 INFO     n_estimators: 10
2025-01-02 13:08:09 INFO     Trial 41 finished with value: 0.016995 and parameters: {'max_delta_step': 73.43082235355536, 'colsample_bytree': 0.8185868039117954, 'colsample_bynode': 0.5356462867393889, 'subsample': 0.8558313712047028, 'min_child_weight': 1.5102879710082995, 'min_data_in_leaf': 27.489476494227223, 'lambda': 3.90730390374142, 'alpha': 4.644162410331212, 'max_depth': 1, 'eta': 0.06923024297359719, 'gamma': 5.6929291072558765, 'num_boost_rounds': 105}. Best is trial 4 with value: 0.017001.
2025-01-02 13:08:10 INFO     n_estimators: 10
2025-01-02 13:08:10 INFO     Trial 42 finished with value: 0.016995 and parameters: {'max_delta_step': 72.36839990855144, 'colsample_bytree': 0.7762701243129482, 'colsample_bynode': 0.5508570853341331, 'subsample': 0.83413163026371, 'min_child_weight': 4.421923402250314, 'min_data_in_leaf': 26.09476124646182, 'lambda': 3.858656737888617, 'alpha': 4.207524295036739, 'max_depth': 1, 'eta': 0.07128103823716775, 'gamma': 6.14622391233221, 'num_boost_rounds': 85}. Best is trial 4 with value: 0.017001.
2025-01-02 13:08:11 INFO     n_estimators: 10
2025-01-02 13:08:11 INFO     Trial 43 finished with value: 0.016995 and parameters: {'max_delta_step': 55.38610854455764, 'colsample_bytree': 0.8760837720544769, 'colsample_bynode': 0.46337703494529037, 'subsample': 0.8971161917721268, 'min_child_weight': 10.825773125656625, 'min_data_in_leaf': 29.144700995627986, 'lambda': 2.7177490326669362, 'alpha': 3.667003563583243, 'max_depth': 1, 'eta': 0.051033448984880124, 'gamma': 7.046091402493873, 'num_boost_rounds': 120}. Best is trial 4 with value: 0.017001.
2025-01-02 13:08:11 INFO     Trial 44 pruned. Trial was pruned at iteration 0.
2025-01-02 13:08:11 INFO     Trial 45 pruned. Trial was pruned at iteration 0.
2025-01-02 13:08:12 INFO     n_estimators: 10
2025-01-02 13:08:12 INFO     Trial 46 finished with value: 0.016995 and parameters: {'max_delta_step': 47.20775819666646, 'colsample_bytree': 0.7332504596397721, 'colsample_bynode': 0.3872751433949082, 'subsample': 0.8295100292497081, 'min_child_weight': 36.57428037587745, 'min_data_in_leaf': 11.448025761618268, 'lambda': 4.682359130510918, 'alpha': 2.29174369173764, 'max_depth': 1, 'eta': 0.14072265740197068, 'gamma': 5.487900609419763, 'num_boost_rounds': 45}. Best is trial 4 with value: 0.017001.
2025-01-02 13:08:12 INFO     Trial 47 pruned. Trial was pruned at iteration 0.
2025-01-02 13:08:13 INFO     Trial 48 pruned. Trial was pruned at iteration 0.
2025-01-02 13:08:13 INFO     Trial 49 pruned. Trial was pruned at iteration 0.
2025-01-02 13:08:14 INFO     n_estimators: 10
2025-01-02 13:08:14 INFO     Trial 50 finished with value: 0.008416 and parameters: {'max_delta_step': 64.73420376343662, 'colsample_bytree': 0.6517618932936031, 'colsample_bynode': 0.7060492588995703, 'subsample': 0.8783980665340614, 'min_child_weight': 16.475618494586335, 'min_data_in_leaf': 26.145987877658474, 'lambda': 3.050112987784419, 'alpha': 1.621648902755269, 'max_depth': 1, 'eta': 0.16042525870966895, 'gamma': 4.225561574754229, 'num_boost_rounds': 60}. Best is trial 4 with value: 0.017001.
2025-01-02 13:08:14 INFO     n_estimators: 10
2025-01-02 13:08:14 INFO     Trial 51 finished with value: 0.016995 and parameters: {'max_delta_step': 75.7800333598249, 'colsample_bytree': 0.5001022185128842, 'colsample_bynode': 0.5261108244589464, 'subsample': 0.8437359480286748, 'min_child_weight': 11.689413726129692, 'min_data_in_leaf': 29.467551041775742, 'lambda': 7.147827951197529, 'alpha': 3.080316693572563, 'max_depth': 1, 'eta': 0.08200154743774653, 'gamma': 6.326249264783288, 'num_boost_rounds': 15}. Best is trial 4 with value: 0.017001.
2025-01-02 13:08:15 INFO     n_estimators: 10
2025-01-02 13:08:15 INFO     Trial 52 finished with value: 0.016995 and parameters: {'max_delta_step': 80.97178831148126, 'colsample_bytree': 0.5218092118581098, 'colsample_bynode': 0.5628832073690457, 'subsample': 0.8146366055758427, 'min_child_weight': 22.77347040944491, 'min_data_in_leaf': 29.93603001167642, 'lambda': 6.58341688549301, 'alpha': 3.4319578122587275, 'max_depth': 1, 'eta': 0.08303150220723247, 'gamma': 6.630346552979778, 'num_boost_rounds': 30}. Best is trial 4 with value: 0.017001.
2025-01-02 13:08:15 INFO     Trial 53 pruned. Trial was pruned at iteration 0.
2025-01-02 13:08:16 INFO     n_estimators: 10
2025-01-02 13:08:16 INFO     Trial 54 finished with value: 0.017041 and parameters: {'max_delta_step': 51.49565601970609, 'colsample_bytree': 0.5154559694667757, 'colsample_bynode': 0.4245828323360045, 'subsample': 0.8813864478242948, 'min_child_weight': 14.037443039543149, 'min_data_in_leaf': 28.220634581278784, 'lambda': 7.587112023162606, 'alpha': 3.2933743950335796, 'max_depth': 1, 'eta': 0.12076295610732679, 'gamma': 8.325077166872951, 'num_boost_rounds': 50}. Best is trial 54 with value: 0.017041.
2025-01-02 13:08:17 INFO     n_estimators: 10
2025-01-02 13:08:17 INFO     Trial 55 finished with value: 0.008416 and parameters: {'max_delta_step': 51.275049215739735, 'colsample_bytree': 0.5705117176610728, 'colsample_bynode': 0.9992676774656815, 'subsample': 0.8806586455234604, 'min_child_weight': 86.67285352442991, 'min_data_in_leaf': 26.949133310941217, 'lambda': 7.619144711111998, 'alpha': 5.248489497837, 'max_depth': 1, 'eta': 0.12396437751523198, 'gamma': 9.52731533043549, 'num_boost_rounds': 50}. Best is trial 54 with value: 0.017041.
2025-01-02 13:08:17 INFO     n_estimators: 10
2025-01-02 13:08:17 INFO     Trial 56 finished with value: 0.016995 and parameters: {'max_delta_step': 40.982049088345306, 'colsample_bytree': 0.6028180149576141, 'colsample_bynode': 0.4380322121698178, 'subsample': 0.6072030365804881, 'min_child_weight': 20.38419920566583, 'min_data_in_leaf': 28.272150104031265, 'lambda': 6.949857564383942, 'alpha': 2.705821305238057, 'max_depth': 1, 'eta': 0.11622518322616118, 'gamma': 7.855832773613271, 'num_boost_rounds': 70}. Best is trial 54 with value: 0.017041.
2025-01-02 13:08:18 INFO     n_estimators: 10
2025-01-02 13:08:18 INFO     Trial 57 finished with value: 0.016995 and parameters: {'max_delta_step': 36.82685940755645, 'colsample_bytree': 0.694811195535241, 'colsample_bynode': 0.4050321746362794, 'subsample': 0.9212923086302627, 'min_child_weight': 46.71315989041443, 'min_data_in_leaf': 25.56179517355929, 'lambda': 9.969209624550794, 'alpha': 3.7355612130917057, 'max_depth': 1, 'eta': 0.10596567180243889, 'gamma': 8.298650288915304, 'num_boost_rounds': 135}. Best is trial 54 with value: 0.017041.
2025-01-02 13:08:18 INFO     n_estimators: 10
