2025-01-02 22:15:35 INFO     Trial 930 finished with value: 0.016789 and parameters: {'max_delta_step': 86.01668937673979, 'colsample_bytree': 0.9375865733006307, 'subsample': 0.8233145652698126, 'min_child_weight': 28.996871800863108, 'min_data_in_leaf': 13.43688648706827, 'lambda': 2.055330856042491, 'alpha': 6.8249225754524865, 'max_depth': 5, 'eta': 0.05107689341646799, 'gamma': 6.4995348530995765, 'num_boost_rounds': 125}. Best is trial 547 with value: 0.017314.
2025-01-02 22:15:35 INFO     Trial 931 pruned. Trial was pruned at iteration 5.
2025-01-02 22:15:36 INFO     Trial 932 finished with value: 0.015775 and parameters: {'max_delta_step': 94.09052131799753, 'colsample_bytree': 0.9256751444317161, 'subsample': 0.8107595363448115, 'min_child_weight': 26.28967042071443, 'min_data_in_leaf': 13.663200436952115, 'lambda': 2.0583726106828806, 'alpha': 7.076969738915795, 'max_depth': 5, 'eta': 0.031936364506298595, 'gamma': 6.341726440293939, 'num_boost_rounds': 145}. Best is trial 547 with value: 0.017314.
2025-01-02 22:15:36 INFO     Trial 933 pruned. Trial was pruned at iteration 0.
2025-01-02 22:15:37 INFO     Trial 934 finished with value: 0.015694 and parameters: {'max_delta_step': 92.42009020713458, 'colsample_bytree': 0.9335051666974075, 'subsample': 0.8207569525759651, 'min_child_weight': 24.091853774090065, 'min_data_in_leaf': 13.538197235987179, 'lambda': 2.332223050867809, 'alpha': 6.549886886375318, 'max_depth': 5, 'eta': 0.059950428088690055, 'gamma': 6.396430896178133, 'num_boost_rounds': 130}. Best is trial 547 with value: 0.017314.
2025-01-02 22:15:38 INFO     Trial 935 pruned. Trial was pruned at iteration 0.
2025-01-02 22:15:38 INFO     Trial 936 pruned. Trial was pruned at iteration 0.
2025-01-02 22:15:39 INFO     Trial 937 finished with value: 0.016985 and parameters: {'max_delta_step': 93.94262385550616, 'colsample_bytree': 0.9198743421429206, 'subsample': 0.8174208893883579, 'min_child_weight': 28.347183013201676, 'min_data_in_leaf': 13.140773871122256, 'lambda': 2.131605715412621, 'alpha': 6.528012353608764, 'max_depth': 5, 'eta': 0.037012382475928376, 'gamma': 6.763499203772718, 'num_boost_rounds': 125}. Best is trial 547 with value: 0.017314.
2025-01-02 22:15:39 INFO     Trial 938 pruned. Trial was pruned at iteration 0.
2025-01-02 22:15:40 INFO     Trial 939 pruned. Trial was pruned at iteration 0.
2025-01-02 22:15:41 INFO     Trial 940 finished with value: 0.017058 and parameters: {'max_delta_step': 95.49192354057841, 'colsample_bytree': 0.9079170274592279, 'subsample': 0.8020986872572458, 'min_child_weight': 22.884364815203607, 'min_data_in_leaf': 13.897572923034499, 'lambda': 2.2936805858540477, 'alpha': 6.084609490141055, 'max_depth': 5, 'eta': 0.04329017797228854, 'gamma': 6.372697123861028, 'num_boost_rounds': 150}. Best is trial 547 with value: 0.017314.
2025-01-02 22:15:41 INFO     Trial 941 finished with value: 0.016862 and parameters: {'max_delta_step': 89.20956782711175, 'colsample_bytree': 0.8811909995601382, 'subsample': 0.8274308577195851, 'min_child_weight': 25.44200372502638, 'min_data_in_leaf': 14.464576444898729, 'lambda': 2.140349678203444, 'alpha': 6.029529138846685, 'max_depth': 5, 'eta': 0.06337517693183466, 'gamma': 6.074977276846214, 'num_boost_rounds': 150}. Best is trial 547 with value: 0.017314.
2025-01-02 22:15:42 INFO     Trial 942 finished with value: 0.016978 and parameters: {'max_delta_step': 92.98135350240926, 'colsample_bytree': 0.9074490930974214, 'subsample': 0.8153485651366679, 'min_child_weight': 23.832639848420584, 'min_data_in_leaf': 13.720702056919974, 'lambda': 1.9253816265983454, 'alpha': 6.012511030327354, 'max_depth': 5, 'eta': 0.04525713613143613, 'gamma': 6.24442049293732, 'num_boost_rounds': 165}. Best is trial 547 with value: 0.017314.
2025-01-02 22:15:42 INFO     Trial 943 pruned. Trial was pruned at iteration 0.
2025-01-02 22:15:43 INFO     Trial 944 pruned. Trial was pruned at iteration 5.
2025-01-02 22:15:44 INFO     Trial 945 finished with value: 0.015642 and parameters: {'max_delta_step': 91.40921245744309, 'colsample_bytree': 0.9088437827015422, 'subsample': 0.8343337063647632, 'min_child_weight': 27.150380114200765, 'min_data_in_leaf': 13.98119693263645, 'lambda': 2.2543832064333302, 'alpha': 6.231719765790976, 'max_depth': 5, 'eta': 0.048922001723003906, 'gamma': 5.816844001493335, 'num_boost_rounds': 150}. Best is trial 547 with value: 0.017314.
2025-01-02 22:15:44 INFO     Trial 946 pruned. Trial was pruned at iteration 0.
2025-01-02 22:15:45 INFO     Trial 947 pruned. Trial was pruned at iteration 0.
2025-01-02 22:15:45 INFO     Trial 948 pruned. Trial was pruned at iteration 0.
2025-01-02 22:15:46 INFO     Trial 949 pruned. Trial was pruned at iteration 0.
2025-01-02 22:15:47 INFO     Trial 950 finished with value: 0.015775 and parameters: {'max_delta_step': 97.52338695374934, 'colsample_bytree': 0.8982551364851904, 'subsample': 0.8028470095274179, 'min_child_weight': 26.917857263311337, 'min_data_in_leaf': 13.88952384074506, 'lambda': 2.114558147733142, 'alpha': 5.647115939417594, 'max_depth': 5, 'eta': 0.03336178532861346, 'gamma': 6.26236181766006, 'num_boost_rounds': 145}. Best is trial 547 with value: 0.017314.
2025-01-02 22:15:47 INFO     Trial 951 pruned. Trial was pruned at iteration 0.
2025-01-02 22:15:48 INFO     Trial 952 finished with value: 0.018015 and parameters: {'max_delta_step': 90.00701698712828, 'colsample_bytree': 0.9188054834629038, 'subsample': 0.8145422798343854, 'min_child_weight': 25.391057785503754, 'min_data_in_leaf': 13.036438777104902, 'lambda': 2.2200661009504548, 'alpha': 6.000253834187992, 'max_depth': 5, 'eta': 0.0015298138629999888, 'gamma': 5.743238621770106, 'num_boost_rounds': 145}. Best is trial 952 with value: 0.018015.
2025-01-02 22:15:48 INFO     Trial 953 pruned. Trial was pruned at iteration 5.
2025-01-02 22:15:49 INFO     Trial 954 pruned. Trial was pruned at iteration 0.
2025-01-02 22:15:50 INFO     Trial 955 pruned. Trial was pruned at iteration 5.
2025-01-02 22:15:50 INFO     Trial 956 pruned. Trial was pruned at iteration 0.
2025-01-02 22:15:51 INFO     Trial 957 finished with value: 0.01778 and parameters: {'max_delta_step': 86.41065034981821, 'colsample_bytree': 0.9275919530861424, 'subsample': 0.833971534821874, 'min_child_weight': 28.033237208827686, 'min_data_in_leaf': 13.754894089047454, 'lambda': 2.188703415995763, 'alpha': 5.614885374095672, 'max_depth': 5, 'eta': 0.002784942487280351, 'gamma': 5.728113156851142, 'num_boost_rounds': 140}. Best is trial 952 with value: 0.018015.
2025-01-02 22:15:51 INFO     Trial 958 pruned. Trial was pruned at iteration 0.
2025-01-02 22:15:52 INFO     Trial 959 pruned. Trial was pruned at iteration 0.
2025-01-02 22:15:52 INFO     Trial 960 pruned. Trial was pruned at iteration 0.
2025-01-02 22:15:53 INFO     Trial 961 pruned. Trial was pruned at iteration 0.
2025-01-02 22:15:53 INFO     Trial 962 pruned. Trial was pruned at iteration 0.
2025-01-02 22:15:54 INFO     Trial 963 finished with value: 0.018108 and parameters: {'max_delta_step': 88.60191255278973, 'colsample_bytree': 0.8914987089034384, 'subsample': 0.8237388019064376, 'min_child_weight': 27.635979481323773, 'min_data_in_leaf': 13.873337854849002, 'lambda': 2.2208698790903756, 'alpha': 5.617777935301071, 'max_depth': 5, 'eta': 0.010054681467300864, 'gamma': 5.487142088610254, 'num_boost_rounds': 150}. Best is trial 963 with value: 0.018108.
2025-01-02 22:15:55 INFO     Trial 964 finished with value: 0.01684 and parameters: {'max_delta_step': 86.53875562709305, 'colsample_bytree': 0.8912401971027061, 'subsample': 0.8558294828844755, 'min_child_weight': 28.63746845607259, 'min_data_in_leaf': 13.81018572576009, 'lambda': 2.3665324174970834, 'alpha': 5.470388131595239, 'max_depth': 5, 'eta': 0.004547244050768132, 'gamma': 5.9339966547324, 'num_boost_rounds': 150}. Best is trial 963 with value: 0.018108.
2025-01-02 22:15:55 INFO     Trial 965 finished with value: 0.018022 and parameters: {'max_delta_step': 82.72273956936355, 'colsample_bytree': 0.8653725197591374, 'subsample': 0.8517962071732124, 'min_child_weight': 26.888854246359532, 'min_data_in_leaf': 14.424937877051997, 'lambda': 2.1177883779496955, 'alpha': 5.270515028995157, 'max_depth': 5, 'eta': 0.0046837333624835525, 'gamma': 5.479268014406466, 'num_boost_rounds': 160}. Best is trial 963 with value: 0.018108.
2025-01-02 22:15:56 INFO     Trial 966 pruned. Trial was pruned at iteration 0.
2025-01-02 22:15:56 INFO     Trial 967 pruned. Trial was pruned at iteration 5.
2025-01-02 22:15:57 INFO     Trial 968 finished with value: 0.015671 and parameters: {'max_delta_step': 81.89395267813651, 'colsample_bytree': 0.8835782324846407, 'subsample': 0.8461072216065318, 'min_child_weight': 29.607997505053554, 'min_data_in_leaf': 13.48726528087627, 'lambda': 1.7188237967732831, 'alpha': 5.203347366356317, 'max_depth': 5, 'eta': 0.011171754411917338, 'gamma': 5.444133696367787, 'num_boost_rounds': 165}. Best is trial 963 with value: 0.018108.
2025-01-02 22:15:58 INFO     Trial 969 pruned. Trial was pruned at iteration 0.
2025-01-02 22:15:58 INFO     Trial 970 pruned. Trial was pruned at iteration 0.
2025-01-02 22:15:59 INFO     Trial 971 finished with value: 0.017182 and parameters: {'max_delta_step': 83.53259923977778, 'colsample_bytree': 0.8966588238287387, 'subsample': 0.8175569497455589, 'min_child_weight': 28.441736270139938, 'min_data_in_leaf': 13.462623037028571, 'lambda': 2.5417421875280195, 'alpha': 5.70134183642552, 'max_depth': 5, 'eta': 0.0035035998761935357, 'gamma': 5.518081159138359, 'num_boost_rounds': 160}. Best is trial 963 with value: 0.018108.
2025-01-02 22:16:00 INFO     Trial 972 finished with value: 0.015671 and parameters: {'max_delta_step': 83.95221297318179, 'colsample_bytree': 0.8835021616127461, 'subsample': 0.8405554950736237, 'min_child_weight': 29.434096291821916, 'min_data_in_leaf': 13.308595895848587, 'lambda': 2.716092602824155, 'alpha': 5.53084264480985, 'max_depth': 5, 'eta': 0.005911073732300381, 'gamma': 5.301906967545903, 'num_boost_rounds': 160}. Best is trial 963 with value: 0.018108.
2025-01-02 22:16:00 INFO     Trial 973 pruned. Trial was pruned at iteration 0.
2025-01-02 22:16:00 INFO     Trial 974 pruned. Trial was pruned at iteration 0.
2025-01-02 22:16:01 INFO     Trial 975 finished with value: 0.01684 and parameters: {'max_delta_step': 84.0135525856903, 'colsample_bytree': 0.9025794707531574, 'subsample': 0.8517937357992285, 'min_child_weight': 27.86481069464084, 'min_data_in_leaf': 13.763085145300895, 'lambda': 2.6009813900387746, 'alpha': 5.670857438849995, 'max_depth': 5, 'eta': 0.009126889226144044, 'gamma': 5.601116207100183, 'num_boost_rounds': 170}. Best is trial 963 with value: 0.018108.
2025-01-02 22:16:02 INFO     Trial 976 finished with value: 0.01684 and parameters: {'max_delta_step': 85.48100152777569, 'colsample_bytree': 0.8816478989630535, 'subsample': 0.8530908104365521, 'min_child_weight': 29.072231615493017, 'min_data_in_leaf': 13.12140776045139, 'lambda': 2.5434795088120445, 'alpha': 5.3449723840750325, 'max_depth': 5, 'eta': 0.009963688571672808, 'gamma': 5.249965072431098, 'num_boost_rounds': 165}. Best is trial 963 with value: 0.018108.
2025-01-02 22:16:03 INFO     Trial 977 pruned. Trial was pruned at iteration 0.
2025-01-02 22:16:03 INFO     Trial 978 pruned. Trial was pruned at iteration 0.
2025-01-02 22:16:04 INFO     Trial 979 finished with value: 0.018015 and parameters: {'max_delta_step': 79.62520817157427, 'colsample_bytree': 0.8873553262337319, 'subsample': 0.8436345285358624, 'min_child_weight': 27.017973238399847, 'min_data_in_leaf': 12.910092292159595, 'lambda': 2.6031387158309793, 'alpha': 5.2586690990369815, 'max_depth': 5, 'eta': 0.0019468346938345464, 'gamma': 5.200021604421517, 'num_boost_rounds': 165}. Best is trial 963 with value: 0.018108.
2025-01-02 22:16:04 INFO     Trial 980 pruned. Trial was pruned at iteration 5.
2025-01-02 22:16:05 INFO     Trial 981 finished with value: 0.016594 and parameters: {'max_delta_step': 84.77619695051311, 'colsample_bytree': 0.8825381504473894, 'subsample': 0.8426788834718731, 'min_child_weight': 27.437182901880213, 'min_data_in_leaf': 13.07275216607957, 'lambda': 2.5383528577245165, 'alpha': 5.491252902027898, 'max_depth': 5, 'eta': 0.005563652446556262, 'gamma': 5.2958365376862755, 'num_boost_rounds': 165}. Best is trial 963 with value: 0.018108.
2025-01-02 22:16:06 INFO     Trial 982 finished with value: 0.016594 and parameters: {'max_delta_step': 79.92397053259494, 'colsample_bytree': 0.8671863525377843, 'subsample': 0.8437167853723968, 'min_child_weight': 27.5000975954482, 'min_data_in_leaf': 13.599355920181678, 'lambda': 2.1654390909576757, 'alpha': 5.261151102969072, 'max_depth': 5, 'eta': 0.011111084968997846, 'gamma': 5.41493821917082, 'num_boost_rounds': 165}. Best is trial 963 with value: 0.018108.
2025-01-02 22:16:07 INFO     Trial 983 pruned. Trial was pruned at iteration 5.
2025-01-02 22:16:07 INFO     Trial 984 pruned. Trial was pruned at iteration 0.
2025-01-02 22:16:08 INFO     Trial 985 pruned. Trial was pruned at iteration 5.
2025-01-02 22:16:08 INFO     Trial 986 pruned. Trial was pruned at iteration 5.
2025-01-02 22:16:09 INFO     Trial 987 finished with value: 0.016594 and parameters: {'max_delta_step': 82.43727911972833, 'colsample_bytree': 0.8719116789747479, 'subsample': 0.8412416355233938, 'min_child_weight': 28.0385983911531, 'min_data_in_leaf': 12.963178286869573, 'lambda': 1.8335706805075378, 'alpha': 5.045579787578125, 'max_depth': 5, 'eta': 0.012291706899771495, 'gamma': 5.24682587219922, 'num_boost_rounds': 170}. Best is trial 963 with value: 0.018108.
2025-01-02 22:16:10 INFO     Trial 988 finished with value: 0.018126 and parameters: {'max_delta_step': 78.5397552665864, 'colsample_bytree': 0.8980753723356648, 'subsample': 0.8351961405592029, 'min_child_weight': 26.87819045572986, 'min_data_in_leaf': 13.812217996117107, 'lambda': 2.6408413175354215, 'alpha': 5.36918572142587, 'max_depth': 5, 'eta': 0.0015761701647391962, 'gamma': 5.1227220989431865, 'num_boost_rounds': 165}. Best is trial 988 with value: 0.018126.
2025-01-02 22:16:10 INFO     Trial 989 pruned. Trial was pruned at iteration 0.
2025-01-02 22:16:11 INFO     Trial 990 pruned. Trial was pruned at iteration 0.
2025-01-02 22:16:11 INFO     Trial 991 pruned. Trial was pruned at iteration 0.
2025-01-02 22:16:12 INFO     Trial 992 pruned. Trial was pruned at iteration 0.
2025-01-02 22:16:12 INFO     Trial 993 finished with value: 0.016594 and parameters: {'max_delta_step': 80.43439608339105, 'colsample_bytree': 0.8887964288346925, 'subsample': 0.843511088345546, 'min_child_weight': 26.934195276243383, 'min_data_in_leaf': 13.679216725444878, 'lambda': 2.2159011468754306, 'alpha': 5.603402494046407, 'max_depth': 5, 'eta': 0.015029830928481716, 'gamma': 5.505620793219938, 'num_boost_rounds': 165}. Best is trial 988 with value: 0.018126.
2025-01-02 22:16:13 INFO     Trial 994 pruned. Trial was pruned at iteration 5.
2025-01-02 22:16:14 INFO     Trial 995 finished with value: 0.016594 and parameters: {'max_delta_step': 77.50835230700154, 'colsample_bytree': 0.8718385097072963, 'subsample': 0.8339921671689191, 'min_child_weight': 27.26072893822605, 'min_data_in_leaf': 13.819088861749043, 'lambda': 1.9411953285491166, 'alpha': 5.31592272420873, 'max_depth': 5, 'eta': 0.013197643612101448, 'gamma': 4.826959367678545, 'num_boost_rounds': 165}. Best is trial 988 with value: 0.018126.
2025-01-02 22:16:14 INFO     Trial 996 pruned. Trial was pruned at iteration 0.
2025-01-02 22:16:15 INFO     Trial 997 finished with value: 0.018022 and parameters: {'max_delta_step': 78.55896830430055, 'colsample_bytree': 0.8835080593483347, 'subsample': 0.8304954501362009, 'min_child_weight': 26.425164067311325, 'min_data_in_leaf': 13.817106250051559, 'lambda': 2.6822597957977274, 'alpha': 5.5150244817282035, 'max_depth': 5, 'eta': 0.0019422870270451899, 'gamma': 5.210625132870881, 'num_boost_rounds': 165}. Best is trial 988 with value: 0.018126.
2025-01-02 22:16:16 INFO     Trial 998 finished with value: 0.017188 and parameters: {'max_delta_step': 78.45489477612158, 'colsample_bytree': 0.8657599672428383, 'subsample': 0.8345539997744957, 'min_child_weight': 29.407070964855734, 'min_data_in_leaf': 14.355302188404272, 'lambda': 2.1234006824045206, 'alpha': 5.439337024914674, 'max_depth': 5, 'eta': 0.001109594278033902, 'gamma': 5.169716203271925, 'num_boost_rounds': 160}. Best is trial 988 with value: 0.018126.
2025-01-02 22:16:16 INFO     Trial 999 pruned. Trial was pruned at iteration 0.
2025-01-02 22:16:17 INFO     Trial 1000 pruned. Trial was pruned at iteration 0.
2025-01-02 22:16:17 INFO     Trial 1001 finished with value: 0.015671 and parameters: {'max_delta_step': 79.62358491964406, 'colsample_bytree': 0.867866642772035, 'subsample': 0.8414529181386824, 'min_child_weight': 29.45043442311671, 'min_data_in_leaf': 15.730610765399934, 'lambda': 1.6389862452403454, 'alpha': 5.301820500368792, 'max_depth': 5, 'eta': 0.007919580305275406, 'gamma': 5.189728493709093, 'num_boost_rounds': 160}. Best is trial 988 with value: 0.018126.
2025-01-02 22:16:18 INFO     Trial 1002 pruned. Trial was pruned at iteration 0.
2025-01-02 22:16:18 INFO     Trial 1003 pruned. Trial was pruned at iteration 5.
2025-01-02 22:16:19 INFO     Trial 1004 finished with value: 0.016847 and parameters: {'max_delta_step': 75.9778276395503, 'colsample_bytree': 0.8634998433204467, 'subsample': 0.8359767267407019, 'min_child_weight': 29.83024899974012, 'min_data_in_leaf': 13.962182629353746, 'lambda': 1.9003688597167883, 'alpha': 5.793861265357453, 'max_depth': 5, 'eta': 0.005405893803567251, 'gamma': 4.8756787841939655, 'num_boost_rounds': 175}. Best is trial 988 with value: 0.018126.
2025-01-02 22:16:20 INFO     Trial 1005 finished with value: 0.016594 and parameters: {'max_delta_step': 74.17211227533492, 'colsample_bytree': 0.8705218572812379, 'subsample': 0.8504235404804071, 'min_child_weight': 26.999346136560774, 'min_data_in_leaf': 15.159946519183187, 'lambda': 2.0824342374276417, 'alpha': 5.3992983857972705, 'max_depth': 5, 'eta': 0.014827314817995544, 'gamma': 5.231660209638772, 'num_boost_rounds': 155}. Best is trial 988 with value: 0.018126.
2025-01-02 22:16:21 INFO     Trial 1006 pruned. Trial was pruned at iteration 0.
2025-01-02 22:16:21 INFO     Trial 1007 pruned. Trial was pruned at iteration 0.
2025-01-02 22:16:22 INFO     Trial 1008 pruned. Trial was pruned at iteration 5.
2025-01-02 22:16:22 INFO     Trial 1009 finished with value: 0.017188 and parameters: {'max_delta_step': 79.94737592658461, 'colsample_bytree': 0.882734162427567, 'subsample': 0.8344327998758351, 'min_child_weight': 29.319084563244505, 'min_data_in_leaf': 13.918113712095632, 'lambda': 1.7784901683119636, 'alpha': 5.645880501229104, 'max_depth': 5, 'eta': 0.00028725132479731847, 'gamma': 4.730557748869807, 'num_boost_rounds': 165}. Best is trial 988 with value: 0.018126.
2025-01-02 22:16:23 INFO     Trial 1010 pruned. Trial was pruned at iteration 0.
2025-01-02 22:16:23 INFO     Trial 1011 pruned. Trial was pruned at iteration 0.
2025-01-02 22:16:24 INFO     Trial 1012 finished with value: 0.017188 and parameters: {'max_delta_step': 76.40617475838337, 'colsample_bytree': 0.8628022633872047, 'subsample': 0.8370029589936746, 'min_child_weight': 29.0707146224877, 'min_data_in_leaf': 14.90555720634555, 'lambda': 1.6633252803123089, 'alpha': 5.359400983219366, 'max_depth': 5, 'eta': 0.00014731536446385652, 'gamma': 4.74047955784349, 'num_boost_rounds': 170}. Best is trial 988 with value: 0.018126.
2025-01-02 22:16:25 INFO     Trial 1013 pruned. Trial was pruned at iteration 0.
2025-01-02 22:16:25 INFO     Trial 1014 pruned. Trial was pruned at iteration 0.
2025-01-02 22:16:25 INFO     Trial 1015 pruned. Trial was pruned at iteration 0.
2025-01-02 22:16:26 INFO     Trial 1016 pruned. Trial was pruned at iteration 0.
2025-01-02 22:16:27 INFO     Trial 1017 pruned. Trial was pruned at iteration 5.
2025-01-02 22:16:27 INFO     Trial 1018 pruned. Trial was pruned at iteration 0.
2025-01-02 22:16:28 INFO     Trial 1019 pruned. Trial was pruned at iteration 0.
2025-01-02 22:16:28 INFO     Trial 1020 pruned. Trial was pruned at iteration 0.
2025-01-02 22:16:29 INFO     Trial 1021 finished with value: 0.015671 and parameters: {'max_delta_step': 82.25593004408469, 'colsample_bytree': 0.862955698031262, 'subsample': 0.8365008251995901, 'min_child_weight': 28.62850839376028, 'min_data_in_leaf': 14.163107903412152, 'lambda': 1.629085957835668, 'alpha': 5.207384449342165, 'max_depth': 5, 'eta': 0.015085555766870793, 'gamma': 4.989138436982042, 'num_boost_rounds': 170}. Best is trial 988 with value: 0.018126.
2025-01-02 22:16:29 INFO     Trial 1022 pruned. Trial was pruned at iteration 0.
2025-01-02 22:16:30 INFO     Trial 1023 pruned. Trial was pruned at iteration 0.
2025-01-02 22:16:30 INFO     Trial 1024 finished with value: 0.015922 and parameters: {'max_delta_step': 72.32764405911975, 'colsample_bytree': 0.8781507622574123, 'subsample': 0.8493529765318694, 'min_child_weight': 30.00449328363846, 'min_data_in_leaf': 13.654074169498891, 'lambda': 1.7900110872743107, 'alpha': 5.099435630556544, 'max_depth': 5, 'eta': 0.005148676017254151, 'gamma': 5.495484477300193, 'num_boost_rounds': 155}. Best is trial 988 with value: 0.018126.
2025-01-02 22:16:31 INFO     Trial 1025 finished with value: 0.016594 and parameters: {'max_delta_step': 73.36868705640067, 'colsample_bytree': 0.8828189781716251, 'subsample': 0.8401343916528153, 'min_child_weight': 27.198800579863438, 'min_data_in_leaf': 14.353352498799968, 'lambda': 1.85049763464478, 'alpha': 5.420774349963045, 'max_depth': 5, 'eta': 0.013078584468793989, 'gamma': 5.036662148254667, 'num_boost_rounds': 160}. Best is trial 988 with value: 0.018126.
2025-01-02 22:16:32 INFO     Trial 1026 pruned. Trial was pruned at iteration 0.
2025-01-02 22:16:32 INFO     Trial 1027 pruned. Trial was pruned at iteration 5.
