2025-01-02 12:14:16 INFO     Using categorical units to plot a list of strings that are all parsable as floats or dates. If these strings should be plotted as numbers, cast to the appropriate data type before plotting.
2025-01-02 12:14:17 INFO     Using categorical units to plot a list of strings that are all parsable as floats or dates. If these strings should be plotted as numbers, cast to the appropriate data type before plotting.
2025-01-02 12:14:17 INFO     Using categorical units to plot a list of strings that are all parsable as floats or dates. If these strings should be plotted as numbers, cast to the appropriate data type before plotting.
2025-01-02 12:14:17 INFO     Using categorical units to plot a list of strings that are all parsable as floats or dates. If these strings should be plotted as numbers, cast to the appropriate data type before plotting.
2025-01-02 12:14:18 INFO     Using categorical units to plot a list of strings that are all parsable as floats or dates. If these strings should be plotted as numbers, cast to the appropriate data type before plotting.
2025-01-02 12:14:18 INFO     Using categorical units to plot a list of strings that are all parsable as floats or dates. If these strings should be plotted as numbers, cast to the appropriate data type before plotting.
2025-01-02 12:14:18 INFO     Using categorical units to plot a list of strings that are all parsable as floats or dates. If these strings should be plotted as numbers, cast to the appropriate data type before plotting.
2025-01-02 12:14:18 INFO     Using categorical units to plot a list of strings that are all parsable as floats or dates. If these strings should be plotted as numbers, cast to the appropriate data type before plotting.
2025-01-02 12:19:35 INFO     Logging started...
2025-01-02 12:25:32 INFO     Using an existing study with name 'xgboost-starbucks-irr_with_v2-scaled_adjusted_parms10' instead of creating a new one.
2025-01-02 12:25:35 INFO     Trial 1000 pruned. Trial was pruned at iteration 0.
2025-01-02 12:25:36 INFO     n_estimators: 10
2025-01-02 12:25:36 INFO     Trial 1001 finished with value: 0.016559 and parameters: {'max_delta_step': 81.97417777251505, 'colsample_bytree': 0.9912770006678453, 'colsample_bynode': 0.9859141098293913, 'subsample': 0.6716561659038522, 'min_child_weight': 58.41926020651009, 'min_data_in_leaf': 10.332730093754897, 'lambda': 5.851308461992407, 'alpha': 7.056070108435256, 'max_depth': 4, 'eta': 0.1686025685071499, 'gamma': 3.2786135456201735, 'num_boost_rounds': 300}. Best is trial 838 with value: 0.017404.
2025-01-02 12:25:36 INFO     Trial 1002 pruned. Trial was pruned at iteration 0.
2025-01-02 12:25:37 INFO     Trial 1003 pruned. Trial was pruned at iteration 0.
2025-01-02 12:25:37 INFO     Trial 1004 pruned. Trial was pruned at iteration 0.
2025-01-02 12:25:37 INFO     Trial 1005 pruned. Trial was pruned at iteration 0.
2025-01-02 12:25:38 INFO     Trial 1006 pruned. Trial was pruned at iteration 0.
2025-01-02 12:25:38 INFO     Trial 1007 pruned. Trial was pruned at iteration 0.
2025-01-02 12:25:39 INFO     Trial 1008 pruned. Trial was pruned at iteration 0.
2025-01-02 12:25:39 INFO     Trial 1009 pruned. Trial was pruned at iteration 0.
2025-01-02 12:25:39 INFO     Trial 1010 pruned. Trial was pruned at iteration 0.
2025-01-02 12:25:40 INFO     Trial 1011 pruned. Trial was pruned at iteration 0.
2025-01-02 12:25:40 INFO     Trial 1012 pruned. Trial was pruned at iteration 0.
2025-01-02 12:25:40 INFO     Trial 1013 pruned. Trial was pruned at iteration 0.
2025-01-02 12:25:41 INFO     Trial 1014 pruned. Trial was pruned at iteration 0.
2025-01-02 12:25:41 INFO     Trial 1015 pruned. Trial was pruned at iteration 0.
2025-01-02 12:25:42 INFO     n_estimators: 10
2025-01-02 12:25:42 INFO     Trial 1016 finished with value: 0.016002 and parameters: {'max_delta_step': 84.27368417255067, 'colsample_bytree': 0.9901887997242971, 'colsample_bynode': 0.8782714093836969, 'subsample': 0.664396675830622, 'min_child_weight': 41.56265116161793, 'min_data_in_leaf': 10.278465918304207, 'lambda': 5.915865063862618, 'alpha': 7.135551720692889, 'max_depth': 4, 'eta': 0.16363359333414174, 'gamma': 2.9233007876583064, 'num_boost_rounds': 250}. Best is trial 838 with value: 0.017404.
2025-01-02 12:25:42 INFO     Trial 1017 pruned. Trial was pruned at iteration 0.
2025-01-02 12:25:43 INFO     Trial 1018 pruned. Trial was pruned at iteration 0.
2025-01-02 12:25:43 INFO     Trial 1019 pruned. Trial was pruned at iteration 0.
2025-01-02 12:25:44 INFO     n_estimators: 10
2025-01-02 12:25:44 INFO     Trial 1020 finished with value: 0.015657 and parameters: {'max_delta_step': 81.47933805872597, 'colsample_bytree': 0.9679070407542256, 'colsample_bynode': 0.9246684053666085, 'subsample': 0.6725843512201226, 'min_child_weight': 68.82457569496036, 'min_data_in_leaf': 10.263486221202095, 'lambda': 5.730712938225746, 'alpha': 7.401459932672397, 'max_depth': 4, 'eta': 0.1658868334480885, 'gamma': 3.3924689071216334, 'num_boost_rounds': 270}. Best is trial 838 with value: 0.017404.
2025-01-02 12:25:44 INFO     Trial 1021 pruned. Trial was pruned at iteration 0.
2025-01-02 12:25:44 INFO     Trial 1022 pruned. Trial was pruned at iteration 0.
2025-01-02 12:25:45 INFO     Trial 1023 pruned. Trial was pruned at iteration 0.
2025-01-02 12:25:45 INFO     Trial 1024 pruned. Trial was pruned at iteration 0.
2025-01-02 12:25:46 INFO     Trial 1025 pruned. Trial was pruned at iteration 0.
2025-01-02 12:25:46 INFO     n_estimators: 10
2025-01-02 12:25:46 INFO     Trial 1026 finished with value: 0.016757 and parameters: {'max_delta_step': 92.19486373677881, 'colsample_bytree': 0.9625876956884236, 'colsample_bynode': 0.8676228585332231, 'subsample': 0.6559086166915397, 'min_child_weight': 68.9312502836373, 'min_data_in_leaf': 10.26098961960758, 'lambda': 5.2836222914945825, 'alpha': 7.931970126060257, 'max_depth': 4, 'eta': 0.18416426143230735, 'gamma': 3.0975885358481867, 'num_boost_rounds': 270}. Best is trial 838 with value: 0.017404.
2025-01-02 12:25:47 INFO     Trial 1027 pruned. Trial was pruned at iteration 0.
2025-01-02 12:25:47 INFO     Trial 1028 pruned. Trial was pruned at iteration 0.
2025-01-02 12:25:47 INFO     Trial 1029 pruned. Trial was pruned at iteration 0.
2025-01-02 12:25:48 INFO     n_estimators: 10
2025-01-02 12:25:48 INFO     Trial 1030 finished with value: 0.016257 and parameters: {'max_delta_step': 82.83922831233085, 'colsample_bytree': 0.9754005019144871, 'colsample_bynode': 0.9956641452138292, 'subsample': 0.6500209157892111, 'min_child_weight': 36.234718690775914, 'min_data_in_leaf': 10.253253711255564, 'lambda': 5.726701311610317, 'alpha': 8.810945583263395, 'max_depth': 4, 'eta': 0.1801172981829907, 'gamma': 2.8572983515269668, 'num_boost_rounds': 10}. Best is trial 838 with value: 0.017404.
2025-01-02 12:25:49 INFO     Trial 1031 pruned. Trial was pruned at iteration 0.
2025-01-02 12:25:49 INFO     Trial 1032 pruned. Trial was pruned at iteration 0.
2025-01-02 12:25:49 INFO     Trial 1033 pruned. Trial was pruned at iteration 0.
2025-01-02 12:25:50 INFO     n_estimators: 10
2025-01-02 12:25:50 INFO     Trial 1034 finished with value: 0.016258 and parameters: {'max_delta_step': 83.33961527808039, 'colsample_bytree': 0.9644547354090587, 'colsample_bynode': 0.9224345785334976, 'subsample': 0.6527514663254087, 'min_child_weight': 42.788814836858805, 'min_data_in_leaf': 10.25910908174448, 'lambda': 4.708403148399091, 'alpha': 7.892950346052259, 'max_depth': 4, 'eta': 0.167546176139562, 'gamma': 2.7014701581466385, 'num_boost_rounds': 200}. Best is trial 838 with value: 0.017404.
2025-01-02 12:25:50 INFO     Trial 1035 pruned. Trial was pruned at iteration 0.
2025-01-02 12:25:51 INFO     Trial 1036 pruned. Trial was pruned at iteration 0.
2025-01-02 12:25:51 INFO     Trial 1037 pruned. Trial was pruned at iteration 0.
2025-01-02 12:25:52 INFO     Trial 1038 pruned. Trial was pruned at iteration 0.
2025-01-02 12:25:52 INFO     Trial 1039 pruned. Trial was pruned at iteration 0.
2025-01-02 12:25:52 INFO     Trial 1040 pruned. Trial was pruned at iteration 0.
2025-01-02 12:25:53 INFO     Trial 1041 pruned. Trial was pruned at iteration 0.
2025-01-02 12:25:53 INFO     Trial 1042 pruned. Trial was pruned at iteration 0.
2025-01-02 12:25:54 INFO     Trial 1043 pruned. Trial was pruned at iteration 0.
2025-01-02 12:25:54 INFO     Trial 1044 pruned. Trial was pruned at iteration 0.
2025-01-02 12:25:54 INFO     Trial 1045 pruned. Trial was pruned at iteration 0.
2025-01-02 12:25:55 INFO     Trial 1046 pruned. Trial was pruned at iteration 0.
2025-01-02 12:25:56 INFO     Trial 1047 pruned. Trial was pruned at iteration 0.
2025-01-02 12:25:56 INFO     Trial 1048 pruned. Trial was pruned at iteration 0.
2025-01-02 12:25:58 INFO     n_estimators: 10
2025-01-02 12:25:58 INFO     Trial 1049 finished with value: 0.016559 and parameters: {'max_delta_step': 84.48587434136029, 'colsample_bytree': 0.9744829629872669, 'colsample_bynode': 0.9592306394777811, 'subsample': 0.657077121735481, 'min_child_weight': 70.65628708776245, 'min_data_in_leaf': 10.789011828343211, 'lambda': 4.936808291812643, 'alpha': 6.6996055815426665, 'max_depth': 4, 'eta': 0.17469228872976736, 'gamma': 4.620267071585561, 'num_boost_rounds': 100}. Best is trial 838 with value: 0.017404.
2025-01-02 12:25:58 INFO     Trial 1050 pruned. Trial was pruned at iteration 0.
2025-01-02 12:25:58 INFO     Trial 1051 pruned. Trial was pruned at iteration 0.
2025-01-02 12:25:59 INFO     Trial 1052 pruned. Trial was pruned at iteration 0.
2025-01-02 12:25:59 INFO     Trial 1053 pruned. Trial was pruned at iteration 0.
2025-01-02 12:26:00 INFO     Trial 1054 pruned. Trial was pruned at iteration 0.
2025-01-02 12:26:00 INFO     Trial 1055 pruned. Trial was pruned at iteration 0.
2025-01-02 12:26:00 INFO     Trial 1056 pruned. Trial was pruned at iteration 0.
2025-01-02 12:26:01 INFO     Trial 1057 pruned. Trial was pruned at iteration 0.
2025-01-02 12:26:01 INFO     Trial 1058 pruned. Trial was pruned at iteration 0.
2025-01-02 12:26:01 INFO     Trial 1059 pruned. Trial was pruned at iteration 0.
2025-01-02 12:26:02 INFO     Trial 1060 pruned. Trial was pruned at iteration 0.
2025-01-02 12:26:02 INFO     Trial 1061 pruned. Trial was pruned at iteration 0.
2025-01-02 12:26:03 INFO     Trial 1062 pruned. Trial was pruned at iteration 0.
2025-01-02 12:26:03 INFO     Trial 1063 pruned. Trial was pruned at iteration 0.
2025-01-02 12:26:03 INFO     Trial 1064 pruned. Trial was pruned at iteration 0.
2025-01-02 12:26:04 INFO     Trial 1065 pruned. Trial was pruned at iteration 0.
2025-01-02 12:26:04 INFO     Trial 1066 pruned. Trial was pruned at iteration 0.
2025-01-02 12:26:05 INFO     Trial 1067 pruned. Trial was pruned at iteration 0.
2025-01-02 12:26:05 INFO     Trial 1068 pruned. Trial was pruned at iteration 0.
2025-01-02 12:26:05 INFO     Trial 1069 pruned. Trial was pruned at iteration 0.
2025-01-02 12:26:06 INFO     Trial 1070 pruned. Trial was pruned at iteration 0.
2025-01-02 12:26:06 INFO     Trial 1071 pruned. Trial was pruned at iteration 0.
2025-01-02 12:26:07 INFO     Trial 1072 pruned. Trial was pruned at iteration 0.
2025-01-02 12:26:07 INFO     Trial 1073 pruned. Trial was pruned at iteration 0.
2025-01-02 12:26:07 INFO     Trial 1074 pruned. Trial was pruned at iteration 0.
2025-01-02 12:26:08 INFO     Trial 1075 pruned. Trial was pruned at iteration 0.
2025-01-02 12:26:08 INFO     Trial 1076 pruned. Trial was pruned at iteration 0.
2025-01-02 12:26:09 INFO     n_estimators: 10
2025-01-02 12:26:09 INFO     Trial 1077 finished with value: 0.016552 and parameters: {'max_delta_step': 89.08978213052727, 'colsample_bytree': 0.9659574896534828, 'colsample_bynode': 0.9977225378719969, 'subsample': 0.6715233558665434, 'min_child_weight': 75.58684515868849, 'min_data_in_leaf': 10.213230613856753, 'lambda': 4.603943944500992, 'alpha': 7.007773344068698, 'max_depth': 4, 'eta': 0.17873167641772675, 'gamma': 2.6099067141639365, 'num_boost_rounds': 120}. Best is trial 838 with value: 0.017404.
2025-01-02 12:26:09 INFO     Trial 1078 pruned. Trial was pruned at iteration 0.
2025-01-02 12:26:10 INFO     Trial 1079 pruned. Trial was pruned at iteration 0.
2025-01-02 12:26:10 INFO     Trial 1080 pruned. Trial was pruned at iteration 0.
2025-01-02 12:26:10 INFO     Trial 1081 pruned. Trial was pruned at iteration 0.
2025-01-02 12:26:11 INFO     Trial 1082 pruned. Trial was pruned at iteration 0.
2025-01-02 12:26:12 INFO     n_estimators: 10
2025-01-02 12:26:12 INFO     Trial 1083 finished with value: 0.015664 and parameters: {'max_delta_step': 91.13847468546943, 'colsample_bytree': 0.970673988586761, 'colsample_bynode': 0.9036694276149125, 'subsample': 0.6724704421877571, 'min_child_weight': 23.555925634661104, 'min_data_in_leaf': 10.228163975080877, 'lambda': 6.240673149275534, 'alpha': 6.830674926107071, 'max_depth': 4, 'eta': 0.16000136352649882, 'gamma': 2.9123842723302547, 'num_boost_rounds': 100}. Best is trial 838 with value: 0.017404.
2025-01-02 12:26:12 INFO     Trial 1084 pruned. Trial was pruned at iteration 0.
2025-01-02 12:26:12 INFO     Trial 1085 pruned. Trial was pruned at iteration 0.
2025-01-02 12:26:13 INFO     Trial 1086 pruned. Trial was pruned at iteration 0.
2025-01-02 12:26:13 INFO     Trial 1087 pruned. Trial was pruned at iteration 0.
2025-01-02 12:26:14 INFO     Trial 1088 pruned. Trial was pruned at iteration 0.
2025-01-02 12:26:14 INFO     Trial 1089 pruned. Trial was pruned at iteration 0.
2025-01-02 12:26:14 INFO     Trial 1090 pruned. Trial was pruned at iteration 0.
2025-01-02 12:26:15 INFO     n_estimators: 10
2025-01-02 12:26:15 INFO     Trial 1091 finished with value: 0.014724 and parameters: {'max_delta_step': 86.71411927618252, 'colsample_bytree': 0.9647289213094269, 'colsample_bynode': 0.8744703240082752, 'subsample': 0.6403147928988931, 'min_child_weight': 44.51719824377045, 'min_data_in_leaf': 10.220954488817576, 'lambda': 4.903829794274387, 'alpha': 7.978752978526525, 'max_depth': 4, 'eta': 0.12421979979281805, 'gamma': 2.344698129626835, 'num_boost_rounds': 110}. Best is trial 838 with value: 0.017404.
2025-01-02 12:26:16 INFO     Trial 1092 pruned. Trial was pruned at iteration 0.
2025-01-02 12:26:16 INFO     Trial 1093 pruned. Trial was pruned at iteration 0.
2025-01-02 12:26:17 INFO     n_estimators: 10
2025-01-02 12:26:17 INFO     Trial 1094 finished with value: 0.015921 and parameters: {'max_delta_step': 82.25416415044077, 'colsample_bytree': 0.9744212551846746, 'colsample_bynode': 0.9198277152292863, 'subsample': 0.664562254104133, 'min_child_weight': 65.09404632806068, 'min_data_in_leaf': 10.214955397910092, 'lambda': 5.1734132030544995, 'alpha': 8.817791274761925, 'max_depth': 4, 'eta': 0.15864397816158554, 'gamma': 2.7877024715246996, 'num_boost_rounds': 160}. Best is trial 838 with value: 0.017404.
2025-01-02 12:26:17 INFO     Trial 1095 pruned. Trial was pruned at iteration 0.
2025-01-02 12:26:17 INFO     Trial 1096 pruned. Trial was pruned at iteration 0.
2025-01-02 12:26:18 INFO     Trial 1097 pruned. Trial was pruned at iteration 0.
2025-01-02 12:26:19 INFO     n_estimators: 10
2025-01-02 12:26:19 INFO     Trial 1098 finished with value: 0.015885 and parameters: {'max_delta_step': 41.598694675555905, 'colsample_bytree': 0.9912045300215351, 'colsample_bynode': 0.8366690251714657, 'subsample': 0.6462627652939118, 'min_child_weight': 61.56821311242993, 'min_data_in_leaf': 10.198894510309517, 'lambda': 4.778117741164655, 'alpha': 6.654512799096967, 'max_depth': 4, 'eta': 0.16344470313185447, 'gamma': 2.659691985990286, 'num_boost_rounds': 50}. Best is trial 838 with value: 0.017404.
2025-01-02 12:26:19 INFO     Trial 1099 pruned. Trial was pruned at iteration 0.
2025-01-02 12:44:48 INFO     A new study created in RDB with name: xgboost-starbucks-irr_with_v2-scaled_adjusted_parms11
2025-01-02 12:44:49 INFO     n_estimators: 10
2025-01-02 12:44:49 INFO     Trial 0 finished with value: 0.016079 and parameters: {'max_delta_step': 8.316456991720392, 'colsample_bytree': 0.7386463309099394, 'subsample': 0.7127875551028999, 'min_child_weight': 38.20956181757328, 'min_data_in_leaf': 18.805005550363898, 'lambda': 2.844645213754958, 'alpha': 6.725108472696541, 'max_depth': 3, 'eta': 0.06274961499794857, 'gamma': 9.298484542852734, 'num_boost_rounds': 185}. Best is trial 0 with value: 0.016079.
2025-01-02 12:44:50 INFO     n_estimators: 10
2025-01-02 12:44:50 INFO     Trial 1 finished with value: 0.014401 and parameters: {'max_delta_step': 89.75282194607951, 'colsample_bytree': 0.7862380760600232, 'subsample': 0.9314124916691249, 'min_child_weight': 89.21824403385084, 'min_data_in_leaf': 10.774440333669782, 'lambda': 1.6292373813469954, 'alpha': 4.850563460555649, 'max_depth': 1, 'eta': 0.05498318142062923, 'gamma': 5.388132403025388, 'num_boost_rounds': 85}. Best is trial 0 with value: 0.016079.
2025-01-02 12:44:51 INFO     n_estimators: 10
2025-01-02 12:44:51 INFO     Trial 2 finished with value: 0.016818 and parameters: {'max_delta_step': 19.516165945903747, 'colsample_bytree': 0.9586556591735247, 'subsample': 0.6003035458660122, 'min_child_weight': 33.80524874148085, 'min_data_in_leaf': 20.05043653426825, 'lambda': 8.400160864284205, 'alpha': 2.6673425226018797, 'max_depth': 4, 'eta': 0.15373857376482272, 'gamma': 2.455827680281785, 'num_boost_rounds': 170}. Best is trial 2 with value: 0.016818.
2025-01-02 12:44:52 INFO     n_estimators: 10
2025-01-02 12:44:52 INFO     Trial 3 finished with value: 0.016613 and parameters: {'max_delta_step': 43.66685702894729, 'colsample_bytree': 0.9440900377898085, 'subsample': 0.90612100387579, 'min_child_weight': 30.87925259912305, 'min_data_in_leaf': 29.27750307900952, 'lambda': 1.2826527760979458, 'alpha': 5.7119575440945685, 'max_depth': 5, 'eta': 0.06608858194627329, 'gamma': 5.512656384311429, 'num_boost_rounds': 60}. Best is trial 2 with value: 0.016818.
2025-01-02 12:44:52 INFO     n_estimators: 10
2025-01-02 12:44:52 INFO     Trial 4 finished with value: 0.008416 and parameters: {'max_delta_step': 77.01788410150218, 'colsample_bytree': 0.9677246776777801, 'subsample': 0.7547092652766172, 'min_child_weight': 48.862094575881876, 'min_data_in_leaf': 10.761398091811486, 'lambda': 7.502325521912649, 'alpha': 7.018230444110583, 'max_depth': 1, 'eta': 0.17284955138726335, 'gamma': 1.6400757476568806, 'num_boost_rounds': 180}. Best is trial 2 with value: 0.016818.
2025-01-02 12:44:53 INFO     Trial 5 pruned. Trial was pruned at iteration 0.
2025-01-02 12:44:53 INFO     n_estimators: 10
2025-01-02 12:44:53 INFO     Trial 6 finished with value: 0.017299 and parameters: {'max_delta_step': 3.141475413280725, 'colsample_bytree': 0.7336579936725776, 'subsample': 0.5892576877802781, 'min_child_weight': 29.201990399367663, 'min_data_in_leaf': 13.796987039880817, 'lambda': 0.30973532091171807, 'alpha': 5.385903427623621, 'max_depth': 5, 'eta': 0.09204596204876622, 'gamma': 4.2618362753608805, 'num_boost_rounds': 20}. Best is trial 6 with value: 0.017299.
2025-01-02 12:44:54 INFO     n_estimators: 10
2025-01-02 12:44:54 INFO     Trial 7 finished with value: 0.016995 and parameters: {'max_delta_step': 99.81013699964087, 'colsample_bytree': 0.5625782517372081, 'subsample': 0.616153213666432, 'min_child_weight': 90.42503886948403, 'min_data_in_leaf': 19.589068892865793, 'lambda': 7.116053596934799, 'alpha': 4.973656026374308, 'max_depth': 1, 'eta': 0.04461623819130822, 'gamma': 8.334718362347378, 'num_boost_rounds': 75}. Best is trial 6 with value: 0.017299.
2025-01-02 12:44:54 INFO     Trial 8 pruned. Trial was pruned at iteration 0.
2025-01-02 12:44:54 INFO     Trial 9 pruned. Trial was pruned at iteration 0.
2025-01-02 12:44:55 INFO     Trial 10 pruned. Trial was pruned at iteration 1.
2025-01-02 12:44:55 INFO     Trial 11 pruned. Trial was pruned at iteration 0.
2025-01-02 12:44:55 INFO     Trial 12 pruned. Trial was pruned at iteration 0.
2025-01-02 12:44:56 INFO     Trial 13 pruned. Trial was pruned at iteration 0.
2025-01-02 12:44:56 INFO     Trial 14 pruned. Trial was pruned at iteration 0.
2025-01-02 12:44:56 INFO     Trial 15 pruned. Trial was pruned at iteration 0.
2025-01-02 12:44:57 INFO     Trial 16 pruned. Trial was pruned at iteration 0.
2025-01-02 12:44:57 INFO     Trial 17 pruned. Trial was pruned at iteration 0.
2025-01-02 12:44:57 INFO     Trial 18 pruned. Trial was pruned at iteration 0.
2025-01-02 12:44:58 INFO     Trial 19 pruned. Trial was pruned at iteration 0.
2025-01-02 12:44:58 INFO     Trial 20 pruned. Trial was pruned at iteration 0.
2025-01-02 12:44:58 INFO     n_estimators: 10
2025-01-02 12:44:59 INFO     Trial 21 finished with value: 0.015826 and parameters: {'max_delta_step': 18.02146323490397, 'colsample_bytree': 0.9023363709239212, 'subsample': 0.6094175336664855, 'min_child_weight': 29.156557515470862, 'min_data_in_leaf': 20.992266260958335, 'lambda': 8.495390306685035, 'alpha': 2.8291874982716765, 'max_depth': 4, 'eta': 0.14790872256753218, 'gamma': 2.3348247905575397, 'num_boost_rounds': 155}. Best is trial 6 with value: 0.017299.
2025-01-02 12:44:59 INFO     Trial 22 pruned. Trial was pruned at iteration 0.
2025-01-02 12:44:59 INFO     Trial 23 pruned. Trial was pruned at iteration 0.
2025-01-02 12:45:00 INFO     n_estimators: 10
2025-01-02 12:45:00 INFO     Trial 24 finished with value: 0.016257 and parameters: {'max_delta_step': 12.954745961622145, 'colsample_bytree': 0.8875819213132866, 'subsample': 0.540877175378549, 'min_child_weight': 14.176062031386527, 'min_data_in_leaf': 20.668128535900692, 'lambda': 7.172932564877316, 'alpha': 2.2883023802835645, 'max_depth': 5, 'eta': 0.15007135852131642, 'gamma': 2.4226530513929307, 'num_boost_rounds': 200}. Best is trial 6 with value: 0.017299.
2025-01-02 12:45:00 INFO     Trial 25 pruned. Trial was pruned at iteration 0.
2025-01-02 12:45:01 INFO     Trial 26 pruned. Trial was pruned at iteration 0.
