2025-01-02 13:12:55 INFO     Trial 507 finished with value: 0.017088 and parameters: {'max_delta_step': 22.580384688089545, 'colsample_bytree': 0.5240541050302222, 'colsample_bynode': 0.46132338661296474, 'subsample': 0.8679929714262982, 'min_child_weight': 92.41892618017494, 'min_data_in_leaf': 22.459707409947356, 'lambda': 2.935416274098928, 'alpha': 7.888293536622155, 'max_depth': 1, 'eta': 0.18518536418989454, 'gamma': 8.897794279009275, 'num_boost_rounds': 95}. Best is trial 186 with value: 0.017241.
2025-01-02 13:12:55 INFO     n_estimators: 10
2025-01-02 13:12:56 INFO     Trial 508 finished with value: 0.017143 and parameters: {'max_delta_step': 17.45139043089367, 'colsample_bytree': 0.5332308724653267, 'colsample_bynode': 0.42697293447005685, 'subsample': 0.8491578632695536, 'min_child_weight': 99.46911592609449, 'min_data_in_leaf': 20.236752579258873, 'lambda': 2.7724969693773795, 'alpha': 7.326364119170944, 'max_depth': 1, 'eta': 0.19638315693875913, 'gamma': 8.630309223071679, 'num_boost_rounds': 185}. Best is trial 186 with value: 0.017241.
2025-01-02 13:12:56 INFO     n_estimators: 10
2025-01-02 13:12:56 INFO     Trial 509 finished with value: 0.017088 and parameters: {'max_delta_step': 20.09492842056584, 'colsample_bytree': 0.5704375833056807, 'colsample_bynode': 0.4063546695187, 'subsample': 0.8851715912532508, 'min_child_weight': 85.51772286012786, 'min_data_in_leaf': 17.61821042777681, 'lambda': 2.4856967870623845, 'alpha': 6.930527645611068, 'max_depth': 1, 'eta': 0.19646861409027866, 'gamma': 8.455296035661453, 'num_boost_rounds': 175}. Best is trial 186 with value: 0.017241.
2025-01-02 13:12:57 INFO     n_estimators: 10
2025-01-02 13:12:57 INFO     Trial 510 finished with value: 0.017072 and parameters: {'max_delta_step': 89.17219375546506, 'colsample_bytree': 0.5514295965998551, 'colsample_bynode': 0.4921189933166229, 'subsample': 0.9174769246609206, 'min_child_weight': 90.00162389851737, 'min_data_in_leaf': 18.827678574867193, 'lambda': 3.249345845191192, 'alpha': 5.826038026586039, 'max_depth': 1, 'eta': 0.17903704986355584, 'gamma': 8.122509728818986, 'num_boost_rounds': 195}. Best is trial 186 with value: 0.017241.
2025-01-02 13:12:57 INFO     n_estimators: 10
2025-01-02 13:12:57 INFO     Trial 511 finished with value: 0.017143 and parameters: {'max_delta_step': 16.484399469556042, 'colsample_bytree': 0.5088394170301427, 'colsample_bynode': 0.2398828642564761, 'subsample': 0.8774277274383125, 'min_child_weight': 94.12126673760167, 'min_data_in_leaf': 19.628706117059803, 'lambda': 3.5254841256192258, 'alpha': 8.173077804917442, 'max_depth': 1, 'eta': 0.1900647191465856, 'gamma': 4.449379502559799, 'num_boost_rounds': 185}. Best is trial 186 with value: 0.017241.
2025-01-02 13:12:58 INFO     n_estimators: 10
2025-01-02 13:12:58 INFO     Trial 512 finished with value: 0.017143 and parameters: {'max_delta_step': 2.4551080654350343, 'colsample_bytree': 0.542438154469814, 'colsample_bynode': 0.4428115735988071, 'subsample': 0.8601536576805173, 'min_child_weight': 87.9298098355247, 'min_data_in_leaf': 19.225339287377547, 'lambda': 3.0182986221338197, 'alpha': 7.156733970881023, 'max_depth': 1, 'eta': 0.1966932923884481, 'gamma': 9.045561998960956, 'num_boost_rounds': 180}. Best is trial 186 with value: 0.017241.
2025-01-02 13:12:59 INFO     n_estimators: 10
2025-01-02 13:12:59 INFO     Trial 513 finished with value: 0.017088 and parameters: {'max_delta_step': 18.15988031795377, 'colsample_bytree': 0.525008480392903, 'colsample_bynode': 0.3439492091595516, 'subsample': 0.8956638477846063, 'min_child_weight': 96.91419968036249, 'min_data_in_leaf': 20.550550777105283, 'lambda': 2.761117860692027, 'alpha': 7.650973302051905, 'max_depth': 1, 'eta': 0.19263686855148418, 'gamma': 8.740641294802018, 'num_boost_rounds': 190}. Best is trial 186 with value: 0.017241.
2025-01-02 13:12:59 INFO     n_estimators: 10
2025-01-02 13:12:59 INFO     Trial 514 finished with value: 0.017088 and parameters: {'max_delta_step': 22.094714289391476, 'colsample_bytree': 0.5603879267800906, 'colsample_bynode': 0.31218559661033907, 'subsample': 0.8848906078924439, 'min_child_weight': 82.44038521395304, 'min_data_in_leaf': 23.327077852046397, 'lambda': 3.3495621554559665, 'alpha': 7.3754117785523645, 'max_depth': 1, 'eta': 0.1967975183831567, 'gamma': 8.293072029895363, 'num_boost_rounds': 190}. Best is trial 186 with value: 0.017241.
2025-01-02 13:13:00 INFO     n_estimators: 10
2025-01-02 13:13:00 INFO     Trial 515 finished with value: 0.017143 and parameters: {'max_delta_step': 24.394136481552955, 'colsample_bytree': 0.5364336288498357, 'colsample_bynode': 0.421016094967891, 'subsample': 0.8686460841337459, 'min_child_weight': 86.20964433559371, 'min_data_in_leaf': 18.530653049191272, 'lambda': 3.1513224146317986, 'alpha': 7.585705029129603, 'max_depth': 1, 'eta': 0.1998514094079259, 'gamma': 3.416580051951843, 'num_boost_rounds': 10}. Best is trial 186 with value: 0.017241.
2025-01-02 13:13:01 INFO     Trial 516 pruned. Trial was pruned at iteration 5.
2025-01-02 13:13:01 INFO     Trial 517 pruned. Trial was pruned at iteration 0.
2025-01-02 13:13:02 INFO     n_estimators: 10
2025-01-02 13:13:02 INFO     Trial 518 finished with value: 0.017208 and parameters: {'max_delta_step': 16.630160239690575, 'colsample_bytree': 0.5325682253306723, 'colsample_bynode': 0.44387938135868327, 'subsample': 0.8404698411754338, 'min_child_weight': 79.21568481283252, 'min_data_in_leaf': 19.331705508180143, 'lambda': 3.6684048548390975, 'alpha': 7.733439923361694, 'max_depth': 1, 'eta': 0.19977083640572948, 'gamma': 8.858424291046697, 'num_boost_rounds': 90}. Best is trial 186 with value: 0.017241.
2025-01-02 13:13:02 INFO     n_estimators: 10
2025-01-02 13:13:02 INFO     Trial 519 finished with value: 0.017143 and parameters: {'max_delta_step': 21.57833853108618, 'colsample_bytree': 0.5452149979425388, 'colsample_bynode': 0.36390353567220995, 'subsample': 0.8780592770591344, 'min_child_weight': 84.19497886081162, 'min_data_in_leaf': 18.89941906516914, 'lambda': 2.54280561803622, 'alpha': 7.470421033124828, 'max_depth': 1, 'eta': 0.1875539058713846, 'gamma': 8.609357392197738, 'num_boost_rounds': 170}. Best is trial 186 with value: 0.017241.
2025-01-02 13:13:03 INFO     n_estimators: 10
2025-01-02 13:13:03 INFO     Trial 520 finished with value: 0.017241 and parameters: {'max_delta_step': 18.604411786899206, 'colsample_bytree': 0.5222151639717497, 'colsample_bynode': 0.41014017940776204, 'subsample': 0.8899320636140157, 'min_child_weight': 88.10145784712671, 'min_data_in_leaf': 18.061181841650434, 'lambda': 3.0907841153715303, 'alpha': 7.904928125242947, 'max_depth': 1, 'eta': 0.19996012309657585, 'gamma': 8.320804272157657, 'num_boost_rounds': 185}. Best is trial 186 with value: 0.017241.
2025-01-02 13:13:04 INFO     Trial 521 pruned. Trial was pruned at iteration 5.
2025-01-02 13:13:04 INFO     n_estimators: 10
2025-01-02 13:13:04 INFO     Trial 522 finished with value: 0.017143 and parameters: {'max_delta_step': 23.374950538972264, 'colsample_bytree': 0.5593434546455829, 'colsample_bynode': 0.4793653164873442, 'subsample': 0.8758451680347629, 'min_child_weight': 86.16676348473601, 'min_data_in_leaf': 20.90631709455987, 'lambda': 2.689771639270951, 'alpha': 6.206086960122161, 'max_depth': 1, 'eta': 0.1964346348684652, 'gamma': 8.100198517510702, 'num_boost_rounds': 190}. Best is trial 186 with value: 0.017241.
2025-01-02 13:13:05 INFO     Trial 523 pruned. Trial was pruned at iteration 5.
2025-01-02 13:13:06 INFO     n_estimators: 10
2025-01-02 13:13:06 INFO     Trial 524 finished with value: 0.017143 and parameters: {'max_delta_step': 13.433158214007484, 'colsample_bytree': 0.5310630457884407, 'colsample_bynode': 0.45208398826475155, 'subsample': 0.8254884104879558, 'min_child_weight': 81.13155140217846, 'min_data_in_leaf': 18.682171711310886, 'lambda': 9.198255768596638, 'alpha': 7.494195924040069, 'max_depth': 1, 'eta': 0.19335495770039476, 'gamma': 7.6243205184593394, 'num_boost_rounds': 180}. Best is trial 186 with value: 0.017241.
2025-01-02 13:13:06 INFO     n_estimators: 10
2025-01-02 13:13:06 INFO     Trial 525 finished with value: 0.017088 and parameters: {'max_delta_step': 16.343752858215154, 'colsample_bytree': 0.5516502751942518, 'colsample_bynode': 0.39449524417613485, 'subsample': 0.9093964963200001, 'min_child_weight': 88.70336107982365, 'min_data_in_leaf': 19.2586010280088, 'lambda': 3.3151149351829243, 'alpha': 9.734342941249846, 'max_depth': 1, 'eta': 0.18827589852348267, 'gamma': 8.52792381785586, 'num_boost_rounds': 185}. Best is trial 186 with value: 0.017241.
2025-01-02 13:13:07 INFO     n_estimators: 10
2025-01-02 13:13:07 INFO     Trial 526 finished with value: 0.017088 and parameters: {'max_delta_step': 26.336586199950382, 'colsample_bytree': 0.5145845175156948, 'colsample_bynode': 0.42138261167354035, 'subsample': 0.8956671915639315, 'min_child_weight': 83.87791675285044, 'min_data_in_leaf': 21.847498329261896, 'lambda': 3.1091782932008623, 'alpha': 7.712267452140574, 'max_depth': 1, 'eta': 0.19624821369629813, 'gamma': 8.304191449113107, 'num_boost_rounds': 195}. Best is trial 186 with value: 0.017241.
2025-01-02 13:13:08 INFO     n_estimators: 10
2025-01-02 13:13:08 INFO     Trial 527 finished with value: 0.017143 and parameters: {'max_delta_step': 18.51560735845573, 'colsample_bytree': 0.5678672186598848, 'colsample_bynode': 0.43932796155289133, 'subsample': 0.8559195447498126, 'min_child_weight': 94.14914463456891, 'min_data_in_leaf': 15.981448094307648, 'lambda': 2.8528106864990597, 'alpha': 7.259136952036513, 'max_depth': 1, 'eta': 0.19151249681376573, 'gamma': 8.977330055212398, 'num_boost_rounds': 175}. Best is trial 186 with value: 0.017241.
2025-01-02 13:13:08 INFO     Trial 528 pruned. Trial was pruned at iteration 5.
2025-01-02 13:13:09 INFO     n_estimators: 10
2025-01-02 13:13:09 INFO     Trial 529 finished with value: 0.017088 and parameters: {'max_delta_step': 21.079024074749917, 'colsample_bytree': 0.5397910591020365, 'colsample_bynode': 0.38229727908624556, 'subsample': 0.8854106765834995, 'min_child_weight': 87.7032682777807, 'min_data_in_leaf': 19.672226510707468, 'lambda': 3.5467606892641808, 'alpha': 8.24731562973834, 'max_depth': 1, 'eta': 0.19593666303611834, 'gamma': 8.78169182832851, 'num_boost_rounds': 190}. Best is trial 186 with value: 0.017241.
2025-01-02 13:13:09 INFO     Trial 530 pruned. Trial was pruned at iteration 0.
2025-01-02 13:13:10 INFO     Trial 531 pruned. Trial was pruned at iteration 5.
2025-01-02 13:13:10 INFO     n_estimators: 10
2025-01-02 13:13:10 INFO     Trial 532 finished with value: 0.017084 and parameters: {'max_delta_step': 23.46169078284425, 'colsample_bytree': 0.5517794445397151, 'colsample_bynode': 0.3324160416659553, 'subsample': 0.8973394079924121, 'min_child_weight': 89.08534398254604, 'min_data_in_leaf': 21.021759883791066, 'lambda': 2.380091812920048, 'alpha': 7.7261022346023704, 'max_depth': 1, 'eta': 0.1831109546178006, 'gamma': 8.392247561128821, 'num_boost_rounds': 185}. Best is trial 186 with value: 0.017241.
2025-01-02 13:13:11 INFO     n_estimators: 10
2025-01-02 13:13:11 INFO     Trial 533 finished with value: 0.017143 and parameters: {'max_delta_step': 21.707923653389535, 'colsample_bytree': 0.5317591622075638, 'colsample_bynode': 0.4503999234652747, 'subsample': 0.8708221696467262, 'min_child_weight': 82.12586212713684, 'min_data_in_leaf': 21.563527934079307, 'lambda': 3.33545019907215, 'alpha': 7.075116422247691, 'max_depth': 1, 'eta': 0.1903066719679216, 'gamma': 8.675679236329612, 'num_boost_rounds': 190}. Best is trial 186 with value: 0.017241.
2025-01-02 13:13:12 INFO     n_estimators: 10
2025-01-02 13:13:12 INFO     Trial 534 finished with value: 0.017088 and parameters: {'max_delta_step': 17.189058940391618, 'colsample_bytree': 0.5397743304960095, 'colsample_bynode': 0.41786111057054887, 'subsample': 0.8886726862434319, 'min_child_weight': 69.23448250042581, 'min_data_in_leaf': 22.202121905269397, 'lambda': 2.9666569705582235, 'alpha': 7.367397963781621, 'max_depth': 1, 'eta': 0.19364707207303994, 'gamma': 8.050729735384968, 'num_boost_rounds': 200}. Best is trial 186 with value: 0.017241.
2025-01-02 13:13:12 INFO     Trial 535 pruned. Trial was pruned at iteration 0.
2025-01-02 13:13:13 INFO     Trial 536 pruned. Trial was pruned at iteration 0.
2025-01-02 13:13:13 INFO     Trial 537 pruned. Trial was pruned at iteration 5.
2025-01-02 13:13:14 INFO     n_estimators: 10
2025-01-02 13:13:14 INFO     Trial 538 finished with value: 0.017241 and parameters: {'max_delta_step': 25.305408758281157, 'colsample_bytree': 0.5461351473122621, 'colsample_bynode': 0.39758584400554925, 'subsample': 0.879380964709564, 'min_child_weight': 95.40295684231563, 'min_data_in_leaf': 19.373697841860636, 'lambda': 3.291839369684422, 'alpha': 8.402273181690953, 'max_depth': 1, 'eta': 0.19989231926619683, 'gamma': 8.856028524307742, 'num_boost_rounds': 185}. Best is trial 186 with value: 0.017241.
2025-01-02 13:13:14 INFO     n_estimators: 10
2025-01-02 13:13:15 INFO     Trial 539 finished with value: 0.017088 and parameters: {'max_delta_step': 22.059199927523757, 'colsample_bytree': 0.5277062648481425, 'colsample_bynode': 0.47085356354994984, 'subsample': 0.9050810184737447, 'min_child_weight': 83.64929220401616, 'min_data_in_leaf': 19.78237985317405, 'lambda': 3.5367603934343097, 'alpha': 6.960842449405727, 'max_depth': 1, 'eta': 0.19615152183165685, 'gamma': 8.61393761354389, 'num_boost_rounds': 55}. Best is trial 186 with value: 0.017241.
2025-01-02 13:13:15 INFO     n_estimators: 10
2025-01-02 13:13:15 INFO     Trial 540 finished with value: 0.017143 and parameters: {'max_delta_step': 17.784823652504116, 'colsample_bytree': 0.516157896214366, 'colsample_bynode': 0.41313584597505726, 'subsample': 0.8731535572006656, 'min_child_weight': 87.32041447554393, 'min_data_in_leaf': 19.058862214550825, 'lambda': 2.624859411614388, 'alpha': 7.497802683981497, 'max_depth': 1, 'eta': 0.19040981312110694, 'gamma': 8.408111098001164, 'num_boost_rounds': 180}. Best is trial 186 with value: 0.017241.
2025-01-02 13:13:16 INFO     n_estimators: 10
2025-01-02 13:13:16 INFO     Trial 541 finished with value: 0.017241 and parameters: {'max_delta_step': 20.256161592983474, 'colsample_bytree': 0.5376251920157834, 'colsample_bynode': 0.35395918150470085, 'subsample': 0.8937759254966905, 'min_child_weight': 89.64530745304768, 'min_data_in_leaf': 20.49250625635086, 'lambda': 2.1164779743679394, 'alpha': 8.077829776889393, 'max_depth': 1, 'eta': 0.19988711078498952, 'gamma': 8.724332167700384, 'num_boost_rounds': 190}. Best is trial 186 with value: 0.017241.
2025-01-02 13:13:17 INFO     n_estimators: 10
2025-01-02 13:13:17 INFO     Trial 542 finished with value: 0.017143 and parameters: {'max_delta_step': 12.159390888442054, 'colsample_bytree': 0.5559053475997784, 'colsample_bynode': 0.45715444821152773, 'subsample': 0.8558244976236304, 'min_child_weight': 91.41545783724571, 'min_data_in_leaf': 18.290961099484917, 'lambda': 2.8777045886295354, 'alpha': 7.6400221480777954, 'max_depth': 1, 'eta': 0.19371995213047433, 'gamma': 8.307057282941965, 'num_boost_rounds': 190}. Best is trial 186 with value: 0.017241.
2025-01-02 13:13:17 INFO     Trial 543 pruned. Trial was pruned at iteration 5.
2025-01-02 13:13:18 INFO     Trial 544 pruned. Trial was pruned at iteration 0.
2025-01-02 13:13:18 INFO     n_estimators: 10
2025-01-02 13:13:18 INFO     Trial 545 finished with value: 0.017143 and parameters: {'max_delta_step': 22.484906537662365, 'colsample_bytree': 0.5457277209762252, 'colsample_bynode': 0.44867265573970416, 'subsample': 0.8756044615988426, 'min_child_weight': 78.69939691350135, 'min_data_in_leaf': 19.97517408904852, 'lambda': 2.5050222349415763, 'alpha': 7.0381848443430925, 'max_depth': 1, 'eta': 0.1964600682210758, 'gamma': 8.6116390307462, 'num_boost_rounds': 175}. Best is trial 186 with value: 0.017241.
2025-01-02 13:13:19 INFO     n_estimators: 10
2025-01-02 13:13:19 INFO     Trial 546 finished with value: 0.017088 and parameters: {'max_delta_step': 20.616141281597272, 'colsample_bytree': 0.5277462760987777, 'colsample_bynode': 0.4193219395331838, 'subsample': 0.901207172987148, 'min_child_weight': 84.26668944178954, 'min_data_in_leaf': 21.21118283467954, 'lambda': 2.771572432954309, 'alpha': 6.518584991305269, 'max_depth': 1, 'eta': 0.19369184851099117, 'gamma': 8.90668136886657, 'num_boost_rounds': 185}. Best is trial 186 with value: 0.017241.
2025-01-02 13:13:20 INFO     n_estimators: 10
2025-01-02 13:13:20 INFO     Trial 547 finished with value: 0.017208 and parameters: {'max_delta_step': 14.656820018444705, 'colsample_bytree': 0.5371945509101685, 'colsample_bynode': 0.3898846000730767, 'subsample': 0.8398565194207612, 'min_child_weight': 89.36589181294164, 'min_data_in_leaf': 20.747710650098792, 'lambda': 3.133010394814389, 'alpha': 7.791072478580755, 'max_depth': 1, 'eta': 0.199793263336832, 'gamma': 8.426228900562677, 'num_boost_rounds': 195}. Best is trial 186 with value: 0.017241.
2025-01-02 13:13:20 INFO     n_estimators: 10
2025-01-02 13:13:20 INFO     Trial 548 finished with value: 0.017088 and parameters: {'max_delta_step': 24.195138695684207, 'colsample_bytree': 0.5187832744916965, 'colsample_bynode': 0.4905711153212499, 'subsample': 0.8916189011121858, 'min_child_weight': 93.10408359205793, 'min_data_in_leaf': 17.425417638107714, 'lambda': 3.458804552689326, 'alpha': 9.41501972557763, 'max_depth': 1, 'eta': 0.1962657194978155, 'gamma': 9.35341051051823, 'num_boost_rounds': 30}. Best is trial 186 with value: 0.017241.
2025-01-02 13:13:21 INFO     n_estimators: 10
2025-01-02 13:13:21 INFO     Trial 549 finished with value: 0.017143 and parameters: {'max_delta_step': 34.758531134209676, 'colsample_bytree': 0.5473183250668863, 'colsample_bynode': 0.43317147287507013, 'subsample': 0.8789496784887229, 'min_child_weight': 80.99026630015875, 'min_data_in_leaf': 16.540132295060495, 'lambda': 2.9750815699422257, 'alpha': 7.4098440194880295, 'max_depth': 1, 'eta': 0.19014943970006687, 'gamma': 8.092371964320362, 'num_boost_rounds': 180}. Best is trial 186 with value: 0.017241.
2025-01-02 13:13:22 INFO     n_estimators: 10
2025-01-02 13:13:22 INFO     Trial 550 finished with value: 0.017088 and parameters: {'max_delta_step': 17.71468305042987, 'colsample_bytree': 0.5564244714955153, 'colsample_bynode': 0.4104189230223135, 'subsample': 0.8514219501614426, 'min_child_weight': 65.40496876536588, 'min_data_in_leaf': 19.342070871227158, 'lambda': 2.3383997191403303, 'alpha': 7.1909260084147, 'max_depth': 1, 'eta': 0.19649846833129364, 'gamma': 8.76795766901568, 'num_boost_rounds': 180}. Best is trial 186 with value: 0.017241.
2025-01-02 13:13:22 INFO     Trial 551 pruned. Trial was pruned at iteration 0.
2025-01-02 13:13:23 INFO     n_estimators: 10
2025-01-02 13:13:23 INFO     Trial 552 finished with value: 0.017143 and parameters: {'max_delta_step': 16.95156699319707, 'colsample_bytree': 0.5313321846884482, 'colsample_bynode': 0.37275611523853147, 'subsample': 0.8719933895683333, 'min_child_weight': 86.04671141853234, 'min_data_in_leaf': 20.278820222814527, 'lambda': 3.735736682198051, 'alpha': 7.563436312578911, 'max_depth': 1, 'eta': 0.1965133886091005, 'gamma': 8.519095186120014, 'num_boost_rounds': 185}. Best is trial 186 with value: 0.017241.
2025-01-02 13:13:23 INFO     n_estimators: 10
2025-01-02 13:13:23 INFO     Trial 553 finished with value: 0.017088 and parameters: {'max_delta_step': 28.501376467115946, 'colsample_bytree': 0.5453090523212198, 'colsample_bynode': 0.4688520147899229, 'subsample': 0.8867534545944654, 'min_child_weight': 91.50275999965172, 'min_data_in_leaf': 19.021341200534724, 'lambda': 2.6867749825009812, 'alpha': 7.3992801914333395, 'max_depth': 1, 'eta': 0.18533879767928607, 'gamma': 7.541857457998993, 'num_boost_rounds': 185}. Best is trial 186 with value: 0.017241.
2025-01-02 13:13:24 INFO     n_estimators: 10
2025-01-02 13:13:24 INFO     Trial 554 finished with value: 0.017088 and parameters: {'max_delta_step': 21.43402834813407, 'colsample_bytree': 0.5264169499498527, 'colsample_bynode': 0.2951746561283845, 'subsample': 0.9117281450437514, 'min_child_weight': 87.91819300115384, 'min_data_in_leaf': 18.039612435417844, 'lambda': 2.9105251269523262, 'alpha': 6.789259501127592, 'max_depth': 1, 'eta': 0.1932689209155416, 'gamma': 8.626588617822698, 'num_boost_rounds': 200}. Best is trial 186 with value: 0.017241.
2025-01-02 13:13:25 INFO     n_estimators: 10
2025-01-02 13:13:25 INFO     Trial 555 finished with value: 0.017143 and parameters: {'max_delta_step': 18.606825981717282, 'colsample_bytree': 0.5369782547027053, 'colsample_bynode': 0.4273003488326076, 'subsample': 0.8650292394017786, 'min_child_weight': 82.70288394965198, 'min_data_in_leaf': 19.753679756576908, 'lambda': 3.310217640449782, 'alpha': 7.816454590552907, 'max_depth': 1, 'eta': 0.19720992809345508, 'gamma': 7.822871453888047, 'num_boost_rounds': 190}. Best is trial 186 with value: 0.017241.
2025-01-02 13:13:25 INFO     n_estimators: 10
2025-01-02 13:13:25 INFO     Trial 556 finished with value: 0.017137 and parameters: {'max_delta_step': 14.891468259714621, 'colsample_bytree': 0.5648931980998535, 'colsample_bynode': 0.2137237550874137, 'subsample': 0.5454939829198896, 'min_child_weight': 89.62638442876408, 'min_data_in_leaf': 19.308680389063888, 'lambda': 3.5664824495050307, 'alpha': 7.187922684624118, 'max_depth': 1, 'eta': 0.1998499348648168, 'gamma': 8.986885244484169, 'num_boost_rounds': 175}. Best is trial 186 with value: 0.017241.
2025-01-02 13:13:26 INFO     n_estimators: 10
