2025-01-02 13:17:37 INFO     Trial 949 finished with value: 0.017143 and parameters: {'max_delta_step': 19.094167696192027, 'colsample_bytree': 0.5702010272400904, 'colsample_bynode': 0.38627692164143024, 'subsample': 0.8720987510024071, 'min_child_weight': 74.58570212171796, 'min_data_in_leaf': 20.997999332370096, 'lambda': 2.789577615362103, 'alpha': 7.499989168562488, 'max_depth': 1, 'eta': 0.1934031218346281, 'gamma': 8.693789831491603, 'num_boost_rounds': 190}. Best is trial 186 with value: 0.017241.
2025-01-02 13:17:37 INFO     Trial 950 pruned. Trial was pruned at iteration 0.
2025-01-02 13:17:38 INFO     Trial 951 pruned. Trial was pruned at iteration 5.
2025-01-02 13:17:38 INFO     Trial 952 pruned. Trial was pruned at iteration 9.
2025-01-02 13:17:39 INFO     Trial 953 pruned. Trial was pruned at iteration 0.
2025-01-02 13:17:39 INFO     n_estimators: 10
2025-01-02 13:17:39 INFO     Trial 954 finished with value: 0.017143 and parameters: {'max_delta_step': 22.384585673930744, 'colsample_bytree': 0.5376004314932751, 'colsample_bynode': 0.4265876056502698, 'subsample': 0.8241093523539393, 'min_child_weight': 33.28194663179163, 'min_data_in_leaf': 20.233406898484695, 'lambda': 2.9979862708418517, 'alpha': 7.2463200048005225, 'max_depth': 1, 'eta': 0.19394034324019185, 'gamma': 8.111651456119738, 'num_boost_rounds': 195}. Best is trial 186 with value: 0.017241.
2025-01-02 13:17:40 INFO     Trial 955 pruned. Trial was pruned at iteration 5.
2025-01-02 13:17:41 INFO     n_estimators: 10
2025-01-02 13:17:41 INFO     Trial 956 finished with value: 0.017241 and parameters: {'max_delta_step': 19.542882148065893, 'colsample_bytree': 0.5180257544741145, 'colsample_bynode': 0.40889583637963745, 'subsample': 0.9137179601336232, 'min_child_weight': 85.93388314835776, 'min_data_in_leaf': 19.16168919164733, 'lambda': 2.6590502052522953, 'alpha': 7.629871781431222, 'max_depth': 1, 'eta': 0.19989142422658784, 'gamma': 8.403975184285729, 'num_boost_rounds': 185}. Best is trial 186 with value: 0.017241.
2025-01-02 13:17:41 INFO     n_estimators: 10
2025-01-02 13:17:41 INFO     Trial 957 finished with value: 0.017241 and parameters: {'max_delta_step': 18.552556295930493, 'colsample_bytree': 0.5471379189630223, 'colsample_bynode': 0.4831263959552353, 'subsample': 0.883399435047929, 'min_child_weight': 89.21933899040165, 'min_data_in_leaf': 19.674052743139256, 'lambda': 2.9024684549169786, 'alpha': 7.376062026649154, 'max_depth': 1, 'eta': 0.19999275127485824, 'gamma': 9.197794590861875, 'num_boost_rounds': 180}. Best is trial 186 with value: 0.017241.
2025-01-02 13:17:42 INFO     n_estimators: 10
2025-01-02 13:17:42 INFO     Trial 958 finished with value: 0.017143 and parameters: {'max_delta_step': 16.268558924684427, 'colsample_bytree': 0.5312580593046295, 'colsample_bynode': 0.38618207199258087, 'subsample': 0.8648878963610562, 'min_child_weight': 90.80971306253068, 'min_data_in_leaf': 16.97598096439336, 'lambda': 3.3525468708583093, 'alpha': 7.808304714713435, 'max_depth': 1, 'eta': 0.19088623783925393, 'gamma': 8.211849894207386, 'num_boost_rounds': 175}. Best is trial 186 with value: 0.017241.
2025-01-02 13:17:43 INFO     Trial 959 pruned. Trial was pruned at iteration 9.
2025-01-02 13:17:43 INFO     Trial 960 pruned. Trial was pruned at iteration 5.
2025-01-02 13:17:44 INFO     Trial 961 pruned. Trial was pruned at iteration 9.
2025-01-02 13:17:45 INFO     n_estimators: 10
2025-01-02 13:17:45 INFO     Trial 962 finished with value: 0.017143 and parameters: {'max_delta_step': 20.01616525574895, 'colsample_bytree': 0.5231069005010436, 'colsample_bynode': 0.31206898411401873, 'subsample': 0.8681467049765167, 'min_child_weight': 86.84191873338817, 'min_data_in_leaf': 21.21953757888979, 'lambda': 2.7429903113179486, 'alpha': 5.116492014402667, 'max_depth': 1, 'eta': 0.18968437382585168, 'gamma': 7.802523260885667, 'num_boost_rounds': 195}. Best is trial 186 with value: 0.017241.
2025-01-02 13:17:45 INFO     Trial 963 pruned. Trial was pruned at iteration 9.
2025-01-02 13:17:46 INFO     Trial 964 pruned. Trial was pruned at iteration 9.
2025-01-02 13:17:47 INFO     Trial 965 pruned. Trial was pruned at iteration 5.
2025-01-02 13:17:47 INFO     Trial 966 pruned. Trial was pruned at iteration 5.
2025-01-02 13:17:48 INFO     Trial 967 pruned. Trial was pruned at iteration 5.
2025-01-02 13:17:49 INFO     Trial 968 pruned. Trial was pruned at iteration 5.
2025-01-02 13:17:49 INFO     n_estimators: 10
2025-01-02 13:17:49 INFO     Trial 969 finished with value: 0.017143 and parameters: {'max_delta_step': 80.9179924339136, 'colsample_bytree': 0.55052787779211, 'colsample_bynode': 0.4510931829392802, 'subsample': 0.8634611312048559, 'min_child_weight': 81.83728536009136, 'min_data_in_leaf': 19.81201378310298, 'lambda': 2.2888405306816457, 'alpha': 6.917670940573059, 'max_depth': 1, 'eta': 0.19987769956572377, 'gamma': 8.662878280678195, 'num_boost_rounds': 190}. Best is trial 186 with value: 0.017241.
2025-01-02 13:17:50 INFO     Trial 970 pruned. Trial was pruned at iteration 9.
2025-01-02 13:17:51 INFO     n_estimators: 10
2025-01-02 13:17:51 INFO     Trial 971 finished with value: 0.017143 and parameters: {'max_delta_step': 18.545751410764225, 'colsample_bytree': 0.5272391062943378, 'colsample_bynode': 0.39058655385583807, 'subsample': 0.8718805401397761, 'min_child_weight': 95.57611749303135, 'min_data_in_leaf': 18.619280133917858, 'lambda': 3.4821792316648756, 'alpha': 7.514699119592043, 'max_depth': 1, 'eta': 0.19984179794846427, 'gamma': 8.856581151120631, 'num_boost_rounds': 180}. Best is trial 186 with value: 0.017241.
2025-01-02 13:17:51 INFO     Trial 972 pruned. Trial was pruned at iteration 9.
2025-01-02 13:17:52 INFO     Trial 973 pruned. Trial was pruned at iteration 0.
2025-01-02 13:17:52 INFO     Trial 974 pruned. Trial was pruned at iteration 9.
2025-01-02 13:17:53 INFO     Trial 975 pruned. Trial was pruned at iteration 5.
2025-01-02 13:17:54 INFO     Trial 976 pruned. Trial was pruned at iteration 9.
2025-01-02 13:17:54 INFO     n_estimators: 10
2025-01-02 13:17:54 INFO     Trial 977 finished with value: 0.017139 and parameters: {'max_delta_step': 23.387142115904165, 'colsample_bytree': 0.5354820828873947, 'colsample_bynode': 0.44605224612933786, 'subsample': 0.6172007356833857, 'min_child_weight': 85.35275975780552, 'min_data_in_leaf': 19.43885684678546, 'lambda': 0.04265202001839352, 'alpha': 7.289603457424633, 'max_depth': 1, 'eta': 0.1998873476236295, 'gamma': 8.352419827719123, 'num_boost_rounds': 180}. Best is trial 186 with value: 0.017241.
2025-01-02 13:17:55 INFO     n_estimators: 10
2025-01-02 13:17:55 INFO     Trial 978 finished with value: 0.017143 and parameters: {'max_delta_step': 14.805628202507041, 'colsample_bytree': 0.5481352400642077, 'colsample_bynode': 0.3738086925610629, 'subsample': 0.867937190854097, 'min_child_weight': 98.23393498954758, 'min_data_in_leaf': 19.99551082734307, 'lambda': 4.0306311392000085, 'alpha': 7.5324049957081645, 'max_depth': 1, 'eta': 0.19588733668049008, 'gamma': 9.341709073251675, 'num_boost_rounds': 200}. Best is trial 186 with value: 0.017241.
2025-01-02 13:17:55 INFO     Trial 979 pruned. Trial was pruned at iteration 0.
2025-01-02 13:17:56 INFO     n_estimators: 10
2025-01-02 13:17:56 INFO     Trial 980 finished with value: 0.017241 and parameters: {'max_delta_step': 19.720292733648147, 'colsample_bytree': 0.5620007516194998, 'colsample_bynode': 0.4209070045305701, 'subsample': 0.8471754987990692, 'min_child_weight': 86.40254998677347, 'min_data_in_leaf': 21.969183797299618, 'lambda': 3.1016107633517365, 'alpha': 8.0553319610734, 'max_depth': 1, 'eta': 0.1999703113816994, 'gamma': 8.118425205364753, 'num_boost_rounds': 195}. Best is trial 186 with value: 0.017241.
2025-01-02 13:17:57 INFO     Trial 981 pruned. Trial was pruned at iteration 9.
2025-01-02 13:17:58 INFO     Trial 982 pruned. Trial was pruned at iteration 9.
2025-01-02 13:17:58 INFO     Trial 983 pruned. Trial was pruned at iteration 9.
2025-01-02 13:17:59 INFO     n_estimators: 10
2025-01-02 13:17:59 INFO     Trial 984 finished with value: 0.017143 and parameters: {'max_delta_step': 19.567300297927417, 'colsample_bytree': 0.557245335050396, 'colsample_bynode': 0.48019436449196085, 'subsample': 0.8324505570447761, 'min_child_weight': 84.18083739361809, 'min_data_in_leaf': 20.683792042283766, 'lambda': 3.248414842122947, 'alpha': 6.283672694874976, 'max_depth': 1, 'eta': 0.19995772499879366, 'gamma': 8.328222124484311, 'num_boost_rounds': 180}. Best is trial 186 with value: 0.017241.
2025-01-02 13:18:00 INFO     n_estimators: 10
2025-01-02 13:18:00 INFO     Trial 985 finished with value: 0.017143 and parameters: {'max_delta_step': 15.618978442356216, 'colsample_bytree': 0.5381340299101514, 'colsample_bynode': 0.4171205148043827, 'subsample': 0.8714712351055534, 'min_child_weight': 87.83441367712385, 'min_data_in_leaf': 19.175275673984594, 'lambda': 2.6700587356566485, 'alpha': 7.002953640847772, 'max_depth': 1, 'eta': 0.19615889058173588, 'gamma': 8.85156886745253, 'num_boost_rounds': 190}. Best is trial 186 with value: 0.017241.
2025-01-02 13:18:00 INFO     n_estimators: 10
2025-01-02 13:18:00 INFO     Trial 986 finished with value: 0.017143 and parameters: {'max_delta_step': 22.261163540975662, 'colsample_bytree': 0.5279334855333597, 'colsample_bynode': 0.35555992318766066, 'subsample': 0.8844413184381037, 'min_child_weight': 92.99378523525377, 'min_data_in_leaf': 17.34767569759557, 'lambda': 2.88751547373029, 'alpha': 7.581541430856229, 'max_depth': 1, 'eta': 0.18776665973179332, 'gamma': 8.577561318915855, 'num_boost_rounds': 155}. Best is trial 186 with value: 0.017241.
2025-01-02 13:18:01 INFO     n_estimators: 10
2025-01-02 13:18:01 INFO     Trial 987 finished with value: 0.017143 and parameters: {'max_delta_step': 18.030939698411835, 'colsample_bytree': 0.5698126840136444, 'colsample_bynode': 0.4357080378333502, 'subsample': 0.8619676077924086, 'min_child_weight': 89.80041132274033, 'min_data_in_leaf': 20.05359809110932, 'lambda': 3.6559768679988656, 'alpha': 7.239443804919134, 'max_depth': 1, 'eta': 0.19306794978653743, 'gamma': 8.0332516406693, 'num_boost_rounds': 185}. Best is trial 186 with value: 0.017241.
2025-01-02 13:18:02 INFO     Trial 988 pruned. Trial was pruned at iteration 5.
2025-01-02 13:18:02 INFO     Trial 989 pruned. Trial was pruned at iteration 0.
2025-01-02 13:18:03 INFO     Trial 990 pruned. Trial was pruned at iteration 9.
2025-01-02 13:18:04 INFO     Trial 991 pruned. Trial was pruned at iteration 9.
2025-01-02 13:18:04 INFO     n_estimators: 10
2025-01-02 13:18:04 INFO     Trial 992 finished with value: 0.017143 and parameters: {'max_delta_step': 23.298410217702617, 'colsample_bytree': 0.5574922638645533, 'colsample_bynode': 0.42651342006343623, 'subsample': 0.876447921883912, 'min_child_weight': 84.79586385478899, 'min_data_in_leaf': 20.454141931874574, 'lambda': 2.5149122410967624, 'alpha': 7.290368626047906, 'max_depth': 1, 'eta': 0.19643492139062926, 'gamma': 8.473334003524153, 'num_boost_rounds': 195}. Best is trial 186 with value: 0.017241.
2025-01-02 13:18:05 INFO     Trial 993 pruned. Trial was pruned at iteration 9.
2025-01-02 13:18:06 INFO     n_estimators: 10
2025-01-02 13:18:06 INFO     Trial 994 finished with value: 0.017143 and parameters: {'max_delta_step': 20.62926344491463, 'colsample_bytree': 0.5454074650170583, 'colsample_bynode': 0.4071407759281077, 'subsample': 0.8657324618851463, 'min_child_weight': 86.87789621647246, 'min_data_in_leaf': 21.036867708538175, 'lambda': 3.029950154683988, 'alpha': 7.655924718306893, 'max_depth': 1, 'eta': 0.196582121068311, 'gamma': 8.183554110277475, 'num_boost_rounds': 185}. Best is trial 186 with value: 0.017241.
2025-01-02 13:18:06 INFO     n_estimators: 10
2025-01-02 13:18:06 INFO     Trial 995 finished with value: 0.017143 and parameters: {'max_delta_step': 15.278693175572625, 'colsample_bytree': 0.5347009581190555, 'colsample_bynode': 0.4601844710476735, 'subsample': 0.878903679187275, 'min_child_weight': 83.10570065145785, 'min_data_in_leaf': 19.79223404816683, 'lambda': 3.1938634339298586, 'alpha': 7.065435002048718, 'max_depth': 1, 'eta': 0.1888407411315518, 'gamma': 8.841357732874933, 'num_boost_rounds': 195}. Best is trial 186 with value: 0.017241.
2025-01-02 13:18:07 INFO     Trial 996 pruned. Trial was pruned at iteration 5.
2025-01-02 13:18:08 INFO     Trial 997 pruned. Trial was pruned at iteration 5.
2025-01-02 13:18:08 INFO     Trial 998 pruned. Trial was pruned at iteration 5.
2025-01-02 13:18:09 INFO     n_estimators: 10
2025-01-02 13:18:09 INFO     Trial 999 finished with value: 0.017241 and parameters: {'max_delta_step': 26.601940625568314, 'colsample_bytree': 0.5217338647281677, 'colsample_bynode': 0.44603711843583227, 'subsample': 0.8860714921632107, 'min_child_weight': 80.97056721282948, 'min_data_in_leaf': 20.02593902512714, 'lambda': 3.2099569516924817, 'alpha': 7.858242177658881, 'max_depth': 1, 'eta': 0.19998133281916863, 'gamma': 8.744873224433608, 'num_boost_rounds': 180}. Best is trial 186 with value: 0.017241.
2025-01-02 13:46:22 INFO     A new study created in RDB with name: xgboost-starbucks-irr_with_v2-scaled_adjusted_parms12
2025-01-02 13:46:22 INFO     Trial 0 finished with value: 0.016932 and parameters: {'max_delta_step': 60.14101516356908, 'colsample_bytree': 0.8847185526898097, 'subsample': 0.91833551051647, 'min_child_weight': 51.899756116405975, 'min_data_in_leaf': 27.149883088389238, 'lambda': 5.704633242887283, 'alpha': 0.8414910553056472, 'max_depth': 4, 'eta': 0.10732499396785103, 'gamma': 1.325277449368918, 'num_boost_rounds': 110}. Best is trial 0 with value: 0.016932.
2025-01-02 13:46:23 INFO     Trial 1 finished with value: 0.015688 and parameters: {'max_delta_step': 37.2056168195389, 'colsample_bytree': 0.9151949451519223, 'subsample': 0.5456079664079974, 'min_child_weight': 80.1154251033707, 'min_data_in_leaf': 14.846079292009025, 'lambda': 8.931933378057716, 'alpha': 0.9020579363930514, 'max_depth': 4, 'eta': 0.16727728802188382, 'gamma': 6.488676841288986, 'num_boost_rounds': 115}. Best is trial 0 with value: 0.016932.
2025-01-02 13:46:24 INFO     Trial 2 finished with value: 0.008416 and parameters: {'max_delta_step': 58.05444959584213, 'colsample_bytree': 0.8602097813501782, 'subsample': 0.5753446801763531, 'min_child_weight': 12.594638863620373, 'min_data_in_leaf': 22.758218703431176, 'lambda': 0.6421695268302738, 'alpha': 4.502609804207669, 'max_depth': 1, 'eta': 0.1905932383294384, 'gamma': 5.965079257980671, 'num_boost_rounds': 60}. Best is trial 0 with value: 0.016932.
2025-01-02 13:46:25 INFO     Trial 3 finished with value: 0.016995 and parameters: {'max_delta_step': 71.3071933453815, 'colsample_bytree': 0.5676960820025545, 'subsample': 0.5846147394661356, 'min_child_weight': 60.64981990707091, 'min_data_in_leaf': 27.171947315511613, 'lambda': 9.151736631445194, 'alpha': 6.845325291677592, 'max_depth': 1, 'eta': 0.05174402139608639, 'gamma': 0.6060657098740507, 'num_boost_rounds': 35}. Best is trial 3 with value: 0.016995.
2025-01-02 13:46:25 INFO     Trial 4 finished with value: 0.016995 and parameters: {'max_delta_step': 85.15581233245321, 'colsample_bytree': 0.942762806015485, 'subsample': 0.9129546299264382, 'min_child_weight': 73.9894991082623, 'min_data_in_leaf': 17.47259647743306, 'lambda': 5.1357988521253715, 'alpha': 5.7448917671588475, 'max_depth': 1, 'eta': 0.02111045927011193, 'gamma': 0.9928436019084086, 'num_boost_rounds': 10}. Best is trial 3 with value: 0.016995.
2025-01-02 13:46:26 INFO     Trial 5 finished with value: 0.007165 and parameters: {'max_delta_step': 78.74477363230768, 'colsample_bytree': 0.9419320783607232, 'subsample': 0.5117958841688979, 'min_child_weight': 89.66922520840927, 'min_data_in_leaf': 23.659023432109954, 'lambda': 5.809124337852932, 'alpha': 5.266248449961219, 'max_depth': 1, 'eta': 0.1417185020299178, 'gamma': 2.168657711204803, 'num_boost_rounds': 55}. Best is trial 3 with value: 0.016995.
2025-01-02 13:46:26 INFO     Trial 6 finished with value: 0.016995 and parameters: {'max_delta_step': 47.97428895246793, 'colsample_bytree': 0.9958944325825703, 'subsample': 0.8238766516369405, 'min_child_weight': 30.262616914889822, 'min_data_in_leaf': 26.05863390399309, 'lambda': 1.0136908397782058, 'alpha': 9.74766632942422, 'max_depth': 1, 'eta': 0.04872622012746154, 'gamma': 6.384493464025207, 'num_boost_rounds': 100}. Best is trial 3 with value: 0.016995.
2025-01-02 13:46:27 INFO     Trial 7 finished with value: 0.016995 and parameters: {'max_delta_step': 12.473555851501283, 'colsample_bytree': 0.6638300465604898, 'subsample': 0.5786200481914037, 'min_child_weight': 2.2575980290616937, 'min_data_in_leaf': 25.305750517417934, 'lambda': 4.724713745803652, 'alpha': 5.4293421259671515, 'max_depth': 1, 'eta': 0.01698566294855399, 'gamma': 1.1407328329709698, 'num_boost_rounds': 50}. Best is trial 3 with value: 0.016995.
2025-01-02 13:46:28 INFO     Trial 8 pruned. Trial was pruned at iteration 0.
2025-01-02 13:46:28 INFO     Trial 9 pruned. Trial was pruned at iteration 0.
2025-01-02 13:46:29 INFO     Trial 10 pruned. Trial was pruned at iteration 0.
2025-01-02 13:46:29 INFO     Trial 11 finished with value: 0.014047 and parameters: {'max_delta_step': 99.46604105675638, 'colsample_bytree': 0.7134127155324202, 'subsample': 0.7080748417973801, 'min_child_weight': 72.30311653825223, 'min_data_in_leaf': 15.731538388059219, 'lambda': 3.4102472843061546, 'alpha': 7.238036796528657, 'max_depth': 2, 'eta': 0.06235003321103521, 'gamma': 3.416460902174221, 'num_boost_rounds': 15}. Best is trial 3 with value: 0.016995.
2025-01-02 13:46:30 INFO     Trial 12 pruned. Trial was pruned at iteration 0.
2025-01-02 13:46:30 INFO     Trial 13 finished with value: 0.016995 and parameters: {'max_delta_step': 83.02475576898067, 'colsample_bytree': 0.802714483318044, 'subsample': 0.6497579642528389, 'min_child_weight': 66.87134705540456, 'min_data_in_leaf': 20.388911838053925, 'lambda': 2.6879686616616305, 'alpha': 3.4773748026610627, 'max_depth': 1, 'eta': 0.043334307574102324, 'gamma': 3.9955739381830293, 'num_boost_rounds': 85}. Best is trial 3 with value: 0.016995.
2025-01-02 13:46:31 INFO     Trial 14 pruned. Trial was pruned at iteration 0.
2025-01-02 13:46:31 INFO     Trial 15 finished with value: 0.016995 and parameters: {'max_delta_step': 68.49209286462408, 'colsample_bytree': 0.5953976951633089, 'subsample': 0.9802423147397727, 'min_child_weight': 81.96828685917129, 'min_data_in_leaf': 29.565966631693126, 'lambda': 3.9962735203894013, 'alpha': 2.8825290941329205, 'max_depth': 1, 'eta': 0.03154367970466177, 'gamma': 3.02339863821216, 'num_boost_rounds': 75}. Best is trial 3 with value: 0.016995.
2025-01-02 13:46:31 INFO     Trial 16 pruned. Trial was pruned at iteration 0.
2025-01-02 13:46:32 INFO     Trial 17 finished with value: 0.014105 and parameters: {'max_delta_step': 88.9885403947689, 'colsample_bytree': 0.5781551678005965, 'subsample': 0.7462405644664825, 'min_child_weight': 74.65039078523715, 'min_data_in_leaf': 22.40847169762555, 'lambda': 9.432935857207319, 'alpha': 6.386108652751075, 'max_depth': 2, 'eta': 0.08962905277065468, 'gamma': 2.5558983164323514, 'num_boost_rounds': 30}. Best is trial 3 with value: 0.016995.
2025-01-02 13:46:33 INFO     Trial 18 finished with value: 0.016995 and parameters: {'max_delta_step': 70.4236419951263, 'colsample_bytree': 0.8382936771834861, 'subsample': 0.6264234237112972, 'min_child_weight': 63.44531105070948, 'min_data_in_leaf': 13.857918267799912, 'lambda': 6.915848393654047, 'alpha': 2.689607961430803, 'max_depth': 1, 'eta': 0.0064832286855002075, 'gamma': 9.276047167089683, 'num_boost_rounds': 10}. Best is trial 3 with value: 0.016995.
2025-01-02 13:46:33 INFO     Trial 19 finished with value: 0.014105 and parameters: {'max_delta_step': 42.90405857995552, 'colsample_bytree': 0.6770074471224121, 'subsample': 0.8729606447750953, 'min_child_weight': 99.86038951066612, 'min_data_in_leaf': 18.634804457029894, 'lambda': 8.286549477881973, 'alpha': 8.271756973700457, 'max_depth': 2, 'eta': 0.12748808875307968, 'gamma': 4.441021051768688, 'num_boost_rounds': 75}. Best is trial 3 with value: 0.016995.
2025-01-02 13:46:34 INFO     Trial 20 pruned. Trial was pruned at iteration 0.
2025-01-02 13:46:34 INFO     Trial 21 finished with value: 0.016995 and parameters: {'max_delta_step': 25.464387122430708, 'colsample_bytree': 0.976758530640309, 'subsample': 0.8288974605579769, 'min_child_weight': 31.382207258581836, 'min_data_in_leaf': 25.98615402093933, 'lambda': 0.005324217961886646, 'alpha': 9.257132859420672, 'max_depth': 1, 'eta': 0.05060228471306815, 'gamma': 8.202813398786418, 'num_boost_rounds': 130}. Best is trial 3 with value: 0.016995.
2025-01-02 13:46:35 INFO     Trial 22 finished with value: 0.016995 and parameters: {'max_delta_step': 45.22989507949421, 'colsample_bytree': 0.955125298404646, 'subsample': 0.9936649911392933, 'min_child_weight': 30.658000742222832, 'min_data_in_leaf': 24.967481599020886, 'lambda': 1.7942851846102115, 'alpha': 9.873822924178123, 'max_depth': 1, 'eta': 0.02958638157617738, 'gamma': 5.061509106620295, 'num_boost_rounds': 180}. Best is trial 3 with value: 0.016995.
2025-01-02 13:46:36 INFO     Trial 23 finished with value: 0.016995 and parameters: {'max_delta_step': 63.47490464914531, 'colsample_bytree': 0.9039930004969722, 'subsample': 0.7213135459887603, 'min_child_weight': 22.037029366808476, 'min_data_in_leaf': 21.81566416923102, 'lambda': 2.496777692384743, 'alpha': 4.141427225855309, 'max_depth': 1, 'eta': 0.06449778952523746, 'gamma': 0.851437097601556, 'num_boost_rounds': 95}. Best is trial 3 with value: 0.016995.
2025-01-02 13:46:36 INFO     Trial 24 pruned. Trial was pruned at iteration 0.
