2025-01-02 22:08:44 INFO     Trial 188 finished with value: 0.016406 and parameters: {'max_delta_step': 93.92166075658321, 'colsample_bytree': 0.9790760045660114, 'subsample': 0.7455180227462388, 'min_child_weight': 22.389616761849176, 'min_data_in_leaf': 10.613934782545124, 'lambda': 2.8938439590560625, 'alpha': 1.83187045095313, 'max_depth': 5, 'eta': 0.0726080599611201, 'gamma': 5.184659983130301, 'num_boost_rounds': 120}. Best is trial 184 with value: 0.017189.
2025-01-02 22:08:44 INFO     Trial 189 pruned. Trial was pruned at iteration 0.
2025-01-02 22:08:45 INFO     Trial 190 pruned. Trial was pruned at iteration 0.
2025-01-02 22:08:45 INFO     Trial 191 pruned. Trial was pruned at iteration 5.
2025-01-02 22:08:46 INFO     Trial 192 finished with value: 0.016949 and parameters: {'max_delta_step': 95.45719345711905, 'colsample_bytree': 0.9677177340933866, 'subsample': 0.7547757401956694, 'min_child_weight': 24.573838075016546, 'min_data_in_leaf': 13.856018272674804, 'lambda': 2.2529649403486958, 'alpha': 2.350226573007773, 'max_depth': 5, 'eta': 0.0523744389176116, 'gamma': 6.641889971962387, 'num_boost_rounds': 125}. Best is trial 184 with value: 0.017189.
2025-01-02 22:08:46 INFO     Trial 193 finished with value: 0.016956 and parameters: {'max_delta_step': 93.89130942784419, 'colsample_bytree': 0.9708844344465369, 'subsample': 0.7525162221824635, 'min_child_weight': 25.446893653516042, 'min_data_in_leaf': 13.996859749449111, 'lambda': 2.1887588194443923, 'alpha': 2.4596395801667588, 'max_depth': 5, 'eta': 0.05109989979820586, 'gamma': 7.18994839535556, 'num_boost_rounds': 125}. Best is trial 184 with value: 0.017189.
2025-01-02 22:08:47 INFO     Trial 194 finished with value: 0.016854 and parameters: {'max_delta_step': 99.99151626715906, 'colsample_bytree': 0.9680882268381642, 'subsample': 0.7554714203368347, 'min_child_weight': 26.07331490778693, 'min_data_in_leaf': 14.941780424975159, 'lambda': 2.166658399301915, 'alpha': 2.6179501528398923, 'max_depth': 5, 'eta': 0.05699888898596716, 'gamma': 7.1405509328693, 'num_boost_rounds': 120}. Best is trial 184 with value: 0.017189.
2025-01-02 22:08:47 INFO     Trial 195 pruned. Trial was pruned at iteration 0.
2025-01-02 22:08:48 INFO     Trial 196 pruned. Trial was pruned at iteration 0.
2025-01-02 22:08:48 INFO     Trial 197 pruned. Trial was pruned at iteration 0.
2025-01-02 22:08:49 INFO     Trial 198 finished with value: 0.016847 and parameters: {'max_delta_step': 93.7241125109278, 'colsample_bytree': 0.9525361966333903, 'subsample': 0.7505718539059407, 'min_child_weight': 22.310045948847723, 'min_data_in_leaf': 15.716034905549128, 'lambda': 2.2440618976306523, 'alpha': 1.9174700760879557, 'max_depth': 5, 'eta': 0.0563083101478517, 'gamma': 6.593865918700587, 'num_boost_rounds': 115}. Best is trial 184 with value: 0.017189.
2025-01-02 22:08:49 INFO     Trial 199 pruned. Trial was pruned at iteration 0.
2025-01-02 22:08:50 INFO     Trial 200 finished with value: 0.017219 and parameters: {'max_delta_step': 98.5347619453531, 'colsample_bytree': 0.9840638743321661, 'subsample': 0.7743184811491053, 'min_child_weight': 26.228715350181787, 'min_data_in_leaf': 13.52167035921684, 'lambda': 2.5453104094358867, 'alpha': 2.4411438174519082, 'max_depth': 5, 'eta': 0.06721166931157921, 'gamma': 6.976551334356404, 'num_boost_rounds': 130}. Best is trial 200 with value: 0.017219.
2025-01-02 22:08:51 INFO     Trial 201 finished with value: 0.01716 and parameters: {'max_delta_step': 98.42614802017115, 'colsample_bytree': 0.9594954537895855, 'subsample': 0.7748036102912678, 'min_child_weight': 25.571231237177383, 'min_data_in_leaf': 13.628828829613958, 'lambda': 2.531676417942112, 'alpha': 2.182766873400614, 'max_depth': 5, 'eta': 0.07841819426908424, 'gamma': 6.914243130183337, 'num_boost_rounds': 130}. Best is trial 200 with value: 0.017219.
2025-01-02 22:08:51 INFO     Trial 202 finished with value: 0.016288 and parameters: {'max_delta_step': 98.16707879260537, 'colsample_bytree': 0.9858958701486947, 'subsample': 0.7759387393091209, 'min_child_weight': 27.80225172990473, 'min_data_in_leaf': 13.495727768047352, 'lambda': 2.5699038574016533, 'alpha': 2.4471015691964855, 'max_depth': 5, 'eta': 0.07576731954811493, 'gamma': 6.821645680313028, 'num_boost_rounds': 130}. Best is trial 200 with value: 0.017219.
2025-01-02 22:08:52 INFO     Trial 203 finished with value: 0.016487 and parameters: {'max_delta_step': 94.99213348058686, 'colsample_bytree': 0.9572804990319664, 'subsample': 0.7661073485531132, 'min_child_weight': 25.99793462765441, 'min_data_in_leaf': 13.92985122913615, 'lambda': 2.7812657570348964, 'alpha': 2.128191697507445, 'max_depth': 5, 'eta': 0.06910092740290005, 'gamma': 6.9149665082445395, 'num_boost_rounds': 130}. Best is trial 200 with value: 0.017219.
2025-01-02 22:08:52 INFO     Trial 204 pruned. Trial was pruned at iteration 0.
2025-01-02 22:08:53 INFO     Trial 205 finished with value: 0.016992 and parameters: {'max_delta_step': 96.52519809897495, 'colsample_bytree': 0.9439672820338262, 'subsample': 0.7577975900029407, 'min_child_weight': 23.81188173711923, 'min_data_in_leaf': 14.158670148480528, 'lambda': 2.272430541829277, 'alpha': 2.4560055054817425, 'max_depth': 5, 'eta': 0.05393964370997993, 'gamma': 6.718224084157155, 'num_boost_rounds': 135}. Best is trial 200 with value: 0.017219.
2025-01-02 22:08:53 INFO     Trial 206 pruned. Trial was pruned at iteration 0.
2025-01-02 22:08:54 INFO     Trial 207 finished with value: 0.016156 and parameters: {'max_delta_step': 98.39504181325849, 'colsample_bytree': 0.9428700994040451, 'subsample': 0.7694236314544571, 'min_child_weight': 23.735277244725015, 'min_data_in_leaf': 14.764319655491603, 'lambda': 2.963349486333775, 'alpha': 2.522964824058986, 'max_depth': 5, 'eta': 0.06242691664617206, 'gamma': 6.01710477183333, 'num_boost_rounds': 135}. Best is trial 200 with value: 0.017219.
2025-01-02 22:08:54 INFO     Trial 208 pruned. Trial was pruned at iteration 0.
2025-01-02 22:08:55 INFO     Trial 209 finished with value: 0.016992 and parameters: {'max_delta_step': 98.02510247366438, 'colsample_bytree': 0.9912765018125915, 'subsample': 0.7586663186636284, 'min_child_weight': 23.60137852795233, 'min_data_in_leaf': 14.202830456607675, 'lambda': 2.3439254120307367, 'alpha': 0.36530282752713383, 'max_depth': 5, 'eta': 0.0525187543841506, 'gamma': 5.807300313961883, 'num_boost_rounds': 130}. Best is trial 200 with value: 0.017219.
2025-01-02 22:08:55 INFO     Trial 210 pruned. Trial was pruned at iteration 0.
2025-01-02 22:08:56 INFO     Trial 211 finished with value: 0.017 and parameters: {'max_delta_step': 96.4808893439321, 'colsample_bytree': 0.9823661415714943, 'subsample': 0.7594162188191478, 'min_child_weight': 21.918465688645966, 'min_data_in_leaf': 14.138468664742708, 'lambda': 2.2151177950034473, 'alpha': 0.11526468203070594, 'max_depth': 5, 'eta': 0.05175566701091847, 'gamma': 5.587183566310111, 'num_boost_rounds': 125}. Best is trial 200 with value: 0.017219.
2025-01-02 22:08:57 INFO     Trial 212 pruned. Trial was pruned at iteration 5.
2025-01-02 22:08:57 INFO     Trial 213 pruned. Trial was pruned at iteration 5.
2025-01-02 22:08:58 INFO     Trial 214 pruned. Trial was pruned at iteration 0.
2025-01-02 22:08:58 INFO     Trial 215 finished with value: 0.016068 and parameters: {'max_delta_step': 99.85530308479619, 'colsample_bytree': 0.9596676192908866, 'subsample': 0.7619443353861275, 'min_child_weight': 21.969989862648763, 'min_data_in_leaf': 14.205805903088953, 'lambda': 2.8413976915472974, 'alpha': 0.20674281730387634, 'max_depth': 5, 'eta': 0.05475822639837552, 'gamma': 5.8766401959584735, 'num_boost_rounds': 130}. Best is trial 200 with value: 0.017219.
2025-01-02 22:08:59 INFO     Trial 216 pruned. Trial was pruned at iteration 0.
2025-01-02 22:08:59 INFO     Trial 217 pruned. Trial was pruned at iteration 0.
2025-01-02 22:09:00 INFO     Trial 218 finished with value: 0.016192 and parameters: {'max_delta_step': 94.62142390765834, 'colsample_bytree': 0.980769942382757, 'subsample': 0.7934215498859819, 'min_child_weight': 22.11260586437018, 'min_data_in_leaf': 13.78202625740317, 'lambda': 2.747972865058648, 'alpha': 2.3983199973060865, 'max_depth': 5, 'eta': 0.05366913696008862, 'gamma': 5.3592348842532544, 'num_boost_rounds': 120}. Best is trial 200 with value: 0.017219.
2025-01-02 22:09:00 INFO     Trial 219 pruned. Trial was pruned at iteration 0.
2025-01-02 22:09:01 INFO     Trial 220 finished with value: 0.016317 and parameters: {'max_delta_step': 99.87480051451134, 'colsample_bytree': 0.9467694473559162, 'subsample': 0.7409638349767039, 'min_child_weight': 23.67849335019298, 'min_data_in_leaf': 12.643092970179419, 'lambda': 2.335857034877223, 'alpha': 0.024895291994645685, 'max_depth': 5, 'eta': 0.0634552903172751, 'gamma': 6.036098973322594, 'num_boost_rounds': 130}. Best is trial 200 with value: 0.017219.
2025-01-02 22:09:01 INFO     Trial 221 pruned. Trial was pruned at iteration 0.
2025-01-02 22:09:02 INFO     Trial 222 pruned. Trial was pruned at iteration 0.
2025-01-02 22:09:02 INFO     Trial 223 finished with value: 0.016847 and parameters: {'max_delta_step': 94.98624062028775, 'colsample_bytree': 0.935147353349459, 'subsample': 0.7484626150517368, 'min_child_weight': 17.808730118039303, 'min_data_in_leaf': 15.067559860080774, 'lambda': 2.5252676269092023, 'alpha': 0.5091483980759179, 'max_depth': 5, 'eta': 0.05802959759292734, 'gamma': 6.409344645076749, 'num_boost_rounds': 120}. Best is trial 200 with value: 0.017219.
2025-01-02 22:09:03 INFO     Trial 224 pruned. Trial was pruned at iteration 5.
2025-01-02 22:09:03 INFO     Trial 225 pruned. Trial was pruned at iteration 5.
2025-01-02 22:09:04 INFO     Trial 226 finished with value: 0.017197 and parameters: {'max_delta_step': 93.50816840309719, 'colsample_bytree': 0.9983897925835726, 'subsample': 0.7760611204871976, 'min_child_weight': 18.98627381398834, 'min_data_in_leaf': 11.857636605795717, 'lambda': 2.679087246784698, 'alpha': 1.7657360206468031, 'max_depth': 5, 'eta': 0.07094112518984637, 'gamma': 6.517427331935455, 'num_boost_rounds': 130}. Best is trial 200 with value: 0.017219.
2025-01-02 22:09:05 INFO     Trial 227 finished with value: 0.017116 and parameters: {'max_delta_step': 93.25802958430245, 'colsample_bytree': 0.9960887202914184, 'subsample': 0.7773004566958343, 'min_child_weight': 15.428139371640187, 'min_data_in_leaf': 11.75925226322131, 'lambda': 2.7433908534351006, 'alpha': 6.733597173322559, 'max_depth': 5, 'eta': 0.07247312262391375, 'gamma': 9.239538971603253, 'num_boost_rounds': 130}. Best is trial 200 with value: 0.017219.
2025-01-02 22:09:05 INFO     Trial 228 finished with value: 0.016587 and parameters: {'max_delta_step': 92.82230565846584, 'colsample_bytree': 0.9939182966580377, 'subsample': 0.7971679887258734, 'min_child_weight': 15.033865751590954, 'min_data_in_leaf': 11.765526477190281, 'lambda': 3.222444043386875, 'alpha': 8.05685413144276, 'max_depth': 5, 'eta': 0.07391009016870964, 'gamma': 9.371417283930903, 'num_boost_rounds': 130}. Best is trial 200 with value: 0.017219.
2025-01-02 22:09:06 INFO     Trial 229 pruned. Trial was pruned at iteration 0.
2025-01-02 22:09:06 INFO     Trial 230 finished with value: 0.015994 and parameters: {'max_delta_step': 96.93154090297752, 'colsample_bytree': 0.9889654592058644, 'subsample': 0.7747921403001474, 'min_child_weight': 17.65203088147006, 'min_data_in_leaf': 12.006645195081934, 'lambda': 2.850402444241887, 'alpha': 5.682138671448021, 'max_depth': 5, 'eta': 0.08181143569764501, 'gamma': 5.824097542239468, 'num_boost_rounds': 130}. Best is trial 200 with value: 0.017219.
2025-01-02 22:09:07 INFO     Trial 231 finished with value: 0.016156 and parameters: {'max_delta_step': 95.52657034561244, 'colsample_bytree': 0.998624142006231, 'subsample': 0.7637908222819886, 'min_child_weight': 18.94345162943016, 'min_data_in_leaf': 11.2781502176743, 'lambda': 2.646951082024934, 'alpha': 7.615162625319825, 'max_depth': 5, 'eta': 0.06396304701685401, 'gamma': 9.147876844057263, 'num_boost_rounds': 125}. Best is trial 200 with value: 0.017219.
2025-01-02 22:09:08 INFO     Trial 232 finished with value: 0.017226 and parameters: {'max_delta_step': 99.99588285718202, 'colsample_bytree': 0.9842333943669701, 'subsample': 0.7770123924684038, 'min_child_weight': 16.561656755575918, 'min_data_in_leaf': 12.665364393339726, 'lambda': 2.4626258477102843, 'alpha': 6.256703584334153, 'max_depth': 5, 'eta': 0.07004399499604029, 'gamma': 6.1632817917679255, 'num_boost_rounds': 130}. Best is trial 232 with value: 0.017226.
2025-01-02 22:09:08 INFO     Trial 233 pruned. Trial was pruned at iteration 0.
2025-01-02 22:09:09 INFO     Trial 234 pruned. Trial was pruned at iteration 0.
2025-01-02 22:09:09 INFO     Trial 235 finished with value: 0.016502 and parameters: {'max_delta_step': 97.04951818132253, 'colsample_bytree': 0.9910419775654732, 'subsample': 0.7689248898054981, 'min_child_weight': 18.107072482618587, 'min_data_in_leaf': 12.67910088932121, 'lambda': 2.821758931422903, 'alpha': 6.185857042113882, 'max_depth': 5, 'eta': 0.0686404384046396, 'gamma': 6.10876793887462, 'num_boost_rounds': 130}. Best is trial 232 with value: 0.017226.
2025-01-02 22:09:10 INFO     Trial 236 finished with value: 0.016927 and parameters: {'max_delta_step': 98.54129479342642, 'colsample_bytree': 0.9238519637321265, 'subsample': 0.7997388520756588, 'min_child_weight': 15.193821782729731, 'min_data_in_leaf': 11.537230852827387, 'lambda': 2.4472235556985584, 'alpha': 8.170749367684776, 'max_depth': 5, 'eta': 0.07209851768640611, 'gamma': 6.419590361276837, 'num_boost_rounds': 120}. Best is trial 232 with value: 0.017226.
2025-01-02 22:09:11 INFO     Trial 237 finished with value: 0.01631 and parameters: {'max_delta_step': 94.26520864289918, 'colsample_bytree': 0.97898534233345, 'subsample': 0.7755230768684819, 'min_child_weight': 20.508412067628885, 'min_data_in_leaf': 12.334566567047437, 'lambda': 2.611884914216872, 'alpha': 6.9562570648392885, 'max_depth': 5, 'eta': 0.05985006856845113, 'gamma': 5.861658729886093, 'num_boost_rounds': 95}. Best is trial 232 with value: 0.017226.
2025-01-02 22:09:11 INFO     Trial 238 pruned. Trial was pruned at iteration 0.
2025-01-02 22:09:12 INFO     Trial 239 finished with value: 0.016949 and parameters: {'max_delta_step': 90.23955789516583, 'colsample_bytree': 0.9553590611574023, 'subsample': 0.764049445537042, 'min_child_weight': 22.471839391686707, 'min_data_in_leaf': 11.870567212169314, 'lambda': 2.400893471253929, 'alpha': 6.748702756332433, 'max_depth': 5, 'eta': 0.039894072420488404, 'gamma': 9.589818266868182, 'num_boost_rounds': 125}. Best is trial 232 with value: 0.017226.
2025-01-02 22:09:12 INFO     Trial 240 pruned. Trial was pruned at iteration 0.
2025-01-02 22:09:12 INFO     Trial 241 pruned. Trial was pruned at iteration 0.
2025-01-02 22:09:13 INFO     Trial 242 finished with value: 0.016949 and parameters: {'max_delta_step': 94.75019484861149, 'colsample_bytree': 0.9862307983712088, 'subsample': 0.7610514486893454, 'min_child_weight': 19.979213735760617, 'min_data_in_leaf': 14.092968335845955, 'lambda': 2.2147249168206122, 'alpha': 6.418666446601941, 'max_depth': 5, 'eta': 0.04748010717693969, 'gamma': 6.37117760751297, 'num_boost_rounds': 130}. Best is trial 232 with value: 0.017226.
2025-01-02 22:09:14 INFO     Trial 243 finished with value: 0.016854 and parameters: {'max_delta_step': 99.91666984504286, 'colsample_bytree': 0.9461832865512674, 'subsample': 0.7451227786725951, 'min_child_weight': 24.492450293436818, 'min_data_in_leaf': 13.63522585767922, 'lambda': 2.464982806836268, 'alpha': 2.061643170658367, 'max_depth': 5, 'eta': 0.057837586495790155, 'gamma': 6.912608835052518, 'num_boost_rounds': 120}. Best is trial 232 with value: 0.017226.
2025-01-02 22:09:14 INFO     Trial 244 finished with value: 0.016082 and parameters: {'max_delta_step': 92.79504595185546, 'colsample_bytree': 0.9694886786142158, 'subsample': 0.7699149107405645, 'min_child_weight': 22.048966390351662, 'min_data_in_leaf': 12.414216229031917, 'lambda': 8.855055205814272, 'alpha': 2.427508391048484, 'max_depth': 5, 'eta': 0.06442188618757166, 'gamma': 6.623673727903035, 'num_boost_rounds': 125}. Best is trial 232 with value: 0.017226.
2025-01-02 22:09:15 INFO     Trial 245 pruned. Trial was pruned at iteration 0.
2025-01-02 22:09:15 INFO     Trial 246 pruned. Trial was pruned at iteration 5.
2025-01-02 22:09:16 INFO     Trial 247 finished with value: 0.016942 and parameters: {'max_delta_step': 94.75641349001918, 'colsample_bytree': 0.9769578416344539, 'subsample': 0.7573284376794069, 'min_child_weight': 21.764447671225216, 'min_data_in_leaf': 13.234521422289369, 'lambda': 2.2697687286075605, 'alpha': 7.716669352298258, 'max_depth': 5, 'eta': 0.04058324992785815, 'gamma': 5.951232700091375, 'num_boost_rounds': 130}. Best is trial 232 with value: 0.017226.
2025-01-02 22:09:17 INFO     Trial 248 finished with value: 0.016942 and parameters: {'max_delta_step': 91.94888923621895, 'colsample_bytree': 0.9309615033103433, 'subsample': 0.7500888990713811, 'min_child_weight': 23.890538207716222, 'min_data_in_leaf': 13.654860608840082, 'lambda': 2.8847620953337834, 'alpha': 0.19790370144235447, 'max_depth': 5, 'eta': 0.04760296643635183, 'gamma': 5.266368615275707, 'num_boost_rounds': 105}. Best is trial 232 with value: 0.017226.
2025-01-02 22:09:17 INFO     Trial 249 pruned. Trial was pruned at iteration 0.
2025-01-02 22:09:18 INFO     Trial 250 finished with value: 0.016214 and parameters: {'max_delta_step': 94.10250090174794, 'colsample_bytree': 0.9847515422756828, 'subsample': 0.7636020206442766, 'min_child_weight': 12.324503385719861, 'min_data_in_leaf': 14.225755654126784, 'lambda': 2.435769926266375, 'alpha': 2.6021336718084886, 'max_depth': 5, 'eta': 0.07639601230635037, 'gamma': 7.399785892884237, 'num_boost_rounds': 125}. Best is trial 232 with value: 0.017226.
2025-01-02 22:09:18 INFO     Trial 251 finished with value: 0.016927 and parameters: {'max_delta_step': 98.02723671707787, 'colsample_bytree': 0.9642041784373779, 'subsample': 0.7399776753429838, 'min_child_weight': 16.245636779554292, 'min_data_in_leaf': 14.67559279547808, 'lambda': 2.1623509794921643, 'alpha': 2.324952420734079, 'max_depth': 5, 'eta': 0.03566647356264969, 'gamma': 6.448945984167435, 'num_boost_rounds': 140}. Best is trial 232 with value: 0.017226.
2025-01-02 22:09:19 INFO     Trial 252 pruned. Trial was pruned at iteration 0.
2025-01-02 22:09:20 INFO     Trial 253 finished with value: 0.017014 and parameters: {'max_delta_step': 91.44467441798724, 'colsample_bytree': 0.9760829266532622, 'subsample': 0.8055334977022145, 'min_child_weight': 19.041517688200535, 'min_data_in_leaf': 12.87733906251773, 'lambda': 2.5686742429645952, 'alpha': 1.8704977242241667, 'max_depth': 5, 'eta': 0.05991037746205462, 'gamma': 6.697599160392195, 'num_boost_rounds': 125}. Best is trial 232 with value: 0.017226.
2025-01-02 22:09:20 INFO     Trial 254 finished with value: 0.017014 and parameters: {'max_delta_step': 90.02830879475881, 'colsample_bytree': 0.9913535441020036, 'subsample': 0.8030800455180703, 'min_child_weight': 19.062204696768713, 'min_data_in_leaf': 12.774794127227416, 'lambda': 2.6021925659187097, 'alpha': 1.76770116135023, 'max_depth': 5, 'eta': 0.06006008863981596, 'gamma': 6.962281940160631, 'num_boost_rounds': 120}. Best is trial 232 with value: 0.017226.
2025-01-02 22:09:21 INFO     Trial 255 finished with value: 0.016717 and parameters: {'max_delta_step': 90.23352735039089, 'colsample_bytree': 0.9761337764617584, 'subsample': 0.8132537397632361, 'min_child_weight': 17.778495278621456, 'min_data_in_leaf': 12.746502788176622, 'lambda': 2.635619734326436, 'alpha': 1.8271663609082547, 'max_depth': 5, 'eta': 0.06145558537797646, 'gamma': 7.02098821410411, 'num_boost_rounds': 135}. Best is trial 232 with value: 0.017226.
2025-01-02 22:09:22 INFO     Trial 256 pruned. Trial was pruned at iteration 0.
2025-01-02 22:09:23 INFO     Trial 257 finished with value: 0.016883 and parameters: {'max_delta_step': 92.76274721094767, 'colsample_bytree': 0.9401985452250983, 'subsample': 0.8031255050792638, 'min_child_weight': 15.400504518342379, 'min_data_in_leaf': 13.140124080129944, 'lambda': 2.954827885404824, 'alpha': 1.8792550511253314, 'max_depth': 5, 'eta': 0.05567874611362161, 'gamma': 6.8154288216790615, 'num_boost_rounds': 125}. Best is trial 232 with value: 0.017226.
2025-01-02 22:09:23 INFO     Trial 258 pruned. Trial was pruned at iteration 0.
2025-01-02 22:09:24 INFO     Trial 259 pruned. Trial was pruned at iteration 0.
2025-01-02 22:09:24 INFO     Trial 260 pruned. Trial was pruned at iteration 5.
2025-01-02 22:09:25 INFO     Trial 261 pruned. Trial was pruned at iteration 0.
2025-01-02 22:09:25 INFO     Trial 262 pruned. Trial was pruned at iteration 0.
2025-01-02 22:09:26 INFO     Trial 263 pruned. Trial was pruned at iteration 0.
2025-01-02 22:09:26 INFO     Trial 264 pruned. Trial was pruned at iteration 0.
2025-01-02 22:09:27 INFO     Trial 265 pruned. Trial was pruned at iteration 5.
2025-01-02 22:09:27 INFO     Trial 266 finished with value: 0.015767 and parameters: {'max_delta_step': 98.55907740039736, 'colsample_bytree': 0.9471008828890881, 'subsample': 0.8319927364236337, 'min_child_weight': 22.937459539027394, 'min_data_in_leaf': 12.955835786312356, 'lambda': 2.480742602814129, 'alpha': 2.236153733147767, 'max_depth': 5, 'eta': 0.06170182505288953, 'gamma': 1.0104802023652661, 'num_boost_rounds': 125}. Best is trial 232 with value: 0.017226.
2025-01-02 22:09:28 INFO     Trial 267 pruned. Trial was pruned at iteration 0.
2025-01-02 22:09:28 INFO     Trial 268 pruned. Trial was pruned at iteration 0.
2025-01-02 22:09:29 INFO     Trial 269 pruned. Trial was pruned at iteration 5.
