2025-01-02 22:24:10 INFO     Trial 1718 finished with value: 0.016833 and parameters: {'max_delta_step': 67.94959694910314, 'colsample_bytree': 0.8788480200127785, 'subsample': 0.8056586970421953, 'min_child_weight': 19.217182578566035, 'min_data_in_leaf': 18.161873402304774, 'lambda': 4.183191522970798, 'alpha': 6.45684623119367, 'max_depth': 5, 'eta': 0.005100538224840491, 'gamma': 4.526869597482302, 'num_boost_rounds': 180}. Best is trial 988 with value: 0.018126.
2025-01-02 22:24:11 INFO     Trial 1719 pruned. Trial was pruned at iteration 2.
2025-01-02 22:24:12 INFO     Trial 1720 finished with value: 0.018015 and parameters: {'max_delta_step': 71.18145974110945, 'colsample_bytree': 0.8959789113003224, 'subsample': 0.809643158702816, 'min_child_weight': 20.835700847277863, 'min_data_in_leaf': 17.833047307358406, 'lambda': 3.896269719712641, 'alpha': 6.412191885109419, 'max_depth': 5, 'eta': 0.0054688160670683305, 'gamma': 4.321958880412438, 'num_boost_rounds': 180}. Best is trial 988 with value: 0.018126.
2025-01-02 22:24:13 INFO     Trial 1721 pruned. Trial was pruned at iteration 1.
2025-01-02 22:24:14 INFO     Trial 1722 finished with value: 0.017979 and parameters: {'max_delta_step': 72.08706394877346, 'colsample_bytree': 0.9011652757132622, 'subsample': 0.8129947288492988, 'min_child_weight': 19.675619367267686, 'min_data_in_leaf': 18.212941777631958, 'lambda': 4.4585954898688955, 'alpha': 6.257630436218254, 'max_depth': 5, 'eta': 0.0001522443165178439, 'gamma': 4.219078631405919, 'num_boost_rounds': 185}. Best is trial 988 with value: 0.018126.
2025-01-02 22:24:14 INFO     Trial 1723 pruned. Trial was pruned at iteration 1.
2025-01-02 22:24:15 INFO     Trial 1724 finished with value: 0.016681 and parameters: {'max_delta_step': 74.91789581416566, 'colsample_bytree': 0.9167677085177367, 'subsample': 0.8065657046233495, 'min_child_weight': 17.215589998550755, 'min_data_in_leaf': 19.360049406257822, 'lambda': 4.428382777895434, 'alpha': 6.4811068707782065, 'max_depth': 5, 'eta': 0.010135482740539393, 'gamma': 4.235264607268225, 'num_boost_rounds': 175}. Best is trial 988 with value: 0.018126.
2025-01-02 22:24:16 INFO     Trial 1725 finished with value: 0.016833 and parameters: {'max_delta_step': 67.11124224759303, 'colsample_bytree': 0.8921352726317386, 'subsample': 0.8151756094487228, 'min_child_weight': 21.639996857960334, 'min_data_in_leaf': 17.519390316059127, 'lambda': 3.776390368538028, 'alpha': 6.199788325475987, 'max_depth': 5, 'eta': 0.006089831371510655, 'gamma': 4.54999798829434, 'num_boost_rounds': 185}. Best is trial 988 with value: 0.018126.
2025-01-02 22:24:17 INFO     Trial 1726 finished with value: 0.016479 and parameters: {'max_delta_step': 74.21988251331243, 'colsample_bytree': 0.8807002697766567, 'subsample': 0.8179109872394804, 'min_child_weight': 19.434168608492087, 'min_data_in_leaf': 18.8858670676719, 'lambda': 4.776581111331026, 'alpha': 6.5616540405440515, 'max_depth': 5, 'eta': 0.013086010942061129, 'gamma': 3.6666578556499734, 'num_boost_rounds': 175}. Best is trial 988 with value: 0.018126.
2025-01-02 22:24:18 INFO     Trial 1727 pruned. Trial was pruned at iteration 1.
2025-01-02 22:24:18 INFO     Trial 1728 finished with value: 0.016724 and parameters: {'max_delta_step': 69.03039044168546, 'colsample_bytree': 0.8888293836271476, 'subsample': 0.8229376185048263, 'min_child_weight': 18.07548361163803, 'min_data_in_leaf': 17.913770780607514, 'lambda': 4.532739528241219, 'alpha': 6.096231911244369, 'max_depth': 5, 'eta': 0.010608256511645719, 'gamma': 4.021739473186495, 'num_boost_rounds': 190}. Best is trial 988 with value: 0.018126.
2025-01-02 22:24:19 INFO     Trial 1729 finished with value: 0.016833 and parameters: {'max_delta_step': 74.24422721716377, 'colsample_bytree': 0.8990253067694829, 'subsample': 0.8053021630833397, 'min_child_weight': 21.97857976267448, 'min_data_in_leaf': 17.25139496797797, 'lambda': 4.320506190437457, 'alpha': 6.271059483100967, 'max_depth': 5, 'eta': 0.005660435984364687, 'gamma': 4.250725844364566, 'num_boost_rounds': 180}. Best is trial 988 with value: 0.018126.
2025-01-02 22:24:20 INFO     Trial 1730 finished with value: 0.016479 and parameters: {'max_delta_step': 63.3392293907862, 'colsample_bytree': 0.8718558255276341, 'subsample': 0.8144888585835031, 'min_child_weight': 14.366195267740173, 'min_data_in_leaf': 17.572224937930674, 'lambda': 4.713132918714709, 'alpha': 5.892313117238786, 'max_depth': 5, 'eta': 0.01895340577501203, 'gamma': 4.442014510441927, 'num_boost_rounds': 175}. Best is trial 988 with value: 0.018126.
2025-01-02 22:24:21 INFO     Trial 1731 finished with value: 0.018015 and parameters: {'max_delta_step': 70.18258156597742, 'colsample_bytree': 0.8903219732483288, 'subsample': 0.8210602848730685, 'min_child_weight': 21.036916022367954, 'min_data_in_leaf': 18.71723830274195, 'lambda': 4.8564723249138995, 'alpha': 6.4489250565806655, 'max_depth': 5, 'eta': 0.00022903335134753455, 'gamma': 3.944993960115597, 'num_boost_rounds': 185}. Best is trial 988 with value: 0.018126.
2025-01-02 22:24:22 INFO     Trial 1732 finished with value: 0.016681 and parameters: {'max_delta_step': 72.30648461661887, 'colsample_bytree': 0.8753629642261437, 'subsample': 0.8045753915370931, 'min_child_weight': 19.60408296517312, 'min_data_in_leaf': 19.34488714261971, 'lambda': 3.9980403483424265, 'alpha': 6.706246850972859, 'max_depth': 5, 'eta': 0.010487480409724482, 'gamma': 4.565266738367418, 'num_boost_rounds': 180}. Best is trial 988 with value: 0.018126.
2025-01-02 22:24:23 INFO     Trial 1733 finished with value: 0.01684 and parameters: {'max_delta_step': 57.169386621784085, 'colsample_bytree': 0.9185494934437701, 'subsample': 0.8256961774388583, 'min_child_weight': 16.730424013592398, 'min_data_in_leaf': 18.60487486334798, 'lambda': 4.5908127950909, 'alpha': 6.059375018761959, 'max_depth': 5, 'eta': 0.005439636623656209, 'gamma': 4.155310407990234, 'num_boost_rounds': 175}. Best is trial 988 with value: 0.018126.
2025-01-02 22:24:23 INFO     Trial 1734 pruned. Trial was pruned at iteration 2.
2025-01-02 22:24:24 INFO     Trial 1735 pruned. Trial was pruned at iteration 1.
2025-01-02 22:24:24 INFO     Trial 1736 pruned. Trial was pruned at iteration 0.
2025-01-02 22:24:25 INFO     Trial 1737 finished with value: 0.016833 and parameters: {'max_delta_step': 74.81885196203457, 'colsample_bytree': 0.8727049910552869, 'subsample': 0.8091570404910922, 'min_child_weight': 22.31196098102985, 'min_data_in_leaf': 17.14282771543208, 'lambda': 5.340504793982394, 'alpha': 5.796284645213179, 'max_depth': 5, 'eta': 0.015205382155103253, 'gamma': 4.30525763116638, 'num_boost_rounds': 195}. Best is trial 988 with value: 0.018126.
2025-01-02 22:24:26 INFO     Trial 1738 pruned. Trial was pruned at iteration 0.
2025-01-02 22:24:27 INFO     Trial 1739 pruned. Trial was pruned at iteration 1.
2025-01-02 22:24:28 INFO     Trial 1740 finished with value: 0.018022 and parameters: {'max_delta_step': 65.9274687040497, 'colsample_bytree': 0.8973817170666314, 'subsample': 0.8201842808610382, 'min_child_weight': 11.874200997494343, 'min_data_in_leaf': 16.263992291515315, 'lambda': 4.421263923111098, 'alpha': 6.044977392898595, 'max_depth': 5, 'eta': 0.00044112682345160185, 'gamma': 4.619002840406652, 'num_boost_rounds': 180}. Best is trial 988 with value: 0.018126.
2025-01-02 22:24:29 INFO     Trial 1741 finished with value: 0.016479 and parameters: {'max_delta_step': 71.05753411763331, 'colsample_bytree': 0.8684360710214982, 'subsample': 0.8053425533982074, 'min_child_weight': 18.290009851780642, 'min_data_in_leaf': 16.923448331354635, 'lambda': 4.173961360780168, 'alpha': 5.788616759979134, 'max_depth': 5, 'eta': 0.016032844556519408, 'gamma': 4.465032735782081, 'num_boost_rounds': 185}. Best is trial 988 with value: 0.018126.
2025-01-02 22:24:30 INFO     Trial 1742 pruned. Trial was pruned at iteration 0.
2025-01-02 22:24:31 INFO     Trial 1743 finished with value: 0.017979 and parameters: {'max_delta_step': 72.81245889929217, 'colsample_bytree': 0.8886949310264639, 'subsample': 0.8144833220302274, 'min_child_weight': 15.552923674681521, 'min_data_in_leaf': 17.196025986888998, 'lambda': 4.653554849691982, 'alpha': 5.745836229463839, 'max_depth': 5, 'eta': 0.0003569003420966157, 'gamma': 3.897775369306739, 'num_boost_rounds': 180}. Best is trial 988 with value: 0.018126.
2025-01-02 22:24:31 INFO     Trial 1744 pruned. Trial was pruned at iteration 1.
2025-01-02 22:24:32 INFO     Trial 1745 finished with value: 0.018022 and parameters: {'max_delta_step': 68.85739392251318, 'colsample_bytree': 0.8800435295964047, 'subsample': 0.8283120145277171, 'min_child_weight': 19.76312053880614, 'min_data_in_leaf': 16.401639869492964, 'lambda': 4.996452226848764, 'alpha': 6.496523706949592, 'max_depth': 5, 'eta': 0.005935100448759626, 'gamma': 4.330195720197649, 'num_boost_rounds': 185}. Best is trial 988 with value: 0.018126.
2025-01-02 22:24:33 INFO     Trial 1746 finished with value: 0.016587 and parameters: {'max_delta_step': 71.22436374505061, 'colsample_bytree': 0.9016540755285988, 'subsample': 0.8195320784680218, 'min_child_weight': 22.34467106861184, 'min_data_in_leaf': 19.087511853508012, 'lambda': 4.879684523248834, 'alpha': 5.669565482989395, 'max_depth': 5, 'eta': 0.015812089822393977, 'gamma': 4.589665514036227, 'num_boost_rounds': 170}. Best is trial 988 with value: 0.018126.
2025-01-02 22:24:34 INFO     Trial 1747 finished with value: 0.017738 and parameters: {'max_delta_step': 75.21883067418372, 'colsample_bytree': 0.8922794346314181, 'subsample': 0.831876174580737, 'min_child_weight': 19.945913398813854, 'min_data_in_leaf': 16.80440123704336, 'lambda': 4.518899832363637, 'alpha': 6.098674929581419, 'max_depth': 5, 'eta': 0.006203106617077679, 'gamma': 3.8407279412141904, 'num_boost_rounds': 180}. Best is trial 988 with value: 0.018126.
2025-01-02 22:24:34 INFO     Trial 1748 pruned. Trial was pruned at iteration 0.
2025-01-02 22:24:35 INFO     Trial 1749 finished with value: 0.018022 and parameters: {'max_delta_step': 70.21942781717453, 'colsample_bytree': 0.8637693227032914, 'subsample': 0.8219656718202162, 'min_child_weight': 15.80309414146345, 'min_data_in_leaf': 16.337208255716995, 'lambda': 3.9214458772484586, 'alpha': 5.5844612505620725, 'max_depth': 5, 'eta': 0.00010724716109616016, 'gamma': 4.439597952128704, 'num_boost_rounds': 175}. Best is trial 988 with value: 0.018126.
2025-01-02 22:24:36 INFO     Trial 1750 pruned. Trial was pruned at iteration 1.
2025-01-02 22:24:37 INFO     Trial 1751 finished with value: 0.016833 and parameters: {'max_delta_step': 74.94386020846085, 'colsample_bytree': 0.8861751667784898, 'subsample': 0.812705162599273, 'min_child_weight': 20.61151897864027, 'min_data_in_leaf': 17.33559409472159, 'lambda': 4.188701874701928, 'alpha': 5.707624601739686, 'max_depth': 5, 'eta': 0.010792552938328833, 'gamma': 4.243807916181199, 'num_boost_rounds': 185}. Best is trial 988 with value: 0.018126.
2025-01-02 22:24:37 INFO     Trial 1752 pruned. Trial was pruned at iteration 1.
2025-01-02 22:24:38 INFO     Trial 1753 finished with value: 0.016601 and parameters: {'max_delta_step': 68.21757555451954, 'colsample_bytree': 0.8726348858236556, 'subsample': 0.8316034128945117, 'min_child_weight': 22.577989536974503, 'min_data_in_leaf': 18.09508663217728, 'lambda': 4.317412929485399, 'alpha': 5.855046855903423, 'max_depth': 5, 'eta': 0.011398551599820058, 'gamma': 3.9944630940946744, 'num_boost_rounds': 170}. Best is trial 988 with value: 0.018126.
2025-01-02 22:24:39 INFO     Trial 1754 finished with value: 0.016833 and parameters: {'max_delta_step': 72.58134374774285, 'colsample_bytree': 0.8947289799830486, 'subsample': 0.8060053866743916, 'min_child_weight': 16.88095174232527, 'min_data_in_leaf': 17.4672625890935, 'lambda': 4.870622483450489, 'alpha': 5.638453338269151, 'max_depth': 5, 'eta': 0.0048761463070110846, 'gamma': 4.633264704447155, 'num_boost_rounds': 170}. Best is trial 988 with value: 0.018126.
2025-01-02 22:24:40 INFO     Trial 1755 finished with value: 0.016833 and parameters: {'max_delta_step': 71.05387706027207, 'colsample_bytree': 0.9220033529264496, 'subsample': 0.8188842197451682, 'min_child_weight': 22.72357979218327, 'min_data_in_leaf': 16.136357601480274, 'lambda': 3.971542650952297, 'alpha': 5.477997508794223, 'max_depth': 5, 'eta': 0.0056794560640597205, 'gamma': 4.453504066853206, 'num_boost_rounds': 180}. Best is trial 988 with value: 0.018126.
2025-01-02 22:24:40 INFO     Trial 1756 pruned. Trial was pruned at iteration 1.
2025-01-02 22:24:41 INFO     Trial 1757 finished with value: 0.018022 and parameters: {'max_delta_step': 75.13825932390833, 'colsample_bytree': 0.8834738478243591, 'subsample': 0.8250441722126306, 'min_child_weight': 18.424581816434635, 'min_data_in_leaf': 16.79674851102097, 'lambda': 4.720354236938111, 'alpha': 5.927730914962378, 'max_depth': 5, 'eta': 0.00030896698324044694, 'gamma': 4.653045347409322, 'num_boost_rounds': 175}. Best is trial 988 with value: 0.018126.
2025-01-02 22:24:42 INFO     Trial 1758 pruned. Trial was pruned at iteration 1.
2025-01-02 22:24:43 INFO     Trial 1759 finished with value: 0.017773 and parameters: {'max_delta_step': 67.53434117627377, 'colsample_bytree': 0.8974549033624333, 'subsample': 0.8334327988145567, 'min_child_weight': 20.403778914182276, 'min_data_in_leaf': 17.31844647487579, 'lambda': 4.661361430604905, 'alpha': 6.2167029254669695, 'max_depth': 5, 'eta': 0.005133046763251769, 'gamma': 3.757409543276601, 'num_boost_rounds': 180}. Best is trial 988 with value: 0.018126.
2025-01-02 22:24:45 INFO     Trial 1760 finished with value: 0.016833 and parameters: {'max_delta_step': 70.20207190989075, 'colsample_bytree': 0.8760115920092035, 'subsample': 0.8026244731623207, 'min_child_weight': 22.788758558425382, 'min_data_in_leaf': 18.114994025250148, 'lambda': 4.181094541608912, 'alpha': 5.444500327753897, 'max_depth': 5, 'eta': 0.019108282451450024, 'gamma': 4.2130821666367675, 'num_boost_rounds': 170}. Best is trial 988 with value: 0.018126.
2025-01-02 22:24:45 INFO     Trial 1761 pruned. Trial was pruned at iteration 0.
2025-01-02 22:24:46 INFO     Trial 1762 finished with value: 0.016551 and parameters: {'max_delta_step': 75.80026489183052, 'colsample_bytree': 0.9150940419943238, 'subsample': 0.8326546951678766, 'min_child_weight': 14.628068352458913, 'min_data_in_leaf': 16.2187068300278, 'lambda': 3.7490745998763155, 'alpha': 6.498411072694304, 'max_depth': 5, 'eta': 0.010017117212233825, 'gamma': 4.0126170874019556, 'num_boost_rounds': 180}. Best is trial 988 with value: 0.018126.
2025-01-02 22:24:47 INFO     Trial 1763 pruned. Trial was pruned at iteration 1.
2025-01-02 22:24:48 INFO     Trial 1764 pruned. Trial was pruned at iteration 1.
2025-01-02 22:24:48 INFO     Trial 1765 finished with value: 0.01684 and parameters: {'max_delta_step': 69.74586098564274, 'colsample_bytree': 0.879991772967558, 'subsample': 0.822464029003065, 'min_child_weight': 22.282175375381893, 'min_data_in_leaf': 16.12096156759887, 'lambda': 4.101839193429848, 'alpha': 6.140416762138912, 'max_depth': 5, 'eta': 0.014716885747533388, 'gamma': 3.731954846499007, 'num_boost_rounds': 175}. Best is trial 988 with value: 0.018126.
2025-01-02 22:24:49 INFO     Trial 1766 finished with value: 0.016601 and parameters: {'max_delta_step': 65.31316982264742, 'colsample_bytree': 0.9013855966324029, 'subsample': 0.8330095419921443, 'min_child_weight': 23.049644158853045, 'min_data_in_leaf': 17.289946885923683, 'lambda': 4.332129949354366, 'alpha': 5.6055842911050675, 'max_depth': 5, 'eta': 0.024463157573968306, 'gamma': 4.324557370376354, 'num_boost_rounds': 170}. Best is trial 988 with value: 0.018126.
2025-01-02 22:24:50 INFO     Trial 1767 pruned. Trial was pruned at iteration 0.
2025-01-02 22:24:51 INFO     Trial 1768 finished with value: 0.017866 and parameters: {'max_delta_step': 10.39272029444524, 'colsample_bytree': 0.8938195680134499, 'subsample': 0.8132148405363355, 'min_child_weight': 16.786398548908156, 'min_data_in_leaf': 16.973762578004756, 'lambda': 4.059258672843669, 'alpha': 5.349483663122321, 'max_depth': 5, 'eta': 0.006495370370480648, 'gamma': 3.9266914206688894, 'num_boost_rounds': 180}. Best is trial 988 with value: 0.018126.
2025-01-02 22:24:52 INFO     Trial 1769 finished with value: 0.018022 and parameters: {'max_delta_step': 75.62163800279185, 'colsample_bytree': 0.9091154194053178, 'subsample': 0.8227122580883628, 'min_child_weight': 18.91391905651045, 'min_data_in_leaf': 16.124754437421394, 'lambda': 4.993634378165128, 'alpha': 5.601798408640598, 'max_depth': 5, 'eta': 0.00020228006022796698, 'gamma': 4.226406771001086, 'num_boost_rounds': 170}. Best is trial 988 with value: 0.018126.
2025-01-02 22:24:52 INFO     Trial 1770 finished with value: 0.016587 and parameters: {'max_delta_step': 73.24981447185924, 'colsample_bytree': 0.8697026892128161, 'subsample': 0.8090658740824714, 'min_child_weight': 23.04606584432804, 'min_data_in_leaf': 18.32922639068484, 'lambda': 4.639637870687469, 'alpha': 5.186224928221647, 'max_depth': 5, 'eta': 0.01672741432752768, 'gamma': 4.631558686375587, 'num_boost_rounds': 175}. Best is trial 988 with value: 0.018126.
2025-01-02 22:24:53 INFO     Trial 1771 pruned. Trial was pruned at iteration 0.
2025-01-02 22:24:54 INFO     Trial 1772 finished with value: 0.016833 and parameters: {'max_delta_step': 71.64758380353672, 'colsample_bytree': 0.8975812198990957, 'subsample': 0.7986443664191122, 'min_child_weight': 21.819167708584615, 'min_data_in_leaf': 17.7266492171223, 'lambda': 3.8761676388045956, 'alpha': 5.4000385049927075, 'max_depth': 5, 'eta': 0.010718057556232003, 'gamma': 4.115623070587346, 'num_boost_rounds': 170}. Best is trial 988 with value: 0.018126.
2025-01-02 22:24:54 INFO     Trial 1773 pruned. Trial was pruned at iteration 2.
2025-01-02 22:24:55 INFO     Trial 1774 finished with value: 0.018126 and parameters: {'max_delta_step': 73.21841736786796, 'colsample_bytree': 0.8590419810369386, 'subsample': 0.8344356745245778, 'min_child_weight': 20.663763479154937, 'min_data_in_leaf': 15.934907482730921, 'lambda': 5.1828489451574855, 'alpha': 5.776952493688713, 'max_depth': 5, 'eta': 0.00019188608402973765, 'gamma': 3.580597548696285, 'num_boost_rounds': 200}. Best is trial 988 with value: 0.018126.
2025-01-02 22:24:56 INFO     Trial 1775 pruned. Trial was pruned at iteration 0.
2025-01-02 22:24:56 INFO     Trial 1776 pruned. Trial was pruned at iteration 2.
2025-01-02 22:24:57 INFO     Trial 1777 pruned. Trial was pruned at iteration 2.
2025-01-02 22:24:58 INFO     Trial 1778 pruned. Trial was pruned at iteration 2.
2025-01-02 22:24:59 INFO     Trial 1779 pruned. Trial was pruned at iteration 0.
2025-01-02 22:25:00 INFO     Trial 1780 pruned. Trial was pruned at iteration 2.
2025-01-02 22:25:00 INFO     Trial 1781 pruned. Trial was pruned at iteration 2.
2025-01-02 22:25:01 INFO     Trial 1782 pruned. Trial was pruned at iteration 1.
2025-01-02 22:25:02 INFO     Trial 1783 finished with value: 0.018015 and parameters: {'max_delta_step': 70.60423398515053, 'colsample_bytree': 0.8615841440928951, 'subsample': 0.8040164350095665, 'min_child_weight': 16.464785826119112, 'min_data_in_leaf': 15.895614745174939, 'lambda': 5.4826193343181515, 'alpha': 6.2081116768847595, 'max_depth': 5, 'eta': 0.0002474641849206027, 'gamma': 3.526994579116085, 'num_boost_rounds': 190}. Best is trial 988 with value: 0.018126.
2025-01-02 22:25:03 INFO     Trial 1784 pruned. Trial was pruned at iteration 2.
2025-01-02 22:25:03 INFO     Trial 1785 finished with value: 0.016587 and parameters: {'max_delta_step': 75.86038418265363, 'colsample_bytree': 0.868057826065113, 'subsample': 0.8127954431534025, 'min_child_weight': 23.574427363636843, 'min_data_in_leaf': 16.247072974053445, 'lambda': 4.7855007024583305, 'alpha': 6.4173652451512755, 'max_depth': 5, 'eta': 0.020933793713789447, 'gamma': 3.561222797824367, 'num_boost_rounds': 170}. Best is trial 988 with value: 0.018126.
2025-01-02 22:25:04 INFO     Trial 1786 pruned. Trial was pruned at iteration 1.
2025-01-02 22:25:04 INFO     Trial 1787 pruned. Trial was pruned at iteration 1.
2025-01-02 22:25:05 INFO     Trial 1788 pruned. Trial was pruned at iteration 2.
2025-01-02 22:25:06 INFO     Trial 1789 pruned. Trial was pruned at iteration 0.
2025-01-02 22:25:06 INFO     Trial 1790 pruned. Trial was pruned at iteration 1.
2025-01-02 22:25:07 INFO     Trial 1791 finished with value: 0.016833 and parameters: {'max_delta_step': 72.69196762165893, 'colsample_bytree': 0.8729914580725682, 'subsample': 0.8193283036450727, 'min_child_weight': 23.620384694618764, 'min_data_in_leaf': 19.12969024234342, 'lambda': 5.065451052046222, 'alpha': 5.768456532454959, 'max_depth': 5, 'eta': 0.010407450411191952, 'gamma': 4.012387747868986, 'num_boost_rounds': 200}. Best is trial 988 with value: 0.018126.
2025-01-02 22:25:08 INFO     Trial 1792 pruned. Trial was pruned at iteration 2.
2025-01-02 22:25:08 INFO     Trial 1793 finished with value: 0.018126 and parameters: {'max_delta_step': 74.87697519677224, 'colsample_bytree': 0.8636897457373949, 'subsample': 0.8267387370591079, 'min_child_weight': 15.750758857502678, 'min_data_in_leaf': 15.760315625916942, 'lambda': 4.7983379144309115, 'alpha': 6.079156897289193, 'max_depth': 5, 'eta': 0.0001881393493762585, 'gamma': 4.288895663383586, 'num_boost_rounds': 195}. Best is trial 988 with value: 0.018126.
2025-01-02 22:25:09 INFO     Trial 1794 pruned. Trial was pruned at iteration 2.
2025-01-02 22:25:10 INFO     Trial 1795 pruned. Trial was pruned at iteration 1.
2025-01-02 22:25:10 INFO     Trial 1796 pruned. Trial was pruned at iteration 2.
2025-01-02 22:25:11 INFO     Trial 1797 pruned. Trial was pruned at iteration 1.
2025-01-02 22:25:11 INFO     Trial 1798 pruned. Trial was pruned at iteration 0.
2025-01-02 22:25:12 INFO     Trial 1799 pruned. Trial was pruned at iteration 2.
