2025-01-02 13:49:14 INFO     Trial 322 finished with value: 0.017143 and parameters: {'max_delta_step': 75.49235671435889, 'colsample_bytree': 0.5008304479075569, 'subsample': 0.7099407599100184, 'min_child_weight': 95.8311520429623, 'min_data_in_leaf': 18.166703249118658, 'lambda': 9.305022093555724, 'alpha': 4.093867805127014, 'max_depth': 1, 'eta': 0.19287412496820577, 'gamma': 1.9898311177034098, 'num_boost_rounds': 175}. Best is trial 70 with value: 0.017143.
2025-01-02 13:49:15 INFO     Trial 323 pruned. Trial was pruned at iteration 5.
2025-01-02 13:49:15 INFO     Trial 324 pruned. Trial was pruned at iteration 0.
2025-01-02 13:49:16 INFO     Trial 325 finished with value: 0.017137 and parameters: {'max_delta_step': 54.42023283152365, 'colsample_bytree': 0.5476850742769614, 'subsample': 0.7005732325527401, 'min_child_weight': 93.9870744059764, 'min_data_in_leaf': 16.651523155351253, 'lambda': 9.537660804030219, 'alpha': 1.0628420210231315, 'max_depth': 1, 'eta': 0.1884065751462626, 'gamma': 1.6650437244189393, 'num_boost_rounds': 190}. Best is trial 70 with value: 0.017143.
2025-01-02 13:49:16 INFO     Trial 326 pruned. Trial was pruned at iteration 0.
2025-01-02 13:49:16 INFO     Trial 327 pruned. Trial was pruned at iteration 0.
2025-01-02 13:49:17 INFO     Trial 328 finished with value: 0.017143 and parameters: {'max_delta_step': 84.721166428947, 'colsample_bytree': 0.5003285443673813, 'subsample': 0.727727464322135, 'min_child_weight': 77.01776400650319, 'min_data_in_leaf': 14.557630152849052, 'lambda': 9.782385579722073, 'alpha': 1.69885722104237, 'max_depth': 1, 'eta': 0.18984733714761, 'gamma': 4.762675806575057, 'num_boost_rounds': 195}. Best is trial 70 with value: 0.017143.
2025-01-02 13:49:17 INFO     Trial 329 pruned. Trial was pruned at iteration 0.
2025-01-02 13:49:18 INFO     Trial 330 finished with value: 0.017139 and parameters: {'max_delta_step': 59.18176546022036, 'colsample_bytree': 0.5585675291941771, 'subsample': 0.6835628650903346, 'min_child_weight': 79.12065420262557, 'min_data_in_leaf': 18.29256768686006, 'lambda': 9.483882304656175, 'alpha': 1.4099245099001767, 'max_depth': 1, 'eta': 0.19961441848017009, 'gamma': 3.8738934354124477, 'num_boost_rounds': 175}. Best is trial 70 with value: 0.017143.
2025-01-02 13:49:19 INFO     Trial 331 finished with value: 0.017137 and parameters: {'max_delta_step': 80.33847711270991, 'colsample_bytree': 0.5204484864278164, 'subsample': 0.705751110787391, 'min_child_weight': 32.62787079716737, 'min_data_in_leaf': 19.055256336440575, 'lambda': 9.228904760950947, 'alpha': 0.5633290989641124, 'max_depth': 1, 'eta': 0.19345473112378445, 'gamma': 5.468596423063138, 'num_boost_rounds': 185}. Best is trial 70 with value: 0.017143.
2025-01-02 13:49:19 INFO     Trial 332 pruned. Trial was pruned at iteration 5.
2025-01-02 13:49:20 INFO     Trial 333 finished with value: 0.017143 and parameters: {'max_delta_step': 68.78552797780704, 'colsample_bytree': 0.509227027008666, 'subsample': 0.8242168711922611, 'min_child_weight': 71.04941461627234, 'min_data_in_leaf': 18.46572659623214, 'lambda': 2.2678705504040373, 'alpha': 0.7793743613817637, 'max_depth': 1, 'eta': 0.18859220934025134, 'gamma': 6.348184742334857, 'num_boost_rounds': 200}. Best is trial 70 with value: 0.017143.
2025-01-02 13:49:20 INFO     Trial 334 pruned. Trial was pruned at iteration 0.
2025-01-02 13:49:21 INFO     Trial 335 pruned. Trial was pruned at iteration 0.
2025-01-02 13:49:21 INFO     Trial 336 pruned. Trial was pruned at iteration 5.
2025-01-02 13:49:22 INFO     Trial 337 finished with value: 0.017088 and parameters: {'max_delta_step': 82.86615277737995, 'colsample_bytree': 0.509430848889418, 'subsample': 0.7249042572865991, 'min_child_weight': 97.93786334920476, 'min_data_in_leaf': 13.800092599289894, 'lambda': 8.979337521046764, 'alpha': 0.9701457619260558, 'max_depth': 1, 'eta': 0.18374316117964135, 'gamma': 3.6209332445760776, 'num_boost_rounds': 185}. Best is trial 70 with value: 0.017143.
2025-01-02 13:49:22 INFO     Trial 338 pruned. Trial was pruned at iteration 0.
2025-01-02 13:49:23 INFO     Trial 339 finished with value: 0.017104 and parameters: {'max_delta_step': 74.17569953200477, 'colsample_bytree': 0.5507162320379891, 'subsample': 0.7033699756084348, 'min_child_weight': 85.77505328178361, 'min_data_in_leaf': 11.264549111012823, 'lambda': 9.628493940792204, 'alpha': 0.71241091647931, 'max_depth': 1, 'eta': 0.18665560605253584, 'gamma': 1.4531553899757774, 'num_boost_rounds': 195}. Best is trial 70 with value: 0.017143.
2025-01-02 13:49:23 INFO     Trial 340 pruned. Trial was pruned at iteration 0.
2025-01-02 13:49:24 INFO     Trial 341 pruned. Trial was pruned at iteration 0.
2025-01-02 13:49:24 INFO     Trial 342 finished with value: 0.017143 and parameters: {'max_delta_step': 54.696558150438506, 'colsample_bytree': 0.5057458756021961, 'subsample': 0.7252170766230926, 'min_child_weight': 60.81225820442069, 'min_data_in_leaf': 19.844070287704895, 'lambda': 9.810449793883246, 'alpha': 0.4931737238852013, 'max_depth': 1, 'eta': 0.19259659883491806, 'gamma': 4.541915316666008, 'num_boost_rounds': 195}. Best is trial 70 with value: 0.017143.
2025-01-02 13:49:25 INFO     Trial 343 pruned. Trial was pruned at iteration 9.
2025-01-02 13:49:25 INFO     Trial 344 finished with value: 0.017137 and parameters: {'max_delta_step': 66.10397956834467, 'colsample_bytree': 0.5157556708305083, 'subsample': 0.6908536879662319, 'min_child_weight': 73.75143792613218, 'min_data_in_leaf': 25.54770156714141, 'lambda': 9.639101531095134, 'alpha': 1.0709673992031612, 'max_depth': 1, 'eta': 0.1937936735148717, 'gamma': 3.830892061965167, 'num_boost_rounds': 190}. Best is trial 70 with value: 0.017143.
2025-01-02 13:49:26 INFO     Trial 345 finished with value: 0.017088 and parameters: {'max_delta_step': 80.64145642366202, 'colsample_bytree': 0.5286414109379721, 'subsample': 0.7110122396588865, 'min_child_weight': 96.87712008599854, 'min_data_in_leaf': 17.927850317255416, 'lambda': 9.447085975462796, 'alpha': 0.7490300666274615, 'max_depth': 1, 'eta': 0.1817743685646, 'gamma': 6.1414195390928805, 'num_boost_rounds': 200}. Best is trial 70 with value: 0.017143.
2025-01-02 13:49:26 INFO     Trial 346 pruned. Trial was pruned at iteration 0.
2025-01-02 13:49:27 INFO     Trial 347 finished with value: 0.017143 and parameters: {'max_delta_step': 52.01873640070171, 'colsample_bytree': 0.5376239812635537, 'subsample': 0.7213181497589233, 'min_child_weight': 76.08701666586818, 'min_data_in_leaf': 19.47855500700608, 'lambda': 9.997708518796719, 'alpha': 0.9350220119644632, 'max_depth': 1, 'eta': 0.19709713335806073, 'gamma': 3.2014833723867073, 'num_boost_rounds': 180}. Best is trial 70 with value: 0.017143.
2025-01-02 13:49:28 INFO     Trial 348 finished with value: 0.017137 and parameters: {'max_delta_step': 57.618415073181644, 'colsample_bytree': 0.5099345891676281, 'subsample': 0.6995931838914496, 'min_child_weight': 93.03024267419732, 'min_data_in_leaf': 18.40718868647982, 'lambda': 9.172602437181906, 'alpha': 1.2795901260932467, 'max_depth': 1, 'eta': 0.19033638623760657, 'gamma': 1.6582272624575518, 'num_boost_rounds': 190}. Best is trial 70 with value: 0.017143.
2025-01-02 13:49:28 INFO     Trial 349 pruned. Trial was pruned at iteration 0.
2025-01-02 13:49:28 INFO     Trial 350 pruned. Trial was pruned at iteration 0.
2025-01-02 13:49:29 INFO     Trial 351 pruned. Trial was pruned at iteration 5.
2025-01-02 13:49:30 INFO     Trial 352 finished with value: 0.017241 and parameters: {'max_delta_step': 83.25417644693691, 'colsample_bytree': 0.5163375944722448, 'subsample': 0.9192857189204251, 'min_child_weight': 70.77906223656466, 'min_data_in_leaf': 18.26875818044179, 'lambda': 8.852957716047836, 'alpha': 0.8572364959648004, 'max_depth': 1, 'eta': 0.19998908398845097, 'gamma': 0.8294407838679568, 'num_boost_rounds': 190}. Best is trial 352 with value: 0.017241.
2025-01-02 13:49:30 INFO     Trial 353 finished with value: 0.017088 and parameters: {'max_delta_step': 87.20013659725512, 'colsample_bytree': 0.5491790180228907, 'subsample': 0.72096517465289, 'min_child_weight': 68.77394020125153, 'min_data_in_leaf': 17.021973312984485, 'lambda': 9.016844495194578, 'alpha': 0.13488644256367055, 'max_depth': 1, 'eta': 0.18370173770507944, 'gamma': 0.7811976502005793, 'num_boost_rounds': 200}. Best is trial 352 with value: 0.017241.
2025-01-02 13:49:31 INFO     Trial 354 pruned. Trial was pruned at iteration 9.
2025-01-02 13:49:31 INFO     Trial 355 pruned. Trial was pruned at iteration 0.
2025-01-02 13:49:32 INFO     Trial 356 pruned. Trial was pruned at iteration 0.
2025-01-02 13:49:32 INFO     Trial 357 pruned. Trial was pruned at iteration 0.
2025-01-02 13:49:33 INFO     Trial 358 pruned. Trial was pruned at iteration 5.
2025-01-02 13:49:33 INFO     Trial 359 finished with value: 0.01711 and parameters: {'max_delta_step': 56.57491519644218, 'colsample_bytree': 0.5346109825974774, 'subsample': 0.710314082474916, 'min_child_weight': 69.93439940460266, 'min_data_in_leaf': 18.051236824370356, 'lambda': 8.86323016021206, 'alpha': 0.5982506324056505, 'max_depth': 1, 'eta': 0.18686888948404806, 'gamma': 1.293613008136495, 'num_boost_rounds': 90}. Best is trial 352 with value: 0.017241.
2025-01-02 13:49:34 INFO     Trial 360 pruned. Trial was pruned at iteration 5.
2025-01-02 13:49:34 INFO     Trial 361 pruned. Trial was pruned at iteration 0.
2025-01-02 13:49:35 INFO     Trial 362 finished with value: 0.017088 and parameters: {'max_delta_step': 53.599433245437694, 'colsample_bytree': 0.5090336557828546, 'subsample': 0.7248867337868595, 'min_child_weight': 69.0633264564947, 'min_data_in_leaf': 18.538637879040685, 'lambda': 9.347963591032048, 'alpha': 0.4330612058694771, 'max_depth': 1, 'eta': 0.1826740812213119, 'gamma': 5.9194216130338875, 'num_boost_rounds': 175}. Best is trial 352 with value: 0.017241.
2025-01-02 13:49:35 INFO     Trial 363 pruned. Trial was pruned at iteration 5.
2025-01-02 13:49:36 INFO     Trial 364 pruned. Trial was pruned at iteration 9.
2025-01-02 13:49:36 INFO     Trial 365 finished with value: 0.017143 and parameters: {'max_delta_step': 72.21460543807937, 'colsample_bytree': 0.5169623994280289, 'subsample': 0.7183725630000969, 'min_child_weight': 83.41710682557871, 'min_data_in_leaf': 14.972387036246145, 'lambda': 4.519812422001673, 'alpha': 1.3802353712756705, 'max_depth': 1, 'eta': 0.19986257262330084, 'gamma': 0.459551316332961, 'num_boost_rounds': 185}. Best is trial 352 with value: 0.017241.
2025-01-02 13:49:37 INFO     Trial 366 finished with value: 0.017137 and parameters: {'max_delta_step': 55.385299306373724, 'colsample_bytree': 0.5356573634359371, 'subsample': 0.7062635668400841, 'min_child_weight': 65.04986826779137, 'min_data_in_leaf': 17.69306949476944, 'lambda': 9.4866066580063, 'alpha': 0.6281137447487369, 'max_depth': 1, 'eta': 0.19004325903947558, 'gamma': 0.29784749946661193, 'num_boost_rounds': 180}. Best is trial 352 with value: 0.017241.
2025-01-02 13:49:38 INFO     Trial 367 finished with value: 0.017143 and parameters: {'max_delta_step': 83.64710679288768, 'colsample_bytree': 0.5003192162217744, 'subsample': 0.8031389368934461, 'min_child_weight': 72.25754213795099, 'min_data_in_leaf': 19.017081628034855, 'lambda': 3.3682715622184745, 'alpha': 0.9520748941764976, 'max_depth': 1, 'eta': 0.19650187893570914, 'gamma': 9.402507105180637, 'num_boost_rounds': 190}. Best is trial 352 with value: 0.017241.
2025-01-02 13:49:38 INFO     Trial 368 pruned. Trial was pruned at iteration 5.
2025-01-02 13:49:39 INFO     Trial 369 pruned. Trial was pruned at iteration 5.
2025-01-02 13:49:39 INFO     Trial 370 finished with value: 0.01711 and parameters: {'max_delta_step': 78.90655810749584, 'colsample_bytree': 0.5419018160309187, 'subsample': 0.7269509262010243, 'min_child_weight': 81.07560691203122, 'min_data_in_leaf': 19.87341607965265, 'lambda': 4.885119972544802, 'alpha': 0.7783545400874234, 'max_depth': 1, 'eta': 0.18589278378211646, 'gamma': 5.671631474404574, 'num_boost_rounds': 200}. Best is trial 352 with value: 0.017241.
2025-01-02 13:49:40 INFO     Trial 371 pruned. Trial was pruned at iteration 5.
2025-01-02 13:49:40 INFO     Trial 372 finished with value: 0.017143 and parameters: {'max_delta_step': 81.89182873317678, 'colsample_bytree': 0.5165575594007752, 'subsample': 0.847870661287961, 'min_child_weight': 78.02503596742986, 'min_data_in_leaf': 18.264804421269567, 'lambda': 5.23265888967266, 'alpha': 1.3443555706155665, 'max_depth': 1, 'eta': 0.19139204842259286, 'gamma': 5.401925336559974, 'num_boost_rounds': 190}. Best is trial 352 with value: 0.017241.
2025-01-02 13:49:41 INFO     Trial 373 finished with value: 0.017137 and parameters: {'max_delta_step': 70.07690370446862, 'colsample_bytree': 0.5265231582681364, 'subsample': 0.6955149736149775, 'min_child_weight': 75.7576953947059, 'min_data_in_leaf': 19.096075691985778, 'lambda': 9.786876564191934, 'alpha': 1.125674783864648, 'max_depth': 1, 'eta': 0.19596310197279632, 'gamma': 6.5999662452930385, 'num_boost_rounds': 155}. Best is trial 352 with value: 0.017241.
2025-01-02 13:49:41 INFO     Trial 374 pruned. Trial was pruned at iteration 0.
2025-01-02 13:49:42 INFO     Trial 375 pruned. Trial was pruned at iteration 0.
2025-01-02 13:49:42 INFO     Trial 376 pruned. Trial was pruned at iteration 5.
2025-01-02 13:49:43 INFO     Trial 377 pruned. Trial was pruned at iteration 0.
2025-01-02 13:49:43 INFO     Trial 378 finished with value: 0.017143 and parameters: {'max_delta_step': 56.443198082731904, 'colsample_bytree': 0.5187186343266298, 'subsample': 0.7288421835273046, 'min_child_weight': 97.85679172922067, 'min_data_in_leaf': 19.68796020505151, 'lambda': 9.365597150780888, 'alpha': 1.0659376511739098, 'max_depth': 1, 'eta': 0.19521715513034213, 'gamma': 4.40604396415716, 'num_boost_rounds': 115}. Best is trial 352 with value: 0.017241.
2025-01-02 13:49:44 INFO     Trial 379 pruned. Trial was pruned at iteration 0.
2025-01-02 13:49:44 INFO     Trial 380 pruned. Trial was pruned at iteration 0.
2025-01-02 13:49:45 INFO     Trial 381 pruned. Trial was pruned at iteration 0.
2025-01-02 13:49:45 INFO     Trial 382 pruned. Trial was pruned at iteration 0.
2025-01-02 13:49:45 INFO     Trial 383 pruned. Trial was pruned at iteration 0.
2025-01-02 13:49:46 INFO     Trial 384 pruned. Trial was pruned at iteration 5.
2025-01-02 13:49:46 INFO     Trial 385 finished with value: 0.017137 and parameters: {'max_delta_step': 58.107074558000896, 'colsample_bytree': 0.5114685909283461, 'subsample': 0.6976992784230587, 'min_child_weight': 81.70433477875929, 'min_data_in_leaf': 18.586274828797453, 'lambda': 9.529441823595148, 'alpha': 0.7581046823251947, 'max_depth': 1, 'eta': 0.19566059242359832, 'gamma': 3.6737211972113046, 'num_boost_rounds': 195}. Best is trial 352 with value: 0.017241.
2025-01-02 13:49:47 INFO     Trial 386 finished with value: 0.017143 and parameters: {'max_delta_step': 62.582325779603366, 'colsample_bytree': 0.5000201715119019, 'subsample': 0.7216603510451798, 'min_child_weight': 98.56650980600791, 'min_data_in_leaf': 18.9251894119164, 'lambda': 8.406335484249162, 'alpha': 1.2657389663457401, 'max_depth': 1, 'eta': 0.18874972714455676, 'gamma': 0.5753829584137015, 'num_boost_rounds': 185}. Best is trial 352 with value: 0.017241.
2025-01-02 13:49:48 INFO     Trial 387 finished with value: 0.017139 and parameters: {'max_delta_step': 81.07554836062228, 'colsample_bytree': 0.5417884277085153, 'subsample': 0.6795586069964528, 'min_child_weight': 96.24995255569836, 'min_data_in_leaf': 18.0201624764928, 'lambda': 9.984210031295015, 'alpha': 1.5374338946006059, 'max_depth': 1, 'eta': 0.19993840169749866, 'gamma': 5.538111677330062, 'num_boost_rounds': 175}. Best is trial 352 with value: 0.017241.
2025-01-02 13:49:48 INFO     Trial 388 pruned. Trial was pruned at iteration 0.
2025-01-02 13:49:49 INFO     Trial 389 pruned. Trial was pruned at iteration 0.
2025-01-02 13:49:49 INFO     Trial 390 pruned. Trial was pruned at iteration 0.
2025-01-02 13:49:49 INFO     Trial 391 pruned. Trial was pruned at iteration 0.
2025-01-02 13:49:50 INFO     Trial 392 pruned. Trial was pruned at iteration 9.
2025-01-02 13:49:51 INFO     Trial 393 finished with value: 0.017137 and parameters: {'max_delta_step': 52.49051762177117, 'colsample_bytree': 0.5696996680546731, 'subsample': 0.706258396450303, 'min_child_weight': 98.39290924826426, 'min_data_in_leaf': 19.76718031711947, 'lambda': 7.513716345848467, 'alpha': 1.3143057199879793, 'max_depth': 1, 'eta': 0.18818434048702928, 'gamma': 6.358039592994036, 'num_boost_rounds': 200}. Best is trial 352 with value: 0.017241.
2025-01-02 13:49:51 INFO     Trial 394 pruned. Trial was pruned at iteration 0.
2025-01-02 13:49:52 INFO     Trial 395 finished with value: 0.017143 and parameters: {'max_delta_step': 56.55537843687463, 'colsample_bytree': 0.5183460758857831, 'subsample': 0.7220309307125602, 'min_child_weight': 79.52476245955006, 'min_data_in_leaf': 18.723531061817155, 'lambda': 1.692131949980149, 'alpha': 0.43750736952786806, 'max_depth': 1, 'eta': 0.1907679211010323, 'gamma': 3.9450276095233456, 'num_boost_rounds': 195}. Best is trial 352 with value: 0.017241.
2025-01-02 13:49:52 INFO     Trial 396 finished with value: 0.017143 and parameters: {'max_delta_step': 63.870429923762536, 'colsample_bytree': 0.5322261491508401, 'subsample': 0.711436959134459, 'min_child_weight': 86.01695291640362, 'min_data_in_leaf': 19.013266282371276, 'lambda': 9.675870287124646, 'alpha': 1.1459018281683508, 'max_depth': 1, 'eta': 0.19990296158424875, 'gamma': 1.6081228619648757, 'num_boost_rounds': 185}. Best is trial 352 with value: 0.017241.
2025-01-02 13:49:53 INFO     Trial 397 pruned. Trial was pruned at iteration 9.
2025-01-02 13:49:53 INFO     Trial 398 finished with value: 0.017137 and parameters: {'max_delta_step': 54.72550310941703, 'colsample_bytree': 0.5120452711217013, 'subsample': 0.6993300561706071, 'min_child_weight': 99.89046301624496, 'min_data_in_leaf': 19.41518662849803, 'lambda': 9.823251624259976, 'alpha': 1.648684767154748, 'max_depth': 1, 'eta': 0.1957011770803737, 'gamma': 3.7518807270972796, 'num_boost_rounds': 190}. Best is trial 352 with value: 0.017241.
2025-01-02 13:49:54 INFO     Trial 399 pruned. Trial was pruned at iteration 5.
2025-01-02 13:49:54 INFO     Trial 400 pruned. Trial was pruned at iteration 0.
2025-01-02 13:49:55 INFO     Trial 401 pruned. Trial was pruned at iteration 5.
2025-01-02 13:49:56 INFO     Trial 402 finished with value: 0.017139 and parameters: {'max_delta_step': 72.82676934248718, 'colsample_bytree': 0.5183425132174369, 'subsample': 0.69004616550252, 'min_child_weight': 94.30714337503437, 'min_data_in_leaf': 18.459978366546476, 'lambda': 8.587894265748277, 'alpha': 0.9550825902012762, 'max_depth': 1, 'eta': 0.19530984756122907, 'gamma': 1.2690678946031209, 'num_boost_rounds': 200}. Best is trial 352 with value: 0.017241.
2025-01-02 13:49:56 INFO     Trial 403 pruned. Trial was pruned at iteration 0.
2025-01-02 13:49:57 INFO     Trial 404 finished with value: 0.017143 and parameters: {'max_delta_step': 85.13740209211706, 'colsample_bytree': 0.5530630257624769, 'subsample': 0.7100672136367698, 'min_child_weight': 72.2356722677261, 'min_data_in_leaf': 16.81812799200113, 'lambda': 9.647010690170323, 'alpha': 0.6939734374519434, 'max_depth': 1, 'eta': 0.1926170723833339, 'gamma': 3.3372635903489396, 'num_boost_rounds': 185}. Best is trial 352 with value: 0.017241.
2025-01-02 13:49:57 INFO     Trial 405 finished with value: 0.017143 and parameters: {'max_delta_step': 58.47324979608462, 'colsample_bytree': 0.5363198704027135, 'subsample': 0.7277632265633454, 'min_child_weight': 75.35019647293188, 'min_data_in_leaf': 10.728952784800345, 'lambda': 9.274633056949693, 'alpha': 1.2171182468105255, 'max_depth': 1, 'eta': 0.19701763445488926, 'gamma': 6.50816430597926, 'num_boost_rounds': 190}. Best is trial 352 with value: 0.017241.
2025-01-02 13:49:58 INFO     Trial 406 pruned. Trial was pruned at iteration 5.
2025-01-02 13:49:58 INFO     Trial 407 pruned. Trial was pruned at iteration 9.
2025-01-02 13:49:59 INFO     Trial 408 pruned. Trial was pruned at iteration 0.
2025-01-02 13:49:59 INFO     Trial 409 finished with value: 0.017137 and parameters: {'max_delta_step': 78.6687449292758, 'colsample_bytree': 0.5107626094785062, 'subsample': 0.7024078545101395, 'min_child_weight': 79.69570000533885, 'min_data_in_leaf': 13.913014867932695, 'lambda': 9.827520810516116, 'alpha': 0.5559114373416325, 'max_depth': 1, 'eta': 0.19660120842960016, 'gamma': 4.218082994345204, 'num_boost_rounds': 195}. Best is trial 352 with value: 0.017241.
2025-01-02 13:50:00 INFO     Trial 410 pruned. Trial was pruned at iteration 5.
2025-01-02 13:50:00 INFO     Trial 411 pruned. Trial was pruned at iteration 0.
2025-01-02 13:50:01 INFO     Trial 412 pruned. Trial was pruned at iteration 0.
2025-01-02 13:50:01 INFO     Trial 413 pruned. Trial was pruned at iteration 0.
2025-01-02 13:50:02 INFO     Trial 414 finished with value: 0.017143 and parameters: {'max_delta_step': 68.49118857317568, 'colsample_bytree': 0.5266732929184016, 'subsample': 0.8814322405305692, 'min_child_weight': 98.13243412993661, 'min_data_in_leaf': 12.516063685823617, 'lambda': 9.991330998620892, 'alpha': 0.7761695667636014, 'max_depth': 1, 'eta': 0.1871025784848641, 'gamma': 5.108912692868482, 'num_boost_rounds': 200}. Best is trial 352 with value: 0.017241.
2025-01-02 13:50:02 INFO     Trial 415 pruned. Trial was pruned at iteration 0.
