2025-01-02 13:09:57 INFO     Trial 222 finished with value: 0.017088 and parameters: {'max_delta_step': 25.74091323347094, 'colsample_bytree': 0.5713297242833829, 'colsample_bynode': 0.26123398128167463, 'subsample': 0.9097079023593483, 'min_child_weight': 71.94851937143615, 'min_data_in_leaf': 17.22972237819601, 'lambda': 4.124201798174373, 'alpha': 7.7011564692899315, 'max_depth': 1, 'eta': 0.19391114021198141, 'gamma': 7.603112332327244, 'num_boost_rounds': 175}. Best is trial 186 with value: 0.017241.
2025-01-02 13:09:58 INFO     Trial 223 pruned. Trial was pruned at iteration 0.
2025-01-02 13:09:58 INFO     Trial 224 pruned. Trial was pruned at iteration 9.
2025-01-02 13:09:59 INFO     n_estimators: 10
2025-01-02 13:09:59 INFO     Trial 225 finished with value: 0.017241 and parameters: {'max_delta_step': 21.45249657864277, 'colsample_bytree': 0.5565863277511421, 'colsample_bynode': 0.37252817333844834, 'subsample': 0.887803585909434, 'min_child_weight': 63.53193356821934, 'min_data_in_leaf': 18.29148597642123, 'lambda': 3.5432608506260967, 'alpha': 7.49925668441208, 'max_depth': 1, 'eta': 0.19970354968992993, 'gamma': 6.924943753828559, 'num_boost_rounds': 175}. Best is trial 186 with value: 0.017241.
2025-01-02 13:10:00 INFO     n_estimators: 10
2025-01-02 13:10:00 INFO     Trial 226 finished with value: 0.017143 and parameters: {'max_delta_step': 20.995695226833167, 'colsample_bytree': 0.550731503051137, 'colsample_bynode': 0.3832181901438949, 'subsample': 0.8816015674118324, 'min_child_weight': 77.17209781704742, 'min_data_in_leaf': 18.41046971468132, 'lambda': 3.3914374185647973, 'alpha': 7.313342218552492, 'max_depth': 1, 'eta': 0.19685727784754725, 'gamma': 8.514421464230763, 'num_boost_rounds': 180}. Best is trial 186 with value: 0.017241.
2025-01-02 13:10:00 INFO     n_estimators: 10
2025-01-02 13:10:00 INFO     Trial 227 finished with value: 0.017241 and parameters: {'max_delta_step': 20.139650549040088, 'colsample_bytree': 0.5397358953825789, 'colsample_bynode': 0.3873240830138004, 'subsample': 0.8864953855327276, 'min_child_weight': 82.18390705294198, 'min_data_in_leaf': 19.1962327916558, 'lambda': 3.3330239119117984, 'alpha': 9.32256420062187, 'max_depth': 1, 'eta': 0.19913885795282943, 'gamma': 8.550747578759141, 'num_boost_rounds': 180}. Best is trial 186 with value: 0.017241.
2025-01-02 13:10:01 INFO     n_estimators: 10
2025-01-02 13:10:01 INFO     Trial 228 finished with value: 0.017241 and parameters: {'max_delta_step': 19.67193658575901, 'colsample_bytree': 0.5421629726243996, 'colsample_bynode': 0.4056934197086794, 'subsample': 0.892404434556885, 'min_child_weight': 77.08113072753945, 'min_data_in_leaf': 19.06296402621036, 'lambda': 3.3095066804572717, 'alpha': 7.449696748698217, 'max_depth': 1, 'eta': 0.19948072546163062, 'gamma': 8.573820869156961, 'num_boost_rounds': 185}. Best is trial 186 with value: 0.017241.
2025-01-02 13:10:02 INFO     n_estimators: 10
2025-01-02 13:10:02 INFO     Trial 229 finished with value: 0.017241 and parameters: {'max_delta_step': 19.647103933733067, 'colsample_bytree': 0.5406990939270666, 'colsample_bynode': 0.4123743552386116, 'subsample': 0.882251182601528, 'min_child_weight': 86.4424600541565, 'min_data_in_leaf': 19.103146185247557, 'lambda': 3.1829453097089564, 'alpha': 7.412360949621489, 'max_depth': 1, 'eta': 0.199090522157597, 'gamma': 8.640168539938353, 'num_boost_rounds': 185}. Best is trial 186 with value: 0.017241.
2025-01-02 13:10:02 INFO     n_estimators: 10
2025-01-02 13:10:02 INFO     Trial 230 finished with value: 0.017143 and parameters: {'max_delta_step': 19.35492180851108, 'colsample_bytree': 0.5434165313372966, 'colsample_bynode': 0.4098529227667793, 'subsample': 0.8731022183760028, 'min_child_weight': 87.16530369293582, 'min_data_in_leaf': 19.119708279269293, 'lambda': 3.1395399045027204, 'alpha': 7.4160941993002645, 'max_depth': 1, 'eta': 0.19888974165987705, 'gamma': 8.559285309489248, 'num_boost_rounds': 185}. Best is trial 186 with value: 0.017241.
2025-01-02 13:10:03 INFO     n_estimators: 10
2025-01-02 13:10:03 INFO     Trial 231 finished with value: 0.017241 and parameters: {'max_delta_step': 19.75747323911312, 'colsample_bytree': 0.540847282633659, 'colsample_bynode': 0.4323088748959149, 'subsample': 0.8815009923215363, 'min_child_weight': 87.95858101730137, 'min_data_in_leaf': 19.003379277547864, 'lambda': 3.1445343345695185, 'alpha': 7.401118631225282, 'max_depth': 1, 'eta': 0.19971031348051752, 'gamma': 8.481179252394526, 'num_boost_rounds': 185}. Best is trial 186 with value: 0.017241.
2025-01-02 13:10:03 INFO     n_estimators: 10
2025-01-02 13:10:03 INFO     Trial 232 finished with value: 0.017241 and parameters: {'max_delta_step': 19.696467797759027, 'colsample_bytree': 0.546244485589529, 'colsample_bynode': 0.4248782012680471, 'subsample': 0.8799567477623977, 'min_child_weight': 86.4757362138133, 'min_data_in_leaf': 19.21723976790611, 'lambda': 2.994117200460728, 'alpha': 7.380384490257847, 'max_depth': 1, 'eta': 0.1992142506107353, 'gamma': 8.580302586080224, 'num_boost_rounds': 185}. Best is trial 186 with value: 0.017241.
2025-01-02 13:10:04 INFO     n_estimators: 10
2025-01-02 13:10:04 INFO     Trial 233 finished with value: 0.017241 and parameters: {'max_delta_step': 18.568471971019914, 'colsample_bytree': 0.5384851439183985, 'colsample_bynode': 0.43246689784983455, 'subsample': 0.88017601566586, 'min_child_weight': 90.65339034182679, 'min_data_in_leaf': 19.20838972615614, 'lambda': 3.089373844289102, 'alpha': 9.397137266980085, 'max_depth': 1, 'eta': 0.19996915341889282, 'gamma': 8.588900959600242, 'num_boost_rounds': 185}. Best is trial 186 with value: 0.017241.
2025-01-02 13:10:05 INFO     n_estimators: 10
2025-01-02 13:10:05 INFO     Trial 234 finished with value: 0.017241 and parameters: {'max_delta_step': 18.426675605239097, 'colsample_bytree': 0.5392544514411194, 'colsample_bynode': 0.42502239343046166, 'subsample': 0.8794843142796407, 'min_child_weight': 85.87166161577863, 'min_data_in_leaf': 19.172868540273292, 'lambda': 3.004250177967479, 'alpha': 7.274507848013804, 'max_depth': 1, 'eta': 0.1999596494647935, 'gamma': 8.619752142076852, 'num_boost_rounds': 185}. Best is trial 186 with value: 0.017241.
2025-01-02 13:10:06 INFO     n_estimators: 10
2025-01-02 13:10:06 INFO     Trial 235 finished with value: 0.017241 and parameters: {'max_delta_step': 18.954992733029446, 'colsample_bytree': 0.5416390235593231, 'colsample_bynode': 0.4320701264746422, 'subsample': 0.8809989288657837, 'min_child_weight': 89.20463617301891, 'min_data_in_leaf': 19.1123541456644, 'lambda': 3.126574121514997, 'alpha': 7.3953402569944435, 'max_depth': 1, 'eta': 0.19979498246604185, 'gamma': 8.62282733090378, 'num_boost_rounds': 185}. Best is trial 186 with value: 0.017241.
2025-01-02 13:10:06 INFO     n_estimators: 10
2025-01-02 13:10:06 INFO     Trial 236 finished with value: 0.017241 and parameters: {'max_delta_step': 18.296050470298475, 'colsample_bytree': 0.5342325535635544, 'colsample_bynode': 0.4352566222616763, 'subsample': 0.8755274239059517, 'min_child_weight': 91.09875428290113, 'min_data_in_leaf': 19.15065104285915, 'lambda': 3.1462058752566486, 'alpha': 7.416302437754355, 'max_depth': 1, 'eta': 0.19995297660855035, 'gamma': 8.636392354723924, 'num_boost_rounds': 185}. Best is trial 186 with value: 0.017241.
2025-01-02 13:10:07 INFO     n_estimators: 10
2025-01-02 13:10:07 INFO     Trial 237 finished with value: 0.017241 and parameters: {'max_delta_step': 18.490709753535747, 'colsample_bytree': 0.5374922911352779, 'colsample_bynode': 0.43031603462598683, 'subsample': 0.8799410777106349, 'min_child_weight': 91.27506087178217, 'min_data_in_leaf': 19.196627176622513, 'lambda': 3.1054466471615547, 'alpha': 7.45435073010237, 'max_depth': 1, 'eta': 0.19998440135235226, 'gamma': 8.54569299185303, 'num_boost_rounds': 185}. Best is trial 186 with value: 0.017241.
2025-01-02 13:10:07 INFO     n_estimators: 10
2025-01-02 13:10:08 INFO     Trial 238 finished with value: 0.017143 and parameters: {'max_delta_step': 19.231071683999748, 'colsample_bytree': 0.5375190795535872, 'colsample_bynode': 0.4311816872383635, 'subsample': 0.8787502886058516, 'min_child_weight': 91.21801225337579, 'min_data_in_leaf': 19.170866153136885, 'lambda': 3.08728220491058, 'alpha': 7.42639637297913, 'max_depth': 1, 'eta': 0.19916058596299277, 'gamma': 8.612370266783726, 'num_boost_rounds': 185}. Best is trial 186 with value: 0.017241.
2025-01-02 13:10:08 INFO     n_estimators: 10
2025-01-02 13:10:08 INFO     Trial 239 finished with value: 0.017143 and parameters: {'max_delta_step': 18.059634782983427, 'colsample_bytree': 0.5346354910486311, 'colsample_bynode': 0.4233114100827771, 'subsample': 0.8782187504582633, 'min_child_weight': 92.26694204804501, 'min_data_in_leaf': 19.176217336959315, 'lambda': 3.082297257704314, 'alpha': 7.436608023631194, 'max_depth': 1, 'eta': 0.1985590666188146, 'gamma': 8.59102668531814, 'num_boost_rounds': 185}. Best is trial 186 with value: 0.017241.
2025-01-02 13:10:09 INFO     n_estimators: 10
2025-01-02 13:10:09 INFO     Trial 240 finished with value: 0.017143 and parameters: {'max_delta_step': 17.66937561146555, 'colsample_bytree': 0.537592978814472, 'colsample_bynode': 0.4297070702333207, 'subsample': 0.8771787684546237, 'min_child_weight': 91.4904982085022, 'min_data_in_leaf': 20.29241593090988, 'lambda': 3.0570765984981723, 'alpha': 7.439401421117415, 'max_depth': 1, 'eta': 0.1996855174994418, 'gamma': 8.628183256076825, 'num_boost_rounds': 185}. Best is trial 186 with value: 0.017241.
2025-01-02 13:10:09 INFO     n_estimators: 10
2025-01-02 13:10:09 INFO     Trial 241 finished with value: 0.017143 and parameters: {'max_delta_step': 18.622857624563384, 'colsample_bytree': 0.5398147253761656, 'colsample_bynode': 0.43008768902502953, 'subsample': 0.8777214457803424, 'min_child_weight': 92.30813042364841, 'min_data_in_leaf': 20.169460727716746, 'lambda': 3.122044886994918, 'alpha': 7.328658396311566, 'max_depth': 1, 'eta': 0.1999214288280433, 'gamma': 8.665397653166867, 'num_boost_rounds': 185}. Best is trial 186 with value: 0.017241.
2025-01-02 13:10:10 INFO     n_estimators: 10
2025-01-02 13:10:10 INFO     Trial 242 finished with value: 0.017241 and parameters: {'max_delta_step': 17.95371349017326, 'colsample_bytree': 0.5402785446280234, 'colsample_bynode': 0.4276120839602734, 'subsample': 0.8797479905863398, 'min_child_weight': 91.37004191286462, 'min_data_in_leaf': 20.33369190063979, 'lambda': 3.0351506047922805, 'alpha': 7.518481122525386, 'max_depth': 1, 'eta': 0.1993068765313995, 'gamma': 8.622014982625645, 'num_boost_rounds': 185}. Best is trial 186 with value: 0.017241.
2025-01-02 13:10:11 INFO     n_estimators: 10
2025-01-02 13:10:11 INFO     Trial 243 finished with value: 0.017143 and parameters: {'max_delta_step': 18.417622483339336, 'colsample_bytree': 0.5367766666189673, 'colsample_bynode': 0.4277938543157637, 'subsample': 0.8780111248129105, 'min_child_weight': 91.93462737985672, 'min_data_in_leaf': 20.420766999802904, 'lambda': 3.0902171799925084, 'alpha': 7.41703184632609, 'max_depth': 1, 'eta': 0.199810771915382, 'gamma': 8.658365555044776, 'num_boost_rounds': 185}. Best is trial 186 with value: 0.017241.
2025-01-02 13:10:11 INFO     n_estimators: 10
2025-01-02 13:10:11 INFO     Trial 244 finished with value: 0.017241 and parameters: {'max_delta_step': 18.00610374641165, 'colsample_bytree': 0.538497279994274, 'colsample_bynode': 0.4297426300416934, 'subsample': 0.8785203759095472, 'min_child_weight': 91.44240073948436, 'min_data_in_leaf': 21.4425742049103, 'lambda': 3.0382830700509684, 'alpha': 7.423586869047628, 'max_depth': 1, 'eta': 0.199993989852471, 'gamma': 8.60634125961385, 'num_boost_rounds': 185}. Best is trial 186 with value: 0.017241.
2025-01-02 13:10:12 INFO     n_estimators: 10
2025-01-02 13:10:12 INFO     Trial 245 finished with value: 0.017241 and parameters: {'max_delta_step': 17.61161125508302, 'colsample_bytree': 0.5358465875727082, 'colsample_bynode': 0.43012771330098903, 'subsample': 0.8772403330710745, 'min_child_weight': 91.87038558368124, 'min_data_in_leaf': 21.249752077185992, 'lambda': 3.090533424199802, 'alpha': 7.335145689950493, 'max_depth': 1, 'eta': 0.1999865222517422, 'gamma': 8.642113045262574, 'num_boost_rounds': 190}. Best is trial 186 with value: 0.017241.
2025-01-02 13:10:13 INFO     n_estimators: 10
2025-01-02 13:10:13 INFO     Trial 246 finished with value: 0.017143 and parameters: {'max_delta_step': 18.125536169151975, 'colsample_bytree': 0.5369868781839385, 'colsample_bynode': 0.4198780431359568, 'subsample': 0.8773591790107966, 'min_child_weight': 91.78296338560061, 'min_data_in_leaf': 21.36897048507754, 'lambda': 3.0761118751582415, 'alpha': 7.43026663461785, 'max_depth': 1, 'eta': 0.1996152548924849, 'gamma': 8.590644926046771, 'num_boost_rounds': 190}. Best is trial 186 with value: 0.017241.
2025-01-02 13:10:13 INFO     n_estimators: 10
2025-01-02 13:10:13 INFO     Trial 247 finished with value: 0.017143 and parameters: {'max_delta_step': 17.622692998372653, 'colsample_bytree': 0.5362989775959106, 'colsample_bynode': 0.43406866239756964, 'subsample': 0.8785941821155178, 'min_child_weight': 92.36451941948248, 'min_data_in_leaf': 21.491514393711302, 'lambda': 3.0944475577015953, 'alpha': 7.398075973852248, 'max_depth': 1, 'eta': 0.1991003793559199, 'gamma': 8.65080891685967, 'num_boost_rounds': 190}. Best is trial 186 with value: 0.017241.
2025-01-02 13:10:14 INFO     n_estimators: 10
2025-01-02 13:10:14 INFO     Trial 248 finished with value: 0.017241 and parameters: {'max_delta_step': 18.61569136846398, 'colsample_bytree': 0.5368739871815421, 'colsample_bynode': 0.428101988596503, 'subsample': 0.8748300097222633, 'min_child_weight': 89.18533108017749, 'min_data_in_leaf': 20.73380616193431, 'lambda': 2.9614057607616906, 'alpha': 7.340069568874998, 'max_depth': 1, 'eta': 0.19997232787733024, 'gamma': 8.66585802915623, 'num_boost_rounds': 190}. Best is trial 186 with value: 0.017241.
2025-01-02 13:10:15 INFO     n_estimators: 10
2025-01-02 13:10:15 INFO     Trial 249 finished with value: 0.017241 and parameters: {'max_delta_step': 17.88107131533203, 'colsample_bytree': 0.5365038204954299, 'colsample_bynode': 0.4299921148749604, 'subsample': 0.8744003988682048, 'min_child_weight': 87.10959396340664, 'min_data_in_leaf': 20.901432768319083, 'lambda': 2.9070709606100027, 'alpha': 7.275188236416897, 'max_depth': 1, 'eta': 0.1992232373879631, 'gamma': 8.554691576853543, 'num_boost_rounds': 185}. Best is trial 186 with value: 0.017241.
2025-01-02 13:10:15 INFO     n_estimators: 10
2025-01-02 13:10:15 INFO     Trial 250 finished with value: 0.017241 and parameters: {'max_delta_step': 17.702295843577737, 'colsample_bytree': 0.5402797123482043, 'colsample_bynode': 0.4401747974113608, 'subsample': 0.8730140223399036, 'min_child_weight': 87.23031429884846, 'min_data_in_leaf': 20.04771487323992, 'lambda': 2.889644254557921, 'alpha': 7.23758832553305, 'max_depth': 1, 'eta': 0.19998166896751618, 'gamma': 8.557141285508173, 'num_boost_rounds': 190}. Best is trial 186 with value: 0.017241.
2025-01-02 13:10:16 INFO     n_estimators: 10
2025-01-02 13:10:16 INFO     Trial 251 finished with value: 0.017208 and parameters: {'max_delta_step': 17.472183738061677, 'colsample_bytree': 0.5323795815792706, 'colsample_bynode': 0.44199331699378214, 'subsample': 0.8731454846919321, 'min_child_weight': 87.11810479724204, 'min_data_in_leaf': 21.107531606642688, 'lambda': 2.8924637697475046, 'alpha': 7.251926637875784, 'max_depth': 1, 'eta': 0.1985773506438851, 'gamma': 8.51955326726625, 'num_boost_rounds': 190}. Best is trial 186 with value: 0.017241.
2025-01-02 13:10:17 INFO     n_estimators: 10
2025-01-02 13:10:17 INFO     Trial 252 finished with value: 0.017143 and parameters: {'max_delta_step': 19.815425364289638, 'colsample_bytree': 0.530450306015376, 'colsample_bynode': 0.40984719797068137, 'subsample': 0.8683713991144261, 'min_child_weight': 87.1841306897289, 'min_data_in_leaf': 21.018665659781977, 'lambda': 2.8204757585395352, 'alpha': 7.190928638539843, 'max_depth': 1, 'eta': 0.19980011103103582, 'gamma': 8.500521361688435, 'num_boost_rounds': 190}. Best is trial 186 with value: 0.017241.
2025-01-02 13:10:17 INFO     n_estimators: 10
2025-01-02 13:10:17 INFO     Trial 253 finished with value: 0.017143 and parameters: {'max_delta_step': 16.949282605125582, 'colsample_bytree': 0.5414922908071237, 'colsample_bynode': 0.4142716218813928, 'subsample': 0.8575210768257931, 'min_child_weight': 89.01392766902762, 'min_data_in_leaf': 21.867377329656453, 'lambda': 2.8905839255399868, 'alpha': 7.582791525648498, 'max_depth': 1, 'eta': 0.19968588718483243, 'gamma': 8.494631152171115, 'num_boost_rounds': 190}. Best is trial 186 with value: 0.017241.
2025-01-02 13:10:18 INFO     n_estimators: 10
2025-01-02 13:10:18 INFO     Trial 254 finished with value: 0.017088 and parameters: {'max_delta_step': 19.351398531682637, 'colsample_bytree': 0.5315987112353585, 'colsample_bynode': 0.44328363100709045, 'subsample': 0.8835870842786013, 'min_child_weight': 95.8695615544742, 'min_data_in_leaf': 20.88911903273488, 'lambda': 3.307442330927491, 'alpha': 7.207761719171422, 'max_depth': 1, 'eta': 0.19702117150216036, 'gamma': 8.762549653864363, 'num_boost_rounds': 190}. Best is trial 186 with value: 0.017241.
2025-01-02 13:10:19 INFO     n_estimators: 10
2025-01-02 13:10:19 INFO     Trial 255 finished with value: 0.017241 and parameters: {'max_delta_step': 17.875398743632868, 'colsample_bytree': 0.5435596430607795, 'colsample_bynode': 0.4464132978430876, 'subsample': 0.872654576987909, 'min_child_weight': 84.17395966833479, 'min_data_in_leaf': 22.04744077660897, 'lambda': 2.954692717741638, 'alpha': 7.586147701393647, 'max_depth': 1, 'eta': 0.19982934131044028, 'gamma': 8.502725483202202, 'num_boost_rounds': 185}. Best is trial 186 with value: 0.017241.
2025-01-02 13:10:19 INFO     n_estimators: 10
2025-01-02 13:10:19 INFO     Trial 256 finished with value: 0.017143 and parameters: {'max_delta_step': 16.963847468931075, 'colsample_bytree': 0.5451118271548508, 'colsample_bynode': 0.4500901138284149, 'subsample': 0.8706423765693632, 'min_child_weight': 85.4619231131047, 'min_data_in_leaf': 22.016537164672073, 'lambda': 2.9438581494880713, 'alpha': 7.616848200998162, 'max_depth': 1, 'eta': 0.1999616139302827, 'gamma': 8.47174229193718, 'num_boost_rounds': 185}. Best is trial 186 with value: 0.017241.
2025-01-02 13:10:20 INFO     n_estimators: 10
2025-01-02 13:10:20 INFO     Trial 257 finished with value: 0.017143 and parameters: {'max_delta_step': 19.72732682214766, 'colsample_bytree': 0.528037300104847, 'colsample_bynode': 0.44296989829769023, 'subsample': 0.8555103715033573, 'min_child_weight': 83.11253522096068, 'min_data_in_leaf': 22.441351275265948, 'lambda': 3.306012292206441, 'alpha': 7.239510125584048, 'max_depth': 1, 'eta': 0.19667679929766066, 'gamma': 8.77905025053145, 'num_boost_rounds': 190}. Best is trial 186 with value: 0.017241.
2025-01-02 13:10:20 INFO     n_estimators: 10
2025-01-02 13:10:20 INFO     Trial 258 finished with value: 0.017143 and parameters: {'max_delta_step': 14.881558742716022, 'colsample_bytree': 0.545333317080291, 'colsample_bynode': 0.40542567997232026, 'subsample': 0.8702277212706999, 'min_child_weight': 88.3527462257482, 'min_data_in_leaf': 21.1919862389614, 'lambda': 2.8693115410622525, 'alpha': 7.646274215797987, 'max_depth': 1, 'eta': 0.19676091022056708, 'gamma': 8.450944677743571, 'num_boost_rounds': 190}. Best is trial 186 with value: 0.017241.
2025-01-02 13:10:21 INFO     n_estimators: 10
2025-01-02 13:10:21 INFO     Trial 259 finished with value: 0.017088 and parameters: {'max_delta_step': 20.312154854200283, 'colsample_bytree': 0.5386117645224401, 'colsample_bynode': 0.41840913427675636, 'subsample': 0.8847608327281189, 'min_child_weight': 95.63166036384459, 'min_data_in_leaf': 19.701105950993497, 'lambda': 3.227559708566719, 'alpha': 7.248071023322895, 'max_depth': 1, 'eta': 0.19630075194514598, 'gamma': 6.8521285425021174, 'num_boost_rounds': 185}. Best is trial 186 with value: 0.017241.
2025-01-02 13:10:22 INFO     n_estimators: 10
2025-01-02 13:10:22 INFO     Trial 260 finished with value: 0.017143 and parameters: {'max_delta_step': 17.40091243998458, 'colsample_bytree': 0.5282255389218702, 'colsample_bynode': 0.44104286204522697, 'subsample': 0.871979565362899, 'min_child_weight': 84.88043567296484, 'min_data_in_leaf': 19.825253018606933, 'lambda': 2.7629737656703646, 'alpha': 7.573484933211518, 'max_depth': 1, 'eta': 0.19982569559612418, 'gamma': 8.764052472324854, 'num_boost_rounds': 185}. Best is trial 186 with value: 0.017241.
2025-01-02 13:10:23 INFO     n_estimators: 10
2025-01-02 13:10:23 INFO     Trial 261 finished with value: 0.017088 and parameters: {'max_delta_step': 20.536573372051173, 'colsample_bytree': 0.547096182949073, 'colsample_bynode': 0.4328968423028785, 'subsample': 0.8832331115008945, 'min_child_weight': 89.02434654321095, 'min_data_in_leaf': 20.663395000729246, 'lambda': 3.2164029101234437, 'alpha': 7.0622951746502665, 'max_depth': 1, 'eta': 0.19656866270081552, 'gamma': 8.480409755900206, 'num_boost_rounds': 185}. Best is trial 186 with value: 0.017241.
2025-01-02 13:10:23 INFO     n_estimators: 10
2025-01-02 13:10:23 INFO     Trial 262 finished with value: 0.017088 and parameters: {'max_delta_step': 15.000053431826732, 'colsample_bytree': 0.5442487034265, 'colsample_bynode': 0.4070870957118064, 'subsample': 0.851991199290311, 'min_child_weight': 86.63878176245358, 'min_data_in_leaf': 20.02018167550869, 'lambda': 2.9543471719627012, 'alpha': 7.330103518912034, 'max_depth': 1, 'eta': 0.19672643735680184, 'gamma': 8.7716953617235, 'num_boost_rounds': 190}. Best is trial 186 with value: 0.017241.
2025-01-02 13:10:24 INFO     n_estimators: 10
