2025-01-02 13:46:37 INFO     Trial 25 finished with value: 0.016995 and parameters: {'max_delta_step': 24.765570497189536, 'colsample_bytree': 0.807324048642237, 'subsample': 0.9036267941515412, 'min_child_weight': 56.42633721740891, 'min_data_in_leaf': 26.648585623248323, 'lambda': 3.6095124113149946, 'alpha': 6.256317034419875, 'max_depth': 1, 'eta': 0.01606976263535853, 'gamma': 7.422603816437746, 'num_boost_rounds': 160}. Best is trial 3 with value: 0.016995.
2025-01-02 13:46:37 INFO     Trial 26 pruned. Trial was pruned at iteration 0.
2025-01-02 13:46:38 INFO     Trial 27 finished with value: 0.016995 and parameters: {'max_delta_step': 85.0752137345513, 'colsample_bytree': 0.7493777697110798, 'subsample': 0.9504601221793725, 'min_child_weight': 35.78588016066471, 'min_data_in_leaf': 18.951845815734533, 'lambda': 6.333147304973895, 'alpha': 5.753125281768581, 'max_depth': 1, 'eta': 0.053094575551902355, 'gamma': 0.7494590282264557, 'num_boost_rounds': 125}. Best is trial 3 with value: 0.016995.
2025-01-02 13:46:38 INFO     Trial 28 pruned. Trial was pruned at iteration 0.
2025-01-02 13:46:38 INFO     Trial 29 pruned. Trial was pruned at iteration 0.
2025-01-02 13:46:39 INFO     Trial 30 finished with value: 0.016995 and parameters: {'max_delta_step': 62.66016530715138, 'colsample_bytree': 0.6590475434479577, 'subsample': 0.9298503111515987, 'min_child_weight': 73.32758525104634, 'min_data_in_leaf': 27.804394657291976, 'lambda': 8.672343805592073, 'alpha': 1.8264222269756982, 'max_depth': 1, 'eta': 0.02437971450619334, 'gamma': 4.320487549893472, 'num_boost_rounds': 105}. Best is trial 3 with value: 0.016995.
2025-01-02 13:46:40 INFO     Trial 31 finished with value: 0.016995 and parameters: {'max_delta_step': 1.3115067757102494, 'colsample_bytree': 0.6548575948993807, 'subsample': 0.5908376009670953, 'min_child_weight': 1.3012998590057343, 'min_data_in_leaf': 25.522217103848728, 'lambda': 4.124257638281019, 'alpha': 5.772911545063923, 'max_depth': 1, 'eta': 0.013350798351047181, 'gamma': 1.0567484982016841, 'num_boost_rounds': 50}. Best is trial 3 with value: 0.016995.
2025-01-02 13:46:40 INFO     Trial 32 finished with value: 0.016995 and parameters: {'max_delta_step': 14.641227692559703, 'colsample_bytree': 0.5447205629709446, 'subsample': 0.5419982917044711, 'min_child_weight': 3.4073860864817673, 'min_data_in_leaf': 23.769222006615472, 'lambda': 4.883056796010844, 'alpha': 4.1125190489563135, 'max_depth': 1, 'eta': 0.03569921586899116, 'gamma': 1.29956256578677, 'num_boost_rounds': 20}. Best is trial 3 with value: 0.016995.
2025-01-02 13:46:41 INFO     Trial 33 finished with value: 0.016995 and parameters: {'max_delta_step': 28.493589733314302, 'colsample_bytree': 0.6168098013948867, 'subsample': 0.6055153804244205, 'min_child_weight': 9.393074775993993, 'min_data_in_leaf': 26.66455477461069, 'lambda': 1.733123983997475, 'alpha': 4.596965636160353, 'max_depth': 1, 'eta': 0.015896675778751413, 'gamma': 2.763726896158073, 'num_boost_rounds': 40}. Best is trial 3 with value: 0.016995.
2025-01-02 13:46:41 INFO     Trial 34 finished with value: 0.016995 and parameters: {'max_delta_step': 18.96066295558826, 'colsample_bytree': 0.6898214343748919, 'subsample': 0.509132802944311, 'min_child_weight': 20.787544628340548, 'min_data_in_leaf': 28.799965022497993, 'lambda': 5.175168402934586, 'alpha': 5.5223494685893515, 'max_depth': 1, 'eta': 0.048683887819823204, 'gamma': 0.5890567535484339, 'num_boost_rounds': 60}. Best is trial 3 with value: 0.016995.
2025-01-02 13:46:42 INFO     Trial 35 pruned. Trial was pruned at iteration 0.
2025-01-02 13:46:42 INFO     Trial 36 finished with value: 0.016995 and parameters: {'max_delta_step': 35.16346161466381, 'colsample_bytree': 0.9203966094213294, 'subsample': 0.890284556944728, 'min_child_weight': 69.84186182648061, 'min_data_in_leaf': 27.19142082686795, 'lambda': 6.400943289054343, 'alpha': 4.796166217348213, 'max_depth': 1, 'eta': 0.004035216013682747, 'gamma': 1.9404338856459424, 'num_boost_rounds': 60}. Best is trial 3 with value: 0.016995.
2025-01-02 13:46:43 INFO     Trial 37 pruned. Trial was pruned at iteration 0.
2025-01-02 13:46:43 INFO     Trial 38 finished with value: 0.017001 and parameters: {'max_delta_step': 76.11884890426393, 'colsample_bytree': 0.535307722472455, 'subsample': 0.5674860819661354, 'min_child_weight': 80.6185085512049, 'min_data_in_leaf': 21.52086509180814, 'lambda': 7.807554224593516, 'alpha': 6.604635534612387, 'max_depth': 1, 'eta': 0.1500068573001056, 'gamma': 2.3987364554247086, 'num_boost_rounds': 65}. Best is trial 38 with value: 0.017001.
2025-01-02 13:46:44 INFO     Trial 39 finished with value: 0.017084 and parameters: {'max_delta_step': 76.65821090480257, 'colsample_bytree': 0.5295008715009334, 'subsample': 0.5607525712896261, 'min_child_weight': 80.01370949439614, 'min_data_in_leaf': 14.603473753949146, 'lambda': 7.790940139555795, 'alpha': 6.689411190652996, 'max_depth': 1, 'eta': 0.16626963924217614, 'gamma': 2.4700684967352613, 'num_boost_rounds': 110}. Best is trial 39 with value: 0.017084.
2025-01-02 13:46:44 INFO     Trial 40 pruned. Trial was pruned at iteration 0.
2025-01-02 13:46:45 INFO     Trial 41 finished with value: 0.017084 and parameters: {'max_delta_step': 74.16425597456902, 'colsample_bytree': 0.503296048492492, 'subsample': 0.568620895362182, 'min_child_weight': 91.29058358211309, 'min_data_in_leaf': 15.172201637854716, 'lambda': 8.0525736610824, 'alpha': 6.732588306556777, 'max_depth': 1, 'eta': 0.16925137349724043, 'gamma': 3.060617475605091, 'num_boost_rounds': 105}. Best is trial 39 with value: 0.017084.
2025-01-02 13:46:45 INFO     Trial 42 finished with value: 0.017084 and parameters: {'max_delta_step': 74.86959844426825, 'colsample_bytree': 0.5678975211226412, 'subsample': 0.5617115312145423, 'min_child_weight': 92.49846486237305, 'min_data_in_leaf': 15.429225703935185, 'lambda': 7.8585455904855, 'alpha': 6.50182712554052, 'max_depth': 1, 'eta': 0.17581094762418573, 'gamma': 3.0666823494031266, 'num_boost_rounds': 120}. Best is trial 39 with value: 0.017084.
2025-01-02 13:46:46 INFO     Trial 43 finished with value: 0.017084 and parameters: {'max_delta_step': 74.83666068085958, 'colsample_bytree': 0.5037214416471719, 'subsample': 0.5576243415460648, 'min_child_weight': 92.80659464468266, 'min_data_in_leaf': 14.900773594285745, 'lambda': 7.825851463335156, 'alpha': 6.657920765477947, 'max_depth': 1, 'eta': 0.1758250080138787, 'gamma': 3.590332398109217, 'num_boost_rounds': 120}. Best is trial 39 with value: 0.017084.
2025-01-02 13:46:47 INFO     Trial 44 finished with value: 0.017088 and parameters: {'max_delta_step': 73.54054954921322, 'colsample_bytree': 0.5015259690945917, 'subsample': 0.5567073077996033, 'min_child_weight': 92.93048128061268, 'min_data_in_leaf': 14.8235440145576, 'lambda': 7.707504886356199, 'alpha': 6.788205377552453, 'max_depth': 1, 'eta': 0.17827079327656242, 'gamma': 3.045931606204797, 'num_boost_rounds': 125}. Best is trial 44 with value: 0.017088.
2025-01-02 13:46:48 INFO     Trial 45 finished with value: 0.017088 and parameters: {'max_delta_step': 67.5369352719763, 'colsample_bytree': 0.5012273175203154, 'subsample': 0.5281020041019497, 'min_child_weight': 92.93312230500226, 'min_data_in_leaf': 15.134964936694027, 'lambda': 8.580509163066207, 'alpha': 5.960364804202291, 'max_depth': 1, 'eta': 0.1782036461630075, 'gamma': 3.370433397726347, 'num_boost_rounds': 125}. Best is trial 44 with value: 0.017088.
2025-01-02 13:46:50 INFO     Trial 46 finished with value: 0.006536 and parameters: {'max_delta_step': 66.47724128682515, 'colsample_bytree': 0.5808126959071799, 'subsample': 0.5005807654630651, 'min_child_weight': 94.57110044896058, 'min_data_in_leaf': 10.364539676405784, 'lambda': 9.947753941919972, 'alpha': 6.098411312839058, 'max_depth': 1, 'eta': 0.19722435288740436, 'gamma': 3.0529204618294368, 'num_boost_rounds': 135}. Best is trial 44 with value: 0.017088.
2025-01-02 13:46:50 INFO     Trial 47 finished with value: 0.017084 and parameters: {'max_delta_step': 59.779294978508716, 'colsample_bytree': 0.5226359628611094, 'subsample': 0.5305236422198342, 'min_child_weight': 87.91615453988841, 'min_data_in_leaf': 15.917462383970543, 'lambda': 8.44278307872701, 'alpha': 5.186422417740558, 'max_depth': 1, 'eta': 0.16582294231152508, 'gamma': 4.089810333418333, 'num_boost_rounds': 110}. Best is trial 44 with value: 0.017088.
2025-01-02 13:46:51 INFO     Trial 48 finished with value: 0.017088 and parameters: {'max_delta_step': 54.93341076910929, 'colsample_bytree': 0.5000414076302, 'subsample': 0.6037367605107447, 'min_child_weight': 91.90931098747704, 'min_data_in_leaf': 12.516552401542786, 'lambda': 7.338168324239276, 'alpha': 7.405305253349596, 'max_depth': 1, 'eta': 0.1775091651247298, 'gamma': 3.2220226045555953, 'num_boost_rounds': 145}. Best is trial 44 with value: 0.017088.
2025-01-02 13:46:51 INFO     Trial 49 pruned. Trial was pruned at iteration 0.
2025-01-02 13:46:52 INFO     Trial 50 finished with value: 0.017088 and parameters: {'max_delta_step': 56.33708742029585, 'colsample_bytree': 0.5504350437687708, 'subsample': 0.6433074818831305, 'min_child_weight': 96.72311233013164, 'min_data_in_leaf': 13.875835118184295, 'lambda': 9.577203533912888, 'alpha': 7.073155329537547, 'max_depth': 1, 'eta': 0.18638180806151525, 'gamma': 3.826127776668646, 'num_boost_rounds': 140}. Best is trial 44 with value: 0.017088.
2025-01-02 13:46:52 INFO     Trial 51 finished with value: 0.017137 and parameters: {'max_delta_step': 55.868076159897484, 'colsample_bytree': 0.5474609836864379, 'subsample': 0.647348216176284, 'min_child_weight': 96.34601378539594, 'min_data_in_leaf': 13.929410920892794, 'lambda': 9.368662871807667, 'alpha': 0.12730604260380485, 'max_depth': 1, 'eta': 0.18679206211107682, 'gamma': 3.3270992222676203, 'num_boost_rounds': 140}. Best is trial 51 with value: 0.017137.
2025-01-02 13:46:53 INFO     Trial 52 finished with value: 0.017137 and parameters: {'max_delta_step': 55.63761471250552, 'colsample_bytree': 0.5467732369824588, 'subsample': 0.6729651412456454, 'min_child_weight': 97.31763390147805, 'min_data_in_leaf': 13.874834444122534, 'lambda': 9.359214481528628, 'alpha': 0.4533436397614483, 'max_depth': 1, 'eta': 0.19298588872440825, 'gamma': 3.7724172998729517, 'num_boost_rounds': 140}. Best is trial 51 with value: 0.017137.
2025-01-02 13:46:54 INFO     Trial 53 finished with value: 0.017137 and parameters: {'max_delta_step': 53.92859805527482, 'colsample_bytree': 0.5521957897230328, 'subsample': 0.6694814044703881, 'min_child_weight': 96.68174846963448, 'min_data_in_leaf': 12.572700166631009, 'lambda': 9.394738918778225, 'alpha': 1.692220480975196, 'max_depth': 1, 'eta': 0.18706963233093876, 'gamma': 3.582029434548035, 'num_boost_rounds': 140}. Best is trial 51 with value: 0.017137.
2025-01-02 13:46:54 INFO     Trial 54 finished with value: 0.006536 and parameters: {'max_delta_step': 64.25722969304086, 'colsample_bytree': 0.5968425537226497, 'subsample': 0.6752783302601981, 'min_child_weight': 99.1704218932707, 'min_data_in_leaf': 12.247260355927752, 'lambda': 9.276281241608288, 'alpha': 0.19397030584930108, 'max_depth': 1, 'eta': 0.19815609432003947, 'gamma': 4.8466100688351705, 'num_boost_rounds': 150}. Best is trial 51 with value: 0.017137.
2025-01-02 13:46:55 INFO     Trial 55 finished with value: 0.017088 and parameters: {'max_delta_step': 39.857762810337576, 'colsample_bytree': 0.5484474166761293, 'subsample': 0.69987639683257, 'min_child_weight': 84.90844839122435, 'min_data_in_leaf': 13.152194604537723, 'lambda': 8.749586852456211, 'alpha': 1.424860435174729, 'max_depth': 1, 'eta': 0.1796980236413456, 'gamma': 5.66902501857192, 'num_boost_rounds': 165}. Best is trial 51 with value: 0.017137.
2025-01-02 13:46:56 INFO     Trial 56 finished with value: 0.006536 and parameters: {'max_delta_step': 48.80865108788014, 'colsample_bytree': 0.5929410609395498, 'subsample': 0.6231435124733657, 'min_child_weight': 88.7879411349333, 'min_data_in_leaf': 11.424759639534122, 'lambda': 9.58377016618547, 'alpha': 0.07739582958254075, 'max_depth': 1, 'eta': 0.1894393460946235, 'gamma': 3.423933425652496, 'num_boost_rounds': 155}. Best is trial 51 with value: 0.017137.
2025-01-02 13:46:56 INFO     Trial 57 pruned. Trial was pruned at iteration 0.
2025-01-02 13:46:56 INFO     Trial 58 pruned. Trial was pruned at iteration 0.
2025-01-02 13:46:57 INFO     Trial 59 finished with value: 0.009465 and parameters: {'max_delta_step': 67.81748279009469, 'colsample_bytree': 0.6185185935331091, 'subsample': 0.7336730154491654, 'min_child_weight': 77.7138568481379, 'min_data_in_leaf': 10.057986372441869, 'lambda': 9.183417958838591, 'alpha': 0.48248100889198847, 'max_depth': 1, 'eta': 0.1802715119743704, 'gamma': 5.387848555985746, 'num_boost_rounds': 145}. Best is trial 51 with value: 0.017137.
2025-01-02 13:46:57 INFO     Trial 60 finished with value: 0.017001 and parameters: {'max_delta_step': 52.19245493160659, 'colsample_bytree': 0.5163260813973982, 'subsample': 0.6378854385496121, 'min_child_weight': 95.05853977726356, 'min_data_in_leaf': 14.399634639823606, 'lambda': 9.810223547635575, 'alpha': 1.9017316148945045, 'max_depth': 1, 'eta': 0.14476183500659562, 'gamma': 2.800123839901844, 'num_boost_rounds': 130}. Best is trial 51 with value: 0.017137.
2025-01-02 13:46:58 INFO     Trial 61 finished with value: 0.017088 and parameters: {'max_delta_step': 56.51630991139788, 'colsample_bytree': 0.551652904283519, 'subsample': 0.653241348674579, 'min_child_weight': 97.1868998817318, 'min_data_in_leaf': 14.078729828463572, 'lambda': 9.617964081142972, 'alpha': 0.4376739185318932, 'max_depth': 1, 'eta': 0.18306075055872872, 'gamma': 3.8538261433934435, 'num_boost_rounds': 140}. Best is trial 51 with value: 0.017137.
2025-01-02 13:46:59 INFO     Trial 62 finished with value: 0.017139 and parameters: {'max_delta_step': 49.45648215809187, 'colsample_bytree': 0.5413986145141083, 'subsample': 0.6159559790177683, 'min_child_weight': 84.62335789227141, 'min_data_in_leaf': 16.412740270382017, 'lambda': 9.350227501572858, 'alpha': 2.5164355444317117, 'max_depth': 1, 'eta': 0.19030067182831475, 'gamma': 3.3508275146718636, 'num_boost_rounds': 140}. Best is trial 62 with value: 0.017139.
2025-01-02 13:46:59 INFO     Trial 63 finished with value: 0.017084 and parameters: {'max_delta_step': 48.93644585697849, 'colsample_bytree': 0.5372661069130114, 'subsample': 0.6079167349829888, 'min_child_weight': 86.22907856339663, 'min_data_in_leaf': 16.366974930343567, 'lambda': 8.666687128750652, 'alpha': 2.2926940853682445, 'max_depth': 1, 'eta': 0.17176805465501616, 'gamma': 3.4130029406160336, 'num_boost_rounds': 125}. Best is trial 62 with value: 0.017139.
2025-01-02 13:47:00 INFO     Trial 64 finished with value: 0.006536 and parameters: {'max_delta_step': 44.808515801969286, 'colsample_bytree': 0.581175295983447, 'subsample': 0.5251933000522745, 'min_child_weight': 99.55758333805278, 'min_data_in_leaf': 12.691886432731087, 'lambda': 7.417995814703895, 'alpha': 1.2037539236163073, 'max_depth': 1, 'eta': 0.19110565746540528, 'gamma': 3.275424039589027, 'num_boost_rounds': 150}. Best is trial 62 with value: 0.017139.
2025-01-02 13:47:00 INFO     Trial 65 pruned. Trial was pruned at iteration 0.
2025-01-02 13:47:01 INFO     Trial 66 finished with value: 0.017137 and parameters: {'max_delta_step': 60.938829718932496, 'colsample_bytree': 0.5624107955296624, 'subsample': 0.6944791899516656, 'min_child_weight': 82.89076490675583, 'min_data_in_leaf': 16.53746304674337, 'lambda': 9.993399950032439, 'alpha': 1.7445778062471429, 'max_depth': 1, 'eta': 0.19843097659840506, 'gamma': 2.010211340916103, 'num_boost_rounds': 175}. Best is trial 62 with value: 0.017139.
2025-01-02 13:47:01 INFO     Trial 67 finished with value: 0.017137 and parameters: {'max_delta_step': 60.782690728758794, 'colsample_bytree': 0.5620674443584281, 'subsample': 0.6926200710610165, 'min_child_weight': 84.17792901378972, 'min_data_in_leaf': 19.281063123206764, 'lambda': 9.913642373289681, 'alpha': 1.6308526242308061, 'max_depth': 1, 'eta': 0.19895701308166497, 'gamma': 2.7472187195196636, 'num_boost_rounds': 190}. Best is trial 62 with value: 0.017139.
2025-01-02 13:47:02 INFO     Trial 68 finished with value: 0.01397 and parameters: {'max_delta_step': 61.05553526266516, 'colsample_bytree': 0.6056614503007071, 'subsample': 0.6934298818043164, 'min_child_weight': 75.59745687801436, 'min_data_in_leaf': 19.391727472556525, 'lambda': 9.984412159637865, 'alpha': 1.5885692288117002, 'max_depth': 2, 'eta': 0.19672651079995154, 'gamma': 1.9882193102420231, 'num_boost_rounds': 200}. Best is trial 62 with value: 0.017139.
2025-01-02 13:47:03 INFO     Trial 69 finished with value: 0.006005 and parameters: {'max_delta_step': 70.93291884528982, 'colsample_bytree': 0.6361646074951001, 'subsample': 0.6713674796424237, 'min_child_weight': 84.12394775907413, 'min_data_in_leaf': 17.160101536903753, 'lambda': 9.385233743804143, 'alpha': 2.310889849219005, 'max_depth': 1, 'eta': 0.19954544255208861, 'gamma': 2.8756710595107204, 'num_boost_rounds': 190}. Best is trial 62 with value: 0.017139.
2025-01-02 13:47:03 INFO     Trial 70 finished with value: 0.017143 and parameters: {'max_delta_step': 65.12611050978707, 'colsample_bytree': 0.5581060064319066, 'subsample': 0.7273373613006907, 'min_child_weight': 81.91446641373872, 'min_data_in_leaf': 18.461113109840564, 'lambda': 9.740134296188256, 'alpha': 0.9267729212522153, 'max_depth': 1, 'eta': 0.1901325446097925, 'gamma': 1.7327755328412422, 'num_boost_rounds': 185}. Best is trial 70 with value: 0.017143.
2025-01-02 13:47:04 INFO     Trial 71 finished with value: 0.017143 and parameters: {'max_delta_step': 64.86196290176858, 'colsample_bytree': 0.5621852086290924, 'subsample': 0.7211417973774245, 'min_child_weight': 82.67797495459591, 'min_data_in_leaf': 18.418514311600845, 'lambda': 9.679304650044406, 'alpha': 0.8184148893927928, 'max_depth': 1, 'eta': 0.19022127993132118, 'gamma': 1.5859283308017014, 'num_boost_rounds': 185}. Best is trial 70 with value: 0.017143.
2025-01-02 13:47:04 INFO     Trial 72 pruned. Trial was pruned at iteration 0.
2025-01-02 13:47:05 INFO     Trial 73 finished with value: 0.017143 and parameters: {'max_delta_step': 51.95481235963565, 'colsample_bytree': 0.5591993775200519, 'subsample': 0.7202009395621578, 'min_child_weight': 75.6864407729485, 'min_data_in_leaf': 19.663872996207935, 'lambda': 8.950427857506165, 'alpha': 0.5867396853042575, 'max_depth': 1, 'eta': 0.1873297076331025, 'gamma': 2.1387656869736484, 'num_boost_rounds': 170}. Best is trial 70 with value: 0.017143.
2025-01-02 13:47:06 INFO     Trial 74 finished with value: 0.006536 and parameters: {'max_delta_step': 50.77438202457335, 'colsample_bytree': 0.5807706643938366, 'subsample': 0.7291927850668416, 'min_child_weight': 67.2187294365394, 'min_data_in_leaf': 20.517413938076196, 'lambda': 9.32503147191808, 'alpha': 0.42661206195734425, 'max_depth': 1, 'eta': 0.18596238305495594, 'gamma': 1.5757471171477722, 'num_boost_rounds': 175}. Best is trial 70 with value: 0.017143.
2025-01-02 13:47:06 INFO     Trial 75 finished with value: 0.006536 and parameters: {'max_delta_step': 57.55436816176765, 'colsample_bytree': 0.5996241946588828, 'subsample': 0.7836506489380142, 'min_child_weight': 76.80425725628218, 'min_data_in_leaf': 16.771220520132573, 'lambda': 8.909698174241303, 'alpha': 0.9464320814881518, 'max_depth': 1, 'eta': 0.19206318259165342, 'gamma': 2.200223369289987, 'num_boost_rounds': 170}. Best is trial 70 with value: 0.017143.
2025-01-02 13:47:07 INFO     Trial 76 finished with value: 0.004253 and parameters: {'max_delta_step': 34.22245523967385, 'colsample_bytree': 0.6354564922421057, 'subsample': 0.749525630385325, 'min_child_weight': 69.9887308953976, 'min_data_in_leaf': 17.664602224256132, 'lambda': 9.428032872787794, 'alpha': 2.185021242031586, 'max_depth': 1, 'eta': 0.17041343034564324, 'gamma': 0.4821052564639994, 'num_boost_rounds': 180}. Best is trial 70 with value: 0.017143.
2025-01-02 13:47:07 INFO     Trial 77 pruned. Trial was pruned at iteration 0.
2025-01-02 13:47:07 INFO     Trial 78 pruned. Trial was pruned at iteration 0.
2025-01-02 13:47:08 INFO     Trial 79 finished with value: 0.014105 and parameters: {'max_delta_step': 48.47219231285958, 'colsample_bytree': 0.5855359426437573, 'subsample': 0.6805051104432576, 'min_child_weight': 89.35635813924996, 'min_data_in_leaf': 15.894600211563947, 'lambda': 8.830745546173715, 'alpha': 1.0246393104875517, 'max_depth': 2, 'eta': 0.17260339708442332, 'gamma': 2.1643522465162626, 'num_boost_rounds': 185}. Best is trial 70 with value: 0.017143.
2025-01-02 13:47:09 INFO     Trial 80 finished with value: 0.016995 and parameters: {'max_delta_step': 52.96822028741324, 'colsample_bytree': 0.6113285636021386, 'subsample': 0.6676670758880352, 'min_child_weight': 81.8440984813065, 'min_data_in_leaf': 19.877430376581323, 'lambda': 9.69539626399315, 'alpha': 1.971092971374913, 'max_depth': 1, 'eta': 0.11649941988074769, 'gamma': 0.9924530227692698, 'num_boost_rounds': 170}. Best is trial 70 with value: 0.017143.
2025-01-02 13:47:09 INFO     Trial 81 finished with value: 0.017137 and parameters: {'max_delta_step': 59.61783666930193, 'colsample_bytree': 0.5661180106713649, 'subsample': 0.6932622784067396, 'min_child_weight': 83.84662952648989, 'min_data_in_leaf': 18.725941800780628, 'lambda': 9.911165082423198, 'alpha': 1.6020054478867967, 'max_depth': 1, 'eta': 0.1989249557665644, 'gamma': 2.775582356959361, 'num_boost_rounds': 195}. Best is trial 70 with value: 0.017143.
