2025-01-02 22:17:42 INFO     Trial 1149 pruned. Trial was pruned at iteration 0.
2025-01-02 22:17:42 INFO     Trial 1150 finished with value: 0.01684 and parameters: {'max_delta_step': 80.56434747443178, 'colsample_bytree': 0.9031355868813123, 'subsample': 0.852534913591259, 'min_child_weight': 23.63526949236315, 'min_data_in_leaf': 13.679492661638815, 'lambda': 1.4044084374376273, 'alpha': 5.200241449644527, 'max_depth': 5, 'eta': 0.006162778638909387, 'gamma': 4.340799003792831, 'num_boost_rounds': 155}. Best is trial 988 with value: 0.018126.
2025-01-02 22:17:43 INFO     Trial 1151 pruned. Trial was pruned at iteration 0.
2025-01-02 22:17:43 INFO     Trial 1152 pruned. Trial was pruned at iteration 0.
2025-01-02 22:17:44 INFO     Trial 1153 finished with value: 0.016608 and parameters: {'max_delta_step': 78.62312966158875, 'colsample_bytree': 0.8904810264005569, 'subsample': 0.847803160125864, 'min_child_weight': 23.204781593928164, 'min_data_in_leaf': 14.820060689493758, 'lambda': 1.6358304235880916, 'alpha': 5.125499461715545, 'max_depth': 5, 'eta': 0.006701073157358857, 'gamma': 5.149682618136311, 'num_boost_rounds': 155}. Best is trial 988 with value: 0.018126.
2025-01-02 22:17:45 INFO     Trial 1154 pruned. Trial was pruned at iteration 5.
2025-01-02 22:17:45 INFO     Trial 1155 pruned. Trial was pruned at iteration 0.
2025-01-02 22:17:46 INFO     Trial 1156 pruned. Trial was pruned at iteration 0.
2025-01-02 22:17:46 INFO     Trial 1157 pruned. Trial was pruned at iteration 0.
2025-01-02 22:17:47 INFO     Trial 1158 pruned. Trial was pruned at iteration 0.
2025-01-02 22:17:47 INFO     Trial 1159 finished with value: 0.018015 and parameters: {'max_delta_step': 85.34012814880342, 'colsample_bytree': 0.8881875272084293, 'subsample': 0.8458878415641363, 'min_child_weight': 25.671366998088445, 'min_data_in_leaf': 13.507943230255481, 'lambda': 0.9357277388955316, 'alpha': 5.824736942652544, 'max_depth': 5, 'eta': 0.0003903827354312262, 'gamma': 5.9070509236240465, 'num_boost_rounds': 155}. Best is trial 988 with value: 0.018126.
2025-01-02 22:17:48 INFO     Trial 1160 pruned. Trial was pruned at iteration 0.
2025-01-02 22:17:48 INFO     Trial 1161 pruned. Trial was pruned at iteration 0.
2025-01-02 22:17:49 INFO     Trial 1162 pruned. Trial was pruned at iteration 0.
2025-01-02 22:17:49 INFO     Trial 1163 pruned. Trial was pruned at iteration 0.
2025-01-02 22:17:50 INFO     Trial 1164 finished with value: 0.018015 and parameters: {'max_delta_step': 86.28518942544844, 'colsample_bytree': 0.886154724804326, 'subsample': 0.845966100679261, 'min_child_weight': 27.263029906271978, 'min_data_in_leaf': 14.560975978724402, 'lambda': 0.887016666803147, 'alpha': 6.055518732215194, 'max_depth': 5, 'eta': 0.00016348108004302217, 'gamma': 5.051893879266427, 'num_boost_rounds': 155}. Best is trial 988 with value: 0.018126.
2025-01-02 22:17:51 INFO     Trial 1165 pruned. Trial was pruned at iteration 0.
2025-01-02 22:17:51 INFO     Trial 1166 pruned. Trial was pruned at iteration 0.
2025-01-02 22:17:52 INFO     Trial 1167 pruned. Trial was pruned at iteration 0.
2025-01-02 22:17:52 INFO     Trial 1168 pruned. Trial was pruned at iteration 0.
2025-01-02 22:17:53 INFO     Trial 1169 pruned. Trial was pruned at iteration 0.
2025-01-02 22:17:53 INFO     Trial 1170 finished with value: 0.016594 and parameters: {'max_delta_step': 85.83858785569883, 'colsample_bytree': 0.8752985057634006, 'subsample': 0.8381447848614272, 'min_child_weight': 27.969421554963102, 'min_data_in_leaf': 14.874389806760078, 'lambda': 0.90590027243622, 'alpha': 5.783465178970974, 'max_depth': 5, 'eta': 0.013434687924108237, 'gamma': 5.057720374121653, 'num_boost_rounds': 160}. Best is trial 988 with value: 0.018126.
2025-01-02 22:17:54 INFO     Trial 1171 pruned. Trial was pruned at iteration 0.
2025-01-02 22:17:54 INFO     Trial 1172 pruned. Trial was pruned at iteration 0.
2025-01-02 22:17:55 INFO     Trial 1173 pruned. Trial was pruned at iteration 0.
2025-01-02 22:17:56 INFO     Trial 1174 finished with value: 0.01684 and parameters: {'max_delta_step': 79.86988428137666, 'colsample_bytree': 0.8734857351670028, 'subsample': 0.8457157298471462, 'min_child_weight': 26.41487550860152, 'min_data_in_leaf': 13.781911530035083, 'lambda': 0.1858360680427129, 'alpha': 5.520499703382885, 'max_depth': 5, 'eta': 0.005668471747864633, 'gamma': 5.225449328036072, 'num_boost_rounds': 160}. Best is trial 988 with value: 0.018126.
2025-01-02 22:17:56 INFO     Trial 1175 pruned. Trial was pruned at iteration 0.
2025-01-02 22:17:57 INFO     Trial 1176 pruned. Trial was pruned at iteration 5.
2025-01-02 22:17:57 INFO     Trial 1177 pruned. Trial was pruned at iteration 0.
2025-01-02 22:17:58 INFO     Trial 1178 pruned. Trial was pruned at iteration 0.
2025-01-02 22:17:59 INFO     Trial 1179 finished with value: 0.015671 and parameters: {'max_delta_step': 76.80482386468003, 'colsample_bytree': 0.8841590659387443, 'subsample': 0.8450976463871671, 'min_child_weight': 29.16687720817854, 'min_data_in_leaf': 13.485580388761015, 'lambda': 1.0290087090841438, 'alpha': 5.622876317275604, 'max_depth': 5, 'eta': 0.015529782209696478, 'gamma': 5.440265691798105, 'num_boost_rounds': 160}. Best is trial 988 with value: 0.018126.
2025-01-02 22:17:59 INFO     Trial 1180 pruned. Trial was pruned at iteration 0.
2025-01-02 22:17:59 INFO     Trial 1181 pruned. Trial was pruned at iteration 0.
2025-01-02 22:18:00 INFO     Trial 1182 pruned. Trial was pruned at iteration 5.
2025-01-02 22:18:01 INFO     Trial 1183 pruned. Trial was pruned at iteration 0.
2025-01-02 22:18:01 INFO     Trial 1184 pruned. Trial was pruned at iteration 0.
2025-01-02 22:18:02 INFO     Trial 1185 pruned. Trial was pruned at iteration 0.
2025-01-02 22:18:02 INFO     Trial 1186 pruned. Trial was pruned at iteration 0.
2025-01-02 22:18:03 INFO     Trial 1187 pruned. Trial was pruned at iteration 5.
2025-01-02 22:18:04 INFO     Trial 1188 finished with value: 0.016587 and parameters: {'max_delta_step': 86.52201314631556, 'colsample_bytree': 0.8793531089628487, 'subsample': 0.835638074884811, 'min_child_weight': 25.811693142614143, 'min_data_in_leaf': 16.033024924369943, 'lambda': 9.517960188082677, 'alpha': 5.53686292758148, 'max_depth': 5, 'eta': 0.011963356433585256, 'gamma': 5.8743778382737535, 'num_boost_rounds': 155}. Best is trial 988 with value: 0.018126.
2025-01-02 22:18:04 INFO     Trial 1189 finished with value: 0.018108 and parameters: {'max_delta_step': 79.58088474823514, 'colsample_bytree': 0.9015650197904954, 'subsample': 0.8233443930608085, 'min_child_weight': 23.26206522212594, 'min_data_in_leaf': 13.093440623743351, 'lambda': 1.3862816035553223, 'alpha': 5.813599032483671, 'max_depth': 5, 'eta': 0.007596421635075773, 'gamma': 5.165505137502897, 'num_boost_rounds': 160}. Best is trial 988 with value: 0.018126.
2025-01-02 22:18:05 INFO     Trial 1190 pruned. Trial was pruned at iteration 0.
2025-01-02 22:18:05 INFO     Trial 1191 pruned. Trial was pruned at iteration 0.
2025-01-02 22:18:06 INFO     Trial 1192 pruned. Trial was pruned at iteration 0.
2025-01-02 22:18:06 INFO     Trial 1193 pruned. Trial was pruned at iteration 0.
2025-01-02 22:18:07 INFO     Trial 1194 finished with value: 0.016594 and parameters: {'max_delta_step': 79.55919269274014, 'colsample_bytree': 0.8942879929820098, 'subsample': 0.8402818627336133, 'min_child_weight': 22.883881054398856, 'min_data_in_leaf': 13.351742995965713, 'lambda': 1.5225034739824328, 'alpha': 5.852174065919582, 'max_depth': 5, 'eta': 0.005875305042596528, 'gamma': 5.3929924651781125, 'num_boost_rounds': 160}. Best is trial 988 with value: 0.018126.
2025-01-02 22:18:08 INFO     Trial 1195 pruned. Trial was pruned at iteration 0.
2025-01-02 22:18:08 INFO     Trial 1196 pruned. Trial was pruned at iteration 0.
2025-01-02 22:18:09 INFO     Trial 1197 finished with value: 0.016594 and parameters: {'max_delta_step': 80.29920343823903, 'colsample_bytree': 0.8804795143642815, 'subsample': 0.8359072071402532, 'min_child_weight': 27.85554213313199, 'min_data_in_leaf': 13.64105994838427, 'lambda': 1.6018031954732836, 'alpha': 6.1128466208847545, 'max_depth': 5, 'eta': 0.00960903722845775, 'gamma': 5.19739635313314, 'num_boost_rounds': 155}. Best is trial 988 with value: 0.018126.
2025-01-02 22:18:09 INFO     Trial 1198 pruned. Trial was pruned at iteration 0.
2025-01-02 22:18:10 INFO     Trial 1199 pruned. Trial was pruned at iteration 0.
2025-01-02 22:18:10 INFO     Trial 1200 pruned. Trial was pruned at iteration 0.
2025-01-02 22:18:11 INFO     Trial 1201 finished with value: 0.01684 and parameters: {'max_delta_step': 81.50424292842735, 'colsample_bytree': 0.9057831982893089, 'subsample': 0.8460416337100088, 'min_child_weight': 24.699945596666186, 'min_data_in_leaf': 14.9005952780209, 'lambda': 0.6651145874467383, 'alpha': 5.154205322565866, 'max_depth': 5, 'eta': 0.005275915735652163, 'gamma': 4.445595481094924, 'num_boost_rounds': 165}. Best is trial 988 with value: 0.018126.
2025-01-02 22:18:12 INFO     Trial 1202 pruned. Trial was pruned at iteration 0.
2025-01-02 22:18:12 INFO     Trial 1203 pruned. Trial was pruned at iteration 0.
2025-01-02 22:18:13 INFO     Trial 1204 finished with value: 0.01778 and parameters: {'max_delta_step': 75.14820077169236, 'colsample_bytree': 0.8587000223507629, 'subsample': 0.8368949671832937, 'min_child_weight': 26.96205787644823, 'min_data_in_leaf': 14.585640789885378, 'lambda': 1.6335586812916152, 'alpha': 5.892182259204838, 'max_depth': 5, 'eta': 0.005642929634388776, 'gamma': 4.812350160979715, 'num_boost_rounds': 170}. Best is trial 988 with value: 0.018126.
2025-01-02 22:18:14 INFO     Trial 1205 pruned. Trial was pruned at iteration 5.
2025-01-02 22:18:14 INFO     Trial 1206 pruned. Trial was pruned at iteration 5.
2025-01-02 22:18:15 INFO     Trial 1207 pruned. Trial was pruned at iteration 0.
2025-01-02 22:18:15 INFO     Trial 1208 pruned. Trial was pruned at iteration 0.
2025-01-02 22:18:16 INFO     Trial 1209 pruned. Trial was pruned at iteration 0.
2025-01-02 22:18:16 INFO     Trial 1210 finished with value: 0.017182 and parameters: {'max_delta_step': 72.01615296626078, 'colsample_bytree': 0.8630008720156435, 'subsample': 0.8198161632783141, 'min_child_weight': 27.934096678531755, 'min_data_in_leaf': 14.65432566703224, 'lambda': 1.366183983309548, 'alpha': 6.108879942890719, 'max_depth': 5, 'eta': 0.00030376794420525845, 'gamma': 4.9371528969239105, 'num_boost_rounds': 180}. Best is trial 988 with value: 0.018126.
2025-01-02 22:18:17 INFO     Trial 1211 pruned. Trial was pruned at iteration 0.
2025-01-02 22:18:17 INFO     Trial 1212 pruned. Trial was pruned at iteration 0.
2025-01-02 22:18:18 INFO     Trial 1213 finished with value: 0.016594 and parameters: {'max_delta_step': 77.43736564070751, 'colsample_bytree': 0.8574534111488156, 'subsample': 0.8409657772459583, 'min_child_weight': 26.305074448189025, 'min_data_in_leaf': 15.135219804798403, 'lambda': 1.322634770642035, 'alpha': 5.666240320941001, 'max_depth': 5, 'eta': 0.010748010579700177, 'gamma': 4.750996179778286, 'num_boost_rounds': 170}. Best is trial 988 with value: 0.018126.
2025-01-02 22:18:18 INFO     Trial 1214 pruned. Trial was pruned at iteration 0.
2025-01-02 22:18:19 INFO     Trial 1215 finished with value: 0.016681 and parameters: {'max_delta_step': 72.54368719975069, 'colsample_bytree': 0.8804323312245469, 'subsample': 0.85216744534519, 'min_child_weight': 28.617027582545898, 'min_data_in_leaf': 14.633732226664355, 'lambda': 1.1123593494756625, 'alpha': 5.890396274559035, 'max_depth': 5, 'eta': 0.015094608136092008, 'gamma': 4.9607692036412905, 'num_boost_rounds': 170}. Best is trial 988 with value: 0.018126.
2025-01-02 22:18:20 INFO     Trial 1216 pruned. Trial was pruned at iteration 0.
2025-01-02 22:18:20 INFO     Trial 1217 pruned. Trial was pruned at iteration 0.
2025-01-02 22:18:21 INFO     Trial 1218 finished with value: 0.01684 and parameters: {'max_delta_step': 81.2280038546616, 'colsample_bytree': 0.8688607800052768, 'subsample': 0.8491830489078539, 'min_child_weight': 25.212157706402106, 'min_data_in_leaf': 14.710058655802458, 'lambda': 1.7664640097375217, 'alpha': 5.76009292566316, 'max_depth': 5, 'eta': 0.005802227920600109, 'gamma': 5.510084921416826, 'num_boost_rounds': 145}. Best is trial 988 with value: 0.018126.
2025-01-02 22:18:22 INFO     Trial 1219 pruned. Trial was pruned at iteration 0.
2025-01-02 22:18:22 INFO     Trial 1220 pruned. Trial was pruned at iteration 1.
2025-01-02 22:18:23 INFO     Trial 1221 pruned. Trial was pruned at iteration 0.
2025-01-02 22:18:23 INFO     Trial 1222 pruned. Trial was pruned at iteration 0.
2025-01-02 22:18:24 INFO     Trial 1223 pruned. Trial was pruned at iteration 5.
2025-01-02 22:18:24 INFO     Trial 1224 finished with value: 0.01778 and parameters: {'max_delta_step': 80.8480250670675, 'colsample_bytree': 0.8637638997334615, 'subsample': 0.8324721749350504, 'min_child_weight': 26.634824597986327, 'min_data_in_leaf': 13.823753241099327, 'lambda': 1.8165490066916337, 'alpha': 5.482980517094356, 'max_depth': 5, 'eta': 0.005779524828961603, 'gamma': 5.25101073546724, 'num_boost_rounds': 155}. Best is trial 988 with value: 0.018126.
2025-01-02 22:18:25 INFO     Trial 1225 pruned. Trial was pruned at iteration 0.
2025-01-02 22:18:25 INFO     Trial 1226 pruned. Trial was pruned at iteration 0.
2025-01-02 22:18:26 INFO     Trial 1227 pruned. Trial was pruned at iteration 0.
2025-01-02 22:18:27 INFO     Trial 1228 pruned. Trial was pruned at iteration 5.
2025-01-02 22:18:27 INFO     Trial 1229 pruned. Trial was pruned at iteration 0.
2025-01-02 22:18:27 INFO     Trial 1230 pruned. Trial was pruned at iteration 0.
2025-01-02 22:18:28 INFO     Trial 1231 pruned. Trial was pruned at iteration 0.
2025-01-02 22:18:28 INFO     Trial 1232 pruned. Trial was pruned at iteration 0.
2025-01-02 22:18:29 INFO     Trial 1233 pruned. Trial was pruned at iteration 0.
2025-01-02 22:18:30 INFO     Trial 1234 finished with value: 0.015671 and parameters: {'max_delta_step': 83.18448833219381, 'colsample_bytree': 0.8714709660406427, 'subsample': 0.83016224097328, 'min_child_weight': 29.541054868132843, 'min_data_in_leaf': 14.393202864234512, 'lambda': 1.7764859769984018, 'alpha': 5.348111210867458, 'max_depth': 5, 'eta': 0.010357474674996012, 'gamma': 5.47192840511938, 'num_boost_rounds': 150}. Best is trial 988 with value: 0.018126.
2025-01-02 22:18:30 INFO     Trial 1235 pruned. Trial was pruned at iteration 0.
2025-01-02 22:18:31 INFO     Trial 1236 pruned. Trial was pruned at iteration 1.
2025-01-02 22:18:31 INFO     Trial 1237 pruned. Trial was pruned at iteration 0.
2025-01-02 22:18:32 INFO     Trial 1238 finished with value: 0.016594 and parameters: {'max_delta_step': 84.50737480719557, 'colsample_bytree': 0.8794407487865614, 'subsample': 0.8355299997112525, 'min_child_weight': 26.680466292872087, 'min_data_in_leaf': 15.224967935178721, 'lambda': 1.564900991398202, 'alpha': 5.830771108823991, 'max_depth': 5, 'eta': 0.011616035741744402, 'gamma': 5.193839738483731, 'num_boost_rounds': 150}. Best is trial 988 with value: 0.018126.
2025-01-02 22:18:32 INFO     Trial 1239 pruned. Trial was pruned at iteration 0.
2025-01-02 22:18:33 INFO     Trial 1240 pruned. Trial was pruned at iteration 5.
2025-01-02 22:18:34 INFO     Trial 1241 finished with value: 0.01684 and parameters: {'max_delta_step': 76.90598931348813, 'colsample_bytree': 0.8987074983113, 'subsample': 0.8525566490069195, 'min_child_weight': 26.04423144680806, 'min_data_in_leaf': 14.380545636826357, 'lambda': 1.9264142454357165, 'alpha': 5.555083269798966, 'max_depth': 5, 'eta': 0.006241557938429544, 'gamma': 5.218663390939776, 'num_boost_rounds': 165}. Best is trial 988 with value: 0.018126.
2025-01-02 22:18:34 INFO     Trial 1242 pruned. Trial was pruned at iteration 0.
2025-01-02 22:18:35 INFO     Trial 1243 pruned. Trial was pruned at iteration 0.
2025-01-02 22:18:35 INFO     Trial 1244 pruned. Trial was pruned at iteration 0.
2025-01-02 22:18:36 INFO     Trial 1245 pruned. Trial was pruned at iteration 1.
2025-01-02 22:18:36 INFO     Trial 1246 finished with value: 0.016927 and parameters: {'max_delta_step': 84.87604557559851, 'colsample_bytree': 0.8775224287255649, 'subsample': 0.8275421120745775, 'min_child_weight': 26.59063529014643, 'min_data_in_leaf': 13.53546521257766, 'lambda': 1.9444725404350514, 'alpha': 8.467316639029706, 'max_depth': 5, 'eta': 0.010292993512387615, 'gamma': 4.84845343631549, 'num_boost_rounds': 170}. Best is trial 988 with value: 0.018126.
2025-01-02 22:18:37 INFO     Trial 1247 finished with value: 0.01778 and parameters: {'max_delta_step': 77.79394399104865, 'colsample_bytree': 0.8620621975321316, 'subsample': 0.8409249441627872, 'min_child_weight': 24.6275798546694, 'min_data_in_leaf': 15.89567565748763, 'lambda': 1.2016374847968656, 'alpha': 5.239102693844121, 'max_depth': 5, 'eta': 0.0002533675624456847, 'gamma': 4.482043973967833, 'num_boost_rounds': 155}. Best is trial 988 with value: 0.018126.
2025-01-02 22:18:38 INFO     Trial 1248 pruned. Trial was pruned at iteration 5.
2025-01-02 22:18:38 INFO     Trial 1249 pruned. Trial was pruned at iteration 0.
2025-01-02 22:18:39 INFO     Trial 1250 finished with value: 0.018126 and parameters: {'max_delta_step': 76.8802421916779, 'colsample_bytree': 0.8596149572222103, 'subsample': 0.8370764251705674, 'min_child_weight': 24.524989589643916, 'min_data_in_leaf': 15.923394798261313, 'lambda': 1.2773466940458325, 'alpha': 5.225241043956182, 'max_depth': 5, 'eta': 0.00017861884887596083, 'gamma': 4.53425707350257, 'num_boost_rounds': 160}. Best is trial 988 with value: 0.018126.
2025-01-02 22:18:40 INFO     Trial 1251 pruned. Trial was pruned at iteration 0.
2025-01-02 22:18:40 INFO     Trial 1252 pruned. Trial was pruned at iteration 0.
2025-01-02 22:18:41 INFO     Trial 1253 pruned. Trial was pruned at iteration 0.
2025-01-02 22:18:41 INFO     Trial 1254 pruned. Trial was pruned at iteration 0.
2025-01-02 22:18:42 INFO     Trial 1255 pruned. Trial was pruned at iteration 0.
2025-01-02 22:18:42 INFO     Trial 1256 pruned. Trial was pruned at iteration 0.
2025-01-02 22:18:43 INFO     Trial 1257 pruned. Trial was pruned at iteration 0.
2025-01-02 22:18:43 INFO     Trial 1258 finished with value: 0.01684 and parameters: {'max_delta_step': 76.55085059089451, 'colsample_bytree': 0.8702672691898676, 'subsample': 0.852612879756371, 'min_child_weight': 23.317855652779244, 'min_data_in_leaf': 15.766934644232856, 'lambda': 1.4147764255237063, 'alpha': 5.184957379005561, 'max_depth': 5, 'eta': 0.005645626506350038, 'gamma': 4.404831269185935, 'num_boost_rounds': 155}. Best is trial 988 with value: 0.018126.
2025-01-02 22:18:44 INFO     Trial 1259 pruned. Trial was pruned at iteration 0.
2025-01-02 22:18:44 INFO     Trial 1260 pruned. Trial was pruned at iteration 0.
2025-01-02 22:18:45 INFO     Trial 1261 pruned. Trial was pruned at iteration 0.
2025-01-02 22:18:45 INFO     Trial 1262 pruned. Trial was pruned at iteration 5.
2025-01-02 22:18:46 INFO     Trial 1263 pruned. Trial was pruned at iteration 0.
2025-01-02 22:18:46 INFO     Trial 1264 pruned. Trial was pruned at iteration 0.
2025-01-02 22:18:47 INFO     Trial 1265 pruned. Trial was pruned at iteration 0.
2025-01-02 22:18:48 INFO     Trial 1266 pruned. Trial was pruned at iteration 5.
2025-01-02 22:18:48 INFO     Trial 1267 pruned. Trial was pruned at iteration 0.
2025-01-02 22:18:49 INFO     Trial 1268 pruned. Trial was pruned at iteration 5.
2025-01-02 22:18:49 INFO     Trial 1269 pruned. Trial was pruned at iteration 0.
2025-01-02 22:18:50 INFO     Trial 1270 pruned. Trial was pruned at iteration 0.
2025-01-02 22:18:50 INFO     Trial 1271 pruned. Trial was pruned at iteration 0.
2025-01-02 22:18:51 INFO     Trial 1272 pruned. Trial was pruned at iteration 0.
2025-01-02 22:18:51 INFO     Trial 1273 finished with value: 0.016594 and parameters: {'max_delta_step': 72.67380722761537, 'colsample_bytree': 0.8864624567349181, 'subsample': 0.8471670728659714, 'min_child_weight': 23.07576704766049, 'min_data_in_leaf': 15.154985234570042, 'lambda': 1.3336272393610265, 'alpha': 5.550020515415688, 'max_depth': 5, 'eta': 0.005589335051910191, 'gamma': 5.215515259400036, 'num_boost_rounds': 150}. Best is trial 988 with value: 0.018126.
2025-01-02 22:18:52 INFO     Trial 1274 pruned. Trial was pruned at iteration 0.
2025-01-02 22:18:52 INFO     Trial 1275 pruned. Trial was pruned at iteration 5.
2025-01-02 22:18:53 INFO     Trial 1276 pruned. Trial was pruned at iteration 0.
2025-01-02 22:18:53 INFO     Trial 1277 pruned. Trial was pruned at iteration 0.
2025-01-02 22:18:54 INFO     Trial 1278 pruned. Trial was pruned at iteration 1.
2025-01-02 22:18:55 INFO     Trial 1279 finished with value: 0.018015 and parameters: {'max_delta_step': 77.49471485252072, 'colsample_bytree': 0.9070640985842255, 'subsample': 0.8439154926162238, 'min_child_weight': 24.110231021869637, 'min_data_in_leaf': 14.626948865625742, 'lambda': 1.5655154670951033, 'alpha': 5.4977169732136915, 'max_depth': 5, 'eta': 0.0003629119560679071, 'gamma': 5.4950565294794895, 'num_boost_rounds': 175}. Best is trial 988 with value: 0.018126.
2025-01-02 22:18:56 INFO     Trial 1280 finished with value: 0.018015 and parameters: {'max_delta_step': 77.2581648209555, 'colsample_bytree': 0.8991856531246085, 'subsample': 0.8440476438713255, 'min_child_weight': 22.82126580716306, 'min_data_in_leaf': 14.717538836619193, 'lambda': 1.5431700761616385, 'alpha': 5.635663008736171, 'max_depth': 5, 'eta': 0.00023137956157793377, 'gamma': 5.460630206829917, 'num_boost_rounds': 180}. Best is trial 988 with value: 0.018126.
2025-01-02 22:18:56 INFO     Trial 1281 pruned. Trial was pruned at iteration 0.
