2025-01-02 13:47:10 INFO     Trial 82 finished with value: 0.017137 and parameters: {'max_delta_step': 62.27170643866417, 'colsample_bytree': 0.562363388158836, 'subsample': 0.7034073375371303, 'min_child_weight': 78.92342708709052, 'min_data_in_leaf': 19.149338773130967, 'lambda': 9.42850958527099, 'alpha': 0.7320224776226478, 'max_depth': 1, 'eta': 0.19435599408780657, 'gamma': 2.4580983201313744, 'num_boost_rounds': 185}. Best is trial 70 with value: 0.017143.
2025-01-02 13:47:11 INFO     Trial 83 finished with value: 0.017088 and parameters: {'max_delta_step': 58.80127932964252, 'colsample_bytree': 0.5308318891887166, 'subsample': 0.7244016089889042, 'min_child_weight': 85.58905366226055, 'min_data_in_leaf': 20.5091236180774, 'lambda': 9.83445684777881, 'alpha': 2.7909195374481266, 'max_depth': 1, 'eta': 0.18292082086775968, 'gamma': 1.4727018978230817, 'num_boost_rounds': 195}. Best is trial 70 with value: 0.017143.
2025-01-02 13:47:11 INFO     Trial 84 finished with value: 0.017137 and parameters: {'max_delta_step': 43.078316898527, 'colsample_bytree': 0.5418856912779957, 'subsample': 0.658650010066271, 'min_child_weight': 75.274658279698, 'min_data_in_leaf': 17.225652811899863, 'lambda': 8.281618638958514, 'alpha': 1.2536776460705166, 'max_depth': 1, 'eta': 0.18804968460185978, 'gamma': 2.6657626197699233, 'num_boost_rounds': 180}. Best is trial 70 with value: 0.017143.
2025-01-02 13:47:12 INFO     Trial 85 finished with value: 0.004253 and parameters: {'max_delta_step': 65.4165560870798, 'colsample_bytree': 0.5728916880481469, 'subsample': 0.6362269819236701, 'min_child_weight': 95.07138332360705, 'min_data_in_leaf': 16.20203740545314, 'lambda': 9.12156807368342, 'alpha': 1.5914180893650025, 'max_depth': 1, 'eta': 0.16352455660893225, 'gamma': 2.1080588696401756, 'num_boost_rounds': 160}. Best is trial 70 with value: 0.017143.
2025-01-02 13:47:12 INFO     Trial 86 finished with value: 0.017088 and parameters: {'max_delta_step': 69.69921733039534, 'colsample_bytree': 0.5540104104856823, 'subsample': 0.6858636950065617, 'min_child_weight': 89.89589559194042, 'min_data_in_leaf': 21.407970910976445, 'lambda': 9.513512175427046, 'alpha': 0.2847065662822512, 'max_depth': 1, 'eta': 0.18324801644041036, 'gamma': 1.895271025268852, 'num_boost_rounds': 190}. Best is trial 70 with value: 0.017143.
2025-01-02 13:47:13 INFO     Trial 87 pruned. Trial was pruned at iteration 0.
2025-01-02 13:47:13 INFO     Trial 88 pruned. Trial was pruned at iteration 0.
2025-01-02 13:47:14 INFO     Trial 89 finished with value: 0.017088 and parameters: {'max_delta_step': 57.77327898091673, 'colsample_bytree': 0.55707281784751, 'subsample': 0.649142538707627, 'min_child_weight': 64.10035511943052, 'min_data_in_leaf': 16.785675117971575, 'lambda': 9.98440864792895, 'alpha': 1.727980247384967, 'max_depth': 1, 'eta': 0.18045800315101768, 'gamma': 1.408262408424731, 'num_boost_rounds': 165}. Best is trial 70 with value: 0.017143.
2025-01-02 13:47:14 INFO     Trial 90 finished with value: 0.006536 and parameters: {'max_delta_step': 53.27591637557357, 'colsample_bytree': 0.629276420296458, 'subsample': 0.7421464517364214, 'min_child_weight': 86.7057176792842, 'min_data_in_leaf': 15.446809927212252, 'lambda': 8.91208618891105, 'alpha': 1.2707024813679153, 'max_depth': 1, 'eta': 0.18897274385225937, 'gamma': 3.822009503594537, 'num_boost_rounds': 190}. Best is trial 70 with value: 0.017143.
2025-01-02 13:47:15 INFO     Trial 91 finished with value: 0.006536 and parameters: {'max_delta_step': 59.97021599597308, 'colsample_bytree': 0.5732371061545682, 'subsample': 0.6944468800113428, 'min_child_weight': 78.27904825655747, 'min_data_in_leaf': 18.6841848442431, 'lambda': 9.960016341138592, 'alpha': 1.5530395095174332, 'max_depth': 1, 'eta': 0.1998517745692069, 'gamma': 2.8185612462862144, 'num_boost_rounds': 200}. Best is trial 70 with value: 0.017143.
2025-01-02 13:47:16 INFO     Trial 92 finished with value: 0.017139 and parameters: {'max_delta_step': 61.83206949164128, 'colsample_bytree': 0.5315434667665522, 'subsample': 0.6859727205006102, 'min_child_weight': 84.11727766562058, 'min_data_in_leaf': 18.767174730529355, 'lambda': 9.650361039395525, 'alpha': 0.8534009540896312, 'max_depth': 1, 'eta': 0.19492624525974234, 'gamma': 3.5020277618653406, 'num_boost_rounds': 195}. Best is trial 70 with value: 0.017143.
2025-01-02 13:47:16 INFO     Trial 93 finished with value: 0.017137 and parameters: {'max_delta_step': 66.15226383369382, 'colsample_bytree': 0.5274782913353222, 'subsample': 0.6638547752464484, 'min_child_weight': 83.24478283871962, 'min_data_in_leaf': 13.588535362361858, 'lambda': 8.522125932406079, 'alpha': 2.043249386061725, 'max_depth': 1, 'eta': 0.1947293921632909, 'gamma': 3.541425327273712, 'num_boost_rounds': 170}. Best is trial 70 with value: 0.017143.
2025-01-02 13:47:17 INFO     Trial 94 finished with value: 0.017088 and parameters: {'max_delta_step': 63.1554925076714, 'colsample_bytree': 0.5408017934512563, 'subsample': 0.6829587708419433, 'min_child_weight': 90.46169308584606, 'min_data_in_leaf': 20.898735922927763, 'lambda': 9.534827443321928, 'alpha': 3.213400022267285, 'max_depth': 1, 'eta': 0.18388595499753962, 'gamma': 4.190299458183122, 'num_boost_rounds': 185}. Best is trial 70 with value: 0.017143.
2025-01-02 13:47:18 INFO     Trial 95 finished with value: 0.016995 and parameters: {'max_delta_step': 72.44480425825795, 'colsample_bytree': 0.7447239501134761, 'subsample': 0.7061781930000078, 'min_child_weight': 98.45887518562172, 'min_data_in_leaf': 19.61051624840674, 'lambda': 9.284618048994556, 'alpha': 1.0231145935901935, 'max_depth': 1, 'eta': 0.1941847013285251, 'gamma': 4.605652974182483, 'num_boost_rounds': 180}. Best is trial 70 with value: 0.017143.
2025-01-02 13:47:18 INFO     Trial 96 finished with value: 0.017139 and parameters: {'max_delta_step': 68.2489610866464, 'colsample_bytree': 0.511487269554531, 'subsample': 0.6170113049138193, 'min_child_weight': 94.50418135133673, 'min_data_in_leaf': 19.13167714563891, 'lambda': 8.768830811774382, 'alpha': 0.28384800945384536, 'max_depth': 1, 'eta': 0.18849889714870532, 'gamma': 1.1368490472230137, 'num_boost_rounds': 195}. Best is trial 70 with value: 0.017143.
2025-01-02 13:47:19 INFO     Trial 97 finished with value: 0.017084 and parameters: {'max_delta_step': 70.78722896906663, 'colsample_bytree': 0.5140979265231441, 'subsample': 0.6167233826709033, 'min_child_weight': 94.171903135364, 'min_data_in_leaf': 17.45586620627095, 'lambda': 8.820406163995237, 'alpha': 0.3225234240603808, 'max_depth': 1, 'eta': 0.17599310161137308, 'gamma': 0.4345638967452541, 'num_boost_rounds': 155}. Best is trial 70 with value: 0.017143.
2025-01-02 13:47:19 INFO     Trial 98 finished with value: 0.017084 and parameters: {'max_delta_step': 78.33838483795562, 'colsample_bytree': 0.5452486482701077, 'subsample': 0.6344824770354219, 'min_child_weight': 96.41237067554853, 'min_data_in_leaf': 22.172420607241623, 'lambda': 8.28153275201061, 'alpha': 0.6300173519073748, 'max_depth': 1, 'eta': 0.16814708096842337, 'gamma': 1.1686268974525473, 'num_boost_rounds': 195}. Best is trial 70 with value: 0.017143.
2025-01-02 13:47:20 INFO     Trial 99 pruned. Trial was pruned at iteration 0.
2025-01-02 13:47:20 INFO     Trial 100 pruned. Trial was pruned at iteration 0.
2025-01-02 13:47:21 INFO     Trial 101 finished with value: 0.017137 and parameters: {'max_delta_step': 62.03173202917007, 'colsample_bytree': 0.5625474565114053, 'subsample': 0.629075251974226, 'min_child_weight': 90.39097481448712, 'min_data_in_leaf': 19.109731681163886, 'lambda': 9.71827640000269, 'alpha': 0.8544094346956184, 'max_depth': 1, 'eta': 0.19157981200131938, 'gamma': 3.7510320850393715, 'num_boost_rounds': 190}. Best is trial 70 with value: 0.017143.
2025-01-02 13:47:21 INFO     Trial 102 finished with value: 0.017137 and parameters: {'max_delta_step': 65.36871448566303, 'colsample_bytree': 0.5283477648686778, 'subsample': 0.6598745629772523, 'min_child_weight': 85.80203391482587, 'min_data_in_leaf': 18.92422808940427, 'lambda': 9.512046424440946, 'alpha': 0.03742316789740596, 'max_depth': 1, 'eta': 0.1971664204536297, 'gamma': 3.252263760613456, 'num_boost_rounds': 180}. Best is trial 70 with value: 0.017143.
2025-01-02 13:47:22 INFO     Trial 103 finished with value: 0.01711 and parameters: {'max_delta_step': 58.04722846811726, 'colsample_bytree': 0.5461062801977045, 'subsample': 0.7272171934567901, 'min_child_weight': 93.2994016602694, 'min_data_in_leaf': 14.28274096198413, 'lambda': 9.680150825895396, 'alpha': 1.119474777235395, 'max_depth': 1, 'eta': 0.18670613153198207, 'gamma': 1.7750191100481953, 'num_boost_rounds': 200}. Best is trial 70 with value: 0.017143.
2025-01-02 13:47:23 INFO     Trial 104 finished with value: 0.006005 and parameters: {'max_delta_step': 61.51368391212493, 'colsample_bytree': 0.5849358237667762, 'subsample': 0.6865979311425253, 'min_child_weight': 97.70327990041713, 'min_data_in_leaf': 11.644664140481407, 'lambda': 9.100901368862806, 'alpha': 0.7794168872219969, 'max_depth': 1, 'eta': 0.1999904428273234, 'gamma': 3.629280497602873, 'num_boost_rounds': 175}. Best is trial 70 with value: 0.017143.
2025-01-02 13:47:23 INFO     Trial 105 finished with value: 0.017088 and parameters: {'max_delta_step': 50.32666951062572, 'colsample_bytree': 0.5579715905258038, 'subsample': 0.7104190156705784, 'min_child_weight': 95.2322311835568, 'min_data_in_leaf': 20.36240775090871, 'lambda': 9.349912946522384, 'alpha': 0.4274595505569633, 'max_depth': 1, 'eta': 0.17769658988231007, 'gamma': 3.019014054628497, 'num_boost_rounds': 190}. Best is trial 70 with value: 0.017143.
2025-01-02 13:47:24 INFO     Trial 106 finished with value: 0.006536 and parameters: {'max_delta_step': 46.49731186783073, 'colsample_bytree': 0.5720393584589669, 'subsample': 0.614583271538073, 'min_child_weight': 76.70663386216782, 'min_data_in_leaf': 20.983333879668184, 'lambda': 9.720867303048609, 'alpha': 0.5127886432257474, 'max_depth': 1, 'eta': 0.19234192204669304, 'gamma': 2.529927398832363, 'num_boost_rounds': 185}. Best is trial 70 with value: 0.017143.
2025-01-02 13:47:24 INFO     Trial 107 finished with value: 0.016995 and parameters: {'max_delta_step': 67.59565206969202, 'colsample_bytree': 0.8185094426389402, 'subsample': 0.5925589534218043, 'min_child_weight': 83.94455204554957, 'min_data_in_leaf': 10.830954943078206, 'lambda': 8.956429552563192, 'alpha': 2.5960082170609025, 'max_depth': 1, 'eta': 0.09813916602089635, 'gamma': 0.7069674979644731, 'num_boost_rounds': 195}. Best is trial 70 with value: 0.017143.
2025-01-02 13:47:25 INFO     Trial 108 finished with value: 0.017088 and parameters: {'max_delta_step': 56.33040579312878, 'colsample_bytree': 0.5232435940310781, 'subsample': 0.6959983680961362, 'min_child_weight': 88.18256100916575, 'min_data_in_leaf': 18.058523227607772, 'lambda': 9.290336688682366, 'alpha': 1.3646742525628006, 'max_depth': 1, 'eta': 0.18135305612024963, 'gamma': 2.2090902012949556, 'num_boost_rounds': 170}. Best is trial 70 with value: 0.017143.
2025-01-02 13:47:26 INFO     Trial 109 finished with value: 0.006536 and parameters: {'max_delta_step': 53.65316232115117, 'colsample_bytree': 0.5901186628400394, 'subsample': 0.6756094318294301, 'min_child_weight': 80.0077361069667, 'min_data_in_leaf': 19.843419235512158, 'lambda': 6.618719298885337, 'alpha': 1.7805910366615907, 'max_depth': 1, 'eta': 0.18841323223783152, 'gamma': 3.1290354832164087, 'num_boost_rounds': 135}. Best is trial 70 with value: 0.017143.
2025-01-02 13:47:26 INFO     Trial 110 finished with value: 0.006536 and parameters: {'max_delta_step': 49.86421199210071, 'colsample_bytree': 0.604003830178925, 'subsample': 0.6543485818694584, 'min_child_weight': 91.66469769708412, 'min_data_in_leaf': 13.128593137235551, 'lambda': 8.656226339899696, 'alpha': 0.24731922215646418, 'max_depth': 1, 'eta': 0.19607184681400136, 'gamma': 4.0160805028718976, 'num_boost_rounds': 120}. Best is trial 70 with value: 0.017143.
2025-01-02 13:47:27 INFO     Trial 111 finished with value: 0.017139 and parameters: {'max_delta_step': 59.410294283250806, 'colsample_bytree': 0.5670218574475411, 'subsample': 0.6892303544805218, 'min_child_weight': 84.89242200290394, 'min_data_in_leaf': 18.5145366446367, 'lambda': 9.894260325951414, 'alpha': 1.4778690985739984, 'max_depth': 1, 'eta': 0.1968984104085999, 'gamma': 2.9035830039965265, 'num_boost_rounds': 195}. Best is trial 70 with value: 0.017143.
2025-01-02 13:47:27 INFO     Trial 112 pruned. Trial was pruned at iteration 0.
2025-01-02 13:47:28 INFO     Trial 113 pruned. Trial was pruned at iteration 0.
2025-01-02 13:47:28 INFO     Trial 114 finished with value: 0.006536 and parameters: {'max_delta_step': 64.76990619798075, 'colsample_bytree': 0.5754257399417017, 'subsample': 0.7025552996775742, 'min_child_weight': 84.90890185891985, 'min_data_in_leaf': 17.361590498445462, 'lambda': 9.7689948039022, 'alpha': 1.0939617808165405, 'max_depth': 1, 'eta': 0.19520312142741802, 'gamma': 1.6015541743721866, 'num_boost_rounds': 200}. Best is trial 70 with value: 0.017143.
2025-01-02 13:47:29 INFO     Trial 115 pruned. Trial was pruned at iteration 0.
2025-01-02 13:47:29 INFO     Trial 116 finished with value: 0.004253 and parameters: {'max_delta_step': 47.56108403339225, 'colsample_bytree': 0.7725463549758617, 'subsample': 0.6673563640187858, 'min_child_weight': 81.56366600638744, 'min_data_in_leaf': 17.060006162233925, 'lambda': 9.05638103024647, 'alpha': 0.5610978796029669, 'max_depth': 1, 'eta': 0.19955082971671367, 'gamma': 2.6188336683871087, 'num_boost_rounds': 185}. Best is trial 70 with value: 0.017143.
2025-01-02 13:47:30 INFO     Trial 117 finished with value: 0.006536 and parameters: {'max_delta_step': 62.119290770060495, 'colsample_bytree': 0.7015277516575839, 'subsample': 0.6881826552069497, 'min_child_weight': 86.14506229942796, 'min_data_in_leaf': 18.944659223836503, 'lambda': 9.788942437260818, 'alpha': 2.338637964459471, 'max_depth': 1, 'eta': 0.18856348536442497, 'gamma': 2.295979939628037, 'num_boost_rounds': 175}. Best is trial 70 with value: 0.017143.
2025-01-02 13:47:30 INFO     Trial 118 finished with value: 0.017088 and parameters: {'max_delta_step': 43.80673115210459, 'colsample_bytree': 0.5122756676729256, 'subsample': 0.6802287816051202, 'min_child_weight': 71.5191150849187, 'min_data_in_leaf': 20.17939628276246, 'lambda': 9.560190844672931, 'alpha': 0.011517556594725864, 'max_depth': 1, 'eta': 0.18405635375021373, 'gamma': 1.3143601914998777, 'num_boost_rounds': 180}. Best is trial 70 with value: 0.017143.
2025-01-02 13:47:31 INFO     Trial 119 finished with value: 0.017088 and parameters: {'max_delta_step': 67.24574827032303, 'colsample_bytree': 0.534690542501396, 'subsample': 0.6423634878246347, 'min_child_weight': 91.35460953593699, 'min_data_in_leaf': 12.002630212424814, 'lambda': 9.257015798199657, 'alpha': 1.4703180659769546, 'max_depth': 1, 'eta': 0.17991099303483685, 'gamma': 3.267486141423859, 'num_boost_rounds': 165}. Best is trial 70 with value: 0.017143.
2025-01-02 13:47:32 INFO     Trial 120 finished with value: 0.017143 and parameters: {'max_delta_step': 54.393936010620614, 'colsample_bytree': 0.545373400998099, 'subsample': 0.7214913502850593, 'min_child_weight': 99.98049254386184, 'min_data_in_leaf': 13.62306560879488, 'lambda': 8.44832300906321, 'alpha': 0.9666671150169514, 'max_depth': 1, 'eta': 0.19242470727301497, 'gamma': 1.9671430966106307, 'num_boost_rounds': 195}. Best is trial 70 with value: 0.017143.
2025-01-02 13:47:32 INFO     Trial 121 finished with value: 0.017143 and parameters: {'max_delta_step': 55.1575121593444, 'colsample_bytree': 0.550144953600185, 'subsample': 0.7234154211203093, 'min_child_weight': 97.53228319854752, 'min_data_in_leaf': 13.776424017212122, 'lambda': 8.423363126255122, 'alpha': 0.9733914052744403, 'max_depth': 1, 'eta': 0.19307951608917628, 'gamma': 1.747707546841073, 'num_boost_rounds': 195}. Best is trial 70 with value: 0.017143.
2025-01-02 13:47:33 INFO     Trial 122 pruned. Trial was pruned at iteration 0.
2025-01-02 13:47:33 INFO     Trial 123 finished with value: 0.017143 and parameters: {'max_delta_step': 57.159157260971675, 'colsample_bytree': 0.525932649675557, 'subsample': 0.7232541740157746, 'min_child_weight': 96.59636847339338, 'min_data_in_leaf': 12.931361140867349, 'lambda': 8.417780018717139, 'alpha': 1.1200547268588426, 'max_depth': 1, 'eta': 0.18766523609712113, 'gamma': 1.653720469251628, 'num_boost_rounds': 200}. Best is trial 70 with value: 0.017143.
2025-01-02 13:47:34 INFO     Trial 124 pruned. Trial was pruned at iteration 0.
2025-01-02 13:47:34 INFO     Trial 125 finished with value: 0.017088 and parameters: {'max_delta_step': 51.93470438673564, 'colsample_bytree': 0.5398467297467467, 'subsample': 0.7246506463874891, 'min_child_weight': 99.75895523668584, 'min_data_in_leaf': 14.00383950611707, 'lambda': 8.854786276254895, 'alpha': 1.1731595500170302, 'max_depth': 1, 'eta': 0.1785787284073825, 'gamma': 1.4486062061904397, 'num_boost_rounds': 195}. Best is trial 70 with value: 0.017143.
2025-01-02 13:47:35 INFO     Trial 126 pruned. Trial was pruned at iteration 0.
2025-01-02 13:47:35 INFO     Trial 127 pruned. Trial was pruned at iteration 0.
2025-01-02 13:47:36 INFO     Trial 128 finished with value: 0.017088 and parameters: {'max_delta_step': 58.4406576928728, 'colsample_bytree': 0.5517384532515756, 'subsample': 0.7080241093512761, 'min_child_weight': 93.0658451417195, 'min_data_in_leaf': 13.215978763629916, 'lambda': 8.600077425946084, 'alpha': 1.2369933619574733, 'max_depth': 1, 'eta': 0.18369674434422614, 'gamma': 1.8328555736515826, 'num_boost_rounds': 185}. Best is trial 70 with value: 0.017143.
2025-01-02 13:47:36 INFO     Trial 129 finished with value: 0.00871 and parameters: {'max_delta_step': 48.38515247537184, 'colsample_bytree': 0.582081161238191, 'subsample': 0.7156445465722506, 'min_child_weight': 97.20456054576978, 'min_data_in_leaf': 14.833694877448131, 'lambda': 7.6229103770673525, 'alpha': 0.21755587469623094, 'max_depth': 1, 'eta': 0.1761146724517971, 'gamma': 1.5858195176502985, 'num_boost_rounds': 190}. Best is trial 70 with value: 0.017143.
2025-01-02 13:47:37 INFO     Trial 130 pruned. Trial was pruned at iteration 0.
2025-01-02 13:47:37 INFO     Trial 131 pruned. Trial was pruned at iteration 0.
2025-01-02 13:47:38 INFO     Trial 132 finished with value: 0.017137 and parameters: {'max_delta_step': 56.360844611166776, 'colsample_bytree': 0.5417579240894608, 'subsample': 0.6280730836131995, 'min_child_weight': 99.28948751006898, 'min_data_in_leaf': 15.675813758094401, 'lambda': 8.759629140335042, 'alpha': 1.4026417797475594, 'max_depth': 1, 'eta': 0.188998379804577, 'gamma': 1.401552908950855, 'num_boost_rounds': 195}. Best is trial 70 with value: 0.017143.
2025-01-02 13:47:38 INFO     Trial 133 finished with value: 0.017137 and parameters: {'max_delta_step': 59.22018124304855, 'colsample_bytree': 0.5666398350070789, 'subsample': 0.6772976314049285, 'min_child_weight': 37.077923075769085, 'min_data_in_leaf': 13.922726893612596, 'lambda': 5.8923969867059185, 'alpha': 1.9008123495228855, 'max_depth': 1, 'eta': 0.19612264811815813, 'gamma': 1.6539568288626798, 'num_boost_rounds': 190}. Best is trial 70 with value: 0.017143.
2025-01-02 13:47:39 INFO     Trial 134 pruned. Trial was pruned at iteration 0.
2025-01-02 13:47:39 INFO     Trial 135 pruned. Trial was pruned at iteration 9.
2025-01-02 13:47:40 INFO     Trial 136 finished with value: 0.017088 and parameters: {'max_delta_step': 54.304098721140626, 'colsample_bytree': 0.5481899838128663, 'subsample': 0.6664343590166019, 'min_child_weight': 87.57725333973688, 'min_data_in_leaf': 12.023402896308436, 'lambda': 5.535446138568874, 'alpha': 0.997665060057512, 'max_depth': 1, 'eta': 0.1813172824012644, 'gamma': 3.7434627374902645, 'num_boost_rounds': 195}. Best is trial 70 with value: 0.017143.
2025-01-02 13:47:40 INFO     Trial 137 finished with value: 0.017041 and parameters: {'max_delta_step': 57.08362340557928, 'colsample_bytree': 0.5331096897464397, 'subsample': 0.7120998880644899, 'min_child_weight': 97.55342742445649, 'min_data_in_leaf': 10.830499421743607, 'lambda': 8.412974511832228, 'alpha': 1.3267262633981656, 'max_depth': 1, 'eta': 0.12484039643285222, 'gamma': 2.9548645624797976, 'num_boost_rounds': 135}. Best is trial 70 with value: 0.017143.
2025-01-02 13:47:41 INFO     Trial 138 pruned. Trial was pruned at iteration 9.
2025-01-02 13:47:42 INFO     Trial 139 pruned. Trial was pruned at iteration 9.
2025-01-02 13:47:42 INFO     Trial 140 pruned. Trial was pruned at iteration 0.
2025-01-02 13:47:43 INFO     Trial 141 finished with value: 0.017137 and parameters: {'max_delta_step': 59.960923779456195, 'colsample_bytree': 0.5661504632901463, 'subsample': 0.6939994404847486, 'min_child_weight': 83.40725727656199, 'min_data_in_leaf': 18.594446058228094, 'lambda': 9.880450076733352, 'alpha': 1.6106914136886064, 'max_depth': 1, 'eta': 0.19307354060851178, 'gamma': 2.63649017864085, 'num_boost_rounds': 175}. Best is trial 70 with value: 0.017143.
2025-01-02 13:47:43 INFO     Trial 142 finished with value: 0.017137 and parameters: {'max_delta_step': 62.76160913102562, 'colsample_bytree': 0.5513771226051176, 'subsample': 0.6532158225068792, 'min_child_weight': 76.31180751931083, 'min_data_in_leaf': 19.675896988250894, 'lambda': 9.713046636059994, 'alpha': 0.8697374341082875, 'max_depth': 1, 'eta': 0.19943751787671612, 'gamma': 2.2924784454741607, 'num_boost_rounds': 195}. Best is trial 70 with value: 0.017143.
