2025-01-02 22:07:31 INFO     Trial 61 pruned. Trial was pruned at iteration 1.
2025-01-02 22:07:32 INFO     Trial 62 pruned. Trial was pruned at iteration 1.
2025-01-02 22:07:32 INFO     Trial 63 pruned. Trial was pruned at iteration 0.
2025-01-02 22:07:32 INFO     Trial 64 pruned. Trial was pruned at iteration 0.
2025-01-02 22:07:33 INFO     Trial 65 pruned. Trial was pruned at iteration 0.
2025-01-02 22:07:33 INFO     Trial 66 pruned. Trial was pruned at iteration 0.
2025-01-02 22:07:34 INFO     Trial 67 finished with value: 0.015288 and parameters: {'max_delta_step': 6.034015202817791, 'colsample_bytree': 0.785016927957615, 'subsample': 0.7829451536952039, 'min_child_weight': 38.67070446552459, 'min_data_in_leaf': 19.318242998224093, 'lambda': 2.8173643912478963, 'alpha': 7.179078510572017, 'max_depth': 5, 'eta': 0.24240097722949427, 'gamma': 5.809608505251329, 'num_boost_rounds': 115}. Best is trial 9 with value: 0.016451.
2025-01-02 22:07:34 INFO     Trial 68 pruned. Trial was pruned at iteration 0.
2025-01-02 22:07:35 INFO     Trial 69 pruned. Trial was pruned at iteration 0.
2025-01-02 22:07:35 INFO     Trial 70 pruned. Trial was pruned at iteration 0.
2025-01-02 22:07:35 INFO     Trial 71 pruned. Trial was pruned at iteration 0.
2025-01-02 22:07:36 INFO     Trial 72 pruned. Trial was pruned at iteration 0.
2025-01-02 22:07:36 INFO     Trial 73 pruned. Trial was pruned at iteration 1.
2025-01-02 22:07:37 INFO     Trial 74 pruned. Trial was pruned at iteration 0.
2025-01-02 22:07:37 INFO     Trial 75 pruned. Trial was pruned at iteration 1.
2025-01-02 22:07:37 INFO     Trial 76 pruned. Trial was pruned at iteration 0.
2025-01-02 22:07:38 INFO     Trial 77 pruned. Trial was pruned at iteration 0.
2025-01-02 22:07:38 INFO     Trial 78 pruned. Trial was pruned at iteration 0.
2025-01-02 22:07:39 INFO     Trial 79 pruned. Trial was pruned at iteration 0.
2025-01-02 22:07:39 INFO     Trial 80 finished with value: 0.01617 and parameters: {'max_delta_step': 81.5839215865357, 'colsample_bytree': 0.9287730448858471, 'subsample': 0.8865281295601806, 'min_child_weight': 22.51433172457048, 'min_data_in_leaf': 15.98220237097128, 'lambda': 1.1980911872558555, 'alpha': 4.597384621563492, 'max_depth': 5, 'eta': 0.11521182743124259, 'gamma': 4.334033157178978, 'num_boost_rounds': 140}. Best is trial 9 with value: 0.016451.
2025-01-02 22:07:40 INFO     Trial 81 pruned. Trial was pruned at iteration 0.
2025-01-02 22:07:40 INFO     Trial 82 pruned. Trial was pruned at iteration 0.
2025-01-02 22:07:41 INFO     Trial 83 finished with value: 0.016266 and parameters: {'max_delta_step': 87.54259507690138, 'colsample_bytree': 0.9121393957722542, 'subsample': 0.7687940309407909, 'min_child_weight': 22.646559927971083, 'min_data_in_leaf': 17.55922328710524, 'lambda': 3.158446910999846, 'alpha': 7.427843397698117, 'max_depth': 5, 'eta': 0.11569384217762388, 'gamma': 5.289414524246328, 'num_boost_rounds': 140}. Best is trial 9 with value: 0.016451.
2025-01-02 22:07:41 INFO     Trial 84 finished with value: 0.016978 and parameters: {'max_delta_step': 88.23643683500357, 'colsample_bytree': 0.9099584937999667, 'subsample': 0.737979908132262, 'min_child_weight': 11.652790860909665, 'min_data_in_leaf': 14.73527975320442, 'lambda': 3.0917546868082235, 'alpha': 7.399498820173809, 'max_depth': 5, 'eta': 0.051997921289938034, 'gamma': 5.321318560999113, 'num_boost_rounds': 105}. Best is trial 84 with value: 0.016978.
2025-01-02 22:07:42 INFO     Trial 85 finished with value: 0.016288 and parameters: {'max_delta_step': 90.61296088530274, 'colsample_bytree': 0.9153596711902242, 'subsample': 0.7404130400246655, 'min_child_weight': 5.969153907884226, 'min_data_in_leaf': 12.01725838850779, 'lambda': 3.006292352476483, 'alpha': 0.06456955326077285, 'max_depth': 5, 'eta': 0.06481532162756269, 'gamma': 4.869420497308115, 'num_boost_rounds': 105}. Best is trial 84 with value: 0.016978.
2025-01-02 22:07:43 INFO     Trial 86 finished with value: 0.016134 and parameters: {'max_delta_step': 89.25539179822226, 'colsample_bytree': 0.9156298874749804, 'subsample': 0.7641239519891496, 'min_child_weight': 9.759507266249521, 'min_data_in_leaf': 12.19703769637624, 'lambda': 3.271421373724104, 'alpha': 7.59232234581852, 'max_depth': 5, 'eta': 0.09151855382771569, 'gamma': 5.19735505310476, 'num_boost_rounds': 105}. Best is trial 84 with value: 0.016978.
2025-01-02 22:07:43 INFO     Trial 87 finished with value: 0.014874 and parameters: {'max_delta_step': 96.07493956730127, 'colsample_bytree': 0.9009155114794796, 'subsample': 0.7144243344123982, 'min_child_weight': 6.13997921798902, 'min_data_in_leaf': 11.214233694625182, 'lambda': 2.9790607262016735, 'alpha': 7.223257118346794, 'max_depth': 5, 'eta': 0.064423926614132, 'gamma': 4.785429379480815, 'num_boost_rounds': 120}. Best is trial 84 with value: 0.016978.
2025-01-02 22:07:44 INFO     Trial 88 finished with value: 0.015173 and parameters: {'max_delta_step': 92.79437170982432, 'colsample_bytree': 0.8914388488946781, 'subsample': 0.6994756097702315, 'min_child_weight': 14.440981991102781, 'min_data_in_leaf': 14.710566670948289, 'lambda': 3.876322235155098, 'alpha': 1.2816384599204478, 'max_depth': 5, 'eta': 0.1324635249241107, 'gamma': 5.328480795523376, 'num_boost_rounds': 95}. Best is trial 84 with value: 0.016978.
2025-01-02 22:07:44 INFO     Trial 89 pruned. Trial was pruned at iteration 0.
2025-01-02 22:07:45 INFO     Trial 90 finished with value: 0.015777 and parameters: {'max_delta_step': 77.7650724249456, 'colsample_bytree': 0.7827987276554348, 'subsample': 0.7380240530683325, 'min_child_weight': 11.411792342166963, 'min_data_in_leaf': 17.326929008928452, 'lambda': 2.5575317877875903, 'alpha': 9.263137383393847, 'max_depth': 5, 'eta': 0.2761434434751356, 'gamma': 6.013464471345406, 'num_boost_rounds': 110}. Best is trial 84 with value: 0.016978.
2025-01-02 22:07:45 INFO     Trial 91 pruned. Trial was pruned at iteration 0.
2025-01-02 22:07:46 INFO     Trial 92 finished with value: 0.01692 and parameters: {'max_delta_step': 89.0290711207814, 'colsample_bytree': 0.9928923897523836, 'subsample': 0.7742855130628316, 'min_child_weight': 3.7696222447134833, 'min_data_in_leaf': 10.287455619719019, 'lambda': 2.1999557655725837, 'alpha': 0.5238693642703299, 'max_depth': 5, 'eta': 0.0441757308181511, 'gamma': 6.382412641117574, 'num_boost_rounds': 130}. Best is trial 84 with value: 0.016978.
2025-01-02 22:07:47 INFO     Trial 93 finished with value: 0.016472 and parameters: {'max_delta_step': 87.74022727662657, 'colsample_bytree': 0.9905609118143278, 'subsample': 0.7759408053107469, 'min_child_weight': 18.740543140090868, 'min_data_in_leaf': 10.58523929975614, 'lambda': 2.1727453962067473, 'alpha': 0.5962137063405395, 'max_depth': 5, 'eta': 0.0472901492604627, 'gamma': 6.248080947283506, 'num_boost_rounds': 130}. Best is trial 84 with value: 0.016978.
2025-01-02 22:07:47 INFO     Trial 94 finished with value: 0.016963 and parameters: {'max_delta_step': 94.37963589945277, 'colsample_bytree': 0.9874952861026012, 'subsample': 0.772725089214278, 'min_child_weight': 18.77105226208173, 'min_data_in_leaf': 10.396529464888475, 'lambda': 2.1627613316497656, 'alpha': 0.6062297001301837, 'max_depth': 5, 'eta': 0.043150468040791354, 'gamma': 6.511005400061203, 'num_boost_rounds': 125}. Best is trial 84 with value: 0.016978.
2025-01-02 22:07:48 INFO     Trial 95 finished with value: 0.016912 and parameters: {'max_delta_step': 97.42966581397312, 'colsample_bytree': 0.9994254775460831, 'subsample': 0.7507439881912117, 'min_child_weight': 1.142007773287601, 'min_data_in_leaf': 10.056960745112665, 'lambda': 2.1985140908670693, 'alpha': 0.7267060606207734, 'max_depth': 5, 'eta': 0.043991055930999085, 'gamma': 6.418988792138734, 'num_boost_rounds': 130}. Best is trial 84 with value: 0.016978.
2025-01-02 22:07:48 INFO     Trial 96 finished with value: 0.015856 and parameters: {'max_delta_step': 94.54065676328096, 'colsample_bytree': 0.9945000916097229, 'subsample': 0.7846939579192896, 'min_child_weight': 1.13081748335102, 'min_data_in_leaf': 10.26304443675971, 'lambda': 2.1348442613233796, 'alpha': 0.654857431064944, 'max_depth': 5, 'eta': 0.04556439651466049, 'gamma': 6.446619833881009, 'num_boost_rounds': 130}. Best is trial 84 with value: 0.016978.
2025-01-02 22:07:49 INFO     Trial 97 finished with value: 0.015878 and parameters: {'max_delta_step': 99.7621057240379, 'colsample_bytree': 0.9780633431454137, 'subsample': 0.7574151996847616, 'min_child_weight': 3.785440861494198, 'min_data_in_leaf': 10.307201470351508, 'lambda': 2.4010069885128504, 'alpha': 0.46312998141879175, 'max_depth': 5, 'eta': 0.026710920268205568, 'gamma': 6.661197423896219, 'num_boost_rounds': 125}. Best is trial 84 with value: 0.016978.
2025-01-02 22:07:50 INFO     Trial 98 finished with value: 0.015878 and parameters: {'max_delta_step': 94.39909629457036, 'colsample_bytree': 0.9958339684336349, 'subsample': 0.7925553015530268, 'min_child_weight': 14.34071581469509, 'min_data_in_leaf': 10.505409775248316, 'lambda': 1.7953355813122518, 'alpha': 0.9521350712170924, 'max_depth': 5, 'eta': 0.019137130551381068, 'gamma': 6.122175129333312, 'num_boost_rounds': 130}. Best is trial 84 with value: 0.016978.
2025-01-02 22:07:50 INFO     Trial 99 finished with value: 0.017051 and parameters: {'max_delta_step': 96.49542553224074, 'colsample_bytree': 0.9483900503011995, 'subsample': 0.7735083780050421, 'min_child_weight': 17.318684843324682, 'min_data_in_leaf': 10.812769719594684, 'lambda': 2.210346064882182, 'alpha': 1.6860131229897313, 'max_depth': 5, 'eta': 0.03647300853523379, 'gamma': 6.822950598543615, 'num_boost_rounds': 120}. Best is trial 99 with value: 0.017051.
2025-01-02 22:07:51 INFO     Trial 100 finished with value: 0.016949 and parameters: {'max_delta_step': 97.58884605185644, 'colsample_bytree': 0.949782051085631, 'subsample': 0.7726571275002352, 'min_child_weight': 19.9117019315535, 'min_data_in_leaf': 10.93638765613597, 'lambda': 2.6895555152602806, 'alpha': 0.24057491455604163, 'max_depth': 5, 'eta': 0.03527779380818987, 'gamma': 7.137533171321682, 'num_boost_rounds': 120}. Best is trial 99 with value: 0.017051.
2025-01-02 22:07:52 INFO     Trial 101 finished with value: 0.015878 and parameters: {'max_delta_step': 97.95274014759687, 'colsample_bytree': 0.9521637223889818, 'subsample': 0.7769713113902995, 'min_child_weight': 21.566495213068194, 'min_data_in_leaf': 11.08664462003696, 'lambda': 2.6727801828116418, 'alpha': 0.2519654622472362, 'max_depth': 5, 'eta': 0.035662960963391145, 'gamma': 6.8661714719837414, 'num_boost_rounds': 120}. Best is trial 99 with value: 0.017051.
2025-01-02 22:07:52 INFO     Trial 102 finished with value: 0.015996 and parameters: {'max_delta_step': 97.61149777342975, 'colsample_bytree': 0.9732782237356914, 'subsample': 0.7460778457579499, 'min_child_weight': 17.19439510362955, 'min_data_in_leaf': 10.98684248828668, 'lambda': 2.266991003905233, 'alpha': 0.7182239236614515, 'max_depth': 5, 'eta': 0.0009646247449549145, 'gamma': 7.031165164751523, 'num_boost_rounds': 115}. Best is trial 99 with value: 0.017051.
2025-01-02 22:07:53 INFO     Trial 103 finished with value: 0.015694 and parameters: {'max_delta_step': 94.03360864413804, 'colsample_bytree': 0.9531957145925851, 'subsample': 0.8104977054796824, 'min_child_weight': 18.64852149905894, 'min_data_in_leaf': 10.738487661461235, 'lambda': 2.0340603149038747, 'alpha': 1.6228769270223302, 'max_depth': 5, 'eta': 0.05534617778918671, 'gamma': 7.235577571942424, 'num_boost_rounds': 125}. Best is trial 99 with value: 0.017051.
2025-01-02 22:07:54 INFO     Trial 104 finished with value: 0.016949 and parameters: {'max_delta_step': 85.14809194911307, 'colsample_bytree': 0.9990430024860799, 'subsample': 0.7691795629672524, 'min_child_weight': 25.244140828413396, 'min_data_in_leaf': 11.629834940239673, 'lambda': 1.6408769507047911, 'alpha': 0.4688721459301208, 'max_depth': 5, 'eta': 0.037603134340987734, 'gamma': 6.506948516770043, 'num_boost_rounds': 115}. Best is trial 99 with value: 0.017051.
2025-01-02 22:07:54 INFO     Trial 105 pruned. Trial was pruned at iteration 0.
2025-01-02 22:07:55 INFO     Trial 106 finished with value: 0.016011 and parameters: {'max_delta_step': 84.22892575878416, 'colsample_bytree': 0.9983592952349242, 'subsample': 0.7894956774288797, 'min_child_weight': 24.279298226773776, 'min_data_in_leaf': 12.692199876487408, 'lambda': 2.370687721541673, 'alpha': 0.30913674238897043, 'max_depth': 5, 'eta': 0.03269015328700319, 'gamma': 7.576225948406255, 'num_boost_rounds': 135}. Best is trial 99 with value: 0.017051.
2025-01-02 22:07:55 INFO     Trial 107 finished with value: 0.016912 and parameters: {'max_delta_step': 89.22791807688193, 'colsample_bytree': 0.9727092633934663, 'subsample': 0.7284052849703347, 'min_child_weight': 12.685726824895076, 'min_data_in_leaf': 10.110608050515829, 'lambda': 1.747351814438062, 'alpha': 0.9156459203729204, 'max_depth': 5, 'eta': 0.024532400875014716, 'gamma': 6.768295399984064, 'num_boost_rounds': 100}. Best is trial 99 with value: 0.017051.
2025-01-02 22:07:56 INFO     Trial 108 finished with value: 0.015878 and parameters: {'max_delta_step': 90.00653142927399, 'colsample_bytree': 0.9719504930102765, 'subsample': 0.7693630332164746, 'min_child_weight': 13.200191243171668, 'min_data_in_leaf': 10.700968697473163, 'lambda': 1.4633816542708038, 'alpha': 0.8555360846530573, 'max_depth': 5, 'eta': 0.022783869284016642, 'gamma': 6.8422092532283205, 'num_boost_rounds': 120}. Best is trial 99 with value: 0.017051.
2025-01-02 22:07:57 INFO     Trial 109 finished with value: 0.016978 and parameters: {'max_delta_step': 95.79546276532733, 'colsample_bytree': 0.9843475282721427, 'subsample': 0.725631978924425, 'min_child_weight': 16.65348589974583, 'min_data_in_leaf': 12.299614413323512, 'lambda': 1.7366521791523577, 'alpha': 0.6033194472866708, 'max_depth': 5, 'eta': 0.04868333666287637, 'gamma': 7.326508687589384, 'num_boost_rounds': 100}. Best is trial 99 with value: 0.017051.
2025-01-02 22:07:57 INFO     Trial 110 finished with value: 0.015789 and parameters: {'max_delta_step': 96.80142416719092, 'colsample_bytree': 0.9880854460923091, 'subsample': 0.7350822509211022, 'min_child_weight': 18.347563156148553, 'min_data_in_leaf': 10.044010828103419, 'lambda': 2.777388185768006, 'alpha': 1.3114478575593, 'max_depth': 5, 'eta': 0.04975543989590496, 'gamma': 7.332035919282599, 'num_boost_rounds': 100}. Best is trial 99 with value: 0.017051.
2025-01-02 22:07:58 INFO     Trial 111 finished with value: 0.016912 and parameters: {'max_delta_step': 92.38323398071883, 'colsample_bytree': 0.961280132680304, 'subsample': 0.7180444438671946, 'min_child_weight': 8.40668179778947, 'min_data_in_leaf': 12.212712542786738, 'lambda': 1.7672721462292103, 'alpha': 0.5533504991220686, 'max_depth': 5, 'eta': 0.041290863680564206, 'gamma': 7.827423430603825, 'num_boost_rounds': 110}. Best is trial 99 with value: 0.017051.
2025-01-02 22:07:58 INFO     Trial 112 finished with value: 0.015708 and parameters: {'max_delta_step': 93.13844257218271, 'colsample_bytree': 0.9377394401842812, 'subsample': 0.7287912979499531, 'min_child_weight': 9.285025222733173, 'min_data_in_leaf': 12.194650722863823, 'lambda': 1.7662371739988636, 'alpha': 0.5889395675707956, 'max_depth': 5, 'eta': 0.016632560810276652, 'gamma': 7.817084379607576, 'num_boost_rounds': 110}. Best is trial 99 with value: 0.017051.
2025-01-02 22:07:59 INFO     Trial 113 finished with value: 0.016912 and parameters: {'max_delta_step': 88.69237873616503, 'colsample_bytree': 0.9630795630681149, 'subsample': 0.718856725751699, 'min_child_weight': 12.015963190737175, 'min_data_in_leaf': 11.432023006071043, 'lambda': 2.179338138321389, 'alpha': 0.9761449361287488, 'max_depth': 5, 'eta': 0.03970856323965501, 'gamma': 8.183204743018315, 'num_boost_rounds': 125}. Best is trial 99 with value: 0.017051.
2025-01-02 22:08:00 INFO     Trial 114 finished with value: 0.016956 and parameters: {'max_delta_step': 87.86441277617408, 'colsample_bytree': 0.9799813071173422, 'subsample': 0.7163434934550277, 'min_child_weight': 16.45034509744854, 'min_data_in_leaf': 11.31552642213977, 'lambda': 2.1369701134025614, 'alpha': 0.9846495470073247, 'max_depth': 5, 'eta': 0.041765359275960943, 'gamma': 8.158804637312496, 'num_boost_rounds': 125}. Best is trial 99 with value: 0.017051.
2025-01-02 22:08:00 INFO     Trial 115 finished with value: 0.016905 and parameters: {'max_delta_step': 92.15797661370385, 'colsample_bytree': 0.961203971244666, 'subsample': 0.7170568334403864, 'min_child_weight': 16.07570195143414, 'min_data_in_leaf': 11.688738994602952, 'lambda': 1.8869796124506508, 'alpha': 1.0545690807946235, 'max_depth': 5, 'eta': 0.04025191517909341, 'gamma': 8.21801645840595, 'num_boost_rounds': 115}. Best is trial 99 with value: 0.017051.
2025-01-02 22:08:01 INFO     Trial 116 finished with value: 0.016905 and parameters: {'max_delta_step': 95.4405076520374, 'colsample_bytree': 0.9796945095690934, 'subsample': 0.7050504471664654, 'min_child_weight': 11.62457692655828, 'min_data_in_leaf': 11.383539369447217, 'lambda': 2.510112323950075, 'alpha': 1.4289414760438621, 'max_depth': 5, 'eta': 0.029618903855560538, 'gamma': 8.572023542067743, 'num_boost_rounds': 90}. Best is trial 99 with value: 0.017051.
2025-01-02 22:08:02 INFO     Trial 117 finished with value: 0.015885 and parameters: {'max_delta_step': 99.65717195263726, 'colsample_bytree': 0.9454656882967866, 'subsample': 0.7503007307732554, 'min_child_weight': 13.29537626233482, 'min_data_in_leaf': 12.362696585915604, 'lambda': 1.3900555149682305, 'alpha': 0.859712854281738, 'max_depth': 5, 'eta': 0.009492118458695221, 'gamma': 8.126578711290957, 'num_boost_rounds': 95}. Best is trial 99 with value: 0.017051.
2025-01-02 22:08:02 INFO     Trial 118 finished with value: 0.01692 and parameters: {'max_delta_step': 88.85575759403007, 'colsample_bytree': 0.9684376931118989, 'subsample': 0.7201258268694378, 'min_child_weight': 7.742295303692748, 'min_data_in_leaf': 12.804902366202434, 'lambda': 1.9787684316276488, 'alpha': 1.2161858752964312, 'max_depth': 5, 'eta': 0.05722100852548381, 'gamma': 7.667277531993032, 'num_boost_rounds': 125}. Best is trial 99 with value: 0.017051.
2025-01-02 22:08:03 INFO     Trial 119 finished with value: 0.016804 and parameters: {'max_delta_step': 84.40466144127086, 'colsample_bytree': 0.9817132667159153, 'subsample': 0.7423967230553602, 'min_child_weight': 3.6424484922901197, 'min_data_in_leaf': 12.687730494347313, 'lambda': 1.7144685471965087, 'alpha': 1.930800703585569, 'max_depth': 5, 'eta': 0.055204159461467076, 'gamma': 7.6152963617287535, 'num_boost_rounds': 110}. Best is trial 99 with value: 0.017051.
2025-01-02 22:08:03 INFO     Trial 120 pruned. Trial was pruned at iteration 0.
2025-01-02 22:08:04 INFO     Trial 121 finished with value: 0.016912 and parameters: {'max_delta_step': 88.85851045685462, 'colsample_bytree': 0.9679669681104364, 'subsample': 0.7245820645547889, 'min_child_weight': 7.698847000303708, 'min_data_in_leaf': 13.134948222376117, 'lambda': 2.3059945209473116, 'alpha': 0.767487754246414, 'max_depth': 5, 'eta': 0.03642189635636197, 'gamma': 7.790378030021821, 'num_boost_rounds': 125}. Best is trial 99 with value: 0.017051.
2025-01-02 22:08:05 INFO     Trial 122 finished with value: 0.016574 and parameters: {'max_delta_step': 95.49530253752752, 'colsample_bytree': 0.9619676068389957, 'subsample': 0.7136879509540053, 'min_child_weight': 20.446122846953404, 'min_data_in_leaf': 10.950876712442302, 'lambda': 1.5295247147148718, 'alpha': 1.6586590278036017, 'max_depth': 5, 'eta': 0.06865227571976668, 'gamma': 8.014278479931777, 'num_boost_rounds': 135}. Best is trial 99 with value: 0.017051.
2025-01-02 22:08:05 INFO     Trial 123 finished with value: 0.016825 and parameters: {'max_delta_step': 92.47299806631405, 'colsample_bytree': 0.974123195209847, 'subsample': 0.7574049198788552, 'min_child_weight': 11.189056575240713, 'min_data_in_leaf': 10.089852185678733, 'lambda': 1.9716036520758506, 'alpha': 0.9993645521445624, 'max_depth': 5, 'eta': 0.041609604862176915, 'gamma': 8.90048231841107, 'num_boost_rounds': 125}. Best is trial 99 with value: 0.017051.
2025-01-02 22:08:06 INFO     Trial 124 finished with value: 0.015767 and parameters: {'max_delta_step': 89.26602442442368, 'colsample_bytree': 0.9977840468795253, 'subsample': 0.7337092580673295, 'min_child_weight': 9.413781243717215, 'min_data_in_leaf': 11.327382366914419, 'lambda': 2.6528015335697055, 'alpha': 0.22627820273573002, 'max_depth': 5, 'eta': 0.05807930932262689, 'gamma': 7.420410542783114, 'num_boost_rounds': 100}. Best is trial 99 with value: 0.017051.
2025-01-02 22:08:07 INFO     Trial 125 finished with value: 0.016912 and parameters: {'max_delta_step': 85.58408680215281, 'colsample_bytree': 0.929087273792049, 'subsample': 0.7175188076917821, 'min_child_weight': 5.334402703647669, 'min_data_in_leaf': 12.492105455649174, 'lambda': 2.2573818824617184, 'alpha': 0.44461306391868594, 'max_depth': 5, 'eta': 0.03226589382348427, 'gamma': 8.783407753420626, 'num_boost_rounds': 120}. Best is trial 99 with value: 0.017051.
2025-01-02 22:08:07 INFO     Trial 126 pruned. Trial was pruned at iteration 0.
2025-01-02 22:08:07 INFO     Trial 127 pruned. Trial was pruned at iteration 0.
2025-01-02 22:08:08 INFO     Trial 128 pruned. Trial was pruned at iteration 0.
2025-01-02 22:08:08 INFO     Trial 129 finished with value: 0.016332 and parameters: {'max_delta_step': 83.1266397996237, 'colsample_bytree': 0.9579521005271352, 'subsample': 0.7488803522605633, 'min_child_weight': 16.566536824942236, 'min_data_in_leaf': 11.938788410342568, 'lambda': 2.7971026049429097, 'alpha': 0.21605840026511064, 'max_depth': 5, 'eta': 0.0692675112004255, 'gamma': 7.73550025622156, 'num_boost_rounds': 110}. Best is trial 99 with value: 0.017051.
