2025-01-02 12:51:06 INFO     Trial 740 finished with value: 0.016876 and parameters: {'max_delta_step': 14.813501387153753, 'colsample_bytree': 0.9076821445045566, 'subsample': 0.7467255419001381, 'min_child_weight': 15.020182892975512, 'min_data_in_leaf': 15.212578909736974, 'lambda': 1.1142336560277493, 'alpha': 8.085880994814413, 'max_depth': 5, 'eta': 0.03709246621584486, 'gamma': 1.9245329522908396, 'num_boost_rounds': 25}. Best is trial 245 with value: 0.017549.
2025-01-02 12:51:06 INFO     Trial 741 pruned. Trial was pruned at iteration 0.
2025-01-02 12:51:07 INFO     n_estimators: 10
2025-01-02 12:51:07 INFO     Trial 742 finished with value: 0.016545 and parameters: {'max_delta_step': 22.226968807479427, 'colsample_bytree': 0.9416928999788579, 'subsample': 0.7660780996352768, 'min_child_weight': 12.934584364062436, 'min_data_in_leaf': 18.055079091264922, 'lambda': 0.37624943662340704, 'alpha': 7.820395419934304, 'max_depth': 5, 'eta': 0.05741141982289185, 'gamma': 4.166293532304966, 'num_boost_rounds': 30}. Best is trial 245 with value: 0.017549.
2025-01-02 12:51:07 INFO     Trial 743 pruned. Trial was pruned at iteration 0.
2025-01-02 12:51:08 INFO     Trial 744 pruned. Trial was pruned at iteration 1.
2025-01-02 12:51:08 INFO     Trial 745 pruned. Trial was pruned at iteration 1.
2025-01-02 12:51:09 INFO     Trial 746 pruned. Trial was pruned at iteration 1.
2025-01-02 12:51:09 INFO     Trial 747 pruned. Trial was pruned at iteration 1.
2025-01-02 12:51:10 INFO     n_estimators: 10
2025-01-02 12:51:10 INFO     Trial 748 finished with value: 0.017299 and parameters: {'max_delta_step': 21.668441123713237, 'colsample_bytree': 0.9257313829911709, 'subsample': 0.756702527583419, 'min_child_weight': 11.922027382689764, 'min_data_in_leaf': 14.982646129827414, 'lambda': 0.18922340182675676, 'alpha': 8.227454919451585, 'max_depth': 5, 'eta': 0.03241183568925512, 'gamma': 2.0021253294548935, 'num_boost_rounds': 30}. Best is trial 245 with value: 0.017549.
2025-01-02 12:51:10 INFO     Trial 749 pruned. Trial was pruned at iteration 0.
2025-01-02 12:51:11 INFO     Trial 750 pruned. Trial was pruned at iteration 0.
2025-01-02 12:51:11 INFO     Trial 751 pruned. Trial was pruned at iteration 1.
2025-01-02 12:51:11 INFO     Trial 752 pruned. Trial was pruned at iteration 0.
2025-01-02 12:51:12 INFO     Trial 753 pruned. Trial was pruned at iteration 1.
2025-01-02 12:51:12 INFO     n_estimators: 10
2025-01-02 12:51:12 INFO     Trial 754 finished with value: 0.01675 and parameters: {'max_delta_step': 26.841964823385972, 'colsample_bytree': 0.9267107751688428, 'subsample': 0.6532545509729877, 'min_child_weight': 18.246959925455524, 'min_data_in_leaf': 17.346869579807727, 'lambda': 0.1994046358553311, 'alpha': 8.71753749824671, 'max_depth': 5, 'eta': 0.04123602684809989, 'gamma': 1.6101890717153797, 'num_boost_rounds': 20}. Best is trial 245 with value: 0.017549.
2025-01-02 12:51:13 INFO     Trial 755 pruned. Trial was pruned at iteration 1.
2025-01-02 12:51:13 INFO     Trial 756 pruned. Trial was pruned at iteration 0.
2025-01-02 12:51:14 INFO     Trial 757 pruned. Trial was pruned at iteration 1.
2025-01-02 12:51:14 INFO     Trial 758 pruned. Trial was pruned at iteration 0.
2025-01-02 12:51:15 INFO     Trial 759 pruned. Trial was pruned at iteration 1.
2025-01-02 12:51:15 INFO     Trial 760 pruned. Trial was pruned at iteration 1.
2025-01-02 12:51:16 INFO     Trial 761 pruned. Trial was pruned at iteration 1.
2025-01-02 12:51:16 INFO     Trial 762 pruned. Trial was pruned at iteration 0.
2025-01-02 12:51:16 INFO     Trial 763 pruned. Trial was pruned at iteration 1.
2025-01-02 12:51:17 INFO     n_estimators: 10
2025-01-02 12:51:17 INFO     Trial 764 finished with value: 0.017014 and parameters: {'max_delta_step': 24.683421445519972, 'colsample_bytree': 0.9213465075632763, 'subsample': 0.7554769759184676, 'min_child_weight': 10.628025866474296, 'min_data_in_leaf': 17.925345003980794, 'lambda': 1.0063251336021142, 'alpha': 7.783290398215469, 'max_depth': 5, 'eta': 0.020146814372783678, 'gamma': 1.2848037657173583, 'num_boost_rounds': 30}. Best is trial 245 with value: 0.017549.
2025-01-02 12:51:18 INFO     n_estimators: 10
2025-01-02 12:51:18 INFO     Trial 765 finished with value: 0.016876 and parameters: {'max_delta_step': 21.59351505242135, 'colsample_bytree': 0.9615039815889571, 'subsample': 0.7694378259926723, 'min_child_weight': 17.803365592665394, 'min_data_in_leaf': 18.682360752227808, 'lambda': 3.190473382970916, 'alpha': 8.239087601418007, 'max_depth': 5, 'eta': 0.035344694362486585, 'gamma': 2.04648859868217, 'num_boost_rounds': 20}. Best is trial 245 with value: 0.017549.
2025-01-02 12:51:18 INFO     Trial 766 pruned. Trial was pruned at iteration 1.
2025-01-02 12:51:19 INFO     Trial 767 pruned. Trial was pruned at iteration 0.
2025-01-02 12:51:19 INFO     Trial 768 pruned. Trial was pruned at iteration 0.
2025-01-02 12:51:20 INFO     Trial 769 pruned. Trial was pruned at iteration 1.
2025-01-02 12:51:20 INFO     Trial 770 pruned. Trial was pruned at iteration 1.
2025-01-02 12:51:21 INFO     Trial 771 pruned. Trial was pruned at iteration 0.
2025-01-02 12:51:21 INFO     Trial 772 pruned. Trial was pruned at iteration 1.
2025-01-02 12:51:22 INFO     n_estimators: 10
2025-01-02 12:51:22 INFO     Trial 773 finished with value: 0.016876 and parameters: {'max_delta_step': 23.67902210254917, 'colsample_bytree': 0.9536732589770751, 'subsample': 0.7750201122106073, 'min_child_weight': 22.827382785365465, 'min_data_in_leaf': 17.090812635097457, 'lambda': 0.3250918498998767, 'alpha': 4.696570272616748, 'max_depth': 5, 'eta': 0.03898200885747543, 'gamma': 2.1951334405690024, 'num_boost_rounds': 30}. Best is trial 245 with value: 0.017549.
2025-01-02 12:51:22 INFO     n_estimators: 10
2025-01-02 12:51:23 INFO     Trial 774 finished with value: 0.016971 and parameters: {'max_delta_step': 16.932233056193347, 'colsample_bytree': 0.90635501529236, 'subsample': 0.746277333133782, 'min_child_weight': 20.132739112026563, 'min_data_in_leaf': 15.374296738277431, 'lambda': 0.0005236242604627146, 'alpha': 9.462840200469826, 'max_depth': 5, 'eta': 0.03458264810629225, 'gamma': 1.681248020669589, 'num_boost_rounds': 40}. Best is trial 245 with value: 0.017549.
2025-01-02 12:51:23 INFO     Trial 775 pruned. Trial was pruned at iteration 1.
2025-01-02 12:51:24 INFO     n_estimators: 10
2025-01-02 12:51:24 INFO     Trial 776 finished with value: 0.017299 and parameters: {'max_delta_step': 21.742518702351102, 'colsample_bytree': 0.916581405269724, 'subsample': 0.7620958624777153, 'min_child_weight': 18.19229208826101, 'min_data_in_leaf': 16.60781610961901, 'lambda': 1.1233685555460724, 'alpha': 7.2324041009818405, 'max_depth': 5, 'eta': 0.027167852718698718, 'gamma': 1.456467599951501, 'num_boost_rounds': 25}. Best is trial 245 with value: 0.017549.
2025-01-02 12:51:24 INFO     Trial 777 pruned. Trial was pruned at iteration 1.
2025-01-02 12:51:25 INFO     Trial 778 pruned. Trial was pruned at iteration 1.
2025-01-02 12:51:25 INFO     Trial 779 pruned. Trial was pruned at iteration 0.
2025-01-02 12:51:25 INFO     Trial 780 pruned. Trial was pruned at iteration 1.
2025-01-02 12:51:26 INFO     Trial 781 pruned. Trial was pruned at iteration 1.
2025-01-02 12:51:26 INFO     Trial 782 pruned. Trial was pruned at iteration 0.
2025-01-02 12:51:27 INFO     Trial 783 pruned. Trial was pruned at iteration 0.
2025-01-02 12:51:27 INFO     Trial 784 pruned. Trial was pruned at iteration 0.
2025-01-02 12:51:27 INFO     Trial 785 pruned. Trial was pruned at iteration 0.
2025-01-02 12:51:28 INFO     Trial 786 pruned. Trial was pruned at iteration 0.
2025-01-02 12:51:28 INFO     Trial 787 pruned. Trial was pruned at iteration 0.
2025-01-02 12:51:29 INFO     Trial 788 pruned. Trial was pruned at iteration 1.
2025-01-02 12:51:29 INFO     Trial 789 pruned. Trial was pruned at iteration 1.
2025-01-02 12:51:30 INFO     n_estimators: 10
2025-01-02 12:51:30 INFO     Trial 790 finished with value: 0.016912 and parameters: {'max_delta_step': 6.608683103702801, 'colsample_bytree': 0.905361472824577, 'subsample': 0.7693877812949053, 'min_child_weight': 19.72685093278451, 'min_data_in_leaf': 18.648657936539024, 'lambda': 0.7043988037483571, 'alpha': 7.666061904597506, 'max_depth': 5, 'eta': 0.013095582535736094, 'gamma': 1.678403972651227, 'num_boost_rounds': 175}. Best is trial 245 with value: 0.017549.
2025-01-02 12:51:30 INFO     Trial 791 pruned. Trial was pruned at iteration 0.
2025-01-02 12:51:31 INFO     Trial 792 pruned. Trial was pruned at iteration 1.
2025-01-02 12:51:31 INFO     Trial 793 pruned. Trial was pruned at iteration 1.
2025-01-02 12:51:31 INFO     Trial 794 pruned. Trial was pruned at iteration 0.
2025-01-02 12:51:32 INFO     Trial 795 pruned. Trial was pruned at iteration 0.
2025-01-02 12:51:32 INFO     n_estimators: 10
2025-01-02 12:51:32 INFO     Trial 796 finished with value: 0.017365 and parameters: {'max_delta_step': 18.54912222085524, 'colsample_bytree': 0.9287533695355406, 'subsample': 0.7595645659612388, 'min_child_weight': 43.94062260737576, 'min_data_in_leaf': 20.160235348472266, 'lambda': 0.5789865527572575, 'alpha': 3.8692069787429197, 'max_depth': 5, 'eta': 0.030528211483126073, 'gamma': 1.8633360012359177, 'num_boost_rounds': 30}. Best is trial 245 with value: 0.017549.
2025-01-02 12:51:33 INFO     Trial 797 pruned. Trial was pruned at iteration 1.
2025-01-02 12:51:33 INFO     Trial 798 pruned. Trial was pruned at iteration 1.
2025-01-02 12:51:34 INFO     Trial 799 pruned. Trial was pruned at iteration 0.
2025-01-02 12:51:34 INFO     Trial 800 pruned. Trial was pruned at iteration 0.
2025-01-02 12:51:35 INFO     Trial 801 pruned. Trial was pruned at iteration 0.
2025-01-02 12:51:35 INFO     Trial 802 pruned. Trial was pruned at iteration 0.
2025-01-02 12:51:35 INFO     Trial 803 pruned. Trial was pruned at iteration 0.
2025-01-02 12:51:36 INFO     Trial 804 pruned. Trial was pruned at iteration 1.
2025-01-02 12:51:36 INFO     Trial 805 pruned. Trial was pruned at iteration 1.
2025-01-02 12:51:37 INFO     Trial 806 pruned. Trial was pruned at iteration 1.
2025-01-02 12:51:37 INFO     Trial 807 pruned. Trial was pruned at iteration 1.
2025-01-02 12:51:37 INFO     Trial 808 pruned. Trial was pruned at iteration 0.
2025-01-02 12:51:38 INFO     n_estimators: 10
2025-01-02 12:51:38 INFO     Trial 809 finished with value: 0.017299 and parameters: {'max_delta_step': 28.620467520054046, 'colsample_bytree': 0.9112795383029002, 'subsample': 0.7614337948194386, 'min_child_weight': 10.594697605958462, 'min_data_in_leaf': 20.026933348200252, 'lambda': 0.40087524254713003, 'alpha': 4.086686574122607, 'max_depth': 5, 'eta': 0.026850766525596405, 'gamma': 1.5075980301042216, 'num_boost_rounds': 25}. Best is trial 245 with value: 0.017549.
2025-01-02 12:51:39 INFO     Trial 810 pruned. Trial was pruned at iteration 1.
2025-01-02 12:51:39 INFO     Trial 811 pruned. Trial was pruned at iteration 1.
2025-01-02 12:51:39 INFO     Trial 812 pruned. Trial was pruned at iteration 0.
2025-01-02 12:51:40 INFO     n_estimators: 10
2025-01-02 12:51:40 INFO     Trial 813 finished with value: 0.016862 and parameters: {'max_delta_step': 18.784620477127877, 'colsample_bytree': 0.9425861327230719, 'subsample': 0.7479758824302688, 'min_child_weight': 21.291908296329435, 'min_data_in_leaf': 20.195867004488374, 'lambda': 0.6712514601422753, 'alpha': 9.300650539782525, 'max_depth': 5, 'eta': 0.034948894920899226, 'gamma': 1.6517974426657454, 'num_boost_rounds': 10}. Best is trial 245 with value: 0.017549.
2025-01-02 12:51:41 INFO     Trial 814 pruned. Trial was pruned at iteration 0.
2025-01-02 12:51:41 INFO     n_estimators: 10
2025-01-02 12:51:41 INFO     Trial 815 finished with value: 0.017299 and parameters: {'max_delta_step': 26.805863183093408, 'colsample_bytree': 0.9026731705270171, 'subsample': 0.7560041463540378, 'min_child_weight': 12.774890499356076, 'min_data_in_leaf': 18.80580500050413, 'lambda': 1.0459135242753348, 'alpha': 3.296180237103869, 'max_depth': 5, 'eta': 0.02255286871790055, 'gamma': 1.4030480278298385, 'num_boost_rounds': 20}. Best is trial 245 with value: 0.017549.
2025-01-02 12:51:42 INFO     Trial 816 pruned. Trial was pruned at iteration 1.
2025-01-02 12:51:42 INFO     Trial 817 pruned. Trial was pruned at iteration 0.
2025-01-02 12:51:43 INFO     Trial 818 pruned. Trial was pruned at iteration 0.
2025-01-02 12:51:43 INFO     Trial 819 pruned. Trial was pruned at iteration 1.
2025-01-02 12:51:44 INFO     n_estimators: 10
2025-01-02 12:51:44 INFO     Trial 820 finished with value: 0.017022 and parameters: {'max_delta_step': 18.267189090904534, 'colsample_bytree': 0.9267350440365928, 'subsample': 0.7896291154530426, 'min_child_weight': 45.982755584582286, 'min_data_in_leaf': 17.265406841224117, 'lambda': 0.2938037513890214, 'alpha': 2.3128207171090374, 'max_depth': 5, 'eta': 0.020720588710754113, 'gamma': 1.282105416425841, 'num_boost_rounds': 35}. Best is trial 245 with value: 0.017549.
2025-01-02 12:51:44 INFO     Trial 821 pruned. Trial was pruned at iteration 1.
2025-01-02 12:51:44 INFO     Trial 822 pruned. Trial was pruned at iteration 0.
2025-01-02 12:51:45 INFO     Trial 823 pruned. Trial was pruned at iteration 0.
2025-01-02 12:51:45 INFO     Trial 824 pruned. Trial was pruned at iteration 1.
2025-01-02 12:51:46 INFO     Trial 825 pruned. Trial was pruned at iteration 1.
2025-01-02 12:51:46 INFO     Trial 826 pruned. Trial was pruned at iteration 1.
2025-01-02 12:51:47 INFO     Trial 827 pruned. Trial was pruned at iteration 1.
2025-01-02 12:51:47 INFO     Trial 828 pruned. Trial was pruned at iteration 0.
2025-01-02 12:51:48 INFO     n_estimators: 10
2025-01-02 12:51:48 INFO     Trial 829 finished with value: 0.01663 and parameters: {'max_delta_step': 17.18428644466383, 'colsample_bytree': 0.9234447092416268, 'subsample': 0.9414647504353839, 'min_child_weight': 38.719345551917044, 'min_data_in_leaf': 19.39006008815039, 'lambda': 1.2226814906625125, 'alpha': 8.790600606870486, 'max_depth': 5, 'eta': 0.023524267890419684, 'gamma': 1.9366771233767142, 'num_boost_rounds': 20}. Best is trial 245 with value: 0.017549.
2025-01-02 12:51:48 INFO     Trial 830 pruned. Trial was pruned at iteration 0.
2025-01-02 12:51:49 INFO     Trial 831 pruned. Trial was pruned at iteration 1.
2025-01-02 12:51:49 INFO     Trial 832 pruned. Trial was pruned at iteration 0.
2025-01-02 12:51:50 INFO     Trial 833 pruned. Trial was pruned at iteration 1.
2025-01-02 12:51:50 INFO     Trial 834 pruned. Trial was pruned at iteration 1.
2025-01-02 12:51:50 INFO     Trial 835 pruned. Trial was pruned at iteration 1.
2025-01-02 12:51:51 INFO     Trial 836 pruned. Trial was pruned at iteration 0.
2025-01-02 12:51:51 INFO     Trial 837 pruned. Trial was pruned at iteration 0.
2025-01-02 12:51:52 INFO     n_estimators: 10
2025-01-02 12:51:52 INFO     Trial 838 finished with value: 0.01714 and parameters: {'max_delta_step': 45.693651790606985, 'colsample_bytree': 0.9088931787338165, 'subsample': 0.7503905027488806, 'min_child_weight': 15.982010804642213, 'min_data_in_leaf': 17.426132678076918, 'lambda': 0.18324406773992752, 'alpha': 8.209362401053669, 'max_depth': 5, 'eta': 0.03152646534275489, 'gamma': 1.024966261468138, 'num_boost_rounds': 25}. Best is trial 245 with value: 0.017549.
2025-01-02 12:51:52 INFO     Trial 839 pruned. Trial was pruned at iteration 1.
2025-01-02 12:51:53 INFO     Trial 840 pruned. Trial was pruned at iteration 1.
2025-01-02 12:51:53 INFO     n_estimators: 10
2025-01-02 12:51:53 INFO     Trial 841 finished with value: 0.017131 and parameters: {'max_delta_step': 18.84546480147695, 'colsample_bytree': 0.9437470450810576, 'subsample': 0.7697915054346695, 'min_child_weight': 18.08022741301691, 'min_data_in_leaf': 17.74782970718211, 'lambda': 0.004328843280377193, 'alpha': 8.353862112304615, 'max_depth': 5, 'eta': 0.007855527151797687, 'gamma': 2.286638459317189, 'num_boost_rounds': 35}. Best is trial 245 with value: 0.017549.
2025-01-02 12:51:54 INFO     n_estimators: 10
2025-01-02 12:51:54 INFO     Trial 842 finished with value: 0.016978 and parameters: {'max_delta_step': 21.944803707353632, 'colsample_bytree': 0.9266191568701967, 'subsample': 0.7968906784177292, 'min_child_weight': 11.512783708249758, 'min_data_in_leaf': 16.102241180084352, 'lambda': 0.4949228362468758, 'alpha': 7.980049989936668, 'max_depth': 5, 'eta': 0.035321669289586674, 'gamma': 4.719776980793923, 'num_boost_rounds': 25}. Best is trial 245 with value: 0.017549.
2025-01-02 12:51:54 INFO     Trial 843 pruned. Trial was pruned at iteration 1.
2025-01-02 12:51:55 INFO     n_estimators: 10
2025-01-02 12:51:55 INFO     Trial 844 finished with value: 0.017 and parameters: {'max_delta_step': 31.524929803008828, 'colsample_bytree': 0.9084875028437364, 'subsample': 0.7590127325146259, 'min_child_weight': 15.876048607287064, 'min_data_in_leaf': 14.95230517243502, 'lambda': 0.7116452148655381, 'alpha': 4.2076505167308085, 'max_depth': 5, 'eta': 0.02072184481288341, 'gamma': 3.9036591233865514, 'num_boost_rounds': 165}. Best is trial 245 with value: 0.017549.
2025-01-02 12:51:56 INFO     Trial 845 pruned. Trial was pruned at iteration 1.
2025-01-02 12:51:56 INFO     Trial 846 pruned. Trial was pruned at iteration 1.
2025-01-02 12:51:56 INFO     Trial 847 pruned. Trial was pruned at iteration 0.
2025-01-02 12:51:57 INFO     Trial 848 pruned. Trial was pruned at iteration 0.
2025-01-02 12:51:57 INFO     Trial 849 pruned. Trial was pruned at iteration 1.
2025-01-02 12:51:58 INFO     n_estimators: 10
2025-01-02 12:51:58 INFO     Trial 850 finished with value: 0.017197 and parameters: {'max_delta_step': 29.346971070886823, 'colsample_bytree': 0.9402074267839742, 'subsample': 0.768022733646161, 'min_child_weight': 17.063719797756452, 'min_data_in_leaf': 17.63784608092631, 'lambda': 0.17257778814240093, 'alpha': 9.003347830754093, 'max_depth': 5, 'eta': 0.03485658097955143, 'gamma': 1.8294196081870218, 'num_boost_rounds': 15}. Best is trial 245 with value: 0.017549.
2025-01-02 12:51:58 INFO     Trial 851 pruned. Trial was pruned at iteration 0.
2025-01-02 12:51:59 INFO     Trial 852 pruned. Trial was pruned at iteration 0.
2025-01-02 12:51:59 INFO     Trial 853 pruned. Trial was pruned at iteration 0.
2025-01-02 12:52:00 INFO     n_estimators: 10
2025-01-02 12:52:00 INFO     Trial 854 finished with value: 0.016971 and parameters: {'max_delta_step': 21.960169790521086, 'colsample_bytree': 0.9279348936522126, 'subsample': 0.749763721199879, 'min_child_weight': 10.484644897901726, 'min_data_in_leaf': 17.26310641789643, 'lambda': 0.16683926236666402, 'alpha': 8.436930471766368, 'max_depth': 5, 'eta': 0.041652122556370956, 'gamma': 2.3247987994543737, 'num_boost_rounds': 190}. Best is trial 245 with value: 0.017549.
2025-01-02 12:52:00 INFO     Trial 855 pruned. Trial was pruned at iteration 1.
2025-01-02 12:52:01 INFO     n_estimators: 10
2025-01-02 12:52:01 INFO     Trial 856 finished with value: 0.017299 and parameters: {'max_delta_step': 14.032889335036833, 'colsample_bytree': 0.9430678800022837, 'subsample': 0.7585917907869599, 'min_child_weight': 16.759851523930337, 'min_data_in_leaf': 12.861457978845136, 'lambda': 1.0530450561207165, 'alpha': 7.131455546093895, 'max_depth': 5, 'eta': 0.027658752551298717, 'gamma': 1.7157064048848554, 'num_boost_rounds': 20}. Best is trial 245 with value: 0.017549.
2025-01-02 12:52:01 INFO     Trial 857 pruned. Trial was pruned at iteration 0.
2025-01-02 12:52:02 INFO     Trial 858 pruned. Trial was pruned at iteration 0.
2025-01-02 12:52:02 INFO     Trial 859 pruned. Trial was pruned at iteration 1.
2025-01-02 12:52:03 INFO     Trial 860 pruned. Trial was pruned at iteration 0.
2025-01-02 12:52:03 INFO     Trial 861 pruned. Trial was pruned at iteration 1.
2025-01-02 12:52:04 INFO     Trial 862 pruned. Trial was pruned at iteration 0.
2025-01-02 12:52:04 INFO     Trial 863 pruned. Trial was pruned at iteration 0.
2025-01-02 12:52:04 INFO     Trial 864 pruned. Trial was pruned at iteration 0.
2025-01-02 12:52:05 INFO     Trial 865 pruned. Trial was pruned at iteration 1.
2025-01-02 12:52:05 INFO     n_estimators: 10
2025-01-02 12:52:05 INFO     Trial 866 finished with value: 0.017314 and parameters: {'max_delta_step': 22.649247411283202, 'colsample_bytree': 0.9248229753973768, 'subsample': 0.7684157713616663, 'min_child_weight': 43.88007001892392, 'min_data_in_leaf': 20.165955960288912, 'lambda': 0.3050926614203513, 'alpha': 8.402483533858037, 'max_depth': 5, 'eta': 0.030666913942685517, 'gamma': 1.7290164498413103, 'num_boost_rounds': 35}. Best is trial 245 with value: 0.017549.
2025-01-02 12:52:06 INFO     n_estimators: 10
2025-01-02 12:52:06 INFO     Trial 867 finished with value: 0.016985 and parameters: {'max_delta_step': 25.793353876254564, 'colsample_bytree': 0.9175433635754198, 'subsample': 0.7818458888949308, 'min_child_weight': 48.32945052619317, 'min_data_in_leaf': 20.391329500885742, 'lambda': 0.8850740416073061, 'alpha': 6.405888835980111, 'max_depth': 5, 'eta': 0.020001297770749674, 'gamma': 1.4880508947594036, 'num_boost_rounds': 40}. Best is trial 245 with value: 0.017549.
2025-01-02 12:52:06 INFO     Trial 868 pruned. Trial was pruned at iteration 0.
2025-01-02 12:52:07 INFO     n_estimators: 10
2025-01-02 12:52:07 INFO     Trial 869 finished with value: 0.017133 and parameters: {'max_delta_step': 22.834021047499867, 'colsample_bytree': 0.8959004570628785, 'subsample': 0.789378989213942, 'min_child_weight': 36.67931021008933, 'min_data_in_leaf': 20.22260879839178, 'lambda': 0.5912586289000933, 'alpha': 9.50594858401471, 'max_depth': 5, 'eta': 0.02957993900536891, 'gamma': 1.2994783433177506, 'num_boost_rounds': 45}. Best is trial 245 with value: 0.017549.
2025-01-02 12:52:08 INFO     Trial 870 pruned. Trial was pruned at iteration 0.
2025-01-02 12:52:08 INFO     Trial 871 pruned. Trial was pruned at iteration 0.
2025-01-02 12:52:08 INFO     Trial 872 pruned. Trial was pruned at iteration 1.
