2025-01-02 22:20:01 INFO     Trial 1384 finished with value: 0.01684 and parameters: {'max_delta_step': 73.01259699087238, 'colsample_bytree': 0.9057998697517391, 'subsample': 0.8454511575075087, 'min_child_weight': 26.24469004737588, 'min_data_in_leaf': 14.554759539584781, 'lambda': 1.1197080011912433, 'alpha': 5.592312592571205, 'max_depth': 5, 'eta': 0.005338273359396287, 'gamma': 5.946675895172959, 'num_boost_rounds': 170}. Best is trial 988 with value: 0.018126.
2025-01-02 22:20:01 INFO     Trial 1385 finished with value: 0.018015 and parameters: {'max_delta_step': 75.76066654197703, 'colsample_bytree': 0.89316893926386, 'subsample': 0.8146480843414966, 'min_child_weight': 23.07498930091456, 'min_data_in_leaf': 14.306033780699705, 'lambda': 1.8123177778062831, 'alpha': 5.369154044713568, 'max_depth': 5, 'eta': 0.00018087794738173455, 'gamma': 5.584502157118981, 'num_boost_rounds': 190}. Best is trial 988 with value: 0.018126.
2025-01-02 22:20:02 INFO     Trial 1386 pruned. Trial was pruned at iteration 0.
2025-01-02 22:20:02 INFO     Trial 1387 pruned. Trial was pruned at iteration 0.
2025-01-02 22:20:03 INFO     Trial 1388 pruned. Trial was pruned at iteration 0.
2025-01-02 22:20:04 INFO     Trial 1389 finished with value: 0.016833 and parameters: {'max_delta_step': 73.11177437946105, 'colsample_bytree': 0.8873593000911183, 'subsample': 0.8498850192686992, 'min_child_weight': 26.725343389079022, 'min_data_in_leaf': 14.860990829761052, 'lambda': 8.28380855655611, 'alpha': 5.581915577262392, 'max_depth': 5, 'eta': 0.009982432523323807, 'gamma': 5.585742005007263, 'num_boost_rounds': 180}. Best is trial 988 with value: 0.018126.
2025-01-02 22:20:04 INFO     Trial 1390 pruned. Trial was pruned at iteration 0.
2025-01-02 22:20:05 INFO     Trial 1391 finished with value: 0.016847 and parameters: {'max_delta_step': 80.44216502485658, 'colsample_bytree': 0.9174478804474364, 'subsample': 0.837112051615345, 'min_child_weight': 28.725163479030137, 'min_data_in_leaf': 14.541628072061995, 'lambda': 1.9734073959172485, 'alpha': 5.823677773494132, 'max_depth': 5, 'eta': 0.005334942629839891, 'gamma': 5.145435040824506, 'num_boost_rounds': 160}. Best is trial 988 with value: 0.018126.
2025-01-02 22:20:06 INFO     Trial 1392 pruned. Trial was pruned at iteration 0.
2025-01-02 22:20:06 INFO     Trial 1393 pruned. Trial was pruned at iteration 0.
2025-01-02 22:20:07 INFO     Trial 1394 finished with value: 0.016847 and parameters: {'max_delta_step': 81.97442702705506, 'colsample_bytree': 0.9048436943791278, 'subsample': 0.841036548838012, 'min_child_weight': 29.750460730612986, 'min_data_in_leaf': 14.322139769134544, 'lambda': 1.1373381279884414, 'alpha': 4.86222301616904, 'max_depth': 5, 'eta': 0.00010381316992177892, 'gamma': 5.955272374836457, 'num_boost_rounds': 160}. Best is trial 988 with value: 0.018126.
2025-01-02 22:20:07 INFO     Trial 1395 pruned. Trial was pruned at iteration 0.
2025-01-02 22:20:08 INFO     Trial 1396 finished with value: 0.01684 and parameters: {'max_delta_step': 73.32524645719974, 'colsample_bytree': 0.9149109515152084, 'subsample': 0.8516866962288426, 'min_child_weight': 26.571305571665025, 'min_data_in_leaf': 14.036592184073395, 'lambda': 1.386119159574664, 'alpha': 5.229403165292485, 'max_depth': 5, 'eta': 0.005842830729158531, 'gamma': 5.362241726450323, 'num_boost_rounds': 190}. Best is trial 988 with value: 0.018126.
2025-01-02 22:20:09 INFO     Trial 1397 pruned. Trial was pruned at iteration 0.
2025-01-02 22:20:10 INFO     Trial 1398 finished with value: 0.017802 and parameters: {'max_delta_step': 81.00932897813499, 'colsample_bytree': 0.8716499022521257, 'subsample': 0.832496907113803, 'min_child_weight': 20.424757968057833, 'min_data_in_leaf': 16.117699442382513, 'lambda': 1.6574207085846495, 'alpha': 5.399163480028682, 'max_depth': 5, 'eta': 0.005693894175654914, 'gamma': 5.540970332391471, 'num_boost_rounds': 165}. Best is trial 988 with value: 0.018126.
2025-01-02 22:20:11 INFO     Trial 1399 finished with value: 0.016681 and parameters: {'max_delta_step': 79.13177818754946, 'colsample_bytree': 0.8827608791033623, 'subsample': 0.8233799629117711, 'min_child_weight': 24.825826557936196, 'min_data_in_leaf': 13.369322292017664, 'lambda': 1.816959369523862, 'alpha': 4.965535730767968, 'max_depth': 5, 'eta': 0.021309416793379492, 'gamma': 5.78078142271751, 'num_boost_rounds': 150}. Best is trial 988 with value: 0.018126.
2025-01-02 22:20:12 INFO     Trial 1400 pruned. Trial was pruned at iteration 0.
2025-01-02 22:20:13 INFO     Trial 1401 pruned. Trial was pruned at iteration 0.
2025-01-02 22:20:13 INFO     Trial 1402 pruned. Trial was pruned at iteration 1.
2025-01-02 22:20:14 INFO     Trial 1403 pruned. Trial was pruned at iteration 0.
2025-01-02 22:20:14 INFO     Trial 1404 pruned. Trial was pruned at iteration 0.
2025-01-02 22:20:15 INFO     Trial 1405 finished with value: 0.016551 and parameters: {'max_delta_step': 77.50049392207269, 'colsample_bytree': 0.9020914517272195, 'subsample': 0.849734710992711, 'min_child_weight': 20.403648613189883, 'min_data_in_leaf': 14.844963949664445, 'lambda': 1.6153163388637064, 'alpha': 5.130524820319294, 'max_depth': 5, 'eta': 0.015431758343154751, 'gamma': 5.984648717822513, 'num_boost_rounds': 165}. Best is trial 988 with value: 0.018126.
2025-01-02 22:20:16 INFO     Trial 1406 pruned. Trial was pruned at iteration 0.
2025-01-02 22:20:16 INFO     Trial 1407 finished with value: 0.017094 and parameters: {'max_delta_step': 82.19662927134118, 'colsample_bytree': 0.8865794561640169, 'subsample': 0.8300305521096046, 'min_child_weight': 28.984842670509643, 'min_data_in_leaf': 13.405841702253658, 'lambda': 1.8202778447135288, 'alpha': 5.8559486107074425, 'max_depth': 5, 'eta': 0.006441748217114554, 'gamma': 5.059516040166445, 'num_boost_rounds': 160}. Best is trial 988 with value: 0.018126.
2025-01-02 22:20:17 INFO     Trial 1408 pruned. Trial was pruned at iteration 0.
2025-01-02 22:20:18 INFO     Trial 1409 finished with value: 0.016594 and parameters: {'max_delta_step': 63.66157427613546, 'colsample_bytree': 0.8714848441592478, 'subsample': 0.8415052776045743, 'min_child_weight': 22.713481861341254, 'min_data_in_leaf': 13.668005651904709, 'lambda': 1.645630369392009, 'alpha': 5.300246249274423, 'max_depth': 5, 'eta': 0.005636855172031178, 'gamma': 5.622732005762178, 'num_boost_rounds': 155}. Best is trial 988 with value: 0.018126.
2025-01-02 22:20:18 INFO     Trial 1410 finished with value: 0.016681 and parameters: {'max_delta_step': 79.26099877851772, 'colsample_bytree': 0.8969975324960212, 'subsample': 0.8577394242247588, 'min_child_weight': 25.15474958921736, 'min_data_in_leaf': 14.413670282866894, 'lambda': 1.9848039000095308, 'alpha': 4.7527995058822, 'max_depth': 5, 'eta': 0.018497653342989705, 'gamma': 5.327991998172984, 'num_boost_rounds': 160}. Best is trial 988 with value: 0.018126.
2025-01-02 22:20:19 INFO     Trial 1411 pruned. Trial was pruned at iteration 0.
2025-01-02 22:20:20 INFO     Trial 1412 pruned. Trial was pruned at iteration 0.
2025-01-02 22:20:20 INFO     Trial 1413 finished with value: 0.016601 and parameters: {'max_delta_step': 80.60073836724555, 'colsample_bytree': 0.8930187731190327, 'subsample': 0.8356723869790107, 'min_child_weight': 23.727155703816756, 'min_data_in_leaf': 14.676679771705881, 'lambda': 2.0557376269996643, 'alpha': 5.445771157065305, 'max_depth': 5, 'eta': 0.02119434054532445, 'gamma': 5.076639856987384, 'num_boost_rounds': 165}. Best is trial 988 with value: 0.018126.
2025-01-02 22:20:21 INFO     Trial 1414 pruned. Trial was pruned at iteration 2.
2025-01-02 22:20:22 INFO     Trial 1415 finished with value: 0.016927 and parameters: {'max_delta_step': 78.74055611526877, 'colsample_bytree': 0.8696503041296593, 'subsample': 0.8249279172662812, 'min_child_weight': 20.772875203171154, 'min_data_in_leaf': 15.362045100678202, 'lambda': 1.7933844657380893, 'alpha': 6.1514639137138145, 'max_depth': 5, 'eta': 0.013197279399166532, 'gamma': 5.277668065472552, 'num_boost_rounds': 175}. Best is trial 988 with value: 0.018126.
2025-01-02 22:20:22 INFO     Trial 1416 pruned. Trial was pruned at iteration 0.
2025-01-02 22:20:23 INFO     Trial 1417 finished with value: 0.01684 and parameters: {'max_delta_step': 81.99453692199286, 'colsample_bytree': 0.8983988841130164, 'subsample': 0.8458746449260122, 'min_child_weight': 24.028118273735387, 'min_data_in_leaf': 27.17435847401521, 'lambda': 1.5820920992974004, 'alpha': 5.568553283439209, 'max_depth': 5, 'eta': 0.00548615145302401, 'gamma': 4.7608752434005055, 'num_boost_rounds': 155}. Best is trial 988 with value: 0.018126.
2025-01-02 22:20:24 INFO     Trial 1418 pruned. Trial was pruned at iteration 0.
2025-01-02 22:20:25 INFO     Trial 1419 pruned. Trial was pruned at iteration 0.
2025-01-02 22:20:26 INFO     Trial 1420 finished with value: 0.01684 and parameters: {'max_delta_step': 77.10077043136232, 'colsample_bytree': 0.8777147213530451, 'subsample': 0.8535196772119231, 'min_child_weight': 22.07373496031155, 'min_data_in_leaf': 13.649824987952147, 'lambda': 1.170215245715944, 'alpha': 5.6654096207907365, 'max_depth': 5, 'eta': 0.009812039712927136, 'gamma': 5.452978613015947, 'num_boost_rounds': 165}. Best is trial 988 with value: 0.018126.
2025-01-02 22:20:26 INFO     Trial 1421 pruned. Trial was pruned at iteration 0.
2025-01-02 22:20:27 INFO     Trial 1422 pruned. Trial was pruned at iteration 0.
2025-01-02 22:20:28 INFO     Trial 1423 pruned. Trial was pruned at iteration 0.
2025-01-02 22:20:28 INFO     Trial 1424 pruned. Trial was pruned at iteration 0.
2025-01-02 22:20:29 INFO     Trial 1425 pruned. Trial was pruned at iteration 0.
2025-01-02 22:20:29 INFO     Trial 1426 pruned. Trial was pruned at iteration 0.
2025-01-02 22:20:30 INFO     Trial 1427 finished with value: 0.016594 and parameters: {'max_delta_step': 67.01611685190171, 'colsample_bytree': 0.8829578325522928, 'subsample': 0.8496638820296845, 'min_child_weight': 22.721114655214443, 'min_data_in_leaf': 13.699598517486542, 'lambda': 1.676595224092525, 'alpha': 5.737262386436681, 'max_depth': 5, 'eta': 0.010499362048535056, 'gamma': 5.795656940314945, 'num_boost_rounds': 155}. Best is trial 988 with value: 0.018126.
2025-01-02 22:20:31 INFO     Trial 1428 pruned. Trial was pruned at iteration 1.
2025-01-02 22:20:31 INFO     Trial 1429 pruned. Trial was pruned at iteration 0.
2025-01-02 22:20:32 INFO     Trial 1430 pruned. Trial was pruned at iteration 0.
2025-01-02 22:20:33 INFO     Trial 1431 finished with value: 0.016594 and parameters: {'max_delta_step': 75.68181030464139, 'colsample_bytree': 0.8930673756833524, 'subsample': 0.8417094482270251, 'min_child_weight': 26.885610951644328, 'min_data_in_leaf': 13.223001591234375, 'lambda': 1.7925258969912303, 'alpha': 6.168810049286397, 'max_depth': 5, 'eta': 0.010349231824414086, 'gamma': 5.625360519511765, 'num_boost_rounds': 160}. Best is trial 988 with value: 0.018126.
2025-01-02 22:20:33 INFO     Trial 1432 pruned. Trial was pruned at iteration 0.
2025-01-02 22:20:34 INFO     Trial 1433 pruned. Trial was pruned at iteration 0.
2025-01-02 22:20:34 INFO     Trial 1434 pruned. Trial was pruned at iteration 0.
2025-01-02 22:20:35 INFO     Trial 1435 pruned. Trial was pruned at iteration 0.
2025-01-02 22:20:35 INFO     Trial 1436 finished with value: 0.015671 and parameters: {'max_delta_step': 74.18870783561461, 'colsample_bytree': 0.8666331196256702, 'subsample': 0.8325162850905712, 'min_child_weight': 28.66134022694549, 'min_data_in_leaf': 14.195818337890584, 'lambda': 1.8106227885805826, 'alpha': 4.760647186497032, 'max_depth': 5, 'eta': 0.010511990995831846, 'gamma': 5.1841746455190325, 'num_boost_rounds': 150}. Best is trial 988 with value: 0.018126.
2025-01-02 22:20:36 INFO     Trial 1437 finished with value: 0.016594 and parameters: {'max_delta_step': 81.34205484328051, 'colsample_bytree': 0.8843725558975163, 'subsample': 0.839224264133586, 'min_child_weight': 23.6935481141632, 'min_data_in_leaf': 14.598493915905834, 'lambda': 1.0636684583733331, 'alpha': 5.0562920432341185, 'max_depth': 5, 'eta': 0.005488062330292711, 'gamma': 5.770383141342526, 'num_boost_rounds': 160}. Best is trial 988 with value: 0.018126.
2025-01-02 22:20:37 INFO     Trial 1438 pruned. Trial was pruned at iteration 0.
2025-01-02 22:20:37 INFO     Trial 1439 pruned. Trial was pruned at iteration 0.
2025-01-02 22:20:38 INFO     Trial 1440 pruned. Trial was pruned at iteration 0.
2025-01-02 22:20:38 INFO     Trial 1441 pruned. Trial was pruned at iteration 0.
2025-01-02 22:20:39 INFO     Trial 1442 pruned. Trial was pruned at iteration 1.
2025-01-02 22:20:39 INFO     Trial 1443 finished with value: 0.01684 and parameters: {'max_delta_step': 81.22559316310999, 'colsample_bytree': 0.8989867982565872, 'subsample': 0.845968995193444, 'min_child_weight': 20.210682551388437, 'min_data_in_leaf': 14.988572103144243, 'lambda': 1.4258121791430485, 'alpha': 4.942856068262111, 'max_depth': 5, 'eta': 0.005440106160257097, 'gamma': 6.0129084839304126, 'num_boost_rounds': 145}. Best is trial 988 with value: 0.018126.
2025-01-02 22:20:40 INFO     Trial 1444 pruned. Trial was pruned at iteration 0.
2025-01-02 22:20:41 INFO     Trial 1445 pruned. Trial was pruned at iteration 0.
2025-01-02 22:20:41 INFO     Trial 1446 pruned. Trial was pruned at iteration 1.
2025-01-02 22:20:42 INFO     Trial 1447 finished with value: 0.018108 and parameters: {'max_delta_step': 84.48672490202765, 'colsample_bytree': 0.90125026875527, 'subsample': 0.8220017478713116, 'min_child_weight': 24.926767676968197, 'min_data_in_leaf': 16.17969704515613, 'lambda': 1.480444575431586, 'alpha': 5.422973372901959, 'max_depth': 5, 'eta': 0.00017486562833232214, 'gamma': 4.70709856027558, 'num_boost_rounds': 150}. Best is trial 988 with value: 0.018126.
2025-01-02 22:20:43 INFO     Trial 1448 pruned. Trial was pruned at iteration 0.
2025-01-02 22:20:44 INFO     Trial 1449 pruned. Trial was pruned at iteration 0.
2025-01-02 22:20:44 INFO     Trial 1450 pruned. Trial was pruned at iteration 0.
2025-01-02 22:20:45 INFO     Trial 1451 pruned. Trial was pruned at iteration 0.
2025-01-02 22:20:46 INFO     Trial 1452 finished with value: 0.017087 and parameters: {'max_delta_step': 83.45190502018751, 'colsample_bytree': 0.8698669182667892, 'subsample': 0.8112395078826664, 'min_child_weight': 26.080353016379412, 'min_data_in_leaf': 16.85639174873399, 'lambda': 1.4437814983295452, 'alpha': 5.41607602144997, 'max_depth': 5, 'eta': 0.010052484319490377, 'gamma': 4.580365682803627, 'num_boost_rounds': 150}. Best is trial 988 with value: 0.018126.
2025-01-02 22:20:47 INFO     Trial 1453 pruned. Trial was pruned at iteration 0.
2025-01-02 22:20:47 INFO     Trial 1454 finished with value: 0.018108 and parameters: {'max_delta_step': 82.87663536038474, 'colsample_bytree': 0.8835424479624042, 'subsample': 0.8223297906599543, 'min_child_weight': 25.226132700649632, 'min_data_in_leaf': 16.19919620966575, 'lambda': 1.3824611849884247, 'alpha': 5.433670532058522, 'max_depth': 5, 'eta': 0.005203953727934732, 'gamma': 4.41873173137309, 'num_boost_rounds': 145}. Best is trial 988 with value: 0.018126.
2025-01-02 22:20:48 INFO     Trial 1455 pruned. Trial was pruned at iteration 0.
2025-01-02 22:20:48 INFO     Trial 1456 pruned. Trial was pruned at iteration 0.
2025-01-02 22:20:49 INFO     Trial 1457 pruned. Trial was pruned at iteration 0.
2025-01-02 22:20:50 INFO     Trial 1458 pruned. Trial was pruned at iteration 0.
2025-01-02 22:20:50 INFO     Trial 1459 pruned. Trial was pruned at iteration 0.
2025-01-02 22:20:51 INFO     Trial 1460 pruned. Trial was pruned at iteration 0.
2025-01-02 22:20:51 INFO     Trial 1461 pruned. Trial was pruned at iteration 1.
2025-01-02 22:20:52 INFO     Trial 1462 pruned. Trial was pruned at iteration 0.
2025-01-02 22:20:52 INFO     Trial 1463 pruned. Trial was pruned at iteration 0.
2025-01-02 22:20:53 INFO     Trial 1464 finished with value: 0.016927 and parameters: {'max_delta_step': 83.34603095333364, 'colsample_bytree': 0.886572173923238, 'subsample': 0.8219285428683472, 'min_child_weight': 27.79644859089831, 'min_data_in_leaf': 15.924221821254518, 'lambda': 1.4120836068117009, 'alpha': 5.519780892467399, 'max_depth': 5, 'eta': 0.010043325207796603, 'gamma': 4.05299484107248, 'num_boost_rounds': 150}. Best is trial 988 with value: 0.018126.
2025-01-02 22:20:54 INFO     Trial 1465 pruned. Trial was pruned at iteration 0.
2025-01-02 22:20:54 INFO     Trial 1466 finished with value: 0.016011 and parameters: {'max_delta_step': 87.01955767998781, 'colsample_bytree': 0.8758181454230094, 'subsample': 0.8205975301457151, 'min_child_weight': 26.692534907377794, 'min_data_in_leaf': 15.76232042039459, 'lambda': 1.524349112378523, 'alpha': 4.674390169412082, 'max_depth': 5, 'eta': 0.005983614070485687, 'gamma': 4.712798818138888, 'num_boost_rounds': 145}. Best is trial 988 with value: 0.018126.
2025-01-02 22:20:55 INFO     Trial 1467 pruned. Trial was pruned at iteration 0.
2025-01-02 22:20:55 INFO     Trial 1468 pruned. Trial was pruned at iteration 0.
2025-01-02 22:20:56 INFO     Trial 1469 pruned. Trial was pruned at iteration 0.
2025-01-02 22:20:57 INFO     Trial 1470 finished with value: 0.016927 and parameters: {'max_delta_step': 80.43298077592742, 'colsample_bytree': 0.8732250774732524, 'subsample': 0.8234181438687389, 'min_child_weight': 26.828898198153638, 'min_data_in_leaf': 16.721945463680704, 'lambda': 1.5187066360082075, 'alpha': 5.51472085877607, 'max_depth': 5, 'eta': 0.011557594100960283, 'gamma': 4.49615008807168, 'num_boost_rounds': 155}. Best is trial 988 with value: 0.018126.
2025-01-02 22:20:57 INFO     Trial 1471 pruned. Trial was pruned at iteration 0.
2025-01-02 22:20:58 INFO     Trial 1472 finished with value: 0.017087 and parameters: {'max_delta_step': 80.51741608123318, 'colsample_bytree': 0.8932843953464872, 'subsample': 0.8095724088294259, 'min_child_weight': 24.538538025318925, 'min_data_in_leaf': 16.16533915940897, 'lambda': 1.6396912500022354, 'alpha': 5.164451688062486, 'max_depth': 5, 'eta': 0.00010471722143438512, 'gamma': 4.861544600654139, 'num_boost_rounds': 150}. Best is trial 988 with value: 0.018126.
2025-01-02 22:20:59 INFO     Trial 1473 pruned. Trial was pruned at iteration 2.
2025-01-02 22:21:00 INFO     Trial 1474 pruned. Trial was pruned at iteration 0.
2025-01-02 22:21:01 INFO     Trial 1475 finished with value: 0.01778 and parameters: {'max_delta_step': 79.34518571566133, 'colsample_bytree': 0.9028773494055015, 'subsample': 0.8343958436212909, 'min_child_weight': 24.476580443027654, 'min_data_in_leaf': 27.927143803369376, 'lambda': 1.8600039891375713, 'alpha': 5.60954541717555, 'max_depth': 5, 'eta': 0.005981039445025716, 'gamma': 4.91754495855265, 'num_boost_rounds': 145}. Best is trial 988 with value: 0.018126.
2025-01-02 22:21:02 INFO     Trial 1476 pruned. Trial was pruned at iteration 0.
2025-01-02 22:21:02 INFO     Trial 1477 pruned. Trial was pruned at iteration 1.
2025-01-02 22:21:03 INFO     Trial 1478 finished with value: 0.016833 and parameters: {'max_delta_step': 82.83178472824123, 'colsample_bytree': 0.8940060590854108, 'subsample': 0.8134260127738262, 'min_child_weight': 24.034438636302085, 'min_data_in_leaf': 17.786423986806597, 'lambda': 5.73100524057262, 'alpha': 5.087521900355461, 'max_depth': 5, 'eta': 0.009945859208521542, 'gamma': 4.918934975678439, 'num_boost_rounds': 150}. Best is trial 988 with value: 0.018126.
2025-01-02 22:21:04 INFO     Trial 1479 finished with value: 0.017182 and parameters: {'max_delta_step': 79.13142063757584, 'colsample_bytree': 0.8794295570592263, 'subsample': 0.824132540892851, 'min_child_weight': 28.294128526969594, 'min_data_in_leaf': 17.172322363015812, 'lambda': 1.424378970591094, 'alpha': 5.4847066626773, 'max_depth': 5, 'eta': 0.005099885376322994, 'gamma': 5.021258400238045, 'num_boost_rounds': 160}. Best is trial 988 with value: 0.018126.
2025-01-02 22:21:04 INFO     Trial 1480 finished with value: 0.016594 and parameters: {'max_delta_step': 87.60834351013646, 'colsample_bytree': 0.9048239347446728, 'subsample': 0.8388819763089405, 'min_child_weight': 25.539741487876494, 'min_data_in_leaf': 16.040659440125804, 'lambda': 1.6588262473221822, 'alpha': 5.645742223719043, 'max_depth': 5, 'eta': 0.02086831394081194, 'gamma': 4.590448908294501, 'num_boost_rounds': 155}. Best is trial 988 with value: 0.018126.
2025-01-02 22:21:05 INFO     Trial 1481 pruned. Trial was pruned at iteration 0.
2025-01-02 22:21:06 INFO     Trial 1482 pruned. Trial was pruned at iteration 0.
2025-01-02 22:21:06 INFO     Trial 1483 pruned. Trial was pruned at iteration 1.
2025-01-02 22:21:07 INFO     Trial 1484 finished with value: 0.017182 and parameters: {'max_delta_step': 79.5014745465275, 'colsample_bytree': 0.898546432626923, 'subsample': 0.8226248800756042, 'min_child_weight': 28.444591530702283, 'min_data_in_leaf': 16.322540258438845, 'lambda': 1.5602671684926306, 'alpha': 5.454206775030792, 'max_depth': 5, 'eta': 0.00014303446046493425, 'gamma': 4.68151538573547, 'num_boost_rounds': 160}. Best is trial 988 with value: 0.018126.
2025-01-02 22:21:08 INFO     Trial 1485 finished with value: 0.016608 and parameters: {'max_delta_step': 83.47029091684898, 'colsample_bytree': 0.8804766153060156, 'subsample': 0.8473124898205491, 'min_child_weight': 24.66552322949016, 'min_data_in_leaf': 13.411452877891175, 'lambda': 1.8600560701108344, 'alpha': 5.2283606845778925, 'max_depth': 5, 'eta': 0.006610620856860059, 'gamma': 4.94515209248044, 'num_boost_rounds': 165}. Best is trial 988 with value: 0.018126.
