2025-01-02 12:48:24 INFO     Trial 398 finished with value: 0.016963 and parameters: {'max_delta_step': 14.926104028067662, 'colsample_bytree': 0.9164127592801788, 'subsample': 0.7388200922711022, 'min_child_weight': 15.379145310464601, 'min_data_in_leaf': 16.578780658853287, 'lambda': 0.9491440073544399, 'alpha': 6.933689175123016, 'max_depth': 5, 'eta': 0.03923222175835443, 'gamma': 4.952676983941165, 'num_boost_rounds': 10}. Best is trial 245 with value: 0.017549.
2025-01-02 12:48:25 INFO     n_estimators: 10
2025-01-02 12:48:25 INFO     Trial 399 finished with value: 0.017299 and parameters: {'max_delta_step': 23.53830838068653, 'colsample_bytree': 0.9381159222813272, 'subsample': 0.7546704677400181, 'min_child_weight': 19.829132946810912, 'min_data_in_leaf': 15.682507347979474, 'lambda': 0.17226325897051015, 'alpha': 7.350340568562831, 'max_depth': 5, 'eta': 0.02901829331127402, 'gamma': 1.663429054821962, 'num_boost_rounds': 25}. Best is trial 245 with value: 0.017549.
2025-01-02 12:48:25 INFO     Trial 400 pruned. Trial was pruned at iteration 0.
2025-01-02 12:48:26 INFO     Trial 401 pruned. Trial was pruned at iteration 0.
2025-01-02 12:48:26 INFO     Trial 402 pruned. Trial was pruned at iteration 2.
2025-01-02 12:48:27 INFO     Trial 403 pruned. Trial was pruned at iteration 2.
2025-01-02 12:48:27 INFO     Trial 404 pruned. Trial was pruned at iteration 1.
2025-01-02 12:48:28 INFO     n_estimators: 10
2025-01-02 12:48:28 INFO     Trial 405 finished with value: 0.017299 and parameters: {'max_delta_step': 17.196279563953098, 'colsample_bytree': 0.9187933800790398, 'subsample': 0.7562667899397182, 'min_child_weight': 18.03586938710712, 'min_data_in_leaf': 18.535845931929593, 'lambda': 0.00035776815831284337, 'alpha': 7.12412558761992, 'max_depth': 5, 'eta': 0.02875666775962668, 'gamma': 1.615512863352664, 'num_boost_rounds': 20}. Best is trial 245 with value: 0.017549.
2025-01-02 12:48:28 INFO     n_estimators: 10
2025-01-02 12:48:28 INFO     Trial 406 finished with value: 0.016876 and parameters: {'max_delta_step': 2.508268406141058, 'colsample_bytree': 0.9419980677817476, 'subsample': 0.7790371917579106, 'min_child_weight': 15.783182718294361, 'min_data_in_leaf': 16.252641505758245, 'lambda': 0.20530195591716005, 'alpha': 8.42484321617559, 'max_depth': 5, 'eta': 0.03741094056782268, 'gamma': 1.826180126610962, 'num_boost_rounds': 40}. Best is trial 245 with value: 0.017549.
2025-01-02 12:48:29 INFO     Trial 407 pruned. Trial was pruned at iteration 0.
2025-01-02 12:48:29 INFO     Trial 408 pruned. Trial was pruned at iteration 1.
2025-01-02 12:48:30 INFO     n_estimators: 10
2025-01-02 12:48:30 INFO     Trial 409 finished with value: 0.017014 and parameters: {'max_delta_step': 19.463530363938666, 'colsample_bytree': 0.930136329447966, 'subsample': 0.7485181439486119, 'min_child_weight': 20.724405744961704, 'min_data_in_leaf': 17.363008686298695, 'lambda': 0.3878881954695109, 'alpha': 7.797858513808287, 'max_depth': 5, 'eta': 0.01853385294815422, 'gamma': 2.0168342395509415, 'num_boost_rounds': 35}. Best is trial 245 with value: 0.017549.
2025-01-02 12:48:30 INFO     Trial 410 pruned. Trial was pruned at iteration 0.
2025-01-02 12:48:31 INFO     n_estimators: 10
2025-01-02 12:48:31 INFO     Trial 411 finished with value: 0.017299 and parameters: {'max_delta_step': 11.905974173862479, 'colsample_bytree': 0.913305531506986, 'subsample': 0.7306290556133104, 'min_child_weight': 14.310277246466434, 'min_data_in_leaf': 12.018687932698203, 'lambda': 0.17870493339878227, 'alpha': 7.3780008048176775, 'max_depth': 5, 'eta': 0.026631635747980345, 'gamma': 1.4959607915647746, 'num_boost_rounds': 30}. Best is trial 245 with value: 0.017549.
2025-01-02 12:48:31 INFO     Trial 412 pruned. Trial was pruned at iteration 1.
2025-01-02 12:48:32 INFO     n_estimators: 10
2025-01-02 12:48:32 INFO     Trial 413 finished with value: 0.016978 and parameters: {'max_delta_step': 6.964879923710104, 'colsample_bytree': 0.9501772761681797, 'subsample': 0.7688508841190441, 'min_child_weight': 12.30722918422493, 'min_data_in_leaf': 17.57285240116289, 'lambda': 0.3383662978535923, 'alpha': 8.1218959084501, 'max_depth': 5, 'eta': 0.03116495064533191, 'gamma': 2.2476364959563147, 'num_boost_rounds': 25}. Best is trial 245 with value: 0.017549.
2025-01-02 12:48:32 INFO     Trial 414 pruned. Trial was pruned at iteration 0.
2025-01-02 12:48:33 INFO     n_estimators: 10
2025-01-02 12:48:33 INFO     Trial 415 finished with value: 0.016808 and parameters: {'max_delta_step': 25.059431689715595, 'colsample_bytree': 0.9040816131921618, 'subsample': 0.7899019973078691, 'min_child_weight': 18.869866509471343, 'min_data_in_leaf': 14.704269047655576, 'lambda': 0.195255498734651, 'alpha': 8.867055964180738, 'max_depth': 5, 'eta': 0.02373218048877216, 'gamma': 1.3864811919712308, 'num_boost_rounds': 10}. Best is trial 245 with value: 0.017549.
2025-01-02 12:48:33 INFO     n_estimators: 10
2025-01-02 12:48:33 INFO     Trial 416 finished with value: 0.017483 and parameters: {'max_delta_step': 20.534503063409584, 'colsample_bytree': 0.9187693218095806, 'subsample': 0.7463573030685342, 'min_child_weight': 10.912573733748454, 'min_data_in_leaf': 14.26284795899524, 'lambda': 0.5009945882203154, 'alpha': 8.351514431457614, 'max_depth': 5, 'eta': 0.028489147493382723, 'gamma': 1.7427875133725048, 'num_boost_rounds': 30}. Best is trial 245 with value: 0.017549.
2025-01-02 12:48:34 INFO     Trial 417 pruned. Trial was pruned at iteration 0.
2025-01-02 12:48:34 INFO     Trial 418 pruned. Trial was pruned at iteration 0.
2025-01-02 12:48:34 INFO     Trial 419 pruned. Trial was pruned at iteration 0.
2025-01-02 12:48:35 INFO     n_estimators: 10
2025-01-02 12:48:35 INFO     Trial 420 finished with value: 0.016978 and parameters: {'max_delta_step': 18.84533355922548, 'colsample_bytree': 0.8880417751006028, 'subsample': 0.7810977162473103, 'min_child_weight': 10.366937831288624, 'min_data_in_leaf': 18.916741109907804, 'lambda': 0.5663334695760712, 'alpha': 8.991784936248587, 'max_depth': 5, 'eta': 0.029207581351433688, 'gamma': 1.393737681807071, 'num_boost_rounds': 30}. Best is trial 245 with value: 0.017549.
2025-01-02 12:48:36 INFO     Trial 421 pruned. Trial was pruned at iteration 2.
2025-01-02 12:48:36 INFO     Trial 422 pruned. Trial was pruned at iteration 0.
2025-01-02 12:48:37 INFO     n_estimators: 10
2025-01-02 12:48:37 INFO     Trial 423 finished with value: 0.016978 and parameters: {'max_delta_step': 18.033339640826803, 'colsample_bytree': 0.920678320759807, 'subsample': 0.7723969581508499, 'min_child_weight': 13.144401167586398, 'min_data_in_leaf': 18.428292581556043, 'lambda': 0.6522433344291876, 'alpha': 8.072228120020199, 'max_depth': 5, 'eta': 0.030694424042900088, 'gamma': 1.227232385394649, 'num_boost_rounds': 20}. Best is trial 245 with value: 0.017549.
2025-01-02 12:48:37 INFO     Trial 424 pruned. Trial was pruned at iteration 0.
2025-01-02 12:48:37 INFO     Trial 425 pruned. Trial was pruned at iteration 0.
2025-01-02 12:48:38 INFO     Trial 426 pruned. Trial was pruned at iteration 0.
2025-01-02 12:48:38 INFO     n_estimators: 10
2025-01-02 12:48:38 INFO     Trial 427 finished with value: 0.016978 and parameters: {'max_delta_step': 24.443708058108836, 'colsample_bytree': 0.9117681776101887, 'subsample': 0.8055757300347934, 'min_child_weight': 10.521735073119768, 'min_data_in_leaf': 17.19432572675049, 'lambda': 0.48160786401538896, 'alpha': 4.281942310001369, 'max_depth': 5, 'eta': 0.03077829670195143, 'gamma': 1.976288987360317, 'num_boost_rounds': 35}. Best is trial 245 with value: 0.017549.
2025-01-02 12:48:39 INFO     Trial 428 pruned. Trial was pruned at iteration 0.
2025-01-02 12:48:39 INFO     Trial 429 pruned. Trial was pruned at iteration 0.
2025-01-02 12:48:40 INFO     Trial 430 pruned. Trial was pruned at iteration 0.
2025-01-02 12:48:40 INFO     Trial 431 pruned. Trial was pruned at iteration 0.
2025-01-02 12:48:40 INFO     Trial 432 pruned. Trial was pruned at iteration 0.
2025-01-02 12:48:41 INFO     Trial 433 pruned. Trial was pruned at iteration 1.
2025-01-02 12:48:41 INFO     Trial 434 pruned. Trial was pruned at iteration 1.
2025-01-02 12:48:42 INFO     n_estimators: 10
2025-01-02 12:48:42 INFO     Trial 435 finished with value: 0.016876 and parameters: {'max_delta_step': 12.91221240481805, 'colsample_bytree': 0.9070030406776117, 'subsample': 0.7761880761493511, 'min_child_weight': 17.42610710257415, 'min_data_in_leaf': 17.205586020816728, 'lambda': 0.5846067885225108, 'alpha': 7.8837341419793, 'max_depth': 5, 'eta': 0.04169399263611389, 'gamma': 1.639604504561471, 'num_boost_rounds': 20}. Best is trial 245 with value: 0.017549.
2025-01-02 12:48:42 INFO     n_estimators: 10
2025-01-02 12:48:42 INFO     Trial 436 finished with value: 0.017241 and parameters: {'max_delta_step': 27.59846776411685, 'colsample_bytree': 0.8938684529357772, 'subsample': 0.756913741365966, 'min_child_weight': 11.5575768028008, 'min_data_in_leaf': 16.907761683789705, 'lambda': 1.0808872675281262, 'alpha': 8.181892310885852, 'max_depth': 5, 'eta': 0.04791195453621999, 'gamma': 1.9160662125324173, 'num_boost_rounds': 30}. Best is trial 245 with value: 0.017549.
2025-01-02 12:48:43 INFO     Trial 437 pruned. Trial was pruned at iteration 0.
2025-01-02 12:48:43 INFO     n_estimators: 10
2025-01-02 12:48:43 INFO     Trial 438 finished with value: 0.017166 and parameters: {'max_delta_step': 19.281121390005705, 'colsample_bytree': 0.9327611945378208, 'subsample': 0.7659346320824469, 'min_child_weight': 14.722253373288124, 'min_data_in_leaf': 15.620534499552695, 'lambda': 0.0008445838263001731, 'alpha': 8.009655650441822, 'max_depth': 5, 'eta': 0.034475156207380064, 'gamma': 1.1143191462091708, 'num_boost_rounds': 40}. Best is trial 245 with value: 0.017549.
2025-01-02 12:48:44 INFO     Trial 439 pruned. Trial was pruned at iteration 0.
2025-01-02 12:48:44 INFO     Trial 440 pruned. Trial was pruned at iteration 0.
2025-01-02 12:48:44 INFO     Trial 441 pruned. Trial was pruned at iteration 0.
2025-01-02 12:48:45 INFO     Trial 442 pruned. Trial was pruned at iteration 0.
2025-01-02 12:48:45 INFO     n_estimators: 10
2025-01-02 12:48:45 INFO     Trial 443 finished with value: 0.016876 and parameters: {'max_delta_step': 18.071819272567115, 'colsample_bytree': 0.938209915151876, 'subsample': 0.7762818433067828, 'min_child_weight': 10.296784800525801, 'min_data_in_leaf': 14.366927979007752, 'lambda': 0.3569533013636801, 'alpha': 8.18831036597548, 'max_depth': 5, 'eta': 0.035949850020137196, 'gamma': 1.9895862067683623, 'num_boost_rounds': 30}. Best is trial 245 with value: 0.017549.
2025-01-02 12:48:46 INFO     Trial 444 pruned. Trial was pruned at iteration 1.
2025-01-02 12:48:47 INFO     n_estimators: 10
2025-01-02 12:48:47 INFO     Trial 445 finished with value: 0.016912 and parameters: {'max_delta_step': 23.238101669640145, 'colsample_bytree': 0.8861608088015996, 'subsample': 0.7999688602402015, 'min_child_weight': 44.64097539067696, 'min_data_in_leaf': 13.395825208958092, 'lambda': 0.6570941037374465, 'alpha': 8.862042483223128, 'max_depth': 5, 'eta': 0.016096741307590406, 'gamma': 1.4238731830911637, 'num_boost_rounds': 35}. Best is trial 245 with value: 0.017549.
2025-01-02 12:48:47 INFO     Trial 446 pruned. Trial was pruned at iteration 0.
2025-01-02 12:48:47 INFO     Trial 447 pruned. Trial was pruned at iteration 0.
2025-01-02 12:48:48 INFO     Trial 448 pruned. Trial was pruned at iteration 2.
2025-01-02 12:48:48 INFO     Trial 449 pruned. Trial was pruned at iteration 1.
2025-01-02 12:48:49 INFO     Trial 450 pruned. Trial was pruned at iteration 1.
2025-01-02 12:48:49 INFO     Trial 451 pruned. Trial was pruned at iteration 0.
2025-01-02 12:48:49 INFO     Trial 452 pruned. Trial was pruned at iteration 0.
2025-01-02 12:48:50 INFO     n_estimators: 10
2025-01-02 12:48:50 INFO     Trial 453 finished with value: 0.016978 and parameters: {'max_delta_step': 15.749711346512836, 'colsample_bytree': 0.9081369542303088, 'subsample': 0.8110108311567111, 'min_child_weight': 18.860068980868718, 'min_data_in_leaf': 16.865992314975784, 'lambda': 0.3370822552963098, 'alpha': 7.7650315800547585, 'max_depth': 5, 'eta': 0.028600729679676227, 'gamma': 1.1828230953818175, 'num_boost_rounds': 30}. Best is trial 245 with value: 0.017549.
2025-01-02 12:48:50 INFO     Trial 454 pruned. Trial was pruned at iteration 0.
2025-01-02 12:48:51 INFO     Trial 455 pruned. Trial was pruned at iteration 0.
2025-01-02 12:48:51 INFO     Trial 456 pruned. Trial was pruned at iteration 0.
2025-01-02 12:48:52 INFO     n_estimators: 10
2025-01-02 12:48:52 INFO     Trial 457 finished with value: 0.016963 and parameters: {'max_delta_step': 12.733976994901674, 'colsample_bytree': 0.8995153700689803, 'subsample': 0.7447850887322774, 'min_child_weight': 16.48085154487117, 'min_data_in_leaf': 13.883616747772615, 'lambda': 0.1939875449373993, 'alpha': 8.00668362906547, 'max_depth': 5, 'eta': 0.0410368457339371, 'gamma': 1.7178427432579808, 'num_boost_rounds': 50}. Best is trial 245 with value: 0.017549.
2025-01-02 12:48:52 INFO     Trial 458 pruned. Trial was pruned at iteration 1.
2025-01-02 12:48:53 INFO     Trial 459 pruned. Trial was pruned at iteration 1.
2025-01-02 12:48:53 INFO     Trial 460 pruned. Trial was pruned at iteration 0.
2025-01-02 12:48:54 INFO     Trial 461 pruned. Trial was pruned at iteration 0.
2025-01-02 12:48:54 INFO     n_estimators: 10
2025-01-02 12:48:54 INFO     Trial 462 finished with value: 0.016963 and parameters: {'max_delta_step': 32.94104496368149, 'colsample_bytree': 0.9448431389405598, 'subsample': 0.7304967405461213, 'min_child_weight': 16.891521513181086, 'min_data_in_leaf': 16.081692825088485, 'lambda': 0.5987001900957785, 'alpha': 7.127819014006082, 'max_depth': 5, 'eta': 0.0390310864025508, 'gamma': 2.6448450693363603, 'num_boost_rounds': 30}. Best is trial 245 with value: 0.017549.
2025-01-02 12:48:55 INFO     Trial 463 pruned. Trial was pruned at iteration 1.
2025-01-02 12:48:55 INFO     n_estimators: 10
2025-01-02 12:48:55 INFO     Trial 464 finished with value: 0.016971 and parameters: {'max_delta_step': 23.843020695471495, 'colsample_bytree': 0.9620532922574797, 'subsample': 0.7682896944437115, 'min_child_weight': 12.202445260421598, 'min_data_in_leaf': 17.653698817657048, 'lambda': 0.003337708003564227, 'alpha': 7.313291495281073, 'max_depth': 5, 'eta': 0.017709375181593566, 'gamma': 1.3324760241418225, 'num_boost_rounds': 55}. Best is trial 245 with value: 0.017549.
2025-01-02 12:48:56 INFO     n_estimators: 10
2025-01-02 12:48:56 INFO     Trial 465 finished with value: 0.016874 and parameters: {'max_delta_step': 5.189868828000634, 'colsample_bytree': 0.9040530128076643, 'subsample': 0.7589410046783365, 'min_child_weight': 18.801819014465902, 'min_data_in_leaf': 18.895032508143007, 'lambda': 0.752531303758634, 'alpha': 8.096297262759427, 'max_depth': 5, 'eta': 0.02481486162001216, 'gamma': 5.500117665137494, 'num_boost_rounds': 30}. Best is trial 245 with value: 0.017549.
2025-01-02 12:48:56 INFO     Trial 466 pruned. Trial was pruned at iteration 1.
2025-01-02 12:48:57 INFO     Trial 467 pruned. Trial was pruned at iteration 1.
2025-01-02 12:48:57 INFO     Trial 468 pruned. Trial was pruned at iteration 2.
2025-01-02 12:48:58 INFO     Trial 469 pruned. Trial was pruned at iteration 1.
2025-01-02 12:48:58 INFO     Trial 470 pruned. Trial was pruned at iteration 0.
2025-01-02 12:48:58 INFO     Trial 471 pruned. Trial was pruned at iteration 0.
2025-01-02 12:48:59 INFO     Trial 472 pruned. Trial was pruned at iteration 2.
2025-01-02 12:49:00 INFO     n_estimators: 10
2025-01-02 12:49:00 INFO     Trial 473 finished with value: 0.017219 and parameters: {'max_delta_step': 15.70734393652338, 'colsample_bytree': 0.9149280048693658, 'subsample': 0.7234562444015847, 'min_child_weight': 11.735342066838788, 'min_data_in_leaf': 14.256637144831195, 'lambda': 0.1665238750212797, 'alpha': 7.8295130992675945, 'max_depth': 5, 'eta': 0.041352198505442854, 'gamma': 1.392661055522561, 'num_boost_rounds': 30}. Best is trial 245 with value: 0.017549.
2025-01-02 12:49:00 INFO     Trial 474 pruned. Trial was pruned at iteration 0.
2025-01-02 12:49:01 INFO     n_estimators: 10
2025-01-02 12:49:01 INFO     Trial 475 finished with value: 0.016992 and parameters: {'max_delta_step': 22.096297235890646, 'colsample_bytree': 0.9667134284747224, 'subsample': 0.8201904220005765, 'min_child_weight': 37.286806890197184, 'min_data_in_leaf': 17.940854555601803, 'lambda': 0.01014718065593731, 'alpha': 8.183718131374674, 'max_depth': 5, 'eta': 0.02581444102949169, 'gamma': 2.0356920255869264, 'num_boost_rounds': 40}. Best is trial 245 with value: 0.017549.
2025-01-02 12:49:01 INFO     Trial 476 pruned. Trial was pruned at iteration 2.
2025-01-02 12:49:01 INFO     Trial 477 pruned. Trial was pruned at iteration 0.
2025-01-02 12:49:02 INFO     Trial 478 pruned. Trial was pruned at iteration 0.
2025-01-02 12:49:03 INFO     n_estimators: 10
2025-01-02 12:49:03 INFO     Trial 479 finished with value: 0.017299 and parameters: {'max_delta_step': 22.25620533029644, 'colsample_bytree': 0.9508548056616613, 'subsample': 0.7572782711532389, 'min_child_weight': 13.0243920559509, 'min_data_in_leaf': 16.277236607088923, 'lambda': 0.5226177623468015, 'alpha': 7.320345190948856, 'max_depth': 5, 'eta': 0.023888395305153205, 'gamma': 5.738397778627342, 'num_boost_rounds': 15}. Best is trial 245 with value: 0.017549.
2025-01-02 12:49:03 INFO     Trial 480 pruned. Trial was pruned at iteration 0.
2025-01-02 12:49:04 INFO     n_estimators: 10
2025-01-02 12:49:04 INFO     Trial 481 finished with value: 0.017 and parameters: {'max_delta_step': 10.209842607680088, 'colsample_bytree': 0.9133086752520643, 'subsample': 0.7728643082153195, 'min_child_weight': 11.048289327799218, 'min_data_in_leaf': 16.719709103363876, 'lambda': 0.9632950742341061, 'alpha': 7.882096402368324, 'max_depth': 5, 'eta': 0.04430243156696785, 'gamma': 1.2447480600676393, 'num_boost_rounds': 25}. Best is trial 245 with value: 0.017549.
2025-01-02 12:49:04 INFO     Trial 482 pruned. Trial was pruned at iteration 1.
2025-01-02 12:49:04 INFO     Trial 483 pruned. Trial was pruned at iteration 0.
2025-01-02 12:49:05 INFO     Trial 484 pruned. Trial was pruned at iteration 1.
2025-01-02 12:49:05 INFO     Trial 485 pruned. Trial was pruned at iteration 0.
2025-01-02 12:49:06 INFO     Trial 486 pruned. Trial was pruned at iteration 0.
2025-01-02 12:49:06 INFO     Trial 487 pruned. Trial was pruned at iteration 1.
2025-01-02 12:49:06 INFO     Trial 488 pruned. Trial was pruned at iteration 0.
2025-01-02 12:49:07 INFO     Trial 489 pruned. Trial was pruned at iteration 1.
2025-01-02 12:49:07 INFO     n_estimators: 10
2025-01-02 12:49:07 INFO     Trial 490 finished with value: 0.016971 and parameters: {'max_delta_step': 21.131854249492452, 'colsample_bytree': 0.979175994266253, 'subsample': 0.743051453919345, 'min_child_weight': 14.340568064222463, 'min_data_in_leaf': 19.72815525761339, 'lambda': 0.0007271939050483983, 'alpha': 8.401934574156984, 'max_depth': 5, 'eta': 0.03914945681544913, 'gamma': 1.2889431072075928, 'num_boost_rounds': 10}. Best is trial 245 with value: 0.017549.
2025-01-02 12:49:08 INFO     Trial 491 pruned. Trial was pruned at iteration 0.
2025-01-02 12:49:08 INFO     Trial 492 pruned. Trial was pruned at iteration 0.
2025-01-02 12:49:09 INFO     Trial 493 pruned. Trial was pruned at iteration 1.
2025-01-02 12:49:09 INFO     Trial 494 pruned. Trial was pruned at iteration 2.
2025-01-02 12:49:10 INFO     n_estimators: 10
2025-01-02 12:49:10 INFO     Trial 495 finished with value: 0.017233 and parameters: {'max_delta_step': 24.091834577046328, 'colsample_bytree': 0.9438818654959806, 'subsample': 0.7388728262894346, 'min_child_weight': 13.941513093852738, 'min_data_in_leaf': 15.959583620458357, 'lambda': 0.17944364044074676, 'alpha': 8.674549843268727, 'max_depth': 5, 'eta': 0.03104941786630781, 'gamma': 1.5133313089518938, 'num_boost_rounds': 25}. Best is trial 245 with value: 0.017549.
2025-01-02 12:49:10 INFO     n_estimators: 10
2025-01-02 12:49:10 INFO     Trial 496 finished with value: 0.016978 and parameters: {'max_delta_step': 31.27478750499433, 'colsample_bytree': 0.9139311753322096, 'subsample': 0.7692804554718204, 'min_child_weight': 17.65153325703513, 'min_data_in_leaf': 15.132590680948592, 'lambda': 1.0478678529301622, 'alpha': 8.176647920812659, 'max_depth': 5, 'eta': 0.0231409816957635, 'gamma': 1.7800771156126638, 'num_boost_rounds': 20}. Best is trial 245 with value: 0.017549.
2025-01-02 12:49:11 INFO     Trial 497 pruned. Trial was pruned at iteration 0.
2025-01-02 12:49:11 INFO     Trial 498 pruned. Trial was pruned at iteration 1.
2025-01-02 12:49:12 INFO     Trial 499 pruned. Trial was pruned at iteration 0.
2025-01-02 12:49:12 INFO     Trial 500 pruned. Trial was pruned at iteration 0.
2025-01-02 12:49:12 INFO     Trial 501 pruned. Trial was pruned at iteration 0.
2025-01-02 12:49:13 INFO     n_estimators: 10
2025-01-02 12:49:13 INFO     Trial 502 finished with value: 0.017146 and parameters: {'max_delta_step': 11.793228611766958, 'colsample_bytree': 0.905138010981883, 'subsample': 0.7531080884519217, 'min_child_weight': 13.591077180402433, 'min_data_in_leaf': 13.806881320307623, 'lambda': 0.6444154656326756, 'alpha': 6.948863395576356, 'max_depth': 5, 'eta': 0.026839707562940844, 'gamma': 1.973680702298132, 'num_boost_rounds': 40}. Best is trial 245 with value: 0.017549.
2025-01-02 12:49:13 INFO     Trial 503 pruned. Trial was pruned at iteration 1.
2025-01-02 12:49:14 INFO     Trial 504 pruned. Trial was pruned at iteration 0.
2025-01-02 12:49:14 INFO     Trial 505 pruned. Trial was pruned at iteration 2.
2025-01-02 12:49:15 INFO     Trial 506 pruned. Trial was pruned at iteration 1.
2025-01-02 12:49:15 INFO     Trial 507 pruned. Trial was pruned at iteration 0.
2025-01-02 12:49:15 INFO     Trial 508 pruned. Trial was pruned at iteration 0.
