2025-01-02 13:13:26 INFO     Trial 557 finished with value: 0.017088 and parameters: {'max_delta_step': 23.14606487042163, 'colsample_bytree': 0.5527162784799091, 'colsample_bynode': 0.4122406714499831, 'subsample': 0.901581524124978, 'min_child_weight': 84.51218013080727, 'min_data_in_leaf': 20.83303578806661, 'lambda': 3.0386565005565194, 'alpha': 3.5496857861787188, 'max_depth': 1, 'eta': 0.18998232055963044, 'gamma': 6.96234880101085, 'num_boost_rounds': 190}. Best is trial 186 with value: 0.017241.
2025-01-02 13:13:27 INFO     n_estimators: 10
2025-01-02 13:13:27 INFO     Trial 558 finished with value: 0.017143 and parameters: {'max_delta_step': 19.593390448786433, 'colsample_bytree': 0.5232676596896801, 'colsample_bynode': 0.4422920127481096, 'subsample': 0.8803218124656457, 'min_child_weight': 94.2449391063106, 'min_data_in_leaf': 22.861492617813862, 'lambda': 2.536778773877958, 'alpha': 7.601614860897954, 'max_depth': 1, 'eta': 0.19339313649622533, 'gamma': 2.960585434429885, 'num_boost_rounds': 170}. Best is trial 186 with value: 0.017241.
2025-01-02 13:13:27 INFO     n_estimators: 10
2025-01-02 13:13:27 INFO     Trial 559 finished with value: 0.017088 and parameters: {'max_delta_step': 16.856117023358166, 'colsample_bytree': 0.5416182928326643, 'colsample_bynode': 0.39251676826916637, 'subsample': 0.8936839612493971, 'min_child_weight': 87.4107775718923, 'min_data_in_leaf': 21.451413514428264, 'lambda': 2.8472065901199977, 'alpha': 5.2223287241088325, 'max_depth': 1, 'eta': 0.19676077007832793, 'gamma': 8.26947550977271, 'num_boost_rounds': 180}. Best is trial 186 with value: 0.017241.
2025-01-02 13:13:28 INFO     n_estimators: 10
2025-01-02 13:13:28 INFO     Trial 560 finished with value: 0.017143 and parameters: {'max_delta_step': 21.03162290228026, 'colsample_bytree': 0.510319568135174, 'colsample_bynode': 0.3394708917856941, 'subsample': 0.8661853786154671, 'min_child_weight': 90.7986538941627, 'min_data_in_leaf': 18.70842781326478, 'lambda': 3.1914593530193103, 'alpha': 7.3834622571230035, 'max_depth': 1, 'eta': 0.1999770742345628, 'gamma': 8.799115191617286, 'num_boost_rounds': 195}. Best is trial 186 with value: 0.017241.
2025-01-02 13:13:29 INFO     n_estimators: 10
2025-01-02 13:13:29 INFO     Trial 561 finished with value: 0.017088 and parameters: {'max_delta_step': 12.522714887043811, 'colsample_bytree': 0.532461026843992, 'colsample_bynode': 0.4572532659601044, 'subsample': 0.9214686426786785, 'min_child_weight': 85.51411581536745, 'min_data_in_leaf': 20.061262261709597, 'lambda': 3.4534454705104993, 'alpha': 7.017843005250647, 'max_depth': 1, 'eta': 0.18785934285673933, 'gamma': 8.431660978508738, 'num_boost_rounds': 185}. Best is trial 186 with value: 0.017241.
2025-01-02 13:13:29 INFO     Trial 562 pruned. Trial was pruned at iteration 5.
2025-01-02 13:13:30 INFO     n_estimators: 10
2025-01-02 13:13:30 INFO     Trial 563 finished with value: 0.017088 and parameters: {'max_delta_step': 18.18101896035081, 'colsample_bytree': 0.5529433568425481, 'colsample_bynode': 0.43809492686271695, 'subsample': 0.8844866732615971, 'min_child_weight': 88.94108236385883, 'min_data_in_leaf': 15.31603675276107, 'lambda': 2.700212009911488, 'alpha': 9.634120982667552, 'max_depth': 1, 'eta': 0.1928504221698968, 'gamma': 4.9370599182687, 'num_boost_rounds': 185}. Best is trial 186 with value: 0.017241.
2025-01-02 13:13:30 INFO     Trial 564 pruned. Trial was pruned at iteration 5.
2025-01-02 13:13:31 INFO     Trial 565 pruned. Trial was pruned at iteration 5.
2025-01-02 13:13:31 INFO     n_estimators: 10
2025-01-02 13:13:32 INFO     Trial 566 finished with value: 0.017241 and parameters: {'max_delta_step': 20.3321909518554, 'colsample_bytree': 0.5198820506252849, 'colsample_bynode': 0.40564018571836563, 'subsample': 0.9108573996153345, 'min_child_weight': 92.63735628859936, 'min_data_in_leaf': 21.84592950548691, 'lambda': 3.7024313222321537, 'alpha': 7.532982148286058, 'max_depth': 1, 'eta': 0.19985947490606118, 'gamma': 8.738304142990138, 'num_boost_rounds': 195}. Best is trial 186 with value: 0.017241.
2025-01-02 13:13:32 INFO     n_estimators: 10
2025-01-02 13:13:32 INFO     Trial 567 finished with value: 0.017088 and parameters: {'max_delta_step': 17.64809379879776, 'colsample_bytree': 0.5621343868164811, 'colsample_bynode': 0.3808937903341073, 'subsample': 0.8943405855750826, 'min_child_weight': 82.85386085933405, 'min_data_in_leaf': 20.383945969753455, 'lambda': 2.2859915353118003, 'alpha': 7.824239652837756, 'max_depth': 1, 'eta': 0.1923695200287719, 'gamma': 8.418587699202511, 'num_boost_rounds': 180}. Best is trial 186 with value: 0.017241.
2025-01-02 13:13:33 INFO     Trial 568 pruned. Trial was pruned at iteration 0.
2025-01-02 13:13:33 INFO     n_estimators: 10
2025-01-02 13:13:33 INFO     Trial 569 finished with value: 0.017143 and parameters: {'max_delta_step': 24.192329954992644, 'colsample_bytree': 0.54810035862448, 'colsample_bynode': 0.4289177408282356, 'subsample': 0.8648212759840133, 'min_child_weight': 90.63192453555807, 'min_data_in_leaf': 10.183180668103542, 'lambda': 3.4018277771602996, 'alpha': 6.971255987846805, 'max_depth': 1, 'eta': 0.18735866178960223, 'gamma': 8.58332091489782, 'num_boost_rounds': 185}. Best is trial 186 with value: 0.017241.
2025-01-02 13:13:34 INFO     n_estimators: 10
2025-01-02 13:13:34 INFO     Trial 570 finished with value: 0.017241 and parameters: {'max_delta_step': 13.916204434262825, 'colsample_bytree': 0.5396788188344096, 'colsample_bynode': 0.3593386413539723, 'subsample': 0.8811965584692588, 'min_child_weight': 79.86974462175152, 'min_data_in_leaf': 18.683448490237005, 'lambda': 3.1233961743953578, 'alpha': 7.425839885299984, 'max_depth': 1, 'eta': 0.1998805623110226, 'gamma': 7.7005852553278356, 'num_boost_rounds': 175}. Best is trial 186 with value: 0.017241.
2025-01-02 13:13:35 INFO     Trial 571 pruned. Trial was pruned at iteration 5.
2025-01-02 13:13:35 INFO     n_estimators: 10
2025-01-02 13:13:35 INFO     Trial 572 finished with value: 0.017088 and parameters: {'max_delta_step': 16.2869797371435, 'colsample_bytree': 0.5556281050524166, 'colsample_bynode': 0.4525105938290398, 'subsample': 0.9025913179114597, 'min_child_weight': 94.06983355234814, 'min_data_in_leaf': 19.409538289446147, 'lambda': 3.0190389377667484, 'alpha': 7.644137294207232, 'max_depth': 1, 'eta': 0.1937461781844046, 'gamma': 8.134216082420389, 'num_boost_rounds': 180}. Best is trial 186 with value: 0.017241.
2025-01-02 13:13:36 INFO     n_estimators: 10
2025-01-02 13:13:36 INFO     Trial 573 finished with value: 0.017088 and parameters: {'max_delta_step': 18.460466387145296, 'colsample_bytree': 0.5285739510567713, 'colsample_bynode': 0.39395340175182597, 'subsample': 0.8887290617625373, 'min_child_weight': 83.90765759884403, 'min_data_in_leaf': 22.18979418509598, 'lambda': 2.7692468926009193, 'alpha': 6.708518776592728, 'max_depth': 1, 'eta': 0.1961625667504452, 'gamma': 8.383501581160765, 'num_boost_rounds': 185}. Best is trial 186 with value: 0.017241.
2025-01-02 13:13:36 INFO     n_estimators: 10
2025-01-02 13:13:36 INFO     Trial 574 finished with value: 0.017143 and parameters: {'max_delta_step': 26.815586090656275, 'colsample_bytree': 0.5449785075232928, 'colsample_bynode': 0.43763047915589864, 'subsample': 0.8124173812533314, 'min_child_weight': 85.37872557850592, 'min_data_in_leaf': 16.932589280604155, 'lambda': 9.649691012806684, 'alpha': 4.52130441713151, 'max_depth': 1, 'eta': 0.19994088647579092, 'gamma': 8.79014490846089, 'num_boost_rounds': 175}. Best is trial 186 with value: 0.017241.
2025-01-02 13:13:37 INFO     Trial 575 pruned. Trial was pruned at iteration 5.
2025-01-02 13:13:38 INFO     n_estimators: 10
2025-01-02 13:13:38 INFO     Trial 576 finished with value: 0.017143 and parameters: {'max_delta_step': 16.308318776154362, 'colsample_bytree': 0.5330348654434807, 'colsample_bynode': 0.42073070888286895, 'subsample': 0.8812244779764306, 'min_child_weight': 81.53037959587648, 'min_data_in_leaf': 19.657844728044196, 'lambda': 3.158769292683065, 'alpha': 7.3369961170817835, 'max_depth': 1, 'eta': 0.19149135570580345, 'gamma': 8.600312026707666, 'num_boost_rounds': 190}. Best is trial 186 with value: 0.017241.
2025-01-02 13:13:38 INFO     n_estimators: 10
2025-01-02 13:13:38 INFO     Trial 577 finished with value: 0.017143 and parameters: {'max_delta_step': 21.51961357903241, 'colsample_bytree': 0.5590116245594587, 'colsample_bynode': 0.4806111073089999, 'subsample': 0.8691922730232604, 'min_child_weight': 91.82006704619131, 'min_data_in_leaf': 21.49896331819025, 'lambda': 6.658687196572846, 'alpha': 7.889085261217974, 'max_depth': 1, 'eta': 0.1999917983973132, 'gamma': 8.292989053988679, 'num_boost_rounds': 185}. Best is trial 186 with value: 0.017241.
2025-01-02 13:13:39 INFO     n_estimators: 10
2025-01-02 13:13:39 INFO     Trial 578 finished with value: 0.017088 and parameters: {'max_delta_step': 19.020781249229316, 'colsample_bytree': 0.5481491724705765, 'colsample_bynode': 0.4050564859979797, 'subsample': 0.8971351160063693, 'min_child_weight': 87.37719128637872, 'min_data_in_leaf': 17.657750028064726, 'lambda': 3.6097711708097284, 'alpha': 4.897661700574723, 'max_depth': 1, 'eta': 0.195701327805252, 'gamma': 7.255053200786536, 'num_boost_rounds': 180}. Best is trial 186 with value: 0.017241.
2025-01-02 13:13:40 INFO     n_estimators: 10
2025-01-02 13:13:40 INFO     Trial 579 finished with value: 0.017088 and parameters: {'max_delta_step': 23.726679162579103, 'colsample_bytree': 0.5087426464698362, 'colsample_bynode': 0.44403098186764295, 'subsample': 0.8884040681876931, 'min_child_weight': 76.08185737786548, 'min_data_in_leaf': 20.253129997709898, 'lambda': 2.909719786710271, 'alpha': 7.134998510372098, 'max_depth': 1, 'eta': 0.1896054918705159, 'gamma': 8.995155426285951, 'num_boost_rounds': 190}. Best is trial 186 with value: 0.017241.
2025-01-02 13:13:40 INFO     Trial 580 pruned. Trial was pruned at iteration 5.
2025-01-02 13:13:41 INFO     n_estimators: 10
2025-01-02 13:13:41 INFO     Trial 581 finished with value: 0.017088 and parameters: {'max_delta_step': 78.33108630741631, 'colsample_bytree': 0.5373505843984868, 'colsample_bynode': 0.425262904963948, 'subsample': 0.9087105352483106, 'min_child_weight': 70.42543677155894, 'min_data_in_leaf': 18.498205284530982, 'lambda': 3.2832923815130086, 'alpha': 6.886500551634456, 'max_depth': 1, 'eta': 0.194389291991496, 'gamma': 8.696813953385693, 'num_boost_rounds': 185}. Best is trial 186 with value: 0.017241.
2025-01-02 13:13:42 INFO     n_estimators: 10
2025-01-02 13:13:42 INFO     Trial 582 finished with value: 0.017088 and parameters: {'max_delta_step': 17.807378789463613, 'colsample_bytree': 0.5698118518996467, 'colsample_bynode': 0.4584171001718192, 'subsample': 0.877101732441336, 'min_child_weight': 84.7186744419122, 'min_data_in_leaf': 25.58877122817028, 'lambda': 1.98957392934074, 'alpha': 8.314877822631438, 'max_depth': 1, 'eta': 0.181027625886419, 'gamma': 8.219070970734428, 'num_boost_rounds': 175}. Best is trial 186 with value: 0.017241.
2025-01-02 13:13:42 INFO     n_estimators: 10
2025-01-02 13:13:42 INFO     Trial 583 finished with value: 0.017088 and parameters: {'max_delta_step': 11.88965641001408, 'colsample_bytree': 0.5510965997948386, 'colsample_bynode': 0.42074556661993606, 'subsample': 0.8480684236491388, 'min_child_weight': 52.49287040008961, 'min_data_in_leaf': 19.23371731761557, 'lambda': 3.016159978956497, 'alpha': 7.667278212915612, 'max_depth': 1, 'eta': 0.19621801348829668, 'gamma': 5.596459214587134, 'num_boost_rounds': 195}. Best is trial 186 with value: 0.017241.
2025-01-02 13:13:43 INFO     n_estimators: 10
2025-01-02 13:13:43 INFO     Trial 584 finished with value: 0.017088 and parameters: {'max_delta_step': 20.402247401452993, 'colsample_bytree': 0.5186858987802947, 'colsample_bynode': 0.372185049515258, 'subsample': 0.9665918514753586, 'min_child_weight': 89.50480747757489, 'min_data_in_leaf': 19.80832034423676, 'lambda': 2.413057693784368, 'alpha': 7.321701594557515, 'max_depth': 1, 'eta': 0.1905899774543004, 'gamma': 7.895872039244104, 'num_boost_rounds': 180}. Best is trial 186 with value: 0.017241.
2025-01-02 13:13:44 INFO     Trial 585 pruned. Trial was pruned at iteration 5.
2025-01-02 13:13:44 INFO     n_estimators: 10
2025-01-02 13:13:44 INFO     Trial 586 finished with value: 0.017143 and parameters: {'max_delta_step': 22.57647942780916, 'colsample_bytree': 0.5334590369881331, 'colsample_bynode': 0.40183191430859183, 'subsample': 0.8715015677637203, 'min_child_weight': 66.9826954577541, 'min_data_in_leaf': 20.61728641333502, 'lambda': 2.745046608806459, 'alpha': 2.9037760315174777, 'max_depth': 1, 'eta': 0.1934499290932139, 'gamma': 8.440061085886242, 'num_boost_rounds': 200}. Best is trial 186 with value: 0.017241.
2025-01-02 13:13:45 INFO     n_estimators: 10
2025-01-02 13:13:45 INFO     Trial 587 finished with value: 0.017084 and parameters: {'max_delta_step': 18.277499827890576, 'colsample_bytree': 0.5407715451231745, 'colsample_bynode': 0.43259920061788043, 'subsample': 0.9013216906987744, 'min_child_weight': 92.68704802957248, 'min_data_in_leaf': 18.06990266773594, 'lambda': 3.1770321136013546, 'alpha': 9.295170531183102, 'max_depth': 1, 'eta': 0.18544059025274412, 'gamma': 8.632234096316386, 'num_boost_rounds': 180}. Best is trial 186 with value: 0.017241.
2025-01-02 13:13:46 INFO     n_estimators: 10
2025-01-02 13:13:46 INFO     Trial 588 finished with value: 0.017143 and parameters: {'max_delta_step': 9.147016833545383, 'colsample_bytree': 0.5604279232285435, 'colsample_bynode': 0.3518334911280767, 'subsample': 0.8799393011104688, 'min_child_weight': 86.31847289060018, 'min_data_in_leaf': 19.481171920289277, 'lambda': 2.9243242094226964, 'alpha': 7.8924635471879165, 'max_depth': 1, 'eta': 0.1959463621555493, 'gamma': 8.318085448265828, 'num_boost_rounds': 190}. Best is trial 186 with value: 0.017241.
2025-01-02 13:13:46 INFO     n_estimators: 10
2025-01-02 13:13:46 INFO     Trial 589 finished with value: 0.017137 and parameters: {'max_delta_step': 20.28219243326182, 'colsample_bytree': 0.5457034467493729, 'colsample_bynode': 0.4969468916072423, 'subsample': 0.629081201663283, 'min_child_weight': 82.39485080811997, 'min_data_in_leaf': 18.516207480373705, 'lambda': 2.5931909521752297, 'alpha': 7.100120934603091, 'max_depth': 1, 'eta': 0.19645996521758574, 'gamma': 8.866768023963541, 'num_boost_rounds': 140}. Best is trial 186 with value: 0.017241.
2025-01-02 13:13:47 INFO     n_estimators: 10
2025-01-02 13:13:47 INFO     Trial 590 finished with value: 0.017143 and parameters: {'max_delta_step': 15.13341037589162, 'colsample_bytree': 0.5269923910224583, 'colsample_bynode': 0.41430740964836993, 'subsample': 0.8585477500853448, 'min_child_weight': 90.60220085444674, 'min_data_in_leaf': 20.017217014599293, 'lambda': 2.1728538688777426, 'alpha': 7.27310678536898, 'max_depth': 1, 'eta': 0.19990266597753525, 'gamma': 9.076920348789784, 'num_boost_rounds': 185}. Best is trial 186 with value: 0.017241.
2025-01-02 13:13:48 INFO     Trial 591 pruned. Trial was pruned at iteration 5.
2025-01-02 13:13:48 INFO     n_estimators: 10
2025-01-02 13:13:48 INFO     Trial 592 finished with value: 0.017143 and parameters: {'max_delta_step': 21.33216552198528, 'colsample_bytree': 0.5368896112283236, 'colsample_bynode': 0.47262880745069497, 'subsample': 0.8696574130435165, 'min_child_weight': 94.33059869195883, 'min_data_in_leaf': 20.411789075692155, 'lambda': 3.3459942375283607, 'alpha': 9.854049949920448, 'max_depth': 1, 'eta': 0.19349452956368904, 'gamma': 8.538305104047502, 'num_boost_rounds': 190}. Best is trial 186 with value: 0.017241.
2025-01-02 13:13:49 INFO     n_estimators: 10
2025-01-02 13:13:49 INFO     Trial 593 finished with value: 0.017088 and parameters: {'max_delta_step': 24.874009122118164, 'colsample_bytree': 0.5175393064391495, 'colsample_bynode': 0.398116081714291, 'subsample': 0.8847111454667901, 'min_child_weight': 84.87220862905892, 'min_data_in_leaf': 18.856041007349823, 'lambda': 3.1248047447662723, 'alpha': 9.004083758723883, 'max_depth': 1, 'eta': 0.1963802159216247, 'gamma': 8.708062957417908, 'num_boost_rounds': 180}. Best is trial 186 with value: 0.017241.
2025-01-02 13:13:49 INFO     n_estimators: 10
2025-01-02 13:13:50 INFO     Trial 594 finished with value: 0.017143 and parameters: {'max_delta_step': 19.30437634500643, 'colsample_bytree': 0.5541699791804057, 'colsample_bynode': 0.4347200618745683, 'subsample': 0.8752272221504429, 'min_child_weight': 78.38158184067765, 'min_data_in_leaf': 19.391879762181915, 'lambda': 3.6519341337146467, 'alpha': 7.5273430452310235, 'max_depth': 1, 'eta': 0.19649982338117103, 'gamma': 8.410712786511462, 'num_boost_rounds': 190}. Best is trial 186 with value: 0.017241.
2025-01-02 13:13:50 INFO     Trial 595 pruned. Trial was pruned at iteration 0.
2025-01-02 13:13:51 INFO     n_estimators: 10
2025-01-02 13:13:51 INFO     Trial 596 finished with value: 0.017143 and parameters: {'max_delta_step': 16.247912725590616, 'colsample_bytree': 0.5654078344225598, 'colsample_bynode': 0.38762212268615287, 'subsample': 0.8619880299095962, 'min_child_weight': 88.49060971277841, 'min_data_in_leaf': 19.772467111066927, 'lambda': 3.042383908087748, 'alpha': 8.738207084282488, 'max_depth': 1, 'eta': 0.19297394918692698, 'gamma': 9.41126043370361, 'num_boost_rounds': 195}. Best is trial 186 with value: 0.017241.
2025-01-02 13:13:51 INFO     n_estimators: 10
2025-01-02 13:13:51 INFO     Trial 597 finished with value: 0.017084 and parameters: {'max_delta_step': 13.233292789439249, 'colsample_bytree': 0.5485026468085342, 'colsample_bynode': 0.449842257652187, 'subsample': 0.9808372947042727, 'min_child_weight': 91.69053013351039, 'min_data_in_leaf': 21.736654227138608, 'lambda': 2.4801893897132814, 'alpha': 8.180538625171753, 'max_depth': 1, 'eta': 0.18796778370861122, 'gamma': 7.718672563641937, 'num_boost_rounds': 175}. Best is trial 186 with value: 0.017241.
2025-01-02 13:13:52 INFO     n_estimators: 10
2025-01-02 13:13:52 INFO     Trial 598 finished with value: 0.017088 and parameters: {'max_delta_step': 42.11011875483013, 'colsample_bytree': 0.5104522633548844, 'colsample_bynode': 0.3079880122489392, 'subsample': 0.8507871941234988, 'min_child_weight': 86.13291983827136, 'min_data_in_leaf': 19.098341459431, 'lambda': 3.409166594429638, 'alpha': 7.384528920858966, 'max_depth': 1, 'eta': 0.19620009154692453, 'gamma': 8.179081834531171, 'num_boost_rounds': 180}. Best is trial 186 with value: 0.017241.
2025-01-02 13:13:53 INFO     n_estimators: 10
2025-01-02 13:13:53 INFO     Trial 599 finished with value: 0.017241 and parameters: {'max_delta_step': 62.63598363430611, 'colsample_bytree': 0.5420861173828104, 'colsample_bynode': 0.4303550723707095, 'subsample': 0.8996943441900818, 'min_child_weight': 99.84258503290917, 'min_data_in_leaf': 21.042416746372393, 'lambda': 2.7766462817280524, 'alpha': 7.667345299902603, 'max_depth': 1, 'eta': 0.19985126404471307, 'gamma': 8.578820629050387, 'num_boost_rounds': 185}. Best is trial 186 with value: 0.017241.
2025-01-02 13:13:53 INFO     Trial 600 pruned. Trial was pruned at iteration 0.
2025-01-02 13:13:54 INFO     n_estimators: 10
2025-01-02 13:13:54 INFO     Trial 601 finished with value: 0.017088 and parameters: {'max_delta_step': 20.962712675289318, 'colsample_bytree': 0.5284798535136197, 'colsample_bynode': 0.4666689254452704, 'subsample': 0.8873893709496422, 'min_child_weight': 89.65848114466827, 'min_data_in_leaf': 18.399441299628165, 'lambda': 3.785703581673096, 'alpha': 6.840480963572298, 'max_depth': 1, 'eta': 0.19623559406382268, 'gamma': 8.294269834397474, 'num_boost_rounds': 180}. Best is trial 186 with value: 0.017241.
2025-01-02 13:13:55 INFO     n_estimators: 10
2025-01-02 13:13:55 INFO     Trial 602 finished with value: 0.017088 and parameters: {'max_delta_step': 17.310485917157052, 'colsample_bytree': 0.5563771201352078, 'colsample_bynode': 0.3327445469544627, 'subsample': 0.692640182091854, 'min_child_weight': 80.63308655661105, 'min_data_in_leaf': 20.57905282583486, 'lambda': 3.0759466657412733, 'alpha': 7.834617532253164, 'max_depth': 1, 'eta': 0.1848779742974108, 'gamma': 7.908962592752388, 'num_boost_rounds': 195}. Best is trial 186 with value: 0.017241.
2025-01-02 13:13:55 INFO     n_estimators: 10
2025-01-02 13:13:55 INFO     Trial 603 finished with value: 0.017143 and parameters: {'max_delta_step': 14.812892128896653, 'colsample_bytree': 0.5416875387275744, 'colsample_bynode': 0.37515766097709946, 'subsample': 0.833889149443419, 'min_child_weight': 3.8531967334221733, 'min_data_in_leaf': 20.111401600339462, 'lambda': 2.678713250223229, 'alpha': 7.433929538199016, 'max_depth': 1, 'eta': 0.19994600881117539, 'gamma': 9.159019418267402, 'num_boost_rounds': 185}. Best is trial 186 with value: 0.017241.
2025-01-02 13:13:56 INFO     n_estimators: 10
2025-01-02 13:13:56 INFO     Trial 604 finished with value: 0.017143 and parameters: {'max_delta_step': 24.11718233983299, 'colsample_bytree': 0.5260186040600718, 'colsample_bynode': 0.4449593726747619, 'subsample': 0.8753393446621714, 'min_child_weight': 87.40513871432077, 'min_data_in_leaf': 19.521060258694916, 'lambda': 2.916155385302346, 'alpha': 9.528704230361765, 'max_depth': 1, 'eta': 0.19302609343017268, 'gamma': 8.445903442224273, 'num_boost_rounds': 190}. Best is trial 186 with value: 0.017241.
2025-01-02 13:13:57 INFO     Trial 605 pruned. Trial was pruned at iteration 5.
2025-01-02 13:13:57 INFO     n_estimators: 10
