2025-01-02 13:52:00 INFO     Trial 646 finished with value: 0.017137 and parameters: {'max_delta_step': 77.0020565697324, 'colsample_bytree': 0.5271273201512565, 'subsample': 0.6672764396851811, 'min_child_weight': 81.01471362086528, 'min_data_in_leaf': 13.418967592606576, 'lambda': 9.355091929547713, 'alpha': 0.8863317233651032, 'max_depth': 1, 'eta': 0.19639850730059516, 'gamma': 5.851830483166571, 'num_boost_rounds': 185}. Best is trial 352 with value: 0.017241.
2025-01-02 13:52:00 INFO     Trial 647 pruned. Trial was pruned at iteration 5.
2025-01-02 13:52:01 INFO     Trial 648 pruned. Trial was pruned at iteration 0.
2025-01-02 13:52:01 INFO     Trial 649 pruned. Trial was pruned at iteration 0.
2025-01-02 13:52:02 INFO     Trial 650 finished with value: 0.017143 and parameters: {'max_delta_step': 82.96843780139386, 'colsample_bytree': 0.5402397572294546, 'subsample': 0.7124371584945711, 'min_child_weight': 68.62818279396602, 'min_data_in_leaf': 20.96654524561336, 'lambda': 8.2955007600603, 'alpha': 1.8441091853255855, 'max_depth': 1, 'eta': 0.18630973150908806, 'gamma': 4.431422655536522, 'num_boost_rounds': 185}. Best is trial 352 with value: 0.017241.
2025-01-02 13:52:02 INFO     Trial 651 pruned. Trial was pruned at iteration 0.
2025-01-02 13:52:03 INFO     Trial 652 pruned. Trial was pruned at iteration 5.
2025-01-02 13:52:03 INFO     Trial 653 pruned. Trial was pruned at iteration 9.
2025-01-02 13:52:04 INFO     Trial 654 finished with value: 0.017137 and parameters: {'max_delta_step': 86.74876020766555, 'colsample_bytree': 0.5234159103765557, 'subsample': 0.7066549211175712, 'min_child_weight': 94.8767284519454, 'min_data_in_leaf': 17.584486810489672, 'lambda': 6.466263106872549, 'alpha': 1.3934436682849518, 'max_depth': 1, 'eta': 0.19648507689035966, 'gamma': 4.2049751991291195, 'num_boost_rounds': 180}. Best is trial 352 with value: 0.017241.
2025-01-02 13:52:04 INFO     Trial 655 pruned. Trial was pruned at iteration 0.
2025-01-02 13:52:05 INFO     Trial 656 pruned. Trial was pruned at iteration 0.
2025-01-02 13:52:05 INFO     Trial 657 pruned. Trial was pruned at iteration 0.
2025-01-02 13:52:06 INFO     Trial 658 pruned. Trial was pruned at iteration 0.
2025-01-02 13:52:06 INFO     Trial 659 finished with value: 0.017137 and parameters: {'max_delta_step': 73.96328063195597, 'colsample_bytree': 0.5105705755565623, 'subsample': 0.7002766253803112, 'min_child_weight': 97.04144296801093, 'min_data_in_leaf': 18.78494362721486, 'lambda': 8.73258975021204, 'alpha': 0.7927838308152346, 'max_depth': 1, 'eta': 0.19326469268543917, 'gamma': 5.326914863199361, 'num_boost_rounds': 165}. Best is trial 352 with value: 0.017241.
2025-01-02 13:52:07 INFO     Trial 660 pruned. Trial was pruned at iteration 0.
2025-01-02 13:52:08 INFO     Trial 661 pruned. Trial was pruned at iteration 9.
2025-01-02 13:52:08 INFO     Trial 662 pruned. Trial was pruned at iteration 0.
2025-01-02 13:52:09 INFO     Trial 663 pruned. Trial was pruned at iteration 9.
2025-01-02 13:52:09 INFO     Trial 664 finished with value: 0.017139 and parameters: {'max_delta_step': 63.89543641968219, 'colsample_bytree': 0.5074234117821715, 'subsample': 0.6857303180178419, 'min_child_weight': 99.98542011317157, 'min_data_in_leaf': 19.187710279021893, 'lambda': 3.537249484720638, 'alpha': 0.8894216136753128, 'max_depth': 1, 'eta': 0.19125225092077916, 'gamma': 1.0292089613731852, 'num_boost_rounds': 190}. Best is trial 352 with value: 0.017241.
2025-01-02 13:52:10 INFO     Trial 665 finished with value: 0.017137 and parameters: {'max_delta_step': 84.8446775428197, 'colsample_bytree': 0.5396161085450614, 'subsample': 0.7077100395267483, 'min_child_weight': 96.55253610204016, 'min_data_in_leaf': 18.248685805553112, 'lambda': 9.28936505287085, 'alpha': 1.1348326982438324, 'max_depth': 1, 'eta': 0.19603054856113003, 'gamma': 3.575444590747307, 'num_boost_rounds': 200}. Best is trial 352 with value: 0.017241.
2025-01-02 13:52:10 INFO     Trial 666 pruned. Trial was pruned at iteration 0.
2025-01-02 13:52:11 INFO     Trial 667 finished with value: 0.017143 and parameters: {'max_delta_step': 82.53681862465264, 'colsample_bytree': 0.509989800738111, 'subsample': 0.723997486590225, 'min_child_weight': 72.58808491125427, 'min_data_in_leaf': 17.976632861251524, 'lambda': 9.684533822845706, 'alpha': 1.3771665344204833, 'max_depth': 1, 'eta': 0.19323419321575666, 'gamma': 2.087954327172413, 'num_boost_rounds': 195}. Best is trial 352 with value: 0.017241.
2025-01-02 13:52:11 INFO     Trial 668 pruned. Trial was pruned at iteration 0.
2025-01-02 13:52:12 INFO     Trial 669 pruned. Trial was pruned at iteration 0.
2025-01-02 13:52:12 INFO     Trial 670 pruned. Trial was pruned at iteration 0.
2025-01-02 13:52:13 INFO     Trial 671 pruned. Trial was pruned at iteration 9.
2025-01-02 13:52:13 INFO     Trial 672 pruned. Trial was pruned at iteration 0.
2025-01-02 13:52:14 INFO     Trial 673 pruned. Trial was pruned at iteration 0.
2025-01-02 13:52:14 INFO     Trial 674 pruned. Trial was pruned at iteration 0.
2025-01-02 13:52:15 INFO     Trial 675 pruned. Trial was pruned at iteration 5.
2025-01-02 13:52:15 INFO     Trial 676 finished with value: 0.017143 and parameters: {'max_delta_step': 52.0472750311827, 'colsample_bytree': 0.5198660026057453, 'subsample': 0.7270126377965304, 'min_child_weight': 91.2833512082029, 'min_data_in_leaf': 20.429637095949694, 'lambda': 9.531917431048932, 'alpha': 1.0515948488255427, 'max_depth': 1, 'eta': 0.196917611660336, 'gamma': 6.082024562142562, 'num_boost_rounds': 195}. Best is trial 352 with value: 0.017241.
2025-01-02 13:52:16 INFO     Trial 677 finished with value: 0.017137 and parameters: {'max_delta_step': 73.2914463979808, 'colsample_bytree': 0.5456856623426435, 'subsample': 0.7084194577740409, 'min_child_weight': 84.60257722279115, 'min_data_in_leaf': 19.81926374849113, 'lambda': 8.690663085080516, 'alpha': 9.748784784616145, 'max_depth': 1, 'eta': 0.19991997047491386, 'gamma': 1.742642097285949, 'num_boost_rounds': 200}. Best is trial 352 with value: 0.017241.
2025-01-02 13:52:16 INFO     Trial 678 pruned. Trial was pruned at iteration 0.
2025-01-02 13:52:17 INFO     Trial 679 pruned. Trial was pruned at iteration 0.
2025-01-02 13:52:17 INFO     Trial 680 finished with value: 0.017137 and parameters: {'max_delta_step': 83.28508351985501, 'colsample_bytree': 0.5078354334301143, 'subsample': 0.6948416611619459, 'min_child_weight': 66.25796448077153, 'min_data_in_leaf': 18.72966566336868, 'lambda': 9.735253082421867, 'alpha': 0.149688446836319, 'max_depth': 1, 'eta': 0.19393606820497397, 'gamma': 4.365258650446536, 'num_boost_rounds': 175}. Best is trial 352 with value: 0.017241.
2025-01-02 13:52:18 INFO     Trial 681 finished with value: 0.017143 and parameters: {'max_delta_step': 76.23522119382, 'colsample_bytree': 0.531434808295472, 'subsample': 0.7262950081481611, 'min_child_weight': 96.67378215585576, 'min_data_in_leaf': 16.674756750241386, 'lambda': 9.230283824926502, 'alpha': 0.7553557220871306, 'max_depth': 1, 'eta': 0.18834133861337743, 'gamma': 1.2208041588460836, 'num_boost_rounds': 185}. Best is trial 352 with value: 0.017241.
2025-01-02 13:52:18 INFO     Trial 682 pruned. Trial was pruned at iteration 0.
2025-01-02 13:52:19 INFO     Trial 683 finished with value: 0.017143 and parameters: {'max_delta_step': 80.93812740402099, 'colsample_bytree': 0.5707945210080873, 'subsample': 0.7124862701723654, 'min_child_weight': 39.3138572343575, 'min_data_in_leaf': 19.369878720639694, 'lambda': 9.659560470124987, 'alpha': 0.8649792583589249, 'max_depth': 1, 'eta': 0.19984408688804908, 'gamma': 4.066437971425196, 'num_boost_rounds': 190}. Best is trial 352 with value: 0.017241.
2025-01-02 13:52:19 INFO     Trial 684 pruned. Trial was pruned at iteration 0.
2025-01-02 13:52:20 INFO     Trial 685 pruned. Trial was pruned at iteration 0.
2025-01-02 13:52:20 INFO     Trial 686 pruned. Trial was pruned at iteration 0.
2025-01-02 13:52:21 INFO     Trial 687 pruned. Trial was pruned at iteration 0.
2025-01-02 13:52:21 INFO     Trial 688 pruned. Trial was pruned at iteration 0.
2025-01-02 13:52:22 INFO     Trial 689 pruned. Trial was pruned at iteration 5.
2025-01-02 13:52:22 INFO     Trial 690 pruned. Trial was pruned at iteration 0.
2025-01-02 13:52:23 INFO     Trial 691 pruned. Trial was pruned at iteration 5.
2025-01-02 13:52:23 INFO     Trial 692 finished with value: 0.017137 and parameters: {'max_delta_step': 80.76000607514862, 'colsample_bytree': 0.5082673533961325, 'subsample': 0.6940738891542042, 'min_child_weight': 78.06903511791323, 'min_data_in_leaf': 19.65065085099585, 'lambda': 8.54262364104712, 'alpha': 1.1280862585610023, 'max_depth': 1, 'eta': 0.1999746127865527, 'gamma': 3.882339369393666, 'num_boost_rounds': 180}. Best is trial 352 with value: 0.017241.
2025-01-02 13:52:24 INFO     Trial 693 pruned. Trial was pruned at iteration 9.
2025-01-02 13:52:24 INFO     Trial 694 pruned. Trial was pruned at iteration 0.
2025-01-02 13:52:25 INFO     Trial 695 finished with value: 0.017137 and parameters: {'max_delta_step': 63.00406092559385, 'colsample_bytree': 0.5151167092321215, 'subsample': 0.5032576872268419, 'min_child_weight': 75.40402258464097, 'min_data_in_leaf': 18.745402689196457, 'lambda': 9.831419751360258, 'alpha': 1.4551184907427634, 'max_depth': 1, 'eta': 0.1939574621522211, 'gamma': 5.601912864734726, 'num_boost_rounds': 155}. Best is trial 352 with value: 0.017241.
2025-01-02 13:52:26 INFO     Trial 696 finished with value: 0.017137 and parameters: {'max_delta_step': 82.46072014674778, 'colsample_bytree': 0.5275366009825825, 'subsample': 0.5377802793221496, 'min_child_weight': 82.9612536048018, 'min_data_in_leaf': 17.69078223843071, 'lambda': 3.002025132530592, 'alpha': 1.246376263308069, 'max_depth': 1, 'eta': 0.19044612880095443, 'gamma': 4.2191057072467, 'num_boost_rounds': 185}. Best is trial 352 with value: 0.017241.
2025-01-02 13:52:26 INFO     Trial 697 pruned. Trial was pruned at iteration 5.
2025-01-02 13:52:27 INFO     Trial 698 pruned. Trial was pruned at iteration 0.
2025-01-02 13:52:27 INFO     Trial 699 pruned. Trial was pruned at iteration 0.
2025-01-02 13:52:28 INFO     Trial 700 pruned. Trial was pruned at iteration 9.
2025-01-02 13:52:28 INFO     Trial 701 pruned. Trial was pruned at iteration 0.
2025-01-02 13:52:29 INFO     Trial 702 finished with value: 0.017143 and parameters: {'max_delta_step': 28.109059800662976, 'colsample_bytree': 0.5133804941344603, 'subsample': 0.7183645010512701, 'min_child_weight': 98.1475325408018, 'min_data_in_leaf': 18.685527792154492, 'lambda': 9.533327074347268, 'alpha': 0.6017412099119083, 'max_depth': 1, 'eta': 0.19236164975444864, 'gamma': 2.1078160236404635, 'num_boost_rounds': 195}. Best is trial 352 with value: 0.017241.
2025-01-02 13:52:29 INFO     Trial 703 pruned. Trial was pruned at iteration 0.
2025-01-02 13:52:30 INFO     Trial 704 pruned. Trial was pruned at iteration 0.
2025-01-02 13:52:30 INFO     Trial 705 pruned. Trial was pruned at iteration 0.
2025-01-02 13:52:31 INFO     Trial 706 finished with value: 0.017143 and parameters: {'max_delta_step': 76.69005193015745, 'colsample_bytree': 0.5000963176098712, 'subsample': 0.7109254770999595, 'min_child_weight': 81.61624426579655, 'min_data_in_leaf': 18.985655636127483, 'lambda': 9.257519640792415, 'alpha': 1.2161151656512241, 'max_depth': 1, 'eta': 0.19407182006148735, 'gamma': 6.230752114674771, 'num_boost_rounds': 180}. Best is trial 352 with value: 0.017241.
2025-01-02 13:52:31 INFO     Trial 707 pruned. Trial was pruned at iteration 5.
2025-01-02 13:52:32 INFO     Trial 708 pruned. Trial was pruned at iteration 0.
2025-01-02 13:52:32 INFO     Trial 709 pruned. Trial was pruned at iteration 0.
2025-01-02 13:52:33 INFO     Trial 710 finished with value: 0.017137 and parameters: {'max_delta_step': 70.99571724089972, 'colsample_bytree': 0.5289313376009364, 'subsample': 0.691849228882977, 'min_child_weight': 98.43337091476165, 'min_data_in_leaf': 19.383422132926707, 'lambda': 9.831242983139186, 'alpha': 1.0300338897732406, 'max_depth': 1, 'eta': 0.19177547351169555, 'gamma': 5.435296632829555, 'num_boost_rounds': 175}. Best is trial 352 with value: 0.017241.
2025-01-02 13:52:33 INFO     Trial 711 pruned. Trial was pruned at iteration 0.
2025-01-02 13:52:34 INFO     Trial 712 pruned. Trial was pruned at iteration 0.
2025-01-02 13:52:34 INFO     Trial 713 finished with value: 0.017143 and parameters: {'max_delta_step': 82.353063976796, 'colsample_bytree': 0.541347008852667, 'subsample': 0.723979779519985, 'min_child_weight': 98.30261419226623, 'min_data_in_leaf': 19.145915622496624, 'lambda': 8.3982838129174, 'alpha': 0.9296683053629122, 'max_depth': 1, 'eta': 0.1895564642562642, 'gamma': 4.522149158551409, 'num_boost_rounds': 170}. Best is trial 352 with value: 0.017241.
2025-01-02 13:52:35 INFO     Trial 714 pruned. Trial was pruned at iteration 0.
2025-01-02 13:52:35 INFO     Trial 715 pruned. Trial was pruned at iteration 0.
2025-01-02 13:52:35 INFO     Trial 716 pruned. Trial was pruned at iteration 0.
2025-01-02 13:52:36 INFO     Trial 717 pruned. Trial was pruned at iteration 9.
2025-01-02 13:52:37 INFO     Trial 718 pruned. Trial was pruned at iteration 5.
2025-01-02 13:52:37 INFO     Trial 719 pruned. Trial was pruned at iteration 0.
2025-01-02 13:52:38 INFO     Trial 720 pruned. Trial was pruned at iteration 5.
2025-01-02 13:52:38 INFO     Trial 721 pruned. Trial was pruned at iteration 0.
2025-01-02 13:52:38 INFO     Trial 722 pruned. Trial was pruned at iteration 0.
2025-01-02 13:52:39 INFO     Trial 723 pruned. Trial was pruned at iteration 0.
2025-01-02 13:52:39 INFO     Trial 724 pruned. Trial was pruned at iteration 0.
2025-01-02 13:52:40 INFO     Trial 725 pruned. Trial was pruned at iteration 9.
2025-01-02 13:52:40 INFO     Trial 726 pruned. Trial was pruned at iteration 0.
2025-01-02 13:52:41 INFO     Trial 727 pruned. Trial was pruned at iteration 5.
2025-01-02 13:52:42 INFO     Trial 728 finished with value: 0.017137 and parameters: {'max_delta_step': 52.04523033343773, 'colsample_bytree': 0.559127329323248, 'subsample': 0.7042297017659668, 'min_child_weight': 87.56550952723506, 'min_data_in_leaf': 14.037549662321346, 'lambda': 9.3420658416001, 'alpha': 0.5521852782013388, 'max_depth': 1, 'eta': 0.19331860562648576, 'gamma': 4.017297039099307, 'num_boost_rounds': 160}. Best is trial 352 with value: 0.017241.
2025-01-02 13:52:42 INFO     Trial 729 finished with value: 0.017139 and parameters: {'max_delta_step': 59.73911794866616, 'colsample_bytree': 0.5370245318501198, 'subsample': 0.68593347696315, 'min_child_weight': 75.85819859364734, 'min_data_in_leaf': 13.041263136183296, 'lambda': 8.548833421948176, 'alpha': 1.090596028888821, 'max_depth': 1, 'eta': 0.19547376244915124, 'gamma': 4.34820977784454, 'num_boost_rounds': 190}. Best is trial 352 with value: 0.017241.
2025-01-02 13:52:43 INFO     Trial 730 pruned. Trial was pruned at iteration 0.
2025-01-02 13:52:43 INFO     Trial 731 pruned. Trial was pruned at iteration 0.
2025-01-02 13:52:44 INFO     Trial 732 pruned. Trial was pruned at iteration 5.
2025-01-02 13:52:44 INFO     Trial 733 pruned. Trial was pruned at iteration 0.
2025-01-02 13:52:44 INFO     Trial 734 pruned. Trial was pruned at iteration 0.
2025-01-02 13:52:45 INFO     Trial 735 pruned. Trial was pruned at iteration 0.
2025-01-02 13:52:46 INFO     Trial 736 finished with value: 0.017137 and parameters: {'max_delta_step': 54.696522433939, 'colsample_bytree': 0.5269881851676509, 'subsample': 0.7034797741654322, 'min_child_weight': 83.44193364814736, 'min_data_in_leaf': 19.787642612565826, 'lambda': 8.074876181782258, 'alpha': 0.5598633309616944, 'max_depth': 1, 'eta': 0.18830556638510712, 'gamma': 2.929519219298464, 'num_boost_rounds': 190}. Best is trial 352 with value: 0.017241.
2025-01-02 13:52:46 INFO     Trial 737 finished with value: 0.017143 and parameters: {'max_delta_step': 45.682471321320925, 'colsample_bytree': 0.5128767247324404, 'subsample': 0.8320803311508529, 'min_child_weight': 97.60557843310654, 'min_data_in_leaf': 19.182087830044235, 'lambda': 8.841654079508476, 'alpha': 1.154986502811388, 'max_depth': 1, 'eta': 0.1916821169882461, 'gamma': 3.7049674859109856, 'num_boost_rounds': 185}. Best is trial 352 with value: 0.017241.
2025-01-02 13:52:47 INFO     Trial 738 pruned. Trial was pruned at iteration 0.
2025-01-02 13:52:47 INFO     Trial 739 finished with value: 0.017143 and parameters: {'max_delta_step': 77.60932169487052, 'colsample_bytree': 0.516164410758357, 'subsample': 0.7111863135949963, 'min_child_weight': 75.21999705099198, 'min_data_in_leaf': 17.78127934103833, 'lambda': 9.983058291829135, 'alpha': 0.799861504789125, 'max_depth': 1, 'eta': 0.19991846491969004, 'gamma': 1.487588225281089, 'num_boost_rounds': 180}. Best is trial 352 with value: 0.017241.
2025-01-02 13:52:48 INFO     Trial 740 pruned. Trial was pruned at iteration 9.
2025-01-02 13:52:48 INFO     Trial 741 pruned. Trial was pruned at iteration 0.
2025-01-02 13:52:49 INFO     Trial 742 pruned. Trial was pruned at iteration 0.
2025-01-02 13:52:49 INFO     Trial 743 pruned. Trial was pruned at iteration 0.
2025-01-02 13:52:50 INFO     Trial 744 pruned. Trial was pruned at iteration 5.
2025-01-02 13:52:50 INFO     Trial 745 finished with value: 0.017137 and parameters: {'max_delta_step': 74.23856469748449, 'colsample_bytree': 0.5007938145092601, 'subsample': 0.7085313546647746, 'min_child_weight': 99.97855002049499, 'min_data_in_leaf': 18.13082566393513, 'lambda': 9.446898373059238, 'alpha': 1.621955152924384, 'max_depth': 1, 'eta': 0.19606797093175235, 'gamma': 3.440915170338464, 'num_boost_rounds': 190}. Best is trial 352 with value: 0.017241.
2025-01-02 13:52:51 INFO     Trial 746 pruned. Trial was pruned at iteration 0.
2025-01-02 13:52:52 INFO     Trial 747 pruned. Trial was pruned at iteration 9.
2025-01-02 13:52:52 INFO     Trial 748 finished with value: 0.017143 and parameters: {'max_delta_step': 83.96461351152409, 'colsample_bytree': 0.5216148776340164, 'subsample': 0.8569553675425402, 'min_child_weight': 77.20922792322818, 'min_data_in_leaf': 18.576751113492424, 'lambda': 9.835872261902242, 'alpha': 0.7786829362608931, 'max_depth': 1, 'eta': 0.19355428121647997, 'gamma': 5.772234383799309, 'num_boost_rounds': 180}. Best is trial 352 with value: 0.017241.
2025-01-02 13:52:53 INFO     Trial 749 pruned. Trial was pruned at iteration 0.
2025-01-02 13:52:53 INFO     Trial 750 pruned. Trial was pruned at iteration 0.
2025-01-02 13:52:54 INFO     Trial 751 pruned. Trial was pruned at iteration 5.
2025-01-02 13:52:54 INFO     Trial 752 pruned. Trial was pruned at iteration 0.
2025-01-02 13:52:54 INFO     Trial 753 pruned. Trial was pruned at iteration 0.
2025-01-02 13:52:55 INFO     Trial 754 finished with value: 0.017143 and parameters: {'max_delta_step': 68.20008823381508, 'colsample_bytree': 0.5461034620889862, 'subsample': 0.7216487220383292, 'min_child_weight': 66.22926797465989, 'min_data_in_leaf': 19.734021977792604, 'lambda': 8.326644069387026, 'alpha': 0.9136438459835188, 'max_depth': 1, 'eta': 0.19325796311890814, 'gamma': 3.6581698753539893, 'num_boost_rounds': 190}. Best is trial 352 with value: 0.017241.
2025-01-02 13:52:56 INFO     Trial 755 pruned. Trial was pruned at iteration 5.
2025-01-02 13:52:56 INFO     Trial 756 finished with value: 0.017139 and parameters: {'max_delta_step': 75.5587480451555, 'colsample_bytree': 0.5174020944681521, 'subsample': 0.597069076540663, 'min_child_weight': 93.64124733011714, 'min_data_in_leaf': 14.585570279267166, 'lambda': 9.989490020015758, 'alpha': 0.41474800377500165, 'max_depth': 1, 'eta': 0.196240017288724, 'gamma': 1.2913435576588355, 'num_boost_rounds': 50}. Best is trial 352 with value: 0.017241.
2025-01-02 13:52:57 INFO     Trial 757 pruned. Trial was pruned at iteration 9.
2025-01-02 13:52:58 INFO     Trial 758 pruned. Trial was pruned at iteration 9.
2025-01-02 13:52:58 INFO     Trial 759 pruned. Trial was pruned at iteration 5.
2025-01-02 13:52:59 INFO     Trial 760 pruned. Trial was pruned at iteration 0.
2025-01-02 13:52:59 INFO     Trial 761 finished with value: 0.017143 and parameters: {'max_delta_step': 78.37396376216785, 'colsample_bytree': 0.5414569152465584, 'subsample': 0.717768393542193, 'min_child_weight': 80.66968841141298, 'min_data_in_leaf': 19.011285748564095, 'lambda': 8.807151587000142, 'alpha': 1.5554296057648638, 'max_depth': 1, 'eta': 0.18735001822977168, 'gamma': 5.746815376415827, 'num_boost_rounds': 180}. Best is trial 352 with value: 0.017241.
2025-01-02 13:53:00 INFO     Trial 762 finished with value: 0.017137 and parameters: {'max_delta_step': 83.18577852596366, 'colsample_bytree': 0.5326002340746686, 'subsample': 0.672450570037523, 'min_child_weight': 85.64894566662474, 'min_data_in_leaf': 20.11142375579408, 'lambda': 9.498975531160943, 'alpha': 1.3200591571549123, 'max_depth': 1, 'eta': 0.1966328559491593, 'gamma': 2.0258636304498014, 'num_boost_rounds': 195}. Best is trial 352 with value: 0.017241.
2025-01-02 13:53:00 INFO     Trial 763 pruned. Trial was pruned at iteration 0.
2025-01-02 13:53:01 INFO     Trial 764 pruned. Trial was pruned at iteration 9.
2025-01-02 13:53:01 INFO     Trial 765 pruned. Trial was pruned at iteration 5.
2025-01-02 13:53:02 INFO     Trial 766 finished with value: 0.017143 and parameters: {'max_delta_step': 57.520004796205484, 'colsample_bytree': 0.5001223296174752, 'subsample': 0.7254432890453113, 'min_child_weight': 74.74842007584388, 'min_data_in_leaf': 19.50782818783, 'lambda': 9.620222198291865, 'alpha': 0.2717290142514822, 'max_depth': 1, 'eta': 0.19039217459805785, 'gamma': 6.14640421180579, 'num_boost_rounds': 200}. Best is trial 352 with value: 0.017241.
2025-01-02 13:53:03 INFO     Trial 767 pruned. Trial was pruned at iteration 0.
2025-01-02 13:53:03 INFO     Trial 768 pruned. Trial was pruned at iteration 0.
2025-01-02 13:53:03 INFO     Trial 769 pruned. Trial was pruned at iteration 5.
