2025-01-02 12:46:59 INFO     Trial 238 finished with value: 0.017299 and parameters: {'max_delta_step': 17.392640850342158, 'colsample_bytree': 0.9302938686730371, 'subsample': 0.754730175301579, 'min_child_weight': 15.582125398713497, 'min_data_in_leaf': 15.92641093348473, 'lambda': 0.49582136955360057, 'alpha': 8.027913964657351, 'max_depth': 5, 'eta': 0.02727121043792581, 'gamma': 1.7499304922871313, 'num_boost_rounds': 25}. Best is trial 6 with value: 0.017299.
2025-01-02 12:47:00 INFO     n_estimators: 10
2025-01-02 12:47:00 INFO     Trial 239 finished with value: 0.017299 and parameters: {'max_delta_step': 21.175305574290036, 'colsample_bytree': 0.9294399767891665, 'subsample': 0.75156145313326, 'min_child_weight': 15.352691664625771, 'min_data_in_leaf': 17.072340695497633, 'lambda': 0.03629560878755016, 'alpha': 8.006536240879214, 'max_depth': 5, 'eta': 0.029765745015922863, 'gamma': 1.7916255423993461, 'num_boost_rounds': 25}. Best is trial 6 with value: 0.017299.
2025-01-02 12:47:01 INFO     n_estimators: 10
2025-01-02 12:47:01 INFO     Trial 240 finished with value: 0.017299 and parameters: {'max_delta_step': 21.847096462321403, 'colsample_bytree': 0.9312680342038155, 'subsample': 0.751162446301546, 'min_child_weight': 14.473375778308872, 'min_data_in_leaf': 16.204082758477394, 'lambda': 0.16991316948036997, 'alpha': 8.139523215148783, 'max_depth': 5, 'eta': 0.029707190585451893, 'gamma': 1.7911948021084239, 'num_boost_rounds': 30}. Best is trial 6 with value: 0.017299.
2025-01-02 12:47:01 INFO     n_estimators: 10
2025-01-02 12:47:01 INFO     Trial 241 finished with value: 0.017299 and parameters: {'max_delta_step': 22.021288327492798, 'colsample_bytree': 0.92680589979992, 'subsample': 0.7512666780691768, 'min_child_weight': 15.293881262396582, 'min_data_in_leaf': 16.287910659311507, 'lambda': 0.0005311460372159349, 'alpha': 8.17590216028701, 'max_depth': 5, 'eta': 0.030335798196044858, 'gamma': 1.7611123188477202, 'num_boost_rounds': 25}. Best is trial 6 with value: 0.017299.
2025-01-02 12:47:02 INFO     n_estimators: 10
2025-01-02 12:47:02 INFO     Trial 242 finished with value: 0.017299 and parameters: {'max_delta_step': 22.097661315929336, 'colsample_bytree': 0.932619743278449, 'subsample': 0.7582071207426739, 'min_child_weight': 15.175158353257519, 'min_data_in_leaf': 16.048343156424014, 'lambda': 0.00401899428423097, 'alpha': 8.109013318410586, 'max_depth': 5, 'eta': 0.02882451293185922, 'gamma': 1.7615955744083147, 'num_boost_rounds': 30}. Best is trial 6 with value: 0.017299.
2025-01-02 12:47:03 INFO     n_estimators: 10
2025-01-02 12:47:03 INFO     Trial 243 finished with value: 0.017299 and parameters: {'max_delta_step': 21.769411473391713, 'colsample_bytree': 0.9312820280809849, 'subsample': 0.7527593424989786, 'min_child_weight': 15.18070119320235, 'min_data_in_leaf': 15.865738989960029, 'lambda': 0.0524184197478834, 'alpha': 8.165280639415045, 'max_depth': 5, 'eta': 0.0314320213510472, 'gamma': 1.7634149663471397, 'num_boost_rounds': 30}. Best is trial 6 with value: 0.017299.
2025-01-02 12:47:03 INFO     n_estimators: 10
2025-01-02 12:47:03 INFO     Trial 244 finished with value: 0.017233 and parameters: {'max_delta_step': 21.666859689642227, 'colsample_bytree': 0.9379862984594265, 'subsample': 0.7438642382042193, 'min_child_weight': 16.08336500727195, 'min_data_in_leaf': 16.05290586235863, 'lambda': 0.07635745711272206, 'alpha': 8.080915663783095, 'max_depth': 5, 'eta': 0.030259064146170495, 'gamma': 1.786093130781433, 'num_boost_rounds': 35}. Best is trial 6 with value: 0.017299.
2025-01-02 12:47:06 INFO     n_estimators: 10
2025-01-02 12:47:06 INFO     Trial 245 finished with value: 0.017549 and parameters: {'max_delta_step': 17.243685164706186, 'colsample_bytree': 0.929444520729265, 'subsample': 0.7564612047245156, 'min_child_weight': 14.835870290145897, 'min_data_in_leaf': 15.255829821747753, 'lambda': 0.008316090421114808, 'alpha': 8.089956729336494, 'max_depth': 5, 'eta': 0.03495767697531025, 'gamma': 1.7292034577256925, 'num_boost_rounds': 30}. Best is trial 245 with value: 0.017549.
2025-01-02 12:47:07 INFO     n_estimators: 10
2025-01-02 12:47:07 INFO     Trial 246 finished with value: 0.017299 and parameters: {'max_delta_step': 17.914713536631144, 'colsample_bytree': 0.9476695211386579, 'subsample': 0.7529347140591248, 'min_child_weight': 15.002361440863698, 'min_data_in_leaf': 15.918289932020548, 'lambda': 0.021654075759838465, 'alpha': 8.130114624919699, 'max_depth': 5, 'eta': 0.03637226427317987, 'gamma': 2.24272357722604, 'num_boost_rounds': 30}. Best is trial 245 with value: 0.017549.
2025-01-02 12:47:07 INFO     n_estimators: 10
2025-01-02 12:47:08 INFO     Trial 247 finished with value: 0.017299 and parameters: {'max_delta_step': 17.7951595802763, 'colsample_bytree': 0.9483472744782349, 'subsample': 0.7521320034802064, 'min_child_weight': 14.956036103836134, 'min_data_in_leaf': 15.114153850781944, 'lambda': 0.033371814830548296, 'alpha': 8.177945818791748, 'max_depth': 5, 'eta': 0.03473828739047205, 'gamma': 2.2168539010099746, 'num_boost_rounds': 30}. Best is trial 245 with value: 0.017549.
2025-01-02 12:47:08 INFO     n_estimators: 10
2025-01-02 12:47:08 INFO     Trial 248 finished with value: 0.016978 and parameters: {'max_delta_step': 17.340151804551535, 'colsample_bytree': 0.9519495850144607, 'subsample': 0.7544634556893048, 'min_child_weight': 15.180305746839672, 'min_data_in_leaf': 15.291339547884247, 'lambda': 0.06740085500559188, 'alpha': 8.107248630183062, 'max_depth': 5, 'eta': 0.03781000226765037, 'gamma': 2.426077482774658, 'num_boost_rounds': 30}. Best is trial 245 with value: 0.017549.
2025-01-02 12:47:09 INFO     n_estimators: 10
2025-01-02 12:47:09 INFO     Trial 249 finished with value: 0.017299 and parameters: {'max_delta_step': 14.290230301970789, 'colsample_bytree': 0.9450865336573823, 'subsample': 0.7621864025276266, 'min_child_weight': 14.833928123510677, 'min_data_in_leaf': 15.87794892204545, 'lambda': 0.08985987564814013, 'alpha': 8.235631197453111, 'max_depth': 5, 'eta': 0.03582053506413262, 'gamma': 2.1906332107896533, 'num_boost_rounds': 35}. Best is trial 245 with value: 0.017549.
2025-01-02 12:47:09 INFO     n_estimators: 10
2025-01-02 12:47:09 INFO     Trial 250 finished with value: 0.016876 and parameters: {'max_delta_step': 13.708200563874552, 'colsample_bytree': 0.9470162986495623, 'subsample': 0.7642772800101535, 'min_child_weight': 15.18556314095875, 'min_data_in_leaf': 15.961770424793132, 'lambda': 0.02016555941030139, 'alpha': 8.184766492518738, 'max_depth': 5, 'eta': 0.03979898777353189, 'gamma': 2.236378736900842, 'num_boost_rounds': 40}. Best is trial 245 with value: 0.017549.
2025-01-02 12:47:10 INFO     n_estimators: 10
2025-01-02 12:47:10 INFO     Trial 251 finished with value: 0.017197 and parameters: {'max_delta_step': 10.967877111115246, 'colsample_bytree': 0.9450667241656061, 'subsample': 0.7569925945148701, 'min_child_weight': 14.604301075352787, 'min_data_in_leaf': 16.378719861674934, 'lambda': 0.01859471905044592, 'alpha': 7.949076386789723, 'max_depth': 5, 'eta': 0.036407034579503145, 'gamma': 2.202240311530641, 'num_boost_rounds': 35}. Best is trial 245 with value: 0.017549.
2025-01-02 12:47:11 INFO     n_estimators: 10
2025-01-02 12:47:11 INFO     Trial 252 finished with value: 0.017299 and parameters: {'max_delta_step': 19.27401574784122, 'colsample_bytree': 0.9560216624477756, 'subsample': 0.749017374157145, 'min_child_weight': 15.589864264626954, 'min_data_in_leaf': 14.798286686118843, 'lambda': 0.006004247272437632, 'alpha': 7.695433802014782, 'max_depth': 5, 'eta': 0.0345293866606686, 'gamma': 2.095664895729588, 'num_boost_rounds': 30}. Best is trial 245 with value: 0.017549.
2025-01-02 12:47:11 INFO     n_estimators: 10
2025-01-02 12:47:11 INFO     Trial 253 finished with value: 0.016963 and parameters: {'max_delta_step': 20.344321548517556, 'colsample_bytree': 0.9568891440531093, 'subsample': 0.7486853788792078, 'min_child_weight': 15.189066165150797, 'min_data_in_leaf': 15.19679605221888, 'lambda': 0.22280307586359296, 'alpha': 7.781682267710129, 'max_depth': 5, 'eta': 0.042244234594933976, 'gamma': 2.672895181489766, 'num_boost_rounds': 30}. Best is trial 245 with value: 0.017549.
2025-01-02 12:47:12 INFO     Trial 254 pruned. Trial was pruned at iteration 0.
2025-01-02 12:47:12 INFO     n_estimators: 10
2025-01-02 12:47:12 INFO     Trial 255 finished with value: 0.017299 and parameters: {'max_delta_step': 19.601536044488736, 'colsample_bytree': 0.9311046000089591, 'subsample': 0.7641905481144446, 'min_child_weight': 16.05384902024626, 'min_data_in_leaf': 15.47758204398476, 'lambda': 0.005134186004592367, 'alpha': 7.696295841776648, 'max_depth': 5, 'eta': 0.033124153263377906, 'gamma': 2.4352604851105317, 'num_boost_rounds': 25}. Best is trial 245 with value: 0.017549.
2025-01-02 12:47:13 INFO     Trial 256 pruned. Trial was pruned at iteration 2.
2025-01-02 12:47:13 INFO     n_estimators: 10
2025-01-02 12:47:14 INFO     Trial 257 finished with value: 0.016949 and parameters: {'max_delta_step': 22.240397572988122, 'colsample_bytree': 0.9407668501623312, 'subsample': 0.7387913657669287, 'min_child_weight': 11.41944423556065, 'min_data_in_leaf': 16.587472291189414, 'lambda': 0.24925735550040298, 'alpha': 7.922065452053472, 'max_depth': 5, 'eta': 0.03147582990559143, 'gamma': 2.0323070336232774, 'num_boost_rounds': 30}. Best is trial 245 with value: 0.017549.
2025-01-02 12:47:14 INFO     n_estimators: 10
2025-01-02 12:47:14 INFO     Trial 258 finished with value: 0.017219 and parameters: {'max_delta_step': 18.04935717353912, 'colsample_bytree': 0.9267561412833948, 'subsample': 0.7557683692420989, 'min_child_weight': 14.863947795297284, 'min_data_in_leaf': 14.35736285744654, 'lambda': 0.3250182772239125, 'alpha': 8.391984784564974, 'max_depth': 5, 'eta': 0.04061537776620469, 'gamma': 1.8091328099084922, 'num_boost_rounds': 25}. Best is trial 245 with value: 0.017549.
2025-01-02 12:47:15 INFO     n_estimators: 10
2025-01-02 12:47:15 INFO     Trial 259 finished with value: 0.016876 and parameters: {'max_delta_step': 20.610047004030427, 'colsample_bytree': 0.9591655048030467, 'subsample': 0.7666322917160294, 'min_child_weight': 10.052851713969545, 'min_data_in_leaf': 15.781537253090821, 'lambda': 0.01377392863137038, 'alpha': 8.193936270158904, 'max_depth': 5, 'eta': 0.03518569536947978, 'gamma': 2.0271369919228412, 'num_boost_rounds': 30}. Best is trial 245 with value: 0.017549.
2025-01-02 12:47:16 INFO     n_estimators: 10
2025-01-02 12:47:16 INFO     Trial 260 finished with value: 0.017233 and parameters: {'max_delta_step': 8.0758727361785, 'colsample_bytree': 0.9301005896051736, 'subsample': 0.7459053845118848, 'min_child_weight': 13.749715714608485, 'min_data_in_leaf': 16.25374377563267, 'lambda': 0.29742647880355505, 'alpha': 7.658990548185648, 'max_depth': 5, 'eta': 0.032701194186068754, 'gamma': 1.6433426780281288, 'num_boost_rounds': 30}. Best is trial 245 with value: 0.017549.
2025-01-02 12:47:16 INFO     n_estimators: 10
2025-01-02 12:47:16 INFO     Trial 261 finished with value: 0.016978 and parameters: {'max_delta_step': 16.037584168270932, 'colsample_bytree': 0.9430497005755265, 'subsample': 0.7759149940043221, 'min_child_weight': 16.43685344400278, 'min_data_in_leaf': 15.000651924953335, 'lambda': 0.2086051269328921, 'alpha': 7.467670651775304, 'max_depth': 5, 'eta': 0.029553822037382226, 'gamma': 2.242587904601747, 'num_boost_rounds': 35}. Best is trial 245 with value: 0.017549.
2025-01-02 12:47:17 INFO     n_estimators: 10
2025-01-02 12:47:17 INFO     Trial 262 finished with value: 0.017241 and parameters: {'max_delta_step': 22.29101813232927, 'colsample_bytree': 0.9258718635545865, 'subsample': 0.7587227990550902, 'min_child_weight': 12.74314073753279, 'min_data_in_leaf': 16.749503062280006, 'lambda': 0.006281382409387584, 'alpha': 8.063002631940666, 'max_depth': 5, 'eta': 0.04667895521188169, 'gamma': 2.901269678449756, 'num_boost_rounds': 25}. Best is trial 245 with value: 0.017549.
2025-01-02 12:47:18 INFO     n_estimators: 10
2025-01-02 12:47:18 INFO     Trial 263 finished with value: 0.016847 and parameters: {'max_delta_step': 19.530232552968915, 'colsample_bytree': 0.9375814090629755, 'subsample': 0.7508911011438182, 'min_child_weight': 16.78533570556184, 'min_data_in_leaf': 15.436045564691653, 'lambda': 0.4187289808024567, 'alpha': 7.79456460106804, 'max_depth': 5, 'eta': 0.03782712431775827, 'gamma': 1.4738385520693138, 'num_boost_rounds': 25}. Best is trial 245 with value: 0.017549.
2025-01-02 12:47:18 INFO     n_estimators: 10
2025-01-02 12:47:18 INFO     Trial 264 finished with value: 0.016978 and parameters: {'max_delta_step': 23.657988765965463, 'colsample_bytree': 0.9498625970762076, 'subsample': 0.7701361766378195, 'min_child_weight': 10.892497197927602, 'min_data_in_leaf': 14.631268890286073, 'lambda': 0.2397388392332746, 'alpha': 8.396806159376776, 'max_depth': 5, 'eta': 0.030149660984057865, 'gamma': 1.833730248961877, 'num_boost_rounds': 30}. Best is trial 245 with value: 0.017549.
2025-01-02 12:47:19 INFO     n_estimators: 10
2025-01-02 12:47:19 INFO     Trial 265 finished with value: 0.016811 and parameters: {'max_delta_step': 21.085630191470898, 'colsample_bytree': 0.9219474040838195, 'subsample': 0.73396736150771, 'min_child_weight': 14.773078766967524, 'min_data_in_leaf': 13.506102377347954, 'lambda': 0.463326652767974, 'alpha': 8.226603553651387, 'max_depth': 5, 'eta': 0.03393115340547899, 'gamma': 1.3883632719621195, 'num_boost_rounds': 20}. Best is trial 245 with value: 0.017549.
2025-01-02 12:47:19 INFO     Trial 266 pruned. Trial was pruned at iteration 0.
2025-01-02 12:47:20 INFO     n_estimators: 10
2025-01-02 12:47:20 INFO     Trial 267 finished with value: 0.016949 and parameters: {'max_delta_step': 17.305901213170756, 'colsample_bytree': 0.9206250157564315, 'subsample': 0.7197902918966944, 'min_child_weight': 13.316394319587946, 'min_data_in_leaf': 15.713173807745896, 'lambda': 0.4411516035106713, 'alpha': 7.907970953048144, 'max_depth': 5, 'eta': 0.04439284656125754, 'gamma': 1.9779097468352878, 'num_boost_rounds': 25}. Best is trial 245 with value: 0.017549.
2025-01-02 12:47:20 INFO     Trial 268 pruned. Trial was pruned at iteration 0.
2025-01-02 12:47:21 INFO     n_estimators: 10
2025-01-02 12:47:21 INFO     Trial 269 finished with value: 0.017014 and parameters: {'max_delta_step': 23.93940825312905, 'colsample_bytree': 0.9580718823114203, 'subsample': 0.7411619230072534, 'min_child_weight': 11.035001916753563, 'min_data_in_leaf': 16.169642044168743, 'lambda': 0.20866609628558958, 'alpha': 7.644812382173301, 'max_depth': 5, 'eta': 0.040319358507669614, 'gamma': 1.5510611100139895, 'num_boost_rounds': 15}. Best is trial 245 with value: 0.017549.
2025-01-02 12:47:22 INFO     n_estimators: 10
2025-01-02 12:47:22 INFO     Trial 270 finished with value: 0.017299 and parameters: {'max_delta_step': 18.75016984049786, 'colsample_bytree': 0.9394226278413409, 'subsample': 0.752024426890428, 'min_child_weight': 15.447558983180933, 'min_data_in_leaf': 13.877882037517708, 'lambda': 0.4841450594963173, 'alpha': 8.04150102065648, 'max_depth': 5, 'eta': 0.028628812588659097, 'gamma': 1.8709708957060778, 'num_boost_rounds': 35}. Best is trial 245 with value: 0.017549.
2025-01-02 12:47:22 INFO     n_estimators: 10
2025-01-02 12:47:22 INFO     Trial 271 finished with value: 0.017146 and parameters: {'max_delta_step': 21.991384575869418, 'colsample_bytree': 0.9292079786568233, 'subsample': 0.7285737539761242, 'min_child_weight': 13.033742318956328, 'min_data_in_leaf': 15.099162616424278, 'lambda': 0.004049033080760767, 'alpha': 7.4317192987350715, 'max_depth': 5, 'eta': 0.037059434905345696, 'gamma': 1.346214238962075, 'num_boost_rounds': 20}. Best is trial 245 with value: 0.017549.
2025-01-02 12:47:23 INFO     Trial 272 pruned. Trial was pruned at iteration 0.
2025-01-02 12:47:23 INFO     Trial 273 pruned. Trial was pruned at iteration 2.
2025-01-02 12:47:24 INFO     Trial 274 pruned. Trial was pruned at iteration 2.
2025-01-02 12:47:24 INFO     Trial 275 pruned. Trial was pruned at iteration 0.
2025-01-02 12:47:25 INFO     n_estimators: 10
2025-01-02 12:47:25 INFO     Trial 276 finished with value: 0.017299 and parameters: {'max_delta_step': 22.371372812344823, 'colsample_bytree': 0.9424537307605655, 'subsample': 0.7484636667180393, 'min_child_weight': 14.447148804647137, 'min_data_in_leaf': 15.543731093118025, 'lambda': 0.367741855406338, 'alpha': 7.584956813171185, 'max_depth': 5, 'eta': 0.030946161182841842, 'gamma': 2.004018176271809, 'num_boost_rounds': 20}. Best is trial 245 with value: 0.017549.
2025-01-02 12:47:25 INFO     Trial 277 pruned. Trial was pruned at iteration 0.
2025-01-02 12:47:26 INFO     n_estimators: 10
2025-01-02 12:47:26 INFO     Trial 278 finished with value: 0.016978 and parameters: {'max_delta_step': 24.67957478004988, 'colsample_bytree': 0.9599594853087826, 'subsample': 0.7800832657367199, 'min_child_weight': 15.850939981642034, 'min_data_in_leaf': 17.172537750277257, 'lambda': 0.5302767024223781, 'alpha': 8.16981073691278, 'max_depth': 5, 'eta': 0.027608790109558183, 'gamma': 1.7838292669174505, 'num_boost_rounds': 25}. Best is trial 245 with value: 0.017549.
2025-01-02 12:47:26 INFO     n_estimators: 10
2025-01-02 12:47:26 INFO     Trial 279 finished with value: 0.016876 and parameters: {'max_delta_step': 15.880433161780422, 'colsample_bytree': 0.9161436615852107, 'subsample': 0.763422020081267, 'min_child_weight': 12.776135235485398, 'min_data_in_leaf': 16.639124607736054, 'lambda': 0.000924594951275115, 'alpha': 7.844546882032211, 'max_depth': 5, 'eta': 0.041445356219962495, 'gamma': 2.399451801575091, 'num_boost_rounds': 20}. Best is trial 245 with value: 0.017549.
2025-01-02 12:47:27 INFO     n_estimators: 10
2025-01-02 12:47:27 INFO     Trial 280 finished with value: 0.016978 and parameters: {'max_delta_step': 20.480345010163713, 'colsample_bytree': 0.9376681156552129, 'subsample': 0.7833558529815324, 'min_child_weight': 17.557569915470022, 'min_data_in_leaf': 14.606381195326842, 'lambda': 0.37824663207018755, 'alpha': 8.036816108454852, 'max_depth': 5, 'eta': 0.03199356173523271, 'gamma': 1.238423739272673, 'num_boost_rounds': 30}. Best is trial 245 with value: 0.017549.
2025-01-02 12:47:27 INFO     Trial 281 pruned. Trial was pruned at iteration 2.
2025-01-02 12:47:28 INFO     n_estimators: 10
2025-01-02 12:47:28 INFO     Trial 282 finished with value: 0.017299 and parameters: {'max_delta_step': 11.54489965394956, 'colsample_bytree': 0.9495712470741261, 'subsample': 0.7544712322784055, 'min_child_weight': 10.790005433650187, 'min_data_in_leaf': 15.135899098366515, 'lambda': 0.21895512945233278, 'alpha': 8.228007401273526, 'max_depth': 5, 'eta': 0.03656299362896162, 'gamma': 1.595752187602171, 'num_boost_rounds': 30}. Best is trial 245 with value: 0.017549.
2025-01-02 12:47:29 INFO     n_estimators: 10
2025-01-02 12:47:29 INFO     Trial 283 finished with value: 0.016876 and parameters: {'max_delta_step': 17.571938775676607, 'colsample_bytree': 0.9180002058356986, 'subsample': 0.7717961889079127, 'min_child_weight': 12.68445162881089, 'min_data_in_leaf': 16.12886387220141, 'lambda': 0.1679759467880797, 'alpha': 7.280441219615336, 'max_depth': 5, 'eta': 0.03337915675408575, 'gamma': 1.8887166260990247, 'num_boost_rounds': 25}. Best is trial 245 with value: 0.017549.
2025-01-02 12:47:29 INFO     n_estimators: 10
2025-01-02 12:47:29 INFO     Trial 284 finished with value: 0.017233 and parameters: {'max_delta_step': 3.6619824418588776, 'colsample_bytree': 0.9327429854249977, 'subsample': 0.7298665034144047, 'min_child_weight': 17.816555619009904, 'min_data_in_leaf': 17.346854326419006, 'lambda': 0.5957077644290045, 'alpha': 7.725168867536833, 'max_depth': 5, 'eta': 0.026880090240084264, 'gamma': 1.4829357277755542, 'num_boost_rounds': 40}. Best is trial 245 with value: 0.017549.
2025-01-02 12:47:30 INFO     Trial 285 pruned. Trial was pruned at iteration 0.
2025-01-02 12:47:30 INFO     Trial 286 pruned. Trial was pruned at iteration 0.
2025-01-02 12:47:31 INFO     Trial 287 pruned. Trial was pruned at iteration 0.
2025-01-02 12:47:31 INFO     Trial 288 pruned. Trial was pruned at iteration 0.
2025-01-02 12:47:31 INFO     Trial 289 pruned. Trial was pruned at iteration 2.
2025-01-02 12:47:32 INFO     n_estimators: 10
2025-01-02 12:47:32 INFO     Trial 290 finished with value: 0.017014 and parameters: {'max_delta_step': 16.943645054316896, 'colsample_bytree': 0.9264809243953798, 'subsample': 0.7507127129923683, 'min_child_weight': 16.440128816616696, 'min_data_in_leaf': 15.409526837848794, 'lambda': 0.3430034291982101, 'alpha': 7.515289562502634, 'max_depth': 5, 'eta': 0.021985730836901512, 'gamma': 1.607122461500284, 'num_boost_rounds': 25}. Best is trial 245 with value: 0.017549.
2025-01-02 12:47:33 INFO     Trial 291 pruned. Trial was pruned at iteration 2.
2025-01-02 12:47:33 INFO     Trial 292 pruned. Trial was pruned at iteration 0.
2025-01-02 12:47:34 INFO     n_estimators: 10
2025-01-02 12:47:34 INFO     Trial 293 finished with value: 0.016876 and parameters: {'max_delta_step': 22.5601357114514, 'colsample_bytree': 0.926449460025497, 'subsample': 0.7602389285624827, 'min_child_weight': 17.721622707747024, 'min_data_in_leaf': 16.34330721599909, 'lambda': 0.6773010034928473, 'alpha': 7.295343387514626, 'max_depth': 5, 'eta': 0.03878810602043884, 'gamma': 1.3187913929194872, 'num_boost_rounds': 30}. Best is trial 245 with value: 0.017549.
2025-01-02 12:47:34 INFO     Trial 294 pruned. Trial was pruned at iteration 2.
2025-01-02 12:47:35 INFO     n_estimators: 10
