2025-01-02 22:18:57 INFO     Trial 1282 finished with value: 0.018101 and parameters: {'max_delta_step': 71.91628103906177, 'colsample_bytree': 0.9058683753085097, 'subsample': 0.8491453872143119, 'min_child_weight': 22.930662672624155, 'min_data_in_leaf': 14.71649218224651, 'lambda': 1.7735465829079275, 'alpha': 5.765118607165848, 'max_depth': 5, 'eta': 0.0001369854704997191, 'gamma': 5.407242880757376, 'num_boost_rounds': 180}. Best is trial 988 with value: 0.018126.
2025-01-02 22:18:57 INFO     Trial 1283 pruned. Trial was pruned at iteration 0.
2025-01-02 22:18:58 INFO     Trial 1284 pruned. Trial was pruned at iteration 0.
2025-01-02 22:18:58 INFO     Trial 1285 pruned. Trial was pruned at iteration 0.
2025-01-02 22:18:59 INFO     Trial 1286 finished with value: 0.018015 and parameters: {'max_delta_step': 70.04695676976287, 'colsample_bytree': 0.9091880413500143, 'subsample': 0.8540359361181811, 'min_child_weight': 22.934748970028878, 'min_data_in_leaf': 14.592854377615579, 'lambda': 1.7262596739549632, 'alpha': 5.784107353870789, 'max_depth': 5, 'eta': 0.00016863236863686338, 'gamma': 5.453065202074889, 'num_boost_rounds': 185}. Best is trial 988 with value: 0.018126.
2025-01-02 22:19:00 INFO     Trial 1287 pruned. Trial was pruned at iteration 0.
2025-01-02 22:19:00 INFO     Trial 1288 pruned. Trial was pruned at iteration 0.
2025-01-02 22:19:01 INFO     Trial 1289 pruned. Trial was pruned at iteration 0.
2025-01-02 22:19:01 INFO     Trial 1290 pruned. Trial was pruned at iteration 1.
2025-01-02 22:19:02 INFO     Trial 1291 pruned. Trial was pruned at iteration 0.
2025-01-02 22:19:02 INFO     Trial 1292 finished with value: 0.018015 and parameters: {'max_delta_step': 71.76731806856995, 'colsample_bytree': 0.9116838420444511, 'subsample': 0.8562939639206888, 'min_child_weight': 23.827279007970674, 'min_data_in_leaf': 14.869123662073326, 'lambda': 1.7870639541911426, 'alpha': 5.99491825386879, 'max_depth': 5, 'eta': 0.00044518490398419604, 'gamma': 5.6711347945557185, 'num_boost_rounds': 180}. Best is trial 988 with value: 0.018126.
2025-01-02 22:19:03 INFO     Trial 1293 pruned. Trial was pruned at iteration 1.
2025-01-02 22:19:03 INFO     Trial 1294 pruned. Trial was pruned at iteration 0.
2025-01-02 22:19:04 INFO     Trial 1295 pruned. Trial was pruned at iteration 1.
2025-01-02 22:19:04 INFO     Trial 1296 pruned. Trial was pruned at iteration 0.
2025-01-02 22:19:05 INFO     Trial 1297 pruned. Trial was pruned at iteration 0.
2025-01-02 22:19:05 INFO     Trial 1298 pruned. Trial was pruned at iteration 1.
2025-01-02 22:19:06 INFO     Trial 1299 pruned. Trial was pruned at iteration 0.
2025-01-02 22:19:06 INFO     Trial 1300 pruned. Trial was pruned at iteration 0.
2025-01-02 22:19:07 INFO     Trial 1301 pruned. Trial was pruned at iteration 0.
2025-01-02 22:19:08 INFO     Trial 1302 finished with value: 0.018101 and parameters: {'max_delta_step': 66.32408233329649, 'colsample_bytree': 0.9113839236911506, 'subsample': 0.8494953369583073, 'min_child_weight': 21.66995458114468, 'min_data_in_leaf': 14.370656245025216, 'lambda': 1.5881026989104785, 'alpha': 5.427933891755257, 'max_depth': 5, 'eta': 0.000225383648627976, 'gamma': 5.75442488881014, 'num_boost_rounds': 190}. Best is trial 988 with value: 0.018126.
2025-01-02 22:19:08 INFO     Trial 1303 pruned. Trial was pruned at iteration 0.
2025-01-02 22:19:09 INFO     Trial 1304 pruned. Trial was pruned at iteration 0.
2025-01-02 22:19:09 INFO     Trial 1305 pruned. Trial was pruned at iteration 1.
2025-01-02 22:19:10 INFO     Trial 1306 finished with value: 0.016594 and parameters: {'max_delta_step': 70.38249540064437, 'colsample_bytree': 0.9042144612927598, 'subsample': 0.8503889396997039, 'min_child_weight': 21.621141573931993, 'min_data_in_leaf': 14.766995656425184, 'lambda': 1.8378194451752, 'alpha': 5.561252470253605, 'max_depth': 5, 'eta': 0.016365388987792242, 'gamma': 5.889391906675124, 'num_boost_rounds': 200}. Best is trial 988 with value: 0.018126.
2025-01-02 22:19:10 INFO     Trial 1307 pruned. Trial was pruned at iteration 0.
2025-01-02 22:19:11 INFO     Trial 1308 pruned. Trial was pruned at iteration 0.
2025-01-02 22:19:12 INFO     Trial 1309 finished with value: 0.016594 and parameters: {'max_delta_step': 68.52359101653444, 'colsample_bytree': 0.9102296795641188, 'subsample': 0.8500302601010629, 'min_child_weight': 23.23447885257018, 'min_data_in_leaf': 15.532733209003807, 'lambda': 1.93049059196632, 'alpha': 5.727354584212101, 'max_depth': 5, 'eta': 0.011336599324486066, 'gamma': 5.506777097656679, 'num_boost_rounds': 190}. Best is trial 988 with value: 0.018126.
2025-01-02 22:19:12 INFO     Trial 1310 pruned. Trial was pruned at iteration 1.
2025-01-02 22:19:13 INFO     Trial 1311 pruned. Trial was pruned at iteration 0.
2025-01-02 22:19:14 INFO     Trial 1312 finished with value: 0.018101 and parameters: {'max_delta_step': 72.34244372869522, 'colsample_bytree': 0.8943150652913524, 'subsample': 0.8490900389286181, 'min_child_weight': 21.529086181389268, 'min_data_in_leaf': 14.137549316966092, 'lambda': 1.698262736347992, 'alpha': 5.149398692878418, 'max_depth': 5, 'eta': 0.0003371943983238373, 'gamma': 5.8876023169675795, 'num_boost_rounds': 180}. Best is trial 988 with value: 0.018126.
2025-01-02 22:19:14 INFO     Trial 1313 pruned. Trial was pruned at iteration 0.
2025-01-02 22:19:14 INFO     Trial 1314 pruned. Trial was pruned at iteration 0.
2025-01-02 22:19:15 INFO     Trial 1315 pruned. Trial was pruned at iteration 0.
2025-01-02 22:19:16 INFO     Trial 1316 finished with value: 0.016594 and parameters: {'max_delta_step': 68.59766988572842, 'colsample_bytree': 0.8922077458825803, 'subsample': 0.8529200755665945, 'min_child_weight': 21.59563494541026, 'min_data_in_leaf': 14.527130611025564, 'lambda': 1.3738699455648358, 'alpha': 5.166596897458038, 'max_depth': 5, 'eta': 0.014187516045689685, 'gamma': 5.677709321198838, 'num_boost_rounds': 180}. Best is trial 988 with value: 0.018126.
2025-01-02 22:19:16 INFO     Trial 1317 pruned. Trial was pruned at iteration 0.
2025-01-02 22:19:17 INFO     Trial 1318 pruned. Trial was pruned at iteration 0.
2025-01-02 22:19:18 INFO     Trial 1319 finished with value: 0.018015 and parameters: {'max_delta_step': 72.99847984820326, 'colsample_bytree': 0.9057545689568177, 'subsample': 0.8462181401638913, 'min_child_weight': 21.456572845913083, 'min_data_in_leaf': 14.076477293697137, 'lambda': 1.2918566823001538, 'alpha': 5.319265745794388, 'max_depth': 5, 'eta': 0.00011195387410232462, 'gamma': 5.782384057636007, 'num_boost_rounds': 190}. Best is trial 988 with value: 0.018126.
2025-01-02 22:19:18 INFO     Trial 1320 finished with value: 0.016681 and parameters: {'max_delta_step': 72.75559792917905, 'colsample_bytree': 0.8904051531867138, 'subsample': 0.8576887637415235, 'min_child_weight': 23.568565363363877, 'min_data_in_leaf': 14.622054528803524, 'lambda': 1.772001111534217, 'alpha': 5.084534543999352, 'max_depth': 5, 'eta': 0.018573101502637784, 'gamma': 5.612563679055506, 'num_boost_rounds': 180}. Best is trial 988 with value: 0.018126.
2025-01-02 22:19:19 INFO     Trial 1321 finished with value: 0.01684 and parameters: {'max_delta_step': 66.8265628475707, 'colsample_bytree': 0.8903479341633933, 'subsample': 0.8518860474253548, 'min_child_weight': 22.944601984804667, 'min_data_in_leaf': 15.095658622903336, 'lambda': 1.5860900902541921, 'alpha': 5.326739241980946, 'max_depth': 5, 'eta': 0.009647476612299831, 'gamma': 5.941954591396249, 'num_boost_rounds': 185}. Best is trial 988 with value: 0.018126.
2025-01-02 22:19:20 INFO     Trial 1322 finished with value: 0.016594 and parameters: {'max_delta_step': 74.3947401990101, 'colsample_bytree': 0.9042045069532034, 'subsample': 0.8470046053846462, 'min_child_weight': 23.841753603583683, 'min_data_in_leaf': 14.332633707491121, 'lambda': 1.3902678725803441, 'alpha': 4.7525028110750425, 'max_depth': 5, 'eta': 0.005685015269728365, 'gamma': 5.370081797045359, 'num_boost_rounds': 180}. Best is trial 988 with value: 0.018126.
2025-01-02 22:19:20 INFO     Trial 1323 pruned. Trial was pruned at iteration 0.
2025-01-02 22:19:21 INFO     Trial 1324 finished with value: 0.01684 and parameters: {'max_delta_step': 72.15894045557842, 'colsample_bytree': 0.8872780420493157, 'subsample': 0.8462562114438587, 'min_child_weight': 24.361807898347266, 'min_data_in_leaf': 14.057706022635257, 'lambda': 1.218750205018045, 'alpha': 5.456947116815908, 'max_depth': 5, 'eta': 0.005680248651288369, 'gamma': 5.674392721102829, 'num_boost_rounds': 180}. Best is trial 988 with value: 0.018126.
2025-01-02 22:19:22 INFO     Trial 1325 pruned. Trial was pruned at iteration 0.
2025-01-02 22:19:23 INFO     Trial 1326 finished with value: 0.016594 and parameters: {'max_delta_step': 74.44740260543217, 'colsample_bytree': 0.9126728056465845, 'subsample': 0.8465736553692771, 'min_child_weight': 21.528603421126004, 'min_data_in_leaf': 28.4963827361166, 'lambda': 1.9421025445811655, 'alpha': 5.4456396719665126, 'max_depth': 5, 'eta': 0.009887093544684925, 'gamma': 5.923987852527918, 'num_boost_rounds': 185}. Best is trial 988 with value: 0.018126.
2025-01-02 22:19:23 INFO     Trial 1327 pruned. Trial was pruned at iteration 0.
2025-01-02 22:19:23 INFO     Trial 1328 pruned. Trial was pruned at iteration 0.
2025-01-02 22:19:24 INFO     Trial 1329 pruned. Trial was pruned at iteration 0.
2025-01-02 22:19:24 INFO     Trial 1330 pruned. Trial was pruned at iteration 0.
2025-01-02 22:19:25 INFO     Trial 1331 pruned. Trial was pruned at iteration 0.
2025-01-02 22:19:26 INFO     Trial 1332 pruned. Trial was pruned at iteration 0.
2025-01-02 22:19:26 INFO     Trial 1333 pruned. Trial was pruned at iteration 0.
2025-01-02 22:19:27 INFO     Trial 1334 pruned. Trial was pruned at iteration 1.
2025-01-02 22:19:27 INFO     Trial 1335 pruned. Trial was pruned at iteration 0.
2025-01-02 22:19:27 INFO     Trial 1336 pruned. Trial was pruned at iteration 0.
2025-01-02 22:19:28 INFO     Trial 1337 pruned. Trial was pruned at iteration 0.
2025-01-02 22:19:29 INFO     Trial 1338 finished with value: 0.01684 and parameters: {'max_delta_step': 75.86090852995248, 'colsample_bytree': 0.8865636231835047, 'subsample': 0.8559398604774192, 'min_child_weight': 25.07415024983316, 'min_data_in_leaf': 13.983469235283025, 'lambda': 1.9987454421367357, 'alpha': 5.4579044462509305, 'max_depth': 5, 'eta': 0.0056960996881045165, 'gamma': 5.466878394385272, 'num_boost_rounds': 175}. Best is trial 988 with value: 0.018126.
2025-01-02 22:19:29 INFO     Trial 1339 pruned. Trial was pruned at iteration 5.
2025-01-02 22:19:30 INFO     Trial 1340 finished with value: 0.016594 and parameters: {'max_delta_step': 74.9054954589625, 'colsample_bytree': 0.9103093624454215, 'subsample': 0.8361612315289363, 'min_child_weight': 23.059660508654645, 'min_data_in_leaf': 15.700920822694314, 'lambda': 1.7751114937604293, 'alpha': 5.25378227742937, 'max_depth': 5, 'eta': 0.010639559372229143, 'gamma': 5.941617672811473, 'num_boost_rounds': 190}. Best is trial 988 with value: 0.018126.
2025-01-02 22:19:31 INFO     Trial 1341 pruned. Trial was pruned at iteration 0.
2025-01-02 22:19:31 INFO     Trial 1342 finished with value: 0.016666 and parameters: {'max_delta_step': 76.30530439227626, 'colsample_bytree': 0.9020583736943645, 'subsample': 0.8524387726731434, 'min_child_weight': 21.27528101973951, 'min_data_in_leaf': 14.474696808605959, 'lambda': 1.1190716875456386, 'alpha': 5.771258800404343, 'max_depth': 5, 'eta': 0.01611298062104117, 'gamma': 5.655785642026988, 'num_boost_rounds': 190}. Best is trial 988 with value: 0.018126.
2025-01-02 22:19:32 INFO     Trial 1343 pruned. Trial was pruned at iteration 0.
2025-01-02 22:19:32 INFO     Trial 1344 pruned. Trial was pruned at iteration 0.
2025-01-02 22:19:33 INFO     Trial 1345 pruned. Trial was pruned at iteration 0.
2025-01-02 22:19:34 INFO     Trial 1346 pruned. Trial was pruned at iteration 0.
2025-01-02 22:19:34 INFO     Trial 1347 pruned. Trial was pruned at iteration 1.
2025-01-02 22:19:35 INFO     Trial 1348 pruned. Trial was pruned at iteration 0.
2025-01-02 22:19:35 INFO     Trial 1349 finished with value: 0.016594 and parameters: {'max_delta_step': 69.25510841915626, 'colsample_bytree': 0.9140491914683117, 'subsample': 0.8306708642708908, 'min_child_weight': 22.66240369831355, 'min_data_in_leaf': 15.763989432376068, 'lambda': 1.5977031710901404, 'alpha': 5.89896129847651, 'max_depth': 5, 'eta': 0.012019778665418198, 'gamma': 5.121903156967464, 'num_boost_rounds': 195}. Best is trial 988 with value: 0.018126.
2025-01-02 22:19:36 INFO     Trial 1350 pruned. Trial was pruned at iteration 0.
2025-01-02 22:19:37 INFO     Trial 1351 pruned. Trial was pruned at iteration 0.
2025-01-02 22:19:37 INFO     Trial 1352 pruned. Trial was pruned at iteration 0.
2025-01-02 22:19:38 INFO     Trial 1353 finished with value: 0.016594 and parameters: {'max_delta_step': 71.88668035592359, 'colsample_bytree': 0.8824306923748498, 'subsample': 0.8469178167899452, 'min_child_weight': 26.32409793310356, 'min_data_in_leaf': 14.738262313463197, 'lambda': 1.7850708270394735, 'alpha': 5.520606365651526, 'max_depth': 5, 'eta': 0.005916993307999124, 'gamma': 5.063336242255586, 'num_boost_rounds': 185}. Best is trial 988 with value: 0.018126.
2025-01-02 22:19:39 INFO     Trial 1354 pruned. Trial was pruned at iteration 1.
2025-01-02 22:19:40 INFO     Trial 1355 finished with value: 0.016833 and parameters: {'max_delta_step': 67.45386912259441, 'colsample_bytree': 0.9153245059068414, 'subsample': 0.8269443721226306, 'min_child_weight': 21.66217519449296, 'min_data_in_leaf': 16.11578893284398, 'lambda': 4.790294309108859, 'alpha': 6.208632874503218, 'max_depth': 5, 'eta': 0.019744321655477685, 'gamma': 5.360474425138574, 'num_boost_rounds': 180}. Best is trial 988 with value: 0.018126.
2025-01-02 22:19:40 INFO     Trial 1356 pruned. Trial was pruned at iteration 0.
2025-01-02 22:19:41 INFO     Trial 1357 pruned. Trial was pruned at iteration 0.
2025-01-02 22:19:42 INFO     Trial 1358 finished with value: 0.01684 and parameters: {'max_delta_step': 77.55349735576621, 'colsample_bytree': 0.8927047401985767, 'subsample': 0.8510338706182846, 'min_child_weight': 26.52050543525692, 'min_data_in_leaf': 14.457157233514252, 'lambda': 1.5175734218960977, 'alpha': 5.4033174015240455, 'max_depth': 5, 'eta': 0.005538228815569372, 'gamma': 5.771217604730408, 'num_boost_rounds': 175}. Best is trial 988 with value: 0.018126.
2025-01-02 22:19:42 INFO     Trial 1359 finished with value: 0.018015 and parameters: {'max_delta_step': 77.90475335755823, 'colsample_bytree': 0.9132377429920534, 'subsample': 0.8235269925485872, 'min_child_weight': 21.080978593683696, 'min_data_in_leaf': 13.79212889247695, 'lambda': 7.813897797799401, 'alpha': 5.665161106268807, 'max_depth': 5, 'eta': 0.00018708430506398602, 'gamma': 5.453106236560755, 'num_boost_rounds': 190}. Best is trial 988 with value: 0.018126.
2025-01-02 22:19:43 INFO     Trial 1360 finished with value: 0.016594 and parameters: {'max_delta_step': 74.11303936559848, 'colsample_bytree': 0.8976785648593456, 'subsample': 0.8373183791586942, 'min_child_weight': 23.86404259036914, 'min_data_in_leaf': 14.843699425780184, 'lambda': 1.2262763477118859, 'alpha': 4.758978455646225, 'max_depth': 5, 'eta': 0.015622998356627001, 'gamma': 5.082164525484474, 'num_boost_rounds': 185}. Best is trial 988 with value: 0.018126.
2025-01-02 22:19:44 INFO     Trial 1361 pruned. Trial was pruned at iteration 1.
2025-01-02 22:19:45 INFO     Trial 1362 finished with value: 0.01684 and parameters: {'max_delta_step': 70.84773266451019, 'colsample_bytree': 0.9030067114351396, 'subsample': 0.8455597149542454, 'min_child_weight': 22.421506542734637, 'min_data_in_leaf': 14.211031451709395, 'lambda': 1.9605595674827938, 'alpha': 5.909263112064941, 'max_depth': 5, 'eta': 0.006133068355353751, 'gamma': 5.934528669346476, 'num_boost_rounds': 180}. Best is trial 988 with value: 0.018126.
2025-01-02 22:19:45 INFO     Trial 1363 finished with value: 0.01684 and parameters: {'max_delta_step': 78.52079859605377, 'colsample_bytree': 0.8888294149641053, 'subsample': 0.855915077551372, 'min_child_weight': 24.944359694355313, 'min_data_in_leaf': 13.600546667774115, 'lambda': 1.7629820818452446, 'alpha': 6.137144277015137, 'max_depth': 5, 'eta': 0.014022119576151227, 'gamma': 5.258649365462763, 'num_boost_rounds': 185}. Best is trial 988 with value: 0.018126.
2025-01-02 22:19:46 INFO     Trial 1364 finished with value: 0.018108 and parameters: {'max_delta_step': 75.62664825930965, 'colsample_bytree': 0.8793220581437453, 'subsample': 0.824375262293085, 'min_child_weight': 27.168041370548014, 'min_data_in_leaf': 15.681977820184185, 'lambda': 1.5925210708189153, 'alpha': 5.545970694169642, 'max_depth': 5, 'eta': 0.005544495534401144, 'gamma': 5.74117508457196, 'num_boost_rounds': 175}. Best is trial 988 with value: 0.018126.
2025-01-02 22:19:47 INFO     Trial 1365 pruned. Trial was pruned at iteration 0.
2025-01-02 22:19:47 INFO     Trial 1366 finished with value: 0.016927 and parameters: {'max_delta_step': 78.91121059552276, 'colsample_bytree': 0.877160174880068, 'subsample': 0.8219476034241704, 'min_child_weight': 27.824513900035942, 'min_data_in_leaf': 16.379399925606318, 'lambda': 1.3667692455224771, 'alpha': 5.445650239590404, 'max_depth': 5, 'eta': 0.010422984075835983, 'gamma': 5.070031078189658, 'num_boost_rounds': 170}. Best is trial 988 with value: 0.018126.
2025-01-02 22:19:48 INFO     Trial 1367 pruned. Trial was pruned at iteration 0.
2025-01-02 22:19:49 INFO     Trial 1368 finished with value: 0.017844 and parameters: {'max_delta_step': 78.37692445779594, 'colsample_bytree': 0.8777594726177936, 'subsample': 0.8310897670599605, 'min_child_weight': 26.520196132129428, 'min_data_in_leaf': 16.227805377257216, 'lambda': 1.5710137141759328, 'alpha': 5.550496067505241, 'max_depth': 5, 'eta': 0.01011738011390484, 'gamma': 5.926322308548592, 'num_boost_rounds': 175}. Best is trial 988 with value: 0.018126.
2025-01-02 22:19:49 INFO     Trial 1369 pruned. Trial was pruned at iteration 0.
2025-01-02 22:19:50 INFO     Trial 1370 pruned. Trial was pruned at iteration 0.
2025-01-02 22:19:51 INFO     Trial 1371 finished with value: 0.01778 and parameters: {'max_delta_step': 78.87981621742401, 'colsample_bytree': 0.8941071989325317, 'subsample': 0.8330142096524095, 'min_child_weight': 25.881138760949494, 'min_data_in_leaf': 15.918069770816508, 'lambda': 1.5283779582388946, 'alpha': 5.579801211759205, 'max_depth': 5, 'eta': 0.006460811934206231, 'gamma': 5.552773707838455, 'num_boost_rounds': 170}. Best is trial 988 with value: 0.018126.
2025-01-02 22:19:51 INFO     Trial 1372 pruned. Trial was pruned at iteration 0.
2025-01-02 22:19:52 INFO     Trial 1373 finished with value: 0.01778 and parameters: {'max_delta_step': 74.84658276709563, 'colsample_bytree': 0.8915861335528926, 'subsample': 0.8328160303501644, 'min_child_weight': 26.10111235000373, 'min_data_in_leaf': 16.23607192163386, 'lambda': 1.5498490638479103, 'alpha': 5.427533800235704, 'max_depth': 5, 'eta': 0.00548989366043715, 'gamma': 5.238371629340662, 'num_boost_rounds': 180}. Best is trial 988 with value: 0.018126.
2025-01-02 22:19:53 INFO     Trial 1374 pruned. Trial was pruned at iteration 0.
2025-01-02 22:19:54 INFO     Trial 1375 pruned. Trial was pruned at iteration 0.
2025-01-02 22:19:55 INFO     Trial 1376 finished with value: 0.01778 and parameters: {'max_delta_step': 60.06550755866623, 'colsample_bytree': 0.8743930538470737, 'subsample': 0.8399416461944974, 'min_child_weight': 27.466732094224103, 'min_data_in_leaf': 17.005794831037697, 'lambda': 0.8882242840793035, 'alpha': 5.4628675013824655, 'max_depth': 5, 'eta': 0.00017185166192724201, 'gamma': 5.98030647387768, 'num_boost_rounds': 195}. Best is trial 988 with value: 0.018126.
2025-01-02 22:19:55 INFO     Trial 1377 pruned. Trial was pruned at iteration 0.
2025-01-02 22:19:56 INFO     Trial 1378 pruned. Trial was pruned at iteration 0.
2025-01-02 22:19:57 INFO     Trial 1379 finished with value: 0.01778 and parameters: {'max_delta_step': 74.76400530580959, 'colsample_bytree': 0.8997831068389651, 'subsample': 0.8351713528277911, 'min_child_weight': 22.453165428380956, 'min_data_in_leaf': 13.957731379395593, 'lambda': 1.9419671812082406, 'alpha': 5.242508900046946, 'max_depth': 5, 'eta': 0.006320685544813065, 'gamma': 5.190015375307886, 'num_boost_rounds': 175}. Best is trial 988 with value: 0.018126.
2025-01-02 22:19:58 INFO     Trial 1380 finished with value: 0.016594 and parameters: {'max_delta_step': 76.01847004920396, 'colsample_bytree': 0.8769219270571166, 'subsample': 0.8420935462337253, 'min_child_weight': 27.63644303528007, 'min_data_in_leaf': 15.974529394433521, 'lambda': 1.4295263821579258, 'alpha': 5.5356854773644555, 'max_depth': 5, 'eta': 0.020506864369276057, 'gamma': 5.417421305686562, 'num_boost_rounds': 170}. Best is trial 988 with value: 0.018126.
2025-01-02 22:19:58 INFO     Trial 1381 pruned. Trial was pruned at iteration 0.
2025-01-02 22:19:59 INFO     Trial 1382 finished with value: 0.016594 and parameters: {'max_delta_step': 77.31665500883828, 'colsample_bytree': 0.8737881555035933, 'subsample': 0.8315624601669714, 'min_child_weight': 20.856130538477696, 'min_data_in_leaf': 15.471076953931194, 'lambda': 2.002307244870347, 'alpha': 5.327669605455958, 'max_depth': 5, 'eta': 0.010476691733500527, 'gamma': 5.735133009440624, 'num_boost_rounds': 180}. Best is trial 988 with value: 0.018126.
2025-01-02 22:20:00 INFO     Trial 1383 pruned. Trial was pruned at iteration 0.
