2025-01-02 13:48:27 INFO     Trial 227 finished with value: 0.017143 and parameters: {'max_delta_step': 57.49047370377199, 'colsample_bytree': 0.5213633185172595, 'subsample': 0.7099208751758235, 'min_child_weight': 69.62397852024318, 'min_data_in_leaf': 18.106916673959997, 'lambda': 3.8409696801728814, 'alpha': 0.5319109650323294, 'max_depth': 1, 'eta': 0.19960699832666431, 'gamma': 3.400947914923855, 'num_boost_rounds': 180}. Best is trial 70 with value: 0.017143.
2025-01-02 13:48:28 INFO     Trial 228 finished with value: 0.01711 and parameters: {'max_delta_step': 70.40816737505618, 'colsample_bytree': 0.5470198438513647, 'subsample': 0.7248531970880301, 'min_child_weight': 98.0463350336502, 'min_data_in_leaf': 19.341161370756087, 'lambda': 9.142077932960099, 'alpha': 0.9921198447524655, 'max_depth': 1, 'eta': 0.18668748270633675, 'gamma': 6.304001501771861, 'num_boost_rounds': 200}. Best is trial 70 with value: 0.017143.
2025-01-02 13:48:28 INFO     Trial 229 pruned. Trial was pruned at iteration 0.
2025-01-02 13:48:29 INFO     Trial 230 pruned. Trial was pruned at iteration 0.
2025-01-02 13:48:29 INFO     Trial 231 finished with value: 0.017143 and parameters: {'max_delta_step': 79.83918779069869, 'colsample_bytree': 0.5001698035911134, 'subsample': 0.7184344966068207, 'min_child_weight': 75.49754573024144, 'min_data_in_leaf': 19.452617924618664, 'lambda': 3.4065992950535726, 'alpha': 0.8654391808971624, 'max_depth': 1, 'eta': 0.19414695917364264, 'gamma': 6.610625865207906, 'num_boost_rounds': 180}. Best is trial 70 with value: 0.017143.
2025-01-02 13:48:30 INFO     Trial 232 finished with value: 0.017143 and parameters: {'max_delta_step': 74.74019449960115, 'colsample_bytree': 0.5089600066881591, 'subsample': 0.7184673520317003, 'min_child_weight': 79.70406582172998, 'min_data_in_leaf': 18.57745566963451, 'lambda': 3.544737476109307, 'alpha': 0.9822811782503629, 'max_depth': 1, 'eta': 0.19470736520619988, 'gamma': 6.4240696413447775, 'num_boost_rounds': 175}. Best is trial 70 with value: 0.017143.
2025-01-02 13:48:31 INFO     Trial 233 finished with value: 0.017143 and parameters: {'max_delta_step': 77.43052617147575, 'colsample_bytree': 0.5184353125630689, 'subsample': 0.7274690918507895, 'min_child_weight': 71.82260867715343, 'min_data_in_leaf': 19.968497492923305, 'lambda': 9.6616692843615, 'alpha': 1.093316617168513, 'max_depth': 1, 'eta': 0.19113767392315922, 'gamma': 6.069524841495837, 'num_boost_rounds': 185}. Best is trial 70 with value: 0.017143.
2025-01-02 13:48:31 INFO     Trial 234 finished with value: 0.017137 and parameters: {'max_delta_step': 55.875307203791756, 'colsample_bytree': 0.5078741795741085, 'subsample': 0.7084044142111576, 'min_child_weight': 76.66411442552315, 'min_data_in_leaf': 19.303376903169518, 'lambda': 9.830527281916964, 'alpha': 0.8820671517758483, 'max_depth': 1, 'eta': 0.19660557835163667, 'gamma': 5.574416597427102, 'num_boost_rounds': 190}. Best is trial 70 with value: 0.017143.
2025-01-02 13:48:32 INFO     Trial 235 pruned. Trial was pruned at iteration 0.
2025-01-02 13:48:32 INFO     Trial 236 finished with value: 0.017137 and parameters: {'max_delta_step': 79.34859691593617, 'colsample_bytree': 0.5018442626069809, 'subsample': 0.6940415872073955, 'min_child_weight': 74.70729965973614, 'min_data_in_leaf': 18.970773394971985, 'lambda': 9.978780011610203, 'alpha': 1.2805136008531384, 'max_depth': 1, 'eta': 0.19985836141239754, 'gamma': 6.344113799709654, 'num_boost_rounds': 180}. Best is trial 70 with value: 0.017143.
2025-01-02 13:48:33 INFO     Trial 237 pruned. Trial was pruned at iteration 0.
2025-01-02 13:48:33 INFO     Trial 238 finished with value: 0.017137 and parameters: {'max_delta_step': 58.830046115465315, 'colsample_bytree': 0.5344649386350788, 'subsample': 0.7083335272570107, 'min_child_weight': 77.82234158625971, 'min_data_in_leaf': 19.41768629697319, 'lambda': 9.309384958485442, 'alpha': 4.915579667255751, 'max_depth': 1, 'eta': 0.18931590045955138, 'gamma': 4.075149195930227, 'num_boost_rounds': 170}. Best is trial 70 with value: 0.017143.
2025-01-02 13:48:34 INFO     Trial 239 pruned. Trial was pruned at iteration 0.
2025-01-02 13:48:34 INFO     Trial 240 pruned. Trial was pruned at iteration 0.
2025-01-02 13:48:34 INFO     Trial 241 pruned. Trial was pruned at iteration 0.
2025-01-02 13:48:35 INFO     Trial 242 finished with value: 0.017143 and parameters: {'max_delta_step': 76.63128210507114, 'colsample_bytree': 0.5112072680488663, 'subsample': 0.7261372457392471, 'min_child_weight': 96.33699804965603, 'min_data_in_leaf': 17.812853650218923, 'lambda': 9.673598709067207, 'alpha': 1.044508632726415, 'max_depth': 1, 'eta': 0.19639747035673538, 'gamma': 3.8060808576792557, 'num_boost_rounds': 190}. Best is trial 70 with value: 0.017143.
2025-01-02 13:48:35 INFO     Trial 243 pruned. Trial was pruned at iteration 0.
2025-01-02 13:48:36 INFO     Trial 244 finished with value: 0.017143 and parameters: {'max_delta_step': 81.18406935684729, 'colsample_bytree': 0.5000106111088622, 'subsample': 0.7290854722955311, 'min_child_weight': 95.40634121210981, 'min_data_in_leaf': 18.0922031106518, 'lambda': 3.8715647888270146, 'alpha': 0.7130015190216719, 'max_depth': 1, 'eta': 0.19989945484589627, 'gamma': 3.863938553196, 'num_boost_rounds': 180}. Best is trial 70 with value: 0.017143.
2025-01-02 13:48:36 INFO     Trial 245 pruned. Trial was pruned at iteration 0.
2025-01-02 13:48:37 INFO     Trial 246 finished with value: 0.017143 and parameters: {'max_delta_step': 74.7461537324263, 'colsample_bytree': 0.5165444364348497, 'subsample': 0.7176692085541108, 'min_child_weight': 93.60217326972301, 'min_data_in_leaf': 19.116460786608325, 'lambda': 9.726495178585335, 'alpha': 1.0059404640529643, 'max_depth': 1, 'eta': 0.19360541055485925, 'gamma': 3.9603036246577896, 'num_boost_rounds': 190}. Best is trial 70 with value: 0.017143.
2025-01-02 13:48:37 INFO     Trial 247 pruned. Trial was pruned at iteration 0.
2025-01-02 13:48:38 INFO     Trial 248 pruned. Trial was pruned at iteration 5.
2025-01-02 13:48:38 INFO     Trial 249 pruned. Trial was pruned at iteration 0.
2025-01-02 13:48:39 INFO     Trial 250 finished with value: 0.017143 and parameters: {'max_delta_step': 76.02723634917936, 'colsample_bytree': 0.5070648306338494, 'subsample': 0.7256447660776957, 'min_child_weight': 79.84960735049414, 'min_data_in_leaf': 17.78788169701658, 'lambda': 2.171400673658488, 'alpha': 0.5031564738134668, 'max_depth': 1, 'eta': 0.18985747173012454, 'gamma': 3.7280094144487372, 'num_boost_rounds': 85}. Best is trial 70 with value: 0.017143.
2025-01-02 13:48:39 INFO     Trial 251 pruned. Trial was pruned at iteration 0.
2025-01-02 13:48:40 INFO     Trial 252 finished with value: 0.017137 and parameters: {'max_delta_step': 65.04088948289784, 'colsample_bytree': 0.5166946928467301, 'subsample': 0.7046248235857345, 'min_child_weight': 75.78563215098053, 'min_data_in_leaf': 20.172474228268037, 'lambda': 8.12656529793313, 'alpha': 1.088420508617413, 'max_depth': 1, 'eta': 0.1998265305045263, 'gamma': 5.246372827397465, 'num_boost_rounds': 190}. Best is trial 70 with value: 0.017143.
2025-01-02 13:48:40 INFO     Trial 253 pruned. Trial was pruned at iteration 0.
2025-01-02 13:48:41 INFO     Trial 254 pruned. Trial was pruned at iteration 0.
2025-01-02 13:48:41 INFO     Trial 255 finished with value: 0.017137 and parameters: {'max_delta_step': 69.08647824656806, 'colsample_bytree': 0.5181745110755308, 'subsample': 0.6939933347902554, 'min_child_weight': 70.56468830084873, 'min_data_in_leaf': 18.904683101255262, 'lambda': 9.31414643243674, 'alpha': 0.6380227167400683, 'max_depth': 1, 'eta': 0.19048930481497708, 'gamma': 4.067515590050702, 'num_boost_rounds': 185}. Best is trial 70 with value: 0.017143.
2025-01-02 13:48:42 INFO     Trial 256 pruned. Trial was pruned at iteration 0.
2025-01-02 13:48:42 INFO     Trial 257 pruned. Trial was pruned at iteration 0.
2025-01-02 13:48:42 INFO     Trial 258 pruned. Trial was pruned at iteration 0.
2025-01-02 13:48:43 INFO     Trial 259 pruned. Trial was pruned at iteration 5.
2025-01-02 13:48:43 INFO     Trial 260 pruned. Trial was pruned at iteration 0.
2025-01-02 13:48:44 INFO     Trial 261 pruned. Trial was pruned at iteration 5.
2025-01-02 13:48:44 INFO     Trial 262 finished with value: 0.017137 and parameters: {'max_delta_step': 53.114344198865695, 'colsample_bytree': 0.5005807469432642, 'subsample': 0.7040341881098758, 'min_child_weight': 79.98170008956404, 'min_data_in_leaf': 19.622737763111125, 'lambda': 2.7554782753639686, 'alpha': 5.566510457661531, 'max_depth': 1, 'eta': 0.19480340491321327, 'gamma': 4.67352677430667, 'num_boost_rounds': 200}. Best is trial 70 with value: 0.017143.
2025-01-02 13:48:45 INFO     Trial 263 pruned. Trial was pruned at iteration 0.
2025-01-02 13:48:45 INFO     Trial 264 pruned. Trial was pruned at iteration 0.
2025-01-02 13:48:46 INFO     Trial 265 pruned. Trial was pruned at iteration 0.
2025-01-02 13:48:46 INFO     Trial 266 finished with value: 0.017143 and parameters: {'max_delta_step': 74.53164669736438, 'colsample_bytree': 0.5391694664260596, 'subsample': 0.7253230658302103, 'min_child_weight': 69.76169369421493, 'min_data_in_leaf': 19.236222470206624, 'lambda': 9.98885312609548, 'alpha': 1.7665491969602054, 'max_depth': 1, 'eta': 0.1928512197172219, 'gamma': 6.364659497986352, 'num_boost_rounds': 185}. Best is trial 70 with value: 0.017143.
2025-01-02 13:48:47 INFO     Trial 267 pruned. Trial was pruned at iteration 5.
2025-01-02 13:48:47 INFO     Trial 268 pruned. Trial was pruned at iteration 0.
2025-01-02 13:48:48 INFO     Trial 269 finished with value: 0.017088 and parameters: {'max_delta_step': 56.11639378939645, 'colsample_bytree': 0.51022119803147, 'subsample': 0.7106667656142904, 'min_child_weight': 96.957239450647, 'min_data_in_leaf': 17.67193332239055, 'lambda': 8.746273121880957, 'alpha': 1.4647568307749712, 'max_depth': 1, 'eta': 0.18071957293073504, 'gamma': 4.963804246951821, 'num_boost_rounds': 175}. Best is trial 70 with value: 0.017143.
2025-01-02 13:48:48 INFO     Trial 270 finished with value: 0.017143 and parameters: {'max_delta_step': 78.142125980365, 'colsample_bytree': 0.500425959053065, 'subsample': 0.7214997241281879, 'min_child_weight': 92.54170741101905, 'min_data_in_leaf': 20.588624778812814, 'lambda': 9.507109124284188, 'alpha': 0.7224122157742958, 'max_depth': 1, 'eta': 0.18709223536089856, 'gamma': 3.8638754160008824, 'num_boost_rounds': 190}. Best is trial 70 with value: 0.017143.
2025-01-02 13:48:49 INFO     Trial 271 pruned. Trial was pruned at iteration 0.
2025-01-02 13:48:49 INFO     Trial 272 pruned. Trial was pruned at iteration 0.
2025-01-02 13:48:50 INFO     Trial 273 finished with value: 0.017143 and parameters: {'max_delta_step': 79.9654652207147, 'colsample_bytree': 0.5320004973875748, 'subsample': 0.7106235907900839, 'min_child_weight': 95.40912229575417, 'min_data_in_leaf': 18.254985742838066, 'lambda': 3.329074871523778, 'alpha': 3.49953038519637, 'max_depth': 1, 'eta': 0.19129772812839899, 'gamma': 3.295829120283764, 'num_boost_rounds': 190}. Best is trial 70 with value: 0.017143.
2025-01-02 13:48:50 INFO     Trial 274 finished with value: 0.017088 and parameters: {'max_delta_step': 54.29717681753107, 'colsample_bytree': 0.5596533117152609, 'subsample': 0.7272502460403273, 'min_child_weight': 98.5203842910117, 'min_data_in_leaf': 19.253232898987555, 'lambda': 9.80668589776181, 'alpha': 1.2643881462059352, 'max_depth': 1, 'eta': 0.1843077233697393, 'gamma': 4.221761145020789, 'num_boost_rounds': 180}. Best is trial 70 with value: 0.017143.
2025-01-02 13:48:51 INFO     Trial 275 pruned. Trial was pruned at iteration 0.
2025-01-02 13:48:51 INFO     Trial 276 pruned. Trial was pruned at iteration 5.
2025-01-02 13:48:52 INFO     Trial 277 pruned. Trial was pruned at iteration 0.
2025-01-02 13:48:52 INFO     Trial 278 pruned. Trial was pruned at iteration 5.
2025-01-02 13:48:53 INFO     Trial 279 finished with value: 0.017143 and parameters: {'max_delta_step': 58.71963357147599, 'colsample_bytree': 0.5095649033684204, 'subsample': 0.7184403699728102, 'min_child_weight': 94.09741361390658, 'min_data_in_leaf': 18.082211177681867, 'lambda': 9.986563972736109, 'alpha': 0.4007525760538022, 'max_depth': 1, 'eta': 0.19269713681779646, 'gamma': 3.5627821901748997, 'num_boost_rounds': 195}. Best is trial 70 with value: 0.017143.
2025-01-02 13:48:53 INFO     Trial 280 finished with value: 0.017088 and parameters: {'max_delta_step': 76.74007766388671, 'colsample_bytree': 0.5349992854262435, 'subsample': 0.6911135744733963, 'min_child_weight': 77.04529618637044, 'min_data_in_leaf': 18.89515268572977, 'lambda': 1.9588222370922004, 'alpha': 1.231815945637016, 'max_depth': 1, 'eta': 0.18311178778484113, 'gamma': 6.556609241141431, 'num_boost_rounds': 175}. Best is trial 70 with value: 0.017143.
2025-01-02 13:48:54 INFO     Trial 281 pruned. Trial was pruned at iteration 0.
2025-01-02 13:48:55 INFO     Trial 282 finished with value: 0.017137 and parameters: {'max_delta_step': 61.25447034339258, 'colsample_bytree': 0.5252323354276952, 'subsample': 0.7079871078080904, 'min_child_weight': 68.8906440465397, 'min_data_in_leaf': 19.29408785872366, 'lambda': 9.609312348672285, 'alpha': 1.0752535333002164, 'max_depth': 1, 'eta': 0.18798692230490185, 'gamma': 6.280909220800733, 'num_boost_rounds': 190}. Best is trial 70 with value: 0.017143.
2025-01-02 13:48:55 INFO     Trial 283 pruned. Trial was pruned at iteration 0.
2025-01-02 13:48:55 INFO     Trial 284 pruned. Trial was pruned at iteration 0.
2025-01-02 13:48:56 INFO     Trial 285 pruned. Trial was pruned at iteration 5.
2025-01-02 13:48:56 INFO     Trial 286 finished with value: 0.017104 and parameters: {'max_delta_step': 71.64671903914649, 'colsample_bytree': 0.515836694248244, 'subsample': 0.7044830517157981, 'min_child_weight': 99.94249340268257, 'min_data_in_leaf': 18.945506168651995, 'lambda': 9.51056273325555, 'alpha': 1.0012207034957645, 'max_depth': 1, 'eta': 0.18725454474528339, 'gamma': 1.7480002284766345, 'num_boost_rounds': 185}. Best is trial 70 with value: 0.017143.
2025-01-02 13:48:57 INFO     Trial 287 pruned. Trial was pruned at iteration 0.
2025-01-02 13:48:57 INFO     Trial 288 pruned. Trial was pruned at iteration 5.
2025-01-02 13:48:58 INFO     Trial 289 pruned. Trial was pruned at iteration 0.
2025-01-02 13:48:58 INFO     Trial 290 pruned. Trial was pruned at iteration 0.
2025-01-02 13:48:59 INFO     Trial 291 pruned. Trial was pruned at iteration 5.
2025-01-02 13:48:59 INFO     Trial 292 pruned. Trial was pruned at iteration 5.
2025-01-02 13:49:00 INFO     Trial 293 pruned. Trial was pruned at iteration 0.
2025-01-02 13:49:00 INFO     Trial 294 finished with value: 0.017143 and parameters: {'max_delta_step': 24.65444852143733, 'colsample_bytree': 0.5520883547064299, 'subsample': 0.8661115816389032, 'min_child_weight': 76.10375147062682, 'min_data_in_leaf': 19.499917473237087, 'lambda': 2.509084075256839, 'alpha': 1.5206966458945725, 'max_depth': 1, 'eta': 0.19407841780502014, 'gamma': 1.6121223621403313, 'num_boost_rounds': 200}. Best is trial 70 with value: 0.017143.
2025-01-02 13:49:01 INFO     Trial 295 finished with value: 0.017143 and parameters: {'max_delta_step': 63.14909681580353, 'colsample_bytree': 0.5321251541313653, 'subsample': 0.7113883209117304, 'min_child_weight': 97.10486683310987, 'min_data_in_leaf': 18.017871083598983, 'lambda': 8.909361778542348, 'alpha': 7.977306392224336, 'max_depth': 1, 'eta': 0.18839170816454848, 'gamma': 2.036271401006247, 'num_boost_rounds': 180}. Best is trial 70 with value: 0.017143.
2025-01-02 13:49:01 INFO     Trial 296 finished with value: 0.017088 and parameters: {'max_delta_step': 80.8392601364025, 'colsample_bytree': 0.5147365459388918, 'subsample': 0.7235628161811325, 'min_child_weight': 82.7860204888601, 'min_data_in_leaf': 19.135178893888213, 'lambda': 5.60239340739621, 'alpha': 1.9947662638057229, 'max_depth': 1, 'eta': 0.18352751183241936, 'gamma': 5.57188664061989, 'num_boost_rounds': 185}. Best is trial 70 with value: 0.017143.
2025-01-02 13:49:02 INFO     Trial 297 finished with value: 0.017137 and parameters: {'max_delta_step': 58.85196117770513, 'colsample_bytree': 0.5075947037038554, 'subsample': 0.7022395901129563, 'min_child_weight': 86.6592935679595, 'min_data_in_leaf': 12.490520404752353, 'lambda': 9.990737278326895, 'alpha': 1.173825667539539, 'max_depth': 1, 'eta': 0.1957018589501076, 'gamma': 4.169278964920628, 'num_boost_rounds': 190}. Best is trial 70 with value: 0.017143.
2025-01-02 13:49:03 INFO     Trial 298 finished with value: 0.017143 and parameters: {'max_delta_step': 70.72828524936885, 'colsample_bytree': 0.5415150827732319, 'subsample': 0.7290547240770232, 'min_child_weight': 78.02372894126326, 'min_data_in_leaf': 18.66662431288086, 'lambda': 9.610252440114357, 'alpha': 0.6487022375991177, 'max_depth': 1, 'eta': 0.1922844709294945, 'gamma': 3.082087558895256, 'num_boost_rounds': 185}. Best is trial 70 with value: 0.017143.
2025-01-02 13:49:03 INFO     Trial 299 pruned. Trial was pruned at iteration 0.
2025-01-02 13:49:04 INFO     Trial 300 finished with value: 0.017143 and parameters: {'max_delta_step': 84.23786259607627, 'colsample_bytree': 0.521013250096577, 'subsample': 0.7713234904197137, 'min_child_weight': 74.33335341062978, 'min_data_in_leaf': 17.142300948681225, 'lambda': 9.777766971522613, 'alpha': 1.7985496680199193, 'max_depth': 1, 'eta': 0.19560573014009022, 'gamma': 6.196252783525566, 'num_boost_rounds': 55}. Best is trial 70 with value: 0.017143.
2025-01-02 13:49:04 INFO     Trial 301 pruned. Trial was pruned at iteration 0.
2025-01-02 13:49:05 INFO     Trial 302 finished with value: 0.017139 and parameters: {'max_delta_step': 52.7977327731965, 'colsample_bytree': 0.530553768052346, 'subsample': 0.6853285040369934, 'min_child_weight': 63.87436674546728, 'min_data_in_leaf': 18.299985161464164, 'lambda': 9.526805014769586, 'alpha': 1.1799802251758122, 'max_depth': 1, 'eta': 0.19119682245257866, 'gamma': 4.001660920910233, 'num_boost_rounds': 185}. Best is trial 70 with value: 0.017143.
2025-01-02 13:49:05 INFO     Trial 303 pruned. Trial was pruned at iteration 0.
2025-01-02 13:49:06 INFO     Trial 304 finished with value: 0.017137 and parameters: {'max_delta_step': 48.662321291353265, 'colsample_bytree': 0.5078148858925184, 'subsample': 0.7071400144382698, 'min_child_weight': 80.13780967695081, 'min_data_in_leaf': 19.63111223310836, 'lambda': 9.99980420950344, 'alpha': 0.85803513099198, 'max_depth': 1, 'eta': 0.19980324768018878, 'gamma': 6.418341423706097, 'num_boost_rounds': 195}. Best is trial 70 with value: 0.017143.
2025-01-02 13:49:06 INFO     Trial 305 pruned. Trial was pruned at iteration 0.
2025-01-02 13:49:06 INFO     Trial 306 pruned. Trial was pruned at iteration 0.
2025-01-02 13:49:07 INFO     Trial 307 pruned. Trial was pruned at iteration 0.
2025-01-02 13:49:07 INFO     Trial 308 pruned. Trial was pruned at iteration 0.
2025-01-02 13:49:08 INFO     Trial 309 finished with value: 0.017143 and parameters: {'max_delta_step': 72.82512428687099, 'colsample_bytree': 0.5552137570440736, 'subsample': 0.7276849962330432, 'min_child_weight': 71.57145261321124, 'min_data_in_leaf': 20.377352422118697, 'lambda': 9.673961856419904, 'alpha': 1.0158706461620588, 'max_depth': 1, 'eta': 0.19269730586207592, 'gamma': 1.8296802182471101, 'num_boost_rounds': 180}. Best is trial 70 with value: 0.017143.
2025-01-02 13:49:08 INFO     Trial 310 finished with value: 0.017088 and parameters: {'max_delta_step': 51.137123537608254, 'colsample_bytree': 0.5246422000046457, 'subsample': 0.697760972295925, 'min_child_weight': 97.88810607867967, 'min_data_in_leaf': 18.567846832443426, 'lambda': 9.490410878053153, 'alpha': 2.9941964508755663, 'max_depth': 1, 'eta': 0.1853288660492552, 'gamma': 5.046318810528155, 'num_boost_rounds': 190}. Best is trial 70 with value: 0.017143.
2025-01-02 13:49:09 INFO     Trial 311 pruned. Trial was pruned at iteration 5.
2025-01-02 13:49:09 INFO     Trial 312 pruned. Trial was pruned at iteration 0.
2025-01-02 13:49:10 INFO     Trial 313 finished with value: 0.017143 and parameters: {'max_delta_step': 79.6118785919789, 'colsample_bytree': 0.514410510636481, 'subsample': 0.7107183071527773, 'min_child_weight': 73.49169264935172, 'min_data_in_leaf': 18.323222615728355, 'lambda': 9.163573561990177, 'alpha': 0.4896446191871694, 'max_depth': 1, 'eta': 0.1964747021491947, 'gamma': 2.3579363718385133, 'num_boost_rounds': 170}. Best is trial 70 with value: 0.017143.
2025-01-02 13:49:10 INFO     Trial 314 pruned. Trial was pruned at iteration 0.
2025-01-02 13:49:11 INFO     Trial 315 pruned. Trial was pruned at iteration 0.
2025-01-02 13:49:11 INFO     Trial 316 finished with value: 0.017088 and parameters: {'max_delta_step': 82.68782831797405, 'colsample_bytree': 0.5252658422543107, 'subsample': 0.7059699209414361, 'min_child_weight': 84.22361034387728, 'min_data_in_leaf': 19.90097427548575, 'lambda': 9.833483129467373, 'alpha': 0.7247575896914867, 'max_depth': 1, 'eta': 0.18128280472017388, 'gamma': 5.754567132450951, 'num_boost_rounds': 190}. Best is trial 70 with value: 0.017143.
2025-01-02 13:49:12 INFO     Trial 317 pruned. Trial was pruned at iteration 0.
2025-01-02 13:49:12 INFO     Trial 318 pruned. Trial was pruned at iteration 0.
2025-01-02 13:49:13 INFO     Trial 319 pruned. Trial was pruned at iteration 0.
2025-01-02 13:49:13 INFO     Trial 320 finished with value: 0.017088 and parameters: {'max_delta_step': 73.65159095127089, 'colsample_bytree': 0.5361530085430405, 'subsample': 0.6943908891597173, 'min_child_weight': 75.36496110488851, 'min_data_in_leaf': 17.840334364093213, 'lambda': 9.995438382583226, 'alpha': 0.569847779369634, 'max_depth': 1, 'eta': 0.18429032960103173, 'gamma': 5.547807336092771, 'num_boost_rounds': 195}. Best is trial 70 with value: 0.017143.
2025-01-02 13:49:14 INFO     Trial 321 pruned. Trial was pruned at iteration 0.
