2025-01-02 13:11:21 INFO     Trial 355 finished with value: 0.017088 and parameters: {'max_delta_step': 14.001927882631637, 'colsample_bytree': 0.5273803537138286, 'colsample_bynode': 0.4207380426725515, 'subsample': 0.9004002018715631, 'min_child_weight': 99.79286780710164, 'min_data_in_leaf': 21.822608947846472, 'lambda': 3.579994445999993, 'alpha': 8.05370390923273, 'max_depth': 1, 'eta': 0.19192515514443034, 'gamma': 8.446656353550258, 'num_boost_rounds': 185}. Best is trial 186 with value: 0.017241.
2025-01-02 13:11:22 INFO     n_estimators: 10
2025-01-02 13:11:22 INFO     Trial 356 finished with value: 0.017143 and parameters: {'max_delta_step': 18.871566643188956, 'colsample_bytree': 0.5573646783930379, 'colsample_bynode': 0.4458635117507614, 'subsample': 0.8612111085867077, 'min_child_weight': 93.17049892517598, 'min_data_in_leaf': 19.82695257891523, 'lambda': 3.2011053451590725, 'alpha': 7.32248575376049, 'max_depth': 1, 'eta': 0.19549816101933726, 'gamma': 7.961673937769629, 'num_boost_rounds': 190}. Best is trial 186 with value: 0.017241.
2025-01-02 13:11:22 INFO     n_estimators: 10
2025-01-02 13:11:22 INFO     Trial 357 finished with value: 0.017143 and parameters: {'max_delta_step': 21.104265594326236, 'colsample_bytree': 0.5388895300379168, 'colsample_bynode': 0.398110522358031, 'subsample': 0.8164140281804877, 'min_child_weight': 90.2065760808495, 'min_data_in_leaf': 20.71493181854427, 'lambda': 2.947191756787343, 'alpha': 7.547118402558861, 'max_depth': 1, 'eta': 0.1889643435258768, 'gamma': 8.15937300024479, 'num_boost_rounds': 190}. Best is trial 186 with value: 0.017241.
2025-01-02 13:11:23 INFO     n_estimators: 10
2025-01-02 13:11:23 INFO     Trial 358 finished with value: 0.017241 and parameters: {'max_delta_step': 11.101997574944896, 'colsample_bytree': 0.5484675685413128, 'colsample_bynode': 0.42990801098713055, 'subsample': 0.8791908353978283, 'min_child_weight': 85.41945243373829, 'min_data_in_leaf': 18.153982669417772, 'lambda': 2.4402143288167784, 'alpha': 6.987494782412541, 'max_depth': 1, 'eta': 0.19999576016840862, 'gamma': 8.627893056137255, 'num_boost_rounds': 185}. Best is trial 186 with value: 0.017241.
2025-01-02 13:11:24 INFO     Trial 359 pruned. Trial was pruned at iteration 0.
2025-01-02 13:11:24 INFO     n_estimators: 10
2025-01-02 13:11:24 INFO     Trial 360 finished with value: 0.017088 and parameters: {'max_delta_step': 19.259554939181626, 'colsample_bytree': 0.5130864815252872, 'colsample_bynode': 0.4154552563097855, 'subsample': 0.8896175698695761, 'min_child_weight': 88.14240091988529, 'min_data_in_leaf': 19.255692221230454, 'lambda': 2.7764852131898077, 'alpha': 7.3037753272904125, 'max_depth': 1, 'eta': 0.19347885455050712, 'gamma': 7.081092802038144, 'num_boost_rounds': 180}. Best is trial 186 with value: 0.017241.
2025-01-02 13:11:25 INFO     n_estimators: 10
2025-01-02 13:11:25 INFO     Trial 361 finished with value: 0.017143 and parameters: {'max_delta_step': 23.074089227045288, 'colsample_bytree': 0.5569104666145037, 'colsample_bynode': 0.3007338739350938, 'subsample': 0.8701258160271357, 'min_child_weight': 92.31616413964821, 'min_data_in_leaf': 18.568242699910233, 'lambda': 3.411210820226352, 'alpha': 7.556851943158635, 'max_depth': 1, 'eta': 0.19619419289320253, 'gamma': 8.908828216388802, 'num_boost_rounds': 175}. Best is trial 186 with value: 0.017241.
2025-01-02 13:11:25 INFO     n_estimators: 10
2025-01-02 13:11:26 INFO     Trial 362 finished with value: 0.017143 and parameters: {'max_delta_step': 17.344903395953096, 'colsample_bytree': 0.5392378904566293, 'colsample_bynode': 0.4561536752352934, 'subsample': 0.8809958346190639, 'min_child_weight': 81.92809447955449, 'min_data_in_leaf': 20.260879164525228, 'lambda': 3.09654202717011, 'alpha': 4.764549578081326, 'max_depth': 1, 'eta': 0.19235703459571749, 'gamma': 8.551037896628186, 'num_boost_rounds': 185}. Best is trial 186 with value: 0.017241.
2025-01-02 13:11:26 INFO     n_estimators: 10
2025-01-02 13:11:26 INFO     Trial 363 finished with value: 0.017143 and parameters: {'max_delta_step': 20.938535457506394, 'colsample_bytree': 0.5245377223276697, 'colsample_bynode': 0.4382091985425573, 'subsample': 0.8355324176877036, 'min_child_weight': 86.16918019995154, 'min_data_in_leaf': 19.56398553826357, 'lambda': 2.6310011928413304, 'alpha': 7.131115752950141, 'max_depth': 1, 'eta': 0.19645303751515278, 'gamma': 7.872150064090618, 'num_boost_rounds': 195}. Best is trial 186 with value: 0.017241.
2025-01-02 13:11:27 INFO     n_estimators: 10
2025-01-02 13:11:27 INFO     Trial 364 finished with value: 0.017084 and parameters: {'max_delta_step': 15.316512554277606, 'colsample_bytree': 0.542895098291492, 'colsample_bynode': 0.3951204701440221, 'subsample': 0.8980898862843277, 'min_child_weight': 94.9196545440082, 'min_data_in_leaf': 18.996630999378063, 'lambda': 3.2014147206624397, 'alpha': 7.427549617058489, 'max_depth': 1, 'eta': 0.18710877357720784, 'gamma': 8.717700460900472, 'num_boost_rounds': 120}. Best is trial 186 with value: 0.017241.
2025-01-02 13:11:27 INFO     n_estimators: 10
2025-01-02 13:11:28 INFO     Trial 365 finished with value: 0.017143 and parameters: {'max_delta_step': 19.29295766398274, 'colsample_bytree': 0.5311185859347457, 'colsample_bynode': 0.4154793042894941, 'subsample': 0.8627154245595815, 'min_child_weight': 89.80347595337572, 'min_data_in_leaf': 21.30347258762948, 'lambda': 2.8990397926509095, 'alpha': 7.888695679509587, 'max_depth': 1, 'eta': 0.19975210893066261, 'gamma': 8.290972180320766, 'num_boost_rounds': 180}. Best is trial 186 with value: 0.017241.
2025-01-02 13:11:28 INFO     n_estimators: 10
2025-01-02 13:11:28 INFO     Trial 366 finished with value: 0.017143 and parameters: {'max_delta_step': 81.32357034147175, 'colsample_bytree': 0.5493879004485114, 'colsample_bynode': 0.3740365758011897, 'subsample': 0.8535735994853751, 'min_child_weight': 83.81629537969033, 'min_data_in_leaf': 19.93057973335411, 'lambda': 3.530514626309476, 'alpha': 6.890440576934713, 'max_depth': 1, 'eta': 0.1929344026756559, 'gamma': 8.459380449604328, 'num_boost_rounds': 190}. Best is trial 186 with value: 0.017241.
2025-01-02 13:11:29 INFO     n_estimators: 10
2025-01-02 13:11:29 INFO     Trial 367 finished with value: 0.017088 and parameters: {'max_delta_step': 17.255885719175623, 'colsample_bytree': 0.5174120708958624, 'colsample_bynode': 0.4284438801374159, 'subsample': 0.8874727646198629, 'min_child_weight': 87.54464445151606, 'min_data_in_leaf': 20.561422962423965, 'lambda': 3.0462779040042074, 'alpha': 7.639911068142963, 'max_depth': 1, 'eta': 0.19642052637472293, 'gamma': 9.045307433648292, 'num_boost_rounds': 150}. Best is trial 186 with value: 0.017241.
2025-01-02 13:11:29 INFO     n_estimators: 10
2025-01-02 13:11:30 INFO     Trial 368 finished with value: 0.017241 and parameters: {'max_delta_step': 21.72871173476887, 'colsample_bytree': 0.5358654613773173, 'colsample_bynode': 0.36073936648716814, 'subsample': 0.87565904412253, 'min_child_weight': 91.6198997778813, 'min_data_in_leaf': 19.394486828264775, 'lambda': 2.3437090998789034, 'alpha': 7.322867860381033, 'max_depth': 1, 'eta': 0.19994101834708003, 'gamma': 8.130083009802554, 'num_boost_rounds': 100}. Best is trial 186 with value: 0.017241.
2025-01-02 13:11:30 INFO     Trial 369 pruned. Trial was pruned at iteration 0.
2025-01-02 13:11:30 INFO     Trial 370 pruned. Trial was pruned at iteration 5.
2025-01-02 13:11:31 INFO     n_estimators: 10
2025-01-02 13:11:31 INFO     Trial 371 finished with value: 0.017241 and parameters: {'max_delta_step': 23.45516178176066, 'colsample_bytree': 0.5269378917247254, 'colsample_bynode': 0.41111480295242536, 'subsample': 0.8846372961764897, 'min_child_weight': 93.96194831593927, 'min_data_in_leaf': 20.85946706393788, 'lambda': 2.6084329626511167, 'alpha': 7.734082816628276, 'max_depth': 1, 'eta': 0.19988739111424372, 'gamma': 8.294904898443429, 'num_boost_rounds': 190}. Best is trial 186 with value: 0.017241.
2025-01-02 13:11:32 INFO     n_estimators: 10
2025-01-02 13:11:32 INFO     Trial 372 finished with value: 0.017143 and parameters: {'max_delta_step': 17.62817742815821, 'colsample_bytree': 0.539521247901527, 'colsample_bynode': 0.46088435803358135, 'subsample': 0.856131491564606, 'min_child_weight': 96.30789783671374, 'min_data_in_leaf': 18.16404685646625, 'lambda': 3.1430761204483537, 'alpha': 7.134717265257667, 'max_depth': 1, 'eta': 0.19287879180128528, 'gamma': 8.6910557512327, 'num_boost_rounds': 180}. Best is trial 186 with value: 0.017241.
2025-01-02 13:11:32 INFO     n_estimators: 10
2025-01-02 13:11:32 INFO     Trial 373 finished with value: 0.017143 and parameters: {'max_delta_step': 20.52608031954251, 'colsample_bytree': 0.5556485638226918, 'colsample_bynode': 0.47925379287415754, 'subsample': 0.8793067062250003, 'min_child_weight': 90.20065741938485, 'min_data_in_leaf': 20.168338446756742, 'lambda': 2.9721581733525304, 'alpha': 7.4638112354988495, 'max_depth': 1, 'eta': 0.19635119603958368, 'gamma': 9.088115530968143, 'num_boost_rounds': 185}. Best is trial 186 with value: 0.017241.
2025-01-02 13:11:33 INFO     n_estimators: 10
2025-01-02 13:11:33 INFO     Trial 374 finished with value: 0.017241 and parameters: {'max_delta_step': 22.011640645324842, 'colsample_bytree': 0.519794312636317, 'colsample_bynode': 0.43936092331505605, 'subsample': 0.8946042031116044, 'min_child_weight': 80.17721564699126, 'min_data_in_leaf': 19.632835312747257, 'lambda': 3.3194675414826125, 'alpha': 6.967347939022707, 'max_depth': 1, 'eta': 0.19998482897775227, 'gamma': 8.865011309212441, 'num_boost_rounds': 195}. Best is trial 186 with value: 0.017241.
2025-01-02 13:11:33 INFO     Trial 375 pruned. Trial was pruned at iteration 0.
2025-01-02 13:11:34 INFO     Trial 376 pruned. Trial was pruned at iteration 5.
2025-01-02 13:11:34 INFO     n_estimators: 10
2025-01-02 13:11:34 INFO     Trial 377 finished with value: 0.017084 and parameters: {'max_delta_step': 18.64226043252289, 'colsample_bytree': 0.5365905024239762, 'colsample_bynode': 0.40722297203642305, 'subsample': 0.8888066576461114, 'min_child_weight': 77.25717517742693, 'min_data_in_leaf': 22.044908839700046, 'lambda': 3.1510646335610386, 'alpha': 8.335792139912684, 'max_depth': 1, 'eta': 0.18503605295886386, 'gamma': 8.504050078933064, 'num_boost_rounds': 185}. Best is trial 186 with value: 0.017241.
2025-01-02 13:11:35 INFO     Trial 378 pruned. Trial was pruned at iteration 0.
2025-01-02 13:11:36 INFO     n_estimators: 10
2025-01-02 13:11:36 INFO     Trial 379 finished with value: 0.017143 and parameters: {'max_delta_step': 20.508071860931437, 'colsample_bytree': 0.5277507555442479, 'colsample_bynode': 0.4274096038510862, 'subsample': 0.8739283770288401, 'min_child_weight': 89.01850548790632, 'min_data_in_leaf': 19.959793593914185, 'lambda': 2.6864596578861857, 'alpha': 7.880847099365534, 'max_depth': 1, 'eta': 0.1929788975489169, 'gamma': 8.268769324968469, 'num_boost_rounds': 195}. Best is trial 186 with value: 0.017241.
2025-01-02 13:11:36 INFO     n_estimators: 10
2025-01-02 13:11:36 INFO     Trial 380 finished with value: 0.017143 and parameters: {'max_delta_step': 17.13215821749437, 'colsample_bytree': 0.5582698836888708, 'colsample_bynode': 0.2841576405602441, 'subsample': 0.8793587227122225, 'min_child_weight': 92.51512799249682, 'min_data_in_leaf': 20.656117871269693, 'lambda': 2.991782375590733, 'alpha': 7.485216004811999, 'max_depth': 1, 'eta': 0.19667670722187433, 'gamma': 2.53861670748718, 'num_boost_rounds': 190}. Best is trial 186 with value: 0.017241.
2025-01-02 13:11:37 INFO     n_estimators: 10
2025-01-02 13:11:37 INFO     Trial 381 finished with value: 0.017143 and parameters: {'max_delta_step': 24.144695533553218, 'colsample_bytree': 0.5335020397052979, 'colsample_bynode': 0.3405282062988882, 'subsample': 0.8672208708602985, 'min_child_weight': 83.92820507447895, 'min_data_in_leaf': 18.565198923089802, 'lambda': 3.378209166984023, 'alpha': 7.170401349893133, 'max_depth': 1, 'eta': 0.19986375600504286, 'gamma': 8.676004289795722, 'num_boost_rounds': 85}. Best is trial 186 with value: 0.017241.
2025-01-02 13:11:38 INFO     n_estimators: 10
2025-01-02 13:11:38 INFO     Trial 382 finished with value: 0.017088 and parameters: {'max_delta_step': 14.672158269392, 'colsample_bytree': 0.5420024674022468, 'colsample_bynode': 0.45987659308753126, 'subsample': 0.9029279965733124, 'min_child_weight': 87.26743219833197, 'min_data_in_leaf': 19.653918832363512, 'lambda': 2.2237448282191474, 'alpha': 7.691046163637474, 'max_depth': 1, 'eta': 0.18967623591604346, 'gamma': 8.45358511215834, 'num_boost_rounds': 180}. Best is trial 186 with value: 0.017241.
2025-01-02 13:11:38 INFO     Trial 383 pruned. Trial was pruned at iteration 5.
2025-01-02 13:11:39 INFO     n_estimators: 10
2025-01-02 13:11:39 INFO     Trial 384 finished with value: 0.017088 and parameters: {'max_delta_step': 21.809258410558122, 'colsample_bytree': 0.5233353158784992, 'colsample_bynode': 0.38989747737897323, 'subsample': 0.8896178810862218, 'min_child_weight': 94.47692018675848, 'min_data_in_leaf': 18.953460353117922, 'lambda': 2.807665810776271, 'alpha': 6.998623591027063, 'max_depth': 1, 'eta': 0.19367312314806392, 'gamma': 8.637802559339237, 'num_boost_rounds': 190}. Best is trial 186 with value: 0.017241.
2025-01-02 13:11:39 INFO     n_estimators: 10
2025-01-02 13:11:39 INFO     Trial 385 finished with value: 0.017143 and parameters: {'max_delta_step': 40.487025771523264, 'colsample_bytree': 0.5428407148130918, 'colsample_bynode': 0.4098249419220734, 'subsample': 0.8792653622332238, 'min_child_weight': 85.84168543728033, 'min_data_in_leaf': 20.1819506799608, 'lambda': 3.274229955633758, 'alpha': 7.354594836781865, 'max_depth': 1, 'eta': 0.19633813479530302, 'gamma': 8.184020980007652, 'num_boost_rounds': 185}. Best is trial 186 with value: 0.017241.
2025-01-02 13:11:40 INFO     n_estimators: 10
2025-01-02 13:11:40 INFO     Trial 386 finished with value: 0.017088 and parameters: {'max_delta_step': 18.075385778281934, 'colsample_bytree': 0.5137778866285281, 'colsample_bynode': 0.43607656507271414, 'subsample': 0.9010899625739471, 'min_child_weight': 89.02361598351902, 'min_data_in_leaf': 19.334578468814318, 'lambda': 3.0869774145528712, 'alpha': 7.985395011684378, 'max_depth': 1, 'eta': 0.19242851072081602, 'gamma': 6.786378165445556, 'num_boost_rounds': 175}. Best is trial 186 with value: 0.017241.
2025-01-02 13:11:41 INFO     Trial 387 pruned. Trial was pruned at iteration 5.
2025-01-02 13:11:41 INFO     n_estimators: 10
2025-01-02 13:11:41 INFO     Trial 388 finished with value: 0.017088 and parameters: {'max_delta_step': 19.719726140882464, 'colsample_bytree': 0.5557221098583829, 'colsample_bynode': 0.48205259117545185, 'subsample': 0.8890669152615203, 'min_child_weight': 91.9615617894482, 'min_data_in_leaf': 18.13607814609719, 'lambda': 2.879250795566268, 'alpha': 7.212385979805463, 'max_depth': 1, 'eta': 0.18779150601849096, 'gamma': 9.095289672609155, 'num_boost_rounds': 185}. Best is trial 186 with value: 0.017241.
2025-01-02 13:11:42 INFO     n_estimators: 10
2025-01-02 13:11:42 INFO     Trial 389 finished with value: 0.017143 and parameters: {'max_delta_step': 23.633314889592636, 'colsample_bytree': 0.531399404794522, 'colsample_bynode': 0.45005610565588045, 'subsample': 0.868185003664271, 'min_child_weight': 96.93688363600299, 'min_data_in_leaf': 21.592030425805568, 'lambda': 3.281896417159329, 'alpha': 7.478423070190813, 'max_depth': 1, 'eta': 0.19982183208873502, 'gamma': 8.826904890013228, 'num_boost_rounds': 195}. Best is trial 186 with value: 0.017241.
2025-01-02 13:11:43 INFO     n_estimators: 10
2025-01-02 13:11:43 INFO     Trial 390 finished with value: 0.017143 and parameters: {'max_delta_step': 13.678452461553302, 'colsample_bytree': 0.5467666149451982, 'colsample_bynode': 0.39934022730185664, 'subsample': 0.8776640936138231, 'min_child_weight': 87.80806438729233, 'min_data_in_leaf': 18.79200433284354, 'lambda': 2.7245581870793742, 'alpha': 6.849754790600476, 'max_depth': 1, 'eta': 0.19997051780965522, 'gamma': 8.061605650472838, 'num_boost_rounds': 170}. Best is trial 186 with value: 0.017241.
2025-01-02 13:11:43 INFO     Trial 391 pruned. Trial was pruned at iteration 0.
2025-01-02 13:11:44 INFO     n_estimators: 10
2025-01-02 13:11:44 INFO     Trial 392 finished with value: 0.017088 and parameters: {'max_delta_step': 17.474447908517032, 'colsample_bytree': 0.5344474315137119, 'colsample_bynode': 0.4197701025543564, 'subsample': 0.8948712516381099, 'min_child_weight': 84.38660999384624, 'min_data_in_leaf': 19.81294047402721, 'lambda': 3.490833496995126, 'alpha': 7.784835729707593, 'max_depth': 1, 'eta': 0.19622465711298454, 'gamma': 8.33231603773499, 'num_boost_rounds': 180}. Best is trial 186 with value: 0.017241.
2025-01-02 13:11:44 INFO     n_estimators: 10
2025-01-02 13:11:44 INFO     Trial 393 finished with value: 0.017088 and parameters: {'max_delta_step': 15.748376470775263, 'colsample_bytree': 0.5578528882132994, 'colsample_bynode': 0.465076576473177, 'subsample': 0.8843335088221161, 'min_child_weight': 89.68086351652111, 'min_data_in_leaf': 19.261593387383098, 'lambda': 3.1807739180155354, 'alpha': 7.298583158433483, 'max_depth': 1, 'eta': 0.19000566070674874, 'gamma': 7.804530368924435, 'num_boost_rounds': 185}. Best is trial 186 with value: 0.017241.
2025-01-02 13:11:45 INFO     n_estimators: 10
2025-01-02 13:11:45 INFO     Trial 394 finished with value: 0.017143 and parameters: {'max_delta_step': 18.90707632716295, 'colsample_bytree': 0.5440883503025372, 'colsample_bynode': 0.4340518513843169, 'subsample': 0.8495551258564564, 'min_child_weight': 81.09218986087886, 'min_data_in_leaf': 21.848910524772503, 'lambda': 2.9424658306250464, 'alpha': 7.654760350530481, 'max_depth': 1, 'eta': 0.19603116905011111, 'gamma': 8.657794369762124, 'num_boost_rounds': 195}. Best is trial 186 with value: 0.017241.
2025-01-02 13:11:46 INFO     n_estimators: 10
2025-01-02 13:11:46 INFO     Trial 395 finished with value: 0.017143 and parameters: {'max_delta_step': 11.60187644329308, 'colsample_bytree': 0.5088770238396947, 'colsample_bynode': 0.407095160068863, 'subsample': 0.8717378425302181, 'min_child_weight': 78.46392216262876, 'min_data_in_leaf': 23.074990486393922, 'lambda': 2.6701185816182234, 'alpha': 7.17269084927854, 'max_depth': 1, 'eta': 0.1923906769350708, 'gamma': 8.364215761066905, 'num_boost_rounds': 180}. Best is trial 186 with value: 0.017241.
2025-01-02 13:11:46 INFO     n_estimators: 10
2025-01-02 13:11:46 INFO     Trial 396 finished with value: 0.017143 and parameters: {'max_delta_step': 22.158667843414964, 'colsample_bytree': 0.5298520981394382, 'colsample_bynode': 0.4520043463222782, 'subsample': 0.8286166145213008, 'min_child_weight': 86.42204742504343, 'min_data_in_leaf': 18.38858989732009, 'lambda': 3.3904996521729283, 'alpha': 8.04063919033494, 'max_depth': 1, 'eta': 0.1998880612015505, 'gamma': 8.926964512860783, 'num_boost_rounds': 185}. Best is trial 186 with value: 0.017241.
2025-01-02 13:11:47 INFO     n_estimators: 10
2025-01-02 13:11:47 INFO     Trial 397 finished with value: 0.017088 and parameters: {'max_delta_step': 24.380132826239837, 'colsample_bytree': 0.5501616661151917, 'colsample_bynode': 0.3614625977283448, 'subsample': 0.8586404022937251, 'min_child_weight': 92.30517336550176, 'min_data_in_leaf': 19.526213413653352, 'lambda': 2.319504270290336, 'alpha': 7.428599516175515, 'max_depth': 1, 'eta': 0.1842877914913884, 'gamma': 8.50001631722115, 'num_boost_rounds': 190}. Best is trial 186 with value: 0.017241.
2025-01-02 13:11:48 INFO     n_estimators: 10
2025-01-02 13:11:48 INFO     Trial 398 finished with value: 0.017088 and parameters: {'max_delta_step': 20.114713005333723, 'colsample_bytree': 0.5360606586653183, 'colsample_bynode': 0.4404655069598647, 'subsample': 0.9031024272925853, 'min_child_weight': 94.69171983525698, 'min_data_in_leaf': 21.04603007764684, 'lambda': 3.0333480479055344, 'alpha': 7.023309163607257, 'max_depth': 1, 'eta': 0.19657455939010074, 'gamma': 8.253166499926419, 'num_boost_rounds': 175}. Best is trial 186 with value: 0.017241.
2025-01-02 13:11:48 INFO     Trial 399 pruned. Trial was pruned at iteration 0.
2025-01-02 13:11:49 INFO     Trial 400 pruned. Trial was pruned at iteration 5.
2025-01-02 13:11:49 INFO     Trial 401 pruned. Trial was pruned at iteration 5.
2025-01-02 13:11:49 INFO     Trial 402 pruned. Trial was pruned at iteration 0.
2025-01-02 13:11:50 INFO     Trial 403 pruned. Trial was pruned at iteration 5.
2025-01-02 13:11:51 INFO     n_estimators: 10
2025-01-02 13:11:51 INFO     Trial 404 finished with value: 0.017139 and parameters: {'max_delta_step': 17.20100030934213, 'colsample_bytree': 0.5385625721152252, 'colsample_bynode': 0.44427700954305666, 'subsample': 0.6157424178778339, 'min_child_weight': 87.52662398776882, 'min_data_in_leaf': 18.006700755838743, 'lambda': 3.0533254775994885, 'alpha': 6.7598862128778645, 'max_depth': 1, 'eta': 0.1960983509455442, 'gamma': 8.794461984228587, 'num_boost_rounds': 195}. Best is trial 186 with value: 0.017241.
2025-01-02 13:11:51 INFO     n_estimators: 10
2025-01-02 13:11:51 INFO     Trial 405 finished with value: 0.017143 and parameters: {'max_delta_step': 21.229194165046327, 'colsample_bytree': 0.5471678480278648, 'colsample_bynode': 0.4168168503912957, 'subsample': 0.85869119565132, 'min_child_weight': 93.31544880474009, 'min_data_in_leaf': 19.655938536433624, 'lambda': 1.9295660841483326, 'alpha': 7.065892131891337, 'max_depth': 1, 'eta': 0.18952591771157293, 'gamma': 8.231197430696954, 'num_boost_rounds': 185}. Best is trial 186 with value: 0.017241.
2025-01-02 13:11:52 INFO     Trial 406 pruned. Trial was pruned at iteration 0.
2025-01-02 13:11:52 INFO     n_estimators: 10
