2025-01-02 17:44:13 INFO     Trial 740 finished with value: 0.017241 and parameters: {'max_delta_step': 74.59003750151862, 'colsample_bytree': 0.5103541619620087, 'subsample': 0.8496099256070659, 'min_child_weight': 22.55126861049896, 'min_data_in_leaf': 17.023452329329235, 'lambda': 0.31660768245879756, 'alpha': 5.1429512800495445, 'max_depth': 1, 'eta': 0.20249004328468023, 'gamma': 4.498668997628173, 'num_boost_rounds': 15}. Best is trial 604 with value: 0.017291.
2025-01-02 17:44:14 INFO     Trial 741 pruned. Trial was pruned at iteration 0.
2025-01-02 17:44:14 INFO     Trial 742 pruned. Trial was pruned at iteration 5.
2025-01-02 17:44:15 INFO     Trial 743 finished with value: 0.017241 and parameters: {'max_delta_step': 72.54271796462058, 'colsample_bytree': 0.5239840818790337, 'subsample': 0.8416071927950107, 'min_child_weight': 29.952475607091525, 'min_data_in_leaf': 15.872083937816331, 'lambda': 0.004470003714883125, 'alpha': 6.595057272800437, 'max_depth': 1, 'eta': 0.21637841433450675, 'gamma': 5.04182184744187, 'num_boost_rounds': 75}. Best is trial 604 with value: 0.017291.
2025-01-02 17:44:16 INFO     Trial 744 finished with value: 0.017241 and parameters: {'max_delta_step': 69.90508086551871, 'colsample_bytree': 0.5327587460380638, 'subsample': 0.8672369147005486, 'min_child_weight': 27.363866367047088, 'min_data_in_leaf': 16.181473374495386, 'lambda': 0.24745934109623474, 'alpha': 5.450611660978413, 'max_depth': 1, 'eta': 0.20801877987347137, 'gamma': 4.7908785138470495, 'num_boost_rounds': 15}. Best is trial 604 with value: 0.017291.
2025-01-02 17:44:16 INFO     Trial 745 pruned. Trial was pruned at iteration 0.
2025-01-02 17:44:17 INFO     Trial 746 finished with value: 0.017241 and parameters: {'max_delta_step': 67.30242198271678, 'colsample_bytree': 0.5000940561692198, 'subsample': 0.8603668433950328, 'min_child_weight': 73.49328017704042, 'min_data_in_leaf': 16.702664262290195, 'lambda': 0.9691821672501082, 'alpha': 6.198381169931269, 'max_depth': 1, 'eta': 0.2131937405097221, 'gamma': 6.514581324762868, 'num_boost_rounds': 15}. Best is trial 604 with value: 0.017291.
2025-01-02 17:44:18 INFO     Trial 747 pruned. Trial was pruned at iteration 9.
2025-01-02 17:44:18 INFO     Trial 748 pruned. Trial was pruned at iteration 9.
2025-01-02 17:44:19 INFO     Trial 749 finished with value: 0.017241 and parameters: {'max_delta_step': 76.0391514300086, 'colsample_bytree': 0.5374602188497855, 'subsample': 0.8429340134063156, 'min_child_weight': 14.248532060439258, 'min_data_in_leaf': 16.36568273689819, 'lambda': 0.608696977657349, 'alpha': 5.991526327292918, 'max_depth': 1, 'eta': 0.20548433571417385, 'gamma': 5.609113318095284, 'num_boost_rounds': 25}. Best is trial 604 with value: 0.017291.
2025-01-02 17:44:20 INFO     Trial 750 pruned. Trial was pruned at iteration 9.
2025-01-02 17:44:20 INFO     Trial 751 finished with value: 0.017241 and parameters: {'max_delta_step': 64.46776666171486, 'colsample_bytree': 0.5280839778191473, 'subsample': 0.85127984396704, 'min_child_weight': 17.403688673008215, 'min_data_in_leaf': 17.961379867911162, 'lambda': 0.4468164837146144, 'alpha': 5.199642535553655, 'max_depth': 1, 'eta': 0.21196651702682107, 'gamma': 5.212311101442087, 'num_boost_rounds': 10}. Best is trial 604 with value: 0.017291.
2025-01-02 17:44:21 INFO     Trial 752 pruned. Trial was pruned at iteration 0.
2025-01-02 17:44:22 INFO     Trial 753 finished with value: 0.017241 and parameters: {'max_delta_step': 72.05947289630818, 'colsample_bytree': 0.5001626543855038, 'subsample': 0.858775619102859, 'min_child_weight': 26.863112196845613, 'min_data_in_leaf': 15.973488809831478, 'lambda': 0.6996320286573392, 'alpha': 6.681959369758063, 'max_depth': 1, 'eta': 0.2083122664767369, 'gamma': 5.47984099901487, 'num_boost_rounds': 130}. Best is trial 604 with value: 0.017291.
2025-01-02 17:44:22 INFO     Trial 754 pruned. Trial was pruned at iteration 9.
2025-01-02 17:44:23 INFO     Trial 755 pruned. Trial was pruned at iteration 5.
2025-01-02 17:44:24 INFO     Trial 756 pruned. Trial was pruned at iteration 9.
2025-01-02 17:44:24 INFO     Trial 757 finished with value: 0.017241 and parameters: {'max_delta_step': 68.15086138080942, 'colsample_bytree': 0.5423641742803391, 'subsample': 0.8674708827868564, 'min_child_weight': 21.135281543125803, 'min_data_in_leaf': 16.241096093844607, 'lambda': 0.7999830862137776, 'alpha': 6.365556400238504, 'max_depth': 1, 'eta': 0.21457818731791561, 'gamma': 6.219301888865414, 'num_boost_rounds': 55}. Best is trial 604 with value: 0.017291.
2025-01-02 17:44:25 INFO     Trial 758 pruned. Trial was pruned at iteration 9.
2025-01-02 17:44:26 INFO     Trial 759 pruned. Trial was pruned at iteration 9.
2025-01-02 17:44:26 INFO     Trial 760 finished with value: 0.017241 and parameters: {'max_delta_step': 70.42308748378726, 'colsample_bytree': 0.5255225893822916, 'subsample': 0.8310389410577621, 'min_child_weight': 20.31789227414596, 'min_data_in_leaf': 16.783890747575924, 'lambda': 0.5899822442494639, 'alpha': 5.697233399119426, 'max_depth': 1, 'eta': 0.20505854042408989, 'gamma': 4.847761150304224, 'num_boost_rounds': 20}. Best is trial 604 with value: 0.017291.
2025-01-02 17:44:27 INFO     Trial 761 finished with value: 0.017241 and parameters: {'max_delta_step': 56.61346329417735, 'colsample_bytree': 0.5000443376576138, 'subsample': 0.8982353888754453, 'min_child_weight': 33.26204685656986, 'min_data_in_leaf': 10.573658864732813, 'lambda': 1.0895961249110084, 'alpha': 5.929624667871619, 'max_depth': 1, 'eta': 0.21016924776585136, 'gamma': 6.032430757768006, 'num_boost_rounds': 15}. Best is trial 604 with value: 0.017291.
2025-01-02 17:44:28 INFO     Trial 762 pruned. Trial was pruned at iteration 9.
2025-01-02 17:44:28 INFO     Trial 763 pruned. Trial was pruned at iteration 5.
2025-01-02 17:44:29 INFO     Trial 764 pruned. Trial was pruned at iteration 0.
2025-01-02 17:44:30 INFO     Trial 765 finished with value: 0.017241 and parameters: {'max_delta_step': 67.5860422861448, 'colsample_bytree': 0.5306790478801134, 'subsample': 0.9124942531160322, 'min_child_weight': 28.535597230402928, 'min_data_in_leaf': 15.664031503574792, 'lambda': 0.5159929556023131, 'alpha': 5.573603705091157, 'max_depth': 1, 'eta': 0.21228285181921022, 'gamma': 5.52778191143214, 'num_boost_rounds': 10}. Best is trial 604 with value: 0.017291.
2025-01-02 17:44:30 INFO     Trial 766 pruned. Trial was pruned at iteration 9.
2025-01-02 17:44:31 INFO     Trial 767 pruned. Trial was pruned at iteration 9.
2025-01-02 17:44:32 INFO     Trial 768 pruned. Trial was pruned at iteration 5.
2025-01-02 17:44:32 INFO     Trial 769 finished with value: 0.017241 and parameters: {'max_delta_step': 69.01581493324412, 'colsample_bytree': 0.5404840282357064, 'subsample': 0.8761343020390501, 'min_child_weight': 21.42432927597381, 'min_data_in_leaf': 16.14662869088914, 'lambda': 0.16683712595427067, 'alpha': 6.029748024289515, 'max_depth': 1, 'eta': 0.21571939740475332, 'gamma': 6.468110070104982, 'num_boost_rounds': 80}. Best is trial 604 with value: 0.017291.
2025-01-02 17:44:33 INFO     Trial 770 pruned. Trial was pruned at iteration 0.
2025-01-02 17:44:33 INFO     Trial 771 pruned. Trial was pruned at iteration 9.
2025-01-02 17:44:34 INFO     Trial 772 pruned. Trial was pruned at iteration 0.
2025-01-02 17:44:34 INFO     Trial 773 finished with value: 0.017241 and parameters: {'max_delta_step': 73.98186165635057, 'colsample_bytree': 0.5324957495463947, 'subsample': 0.8592128177421308, 'min_child_weight': 23.46344219578524, 'min_data_in_leaf': 15.892292435993411, 'lambda': 0.7536311933247535, 'alpha': 6.562195405903504, 'max_depth': 1, 'eta': 0.20768868389903133, 'gamma': 5.339106054450212, 'num_boost_rounds': 15}. Best is trial 604 with value: 0.017291.
2025-01-02 17:44:35 INFO     Trial 774 pruned. Trial was pruned at iteration 0.
2025-01-02 17:44:36 INFO     Trial 775 finished with value: 0.017291 and parameters: {'max_delta_step': 58.54229197923932, 'colsample_bytree': 0.5242231628520951, 'subsample': 0.8222687159198683, 'min_child_weight': 22.08343214944892, 'min_data_in_leaf': 17.031113663866655, 'lambda': 0.4448174691873113, 'alpha': 5.483098605125932, 'max_depth': 1, 'eta': 0.2182046831665324, 'gamma': 6.1712662060235095, 'num_boost_rounds': 15}. Best is trial 604 with value: 0.017291.
2025-01-02 17:44:36 INFO     Trial 776 pruned. Trial was pruned at iteration 0.
2025-01-02 17:44:37 INFO     Trial 777 pruned. Trial was pruned at iteration 9.
2025-01-02 17:44:37 INFO     Trial 778 pruned. Trial was pruned at iteration 9.
2025-01-02 17:44:38 INFO     Trial 779 pruned. Trial was pruned at iteration 9.
2025-01-02 17:44:39 INFO     Trial 780 finished with value: 0.017241 and parameters: {'max_delta_step': 70.52345066421628, 'colsample_bytree': 0.523210222903534, 'subsample': 0.8315154378800872, 'min_child_weight': 19.786850601237855, 'min_data_in_leaf': 17.01910128169264, 'lambda': 0.7642046588382765, 'alpha': 5.167842066092847, 'max_depth': 1, 'eta': 0.2085962511840666, 'gamma': 6.118401045693391, 'num_boost_rounds': 170}. Best is trial 604 with value: 0.017291.
2025-01-02 17:44:39 INFO     Trial 781 pruned. Trial was pruned at iteration 9.
2025-01-02 17:44:40 INFO     Trial 782 finished with value: 0.017241 and parameters: {'max_delta_step': 63.84388629662471, 'colsample_bytree': 0.5183618956463621, 'subsample': 0.8753034151803661, 'min_child_weight': 32.441894059304566, 'min_data_in_leaf': 16.680880573619024, 'lambda': 0.6587689813734523, 'alpha': 5.76117665107904, 'max_depth': 1, 'eta': 0.21381473587783076, 'gamma': 5.818181108122933, 'num_boost_rounds': 10}. Best is trial 604 with value: 0.017291.
2025-01-02 17:44:41 INFO     Trial 783 pruned. Trial was pruned at iteration 5.
2025-01-02 17:44:41 INFO     Trial 784 pruned. Trial was pruned at iteration 9.
2025-01-02 17:44:42 INFO     Trial 785 pruned. Trial was pruned at iteration 0.
2025-01-02 17:44:43 INFO     Trial 786 finished with value: 0.017241 and parameters: {'max_delta_step': 65.39642590227047, 'colsample_bytree': 0.5222158948182588, 'subsample': 0.8662678368644154, 'min_child_weight': 29.651008295866724, 'min_data_in_leaf': 17.826515510335504, 'lambda': 0.9908572737689281, 'alpha': 5.567497771587185, 'max_depth': 1, 'eta': 0.20936763373737174, 'gamma': 5.659414577716148, 'num_boost_rounds': 10}. Best is trial 604 with value: 0.017291.
2025-01-02 17:44:43 INFO     Trial 787 pruned. Trial was pruned at iteration 5.
2025-01-02 17:44:44 INFO     Trial 788 pruned. Trial was pruned at iteration 9.
2025-01-02 17:44:44 INFO     Trial 789 pruned. Trial was pruned at iteration 5.
2025-01-02 17:44:45 INFO     Trial 790 finished with value: 0.017241 and parameters: {'max_delta_step': 63.97488430026235, 'colsample_bytree': 0.5148903448194825, 'subsample': 0.8406419638507245, 'min_child_weight': 23.668496667077793, 'min_data_in_leaf': 17.43885166364887, 'lambda': 0.4090263116298853, 'alpha': 5.062225511729458, 'max_depth': 1, 'eta': 0.20628631011347168, 'gamma': 5.525376541572806, 'num_boost_rounds': 10}. Best is trial 604 with value: 0.017291.
2025-01-02 17:44:46 INFO     Trial 791 pruned. Trial was pruned at iteration 9.
2025-01-02 17:44:46 INFO     Trial 792 finished with value: 0.017241 and parameters: {'max_delta_step': 73.28914840820536, 'colsample_bytree': 0.5176873955518595, 'subsample': 0.8660335516257409, 'min_child_weight': 28.1806599740712, 'min_data_in_leaf': 16.1953153748608, 'lambda': 0.270100130518526, 'alpha': 6.12230184386196, 'max_depth': 1, 'eta': 0.2169558444737602, 'gamma': 6.424175504497208, 'num_boost_rounds': 25}. Best is trial 604 with value: 0.017291.
2025-01-02 17:44:47 INFO     Trial 793 pruned. Trial was pruned at iteration 5.
2025-01-02 17:44:48 INFO     Trial 794 pruned. Trial was pruned at iteration 9.
2025-01-02 17:44:48 INFO     Trial 795 pruned. Trial was pruned at iteration 5.
2025-01-02 17:44:49 INFO     Trial 796 finished with value: 0.017241 and parameters: {'max_delta_step': 77.21127314277571, 'colsample_bytree': 0.5227299756384827, 'subsample': 0.8454307877306858, 'min_child_weight': 31.55675205770469, 'min_data_in_leaf': 15.781974992668454, 'lambda': 0.013093801472229771, 'alpha': 5.407166673404487, 'max_depth': 1, 'eta': 0.20044503216427612, 'gamma': 5.734732720074634, 'num_boost_rounds': 20}. Best is trial 604 with value: 0.017291.
2025-01-02 17:44:50 INFO     Trial 797 pruned. Trial was pruned at iteration 9.
2025-01-02 17:44:50 INFO     Trial 798 pruned. Trial was pruned at iteration 9.
2025-01-02 17:44:51 INFO     Trial 799 pruned. Trial was pruned at iteration 9.
2025-01-02 17:44:52 INFO     Trial 800 pruned. Trial was pruned at iteration 5.
2025-01-02 17:44:52 INFO     Trial 801 pruned. Trial was pruned at iteration 5.
2025-01-02 17:44:53 INFO     Trial 802 pruned. Trial was pruned at iteration 0.
2025-01-02 17:44:53 INFO     Trial 803 pruned. Trial was pruned at iteration 5.
2025-01-02 17:44:54 INFO     Trial 804 pruned. Trial was pruned at iteration 9.
2025-01-02 17:44:55 INFO     Trial 805 pruned. Trial was pruned at iteration 9.
2025-01-02 17:44:55 INFO     Trial 806 finished with value: 0.017241 and parameters: {'max_delta_step': 64.32784572728393, 'colsample_bytree': 0.5075906629784521, 'subsample': 0.9010052535941415, 'min_child_weight': 33.20223407337226, 'min_data_in_leaf': 16.086736147423096, 'lambda': 0.4070928772293523, 'alpha': 6.271501620624939, 'max_depth': 1, 'eta': 0.2046376393034295, 'gamma': 6.262318555589965, 'num_boost_rounds': 20}. Best is trial 604 with value: 0.017291.
2025-01-02 17:44:56 INFO     Trial 807 finished with value: 0.017241 and parameters: {'max_delta_step': 73.27697613928598, 'colsample_bytree': 0.5002458209846518, 'subsample': 0.8518012975086386, 'min_child_weight': 24.586291575106696, 'min_data_in_leaf': 15.615883691624225, 'lambda': 0.6506693591923052, 'alpha': 5.881266520375198, 'max_depth': 1, 'eta': 0.21228315173370005, 'gamma': 6.7445433966121175, 'num_boost_rounds': 10}. Best is trial 604 with value: 0.017291.
2025-01-02 17:44:57 INFO     Trial 808 pruned. Trial was pruned at iteration 0.
2025-01-02 17:44:57 INFO     Trial 809 pruned. Trial was pruned at iteration 9.
2025-01-02 17:44:58 INFO     Trial 810 pruned. Trial was pruned at iteration 6.
2025-01-02 17:44:59 INFO     Trial 811 pruned. Trial was pruned at iteration 5.
2025-01-02 17:44:59 INFO     Trial 812 pruned. Trial was pruned at iteration 9.
2025-01-02 17:45:00 INFO     Trial 813 finished with value: 0.017241 and parameters: {'max_delta_step': 73.60889257892734, 'colsample_bytree': 0.5092673565540317, 'subsample': 0.8917758231101428, 'min_child_weight': 24.468563704406, 'min_data_in_leaf': 16.377623661671805, 'lambda': 0.48335158545837953, 'alpha': 6.46525341898693, 'max_depth': 1, 'eta': 0.21679410877451946, 'gamma': 5.351199040922062, 'num_boost_rounds': 25}. Best is trial 604 with value: 0.017291.
2025-01-02 17:45:01 INFO     Trial 814 finished with value: 0.017241 and parameters: {'max_delta_step': 64.35305689079068, 'colsample_bytree': 0.5464536513295695, 'subsample': 0.8498883342042325, 'min_child_weight': 9.108674637269893, 'min_data_in_leaf': 16.920630898081107, 'lambda': 0.24090928986361448, 'alpha': 5.244176687673484, 'max_depth': 1, 'eta': 0.20777094108897937, 'gamma': 6.339372991643695, 'num_boost_rounds': 15}. Best is trial 604 with value: 0.017291.
2025-01-02 17:45:01 INFO     Trial 815 pruned. Trial was pruned at iteration 9.
2025-01-02 17:45:02 INFO     Trial 816 finished with value: 0.017241 and parameters: {'max_delta_step': 50.4072438565055, 'colsample_bytree': 0.5003636212290786, 'subsample': 0.8817066732074431, 'min_child_weight': 27.51290876403086, 'min_data_in_leaf': 15.607405206551926, 'lambda': 0.0008257430655806974, 'alpha': 5.490251029047263, 'max_depth': 1, 'eta': 0.21402556641068055, 'gamma': 5.987529072665268, 'num_boost_rounds': 10}. Best is trial 604 with value: 0.017291.
2025-01-02 17:45:02 INFO     Trial 817 pruned. Trial was pruned at iteration 0.
2025-01-02 17:45:03 INFO     Trial 818 pruned. Trial was pruned at iteration 9.
2025-01-02 17:45:04 INFO     Trial 819 pruned. Trial was pruned at iteration 5.
2025-01-02 17:45:04 INFO     Trial 820 finished with value: 0.017241 and parameters: {'max_delta_step': 61.150075434878005, 'colsample_bytree': 0.5231604528136812, 'subsample': 0.8617292266078492, 'min_child_weight': 20.228587299093817, 'min_data_in_leaf': 15.16761412022195, 'lambda': 0.4454791457396177, 'alpha': 4.52754274983638, 'max_depth': 1, 'eta': 0.21743461234960193, 'gamma': 5.205772865614178, 'num_boost_rounds': 10}. Best is trial 604 with value: 0.017291.
2025-01-02 17:45:05 INFO     Trial 821 pruned. Trial was pruned at iteration 5.
2025-01-02 17:45:05 INFO     Trial 822 finished with value: 0.017241 and parameters: {'max_delta_step': 75.09330435600664, 'colsample_bytree': 0.5164926844477947, 'subsample': 0.8782116964306429, 'min_child_weight': 18.600176372507843, 'min_data_in_leaf': 15.83589789774863, 'lambda': 0.7750184867608636, 'alpha': 6.466559534450094, 'max_depth': 1, 'eta': 0.209917850126483, 'gamma': 5.643270658369717, 'num_boost_rounds': 20}. Best is trial 604 with value: 0.017291.
2025-01-02 17:45:06 INFO     Trial 823 pruned. Trial was pruned at iteration 9.
2025-01-02 17:45:07 INFO     Trial 824 pruned. Trial was pruned at iteration 9.
2025-01-02 17:45:08 INFO     Trial 825 finished with value: 0.017241 and parameters: {'max_delta_step': 54.6825164018043, 'colsample_bytree': 0.5240183690331065, 'subsample': 0.8710901710223579, 'min_child_weight': 61.54820774181299, 'min_data_in_leaf': 17.85143816695491, 'lambda': 0.467359088995786, 'alpha': 5.601589558127568, 'max_depth': 1, 'eta': 0.2119782560582836, 'gamma': 5.56254740657776, 'num_boost_rounds': 115}. Best is trial 604 with value: 0.017291.
2025-01-02 17:45:08 INFO     Trial 826 pruned. Trial was pruned at iteration 9.
2025-01-02 17:45:09 INFO     Trial 827 pruned. Trial was pruned at iteration 6.
2025-01-02 17:45:10 INFO     Trial 828 pruned. Trial was pruned at iteration 9.
2025-01-02 17:45:10 INFO     Trial 829 pruned. Trial was pruned at iteration 0.
2025-01-02 17:45:11 INFO     Trial 830 finished with value: 0.017241 and parameters: {'max_delta_step': 67.43445982801829, 'colsample_bytree': 0.5005199519629654, 'subsample': 0.854959234658256, 'min_child_weight': 19.14508039152115, 'min_data_in_leaf': 14.986711666597245, 'lambda': 0.15488780524922335, 'alpha': 6.325121666233813, 'max_depth': 1, 'eta': 0.20535776268672376, 'gamma': 5.849631498744304, 'num_boost_rounds': 15}. Best is trial 604 with value: 0.017291.
2025-01-02 17:45:12 INFO     Trial 831 pruned. Trial was pruned at iteration 9.
2025-01-02 17:45:12 INFO     Trial 832 finished with value: 0.017241 and parameters: {'max_delta_step': 71.20888780388553, 'colsample_bytree': 0.5315367138607104, 'subsample': 0.8630591861515284, 'min_child_weight': 21.067136589801144, 'min_data_in_leaf': 14.518050429722603, 'lambda': 0.4816733218928379, 'alpha': 5.47277807573131, 'max_depth': 1, 'eta': 0.2091220872028001, 'gamma': 5.445982394434969, 'num_boost_rounds': 65}. Best is trial 604 with value: 0.017291.
2025-01-02 17:45:13 INFO     Trial 833 pruned. Trial was pruned at iteration 9.
2025-01-02 17:45:13 INFO     Trial 834 pruned. Trial was pruned at iteration 0.
2025-01-02 17:45:14 INFO     Trial 835 pruned. Trial was pruned at iteration 9.
2025-01-02 17:45:15 INFO     Trial 836 finished with value: 0.017241 and parameters: {'max_delta_step': 74.99251836870798, 'colsample_bytree': 0.5349408243268922, 'subsample': 0.8454043857117977, 'min_child_weight': 29.483828504795476, 'min_data_in_leaf': 17.528659922084415, 'lambda': 0.33059967897590076, 'alpha': 5.767526498986479, 'max_depth': 1, 'eta': 0.211742206068368, 'gamma': 5.013385233793738, 'num_boost_rounds': 25}. Best is trial 604 with value: 0.017291.
2025-01-02 17:45:15 INFO     Trial 837 finished with value: 0.017241 and parameters: {'max_delta_step': 60.69978628353873, 'colsample_bytree': 0.52243486055593, 'subsample': 0.8708449103714343, 'min_child_weight': 22.677046892107704, 'min_data_in_leaf': 17.064549274273745, 'lambda': 0.6487858376611275, 'alpha': 4.6491253582372, 'max_depth': 1, 'eta': 0.2168253871867244, 'gamma': 5.904055571810056, 'num_boost_rounds': 10}. Best is trial 604 with value: 0.017291.
2025-01-02 17:45:16 INFO     Trial 838 pruned. Trial was pruned at iteration 9.
2025-01-02 17:45:17 INFO     Trial 839 pruned. Trial was pruned at iteration 5.
2025-01-02 17:45:17 INFO     Trial 840 pruned. Trial was pruned at iteration 0.
2025-01-02 17:45:17 INFO     Trial 841 pruned. Trial was pruned at iteration 0.
2025-01-02 17:45:18 INFO     Trial 842 pruned. Trial was pruned at iteration 9.
2025-01-02 17:45:19 INFO     Trial 843 pruned. Trial was pruned at iteration 5.
2025-01-02 17:45:20 INFO     Trial 844 finished with value: 0.017241 and parameters: {'max_delta_step': 66.51786740358202, 'colsample_bytree': 0.5169736622375801, 'subsample': 0.8432321904101545, 'min_child_weight': 28.404027654321546, 'min_data_in_leaf': 19.09200134361872, 'lambda': 0.49366940882999544, 'alpha': 5.1961661545248, 'max_depth': 1, 'eta': 0.20818084035818848, 'gamma': 5.606065748112827, 'num_boost_rounds': 20}. Best is trial 604 with value: 0.017291.
2025-01-02 17:45:20 INFO     Trial 845 pruned. Trial was pruned at iteration 6.
2025-01-02 17:45:21 INFO     Trial 846 finished with value: 0.017241 and parameters: {'max_delta_step': 63.14073833794738, 'colsample_bytree': 0.5341684103525093, 'subsample': 0.8523949174072812, 'min_child_weight': 26.516716681926443, 'min_data_in_leaf': 17.06811603968599, 'lambda': 0.0005578128577577524, 'alpha': 4.997996472085951, 'max_depth': 1, 'eta': 0.21620396627757069, 'gamma': 9.249556837540451, 'num_boost_rounds': 25}. Best is trial 604 with value: 0.017291.
2025-01-02 17:45:22 INFO     Trial 847 pruned. Trial was pruned at iteration 9.
