2025-01-02 13:16:15 INFO     Trial 823 finished with value: 0.017143 and parameters: {'max_delta_step': 15.273974284423772, 'colsample_bytree': 0.5537088224687068, 'colsample_bynode': 0.4198938818390506, 'subsample': 0.8700627795222223, 'min_child_weight': 88.00661286310755, 'min_data_in_leaf': 21.97680485801647, 'lambda': 2.8362746622194046, 'alpha': 7.533028016271405, 'max_depth': 1, 'eta': 0.1897515035503656, 'gamma': 5.096792432222542, 'num_boost_rounds': 195}. Best is trial 186 with value: 0.017241.
2025-01-02 13:16:16 INFO     n_estimators: 10
2025-01-02 13:16:16 INFO     Trial 824 finished with value: 0.017143 and parameters: {'max_delta_step': 20.9345570647733, 'colsample_bytree': 0.5241558688958384, 'colsample_bynode': 0.44894053661146094, 'subsample': 0.8558212268948454, 'min_child_weight': 78.92114430292307, 'min_data_in_leaf': 19.444973247286732, 'lambda': 2.460375187817437, 'alpha': 8.36211580363177, 'max_depth': 1, 'eta': 0.19995894978758427, 'gamma': 8.584072408819138, 'num_boost_rounds': 180}. Best is trial 186 with value: 0.017241.
2025-01-02 13:16:17 INFO     n_estimators: 10
2025-01-02 13:16:17 INFO     Trial 825 finished with value: 0.017088 and parameters: {'max_delta_step': 17.60387126562337, 'colsample_bytree': 0.5443580614228051, 'colsample_bynode': 0.37845774362077816, 'subsample': 0.8965936499477025, 'min_child_weight': 85.80267742139144, 'min_data_in_leaf': 10.695404737404617, 'lambda': 3.0580176357410704, 'alpha': 7.199060046411539, 'max_depth': 1, 'eta': 0.19269743784760943, 'gamma': 7.961942152721736, 'num_boost_rounds': 185}. Best is trial 186 with value: 0.017241.
2025-01-02 13:16:17 INFO     n_estimators: 10
2025-01-02 13:16:17 INFO     Trial 826 finished with value: 0.017088 and parameters: {'max_delta_step': 22.694171935531894, 'colsample_bytree': 0.531569427254475, 'colsample_bynode': 0.4354099902187954, 'subsample': 0.8830563701101967, 'min_child_weight': 96.68583395083215, 'min_data_in_leaf': 20.3192498680178, 'lambda': 3.345280856960389, 'alpha': 7.65192962684515, 'max_depth': 1, 'eta': 0.1959826269193389, 'gamma': 8.343500195149888, 'num_boost_rounds': 120}. Best is trial 186 with value: 0.017241.
2025-01-02 13:16:18 INFO     Trial 827 pruned. Trial was pruned at iteration 5.
2025-01-02 13:16:19 INFO     n_estimators: 10
2025-01-02 13:16:19 INFO     Trial 828 finished with value: 0.017241 and parameters: {'max_delta_step': 12.46224203406701, 'colsample_bytree': 0.5600994883310346, 'colsample_bynode': 0.465962714774544, 'subsample': 0.8756013685933239, 'min_child_weight': 89.48325645678273, 'min_data_in_leaf': 21.22423453374333, 'lambda': 2.9768113434992394, 'alpha': 7.353177438444699, 'max_depth': 1, 'eta': 0.19988461537430685, 'gamma': 8.744016715493748, 'num_boost_rounds': 175}. Best is trial 186 with value: 0.017241.
2025-01-02 13:16:19 INFO     Trial 829 pruned. Trial was pruned at iteration 0.
2025-01-02 13:16:20 INFO     n_estimators: 10
2025-01-02 13:16:20 INFO     Trial 830 finished with value: 0.017143 and parameters: {'max_delta_step': 19.95155038013666, 'colsample_bytree': 0.5368490705943211, 'colsample_bynode': 0.39106262360675337, 'subsample': 0.8117683128529096, 'min_child_weight': 42.35423001305891, 'min_data_in_leaf': 18.16361801141117, 'lambda': 2.0449076020841206, 'alpha': 9.58583553365239, 'max_depth': 1, 'eta': 0.1960945047437892, 'gamma': 8.280395258756862, 'num_boost_rounds': 185}. Best is trial 186 with value: 0.017241.
2025-01-02 13:16:21 INFO     n_estimators: 10
2025-01-02 13:16:21 INFO     Trial 831 finished with value: 0.017088 and parameters: {'max_delta_step': 25.772016341383953, 'colsample_bytree': 0.5491622317987807, 'colsample_bynode': 0.4486092695165299, 'subsample': 0.8894395002638279, 'min_child_weight': 87.47204669393123, 'min_data_in_leaf': 20.773036911488923, 'lambda': 3.155100486473597, 'alpha': 7.845304680014276, 'max_depth': 1, 'eta': 0.19082726373904135, 'gamma': 8.764806137744824, 'num_boost_rounds': 175}. Best is trial 186 with value: 0.017241.
2025-01-02 13:16:21 INFO     n_estimators: 10
2025-01-02 13:16:21 INFO     Trial 832 finished with value: 0.017088 and parameters: {'max_delta_step': 23.623853266850297, 'colsample_bytree': 0.52981536910255, 'colsample_bynode': 0.4350446597496806, 'subsample': 0.8482855122811037, 'min_child_weight': 49.82973278284892, 'min_data_in_leaf': 19.300475043062637, 'lambda': 3.8495752277645607, 'alpha': 7.458879334850221, 'max_depth': 1, 'eta': 0.1962298081022379, 'gamma': 7.67968697693091, 'num_boost_rounds': 40}. Best is trial 186 with value: 0.017241.
2025-01-02 13:16:22 INFO     Trial 833 pruned. Trial was pruned at iteration 5.
2025-01-02 13:16:23 INFO     n_estimators: 10
2025-01-02 13:16:23 INFO     Trial 834 finished with value: 0.017143 and parameters: {'max_delta_step': 17.58144624649542, 'colsample_bytree': 0.5411483922897922, 'colsample_bynode': 0.40465794761811597, 'subsample': 0.8720638022461047, 'min_child_weight': 91.23880399828482, 'min_data_in_leaf': 16.66600091184705, 'lambda': 3.3890994361169127, 'alpha': 8.220160764268025, 'max_depth': 1, 'eta': 0.1933541997182664, 'gamma': 6.322329930138124, 'num_boost_rounds': 190}. Best is trial 186 with value: 0.017241.
2025-01-02 13:16:23 INFO     n_estimators: 10
2025-01-02 13:16:23 INFO     Trial 835 finished with value: 0.017241 and parameters: {'max_delta_step': 19.20749006032382, 'colsample_bytree': 0.5543589391581127, 'colsample_bynode': 0.4754004146382646, 'subsample': 0.9141279182607968, 'min_child_weight': 81.74761606219036, 'min_data_in_leaf': 19.68893595947417, 'lambda': 2.6501648694612623, 'alpha': 7.640798286673891, 'max_depth': 1, 'eta': 0.1999383789411337, 'gamma': 8.118888257789505, 'num_boost_rounds': 195}. Best is trial 186 with value: 0.017241.
2025-01-02 13:16:24 INFO     n_estimators: 10
2025-01-02 13:16:24 INFO     Trial 836 finished with value: 0.017143 and parameters: {'max_delta_step': 13.931184653008694, 'colsample_bytree': 0.5154250221201501, 'colsample_bynode': 0.4241526343192583, 'subsample': 0.8588351941190506, 'min_child_weight': 86.32543688400517, 'min_data_in_leaf': 20.364904250037863, 'lambda': 2.3596205079324037, 'alpha': 6.702244504474524, 'max_depth': 1, 'eta': 0.19998596244251057, 'gamma': 9.289840663359616, 'num_boost_rounds': 180}. Best is trial 186 with value: 0.017241.
2025-01-02 13:16:25 INFO     Trial 837 pruned. Trial was pruned at iteration 5.
2025-01-02 13:16:25 INFO     Trial 838 pruned. Trial was pruned at iteration 5.
2025-01-02 13:16:26 INFO     n_estimators: 10
2025-01-02 13:16:26 INFO     Trial 839 finished with value: 0.017143 and parameters: {'max_delta_step': 27.16945889606616, 'colsample_bytree': 0.5446682922041897, 'colsample_bynode': 0.36529199577354643, 'subsample': 0.8663268905869729, 'min_child_weight': 88.83444137863756, 'min_data_in_leaf': 15.944629608312658, 'lambda': 3.3234476184262065, 'alpha': 7.085280169457702, 'max_depth': 1, 'eta': 0.19648241367656138, 'gamma': 8.761696567775342, 'num_boost_rounds': 180}. Best is trial 186 with value: 0.017241.
2025-01-02 13:16:27 INFO     n_estimators: 10
2025-01-02 13:16:27 INFO     Trial 840 finished with value: 0.017241 and parameters: {'max_delta_step': 22.029696118470227, 'colsample_bytree': 0.564625432360271, 'colsample_bynode': 0.4427607751171442, 'subsample': 0.9044013321700471, 'min_child_weight': 63.003314048884334, 'min_data_in_leaf': 22.34331965885522, 'lambda': 3.077222319380844, 'alpha': 8.9364696336415, 'max_depth': 1, 'eta': 0.19998411677030775, 'gamma': 0.6716857139301506, 'num_boost_rounds': 195}. Best is trial 186 with value: 0.017241.
2025-01-02 13:16:27 INFO     n_estimators: 10
2025-01-02 13:16:27 INFO     Trial 841 finished with value: 0.017088 and parameters: {'max_delta_step': 16.97581077525998, 'colsample_bytree': 0.5228251818263963, 'colsample_bynode': 0.4022381512866902, 'subsample': 0.8901111109541097, 'min_child_weight': 83.63180351802568, 'min_data_in_leaf': 18.639708994071892, 'lambda': 3.691670485420269, 'alpha': 7.506893260587538, 'max_depth': 1, 'eta': 0.18960021170605618, 'gamma': 8.54448985574738, 'num_boost_rounds': 185}. Best is trial 186 with value: 0.017241.
2025-01-02 13:16:28 INFO     Trial 842 pruned. Trial was pruned at iteration 0.
2025-01-02 13:16:28 INFO     n_estimators: 10
2025-01-02 13:16:28 INFO     Trial 843 finished with value: 0.017143 and parameters: {'max_delta_step': 23.92391705535177, 'colsample_bytree': 0.5551833271134601, 'colsample_bynode': 0.4228380196382967, 'subsample': 0.8437662467512492, 'min_child_weight': 92.73240019627228, 'min_data_in_leaf': 17.46805444901088, 'lambda': 3.4928867066858107, 'alpha': 7.299396923252002, 'max_depth': 1, 'eta': 0.19290112767387427, 'gamma': 7.895971913505525, 'num_boost_rounds': 175}. Best is trial 186 with value: 0.017241.
2025-01-02 13:16:29 INFO     Trial 844 pruned. Trial was pruned at iteration 0.
2025-01-02 13:16:29 INFO     Trial 845 pruned. Trial was pruned at iteration 0.
2025-01-02 13:16:30 INFO     n_estimators: 10
2025-01-02 13:16:30 INFO     Trial 846 finished with value: 0.017143 and parameters: {'max_delta_step': 17.68780930429356, 'colsample_bytree': 0.5305772435716177, 'colsample_bynode': 0.49753683017324946, 'subsample': 0.8793264285393502, 'min_child_weight': 80.28184816015202, 'min_data_in_leaf': 20.15252999138371, 'lambda': 3.184709247833201, 'alpha': 7.158325957603603, 'max_depth': 1, 'eta': 0.19632690707995876, 'gamma': 8.399405823356396, 'num_boost_rounds': 190}. Best is trial 186 with value: 0.017241.
2025-01-02 13:16:30 INFO     n_estimators: 10
2025-01-02 13:16:30 INFO     Trial 847 finished with value: 0.017088 and parameters: {'max_delta_step': 21.524849168280863, 'colsample_bytree': 0.5007488346009505, 'colsample_bynode': 0.31828389816097813, 'subsample': 0.8694971544793263, 'min_child_weight': 94.9479230639254, 'min_data_in_leaf': 18.05851690730793, 'lambda': 3.285038721210241, 'alpha': 7.7259887263156815, 'max_depth': 1, 'eta': 0.18541760770420698, 'gamma': 9.100364894106889, 'num_boost_rounds': 180}. Best is trial 186 with value: 0.017241.
2025-01-02 13:16:31 INFO     Trial 848 pruned. Trial was pruned at iteration 5.
2025-01-02 13:16:32 INFO     n_estimators: 10
2025-01-02 13:16:32 INFO     Trial 849 finished with value: 0.017088 and parameters: {'max_delta_step': 31.117470318307337, 'colsample_bytree': 0.5417837816496902, 'colsample_bynode': 0.4542811688380873, 'subsample': 0.885523140209765, 'min_child_weight': 91.4447551257182, 'min_data_in_leaf': 21.445412503988315, 'lambda': 2.406867223573389, 'alpha': 7.331509901080668, 'max_depth': 1, 'eta': 0.19653617553748434, 'gamma': 8.642715207769115, 'num_boost_rounds': 185}. Best is trial 186 with value: 0.017241.
2025-01-02 13:16:32 INFO     n_estimators: 10
2025-01-02 13:16:32 INFO     Trial 850 finished with value: 0.017088 and parameters: {'max_delta_step': 10.059760277249376, 'colsample_bytree': 0.5187686074649859, 'colsample_bynode': 0.3969042344377854, 'subsample': 0.899613192612975, 'min_child_weight': 83.01977424127611, 'min_data_in_leaf': 24.874687211486695, 'lambda': 2.978399173713042, 'alpha': 8.537768576561371, 'max_depth': 1, 'eta': 0.19334416143533187, 'gamma': 8.234894411262017, 'num_boost_rounds': 195}. Best is trial 186 with value: 0.017241.
2025-01-02 13:16:33 INFO     Trial 851 pruned. Trial was pruned at iteration 5.
2025-01-02 13:16:34 INFO     n_estimators: 10
2025-01-02 13:16:34 INFO     Trial 852 finished with value: 0.017088 and parameters: {'max_delta_step': 16.10243350079146, 'colsample_bytree': 0.5686524730283694, 'colsample_bynode': 0.4698684118672936, 'subsample': 0.9100734857346409, 'min_child_weight': 86.61976223993791, 'min_data_in_leaf': 20.53077242453468, 'lambda': 3.464258484863151, 'alpha': 7.435260845712434, 'max_depth': 1, 'eta': 0.19071047205792288, 'gamma': 8.846357088466155, 'num_boost_rounds': 185}. Best is trial 186 with value: 0.017241.
2025-01-02 13:16:34 INFO     n_estimators: 10
2025-01-02 13:16:34 INFO     Trial 853 finished with value: 0.017143 and parameters: {'max_delta_step': 22.33246445592951, 'colsample_bytree': 0.5560812393672667, 'colsample_bynode': 0.44015195785120736, 'subsample': 0.860522582802855, 'min_child_weight': 95.23273880973753, 'min_data_in_leaf': 17.15951523901222, 'lambda': 3.1462407828140138, 'alpha': 7.95601704869679, 'max_depth': 1, 'eta': 0.19701285848900896, 'gamma': 8.505968205212033, 'num_boost_rounds': 180}. Best is trial 186 with value: 0.017241.
2025-01-02 13:16:35 INFO     n_estimators: 10
2025-01-02 13:16:35 INFO     Trial 854 finished with value: 0.017088 and parameters: {'max_delta_step': 13.16700966129195, 'colsample_bytree': 0.5360260302396836, 'colsample_bynode': 0.38104059531285206, 'subsample': 0.8860569428162565, 'min_child_weight': 90.32234022784117, 'min_data_in_leaf': 18.503919068463144, 'lambda': 2.9438206954752046, 'alpha': 7.062150675623357, 'max_depth': 1, 'eta': 0.19693956488019346, 'gamma': 8.162344131196813, 'num_boost_rounds': 170}. Best is trial 186 with value: 0.017241.
2025-01-02 13:16:36 INFO     Trial 855 pruned. Trial was pruned at iteration 0.
2025-01-02 13:16:36 INFO     Trial 856 pruned. Trial was pruned at iteration 0.
2025-01-02 13:16:37 INFO     n_estimators: 10
2025-01-02 13:16:37 INFO     Trial 857 finished with value: 0.017143 and parameters: {'max_delta_step': 20.16533304772523, 'colsample_bytree': 0.5303030404043884, 'colsample_bynode': 0.3573878924877822, 'subsample': 0.8678940298300802, 'min_child_weight': 92.83387830311874, 'min_data_in_leaf': 23.205957938276374, 'lambda': 4.133026447299641, 'alpha': 7.537731579009374, 'max_depth': 1, 'eta': 0.1998461055684198, 'gamma': 8.344951737428639, 'num_boost_rounds': 55}. Best is trial 186 with value: 0.017241.
2025-01-02 13:16:37 INFO     n_estimators: 10
2025-01-02 13:16:37 INFO     Trial 858 finished with value: 0.017241 and parameters: {'max_delta_step': 24.785189433468076, 'colsample_bytree': 0.5613324809533665, 'colsample_bynode': 0.4345322921566812, 'subsample': 0.8922504038794619, 'min_child_weight': 46.703970787811755, 'min_data_in_leaf': 19.166478640872842, 'lambda': 3.260378593920487, 'alpha': 6.3985393899630365, 'max_depth': 1, 'eta': 0.19984254884155941, 'gamma': 7.82889477957707, 'num_boost_rounds': 190}. Best is trial 186 with value: 0.017241.
2025-01-02 13:16:38 INFO     n_estimators: 10
2025-01-02 13:16:38 INFO     Trial 859 finished with value: 0.017143 and parameters: {'max_delta_step': 18.164570646788192, 'colsample_bytree': 0.5158942049092075, 'colsample_bynode': 0.40077728353859676, 'subsample': 0.879043942945553, 'min_child_weight': 96.92938622494758, 'min_data_in_leaf': 19.64027771773206, 'lambda': 2.802083307088676, 'alpha': 7.8545224376021725, 'max_depth': 1, 'eta': 0.18767190704052458, 'gamma': 7.405058746489969, 'num_boost_rounds': 195}. Best is trial 186 with value: 0.017241.
2025-01-02 13:16:39 INFO     n_estimators: 10
2025-01-02 13:16:39 INFO     Trial 860 finished with value: 0.017143 and parameters: {'max_delta_step': 21.477914842059185, 'colsample_bytree': 0.5469989240845861, 'colsample_bynode': 0.42003638687203965, 'subsample': 0.8510521590473573, 'min_child_weight': 87.87585826571046, 'min_data_in_leaf': 18.81823929006033, 'lambda': 3.653995822076588, 'alpha': 9.419245482520067, 'max_depth': 1, 'eta': 0.19350441850332353, 'gamma': 8.959610447933889, 'num_boost_rounds': 25}. Best is trial 186 with value: 0.017241.
2025-01-02 13:16:39 INFO     n_estimators: 10
2025-01-02 13:16:39 INFO     Trial 861 finished with value: 0.017088 and parameters: {'max_delta_step': 16.808724650922823, 'colsample_bytree': 0.537937291527316, 'colsample_bynode': 0.47592846956627455, 'subsample': 0.9004787362154293, 'min_child_weight': 89.84259293167165, 'min_data_in_leaf': 18.349499957925936, 'lambda': 3.3222676550030723, 'alpha': 7.3501884836318485, 'max_depth': 1, 'eta': 0.19374387284630235, 'gamma': 6.590567086449921, 'num_boost_rounds': 185}. Best is trial 186 with value: 0.017241.
2025-01-02 13:16:40 INFO     n_estimators: 10
2025-01-02 13:16:40 INFO     Trial 862 finished with value: 0.017143 and parameters: {'max_delta_step': 19.37491961509526, 'colsample_bytree': 0.5527975924273645, 'colsample_bynode': 0.4439606981720931, 'subsample': 0.8735792359478961, 'min_child_weight': 82.90964791238143, 'min_data_in_leaf': 22.777766353231158, 'lambda': 3.089211587352678, 'alpha': 3.780641933241495, 'max_depth': 1, 'eta': 0.19605833224932198, 'gamma': 8.556248537240364, 'num_boost_rounds': 180}. Best is trial 186 with value: 0.017241.
2025-01-02 13:16:41 INFO     n_estimators: 10
2025-01-02 13:16:41 INFO     Trial 863 finished with value: 0.017241 and parameters: {'max_delta_step': 23.349712502125435, 'colsample_bytree': 0.5268906291172278, 'colsample_bynode': 0.37082057694112336, 'subsample': 0.8868660084463466, 'min_child_weight': 75.85458855182475, 'min_data_in_leaf': 20.568838305371056, 'lambda': 2.875427316030475, 'alpha': 6.820622876635415, 'max_depth': 1, 'eta': 0.19977377685653433, 'gamma': 9.238934137489201, 'num_boost_rounds': 190}. Best is trial 186 with value: 0.017241.
2025-01-02 13:16:41 INFO     Trial 864 pruned. Trial was pruned at iteration 0.
2025-01-02 13:16:42 INFO     n_estimators: 10
2025-01-02 13:16:42 INFO     Trial 865 finished with value: 0.017143 and parameters: {'max_delta_step': 14.106348325972853, 'colsample_bytree': 0.5153654581715966, 'colsample_bynode': 0.42940644259096444, 'subsample': 0.8636023838405685, 'min_child_weight': 61.20582258094481, 'min_data_in_leaf': 19.30542283014016, 'lambda': 2.7025590211800052, 'alpha': 7.494688387984211, 'max_depth': 1, 'eta': 0.19323014337290137, 'gamma': 8.787187336406465, 'num_boost_rounds': 175}. Best is trial 186 with value: 0.017241.
2025-01-02 13:16:43 INFO     n_estimators: 10
2025-01-02 13:16:43 INFO     Trial 866 finished with value: 0.017088 and parameters: {'max_delta_step': 21.212956015949317, 'colsample_bytree': 0.5686998165645218, 'colsample_bynode': 0.4589897674661122, 'subsample': 0.9188917915346201, 'min_child_weight': 86.92357089978336, 'min_data_in_leaf': 19.87968337979807, 'lambda': 3.0724144029772176, 'alpha': 8.073008709323103, 'max_depth': 1, 'eta': 0.19612876770834897, 'gamma': 8.357864254542713, 'num_boost_rounds': 190}. Best is trial 186 with value: 0.017241.
2025-01-02 13:16:43 INFO     n_estimators: 10
2025-01-02 13:16:43 INFO     Trial 867 finished with value: 0.017143 and parameters: {'max_delta_step': 18.912313579814434, 'colsample_bytree': 0.5507591092355852, 'colsample_bynode': 0.3975203186032248, 'subsample': 0.8221093171183588, 'min_child_weight': 78.59924136868352, 'min_data_in_leaf': 16.288317500372216, 'lambda': 3.8029520739449185, 'alpha': 9.064228441308227, 'max_depth': 1, 'eta': 0.19997139478850218, 'gamma': 8.591757606815973, 'num_boost_rounds': 185}. Best is trial 186 with value: 0.017241.
2025-01-02 13:16:44 INFO     n_estimators: 10
2025-01-02 13:16:44 INFO     Trial 868 finished with value: 0.017143 and parameters: {'max_delta_step': 20.40774680815466, 'colsample_bytree': 0.5317154423508745, 'colsample_bynode': 0.4425318988571354, 'subsample': 0.8813568615845968, 'min_child_weight': 92.37201355057758, 'min_data_in_leaf': 17.796275777849267, 'lambda': 3.3449254636189916, 'alpha': 7.000357307267964, 'max_depth': 1, 'eta': 0.19009366184372034, 'gamma': 8.235656930690443, 'num_boost_rounds': 195}. Best is trial 186 with value: 0.017241.
2025-01-02 13:16:45 INFO     Trial 869 pruned. Trial was pruned at iteration 5.
2025-01-02 13:16:45 INFO     n_estimators: 10
2025-01-02 13:16:45 INFO     Trial 870 finished with value: 0.017241 and parameters: {'max_delta_step': 12.287665398266403, 'colsample_bytree': 0.5594296490587537, 'colsample_bynode': 0.3864971007200444, 'subsample': 0.9071318819877698, 'min_child_weight': 81.8114038669253, 'min_data_in_leaf': 20.974963963384038, 'lambda': 2.914639998691141, 'alpha': 7.272921549926147, 'max_depth': 1, 'eta': 0.19983187483589693, 'gamma': 5.645376130451702, 'num_boost_rounds': 180}. Best is trial 186 with value: 0.017241.
2025-01-02 13:16:46 INFO     n_estimators: 10
2025-01-02 13:16:46 INFO     Trial 871 finished with value: 0.017084 and parameters: {'max_delta_step': 26.461960157450076, 'colsample_bytree': 0.5429904079313583, 'colsample_bynode': 0.42358153067920323, 'subsample': 0.893877808643716, 'min_child_weight': 89.35036453393906, 'min_data_in_leaf': 20.280177351920536, 'lambda': 3.2383025393959612, 'alpha': 8.774014259641477, 'max_depth': 1, 'eta': 0.18459679471354695, 'gamma': 8.737385990262316, 'num_boost_rounds': 190}. Best is trial 186 with value: 0.017241.
2025-01-02 13:16:47 INFO     Trial 872 pruned. Trial was pruned at iteration 5.
2025-01-02 13:16:47 INFO     n_estimators: 10
2025-01-02 13:16:47 INFO     Trial 873 finished with value: 0.017143 and parameters: {'max_delta_step': 18.4677466492211, 'colsample_bytree': 0.5377189601834259, 'colsample_bynode': 0.45521287241210967, 'subsample': 0.8574595426866274, 'min_child_weight': 68.21833322967223, 'min_data_in_leaf': 19.60890769721, 'lambda': 2.7393758637011874, 'alpha': 7.44629962286234, 'max_depth': 1, 'eta': 0.19317105465030054, 'gamma': 7.983164131601997, 'num_boost_rounds': 200}. Best is trial 186 with value: 0.017241.
2025-01-02 13:16:48 INFO     n_estimators: 10
2025-01-02 13:16:48 INFO     Trial 874 finished with value: 0.017241 and parameters: {'max_delta_step': 21.382271366561778, 'colsample_bytree': 0.5460661880254978, 'colsample_bynode': 0.41070776370525747, 'subsample': 0.8812013312035714, 'min_child_weight': 86.7420334708114, 'min_data_in_leaf': 18.286826911596926, 'lambda': 2.3460692153656364, 'alpha': 6.69216790145894, 'max_depth': 1, 'eta': 0.19987162296656208, 'gamma': 3.4557165944906196, 'num_boost_rounds': 180}. Best is trial 186 with value: 0.017241.
2025-01-02 13:16:49 INFO     n_estimators: 10
