2025-01-02 13:12:24 INFO     Trial 459 finished with value: 0.017088 and parameters: {'max_delta_step': 19.519049404802868, 'colsample_bytree': 0.5366839134703218, 'colsample_bynode': 0.44164164926799393, 'subsample': 0.8643951619468415, 'min_child_weight': 87.33939508609758, 'min_data_in_leaf': 18.736524159967587, 'lambda': 3.6333507573533645, 'alpha': 7.60930213308161, 'max_depth': 1, 'eta': 0.18128254875528804, 'gamma': 8.56502862340218, 'num_boost_rounds': 185}. Best is trial 186 with value: 0.017241.
2025-01-02 13:12:25 INFO     n_estimators: 10
2025-01-02 13:12:25 INFO     Trial 460 finished with value: 0.017143 and parameters: {'max_delta_step': 15.150581425604187, 'colsample_bytree': 0.5274235254208315, 'colsample_bynode': 0.4192085818868581, 'subsample': 0.8798551897817113, 'min_child_weight': 92.3973567805504, 'min_data_in_leaf': 22.26146681361056, 'lambda': 2.8690736656422704, 'alpha': 7.311945542353711, 'max_depth': 1, 'eta': 0.19673235089906851, 'gamma': 8.23848735565711, 'num_boost_rounds': 190}. Best is trial 186 with value: 0.017241.
2025-01-02 13:12:26 INFO     n_estimators: 10
2025-01-02 13:12:26 INFO     Trial 461 finished with value: 0.017143 and parameters: {'max_delta_step': 18.282784120555046, 'colsample_bytree': 0.5448637053713202, 'colsample_bynode': 0.46156183558312325, 'subsample': 0.8537639116565553, 'min_child_weight': 89.08470881008564, 'min_data_in_leaf': 18.264589034426788, 'lambda': 0.07212114501895783, 'alpha': 8.067909257486523, 'max_depth': 1, 'eta': 0.192776214000953, 'gamma': 8.918574932652232, 'num_boost_rounds': 185}. Best is trial 186 with value: 0.017241.
2025-01-02 13:12:26 INFO     n_estimators: 10
2025-01-02 13:12:26 INFO     Trial 462 finished with value: 0.017143 and parameters: {'max_delta_step': 23.857702492256223, 'colsample_bytree': 0.5598499002892102, 'colsample_bynode': 0.43431573253088024, 'subsample': 0.8339200988106187, 'min_child_weight': 85.21588101603285, 'min_data_in_leaf': 15.608312259939304, 'lambda': 3.232288925068886, 'alpha': 7.466612139505023, 'max_depth': 1, 'eta': 0.19981898737980064, 'gamma': 8.717930638729394, 'num_boost_rounds': 180}. Best is trial 186 with value: 0.017241.
2025-01-02 13:12:27 INFO     n_estimators: 10
2025-01-02 13:12:27 INFO     Trial 463 finished with value: 0.017088 and parameters: {'max_delta_step': 20.685840520567268, 'colsample_bytree': 0.5141794917639078, 'colsample_bynode': 0.38722594865322446, 'subsample': 0.9040504821395035, 'min_child_weight': 81.8046464409538, 'min_data_in_leaf': 19.608643535652035, 'lambda': 3.015751575126145, 'alpha': 7.1191360036810565, 'max_depth': 1, 'eta': 0.18806269554007388, 'gamma': 8.436901126992986, 'num_boost_rounds': 200}. Best is trial 186 with value: 0.017241.
2025-01-02 13:12:28 INFO     n_estimators: 10
2025-01-02 13:12:28 INFO     Trial 464 finished with value: 0.017143 and parameters: {'max_delta_step': 17.293650799680524, 'colsample_bytree': 0.5361519949983122, 'colsample_bynode': 0.4060130164107567, 'subsample': 0.8009246811839256, 'min_child_weight': 88.3761079539022, 'min_data_in_leaf': 21.328703652461662, 'lambda': 2.146685320751382, 'alpha': 7.676620497810205, 'max_depth': 1, 'eta': 0.1960401225518213, 'gamma': 1.8047594353161678, 'num_boost_rounds': 195}. Best is trial 186 with value: 0.017241.
2025-01-02 13:12:28 INFO     n_estimators: 10
2025-01-02 13:12:28 INFO     Trial 465 finished with value: 0.017241 and parameters: {'max_delta_step': 12.346012678829842, 'colsample_bytree': 0.5505959685347964, 'colsample_bynode': 0.4265940561728818, 'subsample': 0.8861930883193692, 'min_child_weight': 94.07612086305592, 'min_data_in_leaf': 20.237582551059415, 'lambda': 3.472993914071474, 'alpha': 8.545677021915466, 'max_depth': 1, 'eta': 0.19989866510398527, 'gamma': 8.117681082626644, 'num_boost_rounds': 190}. Best is trial 186 with value: 0.017241.
2025-01-02 13:12:29 INFO     n_estimators: 10
2025-01-02 13:12:29 INFO     Trial 466 finished with value: 0.017143 and parameters: {'max_delta_step': 25.766116751674193, 'colsample_bytree': 0.5252222525726841, 'colsample_bynode': 0.45722558318784023, 'subsample': 0.8715559528482377, 'min_child_weight': 98.51727134027581, 'min_data_in_leaf': 19.125559907094978, 'lambda': 2.6970082530135233, 'alpha': 7.348509130102616, 'max_depth': 1, 'eta': 0.19293634451250213, 'gamma': 8.604242959377379, 'num_boost_rounds': 180}. Best is trial 186 with value: 0.017241.
2025-01-02 13:12:30 INFO     n_estimators: 10
2025-01-02 13:12:30 INFO     Trial 467 finished with value: 0.017088 and parameters: {'max_delta_step': 19.4057582305049, 'colsample_bytree': 0.5399090445347677, 'colsample_bynode': 0.346416813338766, 'subsample': 0.8920240378479003, 'min_child_weight': 90.57498939960094, 'min_data_in_leaf': 21.704196721439473, 'lambda': 3.2826670275301457, 'alpha': 7.828522264063919, 'max_depth': 1, 'eta': 0.19642671493915856, 'gamma': 8.83667622476911, 'num_boost_rounds': 175}. Best is trial 186 with value: 0.017241.
2025-01-02 13:12:30 INFO     n_estimators: 10
2025-01-02 13:12:30 INFO     Trial 468 finished with value: 0.017143 and parameters: {'max_delta_step': 22.452078323109824, 'colsample_bytree': 0.5088728562773769, 'colsample_bynode': 0.4444132731725305, 'subsample': 0.8793043246532748, 'min_child_weight': 84.62197161320296, 'min_data_in_leaf': 20.888731636392947, 'lambda': 2.9483109032584385, 'alpha': 6.893133370935072, 'max_depth': 1, 'eta': 0.19143789358877503, 'gamma': 6.634174800990302, 'num_boost_rounds': 185}. Best is trial 186 with value: 0.017241.
2025-01-02 13:12:31 INFO     n_estimators: 10
2025-01-02 13:12:31 INFO     Trial 469 finished with value: 0.017143 and parameters: {'max_delta_step': 15.654441528475624, 'colsample_bytree': 0.5525154897190871, 'colsample_bynode': 0.4767928805398738, 'subsample': 0.8630446228667304, 'min_child_weight': 86.66240708786626, 'min_data_in_leaf': 20.003098561555113, 'lambda': 2.5004687186979657, 'alpha': 7.570088437716078, 'max_depth': 1, 'eta': 0.19999243105254558, 'gamma': 7.042589523463787, 'num_boost_rounds': 190}. Best is trial 186 with value: 0.017241.
2025-01-02 13:12:32 INFO     n_estimators: 10
2025-01-02 13:12:32 INFO     Trial 470 finished with value: 0.017084 and parameters: {'max_delta_step': 17.385305514305273, 'colsample_bytree': 0.5312198128441877, 'colsample_bynode': 0.41230925606807844, 'subsample': 0.896303098194819, 'min_child_weight': 80.10579363664864, 'min_data_in_leaf': 17.630096517438695, 'lambda': 3.189008673091379, 'alpha': 7.182877236271665, 'max_depth': 1, 'eta': 0.18654134715970022, 'gamma': 4.692424753272379, 'num_boost_rounds': 185}. Best is trial 186 with value: 0.017241.
2025-01-02 13:12:32 INFO     n_estimators: 10
2025-01-02 13:12:32 INFO     Trial 471 finished with value: 0.017143 and parameters: {'max_delta_step': 54.529769224158656, 'colsample_bytree': 0.5631739746064162, 'colsample_bynode': 0.39013746488723544, 'subsample': 0.8714391653622579, 'min_child_weight': 93.2068293551624, 'min_data_in_leaf': 18.54176467222116, 'lambda': 3.6608206186918846, 'alpha': 6.574602070319361, 'max_depth': 1, 'eta': 0.19590856379354277, 'gamma': 8.342904520634095, 'num_boost_rounds': 170}. Best is trial 186 with value: 0.017241.
2025-01-02 13:12:33 INFO     n_estimators: 10
2025-01-02 13:12:33 INFO     Trial 472 finished with value: 0.017088 and parameters: {'max_delta_step': 20.494370968380238, 'colsample_bytree': 0.5419661606050107, 'colsample_bynode': 0.36217029600856154, 'subsample': 0.8429845263200144, 'min_child_weight': 96.31755178788922, 'min_data_in_leaf': 19.345608813094504, 'lambda': 2.782965450475171, 'alpha': 7.424831669056282, 'max_depth': 1, 'eta': 0.19607112186756792, 'gamma': 7.949409527516503, 'num_boost_rounds': 195}. Best is trial 186 with value: 0.017241.
2025-01-02 13:12:33 INFO     Trial 473 pruned. Trial was pruned at iteration 5.
2025-01-02 13:12:34 INFO     n_estimators: 10
2025-01-02 13:12:34 INFO     Trial 474 finished with value: 0.017241 and parameters: {'max_delta_step': 19.14413417875461, 'colsample_bytree': 0.519314557694945, 'colsample_bynode': 0.4200297076247421, 'subsample': 0.883494002305358, 'min_child_weight': 89.02745922513417, 'min_data_in_leaf': 19.128437264463535, 'lambda': 3.355505951918122, 'alpha': 8.18847850342789, 'max_depth': 1, 'eta': 0.19998236162655642, 'gamma': 7.555003860933688, 'num_boost_rounds': 190}. Best is trial 186 with value: 0.017241.
2025-01-02 13:12:35 INFO     Trial 475 pruned. Trial was pruned at iteration 0.
2025-01-02 13:12:35 INFO     n_estimators: 10
2025-01-02 13:12:35 INFO     Trial 476 finished with value: 0.017088 and parameters: {'max_delta_step': 71.44178459814219, 'colsample_bytree': 0.5510995181223463, 'colsample_bynode': 0.45028180014131536, 'subsample': 0.9124557702534924, 'min_child_weight': 86.00990033421002, 'min_data_in_leaf': 18.249581826088406, 'lambda': 3.147918470041742, 'alpha': 7.013769302927996, 'max_depth': 1, 'eta': 0.18898085035190154, 'gamma': 8.250202906352621, 'num_boost_rounds': 175}. Best is trial 186 with value: 0.017241.
2025-01-02 13:12:36 INFO     n_estimators: 10
2025-01-02 13:12:36 INFO     Trial 477 finished with value: 0.017143 and parameters: {'max_delta_step': 16.929216625100345, 'colsample_bytree': 0.5407165213462899, 'colsample_bynode': 0.39973470342603545, 'subsample': 0.875510043935729, 'min_child_weight': 71.11043843887303, 'min_data_in_leaf': 18.739102825811777, 'lambda': 2.667070828060643, 'alpha': 7.247304816591128, 'max_depth': 1, 'eta': 0.1933429182538241, 'gamma': 8.701687080540271, 'num_boost_rounds': 185}. Best is trial 186 with value: 0.017241.
2025-01-02 13:12:37 INFO     n_estimators: 10
2025-01-02 13:12:37 INFO     Trial 478 finished with value: 0.017241 and parameters: {'max_delta_step': 13.52742235271755, 'colsample_bytree': 0.5621951200707122, 'colsample_bynode': 0.4883661614306051, 'subsample': 0.8933430251797833, 'min_child_weight': 87.2044007872999, 'min_data_in_leaf': 19.80044379989539, 'lambda': 3.4197462722920267, 'alpha': 7.458189446445041, 'max_depth': 1, 'eta': 0.19986413559220337, 'gamma': 8.988577815422369, 'num_boost_rounds': 75}. Best is trial 186 with value: 0.017241.
2025-01-02 13:12:37 INFO     n_estimators: 10
2025-01-02 13:12:37 INFO     Trial 479 finished with value: 0.017143 and parameters: {'max_delta_step': 24.42955157571208, 'colsample_bytree': 0.5351350984277295, 'colsample_bynode': 0.4641024720686944, 'subsample': 0.8661792971490614, 'min_child_weight': 89.60349461779026, 'min_data_in_leaf': 20.308452153741996, 'lambda': 7.89429543721014, 'alpha': 7.817766875642526, 'max_depth': 1, 'eta': 0.19622927716700284, 'gamma': 8.51897157995824, 'num_boost_rounds': 145}. Best is trial 186 with value: 0.017241.
2025-01-02 13:12:38 INFO     Trial 480 pruned. Trial was pruned at iteration 5.
2025-01-02 13:12:39 INFO     n_estimators: 10
2025-01-02 13:12:39 INFO     Trial 481 finished with value: 0.017241 and parameters: {'max_delta_step': 21.443052900773132, 'colsample_bytree': 0.547763794495926, 'colsample_bynode': 0.2702499921147161, 'subsample': 0.8752542944691466, 'min_child_weight': 94.23261131441927, 'min_data_in_leaf': 18.97906482715795, 'lambda': 2.53692364437393, 'alpha': 7.5932053845715455, 'max_depth': 1, 'eta': 0.19993093029993514, 'gamma': 8.207966574623036, 'num_boost_rounds': 190}. Best is trial 186 with value: 0.017241.
2025-01-02 13:12:39 INFO     Trial 482 pruned. Trial was pruned at iteration 5.
2025-01-02 13:12:40 INFO     n_estimators: 10
2025-01-02 13:12:40 INFO     Trial 483 finished with value: 0.017143 and parameters: {'max_delta_step': 16.142768797918592, 'colsample_bytree': 0.50084731183268, 'colsample_bynode': 0.44579378985084217, 'subsample': 0.8526566828360602, 'min_child_weight': 90.97669590462642, 'min_data_in_leaf': 19.474361625117066, 'lambda': 3.2245780684459335, 'alpha': 6.85842281402737, 'max_depth': 1, 'eta': 0.19334507270655607, 'gamma': 7.849586453531446, 'num_boost_rounds': 180}. Best is trial 186 with value: 0.017241.
2025-01-02 13:12:40 INFO     Trial 484 pruned. Trial was pruned at iteration 5.
2025-01-02 13:12:41 INFO     n_estimators: 10
2025-01-02 13:12:41 INFO     Trial 485 finished with value: 0.017143 and parameters: {'max_delta_step': 21.070930932287972, 'colsample_bytree': 0.5135902341845, 'colsample_bynode': 0.3946638648596623, 'subsample': 0.8711410055804018, 'min_child_weight': 81.3667293889061, 'min_data_in_leaf': 17.869641338249757, 'lambda': 2.8213802073094465, 'alpha': 7.739182907295022, 'max_depth': 1, 'eta': 0.19030965966502764, 'gamma': 8.044566301883263, 'num_boost_rounds': 190}. Best is trial 186 with value: 0.017241.
2025-01-02 13:12:42 INFO     n_estimators: 10
2025-01-02 13:12:42 INFO     Trial 486 finished with value: 0.017143 and parameters: {'max_delta_step': 28.108239749994066, 'colsample_bytree': 0.5571558018732946, 'colsample_bynode': 0.46954259287233535, 'subsample': 0.8626753512246152, 'min_child_weight': 77.89596900910692, 'min_data_in_leaf': 20.03962543344709, 'lambda': 3.4550180925507363, 'alpha': 7.518955991386988, 'max_depth': 1, 'eta': 0.19568843846542167, 'gamma': 8.92773565923612, 'num_boost_rounds': 105}. Best is trial 186 with value: 0.017241.
2025-01-02 13:12:42 INFO     n_estimators: 10
2025-01-02 13:12:42 INFO     Trial 487 finished with value: 0.017241 and parameters: {'max_delta_step': 86.33004099810242, 'colsample_bytree': 0.5342874934852552, 'colsample_bynode': 0.43612282911697464, 'subsample': 0.8913518152316883, 'min_child_weight': 84.03450856327933, 'min_data_in_leaf': 19.405673003539643, 'lambda': 3.010860407904832, 'alpha': 8.356263950869897, 'max_depth': 1, 'eta': 0.19998883285928062, 'gamma': 8.400330252108091, 'num_boost_rounds': 180}. Best is trial 186 with value: 0.017241.
2025-01-02 13:12:43 INFO     n_estimators: 10
2025-01-02 13:12:43 INFO     Trial 488 finished with value: 0.017143 and parameters: {'max_delta_step': 23.274301181102054, 'colsample_bytree': 0.5454080754552049, 'colsample_bynode': 0.32685990012103006, 'subsample': 0.8791101007652423, 'min_child_weight': 98.22637895867305, 'min_data_in_leaf': 18.434831972199436, 'lambda': 6.079361718290528, 'alpha': 7.983224321170688, 'max_depth': 1, 'eta': 0.1909132778667267, 'gamma': 0.9146663555382926, 'num_boost_rounds': 20}. Best is trial 186 with value: 0.017241.
2025-01-02 13:12:43 INFO     n_estimators: 10
2025-01-02 13:12:44 INFO     Trial 489 finished with value: 0.017241 and parameters: {'max_delta_step': 19.67334975920654, 'colsample_bytree': 0.527388513994787, 'colsample_bynode': 0.3809243889267396, 'subsample': 0.9156026009287471, 'min_child_weight': 86.03300395908724, 'min_data_in_leaf': 20.617638092384848, 'lambda': 7.21092294980472, 'alpha': 9.562890163350357, 'max_depth': 1, 'eta': 0.19995887946076332, 'gamma': 8.752169188653756, 'num_boost_rounds': 195}. Best is trial 186 with value: 0.017241.
2025-01-02 13:12:44 INFO     n_estimators: 10
2025-01-02 13:12:44 INFO     Trial 490 finished with value: 0.017088 and parameters: {'max_delta_step': 14.117162411195482, 'colsample_bytree': 0.5416494733953304, 'colsample_bynode': 0.4168742906575258, 'subsample': 0.8482026753849023, 'min_child_weight': 88.68891994909939, 'min_data_in_leaf': 18.855867273179133, 'lambda': 2.6552358611464326, 'alpha': 7.189851044376709, 'max_depth': 1, 'eta': 0.196167936176062, 'gamma': 8.225167263065643, 'num_boost_rounds': 185}. Best is trial 186 with value: 0.017241.
2025-01-02 13:12:45 INFO     n_estimators: 10
2025-01-02 13:12:45 INFO     Trial 491 finished with value: 0.017088 and parameters: {'max_delta_step': 16.934097263904235, 'colsample_bytree': 0.5538316643583703, 'colsample_bynode': 0.40334115994433645, 'subsample': 0.896633347206162, 'min_child_weight': 92.76440452842402, 'min_data_in_leaf': 21.758052881177377, 'lambda': 3.204754606652097, 'alpha': 7.582329561901361, 'max_depth': 1, 'eta': 0.19331896820302455, 'gamma': 8.559776958198707, 'num_boost_rounds': 190}. Best is trial 186 with value: 0.017241.
2025-01-02 13:12:46 INFO     n_estimators: 10
2025-01-02 13:12:46 INFO     Trial 492 finished with value: 0.017143 and parameters: {'max_delta_step': 19.019257022579026, 'colsample_bytree': 0.5317111117308995, 'colsample_bynode': 0.4514610333593299, 'subsample': 0.8664217507100662, 'min_child_weight': 95.69745933627576, 'min_data_in_leaf': 21.096733270522837, 'lambda': 2.920256549018159, 'alpha': 7.370834055582353, 'max_depth': 1, 'eta': 0.18731553180419053, 'gamma': 8.787641485240393, 'num_boost_rounds': 175}. Best is trial 186 with value: 0.017241.
2025-01-02 13:12:46 INFO     n_estimators: 10
2025-01-02 13:12:46 INFO     Trial 493 finished with value: 0.017088 and parameters: {'max_delta_step': 25.734061271338472, 'colsample_bytree': 0.5197349922898185, 'colsample_bynode': 0.4312828909010564, 'subsample': 0.8888986199954935, 'min_child_weight': 91.0074925966013, 'min_data_in_leaf': 19.856773832459275, 'lambda': 2.408966669816116, 'alpha': 7.001595182458098, 'max_depth': 1, 'eta': 0.19585557787222996, 'gamma': 9.104896951962987, 'num_boost_rounds': 185}. Best is trial 186 with value: 0.017241.
2025-01-02 13:12:47 INFO     n_estimators: 10
2025-01-02 13:12:47 INFO     Trial 494 finished with value: 0.017143 and parameters: {'max_delta_step': 21.31354517440164, 'colsample_bytree': 0.5675865788211504, 'colsample_bynode': 0.4567161362021781, 'subsample': 0.8357480920860579, 'min_child_weight': 82.53800882452569, 'min_data_in_leaf': 19.293880979964936, 'lambda': 3.431369368802453, 'alpha': 7.780703801691978, 'max_depth': 1, 'eta': 0.1999279506883503, 'gamma': 8.419484059309587, 'num_boost_rounds': 170}. Best is trial 186 with value: 0.017241.
2025-01-02 13:12:48 INFO     n_estimators: 10
2025-01-02 13:12:48 INFO     Trial 495 finished with value: 0.017088 and parameters: {'max_delta_step': 15.601642544822631, 'colsample_bytree': 0.5463990955420118, 'colsample_bynode': 0.35505322587724353, 'subsample': 0.907837585201359, 'min_child_weight': 88.26435963445871, 'min_data_in_leaf': 20.386560317686033, 'lambda': 3.141728243623682, 'alpha': 9.178687394958812, 'max_depth': 1, 'eta': 0.19298015353801298, 'gamma': 8.083977532762146, 'num_boost_rounds': 180}. Best is trial 186 with value: 0.017241.
2025-01-02 13:12:48 INFO     Trial 496 pruned. Trial was pruned at iteration 5.
2025-01-02 13:12:49 INFO     Trial 497 pruned. Trial was pruned at iteration 5.
2025-01-02 13:12:49 INFO     Trial 498 pruned. Trial was pruned at iteration 5.
2025-01-02 13:12:50 INFO     n_estimators: 10
2025-01-02 13:12:50 INFO     Trial 499 finished with value: 0.017143 and parameters: {'max_delta_step': 20.213130847289374, 'colsample_bytree': 0.5132263687001096, 'colsample_bynode': 0.4747788745512238, 'subsample': 0.8722519635139634, 'min_child_weight': 92.19574172874384, 'min_data_in_leaf': 21.9436794302559, 'lambda': 3.6797242775344556, 'alpha': 8.639603950657355, 'max_depth': 1, 'eta': 0.190938750952535, 'gamma': 8.888905265113962, 'num_boost_rounds': 175}. Best is trial 186 with value: 0.017241.
2025-01-02 13:12:51 INFO     n_estimators: 10
2025-01-02 13:12:51 INFO     Trial 500 finished with value: 0.017088 and parameters: {'max_delta_step': 17.110613375341305, 'colsample_bytree': 0.5233564109279434, 'colsample_bynode': 0.37076624783025824, 'subsample': 0.8857909598858524, 'min_child_weight': 85.53015272613422, 'min_data_in_leaf': 20.79288407672589, 'lambda': 3.0323083910229203, 'alpha': 8.039820659358803, 'max_depth': 1, 'eta': 0.19660844500117375, 'gamma': 8.543903638822039, 'num_boost_rounds': 190}. Best is trial 186 with value: 0.017241.
2025-01-02 13:12:51 INFO     n_estimators: 10
2025-01-02 13:12:51 INFO     Trial 501 finished with value: 0.017143 and parameters: {'max_delta_step': 24.47386274694631, 'colsample_bytree': 0.5404982947978448, 'colsample_bynode': 0.4252645483677829, 'subsample': 0.8560405935135184, 'min_child_weight': 95.07494198572263, 'min_data_in_leaf': 20.006789526440407, 'lambda': 1.970247799352327, 'alpha': 7.355840377911042, 'max_depth': 1, 'eta': 0.19982942268740161, 'gamma': 7.963466543562582, 'num_boost_rounds': 180}. Best is trial 186 with value: 0.017241.
2025-01-02 13:12:52 INFO     Trial 502 pruned. Trial was pruned at iteration 5.
2025-01-02 13:12:52 INFO     n_estimators: 10
2025-01-02 13:12:52 INFO     Trial 503 finished with value: 0.017088 and parameters: {'max_delta_step': 21.229391706881746, 'colsample_bytree': 0.5306591150582197, 'colsample_bynode': 0.4173082885872036, 'subsample': 0.8922030026388955, 'min_child_weight': 89.47918144857313, 'min_data_in_leaf': 19.50672422587479, 'lambda': 3.506169760760126, 'alpha': 7.057246297199158, 'max_depth': 1, 'eta': 0.18904464897861037, 'gamma': 9.277117767900904, 'num_boost_rounds': 195}. Best is trial 186 with value: 0.017241.
2025-01-02 13:12:53 INFO     n_estimators: 10
2025-01-02 13:12:53 INFO     Trial 504 finished with value: 0.017143 and parameters: {'max_delta_step': 18.51766144403771, 'colsample_bytree': 0.5499797380688395, 'colsample_bynode': 0.4038546453758065, 'subsample': 0.8811143804813741, 'min_child_weight': 83.03321360962673, 'min_data_in_leaf': 21.27907777966715, 'lambda': 3.074768190238868, 'alpha': 7.544245021961251, 'max_depth': 1, 'eta': 0.19384076739361292, 'gamma': 8.22173801651749, 'num_boost_rounds': 185}. Best is trial 186 with value: 0.017241.
2025-01-02 13:12:54 INFO     n_estimators: 10
2025-01-02 13:12:54 INFO     Trial 505 finished with value: 0.017143 and parameters: {'max_delta_step': 19.828173779878256, 'colsample_bytree': 0.5603032618065129, 'colsample_bynode': 0.43518765782549684, 'subsample': 0.8724089701024337, 'min_child_weight': 87.41092469401272, 'min_data_in_leaf': 16.511445578114223, 'lambda': 2.1853145122882447, 'alpha': 8.944578303927303, 'max_depth': 1, 'eta': 0.19986793895287147, 'gamma': 8.652762293697503, 'num_boost_rounds': 190}. Best is trial 186 with value: 0.017241.
2025-01-02 13:12:54 INFO     Trial 506 pruned. Trial was pruned at iteration 0.
2025-01-02 13:12:55 INFO     n_estimators: 10
