2025-01-02 13:09:15 INFO     Trial 151 finished with value: 0.017084 and parameters: {'max_delta_step': 15.850260767084807, 'colsample_bytree': 0.5696301957842566, 'colsample_bynode': 0.522601829563894, 'subsample': 0.8909872875170153, 'min_child_weight': 63.898497841826796, 'min_data_in_leaf': 18.468501463121232, 'lambda': 3.6528736135413538, 'alpha': 8.806937269655906, 'max_depth': 1, 'eta': 0.18617847873795362, 'gamma': 9.261556314850623, 'num_boost_rounds': 190}. Best is trial 141 with value: 0.017088.
2025-01-02 13:09:16 INFO     Trial 152 pruned. Trial was pruned at iteration 9.
2025-01-02 13:09:17 INFO     n_estimators: 10
2025-01-02 13:09:17 INFO     Trial 153 finished with value: 0.017088 and parameters: {'max_delta_step': 19.630171799070318, 'colsample_bytree': 0.5641892592616045, 'colsample_bynode': 0.5354640037037018, 'subsample': 0.8965385300416394, 'min_child_weight': 76.48638956566099, 'min_data_in_leaf': 17.983128598956903, 'lambda': 3.7927331179323494, 'alpha': 9.048083262997409, 'max_depth': 1, 'eta': 0.19727038266372157, 'gamma': 8.938211436834285, 'num_boost_rounds': 185}. Best is trial 141 with value: 0.017088.
2025-01-02 13:09:17 INFO     n_estimators: 10
2025-01-02 13:09:17 INFO     Trial 154 finished with value: 0.017088 and parameters: {'max_delta_step': 20.161106162226808, 'colsample_bytree': 0.5673457207042127, 'colsample_bynode': 0.5300706175789187, 'subsample': 0.8906433503604698, 'min_child_weight': 74.69413107702086, 'min_data_in_leaf': 17.654736589841985, 'lambda': 4.000871066274948, 'alpha': 9.146092004289232, 'max_depth': 1, 'eta': 0.19255643952866247, 'gamma': 8.93489305126733, 'num_boost_rounds': 175}. Best is trial 141 with value: 0.017088.
2025-01-02 13:09:18 INFO     Trial 155 pruned. Trial was pruned at iteration 9.
2025-01-02 13:09:18 INFO     Trial 156 pruned. Trial was pruned at iteration 9.
2025-01-02 13:09:19 INFO     Trial 157 pruned. Trial was pruned at iteration 9.
2025-01-02 13:09:20 INFO     Trial 158 pruned. Trial was pruned at iteration 9.
2025-01-02 13:09:20 INFO     n_estimators: 10
2025-01-02 13:09:20 INFO     Trial 159 finished with value: 0.017088 and parameters: {'max_delta_step': 24.981033300718458, 'colsample_bytree': 0.5611522699714114, 'colsample_bynode': 0.5056592888424861, 'subsample': 0.9244496048739105, 'min_child_weight': 64.3061462328278, 'min_data_in_leaf': 18.751527108540667, 'lambda': 3.7651838039290877, 'alpha': 9.035961679140714, 'max_depth': 1, 'eta': 0.1890316557081416, 'gamma': 8.593371664166467, 'num_boost_rounds': 175}. Best is trial 141 with value: 0.017088.
2025-01-02 13:09:21 INFO     n_estimators: 10
2025-01-02 13:09:21 INFO     Trial 160 finished with value: 0.017088 and parameters: {'max_delta_step': 25.94588340553399, 'colsample_bytree': 0.5634507344593552, 'colsample_bynode': 0.5036090200637229, 'subsample': 0.9271384547665752, 'min_child_weight': 68.89554006938054, 'min_data_in_leaf': 18.877157049869727, 'lambda': 3.764605514361602, 'alpha': 8.998866309937153, 'max_depth': 1, 'eta': 0.18876130606164573, 'gamma': 8.66438477816978, 'num_boost_rounds': 165}. Best is trial 141 with value: 0.017088.
2025-01-02 13:09:22 INFO     n_estimators: 10
2025-01-02 13:09:22 INFO     Trial 161 finished with value: 0.017088 and parameters: {'max_delta_step': 24.64280244303812, 'colsample_bytree': 0.5653783614392904, 'colsample_bynode': 0.5073429992453667, 'subsample': 0.9270372484743893, 'min_child_weight': 63.97852319794101, 'min_data_in_leaf': 19.12052440292687, 'lambda': 3.7950369287837766, 'alpha': 8.978715013894604, 'max_depth': 1, 'eta': 0.1902078820582985, 'gamma': 8.32727624486496, 'num_boost_rounds': 165}. Best is trial 141 with value: 0.017088.
2025-01-02 13:09:22 INFO     Trial 162 pruned. Trial was pruned at iteration 0.
2025-01-02 13:09:22 INFO     Trial 163 pruned. Trial was pruned at iteration 0.
2025-01-02 13:09:23 INFO     Trial 164 pruned. Trial was pruned at iteration 9.
2025-01-02 13:09:23 INFO     Trial 165 pruned. Trial was pruned at iteration 9.
2025-01-02 13:09:24 INFO     Trial 166 pruned. Trial was pruned at iteration 0.
2025-01-02 13:09:24 INFO     n_estimators: 10
2025-01-02 13:09:24 INFO     Trial 167 finished with value: 0.017088 and parameters: {'max_delta_step': 31.430581615137186, 'colsample_bytree': 0.5563753184710187, 'colsample_bynode': 0.5008622007360736, 'subsample': 0.9148817022242137, 'min_child_weight': 72.67872789690267, 'min_data_in_leaf': 18.617172275557806, 'lambda': 4.211972618074725, 'alpha': 9.293745468420983, 'max_depth': 1, 'eta': 0.19438126251613216, 'gamma': 8.238522652207187, 'num_boost_rounds': 175}. Best is trial 141 with value: 0.017088.
2025-01-02 13:09:25 INFO     Trial 168 pruned. Trial was pruned at iteration 9.
2025-01-02 13:09:26 INFO     Trial 169 pruned. Trial was pruned at iteration 9.
2025-01-02 13:09:26 INFO     n_estimators: 10
2025-01-02 13:09:26 INFO     Trial 170 finished with value: 0.017084 and parameters: {'max_delta_step': 30.78922987975855, 'colsample_bytree': 0.5537212887641643, 'colsample_bynode': 0.46601857431104776, 'subsample': 0.9181958543888321, 'min_child_weight': 66.84124905746246, 'min_data_in_leaf': 19.41515702503084, 'lambda': 4.669416056890199, 'alpha': 9.661733194589388, 'max_depth': 1, 'eta': 0.1821384602475746, 'gamma': 9.290996545369687, 'num_boost_rounds': 160}. Best is trial 141 with value: 0.017088.
2025-01-02 13:09:27 INFO     n_estimators: 10
2025-01-02 13:09:27 INFO     Trial 171 finished with value: 0.017084 and parameters: {'max_delta_step': 29.82163253208009, 'colsample_bytree': 0.5558161104471282, 'colsample_bynode': 0.47110104170833056, 'subsample': 0.9176863426877084, 'min_child_weight': 67.55868416870706, 'min_data_in_leaf': 19.430881121895457, 'lambda': 4.68400442375591, 'alpha': 9.747933537290127, 'max_depth': 1, 'eta': 0.18243277561644222, 'gamma': 9.253044467802303, 'num_boost_rounds': 160}. Best is trial 141 with value: 0.017088.
2025-01-02 13:09:28 INFO     n_estimators: 10
2025-01-02 13:09:28 INFO     Trial 172 finished with value: 0.017084 and parameters: {'max_delta_step': 30.29678288420876, 'colsample_bytree': 0.5562120518090872, 'colsample_bynode': 0.4680766203754922, 'subsample': 0.925267879719516, 'min_child_weight': 67.83084256530533, 'min_data_in_leaf': 19.6689347682818, 'lambda': 4.316001228851043, 'alpha': 9.779007531169484, 'max_depth': 1, 'eta': 0.18207450307000903, 'gamma': 9.253399563269529, 'num_boost_rounds': 160}. Best is trial 141 with value: 0.017088.
2025-01-02 13:09:28 INFO     n_estimators: 10
2025-01-02 13:09:28 INFO     Trial 173 finished with value: 0.017084 and parameters: {'max_delta_step': 31.234425319513, 'colsample_bytree': 0.5556579198315058, 'colsample_bynode': 0.4518095533004821, 'subsample': 0.9216170359889798, 'min_child_weight': 67.49248581468089, 'min_data_in_leaf': 19.54089499412603, 'lambda': 4.777592189953735, 'alpha': 9.874105845052545, 'max_depth': 1, 'eta': 0.181181459617686, 'gamma': 9.285933477231712, 'num_boost_rounds': 155}. Best is trial 141 with value: 0.017088.
2025-01-02 13:09:29 INFO     Trial 174 pruned. Trial was pruned at iteration 0.
2025-01-02 13:09:29 INFO     Trial 175 pruned. Trial was pruned at iteration 9.
2025-01-02 13:09:30 INFO     Trial 176 pruned. Trial was pruned at iteration 0.
2025-01-02 13:09:30 INFO     Trial 177 pruned. Trial was pruned at iteration 9.
2025-01-02 13:09:31 INFO     Trial 178 pruned. Trial was pruned at iteration 9.
2025-01-02 13:09:31 INFO     n_estimators: 10
2025-01-02 13:09:32 INFO     Trial 179 finished with value: 0.017088 and parameters: {'max_delta_step': 26.58012704913004, 'colsample_bytree': 0.5618487659656551, 'colsample_bynode': 0.46803462838711296, 'subsample': 0.9105873990461176, 'min_child_weight': 61.457434563937596, 'min_data_in_leaf': 18.693330871459594, 'lambda': 4.160994462539161, 'alpha': 9.059139397410402, 'max_depth': 1, 'eta': 0.1928048162060706, 'gamma': 8.250263635438884, 'num_boost_rounds': 160}. Best is trial 141 with value: 0.017088.
2025-01-02 13:09:32 INFO     n_estimators: 10
2025-01-02 13:09:32 INFO     Trial 180 finished with value: 0.017088 and parameters: {'max_delta_step': 24.077321373043873, 'colsample_bytree': 0.5673828353346424, 'colsample_bynode': 0.4030662855206327, 'subsample': 0.9079757915794529, 'min_child_weight': 60.51101792177333, 'min_data_in_leaf': 18.373871745507554, 'lambda': 4.134129168071407, 'alpha': 8.773345589255163, 'max_depth': 1, 'eta': 0.19169461178087294, 'gamma': 8.067803607483679, 'num_boost_rounds': 180}. Best is trial 141 with value: 0.017088.
2025-01-02 13:09:33 INFO     n_estimators: 10
2025-01-02 13:09:33 INFO     Trial 181 finished with value: 0.017088 and parameters: {'max_delta_step': 25.138120447154634, 'colsample_bytree': 0.5630889626057014, 'colsample_bynode': 0.536967168793629, 'subsample': 0.9093020471159676, 'min_child_weight': 61.68918420927543, 'min_data_in_leaf': 18.342286779671188, 'lambda': 4.039040461487192, 'alpha': 6.720592449459595, 'max_depth': 1, 'eta': 0.1913527189185195, 'gamma': 8.028799553464802, 'num_boost_rounds': 180}. Best is trial 141 with value: 0.017088.
2025-01-02 13:09:33 INFO     Trial 182 pruned. Trial was pruned at iteration 9.
2025-01-02 13:09:34 INFO     n_estimators: 10
2025-01-02 13:09:34 INFO     Trial 183 finished with value: 0.017088 and parameters: {'max_delta_step': 23.12486870586074, 'colsample_bytree': 0.5688295357764037, 'colsample_bynode': 0.3802516725855887, 'subsample': 0.9111339050357553, 'min_child_weight': 59.967163834851085, 'min_data_in_leaf': 17.536621380432265, 'lambda': 3.8342041196039545, 'alpha': 8.484470720820271, 'max_depth': 1, 'eta': 0.19388169927716015, 'gamma': 7.805400232574585, 'num_boost_rounds': 175}. Best is trial 141 with value: 0.017088.
2025-01-02 13:09:35 INFO     n_estimators: 10
2025-01-02 13:09:35 INFO     Trial 184 finished with value: 0.017088 and parameters: {'max_delta_step': 23.65003833881831, 'colsample_bytree': 0.566956591820191, 'colsample_bynode': 0.3837753613212358, 'subsample': 0.8978585273207569, 'min_child_weight': 59.27926398628627, 'min_data_in_leaf': 16.969582514126024, 'lambda': 3.8323322052763498, 'alpha': 7.0393013698302935, 'max_depth': 1, 'eta': 0.19325243060287078, 'gamma': 7.890381419434987, 'num_boost_rounds': 175}. Best is trial 141 with value: 0.017088.
2025-01-02 13:09:35 INFO     Trial 185 pruned. Trial was pruned at iteration 9.
2025-01-02 13:09:36 INFO     n_estimators: 10
2025-01-02 13:09:36 INFO     Trial 186 finished with value: 0.017241 and parameters: {'max_delta_step': 22.39264211643914, 'colsample_bytree': 0.5639880016802168, 'colsample_bynode': 0.346676788430511, 'subsample': 0.9071600104564858, 'min_child_weight': 61.126275363327096, 'min_data_in_leaf': 16.89865333820251, 'lambda': 3.4000424893168244, 'alpha': 8.590886761216119, 'max_depth': 1, 'eta': 0.1995470621857299, 'gamma': 7.941203988234909, 'num_boost_rounds': 180}. Best is trial 186 with value: 0.017241.
2025-01-02 13:09:37 INFO     Trial 187 pruned. Trial was pruned at iteration 9.
2025-01-02 13:09:37 INFO     Trial 188 pruned. Trial was pruned at iteration 9.
2025-01-02 13:09:37 INFO     Trial 189 pruned. Trial was pruned at iteration 0.
2025-01-02 13:09:38 INFO     n_estimators: 10
2025-01-02 13:09:38 INFO     Trial 190 finished with value: 0.017088 and parameters: {'max_delta_step': 24.41331365577122, 'colsample_bytree': 0.5661981834706784, 'colsample_bynode': 0.3709693919915571, 'subsample': 0.9098559086900977, 'min_child_weight': 59.70989512658854, 'min_data_in_leaf': 16.936515666696373, 'lambda': 3.83417528671304, 'alpha': 6.766758108691259, 'max_depth': 1, 'eta': 0.18893746594310676, 'gamma': 8.297943803202832, 'num_boost_rounds': 180}. Best is trial 186 with value: 0.017241.
2025-01-02 13:09:39 INFO     n_estimators: 10
2025-01-02 13:09:39 INFO     Trial 191 finished with value: 0.017088 and parameters: {'max_delta_step': 24.66250454851853, 'colsample_bytree': 0.5677134525091633, 'colsample_bynode': 0.3805527305427952, 'subsample': 0.9101162713587871, 'min_child_weight': 59.288612509778154, 'min_data_in_leaf': 16.85842729721822, 'lambda': 4.003233117223271, 'alpha': 6.913169750487623, 'max_depth': 1, 'eta': 0.19050995298877124, 'gamma': 8.300758869621884, 'num_boost_rounds': 180}. Best is trial 186 with value: 0.017241.
2025-01-02 13:09:39 INFO     n_estimators: 10
2025-01-02 13:09:39 INFO     Trial 192 finished with value: 0.017088 and parameters: {'max_delta_step': 24.36049308764282, 'colsample_bytree': 0.56643981788146, 'colsample_bynode': 0.38613390808433945, 'subsample': 0.895590956433607, 'min_child_weight': 58.83675084244493, 'min_data_in_leaf': 16.818197970518966, 'lambda': 3.9254325068636846, 'alpha': 6.580177209069238, 'max_depth': 1, 'eta': 0.19040966248978292, 'gamma': 8.344640614117203, 'num_boost_rounds': 180}. Best is trial 186 with value: 0.017241.
2025-01-02 13:09:40 INFO     Trial 193 pruned. Trial was pruned at iteration 9.
2025-01-02 13:09:40 INFO     Trial 194 pruned. Trial was pruned at iteration 0.
2025-01-02 13:09:41 INFO     Trial 195 pruned. Trial was pruned at iteration 9.
2025-01-02 13:09:42 INFO     n_estimators: 10
2025-01-02 13:09:42 INFO     Trial 196 finished with value: 0.017088 and parameters: {'max_delta_step': 23.324014120765458, 'colsample_bytree': 0.5661738896579733, 'colsample_bynode': 0.37517374830288064, 'subsample': 0.9275132876574017, 'min_child_weight': 61.24593630866028, 'min_data_in_leaf': 15.919149347074951, 'lambda': 3.803696756395744, 'alpha': 6.396174206455962, 'max_depth': 1, 'eta': 0.19613936222531408, 'gamma': 8.098051806531368, 'num_boost_rounds': 165}. Best is trial 186 with value: 0.017241.
2025-01-02 13:09:42 INFO     Trial 197 pruned. Trial was pruned at iteration 9.
2025-01-02 13:09:43 INFO     Trial 198 pruned. Trial was pruned at iteration 9.
2025-01-02 13:09:43 INFO     n_estimators: 10
2025-01-02 13:09:44 INFO     Trial 199 finished with value: 0.017208 and parameters: {'max_delta_step': 26.61233304458237, 'colsample_bytree': 0.5618060799318555, 'colsample_bynode': 0.3260719800776054, 'subsample': 0.9094960432360186, 'min_child_weight': 63.296207160787745, 'min_data_in_leaf': 17.256468196555286, 'lambda': 4.03720264191805, 'alpha': 7.762805352715579, 'max_depth': 1, 'eta': 0.1989647767713778, 'gamma': 7.472245663673869, 'num_boost_rounds': 175}. Best is trial 186 with value: 0.017241.
2025-01-02 13:09:44 INFO     Trial 200 pruned. Trial was pruned at iteration 0.
2025-01-02 13:09:45 INFO     n_estimators: 10
2025-01-02 13:09:45 INFO     Trial 201 finished with value: 0.017088 and parameters: {'max_delta_step': 22.339352080085288, 'colsample_bytree': 0.5665691056127778, 'colsample_bynode': 0.32629195044358855, 'subsample': 0.912154133964511, 'min_child_weight': 63.03179079968914, 'min_data_in_leaf': 17.350768943924336, 'lambda': 3.901301841938688, 'alpha': 8.094967581988442, 'max_depth': 1, 'eta': 0.1939157795357688, 'gamma': 7.745620692019027, 'num_boost_rounds': 175}. Best is trial 186 with value: 0.017241.
2025-01-02 13:09:45 INFO     n_estimators: 10
2025-01-02 13:09:45 INFO     Trial 202 finished with value: 0.017088 and parameters: {'max_delta_step': 23.268329102178892, 'colsample_bytree': 0.5660800850915684, 'colsample_bynode': 0.34653854599219386, 'subsample': 0.9104491239104452, 'min_child_weight': 63.62132516904423, 'min_data_in_leaf': 17.271342814426326, 'lambda': 3.994014037462593, 'alpha': 7.708008876435121, 'max_depth': 1, 'eta': 0.19412363153811146, 'gamma': 7.700626304771777, 'num_boost_rounds': 175}. Best is trial 186 with value: 0.017241.
2025-01-02 13:09:46 INFO     n_estimators: 10
2025-01-02 13:09:46 INFO     Trial 203 finished with value: 0.017241 and parameters: {'max_delta_step': 22.190424980662044, 'colsample_bytree': 0.5697033569582914, 'colsample_bynode': 0.31777612574912195, 'subsample': 0.9120999072947501, 'min_child_weight': 63.41866437797243, 'min_data_in_leaf': 17.19454227699492, 'lambda': 4.012087673394711, 'alpha': 7.9071174362481615, 'max_depth': 1, 'eta': 0.19997848960768755, 'gamma': 7.68508656378707, 'num_boost_rounds': 175}. Best is trial 186 with value: 0.017241.
2025-01-02 13:09:46 INFO     Trial 204 pruned. Trial was pruned at iteration 9.
2025-01-02 13:09:47 INFO     n_estimators: 10
2025-01-02 13:09:47 INFO     Trial 205 finished with value: 0.017088 and parameters: {'max_delta_step': 25.74173325934065, 'colsample_bytree': 0.5666025855479706, 'colsample_bynode': 0.31910500873581915, 'subsample': 0.918824435858466, 'min_child_weight': 64.49590568716873, 'min_data_in_leaf': 17.066114137921907, 'lambda': 3.853885654697815, 'alpha': 7.909486847110732, 'max_depth': 1, 'eta': 0.19084005205185897, 'gamma': 7.608345466609702, 'num_boost_rounds': 175}. Best is trial 186 with value: 0.017241.
2025-01-02 13:09:48 INFO     Trial 206 pruned. Trial was pruned at iteration 9.
2025-01-02 13:09:48 INFO     Trial 207 pruned. Trial was pruned at iteration 0.
2025-01-02 13:09:49 INFO     Trial 208 pruned. Trial was pruned at iteration 9.
2025-01-02 13:09:49 INFO     n_estimators: 10
2025-01-02 13:09:49 INFO     Trial 209 finished with value: 0.017088 and parameters: {'max_delta_step': 22.60383086341163, 'colsample_bytree': 0.563080742200008, 'colsample_bynode': 0.3234580662370938, 'subsample': 0.9238495524340933, 'min_child_weight': 65.42382351530328, 'min_data_in_leaf': 18.193867078401457, 'lambda': 4.272325605644769, 'alpha': 8.525459077773737, 'max_depth': 1, 'eta': 0.18777144596739415, 'gamma': 7.403631342159694, 'num_boost_rounds': 165}. Best is trial 186 with value: 0.017241.
2025-01-02 13:09:50 INFO     n_estimators: 10
2025-01-02 13:09:50 INFO     Trial 210 finished with value: 0.017088 and parameters: {'max_delta_step': 24.676570952113266, 'colsample_bytree': 0.5445210996006231, 'colsample_bynode': 0.3420688179083416, 'subsample': 0.8839099526251055, 'min_child_weight': 59.526569119220646, 'min_data_in_leaf': 15.734670389264776, 'lambda': 4.404263243986347, 'alpha': 8.784919932944357, 'max_depth': 1, 'eta': 0.19431227039020801, 'gamma': 8.138885910143745, 'num_boost_rounds': 175}. Best is trial 186 with value: 0.017241.
2025-01-02 13:09:51 INFO     n_estimators: 10
2025-01-02 13:09:51 INFO     Trial 211 finished with value: 0.017088 and parameters: {'max_delta_step': 22.493092661996773, 'colsample_bytree': 0.566667322969023, 'colsample_bynode': 0.34704218433848655, 'subsample': 0.9096676556459303, 'min_child_weight': 63.69222940403894, 'min_data_in_leaf': 17.213602866874115, 'lambda': 3.9744986126142243, 'alpha': 7.6726697191301145, 'max_depth': 1, 'eta': 0.19341585817032717, 'gamma': 7.706300614397432, 'num_boost_rounds': 175}. Best is trial 186 with value: 0.017241.
2025-01-02 13:09:51 INFO     Trial 212 pruned. Trial was pruned at iteration 9.
2025-01-02 13:09:52 INFO     n_estimators: 10
2025-01-02 13:09:52 INFO     Trial 213 finished with value: 0.017088 and parameters: {'max_delta_step': 27.713796971733945, 'colsample_bytree': 0.5620065276946082, 'colsample_bynode': 0.3359250412106008, 'subsample': 0.8982303553902519, 'min_child_weight': 73.20224322676162, 'min_data_in_leaf': 17.960661457967444, 'lambda': 4.083298263051761, 'alpha': 9.249127908749415, 'max_depth': 1, 'eta': 0.1896712954928472, 'gamma': 8.40367959983272, 'num_boost_rounds': 170}. Best is trial 186 with value: 0.017241.
2025-01-02 13:09:52 INFO     Trial 214 pruned. Trial was pruned at iteration 9.
2025-01-02 13:09:53 INFO     n_estimators: 10
2025-01-02 13:09:53 INFO     Trial 215 finished with value: 0.017088 and parameters: {'max_delta_step': 25.74132701679501, 'colsample_bytree': 0.5696632605143286, 'colsample_bynode': 0.41326061207163817, 'subsample': 0.9071445787352066, 'min_child_weight': 60.437236335946366, 'min_data_in_leaf': 17.61722306676363, 'lambda': 4.041344940797785, 'alpha': 8.072781641327582, 'max_depth': 1, 'eta': 0.1905161700245396, 'gamma': 8.244164034033624, 'num_boost_rounds': 180}. Best is trial 186 with value: 0.017241.
2025-01-02 13:09:54 INFO     n_estimators: 10
2025-01-02 13:09:54 INFO     Trial 216 finished with value: 0.017084 and parameters: {'max_delta_step': 21.132559024098157, 'colsample_bytree': 0.5469255279127004, 'colsample_bynode': 0.29477175424164037, 'subsample': 0.9178490345932645, 'min_child_weight': 58.752111308524185, 'min_data_in_leaf': 16.727573902170548, 'lambda': 3.477211483061865, 'alpha': 8.416383801188921, 'max_depth': 1, 'eta': 0.18714486495970645, 'gamma': 8.534710831334772, 'num_boost_rounds': 170}. Best is trial 186 with value: 0.017241.
2025-01-02 13:09:54 INFO     Trial 217 pruned. Trial was pruned at iteration 9.
2025-01-02 13:09:55 INFO     Trial 218 pruned. Trial was pruned at iteration 0.
2025-01-02 13:09:55 INFO     Trial 219 pruned. Trial was pruned at iteration 9.
2025-01-02 13:09:56 INFO     n_estimators: 10
2025-01-02 13:09:56 INFO     Trial 220 finished with value: 0.017088 and parameters: {'max_delta_step': 18.813732233059607, 'colsample_bytree': 0.5498432690655393, 'colsample_bynode': 0.3520818502730647, 'subsample': 0.9025557746749603, 'min_child_weight': 60.849327393410505, 'min_data_in_leaf': 16.57328289357374, 'lambda': 4.554802390821254, 'alpha': 6.859383156593522, 'max_depth': 1, 'eta': 0.18719979441454618, 'gamma': 7.601017619033557, 'num_boost_rounds': 180}. Best is trial 186 with value: 0.017241.
2025-01-02 13:09:57 INFO     n_estimators: 10
2025-01-02 13:09:57 INFO     Trial 221 finished with value: 0.017088 and parameters: {'max_delta_step': 25.336437544725978, 'colsample_bytree': 0.5661501361323075, 'colsample_bynode': 0.3258647492439054, 'subsample': 0.9178752920756088, 'min_child_weight': 65.13543178735048, 'min_data_in_leaf': 17.060733948818086, 'lambda': 3.9154793832689876, 'alpha': 7.910825051831838, 'max_depth': 1, 'eta': 0.19094406135503358, 'gamma': 7.456227996814458, 'num_boost_rounds': 175}. Best is trial 186 with value: 0.017241.
2025-01-02 13:09:57 INFO     n_estimators: 10
