2025-01-02 22:26:22 INFO     Trial 1891 finished with value: 0.018126 and parameters: {'max_delta_step': 77.79419817691392, 'colsample_bytree': 0.8877901736740692, 'subsample': 0.8013615334924572, 'min_child_weight': 13.806033298729632, 'min_data_in_leaf': 16.925617808084848, 'lambda': 4.1310832310262775, 'alpha': 5.566162867093586, 'max_depth': 5, 'eta': 0.00028768067895868383, 'gamma': 3.6665951337249156, 'num_boost_rounds': 160}. Best is trial 988 with value: 0.018126.
2025-01-02 22:26:23 INFO     Trial 1892 pruned. Trial was pruned at iteration 1.
2025-01-02 22:26:23 INFO     Trial 1893 pruned. Trial was pruned at iteration 1.
2025-01-02 22:26:24 INFO     Trial 1894 finished with value: 0.016833 and parameters: {'max_delta_step': 76.51749297218396, 'colsample_bytree': 0.8909015522637355, 'subsample': 0.8006903542637334, 'min_child_weight': 13.137432188387638, 'min_data_in_leaf': 17.96525496008991, 'lambda': 3.685191280112462, 'alpha': 5.878315501917177, 'max_depth': 5, 'eta': 0.005207441626379707, 'gamma': 3.6089124342236443, 'num_boost_rounds': 165}. Best is trial 988 with value: 0.018126.
2025-01-02 22:26:25 INFO     Trial 1895 pruned. Trial was pruned at iteration 1.
2025-01-02 22:26:25 INFO     Trial 1896 pruned. Trial was pruned at iteration 1.
2025-01-02 22:26:26 INFO     Trial 1897 pruned. Trial was pruned at iteration 1.
2025-01-02 22:26:27 INFO     Trial 1898 finished with value: 0.016793 and parameters: {'max_delta_step': 72.02821748908323, 'colsample_bytree': 0.8789847223812061, 'subsample': 0.8024589485490362, 'min_child_weight': 11.525378339221781, 'min_data_in_leaf': 18.15875540674559, 'lambda': 3.998176424323151, 'alpha': 5.575015009371867, 'max_depth': 5, 'eta': 0.0001768672349406575, 'gamma': 3.7058816441882443, 'num_boost_rounds': 170}. Best is trial 988 with value: 0.018126.
2025-01-02 22:26:27 INFO     Trial 1899 pruned. Trial was pruned at iteration 1.
2025-01-02 22:26:28 INFO     Trial 1900 pruned. Trial was pruned at iteration 2.
2025-01-02 22:26:29 INFO     Trial 1901 finished with value: 0.018126 and parameters: {'max_delta_step': 77.47488997149058, 'colsample_bytree': 0.8609844246501017, 'subsample': 0.8006737226012576, 'min_child_weight': 10.565808232649292, 'min_data_in_leaf': 17.253023863305042, 'lambda': 4.2924899787709725, 'alpha': 5.804775665567844, 'max_depth': 5, 'eta': 0.00023241426450389905, 'gamma': 3.3373884804737695, 'num_boost_rounds': 170}. Best is trial 988 with value: 0.018126.
2025-01-02 22:26:29 INFO     Trial 1902 pruned. Trial was pruned at iteration 1.
2025-01-02 22:26:30 INFO     Trial 1903 pruned. Trial was pruned at iteration 1.
2025-01-02 22:26:31 INFO     Trial 1904 pruned. Trial was pruned at iteration 1.
2025-01-02 22:26:31 INFO     Trial 1905 pruned. Trial was pruned at iteration 2.
2025-01-02 22:26:32 INFO     Trial 1906 pruned. Trial was pruned at iteration 1.
2025-01-02 22:26:32 INFO     Trial 1907 pruned. Trial was pruned at iteration 1.
2025-01-02 22:26:33 INFO     Trial 1908 pruned. Trial was pruned at iteration 2.
2025-01-02 22:26:34 INFO     Trial 1909 pruned. Trial was pruned at iteration 1.
2025-01-02 22:26:35 INFO     Trial 1910 finished with value: 0.016724 and parameters: {'max_delta_step': 74.88591889255542, 'colsample_bytree': 0.8578498019563625, 'subsample': 0.805010746057477, 'min_child_weight': 6.498841394461633, 'min_data_in_leaf': 17.709796256130883, 'lambda': 3.8327165339355616, 'alpha': 5.9323885497914475, 'max_depth': 5, 'eta': 0.013909076167860149, 'gamma': 3.765016212985631, 'num_boost_rounds': 165}. Best is trial 988 with value: 0.018126.
2025-01-02 22:26:36 INFO     Trial 1911 pruned. Trial was pruned at iteration 2.
2025-01-02 22:26:37 INFO     Trial 1912 finished with value: 0.016681 and parameters: {'max_delta_step': 78.20574132512832, 'colsample_bytree': 0.8592143562562377, 'subsample': 0.8096049577166539, 'min_child_weight': 12.391840906478075, 'min_data_in_leaf': 18.21084244374378, 'lambda': 4.622236708822141, 'alpha': 6.401467635258785, 'max_depth': 5, 'eta': 0.009914924288630769, 'gamma': 2.897449739520092, 'num_boost_rounds': 170}. Best is trial 988 with value: 0.018126.
2025-01-02 22:26:38 INFO     Trial 1913 pruned. Trial was pruned at iteration 1.
2025-01-02 22:26:38 INFO     Trial 1914 pruned. Trial was pruned at iteration 1.
2025-01-02 22:26:39 INFO     Trial 1915 pruned. Trial was pruned at iteration 2.
2025-01-02 22:26:40 INFO     Trial 1916 pruned. Trial was pruned at iteration 1.
2025-01-02 22:26:40 INFO     Trial 1917 pruned. Trial was pruned at iteration 0.
2025-01-02 22:26:41 INFO     Trial 1918 pruned. Trial was pruned at iteration 0.
2025-01-02 22:26:42 INFO     Trial 1919 finished with value: 0.016479 and parameters: {'max_delta_step': 71.74561639896734, 'colsample_bytree': 0.8586274640695325, 'subsample': 0.8118095401277565, 'min_child_weight': 15.293395614200156, 'min_data_in_leaf': 18.452777324096417, 'lambda': 4.193342877313816, 'alpha': 6.30900776413507, 'max_depth': 5, 'eta': 0.02202383679717159, 'gamma': 3.734728393206419, 'num_boost_rounds': 175}. Best is trial 988 with value: 0.018126.
2025-01-02 22:26:42 INFO     Trial 1920 pruned. Trial was pruned at iteration 2.
2025-01-02 22:26:43 INFO     Trial 1921 pruned. Trial was pruned at iteration 1.
2025-01-02 22:26:44 INFO     Trial 1922 finished with value: 0.016681 and parameters: {'max_delta_step': 75.75009251141455, 'colsample_bytree': 0.8592425448736482, 'subsample': 0.811876871229302, 'min_child_weight': 12.796828266364859, 'min_data_in_leaf': 18.074437094115428, 'lambda': 4.377581112181601, 'alpha': 5.8811713312276614, 'max_depth': 5, 'eta': 0.009453901263167462, 'gamma': 3.4594855439565757, 'num_boost_rounds': 175}. Best is trial 988 with value: 0.018126.
2025-01-02 22:26:44 INFO     Trial 1923 finished with value: 0.016796 and parameters: {'max_delta_step': 70.3873288215138, 'colsample_bytree': 0.8747521368177252, 'subsample': 0.8156902460041728, 'min_child_weight': 14.342600491362415, 'min_data_in_leaf': 17.232559746897785, 'lambda': 4.695663049703687, 'alpha': 6.996373694675871, 'max_depth': 5, 'eta': 0.00609144364855006, 'gamma': 3.5668210870759536, 'num_boost_rounds': 165}. Best is trial 988 with value: 0.018126.
2025-01-02 22:26:45 INFO     Trial 1924 pruned. Trial was pruned at iteration 0.
2025-01-02 22:26:46 INFO     Trial 1925 pruned. Trial was pruned at iteration 2.
2025-01-02 22:26:46 INFO     Trial 1926 pruned. Trial was pruned at iteration 0.
2025-01-02 22:26:47 INFO     Trial 1927 finished with value: 0.016479 and parameters: {'max_delta_step': 68.63522106879427, 'colsample_bytree': 0.8761577701045313, 'subsample': 0.8158724347186262, 'min_child_weight': 10.788613402728894, 'min_data_in_leaf': 17.666958023144836, 'lambda': 4.889324509324528, 'alpha': 6.51703494342619, 'max_depth': 5, 'eta': 0.012904638465985394, 'gamma': 3.442257452583031, 'num_boost_rounds': 195}. Best is trial 988 with value: 0.018126.
2025-01-02 22:26:48 INFO     Trial 1928 pruned. Trial was pruned at iteration 2.
2025-01-02 22:26:48 INFO     Trial 1929 pruned. Trial was pruned at iteration 2.
2025-01-02 22:26:49 INFO     Trial 1930 finished with value: 0.016724 and parameters: {'max_delta_step': 75.39056817675178, 'colsample_bytree': 0.8767864333318857, 'subsample': 0.8088466346871995, 'min_child_weight': 10.12084422197767, 'min_data_in_leaf': 16.875702662460085, 'lambda': 4.61033843794981, 'alpha': 5.877031997333212, 'max_depth': 5, 'eta': 0.009723357582376519, 'gamma': 3.174513069579437, 'num_boost_rounds': 160}. Best is trial 988 with value: 0.018126.
2025-01-02 22:26:50 INFO     Trial 1931 pruned. Trial was pruned at iteration 2.
2025-01-02 22:26:51 INFO     Trial 1932 finished with value: 0.018022 and parameters: {'max_delta_step': 73.68891199755573, 'colsample_bytree': 0.8677411179802621, 'subsample': 0.8277881676132284, 'min_child_weight': 6.373565317358985, 'min_data_in_leaf': 17.296811368015206, 'lambda': 4.782411644291681, 'alpha': 5.718393447760889, 'max_depth': 5, 'eta': 0.0059020683866871015, 'gamma': 3.589775334206674, 'num_boost_rounds': 165}. Best is trial 988 with value: 0.018126.
2025-01-02 22:26:52 INFO     Trial 1933 pruned. Trial was pruned at iteration 1.
2025-01-02 22:26:53 INFO     Trial 1934 finished with value: 0.01684 and parameters: {'max_delta_step': 69.73568310794225, 'colsample_bytree': 0.8811310731831132, 'subsample': 0.818067399095204, 'min_child_weight': 14.204022013251143, 'min_data_in_leaf': 16.691973857660045, 'lambda': 4.5034536139712165, 'alpha': 6.109046174582732, 'max_depth': 5, 'eta': 0.00603454926986103, 'gamma': 3.424065713813652, 'num_boost_rounds': 175}. Best is trial 988 with value: 0.018126.
2025-01-02 22:26:54 INFO     Trial 1935 pruned. Trial was pruned at iteration 0.
2025-01-02 22:26:55 INFO     Trial 1936 finished with value: 0.01778 and parameters: {'max_delta_step': 75.39828894259458, 'colsample_bytree': 0.8597995203339738, 'subsample': 0.8404195662568904, 'min_child_weight': 9.063458220425577, 'min_data_in_leaf': 17.013693565719983, 'lambda': 5.011182712976614, 'alpha': 5.574523433195929, 'max_depth': 5, 'eta': 0.00016924899601157995, 'gamma': 3.614284907479376, 'num_boost_rounds': 165}. Best is trial 988 with value: 0.018126.
2025-01-02 22:26:56 INFO     Trial 1937 finished with value: 0.016796 and parameters: {'max_delta_step': 78.75076953256709, 'colsample_bytree': 0.8812266921019901, 'subsample': 0.8173592570154387, 'min_child_weight': 8.761996953005218, 'min_data_in_leaf': 16.384124654630416, 'lambda': 4.046029050987639, 'alpha': 6.449174065478901, 'max_depth': 5, 'eta': 0.010744833325815648, 'gamma': 3.9283206823027785, 'num_boost_rounds': 160}. Best is trial 988 with value: 0.018126.
2025-01-02 22:26:56 INFO     Trial 1938 pruned. Trial was pruned at iteration 2.
2025-01-02 22:26:57 INFO     Trial 1939 finished with value: 0.017979 and parameters: {'max_delta_step': 76.95350479892522, 'colsample_bytree': 0.8684556564402784, 'subsample': 0.8120782595285975, 'min_child_weight': 12.18164408864276, 'min_data_in_leaf': 17.516306276645047, 'lambda': 4.518713237182476, 'alpha': 6.220548447231573, 'max_depth': 5, 'eta': 0.00571780121296085, 'gamma': 3.562386508884991, 'num_boost_rounds': 175}. Best is trial 988 with value: 0.018126.
2025-01-02 22:26:58 INFO     Trial 1940 pruned. Trial was pruned at iteration 1.
2025-01-02 22:26:58 INFO     Trial 1941 finished with value: 0.018022 and parameters: {'max_delta_step': 76.9258292621182, 'colsample_bytree': 0.8574675312969706, 'subsample': 0.8319008554089251, 'min_child_weight': 13.878030850410445, 'min_data_in_leaf': 18.03916391441562, 'lambda': 5.434584556337927, 'alpha': 5.728437950890288, 'max_depth': 5, 'eta': 0.00010433574181361266, 'gamma': 3.390219214728552, 'num_boost_rounds': 180}. Best is trial 988 with value: 0.018126.
2025-01-02 22:26:59 INFO     Trial 1942 finished with value: 0.016594 and parameters: {'max_delta_step': 71.02422162167068, 'colsample_bytree': 0.8872649238738102, 'subsample': 0.840577723376348, 'min_child_weight': 13.576806748008575, 'min_data_in_leaf': 16.446495710208712, 'lambda': 4.890957603145989, 'alpha': 6.740690934773119, 'max_depth': 5, 'eta': 0.010643037071993298, 'gamma': 3.763722380885047, 'num_boost_rounds': 165}. Best is trial 988 with value: 0.018126.
2025-01-02 22:27:00 INFO     Trial 1943 finished with value: 0.016551 and parameters: {'max_delta_step': 78.92737893483829, 'colsample_bytree': 0.8684245001947047, 'subsample': 0.8213690337719363, 'min_child_weight': 16.140603987379023, 'min_data_in_leaf': 17.29373795592405, 'lambda': 4.266814991694223, 'alpha': 5.542559776938245, 'max_depth': 5, 'eta': 0.020152403439757313, 'gamma': 4.087423792887805, 'num_boost_rounds': 160}. Best is trial 988 with value: 0.018126.
2025-01-02 22:27:01 INFO     Trial 1944 finished with value: 0.016681 and parameters: {'max_delta_step': 68.52235224455563, 'colsample_bytree': 0.8777334022183866, 'subsample': 0.8068234330464303, 'min_child_weight': 6.8092752581667355, 'min_data_in_leaf': 18.498831580007845, 'lambda': 4.579464958499731, 'alpha': 6.0778159280240684, 'max_depth': 5, 'eta': 0.009408028261385312, 'gamma': 3.8853688414346954, 'num_boost_rounds': 175}. Best is trial 988 with value: 0.018126.
2025-01-02 22:27:01 INFO     Trial 1945 pruned. Trial was pruned at iteration 0.
2025-01-02 22:27:02 INFO     Trial 1946 pruned. Trial was pruned at iteration 1.
2025-01-02 22:27:03 INFO     Trial 1947 pruned. Trial was pruned at iteration 2.
2025-01-02 22:27:03 INFO     Trial 1948 pruned. Trial was pruned at iteration 0.
2025-01-02 22:27:04 INFO     Trial 1949 finished with value: 0.016594 and parameters: {'max_delta_step': 38.64664641584329, 'colsample_bytree': 0.876172913638467, 'subsample': 0.8420086669781792, 'min_child_weight': 1.1025021900963985, 'min_data_in_leaf': 15.872883308417482, 'lambda': 4.430095113662327, 'alpha': 5.5196125862218155, 'max_depth': 5, 'eta': 0.015229832065202722, 'gamma': 3.718841866142681, 'num_boost_rounds': 180}. Best is trial 988 with value: 0.018126.
2025-01-02 22:27:05 INFO     Trial 1950 finished with value: 0.018022 and parameters: {'max_delta_step': 77.10183352599587, 'colsample_bytree': 0.8877862087539511, 'subsample': 0.8224722399311175, 'min_child_weight': 4.579575445029505, 'min_data_in_leaf': 16.57170947663949, 'lambda': 5.240381920169832, 'alpha': 5.7480170316328385, 'max_depth': 5, 'eta': 0.0003073897614437853, 'gamma': 3.1578745788138187, 'num_boost_rounds': 170}. Best is trial 988 with value: 0.018126.
2025-01-02 22:27:06 INFO     Trial 1951 pruned. Trial was pruned at iteration 2.
2025-01-02 22:27:06 INFO     Trial 1952 pruned. Trial was pruned at iteration 1.
2025-01-02 22:27:08 INFO     Trial 1953 finished with value: 0.016724 and parameters: {'max_delta_step': 76.68386360970163, 'colsample_bytree': 0.8649321386074303, 'subsample': 0.8170616431646119, 'min_child_weight': 9.599102486404753, 'min_data_in_leaf': 25.520700095549188, 'lambda': 5.676791603787469, 'alpha': 5.720294565062005, 'max_depth': 5, 'eta': 0.009797998198327752, 'gamma': 3.6958897754743982, 'num_boost_rounds': 165}. Best is trial 988 with value: 0.018126.
2025-01-02 22:27:08 INFO     Trial 1954 pruned. Trial was pruned at iteration 0.
2025-01-02 22:27:09 INFO     Trial 1955 pruned. Trial was pruned at iteration 1.
2025-01-02 22:27:10 INFO     Trial 1956 finished with value: 0.016833 and parameters: {'max_delta_step': 79.1811313763794, 'colsample_bytree': 0.8899939302232504, 'subsample': 0.8089687777090709, 'min_child_weight': 13.169275472138988, 'min_data_in_leaf': 18.17729614077756, 'lambda': 4.569913926446964, 'alpha': 5.531021210971863, 'max_depth': 5, 'eta': 0.005838060688440057, 'gamma': 3.525124354473199, 'num_boost_rounds': 170}. Best is trial 988 with value: 0.018126.
2025-01-02 22:27:11 INFO     Trial 1957 pruned. Trial was pruned at iteration 1.
2025-01-02 22:27:11 INFO     Trial 1958 pruned. Trial was pruned at iteration 2.
2025-01-02 22:27:12 INFO     Trial 1959 pruned. Trial was pruned at iteration 1.
2025-01-02 22:27:13 INFO     Trial 1960 finished with value: 0.016594 and parameters: {'max_delta_step': 77.59248285434658, 'colsample_bytree': 0.8625344014330745, 'subsample': 0.8403587533590192, 'min_child_weight': 16.566735442192712, 'min_data_in_leaf': 16.893427786805635, 'lambda': 5.112607482316151, 'alpha': 5.714733196700514, 'max_depth': 5, 'eta': 0.005782611662405215, 'gamma': 3.4182319346987815, 'num_boost_rounds': 175}. Best is trial 988 with value: 0.018126.
2025-01-02 22:27:14 INFO     Trial 1961 finished with value: 0.016681 and parameters: {'max_delta_step': 74.00480943249843, 'colsample_bytree': 0.8795939981038676, 'subsample': 0.8120048752656202, 'min_child_weight': 11.105130263688745, 'min_data_in_leaf': 17.532095507298607, 'lambda': 4.322694129192854, 'alpha': 6.296005780034809, 'max_depth': 5, 'eta': 0.010211580361890259, 'gamma': 4.153193717848363, 'num_boost_rounds': 165}. Best is trial 988 with value: 0.018126.
2025-01-02 22:27:14 INFO     Trial 1962 pruned. Trial was pruned at iteration 1.
2025-01-02 22:27:15 INFO     Trial 1963 pruned. Trial was pruned at iteration 2.
2025-01-02 22:27:15 INFO     Trial 1964 pruned. Trial was pruned at iteration 1.
2025-01-02 22:27:16 INFO     Trial 1965 finished with value: 0.016833 and parameters: {'max_delta_step': 68.5524595107221, 'colsample_bytree': 0.8905380697778376, 'subsample': 0.8059269283127288, 'min_child_weight': 12.956563250764127, 'min_data_in_leaf': 17.201430105119318, 'lambda': 4.762202616575884, 'alpha': 5.526546863568874, 'max_depth': 5, 'eta': 0.0051933424887389175, 'gamma': 3.549860736849348, 'num_boost_rounds': 170}. Best is trial 988 with value: 0.018126.
2025-01-02 22:27:17 INFO     Trial 1966 finished with value: 0.018119 and parameters: {'max_delta_step': 77.07797393725698, 'colsample_bytree': 0.8706197532742181, 'subsample': 0.8344642827123263, 'min_child_weight': 16.742456846901483, 'min_data_in_leaf': 18.503994855569513, 'lambda': 4.915555064827764, 'alpha': 5.848650968951273, 'max_depth': 5, 'eta': 0.00014785450243373955, 'gamma': 4.127899792034076, 'num_boost_rounds': 155}. Best is trial 988 with value: 0.018126.
2025-01-02 22:27:18 INFO     Trial 1967 pruned. Trial was pruned at iteration 2.
2025-01-02 22:27:18 INFO     Trial 1968 finished with value: 0.01778 and parameters: {'max_delta_step': 77.76997005283066, 'colsample_bytree': 0.8602422475245969, 'subsample': 0.8423783041323404, 'min_child_weight': 15.143138631224028, 'min_data_in_leaf': 19.370111924753402, 'lambda': 4.6821851829230186, 'alpha': 6.390896111935553, 'max_depth': 5, 'eta': 0.00023873052749170042, 'gamma': 4.110986896857859, 'num_boost_rounds': 155}. Best is trial 988 with value: 0.018126.
2025-01-02 22:27:19 INFO     Trial 1969 pruned. Trial was pruned at iteration 2.
2025-01-02 22:27:20 INFO     Trial 1970 finished with value: 0.018126 and parameters: {'max_delta_step': 77.15126544089155, 'colsample_bytree': 0.8659922564957729, 'subsample': 0.833929156729682, 'min_child_weight': 16.038419138022753, 'min_data_in_leaf': 19.213686160742174, 'lambda': 5.130578003244769, 'alpha': 5.925925735783779, 'max_depth': 5, 'eta': 0.0004260460999848275, 'gamma': 3.980879748201737, 'num_boost_rounds': 70}. Best is trial 988 with value: 0.018126.
2025-01-02 22:27:20 INFO     Trial 1971 pruned. Trial was pruned at iteration 0.
2025-01-02 22:27:21 INFO     Trial 1972 finished with value: 0.018015 and parameters: {'max_delta_step': 74.77908817723278, 'colsample_bytree': 0.8579814961644662, 'subsample': 0.8444694691356934, 'min_child_weight': 14.23104821771702, 'min_data_in_leaf': 19.394054463277175, 'lambda': 5.631733927230793, 'alpha': 6.481590976155251, 'max_depth': 5, 'eta': 0.000171555011427669, 'gamma': 3.866981106980839, 'num_boost_rounds': 45}. Best is trial 988 with value: 0.018126.
2025-01-02 22:27:22 INFO     Trial 1973 pruned. Trial was pruned at iteration 1.
2025-01-02 22:27:23 INFO     Trial 1974 pruned. Trial was pruned at iteration 2.
2025-01-02 22:27:23 INFO     Trial 1975 pruned. Trial was pruned at iteration 1.
2025-01-02 22:27:24 INFO     Trial 1976 pruned. Trial was pruned at iteration 2.
2025-01-02 22:27:25 INFO     Trial 1977 finished with value: 0.01778 and parameters: {'max_delta_step': 77.04779057789852, 'colsample_bytree': 0.8630506217702333, 'subsample': 0.8351493715243554, 'min_child_weight': 11.688332560932528, 'min_data_in_leaf': 19.65121473917475, 'lambda': 5.084924507217819, 'alpha': 6.617749181293315, 'max_depth': 5, 'eta': 0.005327880299688797, 'gamma': 3.8038069564233252, 'num_boost_rounds': 75}. Best is trial 988 with value: 0.018126.
2025-01-02 22:27:26 INFO     Trial 1978 pruned. Trial was pruned at iteration 2.
2025-01-02 22:27:27 INFO     Trial 1979 pruned. Trial was pruned at iteration 1.
2025-01-02 22:27:28 INFO     Trial 1980 finished with value: 0.01778 and parameters: {'max_delta_step': 69.56853258844995, 'colsample_bytree': 0.8647289690946204, 'subsample': 0.8418499126674235, 'min_child_weight': 13.308392527744061, 'min_data_in_leaf': 18.274265004308177, 'lambda': 5.370892433159806, 'alpha': 6.172808396028474, 'max_depth': 5, 'eta': 0.00024381458180045218, 'gamma': 3.780650817889337, 'num_boost_rounds': 70}. Best is trial 988 with value: 0.018126.
2025-01-02 22:27:28 INFO     Trial 1981 pruned. Trial was pruned at iteration 2.
2025-01-02 22:27:29 INFO     Trial 1982 pruned. Trial was pruned at iteration 0.
2025-01-02 22:27:29 INFO     Trial 1983 pruned. Trial was pruned at iteration 2.
2025-01-02 22:27:30 INFO     Trial 1984 pruned. Trial was pruned at iteration 1.
2025-01-02 22:27:31 INFO     Trial 1985 finished with value: 0.01778 and parameters: {'max_delta_step': 68.07622193502034, 'colsample_bytree': 0.8576724063619429, 'subsample': 0.8317969803532828, 'min_child_weight': 17.204002396308752, 'min_data_in_leaf': 18.709420494975877, 'lambda': 5.388474743385531, 'alpha': 6.006837686835968, 'max_depth': 5, 'eta': 0.00022661857276661554, 'gamma': 4.162609721109278, 'num_boost_rounds': 95}. Best is trial 988 with value: 0.018126.
2025-01-02 22:27:32 INFO     Trial 1986 finished with value: 0.016724 and parameters: {'max_delta_step': 78.76656378226463, 'colsample_bytree': 0.8725070971267368, 'subsample': 0.8201721436185052, 'min_child_weight': 14.274903512046807, 'min_data_in_leaf': 19.056437718843377, 'lambda': 5.167211932726678, 'alpha': 6.383593644516681, 'max_depth': 5, 'eta': 0.009991276824048365, 'gamma': 3.757400414047634, 'num_boost_rounds': 70}. Best is trial 988 with value: 0.018126.
2025-01-02 22:27:32 INFO     Trial 1987 finished with value: 0.016594 and parameters: {'max_delta_step': 75.9528917769458, 'colsample_bytree': 0.8654413711996458, 'subsample': 0.8448685966351346, 'min_child_weight': 16.24663539177364, 'min_data_in_leaf': 19.02765167403845, 'lambda': 4.86744849483596, 'alpha': 5.881261353433049, 'max_depth': 5, 'eta': 0.009813195255008213, 'gamma': 4.329365400070867, 'num_boost_rounds': 15}. Best is trial 988 with value: 0.018126.
