2025-01-02 13:54:16 INFO     Trial 907 finished with value: 0.017143 and parameters: {'max_delta_step': 70.20554650735437, 'colsample_bytree': 0.52782879794196, 'subsample': 0.7282874717894633, 'min_child_weight': 77.06873546726027, 'min_data_in_leaf': 17.407901737328352, 'lambda': 9.142349219941153, 'alpha': 0.849223951292563, 'max_depth': 1, 'eta': 0.19028376796500157, 'gamma': 4.9009162974143905, 'num_boost_rounds': 60}. Best is trial 352 with value: 0.017241.
2025-01-02 13:54:17 INFO     Trial 908 pruned. Trial was pruned at iteration 5.
2025-01-02 13:54:18 INFO     Trial 909 finished with value: 0.017143 and parameters: {'max_delta_step': 81.47758211404503, 'colsample_bytree': 0.537342158901747, 'subsample': 0.7205140649957181, 'min_child_weight': 98.2354256309277, 'min_data_in_leaf': 20.953543636891318, 'lambda': 6.5132796798183765, 'alpha': 0.6736736238540958, 'max_depth': 1, 'eta': 0.19678761024946137, 'gamma': 0.16171866921877154, 'num_boost_rounds': 195}. Best is trial 352 with value: 0.017241.
2025-01-02 13:54:18 INFO     Trial 910 pruned. Trial was pruned at iteration 5.
2025-01-02 13:54:19 INFO     Trial 911 pruned. Trial was pruned at iteration 0.
2025-01-02 13:54:19 INFO     Trial 912 finished with value: 0.017143 and parameters: {'max_delta_step': 61.2536271175053, 'colsample_bytree': 0.5005041958874581, 'subsample': 0.7122805396546056, 'min_child_weight': 95.65385600931369, 'min_data_in_leaf': 25.756973815793195, 'lambda': 3.334682387137682, 'alpha': 0.3520498525351067, 'max_depth': 1, 'eta': 0.18965716784160586, 'gamma': 9.002314399789029, 'num_boost_rounds': 90}. Best is trial 352 with value: 0.017241.
2025-01-02 13:54:20 INFO     Trial 913 finished with value: 0.017143 and parameters: {'max_delta_step': 78.9927605693016, 'colsample_bytree': 0.5174458138195316, 'subsample': 0.7286413005853806, 'min_child_weight': 99.97699387752176, 'min_data_in_leaf': 13.252808149291475, 'lambda': 8.904524049988552, 'alpha': 5.735015062778536, 'max_depth': 1, 'eta': 0.19984592223285674, 'gamma': 1.316667214569103, 'num_boost_rounds': 185}. Best is trial 352 with value: 0.017241.
2025-01-02 13:54:20 INFO     Trial 914 pruned. Trial was pruned at iteration 0.
2025-01-02 13:54:21 INFO     Trial 915 pruned. Trial was pruned at iteration 5.
2025-01-02 13:54:21 INFO     Trial 916 pruned. Trial was pruned at iteration 0.
2025-01-02 13:54:22 INFO     Trial 917 pruned. Trial was pruned at iteration 0.
2025-01-02 13:54:22 INFO     Trial 918 finished with value: 0.017143 and parameters: {'max_delta_step': 67.61233945931264, 'colsample_bytree': 0.5089442267817337, 'subsample': 0.7177240508997694, 'min_child_weight': 69.52670298396616, 'min_data_in_leaf': 18.58296664334972, 'lambda': 5.319773311321802, 'alpha': 0.4811101027310209, 'max_depth': 1, 'eta': 0.18716204325496494, 'gamma': 6.985580504843929, 'num_boost_rounds': 190}. Best is trial 352 with value: 0.017241.
2025-01-02 13:54:23 INFO     Trial 919 pruned. Trial was pruned at iteration 0.
2025-01-02 13:54:24 INFO     Trial 920 finished with value: 0.017143 and parameters: {'max_delta_step': 81.79558871433977, 'colsample_bytree': 0.5406003269514968, 'subsample': 0.7287117946840671, 'min_child_weight': 98.05693113051663, 'min_data_in_leaf': 19.22343065732341, 'lambda': 9.65936105321893, 'alpha': 1.4167482237158529, 'max_depth': 1, 'eta': 0.19118421318332204, 'gamma': 1.882044235736441, 'num_boost_rounds': 175}. Best is trial 352 with value: 0.017241.
2025-01-02 13:54:24 INFO     Trial 921 finished with value: 0.017143 and parameters: {'max_delta_step': 63.07333807903659, 'colsample_bytree': 0.5202981962192066, 'subsample': 0.7104069777371458, 'min_child_weight': 65.56125202522853, 'min_data_in_leaf': 12.527058192260892, 'lambda': 9.811127941988744, 'alpha': 1.2089962092579716, 'max_depth': 1, 'eta': 0.1965597913379087, 'gamma': 5.90637183531252, 'num_boost_rounds': 195}. Best is trial 352 with value: 0.017241.
2025-01-02 13:54:25 INFO     Trial 922 pruned. Trial was pruned at iteration 0.
2025-01-02 13:54:25 INFO     Trial 923 finished with value: 0.017143 and parameters: {'max_delta_step': 89.44459057507056, 'colsample_bytree': 0.5673384462178268, 'subsample': 0.7211852034389244, 'min_child_weight': 72.66357501516435, 'min_data_in_leaf': 18.920978758390625, 'lambda': 9.525262553634366, 'alpha': 1.015131611672571, 'max_depth': 1, 'eta': 0.19396962818683378, 'gamma': 3.7037761115993324, 'num_boost_rounds': 185}. Best is trial 352 with value: 0.017241.
2025-01-02 13:54:26 INFO     Trial 924 finished with value: 0.017143 and parameters: {'max_delta_step': 84.2622657569695, 'colsample_bytree': 0.534799393133505, 'subsample': 0.7287417759956836, 'min_child_weight': 83.81918819062668, 'min_data_in_leaf': 14.156658542425507, 'lambda': 8.424774331099181, 'alpha': 1.297103419433657, 'max_depth': 1, 'eta': 0.1888527148721006, 'gamma': 5.583924937863453, 'num_boost_rounds': 200}. Best is trial 352 with value: 0.017241.
2025-01-02 13:54:27 INFO     Trial 925 finished with value: 0.017137 and parameters: {'max_delta_step': 59.7577876252461, 'colsample_bytree': 0.5165769151231923, 'subsample': 0.699276743600127, 'min_child_weight': 98.34467627873983, 'min_data_in_leaf': 19.53484176418341, 'lambda': 9.077400988237466, 'alpha': 0.6829306372436226, 'max_depth': 1, 'eta': 0.1960659886999467, 'gamma': 4.1070937639685, 'num_boost_rounds': 180}. Best is trial 352 with value: 0.017241.
2025-01-02 13:54:27 INFO     Trial 926 finished with value: 0.017137 and parameters: {'max_delta_step': 74.1983228280671, 'colsample_bytree': 0.5003647465333899, 'subsample': 0.7086844908162987, 'min_child_weight': 68.10040664194034, 'min_data_in_leaf': 20.102860846515917, 'lambda': 9.291564238020737, 'alpha': 0.9451586641922505, 'max_depth': 1, 'eta': 0.1911400690077103, 'gamma': 1.5389788147517225, 'num_boost_rounds': 190}. Best is trial 352 with value: 0.017241.
2025-01-02 13:54:28 INFO     Trial 927 pruned. Trial was pruned at iteration 0.
2025-01-02 13:54:29 INFO     Trial 928 pruned. Trial was pruned at iteration 9.
2025-01-02 13:54:29 INFO     Trial 929 pruned. Trial was pruned at iteration 0.
2025-01-02 13:54:29 INFO     Trial 930 pruned. Trial was pruned at iteration 0.
2025-01-02 13:54:30 INFO     Trial 931 pruned. Trial was pruned at iteration 0.
2025-01-02 13:54:30 INFO     Trial 932 pruned. Trial was pruned at iteration 0.
2025-01-02 13:54:31 INFO     Trial 933 pruned. Trial was pruned at iteration 5.
2025-01-02 13:54:31 INFO     Trial 934 pruned. Trial was pruned at iteration 0.
2025-01-02 13:54:32 INFO     Trial 935 pruned. Trial was pruned at iteration 0.
2025-01-02 13:54:32 INFO     Trial 936 pruned. Trial was pruned at iteration 0.
2025-01-02 13:54:33 INFO     Trial 937 pruned. Trial was pruned at iteration 5.
2025-01-02 13:54:33 INFO     Trial 938 pruned. Trial was pruned at iteration 0.
2025-01-02 13:54:34 INFO     Trial 939 pruned. Trial was pruned at iteration 0.
2025-01-02 13:54:34 INFO     Trial 940 finished with value: 0.017137 and parameters: {'max_delta_step': 82.83517160120714, 'colsample_bytree': 0.5096701558762552, 'subsample': 0.6963449160389391, 'min_child_weight': 73.84862130731734, 'min_data_in_leaf': 18.935463221650622, 'lambda': 9.988507611648215, 'alpha': 0.854591640001554, 'max_depth': 1, 'eta': 0.1915389776821356, 'gamma': 6.024899779781367, 'num_boost_rounds': 180}. Best is trial 352 with value: 0.017241.
2025-01-02 13:54:35 INFO     Trial 941 pruned. Trial was pruned at iteration 0.
2025-01-02 13:54:35 INFO     Trial 942 pruned. Trial was pruned at iteration 0.
2025-01-02 13:54:36 INFO     Trial 943 finished with value: 0.017143 and parameters: {'max_delta_step': 79.46516788463629, 'colsample_bytree': 0.5187553387711595, 'subsample': 0.7230950337009265, 'min_child_weight': 78.54645249249755, 'min_data_in_leaf': 18.322254586801193, 'lambda': 8.669431722073002, 'alpha': 1.0274659555074628, 'max_depth': 1, 'eta': 0.18921028932933798, 'gamma': 4.126590826133948, 'num_boost_rounds': 185}. Best is trial 352 with value: 0.017241.
2025-01-02 13:54:37 INFO     Trial 944 finished with value: 0.017137 and parameters: {'max_delta_step': 84.85191572682731, 'colsample_bytree': 0.5510441579476267, 'subsample': 0.7067177462236488, 'min_child_weight': 70.21348970844602, 'min_data_in_leaf': 23.348248380922243, 'lambda': 9.657083071898404, 'alpha': 0.796912299544208, 'max_depth': 1, 'eta': 0.19690421357531612, 'gamma': 5.504940783450508, 'num_boost_rounds': 175}. Best is trial 352 with value: 0.017241.
2025-01-02 13:54:37 INFO     Trial 945 pruned. Trial was pruned at iteration 0.
2025-01-02 13:54:37 INFO     Trial 946 pruned. Trial was pruned at iteration 0.
2025-01-02 13:54:38 INFO     Trial 947 pruned. Trial was pruned at iteration 0.
2025-01-02 13:54:38 INFO     Trial 948 pruned. Trial was pruned at iteration 0.
2025-01-02 13:54:39 INFO     Trial 949 pruned. Trial was pruned at iteration 0.
2025-01-02 13:54:39 INFO     Trial 950 pruned. Trial was pruned at iteration 5.
2025-01-02 13:54:40 INFO     Trial 951 finished with value: 0.017139 and parameters: {'max_delta_step': 60.32261711998967, 'colsample_bytree': 0.5422224581139633, 'subsample': 0.6791191136139166, 'min_child_weight': 80.85851279366207, 'min_data_in_leaf': 18.710100722757613, 'lambda': 9.996192807442247, 'alpha': 4.5268293256868155, 'max_depth': 1, 'eta': 0.19648249652330244, 'gamma': 0.7187900877235376, 'num_boost_rounds': 175}. Best is trial 352 with value: 0.017241.
2025-01-02 13:54:41 INFO     Trial 952 pruned. Trial was pruned at iteration 9.
2025-01-02 13:54:41 INFO     Trial 953 pruned. Trial was pruned at iteration 0.
2025-01-02 13:54:42 INFO     Trial 954 finished with value: 0.017137 and parameters: {'max_delta_step': 55.25561775071045, 'colsample_bytree': 0.5218940278184663, 'subsample': 0.6442246767652339, 'min_child_weight': 96.82104346890505, 'min_data_in_leaf': 18.48528830797566, 'lambda': 9.344095491467462, 'alpha': 0.8430228588404671, 'max_depth': 1, 'eta': 0.1936771234674488, 'gamma': 6.1836491485923535, 'num_boost_rounds': 200}. Best is trial 352 with value: 0.017241.
2025-01-02 13:54:42 INFO     Trial 955 pruned. Trial was pruned at iteration 5.
2025-01-02 13:54:43 INFO     Trial 956 pruned. Trial was pruned at iteration 0.
2025-01-02 13:54:43 INFO     Trial 957 pruned. Trial was pruned at iteration 0.
2025-01-02 13:54:44 INFO     Trial 958 pruned. Trial was pruned at iteration 5.
2025-01-02 13:54:45 INFO     Trial 959 finished with value: 0.017143 and parameters: {'max_delta_step': 80.03994777670918, 'colsample_bytree': 0.5088630211756487, 'subsample': 0.7220252937348786, 'min_child_weight': 13.850669615254304, 'min_data_in_leaf': 19.848731220799788, 'lambda': 8.15025848440646, 'alpha': 1.221426466050686, 'max_depth': 1, 'eta': 0.1877714771258212, 'gamma': 4.296839068139421, 'num_boost_rounds': 190}. Best is trial 352 with value: 0.017241.
2025-01-02 13:54:45 INFO     Trial 960 pruned. Trial was pruned at iteration 0.
2025-01-02 13:54:46 INFO     Trial 961 pruned. Trial was pruned at iteration 9.
2025-01-02 13:54:46 INFO     Trial 962 pruned. Trial was pruned at iteration 0.
2025-01-02 13:54:47 INFO     Trial 963 pruned. Trial was pruned at iteration 0.
2025-01-02 13:54:47 INFO     Trial 964 pruned. Trial was pruned at iteration 0.
2025-01-02 13:54:47 INFO     Trial 965 pruned. Trial was pruned at iteration 0.
2025-01-02 13:54:48 INFO     Trial 966 finished with value: 0.017143 and parameters: {'max_delta_step': 83.70524418971664, 'colsample_bytree': 0.5295917404198289, 'subsample': 0.7119209557851007, 'min_child_weight': 75.0288801344368, 'min_data_in_leaf': 14.461162807087767, 'lambda': 9.182616723154572, 'alpha': 1.3012324173583756, 'max_depth': 1, 'eta': 0.1910291682530297, 'gamma': 2.2177116530134353, 'num_boost_rounds': 165}. Best is trial 352 with value: 0.017241.
2025-01-02 13:54:49 INFO     Trial 967 finished with value: 0.017143 and parameters: {'max_delta_step': 76.47612796025489, 'colsample_bytree': 0.5147909265872727, 'subsample': 0.7278925076550314, 'min_child_weight': 81.87013055786804, 'min_data_in_leaf': 18.522859501031906, 'lambda': 9.995187850316974, 'alpha': 0.7485273629958171, 'max_depth': 1, 'eta': 0.19719977469758604, 'gamma': 5.7097785869009945, 'num_boost_rounds': 185}. Best is trial 352 with value: 0.017241.
2025-01-02 13:54:50 INFO     Trial 968 finished with value: 0.017143 and parameters: {'max_delta_step': 54.08855105844463, 'colsample_bytree': 0.5094360107550464, 'subsample': 0.7203557368027791, 'min_child_weight': 70.60601186550988, 'min_data_in_leaf': 20.535491896189832, 'lambda': 2.890063025517857, 'alpha': 1.0975733545181732, 'max_depth': 1, 'eta': 0.1892071021577115, 'gamma': 1.9333706584290047, 'num_boost_rounds': 200}. Best is trial 352 with value: 0.017241.
2025-01-02 13:54:50 INFO     Trial 969 pruned. Trial was pruned at iteration 0.
2025-01-02 13:54:50 INFO     Trial 970 pruned. Trial was pruned at iteration 0.
2025-01-02 13:54:51 INFO     Trial 971 pruned. Trial was pruned at iteration 5.
2025-01-02 13:54:52 INFO     Trial 972 finished with value: 0.017137 and parameters: {'max_delta_step': 72.02858947744569, 'colsample_bytree': 0.5197970840703392, 'subsample': 0.7074151916391349, 'min_child_weight': 93.34223180118805, 'min_data_in_leaf': 18.26045925566136, 'lambda': 9.80950698649691, 'alpha': 1.7476315138943117, 'max_depth': 1, 'eta': 0.19304975473366764, 'gamma': 1.7015996381387042, 'num_boost_rounds': 175}. Best is trial 352 with value: 0.017241.
2025-01-02 13:54:52 INFO     Trial 973 finished with value: 0.017143 and parameters: {'max_delta_step': 60.227024719368586, 'colsample_bytree': 0.5482450287540583, 'subsample': 0.7271017532518647, 'min_child_weight': 72.02057589104736, 'min_data_in_leaf': 18.77039717677809, 'lambda': 9.567444962121495, 'alpha': 0.9736802462982186, 'max_depth': 1, 'eta': 0.19986722701108361, 'gamma': 5.906191635913794, 'num_boost_rounds': 195}. Best is trial 352 with value: 0.017241.
2025-01-02 13:54:53 INFO     Trial 974 pruned. Trial was pruned at iteration 5.
2025-01-02 13:54:53 INFO     Trial 975 pruned. Trial was pruned at iteration 0.
2025-01-02 13:54:54 INFO     Trial 976 pruned. Trial was pruned at iteration 0.
2025-01-02 13:54:54 INFO     Trial 977 pruned. Trial was pruned at iteration 5.
2025-01-02 13:54:55 INFO     Trial 978 pruned. Trial was pruned at iteration 0.
2025-01-02 13:54:55 INFO     Trial 979 pruned. Trial was pruned at iteration 9.
2025-01-02 13:54:56 INFO     Trial 980 pruned. Trial was pruned at iteration 0.
2025-01-02 13:54:56 INFO     Trial 981 pruned. Trial was pruned at iteration 0.
2025-01-02 13:54:57 INFO     Trial 982 pruned. Trial was pruned at iteration 0.
2025-01-02 13:54:58 INFO     Trial 983 finished with value: 0.017137 and parameters: {'max_delta_step': 78.60456736695372, 'colsample_bytree': 0.5413152452905935, 'subsample': 0.5197409501607693, 'min_child_weight': 94.42517069098221, 'min_data_in_leaf': 18.262403231140105, 'lambda': 7.405574666584581, 'alpha': 0.9176832681964134, 'max_depth': 1, 'eta': 0.19609209163571292, 'gamma': 1.880423664313374, 'num_boost_rounds': 185}. Best is trial 352 with value: 0.017241.
2025-01-02 13:54:58 INFO     Trial 984 pruned. Trial was pruned at iteration 5.
2025-01-02 13:54:59 INFO     Trial 985 pruned. Trial was pruned at iteration 0.
2025-01-02 13:54:59 INFO     Trial 986 finished with value: 0.017137 and parameters: {'max_delta_step': 69.00647912159894, 'colsample_bytree': 0.5087687820400878, 'subsample': 0.6684746778350453, 'min_child_weight': 71.84622554713887, 'min_data_in_leaf': 12.777026167125626, 'lambda': 3.9609186442226885, 'alpha': 1.1255558813933377, 'max_depth': 1, 'eta': 0.18846973032487194, 'gamma': 6.307320333100431, 'num_boost_rounds': 195}. Best is trial 352 with value: 0.017241.
2025-01-02 13:55:00 INFO     Trial 987 pruned. Trial was pruned at iteration 5.
2025-01-02 13:55:00 INFO     Trial 988 finished with value: 0.017137 and parameters: {'max_delta_step': 61.68998053665144, 'colsample_bytree': 0.5233469794818584, 'subsample': 0.7069391812861058, 'min_child_weight': 75.70836360766353, 'min_data_in_leaf': 18.644200165444744, 'lambda': 9.411589344095926, 'alpha': 0.8113663745557764, 'max_depth': 1, 'eta': 0.19417983101226285, 'gamma': 3.9696288514324323, 'num_boost_rounds': 180}. Best is trial 352 with value: 0.017241.
2025-01-02 13:55:01 INFO     Trial 989 pruned. Trial was pruned at iteration 0.
2025-01-02 13:55:02 INFO     Trial 990 pruned. Trial was pruned at iteration 5.
2025-01-02 13:55:02 INFO     Trial 991 finished with value: 0.017139 and parameters: {'max_delta_step': 55.74901811999936, 'colsample_bytree': 0.5002120951841563, 'subsample': 0.6850804595733826, 'min_child_weight': 99.97340144332271, 'min_data_in_leaf': 19.855166461033782, 'lambda': 9.833704216022946, 'alpha': 0.662698008201984, 'max_depth': 1, 'eta': 0.19698969307002528, 'gamma': 1.1185026501232205, 'num_boost_rounds': 195}. Best is trial 352 with value: 0.017241.
2025-01-02 13:55:03 INFO     Trial 992 pruned. Trial was pruned at iteration 0.
2025-01-02 13:55:03 INFO     Trial 993 finished with value: 0.017137 and parameters: {'max_delta_step': 72.78799673877013, 'colsample_bytree': 0.5177329163943695, 'subsample': 0.7051394520710897, 'min_child_weight': 91.61025103116782, 'min_data_in_leaf': 18.381668176751553, 'lambda': 9.55432403147854, 'alpha': 0.8971514192664778, 'max_depth': 1, 'eta': 0.19999679337267307, 'gamma': 4.168292295602706, 'num_boost_rounds': 190}. Best is trial 352 with value: 0.017241.
2025-01-02 13:55:04 INFO     Trial 994 pruned. Trial was pruned at iteration 5.
2025-01-02 13:55:04 INFO     Trial 995 pruned. Trial was pruned at iteration 0.
2025-01-02 13:55:05 INFO     Trial 996 pruned. Trial was pruned at iteration 5.
2025-01-02 13:55:05 INFO     Trial 997 pruned. Trial was pruned at iteration 5.
2025-01-02 13:55:06 INFO     Trial 998 pruned. Trial was pruned at iteration 5.
2025-01-02 13:55:07 INFO     Trial 999 pruned. Trial was pruned at iteration 9.
2025-01-02 17:36:56 INFO     A new study created in RDB with name: xgboost-starbucks-irr_with_v2-scaled_adjusted_parms12
2025-01-02 17:36:56 INFO     Trial 0 finished with value: 0.016995 and parameters: {'max_delta_step': 63.88696343059936, 'colsample_bytree': 0.7153078699047937, 'subsample': 0.5374693695785863, 'min_child_weight': 45.074090533324465, 'min_data_in_leaf': 17.189001421009838, 'lambda': 8.879857369423199, 'alpha': 3.5885174817953245, 'max_depth': 1, 'eta': 0.1791837805656186, 'gamma': 5.019343379893129, 'num_boost_rounds': 30}. Best is trial 0 with value: 0.016995.
2025-01-02 17:36:58 INFO     Trial 1 finished with value: 0.016684 and parameters: {'max_delta_step': 87.76335193000044, 'colsample_bytree': 0.8784770989270576, 'subsample': 0.835733833971898, 'min_child_weight': 89.99220591555284, 'min_data_in_leaf': 28.453365698595825, 'lambda': 1.4301207288103797, 'alpha': 0.945461063547467, 'max_depth': 5, 'eta': 0.2066932963570455, 'gamma': 8.32780154164895, 'num_boost_rounds': 20}. Best is trial 0 with value: 0.016995.
2025-01-02 17:36:59 INFO     Trial 2 finished with value: 0.011777 and parameters: {'max_delta_step': 81.64690877647192, 'colsample_bytree': 0.5344768127557115, 'subsample': 0.7392207634349671, 'min_child_weight': 83.90924907878222, 'min_data_in_leaf': 25.06103958569347, 'lambda': 2.5681242513614237, 'alpha': 5.074354171131696, 'max_depth': 3, 'eta': 0.20444022041898469, 'gamma': 5.981569231653112, 'num_boost_rounds': 25}. Best is trial 0 with value: 0.016995.
2025-01-02 17:36:59 INFO     Trial 3 finished with value: 0.013842 and parameters: {'max_delta_step': 30.708472192832502, 'colsample_bytree': 0.8221883547118034, 'subsample': 0.8896322800564788, 'min_child_weight': 43.214871007578445, 'min_data_in_leaf': 16.372028682774495, 'lambda': 6.737887592296207, 'alpha': 9.994858287417768, 'max_depth': 5, 'eta': 0.037556216776566585, 'gamma': 1.785380780960416, 'num_boost_rounds': 60}. Best is trial 0 with value: 0.016995.
2025-01-02 17:37:00 INFO     Trial 4 finished with value: 0.015134 and parameters: {'max_delta_step': 97.84365556551863, 'colsample_bytree': 0.7636550083415002, 'subsample': 0.8446696262540248, 'min_child_weight': 98.51281434247406, 'min_data_in_leaf': 25.79199571323729, 'lambda': 6.10824864883273, 'alpha': 6.342084053109859, 'max_depth': 5, 'eta': 0.092210070858829, 'gamma': 6.828238124500665, 'num_boost_rounds': 65}. Best is trial 0 with value: 0.016995.
2025-01-02 17:37:00 INFO     Trial 5 pruned. Trial was pruned at iteration 0.
2025-01-02 17:37:01 INFO     Trial 6 pruned. Trial was pruned at iteration 0.
2025-01-02 17:37:01 INFO     Trial 7 pruned. Trial was pruned at iteration 0.
2025-01-02 17:37:01 INFO     Trial 8 pruned. Trial was pruned at iteration 1.
2025-01-02 17:37:02 INFO     Trial 9 pruned. Trial was pruned at iteration 0.
2025-01-02 17:37:02 INFO     Trial 10 finished with value: 0.009643 and parameters: {'max_delta_step': 52.37382655313717, 'colsample_bytree': 0.9815379930939983, 'subsample': 0.5121130003897449, 'min_child_weight': 65.0444568949613, 'min_data_in_leaf': 19.099045444324876, 'lambda': 9.76044293490141, 'alpha': 3.1153118725043036, 'max_depth': 1, 'eta': 0.29673520108105345, 'gamma': 0.16526825533198597, 'num_boost_rounds': 125}. Best is trial 0 with value: 0.016995.
2025-01-02 17:37:03 INFO     Trial 11 finished with value: 0.006536 and parameters: {'max_delta_step': 65.50624889592855, 'colsample_bytree': 0.6700724907196276, 'subsample': 0.968254204530786, 'min_child_weight': 35.63529616182588, 'min_data_in_leaf': 20.859587307413772, 'lambda': 0.4280845959075599, 'alpha': 0.10904770775132988, 'max_depth': 1, 'eta': 0.19245960958244654, 'gamma': 9.982824947160854, 'num_boost_rounds': 10}. Best is trial 0 with value: 0.016995.
2025-01-02 17:37:03 INFO     Trial 12 pruned. Trial was pruned at iteration 2.
2025-01-02 17:37:04 INFO     Trial 13 pruned. Trial was pruned at iteration 0.
2025-01-02 17:37:04 INFO     Trial 14 pruned. Trial was pruned at iteration 0.
