2025-01-02 13:53:04 INFO     Trial 770 pruned. Trial was pruned at iteration 0.
2025-01-02 13:53:05 INFO     Trial 771 pruned. Trial was pruned at iteration 9.
2025-01-02 13:53:05 INFO     Trial 772 pruned. Trial was pruned at iteration 0.
2025-01-02 13:53:05 INFO     Trial 773 pruned. Trial was pruned at iteration 0.
2025-01-02 13:53:06 INFO     Trial 774 pruned. Trial was pruned at iteration 0.
2025-01-02 13:53:07 INFO     Trial 775 pruned. Trial was pruned at iteration 9.
2025-01-02 13:53:07 INFO     Trial 776 pruned. Trial was pruned at iteration 0.
2025-01-02 13:53:07 INFO     Trial 777 pruned. Trial was pruned at iteration 0.
2025-01-02 13:53:08 INFO     Trial 778 finished with value: 0.017137 and parameters: {'max_delta_step': 56.32930458987673, 'colsample_bytree': 0.5383964698554417, 'subsample': 0.7047164557340235, 'min_child_weight': 98.26063836053024, 'min_data_in_leaf': 17.535054209715852, 'lambda': 9.820335565084514, 'alpha': 1.7216398919308102, 'max_depth': 1, 'eta': 0.19997613364301148, 'gamma': 2.7981293864464707, 'num_boost_rounds': 185}. Best is trial 352 with value: 0.017241.
2025-01-02 13:53:08 INFO     Trial 779 pruned. Trial was pruned at iteration 0.
2025-01-02 13:53:09 INFO     Trial 780 pruned. Trial was pruned at iteration 0.
2025-01-02 13:53:09 INFO     Trial 781 pruned. Trial was pruned at iteration 0.
2025-01-02 13:53:10 INFO     Trial 782 pruned. Trial was pruned at iteration 9.
2025-01-02 13:53:10 INFO     Trial 783 pruned. Trial was pruned at iteration 0.
2025-01-02 13:53:11 INFO     Trial 784 pruned. Trial was pruned at iteration 9.
2025-01-02 13:53:12 INFO     Trial 785 finished with value: 0.017139 and parameters: {'max_delta_step': 85.9750270168632, 'colsample_bytree': 0.5415515449668691, 'subsample': 0.6864394038828884, 'min_child_weight': 99.93413405596996, 'min_data_in_leaf': 21.279841832799004, 'lambda': 8.93615880454913, 'alpha': 7.5540953045045605, 'max_depth': 1, 'eta': 0.19999776154087506, 'gamma': 1.5476183396290124, 'num_boost_rounds': 200}. Best is trial 352 with value: 0.017241.
2025-01-02 13:53:12 INFO     Trial 786 pruned. Trial was pruned at iteration 5.
2025-01-02 13:53:13 INFO     Trial 787 pruned. Trial was pruned at iteration 0.
2025-01-02 13:53:13 INFO     Trial 788 finished with value: 0.017137 and parameters: {'max_delta_step': 69.89962554074592, 'colsample_bytree': 0.5299149649627583, 'subsample': 0.6965378338572652, 'min_child_weight': 80.37013144063069, 'min_data_in_leaf': 18.998255081157723, 'lambda': 9.562123668959153, 'alpha': 0.8801204782393729, 'max_depth': 1, 'eta': 0.1898487817637754, 'gamma': 3.7426276090020494, 'num_boost_rounds': 180}. Best is trial 352 with value: 0.017241.
2025-01-02 13:53:14 INFO     Trial 789 pruned. Trial was pruned at iteration 0.
2025-01-02 13:53:14 INFO     Trial 790 pruned. Trial was pruned at iteration 0.
2025-01-02 13:53:15 INFO     Trial 791 pruned. Trial was pruned at iteration 0.
2025-01-02 13:53:15 INFO     Trial 792 pruned. Trial was pruned at iteration 0.
2025-01-02 13:53:15 INFO     Trial 793 pruned. Trial was pruned at iteration 0.
2025-01-02 13:53:16 INFO     Trial 794 pruned. Trial was pruned at iteration 0.
2025-01-02 13:53:16 INFO     Trial 795 pruned. Trial was pruned at iteration 0.
2025-01-02 13:53:17 INFO     Trial 796 pruned. Trial was pruned at iteration 0.
2025-01-02 13:53:18 INFO     Trial 797 finished with value: 0.017137 and parameters: {'max_delta_step': 75.97407329686784, 'colsample_bytree': 0.5097406072867086, 'subsample': 0.7038882036304658, 'min_child_weight': 71.87284439337697, 'min_data_in_leaf': 18.482148205808905, 'lambda': 9.652676038149735, 'alpha': 1.298743805524772, 'max_depth': 1, 'eta': 0.1943925435122195, 'gamma': 6.6164976754362685, 'num_boost_rounds': 170}. Best is trial 352 with value: 0.017241.
2025-01-02 13:53:18 INFO     Trial 798 pruned. Trial was pruned at iteration 0.
2025-01-02 13:53:18 INFO     Trial 799 pruned. Trial was pruned at iteration 0.
2025-01-02 13:53:19 INFO     Trial 800 pruned. Trial was pruned at iteration 5.
2025-01-02 13:53:19 INFO     Trial 801 pruned. Trial was pruned at iteration 0.
2025-01-02 13:53:20 INFO     Trial 802 finished with value: 0.017137 and parameters: {'max_delta_step': 60.910138408655335, 'colsample_bytree': 0.5443686383611064, 'subsample': 0.7003479657332959, 'min_child_weight': 98.25258232917447, 'min_data_in_leaf': 18.777732348650556, 'lambda': 9.82193272916679, 'alpha': 0.8590208998836869, 'max_depth': 1, 'eta': 0.18820678402403174, 'gamma': 2.0268278729827154, 'num_boost_rounds': 185}. Best is trial 352 with value: 0.017241.
2025-01-02 13:53:20 INFO     Trial 803 pruned. Trial was pruned at iteration 0.
2025-01-02 13:53:21 INFO     Trial 804 pruned. Trial was pruned at iteration 0.
2025-01-02 13:53:21 INFO     Trial 805 finished with value: 0.017143 and parameters: {'max_delta_step': 51.18950539646654, 'colsample_bytree': 0.5575622511630909, 'subsample': 0.7104382280047251, 'min_child_weight': 68.91211268247021, 'min_data_in_leaf': 18.41430189072682, 'lambda': 9.996788192765262, 'alpha': 1.3982162968074934, 'max_depth': 1, 'eta': 0.1971637738059583, 'gamma': 5.048142603946207, 'num_boost_rounds': 195}. Best is trial 352 with value: 0.017241.
2025-01-02 13:53:22 INFO     Trial 806 pruned. Trial was pruned at iteration 5.
2025-01-02 13:53:22 INFO     Trial 807 pruned. Trial was pruned at iteration 0.
2025-01-02 13:53:23 INFO     Trial 808 finished with value: 0.017143 and parameters: {'max_delta_step': 63.842872040994635, 'colsample_bytree': 0.5090343110113865, 'subsample': 0.7205264238653929, 'min_child_weight': 25.10031787239807, 'min_data_in_leaf': 16.465508229492688, 'lambda': 9.252022735828305, 'alpha': 1.7880271917269628, 'max_depth': 1, 'eta': 0.19192853595582357, 'gamma': 4.085585529308524, 'num_boost_rounds': 185}. Best is trial 352 with value: 0.017241.
2025-01-02 13:53:24 INFO     Trial 809 pruned. Trial was pruned at iteration 9.
2025-01-02 13:53:24 INFO     Trial 810 pruned. Trial was pruned at iteration 9.
2025-01-02 13:53:25 INFO     Trial 811 pruned. Trial was pruned at iteration 0.
2025-01-02 13:53:25 INFO     Trial 812 finished with value: 0.017143 and parameters: {'max_delta_step': 57.832914901266875, 'colsample_bytree': 0.5182812024114274, 'subsample': 0.7200836399895187, 'min_child_weight': 99.90704730703926, 'min_data_in_leaf': 19.910862705637086, 'lambda': 9.997534673261304, 'alpha': 0.9488537968590471, 'max_depth': 1, 'eta': 0.1885033313213064, 'gamma': 4.858947689277564, 'num_boost_rounds': 180}. Best is trial 352 with value: 0.017241.
2025-01-02 13:53:26 INFO     Trial 813 pruned. Trial was pruned at iteration 0.
2025-01-02 13:53:27 INFO     Trial 814 finished with value: 0.017137 and parameters: {'max_delta_step': 73.42616202288185, 'colsample_bytree': 0.5002739359648208, 'subsample': 0.5496866907758232, 'min_child_weight': 97.69567773679684, 'min_data_in_leaf': 18.163367516713375, 'lambda': 9.772787752068886, 'alpha': 1.1811656816966956, 'max_depth': 1, 'eta': 0.1916177336327704, 'gamma': 6.261132716013697, 'num_boost_rounds': 185}. Best is trial 352 with value: 0.017241.
2025-01-02 13:53:27 INFO     Trial 815 pruned. Trial was pruned at iteration 9.
2025-01-02 13:53:28 INFO     Trial 816 pruned. Trial was pruned at iteration 9.
2025-01-02 13:53:28 INFO     Trial 817 pruned. Trial was pruned at iteration 5.
2025-01-02 13:53:29 INFO     Trial 818 finished with value: 0.017143 and parameters: {'max_delta_step': 55.57117821648787, 'colsample_bytree': 0.5093766831224912, 'subsample': 0.7182231643310325, 'min_child_weight': 98.30567565295338, 'min_data_in_leaf': 18.66343827254632, 'lambda': 9.041125264656717, 'alpha': 0.4193750693419183, 'max_depth': 1, 'eta': 0.193117442112134, 'gamma': 4.4913550198020955, 'num_boost_rounds': 180}. Best is trial 352 with value: 0.017241.
2025-01-02 13:53:30 INFO     Trial 819 pruned. Trial was pruned at iteration 0.
2025-01-02 13:53:30 INFO     Trial 820 pruned. Trial was pruned at iteration 5.
2025-01-02 13:53:31 INFO     Trial 821 pruned. Trial was pruned at iteration 0.
2025-01-02 13:53:31 INFO     Trial 822 pruned. Trial was pruned at iteration 0.
2025-01-02 13:53:32 INFO     Trial 823 finished with value: 0.017137 and parameters: {'max_delta_step': 62.53424939671523, 'colsample_bytree': 0.5081626647391595, 'subsample': 0.7069470536654374, 'min_child_weight': 96.87037423034192, 'min_data_in_leaf': 19.771829672308346, 'lambda': 5.034437622893721, 'alpha': 0.8736983040533858, 'max_depth': 1, 'eta': 0.1901907336854708, 'gamma': 3.5143896393150076, 'num_boost_rounds': 185}. Best is trial 352 with value: 0.017241.
2025-01-02 13:53:32 INFO     Trial 824 pruned. Trial was pruned at iteration 0.
2025-01-02 13:53:33 INFO     Trial 825 pruned. Trial was pruned at iteration 5.
2025-01-02 13:53:33 INFO     Trial 826 pruned. Trial was pruned at iteration 5.
2025-01-02 13:53:34 INFO     Trial 827 pruned. Trial was pruned at iteration 0.
2025-01-02 13:53:34 INFO     Trial 828 pruned. Trial was pruned at iteration 5.
2025-01-02 13:53:35 INFO     Trial 829 pruned. Trial was pruned at iteration 0.
2025-01-02 13:53:35 INFO     Trial 830 finished with value: 0.017137 and parameters: {'max_delta_step': 56.94999196475706, 'colsample_bytree': 0.5434905233213393, 'subsample': 0.6787969081751981, 'min_child_weight': 74.72410030647052, 'min_data_in_leaf': 18.84542238553927, 'lambda': 2.654159058375485, 'alpha': 0.9601031225273318, 'max_depth': 1, 'eta': 0.1868340715768324, 'gamma': 3.7805525548001473, 'num_boost_rounds': 190}. Best is trial 352 with value: 0.017241.
2025-01-02 13:53:36 INFO     Trial 831 pruned. Trial was pruned at iteration 0.
2025-01-02 13:53:36 INFO     Trial 832 pruned. Trial was pruned at iteration 5.
2025-01-02 13:53:37 INFO     Trial 833 pruned. Trial was pruned at iteration 0.
2025-01-02 13:53:37 INFO     Trial 834 pruned. Trial was pruned at iteration 0.
2025-01-02 13:53:38 INFO     Trial 835 finished with value: 0.017143 and parameters: {'max_delta_step': 59.228079310541794, 'colsample_bytree': 0.5345076476981164, 'subsample': 0.7268233971912493, 'min_child_weight': 99.95849804942367, 'min_data_in_leaf': 17.660014624500604, 'lambda': 8.637530889291588, 'alpha': 1.0958583303224279, 'max_depth': 1, 'eta': 0.19662954829519516, 'gamma': 4.350715669968246, 'num_boost_rounds': 190}. Best is trial 352 with value: 0.017241.
2025-01-02 13:53:39 INFO     Trial 836 finished with value: 0.017143 and parameters: {'max_delta_step': 70.05842605127846, 'colsample_bytree': 0.5203973117129616, 'subsample': 0.7121927535918652, 'min_child_weight': 77.15429983813875, 'min_data_in_leaf': 18.474842012929862, 'lambda': 9.376044251488624, 'alpha': 0.8712319903859606, 'max_depth': 1, 'eta': 0.19256793623837892, 'gamma': 5.751896176552276, 'num_boost_rounds': 195}. Best is trial 352 with value: 0.017241.
2025-01-02 13:53:39 INFO     Trial 837 pruned. Trial was pruned at iteration 9.
2025-01-02 13:53:40 INFO     Trial 838 pruned. Trial was pruned at iteration 0.
2025-01-02 13:53:40 INFO     Trial 839 pruned. Trial was pruned at iteration 0.
2025-01-02 13:53:40 INFO     Trial 840 pruned. Trial was pruned at iteration 0.
2025-01-02 13:53:41 INFO     Trial 841 pruned. Trial was pruned at iteration 9.
2025-01-02 13:53:42 INFO     Trial 842 pruned. Trial was pruned at iteration 0.
2025-01-02 13:53:42 INFO     Trial 843 pruned. Trial was pruned at iteration 0.
2025-01-02 13:53:43 INFO     Trial 844 finished with value: 0.017137 and parameters: {'max_delta_step': 74.47575598105767, 'colsample_bytree': 0.5253513160453129, 'subsample': 0.6247198361270195, 'min_child_weight': 77.76267299246784, 'min_data_in_leaf': 18.669379186153257, 'lambda': 9.834689873157707, 'alpha': 0.7570419996159823, 'max_depth': 1, 'eta': 0.1937496944295762, 'gamma': 5.087647263054328, 'num_boost_rounds': 185}. Best is trial 352 with value: 0.017241.
2025-01-02 13:53:43 INFO     Trial 845 pruned. Trial was pruned at iteration 0.
2025-01-02 13:53:44 INFO     Trial 846 pruned. Trial was pruned at iteration 9.
2025-01-02 13:53:44 INFO     Trial 847 pruned. Trial was pruned at iteration 0.
2025-01-02 13:53:45 INFO     Trial 848 pruned. Trial was pruned at iteration 5.
2025-01-02 13:53:46 INFO     Trial 849 finished with value: 0.017143 and parameters: {'max_delta_step': 57.912004634464076, 'colsample_bytree': 0.5349604401071377, 'subsample': 0.7118112935708465, 'min_child_weight': 98.14596428298958, 'min_data_in_leaf': 18.200532569118494, 'lambda': 8.47746601135312, 'alpha': 0.5598435619180375, 'max_depth': 1, 'eta': 0.1934511935416646, 'gamma': 4.641261922892415, 'num_boost_rounds': 180}. Best is trial 352 with value: 0.017241.
2025-01-02 13:53:46 INFO     Trial 850 pruned. Trial was pruned at iteration 0.
2025-01-02 13:53:46 INFO     Trial 851 pruned. Trial was pruned at iteration 0.
2025-01-02 13:53:47 INFO     Trial 852 pruned. Trial was pruned at iteration 0.
2025-01-02 13:53:47 INFO     Trial 853 pruned. Trial was pruned at iteration 0.
2025-01-02 13:53:48 INFO     Trial 854 pruned. Trial was pruned at iteration 0.
2025-01-02 13:53:48 INFO     Trial 855 pruned. Trial was pruned at iteration 5.
2025-01-02 13:53:49 INFO     Trial 856 pruned. Trial was pruned at iteration 5.
2025-01-02 13:53:49 INFO     Trial 857 pruned. Trial was pruned at iteration 5.
2025-01-02 13:53:50 INFO     Trial 858 finished with value: 0.017143 and parameters: {'max_delta_step': 75.40141093159698, 'colsample_bytree': 0.5160585257386944, 'subsample': 0.7238621933712212, 'min_child_weight': 75.86268277878318, 'min_data_in_leaf': 18.256556959182795, 'lambda': 9.690670026716226, 'alpha': 1.0811971618043783, 'max_depth': 1, 'eta': 0.18779734112373406, 'gamma': 3.5073556438954583, 'num_boost_rounds': 200}. Best is trial 352 with value: 0.017241.
2025-01-02 13:53:51 INFO     Trial 859 finished with value: 0.017137 and parameters: {'max_delta_step': 84.02708067334412, 'colsample_bytree': 0.5524446636886519, 'subsample': 0.6913376155779326, 'min_child_weight': 99.93115881080448, 'min_data_in_leaf': 16.143285254119682, 'lambda': 9.026577642406394, 'alpha': 0.8155406718524578, 'max_depth': 1, 'eta': 0.19109141459628626, 'gamma': 5.927128137429814, 'num_boost_rounds': 190}. Best is trial 352 with value: 0.017241.
2025-01-02 13:53:51 INFO     Trial 860 pruned. Trial was pruned at iteration 0.
2025-01-02 13:53:52 INFO     Trial 861 pruned. Trial was pruned at iteration 0.
2025-01-02 13:53:52 INFO     Trial 862 pruned. Trial was pruned at iteration 0.
2025-01-02 13:53:53 INFO     Trial 863 pruned. Trial was pruned at iteration 9.
2025-01-02 13:53:53 INFO     Trial 864 finished with value: 0.017143 and parameters: {'max_delta_step': 51.005928505448374, 'colsample_bytree': 0.500612028644243, 'subsample': 0.7179492939168651, 'min_child_weight': 93.91400638768333, 'min_data_in_leaf': 18.443165115161293, 'lambda': 9.296298577093989, 'alpha': 0.9922547610622989, 'max_depth': 1, 'eta': 0.19676113207974827, 'gamma': 2.1422506631056795, 'num_boost_rounds': 180}. Best is trial 352 with value: 0.017241.
2025-01-02 13:53:54 INFO     Trial 865 pruned. Trial was pruned at iteration 0.
2025-01-02 13:53:54 INFO     Trial 866 pruned. Trial was pruned at iteration 0.
2025-01-02 13:53:55 INFO     Trial 867 pruned. Trial was pruned at iteration 9.
2025-01-02 13:53:55 INFO     Trial 868 pruned. Trial was pruned at iteration 0.
2025-01-02 13:53:56 INFO     Trial 869 finished with value: 0.017137 and parameters: {'max_delta_step': 76.34904475200663, 'colsample_bytree': 0.5283322869352399, 'subsample': 0.7060172392807283, 'min_child_weight': 98.39668088569817, 'min_data_in_leaf': 19.178199941154546, 'lambda': 8.66102777272622, 'alpha': 9.007541664639485, 'max_depth': 1, 'eta': 0.19621285924504975, 'gamma': 1.9292679946219433, 'num_boost_rounds': 180}. Best is trial 352 with value: 0.017241.
2025-01-02 13:53:57 INFO     Trial 870 pruned. Trial was pruned at iteration 9.
2025-01-02 13:53:57 INFO     Trial 871 pruned. Trial was pruned at iteration 0.
2025-01-02 13:53:58 INFO     Trial 872 pruned. Trial was pruned at iteration 5.
2025-01-02 13:53:58 INFO     Trial 873 pruned. Trial was pruned at iteration 5.
2025-01-02 13:53:59 INFO     Trial 874 pruned. Trial was pruned at iteration 5.
2025-01-02 13:53:59 INFO     Trial 875 pruned. Trial was pruned at iteration 5.
2025-01-02 13:54:00 INFO     Trial 876 pruned. Trial was pruned at iteration 0.
2025-01-02 13:54:00 INFO     Trial 877 pruned. Trial was pruned at iteration 0.
2025-01-02 13:54:01 INFO     Trial 878 pruned. Trial was pruned at iteration 0.
2025-01-02 13:54:01 INFO     Trial 879 pruned. Trial was pruned at iteration 0.
2025-01-02 13:54:02 INFO     Trial 880 pruned. Trial was pruned at iteration 0.
2025-01-02 13:54:02 INFO     Trial 881 finished with value: 0.017139 and parameters: {'max_delta_step': 77.81875882670415, 'colsample_bytree': 0.5687534689351569, 'subsample': 0.6803871677382586, 'min_child_weight': 64.14972555103874, 'min_data_in_leaf': 19.173629072371135, 'lambda': 9.998976134456075, 'alpha': 0.3262291786585999, 'max_depth': 1, 'eta': 0.1908263858888039, 'gamma': 4.2274061876664835, 'num_boost_rounds': 185}. Best is trial 352 with value: 0.017241.
2025-01-02 13:54:03 INFO     Trial 882 finished with value: 0.017143 and parameters: {'max_delta_step': 71.32968743515634, 'colsample_bytree': 0.5319170783261348, 'subsample': 0.8476249092537187, 'min_child_weight': 96.54880710810944, 'min_data_in_leaf': 17.89227223352891, 'lambda': 9.16773344862788, 'alpha': 1.3954847831119326, 'max_depth': 1, 'eta': 0.19365389666251662, 'gamma': 0.5458034062892518, 'num_boost_rounds': 190}. Best is trial 352 with value: 0.017241.
2025-01-02 13:54:03 INFO     Trial 883 pruned. Trial was pruned at iteration 0.
2025-01-02 13:54:04 INFO     Trial 884 pruned. Trial was pruned at iteration 0.
2025-01-02 13:54:04 INFO     Trial 885 finished with value: 0.017143 and parameters: {'max_delta_step': 66.1461203533675, 'colsample_bytree': 0.5147404041863046, 'subsample': 0.7202558898498663, 'min_child_weight': 95.0380226963991, 'min_data_in_leaf': 20.51085890091952, 'lambda': 9.40995080994817, 'alpha': 1.0973275482240525, 'max_depth': 1, 'eta': 0.1943841161834194, 'gamma': 3.566739055805718, 'num_boost_rounds': 175}. Best is trial 352 with value: 0.017241.
2025-01-02 13:54:05 INFO     Trial 886 pruned. Trial was pruned at iteration 5.
2025-01-02 13:54:06 INFO     Trial 887 pruned. Trial was pruned at iteration 0.
2025-01-02 13:54:06 INFO     Trial 888 finished with value: 0.017137 and parameters: {'max_delta_step': 85.94453693932, 'colsample_bytree': 0.5090372802755031, 'subsample': 0.7096698649902105, 'min_child_weight': 84.53764563785796, 'min_data_in_leaf': 19.28715428532579, 'lambda': 9.802719104592843, 'alpha': 0.9083053270495699, 'max_depth': 1, 'eta': 0.1913674272051593, 'gamma': 1.4663682690266786, 'num_boost_rounds': 185}. Best is trial 352 with value: 0.017241.
2025-01-02 13:54:07 INFO     Trial 889 pruned. Trial was pruned at iteration 0.
2025-01-02 13:54:07 INFO     Trial 890 pruned. Trial was pruned at iteration 9.
2025-01-02 13:54:08 INFO     Trial 891 pruned. Trial was pruned at iteration 0.
2025-01-02 13:54:08 INFO     Trial 892 pruned. Trial was pruned at iteration 5.
2025-01-02 13:54:09 INFO     Trial 893 finished with value: 0.017139 and parameters: {'max_delta_step': 54.79227622621727, 'colsample_bytree': 0.5254914903383912, 'subsample': 0.688297620856022, 'min_child_weight': 99.92586275213509, 'min_data_in_leaf': 18.397582988634667, 'lambda': 9.993502113084688, 'alpha': 1.4462513136053516, 'max_depth': 1, 'eta': 0.19632237039961548, 'gamma': 4.641446807244697, 'num_boost_rounds': 195}. Best is trial 352 with value: 0.017241.
2025-01-02 13:54:09 INFO     Trial 894 pruned. Trial was pruned at iteration 0.
2025-01-02 13:54:10 INFO     Trial 895 pruned. Trial was pruned at iteration 9.
2025-01-02 13:54:10 INFO     Trial 896 pruned. Trial was pruned at iteration 0.
2025-01-02 13:54:11 INFO     Trial 897 finished with value: 0.017143 and parameters: {'max_delta_step': 75.49414417544128, 'colsample_bytree': 0.5180478411028757, 'subsample': 0.8206169873207703, 'min_child_weight': 80.14472110380552, 'min_data_in_leaf': 19.592550872739903, 'lambda': 9.319164344579477, 'alpha': 0.861773545098979, 'max_depth': 1, 'eta': 0.1912870771045633, 'gamma': 2.9453802254447115, 'num_boost_rounds': 175}. Best is trial 352 with value: 0.017241.
2025-01-02 13:54:11 INFO     Trial 898 pruned. Trial was pruned at iteration 0.
2025-01-02 13:54:12 INFO     Trial 899 pruned. Trial was pruned at iteration 0.
2025-01-02 13:54:13 INFO     Trial 900 finished with value: 0.017143 and parameters: {'max_delta_step': 79.69840891946096, 'colsample_bytree': 0.5082274571970071, 'subsample': 0.7247286258811995, 'min_child_weight': 98.02882064123771, 'min_data_in_leaf': 18.075097791526176, 'lambda': 1.9774540259797395, 'alpha': 0.02581590361119901, 'max_depth': 1, 'eta': 0.19326297457047018, 'gamma': 3.7279790690146326, 'num_boost_rounds': 195}. Best is trial 352 with value: 0.017241.
2025-01-02 13:54:13 INFO     Trial 901 pruned. Trial was pruned at iteration 0.
2025-01-02 13:54:13 INFO     Trial 902 pruned. Trial was pruned at iteration 0.
2025-01-02 13:54:14 INFO     Trial 903 pruned. Trial was pruned at iteration 0.
2025-01-02 13:54:15 INFO     Trial 904 finished with value: 0.017143 and parameters: {'max_delta_step': 72.65765682553366, 'colsample_bytree': 0.5489585919849472, 'subsample': 0.7216024125750593, 'min_child_weight': 74.43519165370166, 'min_data_in_leaf': 18.02950938608505, 'lambda': 1.3747224874256956, 'alpha': 1.4927712213019382, 'max_depth': 1, 'eta': 0.19606378117155462, 'gamma': 4.442422099288592, 'num_boost_rounds': 180}. Best is trial 352 with value: 0.017241.
2025-01-02 13:54:15 INFO     Trial 905 pruned. Trial was pruned at iteration 9.
2025-01-02 13:54:16 INFO     Trial 906 pruned. Trial was pruned at iteration 5.
