2025-01-02 22:25:13 INFO     Trial 1800 finished with value: 0.017979 and parameters: {'max_delta_step': 76.14500731738491, 'colsample_bytree': 0.8663236433231074, 'subsample': 0.8144913730277298, 'min_child_weight': 12.519385796569843, 'min_data_in_leaf': 16.56807216214225, 'lambda': 4.7783733237515325, 'alpha': 6.313591950996233, 'max_depth': 5, 'eta': 0.006037076311738078, 'gamma': 4.023394190977275, 'num_boost_rounds': 165}. Best is trial 988 with value: 0.018126.
2025-01-02 22:25:14 INFO     Trial 1801 pruned. Trial was pruned at iteration 1.
2025-01-02 22:25:14 INFO     Trial 1802 pruned. Trial was pruned at iteration 1.
2025-01-02 22:25:15 INFO     Trial 1803 finished with value: 0.016724 and parameters: {'max_delta_step': 76.96552712300601, 'colsample_bytree': 0.8610422252500921, 'subsample': 0.8238421032958725, 'min_child_weight': 13.08386456884897, 'min_data_in_leaf': 26.613771986181426, 'lambda': 4.63437176925524, 'alpha': 6.70324139469773, 'max_depth': 5, 'eta': 0.012115457505486645, 'gamma': 4.570791356523169, 'num_boost_rounds': 200}. Best is trial 988 with value: 0.018126.
2025-01-02 22:25:16 INFO     Trial 1804 pruned. Trial was pruned at iteration 1.
2025-01-02 22:25:18 INFO     Trial 1805 finished with value: 0.017979 and parameters: {'max_delta_step': 74.68980148382158, 'colsample_bytree': 0.8618914393836639, 'subsample': 0.8176220628233392, 'min_child_weight': 16.00968241066184, 'min_data_in_leaf': 16.39335411111809, 'lambda': 5.390108005546314, 'alpha': 5.971186235005836, 'max_depth': 5, 'eta': 0.005579883119425667, 'gamma': 4.274543373398324, 'num_boost_rounds': 200}. Best is trial 988 with value: 0.018126.
2025-01-02 22:25:18 INFO     Trial 1806 pruned. Trial was pruned at iteration 2.
2025-01-02 22:25:19 INFO     Trial 1807 finished with value: 0.017979 and parameters: {'max_delta_step': 72.47239111067671, 'colsample_bytree': 0.8717033204504948, 'subsample': 0.8128128123432515, 'min_child_weight': 17.040065197219953, 'min_data_in_leaf': 16.8334681775711, 'lambda': 4.572815065381114, 'alpha': 6.021338322431073, 'max_depth': 5, 'eta': 0.0002068091079859402, 'gamma': 3.6145205467844574, 'num_boost_rounds': 165}. Best is trial 988 with value: 0.018126.
2025-01-02 22:25:20 INFO     Trial 1808 finished with value: 0.016724 and parameters: {'max_delta_step': 76.67665372579813, 'colsample_bytree': 0.8742956891121176, 'subsample': 0.8030451194374351, 'min_child_weight': 13.529237676435375, 'min_data_in_leaf': 16.093251280915272, 'lambda': 4.885044525973267, 'alpha': 6.382715508422391, 'max_depth': 5, 'eta': 0.01887910626208072, 'gamma': 4.058888595487215, 'num_boost_rounds': 150}. Best is trial 988 with value: 0.018126.
2025-01-02 22:25:20 INFO     Trial 1809 pruned. Trial was pruned at iteration 0.
2025-01-02 22:25:21 INFO     Trial 1810 finished with value: 0.01778 and parameters: {'max_delta_step': 73.2613774277269, 'colsample_bytree': 0.8734186324756565, 'subsample': 0.8320044728939697, 'min_child_weight': 14.097415005223796, 'min_data_in_leaf': 17.995287138471852, 'lambda': 4.780261324763022, 'alpha': 6.150863043167143, 'max_depth': 5, 'eta': 0.0058749030913486785, 'gamma': 4.409988219647786, 'num_boost_rounds': 200}. Best is trial 988 with value: 0.018126.
2025-01-02 22:25:22 INFO     Trial 1811 pruned. Trial was pruned at iteration 2.
2025-01-02 22:25:23 INFO     Trial 1812 finished with value: 0.018022 and parameters: {'max_delta_step': 75.1406419826428, 'colsample_bytree': 0.8641259949586713, 'subsample': 0.8259545410790736, 'min_child_weight': 12.343754547031216, 'min_data_in_leaf': 15.73445596209511, 'lambda': 4.565359353956361, 'alpha': 5.887989099688586, 'max_depth': 5, 'eta': 0.00032198342700352474, 'gamma': 4.22538388005605, 'num_boost_rounds': 150}. Best is trial 988 with value: 0.018126.
2025-01-02 22:25:23 INFO     Trial 1813 pruned. Trial was pruned at iteration 1.
2025-01-02 22:25:24 INFO     Trial 1814 pruned. Trial was pruned at iteration 2.
2025-01-02 22:25:25 INFO     Trial 1815 pruned. Trial was pruned at iteration 1.
2025-01-02 22:25:25 INFO     Trial 1816 pruned. Trial was pruned at iteration 2.
2025-01-02 22:25:26 INFO     Trial 1817 finished with value: 0.018022 and parameters: {'max_delta_step': 77.62110498913671, 'colsample_bytree': 0.8693574922925953, 'subsample': 0.8252250481460867, 'min_child_weight': 8.879459348619227, 'min_data_in_leaf': 16.94366020711908, 'lambda': 4.754323918302855, 'alpha': 5.883160057047859, 'max_depth': 5, 'eta': 0.0001679532458502456, 'gamma': 4.53761998742722, 'num_boost_rounds': 145}. Best is trial 988 with value: 0.018126.
2025-01-02 22:25:27 INFO     Trial 1818 finished with value: 0.018119 and parameters: {'max_delta_step': 75.56762738164524, 'colsample_bytree': 0.8793326614199519, 'subsample': 0.8358646365549566, 'min_child_weight': 11.068180537934722, 'min_data_in_leaf': 16.349273824820592, 'lambda': 4.278798142143094, 'alpha': 6.152116491999167, 'max_depth': 5, 'eta': 0.00015611462337487486, 'gamma': 4.717948605389339, 'num_boost_rounds': 170}. Best is trial 988 with value: 0.018126.
2025-01-02 22:25:27 INFO     Trial 1819 pruned. Trial was pruned at iteration 2.
2025-01-02 22:25:28 INFO     Trial 1820 pruned. Trial was pruned at iteration 0.
2025-01-02 22:25:29 INFO     Trial 1821 finished with value: 0.017979 and parameters: {'max_delta_step': 77.22073889644777, 'colsample_bytree': 0.8735002232986316, 'subsample': 0.8146679496337378, 'min_child_weight': 9.980477009421527, 'min_data_in_leaf': 16.26063949552754, 'lambda': 4.315887152360796, 'alpha': 6.315850114906798, 'max_depth': 5, 'eta': 0.00010099234016574548, 'gamma': 4.708306006922457, 'num_boost_rounds': 170}. Best is trial 988 with value: 0.018126.
2025-01-02 22:25:30 INFO     Trial 1822 finished with value: 0.01684 and parameters: {'max_delta_step': 16.299525481473367, 'colsample_bytree': 0.8579087026473977, 'subsample': 0.8278379724179193, 'min_child_weight': 4.769194063002706, 'min_data_in_leaf': 17.105364714197478, 'lambda': 4.339641231985918, 'alpha': 6.8510313721139475, 'max_depth': 5, 'eta': 0.009431794705281155, 'gamma': 4.441271000229712, 'num_boost_rounds': 165}. Best is trial 988 with value: 0.018126.
2025-01-02 22:25:31 INFO     Trial 1823 finished with value: 0.01658 and parameters: {'max_delta_step': 76.18590839650936, 'colsample_bytree': 0.8668341277825746, 'subsample': 0.8022222899680796, 'min_child_weight': 13.130032083874946, 'min_data_in_leaf': 16.585785253401472, 'lambda': 4.124774746504025, 'alpha': 6.769870687228034, 'max_depth': 5, 'eta': 0.023369612734957683, 'gamma': 4.7350326137616285, 'num_boost_rounds': 165}. Best is trial 988 with value: 0.018126.
2025-01-02 22:25:32 INFO     Trial 1824 finished with value: 0.016796 and parameters: {'max_delta_step': 75.16622031970888, 'colsample_bytree': 0.8791096253039389, 'subsample': 0.8146198084475221, 'min_child_weight': 13.164084778688856, 'min_data_in_leaf': 17.08569118569774, 'lambda': 4.250591187190446, 'alpha': 6.2068778541759215, 'max_depth': 5, 'eta': 0.005938900776263711, 'gamma': 4.459299825193437, 'num_boost_rounds': 170}. Best is trial 988 with value: 0.018126.
2025-01-02 22:25:33 INFO     Trial 1825 pruned. Trial was pruned at iteration 0.
2025-01-02 22:25:34 INFO     Trial 1826 pruned. Trial was pruned at iteration 2.
2025-01-02 22:25:34 INFO     Trial 1827 pruned. Trial was pruned at iteration 1.
2025-01-02 22:25:35 INFO     Trial 1828 pruned. Trial was pruned at iteration 2.
2025-01-02 22:25:36 INFO     Trial 1829 finished with value: 0.018022 and parameters: {'max_delta_step': 78.30765423675892, 'colsample_bytree': 0.8697628955606841, 'subsample': 0.8224136757698194, 'min_child_weight': 17.201989647038545, 'min_data_in_leaf': 16.8096833754061, 'lambda': 3.8500174887794874, 'alpha': 6.541060870617831, 'max_depth': 5, 'eta': 0.005957851473723413, 'gamma': 4.413228487997304, 'num_boost_rounds': 155}. Best is trial 988 with value: 0.018126.
2025-01-02 22:25:36 INFO     Trial 1830 pruned. Trial was pruned at iteration 0.
2025-01-02 22:25:37 INFO     Trial 1831 pruned. Trial was pruned at iteration 1.
2025-01-02 22:25:37 INFO     Trial 1832 pruned. Trial was pruned at iteration 1.
2025-01-02 22:25:38 INFO     Trial 1833 pruned. Trial was pruned at iteration 2.
2025-01-02 22:25:39 INFO     Trial 1834 finished with value: 0.016724 and parameters: {'max_delta_step': 74.02077295560095, 'colsample_bytree': 0.873577900621252, 'subsample': 0.8237351082104151, 'min_child_weight': 11.674394588397508, 'min_data_in_leaf': 17.1861886427263, 'lambda': 4.76428801870084, 'alpha': 6.042898050186076, 'max_depth': 5, 'eta': 0.015179751681638008, 'gamma': 4.737818237849256, 'num_boost_rounds': 150}. Best is trial 988 with value: 0.018126.
2025-01-02 22:25:39 INFO     Trial 1835 pruned. Trial was pruned at iteration 2.
2025-01-02 22:25:40 INFO     Trial 1836 finished with value: 0.01684 and parameters: {'max_delta_step': 76.4978015000194, 'colsample_bytree': 0.8829504791656655, 'subsample': 0.8187080409794397, 'min_child_weight': 8.791860090083134, 'min_data_in_leaf': 17.688082966284515, 'lambda': 4.253530210279173, 'alpha': 6.018826133934236, 'max_depth': 5, 'eta': 0.006099606959472313, 'gamma': 4.230602805275356, 'num_boost_rounds': 170}. Best is trial 988 with value: 0.018126.
2025-01-02 22:25:41 INFO     Trial 1837 pruned. Trial was pruned at iteration 2.
2025-01-02 22:25:41 INFO     Trial 1838 pruned. Trial was pruned at iteration 1.
2025-01-02 22:25:42 INFO     Trial 1839 finished with value: 0.016796 and parameters: {'max_delta_step': 78.66193329827261, 'colsample_bytree': 0.8839931650507814, 'subsample': 0.816198341001055, 'min_child_weight': 12.946849230603693, 'min_data_in_leaf': 16.234286468077816, 'lambda': 4.603107053630978, 'alpha': 6.1334496634122, 'max_depth': 5, 'eta': 0.004999517701361117, 'gamma': 3.649083676639545, 'num_boost_rounds': 155}. Best is trial 988 with value: 0.018126.
2025-01-02 22:25:43 INFO     Trial 1840 pruned. Trial was pruned at iteration 0.
2025-01-02 22:25:44 INFO     Trial 1841 finished with value: 0.018022 and parameters: {'max_delta_step': 72.22614510212362, 'colsample_bytree': 0.8712237044235605, 'subsample': 0.8266446298651353, 'min_child_weight': 15.314431595259643, 'min_data_in_leaf': 18.00260667005209, 'lambda': 4.869181770729645, 'alpha': 6.31760496285687, 'max_depth': 5, 'eta': 0.004814107967333815, 'gamma': 4.063155683472996, 'num_boost_rounds': 160}. Best is trial 988 with value: 0.018126.
2025-01-02 22:25:44 INFO     Trial 1842 pruned. Trial was pruned at iteration 1.
2025-01-02 22:25:45 INFO     Trial 1843 pruned. Trial was pruned at iteration 2.
2025-01-02 22:25:46 INFO     Trial 1844 finished with value: 0.016796 and parameters: {'max_delta_step': 78.97137820910767, 'colsample_bytree': 0.8844068734116379, 'subsample': 0.8013579463509873, 'min_child_weight': 10.032111151838246, 'min_data_in_leaf': 18.90612122656208, 'lambda': 4.657301164596946, 'alpha': 5.667611912299023, 'max_depth': 5, 'eta': 0.009640480743463076, 'gamma': 4.356553504576205, 'num_boost_rounds': 150}. Best is trial 988 with value: 0.018126.
2025-01-02 22:25:47 INFO     Trial 1845 finished with value: 0.018119 and parameters: {'max_delta_step': 76.32042088481707, 'colsample_bytree': 0.8614351361776387, 'subsample': 0.8355128296720011, 'min_child_weight': 10.276415239086676, 'min_data_in_leaf': 16.723383816128482, 'lambda': 4.835054234486134, 'alpha': 5.9626890282381195, 'max_depth': 5, 'eta': 0.0003603051215508265, 'gamma': 3.8225017361743046, 'num_boost_rounds': 155}. Best is trial 988 with value: 0.018126.
2025-01-02 22:25:48 INFO     Trial 1846 pruned. Trial was pruned at iteration 2.
2025-01-02 22:25:49 INFO     Trial 1847 pruned. Trial was pruned at iteration 1.
2025-01-02 22:25:50 INFO     Trial 1848 pruned. Trial was pruned at iteration 0.
2025-01-02 22:25:50 INFO     Trial 1849 pruned. Trial was pruned at iteration 1.
2025-01-02 22:25:51 INFO     Trial 1850 pruned. Trial was pruned at iteration 2.
2025-01-02 22:25:51 INFO     Trial 1851 pruned. Trial was pruned at iteration 1.
2025-01-02 22:25:52 INFO     Trial 1852 pruned. Trial was pruned at iteration 0.
2025-01-02 22:25:53 INFO     Trial 1853 pruned. Trial was pruned at iteration 1.
2025-01-02 22:25:53 INFO     Trial 1854 pruned. Trial was pruned at iteration 1.
2025-01-02 22:25:54 INFO     Trial 1855 finished with value: 0.01684 and parameters: {'max_delta_step': 76.97447164547043, 'colsample_bytree': 0.8582413055833867, 'subsample': 0.8218013657704638, 'min_child_weight': 11.28134109401163, 'min_data_in_leaf': 16.070544778722144, 'lambda': 5.524467513308908, 'alpha': 6.663893865542483, 'max_depth': 5, 'eta': 0.005483959973732788, 'gamma': 3.239938854100736, 'num_boost_rounds': 165}. Best is trial 988 with value: 0.018126.
2025-01-02 22:25:55 INFO     Trial 1856 finished with value: 0.016486 and parameters: {'max_delta_step': 73.8798879784386, 'colsample_bytree': 0.8590752307533837, 'subsample': 0.8040750385388629, 'min_child_weight': 7.532931229358158, 'min_data_in_leaf': 16.656371399474462, 'lambda': 4.63660645792335, 'alpha': 6.281595762717053, 'max_depth': 5, 'eta': 0.024433706115442464, 'gamma': 3.9087214447657375, 'num_boost_rounds': 155}. Best is trial 988 with value: 0.018126.
2025-01-02 22:25:56 INFO     Trial 1857 finished with value: 0.016724 and parameters: {'max_delta_step': 75.47163269616229, 'colsample_bytree': 0.864284284886188, 'subsample': 0.8269865048802671, 'min_child_weight': 9.54928260263511, 'min_data_in_leaf': 16.37092436160773, 'lambda': 4.383763297517238, 'alpha': 6.045796420523583, 'max_depth': 5, 'eta': 0.009730859714644647, 'gamma': 3.842482045581905, 'num_boost_rounds': 160}. Best is trial 988 with value: 0.018126.
2025-01-02 22:25:56 INFO     Trial 1858 pruned. Trial was pruned at iteration 1.
2025-01-02 22:25:57 INFO     Trial 1859 finished with value: 0.016558 and parameters: {'max_delta_step': 77.28193627170653, 'colsample_bytree': 0.8623239586233811, 'subsample': 0.8352388634647746, 'min_child_weight': 7.3108774704221595, 'min_data_in_leaf': 15.994259479491244, 'lambda': 4.529564751660138, 'alpha': 6.044350235159071, 'max_depth': 5, 'eta': 0.01743597153672185, 'gamma': 3.993660173868511, 'num_boost_rounds': 165}. Best is trial 988 with value: 0.018126.
2025-01-02 22:25:58 INFO     Trial 1860 finished with value: 0.017979 and parameters: {'max_delta_step': 73.89762235662823, 'colsample_bytree': 0.8697734286462853, 'subsample': 0.817158061776053, 'min_child_weight': 3.524304564479241, 'min_data_in_leaf': 17.15746570854022, 'lambda': 4.686420452100463, 'alpha': 6.252573441976205, 'max_depth': 5, 'eta': 0.0051659233871944365, 'gamma': 3.7156924509473312, 'num_boost_rounds': 155}. Best is trial 988 with value: 0.018126.
2025-01-02 22:25:58 INFO     Trial 1861 pruned. Trial was pruned at iteration 1.
2025-01-02 22:25:59 INFO     Trial 1862 pruned. Trial was pruned at iteration 2.
2025-01-02 22:25:59 INFO     Trial 1863 pruned. Trial was pruned at iteration 1.
2025-01-02 22:26:00 INFO     Trial 1864 finished with value: 0.016435 and parameters: {'max_delta_step': 19.376938326965487, 'colsample_bytree': 0.8745227814320908, 'subsample': 0.8129046323612948, 'min_child_weight': 9.406605517288012, 'min_data_in_leaf': 17.45211842573627, 'lambda': 4.8541991994179226, 'alpha': 6.043367972159623, 'max_depth': 5, 'eta': 0.01638097034647215, 'gamma': 3.8848237835058823, 'num_boost_rounds': 165}. Best is trial 988 with value: 0.018126.
2025-01-02 22:26:01 INFO     Trial 1865 pruned. Trial was pruned at iteration 2.
2025-01-02 22:26:02 INFO     Trial 1866 pruned. Trial was pruned at iteration 2.
2025-01-02 22:26:03 INFO     Trial 1867 finished with value: 0.01684 and parameters: {'max_delta_step': 73.84592418504266, 'colsample_bytree': 0.8650278807194794, 'subsample': 0.8090566116809729, 'min_child_weight': 7.013175785840905, 'min_data_in_leaf': 18.394397350524358, 'lambda': 4.050389509159803, 'alpha': 5.693903568804131, 'max_depth': 5, 'eta': 0.006624175250904995, 'gamma': 3.9994711911534466, 'num_boost_rounds': 160}. Best is trial 988 with value: 0.018126.
2025-01-02 22:26:04 INFO     Trial 1868 finished with value: 0.018022 and parameters: {'max_delta_step': 77.58167251779896, 'colsample_bytree': 0.8743066350838538, 'subsample': 0.8184853853712362, 'min_child_weight': 15.554441059681547, 'min_data_in_leaf': 17.728641294116336, 'lambda': 4.352280263176223, 'alpha': 5.875043164075662, 'max_depth': 5, 'eta': 0.005151987387225538, 'gamma': 4.012341409240902, 'num_boost_rounds': 90}. Best is trial 988 with value: 0.018126.
2025-01-02 22:26:05 INFO     Trial 1869 pruned. Trial was pruned at iteration 2.
2025-01-02 22:26:06 INFO     Trial 1870 pruned. Trial was pruned at iteration 0.
2025-01-02 22:26:07 INFO     Trial 1871 finished with value: 0.016681 and parameters: {'max_delta_step': 78.46834857792044, 'colsample_bytree': 0.8612947316593326, 'subsample': 0.8008898261745517, 'min_child_weight': 8.621736538471499, 'min_data_in_leaf': 16.390100056946295, 'lambda': 4.270626502375509, 'alpha': 6.060635920754168, 'max_depth': 5, 'eta': 0.010084966960423832, 'gamma': 4.232645340943728, 'num_boost_rounds': 165}. Best is trial 988 with value: 0.018126.
2025-01-02 22:26:08 INFO     Trial 1872 finished with value: 0.018119 and parameters: {'max_delta_step': 75.37354922313239, 'colsample_bytree': 0.8851146037746267, 'subsample': 0.8374545922867745, 'min_child_weight': 13.12144887331009, 'min_data_in_leaf': 15.671922845491514, 'lambda': 4.503530732480245, 'alpha': 5.660306033596162, 'max_depth': 5, 'eta': 0.00022262037358548452, 'gamma': 3.8406693284784623, 'num_boost_rounds': 160}. Best is trial 988 with value: 0.018126.
2025-01-02 22:26:08 INFO     Trial 1873 pruned. Trial was pruned at iteration 1.
2025-01-02 22:26:09 INFO     Trial 1874 pruned. Trial was pruned at iteration 1.
2025-01-02 22:26:09 INFO     Trial 1875 pruned. Trial was pruned at iteration 2.
2025-01-02 22:26:10 INFO     Trial 1876 finished with value: 0.016594 and parameters: {'max_delta_step': 74.77820219132893, 'colsample_bytree': 0.8838004574073952, 'subsample': 0.8407067455292065, 'min_child_weight': 9.892162632033646, 'min_data_in_leaf': 16.15198086449746, 'lambda': 5.891265967713019, 'alpha': 5.724108448152117, 'max_depth': 5, 'eta': 0.00548406031348282, 'gamma': 3.341781956299826, 'num_boost_rounds': 160}. Best is trial 988 with value: 0.018126.
2025-01-02 22:26:11 INFO     Trial 1877 finished with value: 0.017817 and parameters: {'max_delta_step': 72.82578526551853, 'colsample_bytree': 0.8580171505649314, 'subsample': 0.8328258631950681, 'min_child_weight': 12.863311478213191, 'min_data_in_leaf': 18.288082866265743, 'lambda': 4.127049083485858, 'alpha': 6.2612390811810865, 'max_depth': 5, 'eta': 0.00043244693292762487, 'gamma': 3.756502162439574, 'num_boost_rounds': 170}. Best is trial 988 with value: 0.018126.
2025-01-02 22:26:12 INFO     Trial 1878 pruned. Trial was pruned at iteration 1.
2025-01-02 22:26:12 INFO     Trial 1879 pruned. Trial was pruned at iteration 0.
2025-01-02 22:26:13 INFO     Trial 1880 pruned. Trial was pruned at iteration 1.
2025-01-02 22:26:13 INFO     Trial 1881 pruned. Trial was pruned at iteration 0.
2025-01-02 22:26:14 INFO     Trial 1882 finished with value: 0.016724 and parameters: {'max_delta_step': 75.81396758856884, 'colsample_bytree': 0.8823825336058945, 'subsample': 0.8274108112101644, 'min_child_weight': 10.356543814585574, 'min_data_in_leaf': 16.248000805729696, 'lambda': 4.635112121600216, 'alpha': 6.2592082365698, 'max_depth': 5, 'eta': 0.010973372780229728, 'gamma': 3.879181750364522, 'num_boost_rounds': 160}. Best is trial 988 with value: 0.018126.
2025-01-02 22:26:15 INFO     Trial 1883 finished with value: 0.017979 and parameters: {'max_delta_step': 70.37646539299915, 'colsample_bytree': 0.8677786456040872, 'subsample': 0.8128560580908034, 'min_child_weight': 14.100017155526938, 'min_data_in_leaf': 16.73198797344398, 'lambda': 4.836552028369699, 'alpha': 5.584672472843779, 'max_depth': 5, 'eta': 0.005384618860107221, 'gamma': 4.0606986669679035, 'num_boost_rounds': 165}. Best is trial 988 with value: 0.018126.
2025-01-02 22:26:16 INFO     Trial 1884 finished with value: 0.01778 and parameters: {'max_delta_step': 74.40786896571362, 'colsample_bytree': 0.8847060647631211, 'subsample': 0.8402612034840876, 'min_child_weight': 12.846521343401472, 'min_data_in_leaf': 17.234814563325354, 'lambda': 4.277172058585865, 'alpha': 5.881292246231885, 'max_depth': 5, 'eta': 0.00028735960320714406, 'gamma': 3.605358779204015, 'num_boost_rounds': 175}. Best is trial 988 with value: 0.018126.
2025-01-02 22:26:16 INFO     Trial 1885 pruned. Trial was pruned at iteration 2.
2025-01-02 22:26:17 INFO     Trial 1886 finished with value: 0.016681 and parameters: {'max_delta_step': 72.65690609397342, 'colsample_bytree': 0.8740612337926542, 'subsample': 0.8072853425163297, 'min_child_weight': 11.818397823065853, 'min_data_in_leaf': 16.0795992220422, 'lambda': 4.580897169088585, 'alpha': 5.62136994464711, 'max_depth': 5, 'eta': 0.009940442677588424, 'gamma': 3.4786195599714764, 'num_boost_rounds': 200}. Best is trial 988 with value: 0.018126.
2025-01-02 22:26:18 INFO     Trial 1887 pruned. Trial was pruned at iteration 0.
2025-01-02 22:26:19 INFO     Trial 1888 finished with value: 0.01684 and parameters: {'max_delta_step': 74.43195811290303, 'colsample_bytree': 0.8870734929796236, 'subsample': 0.8196018069322177, 'min_child_weight': 10.93162563746258, 'min_data_in_leaf': 15.652919363270835, 'lambda': 5.070141309347715, 'alpha': 5.793153702452375, 'max_depth': 5, 'eta': 0.005349864993207158, 'gamma': 4.110201409067239, 'num_boost_rounds': 165}. Best is trial 988 with value: 0.018126.
2025-01-02 22:26:20 INFO     Trial 1889 pruned. Trial was pruned at iteration 1.
2025-01-02 22:26:21 INFO     Trial 1890 pruned. Trial was pruned at iteration 1.
