2025-01-02 12:52:09 INFO     Trial 873 pruned. Trial was pruned at iteration 1.
2025-01-02 12:52:10 INFO     n_estimators: 10
2025-01-02 12:52:10 INFO     Trial 874 finished with value: 0.017081 and parameters: {'max_delta_step': 33.08491289931154, 'colsample_bytree': 0.9294162055511852, 'subsample': 0.7947856936003719, 'min_child_weight': 46.27201207102364, 'min_data_in_leaf': 19.980323536526697, 'lambda': 0.5922758703116495, 'alpha': 8.937826334406601, 'max_depth': 5, 'eta': 0.0317697013282746, 'gamma': 1.1327315726556826, 'num_boost_rounds': 25}. Best is trial 245 with value: 0.017549.
2025-01-02 12:52:10 INFO     Trial 875 pruned. Trial was pruned at iteration 0.
2025-01-02 12:52:10 INFO     Trial 876 pruned. Trial was pruned at iteration 1.
2025-01-02 12:52:11 INFO     Trial 877 pruned. Trial was pruned at iteration 0.
2025-01-02 12:52:11 INFO     Trial 878 pruned. Trial was pruned at iteration 1.
2025-01-02 12:52:12 INFO     Trial 879 pruned. Trial was pruned at iteration 1.
2025-01-02 12:52:12 INFO     n_estimators: 10
2025-01-02 12:52:12 INFO     Trial 880 finished with value: 0.016874 and parameters: {'max_delta_step': 20.542649898091867, 'colsample_bytree': 0.9205394266198723, 'subsample': 0.7591746002260651, 'min_child_weight': 11.193422847998926, 'min_data_in_leaf': 19.890632247467256, 'lambda': 0.15327626512329665, 'alpha': 8.11707672397031, 'max_depth': 5, 'eta': 0.023614453550571624, 'gamma': 1.5583017626806008, 'num_boost_rounds': 35}. Best is trial 245 with value: 0.017549.
2025-01-02 12:52:13 INFO     Trial 881 pruned. Trial was pruned at iteration 1.
2025-01-02 12:52:13 INFO     Trial 882 pruned. Trial was pruned at iteration 1.
2025-01-02 12:52:14 INFO     Trial 883 pruned. Trial was pruned at iteration 0.
2025-01-02 12:52:14 INFO     Trial 884 pruned. Trial was pruned at iteration 0.
2025-01-02 12:52:14 INFO     Trial 885 pruned. Trial was pruned at iteration 1.
2025-01-02 12:52:15 INFO     n_estimators: 10
2025-01-02 12:52:15 INFO     Trial 886 finished with value: 0.016941 and parameters: {'max_delta_step': 22.16788582977409, 'colsample_bytree': 0.8973826959624275, 'subsample': 0.7867020467680522, 'min_child_weight': 39.433566793248524, 'min_data_in_leaf': 17.33358864803271, 'lambda': 0.17518355402791747, 'alpha': 7.384954863340712, 'max_depth': 5, 'eta': 0.022603200475492684, 'gamma': 8.075194321919263, 'num_boost_rounds': 35}. Best is trial 245 with value: 0.017549.
2025-01-02 12:52:16 INFO     n_estimators: 10
2025-01-02 12:52:16 INFO     Trial 887 finished with value: 0.017299 and parameters: {'max_delta_step': 19.400449638169945, 'colsample_bytree': 0.9382988703589752, 'subsample': 0.7568664473373483, 'min_child_weight': 18.772999227060108, 'min_data_in_leaf': 18.802464918925555, 'lambda': 0.7132930525369839, 'alpha': 9.088702421988353, 'max_depth': 5, 'eta': 0.02982616123937237, 'gamma': 1.049551824641577, 'num_boost_rounds': 25}. Best is trial 245 with value: 0.017549.
2025-01-02 12:52:16 INFO     Trial 888 pruned. Trial was pruned at iteration 0.
2025-01-02 12:52:17 INFO     Trial 889 pruned. Trial was pruned at iteration 0.
2025-01-02 12:52:17 INFO     Trial 890 pruned. Trial was pruned at iteration 0.
2025-01-02 12:52:17 INFO     Trial 891 pruned. Trial was pruned at iteration 1.
2025-01-02 12:52:18 INFO     Trial 892 pruned. Trial was pruned at iteration 1.
2025-01-02 12:52:19 INFO     n_estimators: 10
2025-01-02 12:52:19 INFO     Trial 893 finished with value: 0.017299 and parameters: {'max_delta_step': 24.502491168830517, 'colsample_bytree': 0.9400344568275896, 'subsample': 0.752965885257194, 'min_child_weight': 15.902110668989707, 'min_data_in_leaf': 19.360635932290656, 'lambda': 0.40908770723440313, 'alpha': 6.64197233045386, 'max_depth': 5, 'eta': 0.0318906026725948, 'gamma': 1.2492452208996947, 'num_boost_rounds': 20}. Best is trial 245 with value: 0.017549.
2025-01-02 12:52:19 INFO     Trial 894 pruned. Trial was pruned at iteration 1.
2025-01-02 12:52:19 INFO     Trial 895 pruned. Trial was pruned at iteration 1.
2025-01-02 12:52:20 INFO     Trial 896 pruned. Trial was pruned at iteration 0.
2025-01-02 12:52:20 INFO     Trial 897 pruned. Trial was pruned at iteration 0.
2025-01-02 12:52:21 INFO     Trial 898 pruned. Trial was pruned at iteration 1.
2025-01-02 12:52:21 INFO     Trial 899 pruned. Trial was pruned at iteration 0.
2025-01-02 12:52:22 INFO     Trial 900 pruned. Trial was pruned at iteration 0.
2025-01-02 12:52:22 INFO     Trial 901 pruned. Trial was pruned at iteration 0.
2025-01-02 12:52:22 INFO     Trial 902 pruned. Trial was pruned at iteration 0.
2025-01-02 12:52:23 INFO     n_estimators: 10
2025-01-02 12:52:23 INFO     Trial 903 finished with value: 0.017424 and parameters: {'max_delta_step': 28.652396236186227, 'colsample_bytree': 0.9223191412729909, 'subsample': 0.7042449653753947, 'min_child_weight': 35.052446885337226, 'min_data_in_leaf': 18.88879951821866, 'lambda': 0.7788068752707309, 'alpha': 7.495460352074831, 'max_depth': 5, 'eta': 0.03147268408547096, 'gamma': 1.1255053062533311, 'num_boost_rounds': 120}. Best is trial 245 with value: 0.017549.
2025-01-02 12:52:23 INFO     Trial 904 pruned. Trial was pruned at iteration 0.
2025-01-02 12:52:24 INFO     Trial 905 pruned. Trial was pruned at iteration 0.
2025-01-02 12:52:25 INFO     n_estimators: 10
2025-01-02 12:52:25 INFO     Trial 906 finished with value: 0.017133 and parameters: {'max_delta_step': 31.531528734458963, 'colsample_bytree': 0.8958728398675542, 'subsample': 0.7878038413870522, 'min_child_weight': 34.14360372129197, 'min_data_in_leaf': 18.765887338828474, 'lambda': 1.1769277744029298, 'alpha': 7.200952487498055, 'max_depth': 5, 'eta': 0.02946062174261385, 'gamma': 1.1028206833260588, 'num_boost_rounds': 120}. Best is trial 245 with value: 0.017549.
2025-01-02 12:52:25 INFO     n_estimators: 10
2025-01-02 12:52:25 INFO     Trial 907 finished with value: 0.016673 and parameters: {'max_delta_step': 29.250214541490006, 'colsample_bytree': 0.9218209933584814, 'subsample': 0.7033344599820268, 'min_child_weight': 33.55738468376445, 'min_data_in_leaf': 19.471805711893165, 'lambda': 0.9973558157351012, 'alpha': 7.395484326521067, 'max_depth': 5, 'eta': 0.01726462583434114, 'gamma': 0.8309837399114587, 'num_boost_rounds': 130}. Best is trial 245 with value: 0.017549.
2025-01-02 12:52:26 INFO     Trial 908 pruned. Trial was pruned at iteration 0.
2025-01-02 12:52:26 INFO     Trial 909 pruned. Trial was pruned at iteration 0.
2025-01-02 12:52:27 INFO     Trial 910 pruned. Trial was pruned at iteration 0.
2025-01-02 12:52:27 INFO     n_estimators: 10
2025-01-02 12:52:27 INFO     Trial 911 finished with value: 0.017153 and parameters: {'max_delta_step': 33.05778813590041, 'colsample_bytree': 0.9248856149689753, 'subsample': 0.6983328032468358, 'min_child_weight': 29.25866316495531, 'min_data_in_leaf': 19.703836386446405, 'lambda': 0.9050220786706622, 'alpha': 7.63815435750446, 'max_depth': 5, 'eta': 0.03313806099348976, 'gamma': 1.1966998661126103, 'num_boost_rounds': 125}. Best is trial 245 with value: 0.017549.
2025-01-02 12:52:28 INFO     Trial 912 pruned. Trial was pruned at iteration 0.
2025-01-02 12:52:28 INFO     Trial 913 pruned. Trial was pruned at iteration 0.
2025-01-02 12:52:29 INFO     Trial 914 pruned. Trial was pruned at iteration 0.
2025-01-02 12:52:29 INFO     Trial 915 pruned. Trial was pruned at iteration 0.
2025-01-02 12:52:29 INFO     Trial 916 pruned. Trial was pruned at iteration 0.
2025-01-02 12:52:30 INFO     Trial 917 pruned. Trial was pruned at iteration 1.
2025-01-02 12:52:31 INFO     n_estimators: 10
2025-01-02 12:52:31 INFO     Trial 918 finished with value: 0.016808 and parameters: {'max_delta_step': 26.56590895421837, 'colsample_bytree': 0.931800620317416, 'subsample': 0.7213860278002049, 'min_child_weight': 26.219751567454793, 'min_data_in_leaf': 18.17485158688113, 'lambda': 0.5696516245424972, 'alpha': 7.786267286744614, 'max_depth': 5, 'eta': 0.029138688255026895, 'gamma': 1.441009684289536, 'num_boost_rounds': 75}. Best is trial 245 with value: 0.017549.
2025-01-02 12:52:31 INFO     Trial 919 pruned. Trial was pruned at iteration 0.
2025-01-02 12:52:31 INFO     Trial 920 pruned. Trial was pruned at iteration 1.
2025-01-02 12:52:32 INFO     Trial 921 pruned. Trial was pruned at iteration 0.
2025-01-02 12:52:32 INFO     Trial 922 pruned. Trial was pruned at iteration 1.
2025-01-02 12:52:33 INFO     Trial 923 pruned. Trial was pruned at iteration 0.
2025-01-02 12:52:33 INFO     Trial 924 pruned. Trial was pruned at iteration 0.
2025-01-02 12:52:34 INFO     Trial 925 pruned. Trial was pruned at iteration 1.
2025-01-02 12:52:34 INFO     Trial 926 pruned. Trial was pruned at iteration 0.
2025-01-02 12:52:35 INFO     n_estimators: 10
2025-01-02 12:52:35 INFO     Trial 927 finished with value: 0.017299 and parameters: {'max_delta_step': 21.381244638933687, 'colsample_bytree': 0.9136653709068172, 'subsample': 0.7623739912113434, 'min_child_weight': 26.761916567105015, 'min_data_in_leaf': 18.52723493223157, 'lambda': 0.3468584138606077, 'alpha': 7.196936709658095, 'max_depth': 5, 'eta': 0.02319171713884063, 'gamma': 1.6499125053779184, 'num_boost_rounds': 115}. Best is trial 245 with value: 0.017549.
2025-01-02 12:52:35 INFO     Trial 928 pruned. Trial was pruned at iteration 0.
2025-01-02 12:52:36 INFO     Trial 929 pruned. Trial was pruned at iteration 0.
2025-01-02 12:52:36 INFO     Trial 930 pruned. Trial was pruned at iteration 0.
2025-01-02 12:52:36 INFO     Trial 931 pruned. Trial was pruned at iteration 0.
2025-01-02 12:52:37 INFO     Trial 932 pruned. Trial was pruned at iteration 0.
2025-01-02 12:52:37 INFO     Trial 933 pruned. Trial was pruned at iteration 1.
2025-01-02 12:52:38 INFO     n_estimators: 10
2025-01-02 12:52:38 INFO     Trial 934 finished with value: 0.016876 and parameters: {'max_delta_step': 26.36804141951128, 'colsample_bytree': 0.9410579596261479, 'subsample': 0.7692295823767533, 'min_child_weight': 13.65835163627691, 'min_data_in_leaf': 16.989801737830543, 'lambda': 0.8865503000859166, 'alpha': 7.3992476050208245, 'max_depth': 5, 'eta': 0.033001521712442645, 'gamma': 1.5864152904283388, 'num_boost_rounds': 20}. Best is trial 245 with value: 0.017549.
2025-01-02 12:52:39 INFO     n_estimators: 10
2025-01-02 12:52:39 INFO     Trial 935 finished with value: 0.017233 and parameters: {'max_delta_step': 20.68917344338178, 'colsample_bytree': 0.9147682752378575, 'subsample': 0.7511691957185214, 'min_child_weight': 10.15690844406998, 'min_data_in_leaf': 20.418008165723354, 'lambda': 0.556253911021457, 'alpha': 8.018222713429193, 'max_depth': 5, 'eta': 0.026197700434818345, 'gamma': 1.3588851121561194, 'num_boost_rounds': 140}. Best is trial 245 with value: 0.017549.
2025-01-02 12:52:39 INFO     Trial 936 pruned. Trial was pruned at iteration 0.
2025-01-02 12:52:40 INFO     Trial 937 pruned. Trial was pruned at iteration 0.
2025-01-02 12:52:40 INFO     Trial 938 pruned. Trial was pruned at iteration 0.
2025-01-02 12:52:40 INFO     Trial 939 pruned. Trial was pruned at iteration 0.
2025-01-02 12:52:41 INFO     Trial 940 pruned. Trial was pruned at iteration 0.
2025-01-02 12:52:41 INFO     Trial 941 pruned. Trial was pruned at iteration 0.
2025-01-02 12:52:42 INFO     Trial 942 pruned. Trial was pruned at iteration 1.
2025-01-02 12:52:42 INFO     n_estimators: 10
2025-01-02 12:52:42 INFO     Trial 943 finished with value: 0.017299 and parameters: {'max_delta_step': 19.891148490316926, 'colsample_bytree': 0.9109338853066792, 'subsample': 0.7639512113388947, 'min_child_weight': 15.578245203206178, 'min_data_in_leaf': 16.911782216111483, 'lambda': 0.9659948699702459, 'alpha': 7.521097467506094, 'max_depth': 5, 'eta': 0.030627156397784582, 'gamma': 1.6761685083059548, 'num_boost_rounds': 30}. Best is trial 245 with value: 0.017549.
2025-01-02 12:52:43 INFO     Trial 944 pruned. Trial was pruned at iteration 1.
2025-01-02 12:52:43 INFO     Trial 945 pruned. Trial was pruned at iteration 0.
2025-01-02 12:52:44 INFO     Trial 946 pruned. Trial was pruned at iteration 0.
2025-01-02 12:52:44 INFO     Trial 947 pruned. Trial was pruned at iteration 1.
2025-01-02 12:52:44 INFO     Trial 948 pruned. Trial was pruned at iteration 0.
2025-01-02 12:52:45 INFO     n_estimators: 10
2025-01-02 12:52:45 INFO     Trial 949 finished with value: 0.016874 and parameters: {'max_delta_step': 21.17839492819054, 'colsample_bytree': 0.9007749434691186, 'subsample': 0.7606186800598124, 'min_child_weight': 16.747783913021983, 'min_data_in_leaf': 16.678078470742015, 'lambda': 0.5875547301899022, 'alpha': 8.828703064934643, 'max_depth': 5, 'eta': 0.023908220047138648, 'gamma': 1.0869879286526798, 'num_boost_rounds': 10}. Best is trial 245 with value: 0.017549.
2025-01-02 12:52:45 INFO     Trial 950 pruned. Trial was pruned at iteration 0.
2025-01-02 12:52:46 INFO     Trial 951 pruned. Trial was pruned at iteration 0.
2025-01-02 12:52:46 INFO     Trial 952 pruned. Trial was pruned at iteration 1.
2025-01-02 12:52:47 INFO     n_estimators: 10
2025-01-02 12:52:47 INFO     Trial 953 finished with value: 0.017014 and parameters: {'max_delta_step': 17.418167161112876, 'colsample_bytree': 0.9062741950632937, 'subsample': 0.7518382313640228, 'min_child_weight': 11.99905750192589, 'min_data_in_leaf': 18.334111902495028, 'lambda': 0.7688790441888389, 'alpha': 5.23380174470258, 'max_depth': 5, 'eta': 0.019804180603788992, 'gamma': 1.3319900855571851, 'num_boost_rounds': 15}. Best is trial 245 with value: 0.017549.
2025-01-02 12:52:48 INFO     n_estimators: 10
2025-01-02 12:52:48 INFO     Trial 954 finished with value: 0.016876 and parameters: {'max_delta_step': 20.114590835882648, 'colsample_bytree': 0.930901059811515, 'subsample': 0.7691786202327927, 'min_child_weight': 20.48734041708619, 'min_data_in_leaf': 28.562917881633833, 'lambda': 0.17406012950237448, 'alpha': 7.567861124125195, 'max_depth': 5, 'eta': 0.032957000206420034, 'gamma': 1.5285655501564572, 'num_boost_rounds': 25}. Best is trial 245 with value: 0.017549.
2025-01-02 12:52:48 INFO     Trial 955 pruned. Trial was pruned at iteration 1.
2025-01-02 12:52:49 INFO     Trial 956 pruned. Trial was pruned at iteration 1.
2025-01-02 12:52:49 INFO     n_estimators: 10
2025-01-02 12:52:49 INFO     Trial 957 finished with value: 0.017102 and parameters: {'max_delta_step': 26.08162500999443, 'colsample_bytree': 0.9172757656899794, 'subsample': 0.7773536691236269, 'min_child_weight': 31.943303583817773, 'min_data_in_leaf': 13.79142671289604, 'lambda': 0.6525248492231428, 'alpha': 8.44555877086225, 'max_depth': 5, 'eta': 0.0087127992131011, 'gamma': 1.1666187322693131, 'num_boost_rounds': 40}. Best is trial 245 with value: 0.017549.
2025-01-02 12:52:50 INFO     Trial 958 pruned. Trial was pruned at iteration 0.
2025-01-02 12:52:50 INFO     Trial 959 pruned. Trial was pruned at iteration 0.
2025-01-02 12:52:51 INFO     Trial 960 pruned. Trial was pruned at iteration 0.
2025-01-02 12:52:51 INFO     Trial 961 pruned. Trial was pruned at iteration 0.
2025-01-02 12:52:52 INFO     Trial 962 pruned. Trial was pruned at iteration 1.
2025-01-02 12:52:52 INFO     n_estimators: 10
2025-01-02 12:52:52 INFO     Trial 963 finished with value: 0.016942 and parameters: {'max_delta_step': 21.607177283351874, 'colsample_bytree': 0.9235465996969269, 'subsample': 0.7585968700539346, 'min_child_weight': 11.883149736717845, 'min_data_in_leaf': 17.823584639872227, 'lambda': 0.7927479671648463, 'alpha': 8.747455891011176, 'max_depth': 5, 'eta': 0.02028165915010191, 'gamma': 1.2659814942352923, 'num_boost_rounds': 20}. Best is trial 245 with value: 0.017549.
2025-01-02 12:52:53 INFO     Trial 964 pruned. Trial was pruned at iteration 1.
2025-01-02 12:52:53 INFO     Trial 965 pruned. Trial was pruned at iteration 1.
2025-01-02 12:52:54 INFO     Trial 966 pruned. Trial was pruned at iteration 1.
2025-01-02 12:52:54 INFO     Trial 967 pruned. Trial was pruned at iteration 1.
2025-01-02 12:52:55 INFO     Trial 968 pruned. Trial was pruned at iteration 0.
2025-01-02 12:52:55 INFO     Trial 969 pruned. Trial was pruned at iteration 0.
2025-01-02 12:52:56 INFO     n_estimators: 10
2025-01-02 12:52:56 INFO     Trial 970 finished with value: 0.017299 and parameters: {'max_delta_step': 19.19439821683401, 'colsample_bytree': 0.9086088071856009, 'subsample': 0.7668258111773855, 'min_child_weight': 12.34439621630995, 'min_data_in_leaf': 17.44099021164264, 'lambda': 0.006520909049000052, 'alpha': 8.574820357883224, 'max_depth': 5, 'eta': 0.025793491782552167, 'gamma': 1.2440248959568159, 'num_boost_rounds': 25}. Best is trial 245 with value: 0.017549.
2025-01-02 12:52:56 INFO     Trial 971 pruned. Trial was pruned at iteration 0.
2025-01-02 12:52:57 INFO     Trial 972 pruned. Trial was pruned at iteration 0.
2025-01-02 12:52:57 INFO     Trial 973 pruned. Trial was pruned at iteration 1.
2025-01-02 12:52:58 INFO     Trial 974 pruned. Trial was pruned at iteration 0.
2025-01-02 12:52:58 INFO     n_estimators: 10
2025-01-02 12:52:58 INFO     Trial 975 finished with value: 0.016332 and parameters: {'max_delta_step': 26.201178971882616, 'colsample_bytree': 0.9310745124947061, 'subsample': 0.7593204346556556, 'min_child_weight': 10.748709016605986, 'min_data_in_leaf': 16.00138758064331, 'lambda': 0.2950183721469858, 'alpha': 7.944692146380701, 'max_depth': 5, 'eta': 0.06938033385604071, 'gamma': 1.128969107632116, 'num_boost_rounds': 25}. Best is trial 245 with value: 0.017549.
2025-01-02 12:52:59 INFO     Trial 976 pruned. Trial was pruned at iteration 0.
2025-01-02 12:52:59 INFO     Trial 977 pruned. Trial was pruned at iteration 1.
2025-01-02 12:52:59 INFO     Trial 978 pruned. Trial was pruned at iteration 1.
2025-01-02 12:53:00 INFO     Trial 979 pruned. Trial was pruned at iteration 0.
2025-01-02 12:53:00 INFO     Trial 980 pruned. Trial was pruned at iteration 1.
2025-01-02 12:53:01 INFO     Trial 981 pruned. Trial was pruned at iteration 1.
2025-01-02 12:53:01 INFO     n_estimators: 10
2025-01-02 12:53:01 INFO     Trial 982 finished with value: 0.017299 and parameters: {'max_delta_step': 19.69821730818102, 'colsample_bytree': 0.9272359008755828, 'subsample': 0.7556636253980703, 'min_child_weight': 18.251589761034463, 'min_data_in_leaf': 16.39316121442373, 'lambda': 0.19280729406521543, 'alpha': 7.352048039725171, 'max_depth': 5, 'eta': 0.026645625522056543, 'gamma': 2.1093311283019185, 'num_boost_rounds': 20}. Best is trial 245 with value: 0.017549.
2025-01-02 12:53:02 INFO     Trial 983 pruned. Trial was pruned at iteration 0.
2025-01-02 12:53:02 INFO     Trial 984 pruned. Trial was pruned at iteration 0.
2025-01-02 12:53:03 INFO     Trial 985 pruned. Trial was pruned at iteration 1.
2025-01-02 12:53:03 INFO     Trial 986 pruned. Trial was pruned at iteration 1.
2025-01-02 12:53:04 INFO     n_estimators: 10
2025-01-02 12:53:04 INFO     Trial 987 finished with value: 0.016876 and parameters: {'max_delta_step': 20.588517748238836, 'colsample_bytree': 0.9284854450410133, 'subsample': 0.7654001328642471, 'min_child_weight': 11.283950042540015, 'min_data_in_leaf': 11.103825117358037, 'lambda': 0.3248531584290306, 'alpha': 8.475987141248801, 'max_depth': 5, 'eta': 0.036868332467648805, 'gamma': 1.3557762918166032, 'num_boost_rounds': 25}. Best is trial 245 with value: 0.017549.
2025-01-02 12:53:04 INFO     Trial 988 pruned. Trial was pruned at iteration 1.
2025-01-02 12:53:05 INFO     Trial 989 pruned. Trial was pruned at iteration 1.
2025-01-02 12:53:05 INFO     Trial 990 pruned. Trial was pruned at iteration 0.
2025-01-02 12:53:06 INFO     Trial 991 pruned. Trial was pruned at iteration 1.
2025-01-02 12:53:06 INFO     Trial 992 pruned. Trial was pruned at iteration 0.
2025-01-02 12:53:07 INFO     Trial 993 pruned. Trial was pruned at iteration 1.
2025-01-02 12:53:07 INFO     Trial 994 pruned. Trial was pruned at iteration 0.
2025-01-02 12:53:07 INFO     Trial 995 pruned. Trial was pruned at iteration 1.
2025-01-02 12:53:08 INFO     Trial 996 pruned. Trial was pruned at iteration 0.
2025-01-02 12:53:08 INFO     Trial 997 pruned. Trial was pruned at iteration 1.
2025-01-02 12:53:09 INFO     Trial 998 pruned. Trial was pruned at iteration 0.
2025-01-02 12:53:09 INFO     Trial 999 pruned. Trial was pruned at iteration 0.
2025-01-02 13:07:46 INFO     A new study created in RDB with name: xgboost-starbucks-irr_with_v2-scaled_adjusted_parms12
2025-01-02 13:07:46 INFO     n_estimators: 10
2025-01-02 13:07:46 INFO     Trial 0 finished with value: 0.01205 and parameters: {'max_delta_step': 19.066806205456363, 'colsample_bytree': 0.8955234665317531, 'colsample_bynode': 0.22593630062460682, 'subsample': 0.7545799521476758, 'min_child_weight': 81.19951655471226, 'min_data_in_leaf': 16.5013417450412, 'lambda': 1.5764133074008653, 'alpha': 5.119858113043179, 'max_depth': 4, 'eta': 0.09554876725961475, 'gamma': 5.104849368635955, 'num_boost_rounds': 200}. Best is trial 0 with value: 0.01205.
2025-01-02 13:07:47 INFO     n_estimators: 10
2025-01-02 13:07:47 INFO     Trial 1 finished with value: 0.013807 and parameters: {'max_delta_step': 11.038194142062174, 'colsample_bytree': 0.9301844754806509, 'colsample_bynode': 0.26196838834315933, 'subsample': 0.9451675272384755, 'min_child_weight': 8.152990582972619, 'min_data_in_leaf': 10.018827416534865, 'lambda': 7.995551222963478, 'alpha': 0.13063559304421302, 'max_depth': 2, 'eta': 0.03800758180868276, 'gamma': 4.1616358241229285, 'num_boost_rounds': 75}. Best is trial 1 with value: 0.013807.
2025-01-02 13:07:48 INFO     n_estimators: 10
