2025-01-02 13:11:52 INFO     Trial 407 finished with value: 0.017088 and parameters: {'max_delta_step': 98.67949087129202, 'colsample_bytree': 0.529964944059442, 'colsample_bynode': 0.4768610886836547, 'subsample': 0.9015279969963013, 'min_child_weight': 97.56728028925382, 'min_data_in_leaf': 20.7917637403739, 'lambda': 3.215771752106568, 'alpha': 7.750713164940301, 'max_depth': 1, 'eta': 0.19329437483807294, 'gamma': 8.896184268813736, 'num_boost_rounds': 170}. Best is trial 186 with value: 0.017241.
2025-01-02 13:11:53 INFO     n_estimators: 10
2025-01-02 13:11:53 INFO     Trial 408 finished with value: 0.017143 and parameters: {'max_delta_step': 18.69581245915624, 'colsample_bytree': 0.560006141560489, 'colsample_bynode': 0.34861216839437725, 'subsample': 0.8711323544188262, 'min_child_weight': 89.42584457416606, 'min_data_in_leaf': 21.50029753144225, 'lambda': 2.5286969211132826, 'alpha': 6.201202714264264, 'max_depth': 1, 'eta': 0.19601636323246646, 'gamma': 8.712959121105323, 'num_boost_rounds': 190}. Best is trial 186 with value: 0.017241.
2025-01-02 13:11:54 INFO     n_estimators: 10
2025-01-02 13:11:54 INFO     Trial 409 finished with value: 0.017088 and parameters: {'max_delta_step': 24.144637101751997, 'colsample_bytree': 0.5199722244290754, 'colsample_bynode': 0.31037161502191246, 'subsample': 0.8928220421451315, 'min_child_weight': 85.33699801740052, 'min_data_in_leaf': 19.842737811381276, 'lambda': 3.504447318868028, 'alpha': 7.517175466698836, 'max_depth': 1, 'eta': 0.19656138586792465, 'gamma': 8.425405826845905, 'num_boost_rounds': 135}. Best is trial 186 with value: 0.017241.
2025-01-02 13:11:54 INFO     n_estimators: 10
2025-01-02 13:11:54 INFO     Trial 410 finished with value: 0.017143 and parameters: {'max_delta_step': 20.46131210731684, 'colsample_bytree': 0.5360567443078391, 'colsample_bynode': 0.40340090875149, 'subsample': 0.8829097391952203, 'min_child_weight': 92.49786629856762, 'min_data_in_leaf': 20.320733870613637, 'lambda': 2.941740904797388, 'alpha': 7.29760127478722, 'max_depth': 1, 'eta': 0.18920322595834063, 'gamma': 8.022304185887382, 'num_boost_rounds': 175}. Best is trial 186 with value: 0.017241.
2025-01-02 13:11:55 INFO     n_estimators: 10
2025-01-02 13:11:55 INFO     Trial 411 finished with value: 0.017143 and parameters: {'max_delta_step': 17.874616820164547, 'colsample_bytree': 0.5512332119672977, 'colsample_bynode': 0.4359504060749582, 'subsample': 0.8634476739381958, 'min_child_weight': 81.4514835395022, 'min_data_in_leaf': 18.494041269813632, 'lambda': 2.707542428066382, 'alpha': 7.695881974796773, 'max_depth': 1, 'eta': 0.1931094118111327, 'gamma': 7.749177049973227, 'num_boost_rounds': 180}. Best is trial 186 with value: 0.017241.
2025-01-02 13:11:56 INFO     n_estimators: 10
2025-01-02 13:11:56 INFO     Trial 412 finished with value: 0.017088 and parameters: {'max_delta_step': 15.154089896042041, 'colsample_bytree': 0.5089464143092125, 'colsample_bynode': 0.4571578430599999, 'subsample': 0.8751101772562474, 'min_child_weight': 89.00443355940136, 'min_data_in_leaf': 19.18039677834981, 'lambda': 5.308874695084535, 'alpha': 7.107081620228745, 'max_depth': 1, 'eta': 0.19629551862527922, 'gamma': 8.624527060735259, 'num_boost_rounds': 185}. Best is trial 186 with value: 0.017241.
2025-01-02 13:11:56 INFO     Trial 413 pruned. Trial was pruned at iteration 5.
2025-01-02 13:11:57 INFO     n_estimators: 10
2025-01-02 13:11:57 INFO     Trial 414 finished with value: 0.017088 and parameters: {'max_delta_step': 19.646732375332903, 'colsample_bytree': 0.5478729737629991, 'colsample_bynode': 0.4326844325156366, 'subsample': 0.8910737135575453, 'min_child_weight': 95.95558545126723, 'min_data_in_leaf': 18.864194419408236, 'lambda': 3.5965196558110093, 'alpha': 7.4412044451457104, 'max_depth': 1, 'eta': 0.1966164777053354, 'gamma': 9.049783108465899, 'num_boost_rounds': 190}. Best is trial 186 with value: 0.017241.
2025-01-02 13:11:57 INFO     n_estimators: 10
2025-01-02 13:11:57 INFO     Trial 415 finished with value: 0.017241 and parameters: {'max_delta_step': 12.739217084764435, 'colsample_bytree': 0.527246633121989, 'colsample_bynode': 0.38657347015333515, 'subsample': 0.9033118006756595, 'min_child_weight': 91.08237252524992, 'min_data_in_leaf': 20.161778381478776, 'lambda': 3.022145273018488, 'alpha': 7.5975226277895, 'max_depth': 1, 'eta': 0.19997373578965053, 'gamma': 8.536796853086614, 'num_boost_rounds': 125}. Best is trial 186 with value: 0.017241.
2025-01-02 13:11:58 INFO     n_estimators: 10
2025-01-02 13:11:58 INFO     Trial 416 finished with value: 0.017143 and parameters: {'max_delta_step': 17.04575880608994, 'colsample_bytree': 0.5570678935732309, 'colsample_bynode': 0.4446004001382476, 'subsample': 0.8827221139660285, 'min_child_weight': 87.42165472537785, 'min_data_in_leaf': 21.157071805465172, 'lambda': 3.3831194960584976, 'alpha': 6.920865622275734, 'max_depth': 1, 'eta': 0.18605672585686092, 'gamma': 8.228922268710912, 'num_boost_rounds': 180}. Best is trial 186 with value: 0.017241.
2025-01-02 13:11:59 INFO     n_estimators: 10
2025-01-02 13:11:59 INFO     Trial 417 finished with value: 0.017143 and parameters: {'max_delta_step': 21.464761175825856, 'colsample_bytree': 0.5352721263248174, 'colsample_bynode': 0.49007961135590955, 'subsample': 0.8634000325765948, 'min_child_weight': 79.76585784908129, 'min_data_in_leaf': 22.204766779591644, 'lambda': 2.313707491784662, 'alpha': 9.364494922889575, 'max_depth': 1, 'eta': 0.19187895197821922, 'gamma': 8.933378180297122, 'num_boost_rounds': 185}. Best is trial 186 with value: 0.017241.
2025-01-02 13:11:59 INFO     Trial 418 pruned. Trial was pruned at iteration 5.
2025-01-02 13:12:00 INFO     n_estimators: 10
2025-01-02 13:12:00 INFO     Trial 419 finished with value: 0.017208 and parameters: {'max_delta_step': 9.622156441070986, 'colsample_bytree': 0.5166084353658247, 'colsample_bynode': 0.37615194968594745, 'subsample': 0.8419815109500038, 'min_child_weight': 94.38495808055954, 'min_data_in_leaf': 17.960300960571015, 'lambda': 3.222551830327408, 'alpha': 7.360486289345941, 'max_depth': 1, 'eta': 0.19996289342806245, 'gamma': 8.379845690701636, 'num_boost_rounds': 175}. Best is trial 186 with value: 0.017241.
2025-01-02 13:12:00 INFO     n_estimators: 10
2025-01-02 13:12:00 INFO     Trial 420 finished with value: 0.017241 and parameters: {'max_delta_step': 25.125941098326045, 'colsample_bytree': 0.5264521139102112, 'colsample_bynode': 0.402649158426669, 'subsample': 0.8956037803904447, 'min_child_weight': 86.6239999682889, 'min_data_in_leaf': 18.436183844041253, 'lambda': 2.5070622097932547, 'alpha': 8.112283660725705, 'max_depth': 1, 'eta': 0.19995272824853091, 'gamma': 8.61011256038232, 'num_boost_rounds': 180}. Best is trial 186 with value: 0.017241.
2025-01-02 13:12:01 INFO     Trial 421 pruned. Trial was pruned at iteration 5.
2025-01-02 13:12:02 INFO     n_estimators: 10
2025-01-02 13:12:02 INFO     Trial 422 finished with value: 0.017139 and parameters: {'max_delta_step': 14.250657013644311, 'colsample_bytree': 0.5485710908945288, 'colsample_bynode': 0.42663415394191645, 'subsample': 0.6833896443385408, 'min_child_weight': 91.29157646769852, 'min_data_in_leaf': 20.238001266258404, 'lambda': 3.034751918080555, 'alpha': 7.633812167736424, 'max_depth': 1, 'eta': 0.18993746777885895, 'gamma': 8.010148459941709, 'num_boost_rounds': 185}. Best is trial 186 with value: 0.017241.
2025-01-02 13:12:02 INFO     n_estimators: 10
2025-01-02 13:12:02 INFO     Trial 423 finished with value: 0.017143 and parameters: {'max_delta_step': 22.742492949712798, 'colsample_bytree': 0.538037026935296, 'colsample_bynode': 0.4688866481972331, 'subsample': 0.8650155875948071, 'min_child_weight': 85.05594705285029, 'min_data_in_leaf': 20.831383821811823, 'lambda': 3.3945548279890096, 'alpha': 7.9009521279427455, 'max_depth': 1, 'eta': 0.19358016625176233, 'gamma': 8.39414703501101, 'num_boost_rounds': 180}. Best is trial 186 with value: 0.017241.
2025-01-02 13:12:03 INFO     Trial 424 pruned. Trial was pruned at iteration 5.
2025-01-02 13:12:03 INFO     n_estimators: 10
2025-01-02 13:12:03 INFO     Trial 425 finished with value: 0.017088 and parameters: {'max_delta_step': 18.29794073196737, 'colsample_bytree': 0.5602508160650964, 'colsample_bynode': 0.3346482629654602, 'subsample': 0.8866108593710537, 'min_child_weight': 98.03766973642318, 'min_data_in_leaf': 18.854238418658028, 'lambda': 2.074277995977715, 'alpha': 7.219312686616089, 'max_depth': 1, 'eta': 0.19358466348685371, 'gamma': 7.278859572609072, 'num_boost_rounds': 190}. Best is trial 186 with value: 0.017241.
2025-01-02 13:12:04 INFO     n_estimators: 10
2025-01-02 13:12:04 INFO     Trial 426 finished with value: 0.017088 and parameters: {'max_delta_step': 17.124545292600473, 'colsample_bytree': 0.5006573305438545, 'colsample_bynode': 0.3621544428517127, 'subsample': 0.9048409758973236, 'min_child_weight': 93.54169264216249, 'min_data_in_leaf': 21.780556194668268, 'lambda': 3.1411491069049626, 'alpha': 8.397047661982764, 'max_depth': 1, 'eta': 0.19609205719581177, 'gamma': 8.841913434989763, 'num_boost_rounds': 190}. Best is trial 186 with value: 0.017241.
2025-01-02 13:12:05 INFO     n_estimators: 10
2025-01-02 13:12:05 INFO     Trial 427 finished with value: 0.01711 and parameters: {'max_delta_step': 21.538876872052672, 'colsample_bytree': 0.5435249946546589, 'colsample_bynode': 0.3944835436340764, 'subsample': 0.8728710900287863, 'min_child_weight': 81.47599991492663, 'min_data_in_leaf': 19.932677581437652, 'lambda': 3.6580388618866557, 'alpha': 6.955553856614774, 'max_depth': 1, 'eta': 0.1861803274469284, 'gamma': 5.7787531660167275, 'num_boost_rounds': 170}. Best is trial 186 with value: 0.017241.
2025-01-02 13:12:05 INFO     Trial 428 pruned. Trial was pruned at iteration 5.
2025-01-02 13:12:06 INFO     Trial 429 pruned. Trial was pruned at iteration 0.
2025-01-02 13:12:06 INFO     Trial 430 pruned. Trial was pruned at iteration 5.
2025-01-02 13:12:07 INFO     n_estimators: 10
2025-01-02 13:12:07 INFO     Trial 431 finished with value: 0.017088 and parameters: {'max_delta_step': 24.53643182391973, 'colsample_bytree': 0.5499745727184049, 'colsample_bynode': 0.42426918294284593, 'subsample': 0.8888114612237968, 'min_child_weight': 95.56372387392514, 'min_data_in_leaf': 19.398279772614238, 'lambda': 2.5185598766944617, 'alpha': 7.106826961706924, 'max_depth': 1, 'eta': 0.19627031413809368, 'gamma': 8.373217450462269, 'num_boost_rounds': 185}. Best is trial 186 with value: 0.017241.
2025-01-02 13:12:07 INFO     n_estimators: 10
2025-01-02 13:12:07 INFO     Trial 432 finished with value: 0.017137 and parameters: {'max_delta_step': 18.408771342167196, 'colsample_bytree': 0.5342385654838477, 'colsample_bynode': 0.4063629162974146, 'subsample': 0.5241195070635458, 'min_child_weight': 87.70484013394663, 'min_data_in_leaf': 21.331129962883814, 'lambda': 3.144827278310763, 'alpha': 6.708645874220323, 'max_depth': 1, 'eta': 0.19990788442436078, 'gamma': 9.137209664598485, 'num_boost_rounds': 195}. Best is trial 186 with value: 0.017241.
2025-01-02 13:12:08 INFO     n_estimators: 10
2025-01-02 13:12:08 INFO     Trial 433 finished with value: 0.017143 and parameters: {'max_delta_step': 21.998651439527453, 'colsample_bytree': 0.5622415417703972, 'colsample_bynode': 0.4520987304656302, 'subsample': 0.8692598054393802, 'min_child_weight': 92.4835075451923, 'min_data_in_leaf': 20.395095685381648, 'lambda': 3.4120956298040768, 'alpha': 7.762693418853269, 'max_depth': 1, 'eta': 0.19297234710398511, 'gamma': 8.699110334391147, 'num_boost_rounds': 190}. Best is trial 186 with value: 0.017241.
2025-01-02 13:12:09 INFO     n_estimators: 10
2025-01-02 13:12:09 INFO     Trial 434 finished with value: 0.017088 and parameters: {'max_delta_step': 13.007433004405922, 'colsample_bytree': 0.5410563282481713, 'colsample_bynode': 0.384351057542316, 'subsample': 0.9045557444236854, 'min_child_weight': 89.63793559687124, 'min_data_in_leaf': 19.749080660008442, 'lambda': 2.907400310541494, 'alpha': 7.998950508094994, 'max_depth': 1, 'eta': 0.19611888332189023, 'gamma': 8.257790761002969, 'num_boost_rounds': 200}. Best is trial 186 with value: 0.017241.
2025-01-02 13:12:09 INFO     Trial 435 pruned. Trial was pruned at iteration 0.
2025-01-02 13:12:10 INFO     n_estimators: 10
2025-01-02 13:12:10 INFO     Trial 436 finished with value: 0.017143 and parameters: {'max_delta_step': 19.848598631195202, 'colsample_bytree': 0.5504852063051129, 'colsample_bynode': 0.4285465207035671, 'subsample': 0.8762339051524596, 'min_child_weight': 99.92727353056343, 'min_data_in_leaf': 18.18306689513543, 'lambda': 3.6426260722726145, 'alpha': 7.569714497749894, 'max_depth': 1, 'eta': 0.19986602603894643, 'gamma': 8.87824877424871, 'num_boost_rounds': 185}. Best is trial 186 with value: 0.017241.
2025-01-02 13:12:11 INFO     n_estimators: 10
2025-01-02 13:12:11 INFO     Trial 437 finished with value: 0.017088 and parameters: {'max_delta_step': 16.588516110522878, 'colsample_bytree': 0.5152116767148883, 'colsample_bynode': 0.4072538868852882, 'subsample': 0.8920666097507767, 'min_child_weight': 83.3056165472934, 'min_data_in_leaf': 19.4543426887314, 'lambda': 3.13455418721559, 'alpha': 4.280530632198283, 'max_depth': 1, 'eta': 0.19606911827642953, 'gamma': 8.557676000885063, 'num_boost_rounds': 175}. Best is trial 186 with value: 0.017241.
2025-01-02 13:12:11 INFO     n_estimators: 10
2025-01-02 13:12:11 INFO     Trial 438 finished with value: 0.017143 and parameters: {'max_delta_step': 23.57946966876748, 'colsample_bytree': 0.5366604667434486, 'colsample_bynode': 0.3533664924859491, 'subsample': 0.8654748540598732, 'min_child_weight': 77.7618117897665, 'min_data_in_leaf': 18.73944953088101, 'lambda': 2.2771357369793037, 'alpha': 6.909869217172959, 'max_depth': 1, 'eta': 0.19291269695441582, 'gamma': 8.10485003026673, 'num_boost_rounds': 190}. Best is trial 186 with value: 0.017241.
2025-01-02 13:12:12 INFO     Trial 439 pruned. Trial was pruned at iteration 5.
2025-01-02 13:12:13 INFO     n_estimators: 10
2025-01-02 13:12:13 INFO     Trial 440 finished with value: 0.017088 and parameters: {'max_delta_step': 14.534408233814592, 'colsample_bytree': 0.5245573257509863, 'colsample_bynode': 0.45950857112877447, 'subsample': 0.8976430328822708, 'min_child_weight': 91.48018482055062, 'min_data_in_leaf': 24.567441909578854, 'lambda': 3.0050316582786927, 'alpha': 7.194451003292, 'max_depth': 1, 'eta': 0.1906750776722956, 'gamma': 5.294925419740253, 'num_boost_rounds': 185}. Best is trial 186 with value: 0.017241.
2025-01-02 13:12:13 INFO     Trial 441 pruned. Trial was pruned at iteration 5.
2025-01-02 13:12:14 INFO     Trial 442 pruned. Trial was pruned at iteration 5.
2025-01-02 13:12:14 INFO     n_estimators: 10
2025-01-02 13:12:14 INFO     Trial 443 finished with value: 0.017241 and parameters: {'max_delta_step': 22.410515098896845, 'colsample_bytree': 0.5588372297638411, 'colsample_bynode': 0.4106356690055147, 'subsample': 0.8842292113899402, 'min_child_weight': 90.23025423121327, 'min_data_in_leaf': 21.96272461678283, 'lambda': 3.505673220119327, 'alpha': 8.22468881499591, 'max_depth': 1, 'eta': 0.19987708942270752, 'gamma': 8.351097250851014, 'num_boost_rounds': 185}. Best is trial 186 with value: 0.017241.
2025-01-02 13:12:15 INFO     n_estimators: 10
2025-01-02 13:12:15 INFO     Trial 444 finished with value: 0.017088 and parameters: {'max_delta_step': 11.415672949068163, 'colsample_bytree': 0.5460396932341552, 'colsample_bynode': 0.3759565545316552, 'subsample': 0.9082121865430196, 'min_child_weight': 93.77240312402085, 'min_data_in_leaf': 19.210153254799646, 'lambda': 2.8787836422480058, 'alpha': 7.069539945631903, 'max_depth': 1, 'eta': 0.1936521038990387, 'gamma': 7.926058749813233, 'num_boost_rounds': 175}. Best is trial 186 with value: 0.017241.
2025-01-02 13:12:16 INFO     n_estimators: 10
2025-01-02 13:12:16 INFO     Trial 445 finished with value: 0.017143 and parameters: {'max_delta_step': 16.245075067354676, 'colsample_bytree': 0.5322151755150352, 'colsample_bynode': 0.437647788011906, 'subsample': 0.8683797665276002, 'min_child_weight': 87.34391251573952, 'min_data_in_leaf': 20.48589663024523, 'lambda': 3.2566719005412823, 'alpha': 7.94737602164235, 'max_depth': 1, 'eta': 0.19602555968165353, 'gamma': 8.553466487121879, 'num_boost_rounds': 180}. Best is trial 186 with value: 0.017241.
2025-01-02 13:12:16 INFO     n_estimators: 10
2025-01-02 13:12:16 INFO     Trial 446 finished with value: 0.017137 and parameters: {'max_delta_step': 18.177450540808497, 'colsample_bytree': 0.5416043278267776, 'colsample_bynode': 0.4514245452521883, 'subsample': 0.6553851166889189, 'min_child_weight': 83.38754743026205, 'min_data_in_leaf': 19.604203357717374, 'lambda': 8.419247015659817, 'alpha': 7.266829108218176, 'max_depth': 1, 'eta': 0.1876520449206657, 'gamma': 8.19133727139501, 'num_boost_rounds': 195}. Best is trial 186 with value: 0.017241.
2025-01-02 13:12:17 INFO     Trial 447 pruned. Trial was pruned at iteration 0.
2025-01-02 13:12:17 INFO     n_estimators: 10
2025-01-02 13:12:17 INFO     Trial 448 finished with value: 0.017241 and parameters: {'max_delta_step': 26.517041221198518, 'colsample_bytree': 0.5213503606268395, 'colsample_bynode': 0.4161301868455251, 'subsample': 0.8899134225908333, 'min_child_weight': 89.95103457754733, 'min_data_in_leaf': 18.801004145162562, 'lambda': 3.0741161655102855, 'alpha': 9.489363446996665, 'max_depth': 1, 'eta': 0.19988782392969504, 'gamma': 4.050075820941311, 'num_boost_rounds': 150}. Best is trial 186 with value: 0.017241.
2025-01-02 13:12:18 INFO     n_estimators: 10
2025-01-02 13:12:18 INFO     Trial 449 finished with value: 0.017143 and parameters: {'max_delta_step': 20.86278855712888, 'colsample_bytree': 0.5535387311710265, 'colsample_bynode': 0.43192722568435554, 'subsample': 0.8459030337107012, 'min_child_weight': 79.64710625843863, 'min_data_in_leaf': 20.17673746696791, 'lambda': 2.781869719693101, 'alpha': 7.734712781198757, 'max_depth': 1, 'eta': 0.19251764436191615, 'gamma': 8.385532419794055, 'num_boost_rounds': 200}. Best is trial 186 with value: 0.017241.
2025-01-02 13:12:19 INFO     Trial 450 pruned. Trial was pruned at iteration 5.
2025-01-02 13:12:19 INFO     n_estimators: 10
2025-01-02 13:12:19 INFO     Trial 451 finished with value: 0.017143 and parameters: {'max_delta_step': 16.122887878440817, 'colsample_bytree': 0.5360130270175546, 'colsample_bynode': 0.39273007803972265, 'subsample': 0.8773159864307217, 'min_child_weight': 92.26319623188293, 'min_data_in_leaf': 19.263287176493407, 'lambda': 3.0509533504706816, 'alpha': 7.49367266159327, 'max_depth': 1, 'eta': 0.19592040916677234, 'gamma': 8.923267002131398, 'num_boost_rounds': 45}. Best is trial 186 with value: 0.017241.
2025-01-02 13:12:20 INFO     n_estimators: 10
2025-01-02 13:12:20 INFO     Trial 452 finished with value: 0.017143 and parameters: {'max_delta_step': 23.505085755273686, 'colsample_bytree': 0.5601219056786463, 'colsample_bynode': 0.33386111160348825, 'subsample': 0.8224077131109373, 'min_child_weight': 84.40217800772656, 'min_data_in_leaf': 21.10534004910206, 'lambda': 3.518412554057769, 'alpha': 3.8938243508868196, 'max_depth': 1, 'eta': 0.1901597731082428, 'gamma': 8.151579594156654, 'num_boost_rounds': 110}. Best is trial 186 with value: 0.017241.
2025-01-02 13:12:21 INFO     Trial 453 pruned. Trial was pruned at iteration 5.
2025-01-02 13:12:21 INFO     n_estimators: 10
2025-01-02 13:12:21 INFO     Trial 454 finished with value: 0.017143 and parameters: {'max_delta_step': 14.078792093403848, 'colsample_bytree': 0.5440879351022234, 'colsample_bynode': 0.4503904966117016, 'subsample': 0.8586848688456612, 'min_child_weight': 95.4114102823797, 'min_data_in_leaf': 18.031788693663305, 'lambda': 2.6659535447399314, 'alpha': 8.802444775900444, 'max_depth': 1, 'eta': 0.1957245804879521, 'gamma': 9.180052870304543, 'num_boost_rounds': 180}. Best is trial 186 with value: 0.017241.
2025-01-02 13:12:22 INFO     n_estimators: 10
2025-01-02 13:12:22 INFO     Trial 455 finished with value: 0.017088 and parameters: {'max_delta_step': 20.72415589545916, 'colsample_bytree': 0.5304446898945075, 'colsample_bynode': 0.42396786788299806, 'subsample': 0.8855684057059405, 'min_child_weight': 86.18599439434057, 'min_data_in_leaf': 19.9347120334902, 'lambda': 2.40903522706647, 'alpha': 6.806865848155872, 'max_depth': 1, 'eta': 0.1969250973041043, 'gamma': 8.708292027332929, 'num_boost_rounds': 170}. Best is trial 186 with value: 0.017241.
2025-01-02 13:12:23 INFO     n_estimators: 10
2025-01-02 13:12:23 INFO     Trial 456 finished with value: 0.017143 and parameters: {'max_delta_step': 48.2472623792557, 'colsample_bytree': 0.519876535879189, 'colsample_bynode': 0.2934976518119013, 'subsample': 0.8714881130234521, 'min_child_weight': 82.71640211819253, 'min_data_in_leaf': 20.594750222928216, 'lambda': 3.3777454064440824, 'alpha': 7.245054605860134, 'max_depth': 1, 'eta': 0.18949788885459373, 'gamma': 7.737760165050765, 'num_boost_rounds': 190}. Best is trial 186 with value: 0.017241.
2025-01-02 13:12:23 INFO     Trial 457 pruned. Trial was pruned at iteration 0.
2025-01-02 13:12:24 INFO     n_estimators: 10
2025-01-02 13:12:24 INFO     Trial 458 finished with value: 0.017088 and parameters: {'max_delta_step': 22.13288163834065, 'colsample_bytree': 0.5697615092348944, 'colsample_bynode': 0.31372411177415555, 'subsample': 0.91530490031196, 'min_child_weight': 75.15729917670285, 'min_data_in_leaf': 16.250758250122647, 'lambda': 5.599103684705077, 'alpha': 7.841269273943516, 'max_depth': 1, 'eta': 0.19344876009431192, 'gamma': 7.9931796959549, 'num_boost_rounds': 180}. Best is trial 186 with value: 0.017241.
2025-01-02 13:12:24 INFO     n_estimators: 10
