2025-01-02 13:08:47 INFO     Trial 103 finished with value: 0.01706 and parameters: {'max_delta_step': 14.131176142615436, 'colsample_bytree': 0.5100274128836858, 'colsample_bynode': 0.5714834313377716, 'subsample': 0.8419921887416391, 'min_child_weight': 55.62692236412606, 'min_data_in_leaf': 13.674750366037312, 'lambda': 2.4963178844473664, 'alpha': 1.3505782928691792, 'max_depth': 1, 'eta': 0.12978585716880164, 'gamma': 9.723130549466047, 'num_boost_rounds': 185}. Best is trial 85 with value: 0.01706.
2025-01-02 13:08:47 INFO     Trial 104 pruned. Trial was pruned at iteration 0.
2025-01-02 13:08:48 INFO     n_estimators: 10
2025-01-02 13:08:48 INFO     Trial 105 finished with value: 0.01706 and parameters: {'max_delta_step': 19.12382427536741, 'colsample_bytree': 0.5207599637416658, 'colsample_bynode': 0.5245799597991372, 'subsample': 0.9208702875433116, 'min_child_weight': 50.64451214665684, 'min_data_in_leaf': 12.937490485106109, 'lambda': 2.0257429673033274, 'alpha': 0.5565453789632256, 'max_depth': 1, 'eta': 0.15136333662050372, 'gamma': 9.438306618331934, 'num_boost_rounds': 175}. Best is trial 85 with value: 0.01706.
2025-01-02 13:08:48 INFO     n_estimators: 10
2025-01-02 13:08:48 INFO     Trial 106 finished with value: 0.008416 and parameters: {'max_delta_step': 4.364412047214948, 'colsample_bytree': 0.5437805536183418, 'colsample_bynode': 0.7122956360665792, 'subsample': 0.8839308210000364, 'min_child_weight': 48.18837332677359, 'min_data_in_leaf': 14.266567920001977, 'lambda': 2.7974386371010618, 'alpha': 0.7957151702639491, 'max_depth': 1, 'eta': 0.12772187088310072, 'gamma': 9.739611634940164, 'num_boost_rounds': 200}. Best is trial 85 with value: 0.01706.
2025-01-02 13:08:49 INFO     Trial 107 pruned. Trial was pruned at iteration 0.
2025-01-02 13:08:49 INFO     n_estimators: 10
2025-01-02 13:08:49 INFO     Trial 108 finished with value: 0.017005 and parameters: {'max_delta_step': 11.937142048287491, 'colsample_bytree': 0.5153496131397137, 'colsample_bynode': 0.6237139916671357, 'subsample': 0.8699953376480613, 'min_child_weight': 60.49967780429483, 'min_data_in_leaf': 14.304668863462219, 'lambda': 3.237623184019973, 'alpha': 9.87819340419771, 'max_depth': 1, 'eta': 0.1614512899273174, 'gamma': 8.697919925040011, 'num_boost_rounds': 180}. Best is trial 85 with value: 0.01706.
2025-01-02 13:08:50 INFO     n_estimators: 10
2025-01-02 13:08:50 INFO     Trial 109 finished with value: 0.01706 and parameters: {'max_delta_step': 20.497910787039718, 'colsample_bytree': 0.5454225024606982, 'colsample_bynode': 0.6425136157560558, 'subsample': 0.8343447816479873, 'min_child_weight': 54.61931881731088, 'min_data_in_leaf': 12.92076946441296, 'lambda': 1.6032544995838443, 'alpha': 1.0149211660824524, 'max_depth': 1, 'eta': 0.14187397762174153, 'gamma': 9.206190917966815, 'num_boost_rounds': 200}. Best is trial 85 with value: 0.01706.
2025-01-02 13:08:51 INFO     n_estimators: 10
2025-01-02 13:08:51 INFO     Trial 110 finished with value: 0.01706 and parameters: {'max_delta_step': 9.174175548960946, 'colsample_bytree': 0.5224640812853136, 'colsample_bynode': 0.5727536199935828, 'subsample': 0.885968210890788, 'min_child_weight': 48.88801203118512, 'min_data_in_leaf': 10.307431872374025, 'lambda': 2.4126940015153773, 'alpha': 1.7494746054938812, 'max_depth': 1, 'eta': 0.13069752579459817, 'gamma': 9.994956916758749, 'num_boost_rounds': 155}. Best is trial 85 with value: 0.01706.
2025-01-02 13:08:51 INFO     n_estimators: 10
2025-01-02 13:08:51 INFO     Trial 111 finished with value: 0.01706 and parameters: {'max_delta_step': 6.727159359918323, 'colsample_bytree': 0.5100139282886087, 'colsample_bynode': 0.5635520426771938, 'subsample': 0.8617956012047562, 'min_child_weight': 46.13429400323065, 'min_data_in_leaf': 13.2918609399359, 'lambda': 1.801556789397339, 'alpha': 1.1039822730524402, 'max_depth': 1, 'eta': 0.1432497403267125, 'gamma': 9.4952948495313, 'num_boost_rounds': 200}. Best is trial 85 with value: 0.01706.
2025-01-02 13:08:52 INFO     n_estimators: 10
2025-01-02 13:08:52 INFO     Trial 112 finished with value: 0.01706 and parameters: {'max_delta_step': 1.3394732392037323, 'colsample_bytree': 0.5059785571177121, 'colsample_bynode': 0.5485100859837743, 'subsample': 0.8691013422486202, 'min_child_weight': 51.92195544951167, 'min_data_in_leaf': 12.202336041945092, 'lambda': 1.852971397076582, 'alpha': 0.43674992642962307, 'max_depth': 1, 'eta': 0.1378798466486548, 'gamma': 9.56239471666215, 'num_boost_rounds': 195}. Best is trial 85 with value: 0.01706.
2025-01-02 13:08:52 INFO     n_estimators: 10
2025-01-02 13:08:52 INFO     Trial 113 finished with value: 0.008416 and parameters: {'max_delta_step': 5.751906805537695, 'colsample_bytree': 0.5003843229071222, 'colsample_bynode': 0.680960040215261, 'subsample': 0.9451002464117194, 'min_child_weight': 49.435934601955104, 'min_data_in_leaf': 14.100333195995514, 'lambda': 2.657778303054695, 'alpha': 0.6927262291524274, 'max_depth': 1, 'eta': 0.14493919348982856, 'gamma': 8.456902235697608, 'num_boost_rounds': 185}. Best is trial 85 with value: 0.01706.
2025-01-02 13:08:53 INFO     n_estimators: 10
2025-01-02 13:08:53 INFO     Trial 114 finished with value: 0.01706 and parameters: {'max_delta_step': 11.112806902873107, 'colsample_bytree': 0.5212264876437253, 'colsample_bynode': 0.5596175242255482, 'subsample': 0.8990296668370115, 'min_child_weight': 54.022435606751884, 'min_data_in_leaf': 11.605058002272088, 'lambda': 2.929535276937715, 'alpha': 1.3767954940923817, 'max_depth': 1, 'eta': 0.13305340866487517, 'gamma': 9.262548708394329, 'num_boost_rounds': 200}. Best is trial 85 with value: 0.01706.
2025-01-02 13:08:54 INFO     n_estimators: 10
2025-01-02 13:08:54 INFO     Trial 115 finished with value: 0.01706 and parameters: {'max_delta_step': 16.96893652553096, 'colsample_bytree': 0.5124368272137589, 'colsample_bynode': 0.6020908065037568, 'subsample': 0.8731450614993714, 'min_child_weight': 37.46618640599759, 'min_data_in_leaf': 13.602811393151624, 'lambda': 2.1207809118060874, 'alpha': 0.9445368409584346, 'max_depth': 1, 'eta': 0.15092241579884744, 'gamma': 9.7946370992839, 'num_boost_rounds': 195}. Best is trial 85 with value: 0.01706.
2025-01-02 13:08:54 INFO     n_estimators: 10
2025-01-02 13:08:54 INFO     Trial 116 finished with value: 0.01706 and parameters: {'max_delta_step': 15.067774465380412, 'colsample_bytree': 0.547501864258473, 'colsample_bynode': 0.5323430770344793, 'subsample': 0.9194796472741866, 'min_child_weight': 42.794988877941904, 'min_data_in_leaf': 12.59816173213291, 'lambda': 1.1953321225733595, 'alpha': 0.2909222963181376, 'max_depth': 1, 'eta': 0.1257929408741116, 'gamma': 8.732672329444888, 'num_boost_rounds': 195}. Best is trial 85 with value: 0.01706.
2025-01-02 13:08:55 INFO     n_estimators: 10
2025-01-02 13:08:55 INFO     Trial 117 finished with value: 0.017001 and parameters: {'max_delta_step': 13.529987304524106, 'colsample_bytree': 0.5240605136478723, 'colsample_bynode': 0.5754665552138817, 'subsample': 0.8534939989305771, 'min_child_weight': 46.576277283450864, 'min_data_in_leaf': 19.616952973354085, 'lambda': 1.7740155862305083, 'alpha': 0.6660646556188028, 'max_depth': 1, 'eta': 0.15621629318056815, 'gamma': 9.561950551079644, 'num_boost_rounds': 180}. Best is trial 85 with value: 0.01706.
2025-01-02 13:08:56 INFO     n_estimators: 10
2025-01-02 13:08:56 INFO     Trial 118 finished with value: 0.01706 and parameters: {'max_delta_step': 8.574862712700991, 'colsample_bytree': 0.5064772403756729, 'colsample_bynode': 0.6491608931056354, 'subsample': 0.8773109457340832, 'min_child_weight': 65.31103467768591, 'min_data_in_leaf': 14.790362559220767, 'lambda': 3.355188161838789, 'alpha': 1.0160983610672878, 'max_depth': 1, 'eta': 0.1357612513219358, 'gamma': 9.41247519144052, 'num_boost_rounds': 200}. Best is trial 85 with value: 0.01706.
2025-01-02 13:08:56 INFO     n_estimators: 10
2025-01-02 13:08:56 INFO     Trial 119 finished with value: 0.008416 and parameters: {'max_delta_step': 3.649582729202489, 'colsample_bytree': 0.5418502564127685, 'colsample_bynode': 0.6965929630829816, 'subsample': 0.8387984935842595, 'min_child_weight': 56.76441169316328, 'min_data_in_leaf': 13.989216184596588, 'lambda': 0.5350052772252125, 'alpha': 1.1674007486710054, 'max_depth': 1, 'eta': 0.1745955170172553, 'gamma': 9.142122512640713, 'num_boost_rounds': 185}. Best is trial 85 with value: 0.01706.
2025-01-02 13:08:57 INFO     n_estimators: 10
2025-01-02 13:08:57 INFO     Trial 120 finished with value: 0.017001 and parameters: {'max_delta_step': 18.337276734998134, 'colsample_bytree': 0.5148449621749287, 'colsample_bynode': 0.5098451280321168, 'subsample': 0.8600779128106243, 'min_child_weight': 50.849060290156096, 'min_data_in_leaf': 13.243461000751271, 'lambda': 2.4304994569264453, 'alpha': 1.9864066555946596, 'max_depth': 1, 'eta': 0.16161260162323918, 'gamma': 9.81589780660721, 'num_boost_rounds': 200}. Best is trial 85 with value: 0.01706.
2025-01-02 13:08:57 INFO     n_estimators: 10
2025-01-02 13:08:57 INFO     Trial 121 finished with value: 0.01706 and parameters: {'max_delta_step': 12.722045413212102, 'colsample_bytree': 0.5008726503551768, 'colsample_bynode': 0.6278378508055272, 'subsample': 0.8642441148466746, 'min_child_weight': 58.0139755316284, 'min_data_in_leaf': 12.248300572256175, 'lambda': 2.5903875142204074, 'alpha': 0.7829949884311453, 'max_depth': 1, 'eta': 0.13950275576701865, 'gamma': 9.65024706825725, 'num_boost_rounds': 195}. Best is trial 85 with value: 0.01706.
2025-01-02 13:08:58 INFO     n_estimators: 10
2025-01-02 13:08:58 INFO     Trial 122 finished with value: 0.01706 and parameters: {'max_delta_step': 10.023648727695608, 'colsample_bytree': 0.5093488725981352, 'colsample_bynode': 0.5855791123725275, 'subsample': 0.8844181848882376, 'min_child_weight': 60.585494765741664, 'min_data_in_leaf': 11.785295442527563, 'lambda': 2.006268266846555, 'alpha': 0.850168074342284, 'max_depth': 1, 'eta': 0.13522349845786918, 'gamma': 9.989289467113354, 'num_boost_rounds': 200}. Best is trial 85 with value: 0.01706.
2025-01-02 13:08:59 INFO     n_estimators: 10
2025-01-02 13:08:59 INFO     Trial 123 finished with value: 0.017041 and parameters: {'max_delta_step': 7.198587830838904, 'colsample_bytree': 0.5228317784174322, 'colsample_bynode': 0.6156038604380246, 'subsample': 0.8433549154331712, 'min_child_weight': 58.72870458126169, 'min_data_in_leaf': 11.136105722893586, 'lambda': 2.8100609565789623, 'alpha': 1.449007513435438, 'max_depth': 1, 'eta': 0.12701550679437384, 'gamma': 9.407803171032029, 'num_boost_rounds': 175}. Best is trial 85 with value: 0.01706.
2025-01-02 13:08:59 INFO     n_estimators: 10
2025-01-02 13:08:59 INFO     Trial 124 finished with value: 0.01706 and parameters: {'max_delta_step': 13.246452088388908, 'colsample_bytree': 0.5099634652963997, 'colsample_bynode': 0.5566516358264573, 'subsample': 0.9005511166315172, 'min_child_weight': 47.92890963964849, 'min_data_in_leaf': 12.57026646654072, 'lambda': 1.4343547664099705, 'alpha': 0.45567032985563827, 'max_depth': 1, 'eta': 0.14629631666073192, 'gamma': 9.711025786672137, 'num_boost_rounds': 200}. Best is trial 85 with value: 0.01706.
2025-01-02 13:09:00 INFO     n_estimators: 10
2025-01-02 13:09:00 INFO     Trial 125 finished with value: 0.017041 and parameters: {'max_delta_step': 15.362404203195215, 'colsample_bytree': 0.5241837967771655, 'colsample_bynode': 0.6359684309262655, 'subsample': 0.8713458492524463, 'min_child_weight': 56.11658814500659, 'min_data_in_leaf': 18.6593671810163, 'lambda': 2.234422113668346, 'alpha': 1.7012910886441577, 'max_depth': 1, 'eta': 0.11913904677704909, 'gamma': 9.123286550534583, 'num_boost_rounds': 195}. Best is trial 85 with value: 0.01706.
2025-01-02 13:09:01 INFO     n_estimators: 10
2025-01-02 13:09:01 INFO     Trial 126 finished with value: 0.01706 and parameters: {'max_delta_step': 10.712884242457493, 'colsample_bytree': 0.5004054836980903, 'colsample_bynode': 0.5989822894944803, 'subsample': 0.9134891257658152, 'min_child_weight': 45.24946847849791, 'min_data_in_leaf': 13.328272737202525, 'lambda': 2.608741059892427, 'alpha': 1.23746762640436, 'max_depth': 1, 'eta': 0.13034171873943856, 'gamma': 8.47434268870321, 'num_boost_rounds': 180}. Best is trial 85 with value: 0.01706.
2025-01-02 13:09:01 INFO     n_estimators: 10
2025-01-02 13:09:01 INFO     Trial 127 finished with value: 0.01706 and parameters: {'max_delta_step': 20.994955704613666, 'colsample_bytree': 0.567210405723699, 'colsample_bynode': 0.532616919488839, 'subsample': 0.8578909906964889, 'min_child_weight': 53.40971805859222, 'min_data_in_leaf': 14.657895103926114, 'lambda': 3.0007580266240104, 'alpha': 0.564374859276163, 'max_depth': 1, 'eta': 0.1337093564298898, 'gamma': 8.76873106900155, 'num_boost_rounds': 190}. Best is trial 85 with value: 0.01706.
2025-01-02 13:09:02 INFO     n_estimators: 10
2025-01-02 13:09:02 INFO     Trial 128 finished with value: 0.017041 and parameters: {'max_delta_step': 5.515081628134318, 'colsample_bytree': 0.5439574741442342, 'colsample_bynode': 0.57822949739573, 'subsample': 0.8963766394005526, 'min_child_weight': 62.65376191260351, 'min_data_in_leaf': 13.834963483635413, 'lambda': 3.4385819955200483, 'alpha': 0.8594406721174014, 'max_depth': 1, 'eta': 0.12291935273046803, 'gamma': 9.39854737242082, 'num_boost_rounds': 185}. Best is trial 85 with value: 0.01706.
2025-01-02 13:09:03 INFO     n_estimators: 10
2025-01-02 13:09:03 INFO     Trial 129 finished with value: 0.01706 and parameters: {'max_delta_step': 12.730328038074203, 'colsample_bytree': 0.51715330336357, 'colsample_bynode': 0.6179279088800435, 'subsample': 0.8489080032778789, 'min_child_weight': 69.30254287897745, 'min_data_in_leaf': 11.851455741300404, 'lambda': 2.44808913906717, 'alpha': 0.251433205611473, 'max_depth': 1, 'eta': 0.14258352195509588, 'gamma': 9.779606151338886, 'num_boost_rounds': 195}. Best is trial 85 with value: 0.01706.
2025-01-02 13:09:03 INFO     Trial 130 pruned. Trial was pruned at iteration 9.
2025-01-02 13:09:04 INFO     n_estimators: 10
2025-01-02 13:09:04 INFO     Trial 131 finished with value: 0.01706 and parameters: {'max_delta_step': 7.862104615785394, 'colsample_bytree': 0.5249893361815284, 'colsample_bynode': 0.6338528335869459, 'subsample': 0.8674146947101818, 'min_child_weight': 54.7239564703955, 'min_data_in_leaf': 12.878676482370983, 'lambda': 1.2629053486023083, 'alpha': 0.653271670108583, 'max_depth': 1, 'eta': 0.1561114887421967, 'gamma': 9.995396132009324, 'num_boost_rounds': 195}. Best is trial 85 with value: 0.01706.
2025-01-02 13:09:04 INFO     n_estimators: 10
2025-01-02 13:09:04 INFO     Trial 132 finished with value: 0.01706 and parameters: {'max_delta_step': 8.31456945753129, 'colsample_bytree': 0.5179519675508282, 'colsample_bynode': 0.6486279990186704, 'subsample': 0.8799698436436256, 'min_child_weight': 52.052072726617396, 'min_data_in_leaf': 12.561422949017569, 'lambda': 1.924407801320338, 'alpha': 0.5809950044668791, 'max_depth': 1, 'eta': 0.1388763933865264, 'gamma': 9.84686859877426, 'num_boost_rounds': 195}. Best is trial 85 with value: 0.01706.
2025-01-02 13:09:05 INFO     n_estimators: 10
2025-01-02 13:09:05 INFO     Trial 133 finished with value: 0.01706 and parameters: {'max_delta_step': 10.536121199605791, 'colsample_bytree': 0.5306657479699475, 'colsample_bynode': 0.5469338536876938, 'subsample': 0.8620516482994658, 'min_child_weight': 42.61332971365806, 'min_data_in_leaf': 13.09652619070793, 'lambda': 2.1537779227107543, 'alpha': 0.7823258740929901, 'max_depth': 1, 'eta': 0.1536791359452214, 'gamma': 9.197523722940689, 'num_boost_rounds': 190}. Best is trial 85 with value: 0.01706.
2025-01-02 13:09:06 INFO     n_estimators: 10
2025-01-02 13:09:06 INFO     Trial 134 finished with value: 0.01706 and parameters: {'max_delta_step': 15.396297777938106, 'colsample_bytree': 0.5087721866559196, 'colsample_bynode': 0.5924274387650289, 'subsample': 0.8908973702673473, 'min_child_weight': 53.03869698826766, 'min_data_in_leaf': 20.665212847512798, 'lambda': 0.8567087911560727, 'alpha': 0.31189308552821615, 'max_depth': 1, 'eta': 0.12995655086922134, 'gamma': 9.607732712838532, 'num_boost_rounds': 200}. Best is trial 85 with value: 0.01706.
2025-01-02 13:09:06 INFO     n_estimators: 10
2025-01-02 13:09:06 INFO     Trial 135 finished with value: 0.017084 and parameters: {'max_delta_step': 14.060666801352586, 'colsample_bytree': 0.5549077064813748, 'colsample_bynode': 0.5167044742184201, 'subsample': 0.8765852535257637, 'min_child_weight': 49.40463693080027, 'min_data_in_leaf': 17.478643998354723, 'lambda': 3.6488224280522483, 'alpha': 0.9296312239420139, 'max_depth': 1, 'eta': 0.16582169089533944, 'gamma': 9.990959350127419, 'num_boost_rounds': 185}. Best is trial 135 with value: 0.017084.
2025-01-02 13:09:07 INFO     n_estimators: 10
2025-01-02 13:09:07 INFO     Trial 136 finished with value: 0.017041 and parameters: {'max_delta_step': 13.807264720568337, 'colsample_bytree': 0.5506836353127008, 'colsample_bynode': 0.4970854505154556, 'subsample': 0.8787914801940938, 'min_child_weight': 48.90283454719904, 'min_data_in_leaf': 17.554150246497198, 'lambda': 3.71441752055752, 'alpha': 1.174142709122465, 'max_depth': 1, 'eta': 0.11898619482908424, 'gamma': 9.354150113759685, 'num_boost_rounds': 185}. Best is trial 135 with value: 0.017084.
2025-01-02 13:09:08 INFO     n_estimators: 10
2025-01-02 13:09:08 INFO     Trial 137 finished with value: 0.017084 and parameters: {'max_delta_step': 16.53811080417256, 'colsample_bytree': 0.5002363811166863, 'colsample_bynode': 0.5119197030784368, 'subsample': 0.9047884215164256, 'min_child_weight': 57.436487511388464, 'min_data_in_leaf': 12.099796970265126, 'lambda': 3.2852594354707616, 'alpha': 1.3705729808420937, 'max_depth': 1, 'eta': 0.18006955751419176, 'gamma': 8.882949327549046, 'num_boost_rounds': 190}. Best is trial 135 with value: 0.017084.
2025-01-02 13:09:08 INFO     Trial 138 pruned. Trial was pruned at iteration 0.
2025-01-02 13:09:08 INFO     Trial 139 pruned. Trial was pruned at iteration 0.
2025-01-02 13:09:09 INFO     Trial 140 pruned. Trial was pruned at iteration 9.
2025-01-02 13:09:10 INFO     n_estimators: 10
2025-01-02 13:09:10 INFO     Trial 141 finished with value: 0.017088 and parameters: {'max_delta_step': 22.60571572332651, 'colsample_bytree': 0.5115486678841845, 'colsample_bynode': 0.5715800100201314, 'subsample': 0.8885198348744879, 'min_child_weight': 59.37778088286343, 'min_data_in_leaf': 12.025412664395983, 'lambda': 2.7374941852726398, 'alpha': 9.239940369593832, 'max_depth': 1, 'eta': 0.18386153984439244, 'gamma': 9.819794690847537, 'num_boost_rounds': 200}. Best is trial 141 with value: 0.017088.
2025-01-02 13:09:10 INFO     Trial 142 pruned. Trial was pruned at iteration 0.
2025-01-02 13:09:11 INFO     n_estimators: 10
2025-01-02 13:09:11 INFO     Trial 143 finished with value: 0.017084 and parameters: {'max_delta_step': 15.872543200362932, 'colsample_bytree': 0.5266396328749094, 'colsample_bynode': 0.5258406150835093, 'subsample': 0.8917588873562197, 'min_child_weight': 58.66572466735647, 'min_data_in_leaf': 18.76749566656139, 'lambda': 3.5681111304070914, 'alpha': 6.6388362389989135, 'max_depth': 1, 'eta': 0.18288633588401423, 'gamma': 9.324540061114385, 'num_boost_rounds': 195}. Best is trial 141 with value: 0.017088.
2025-01-02 13:09:11 INFO     n_estimators: 10
2025-01-02 13:09:11 INFO     Trial 144 finished with value: 0.017084 and parameters: {'max_delta_step': 15.940854271647932, 'colsample_bytree': 0.5580574554985771, 'colsample_bynode': 0.5267782492861671, 'subsample': 0.9157928902677316, 'min_child_weight': 59.22564526291145, 'min_data_in_leaf': 18.789574918690963, 'lambda': 3.47366458124676, 'alpha': 8.658569987464661, 'max_depth': 1, 'eta': 0.18477002292159925, 'gamma': 9.265660308665726, 'num_boost_rounds': 185}. Best is trial 141 with value: 0.017088.
2025-01-02 13:09:12 INFO     n_estimators: 10
2025-01-02 13:09:12 INFO     Trial 145 finished with value: 0.017084 and parameters: {'max_delta_step': 18.840118126274128, 'colsample_bytree': 0.5520045369370032, 'colsample_bynode': 0.525305114912446, 'subsample': 0.9129892283688453, 'min_child_weight': 65.02713536601568, 'min_data_in_leaf': 18.533745278385336, 'lambda': 3.6040758367134176, 'alpha': 9.033020988245413, 'max_depth': 1, 'eta': 0.18716008948331453, 'gamma': 8.859855649286652, 'num_boost_rounds': 185}. Best is trial 141 with value: 0.017088.
2025-01-02 13:09:12 INFO     Trial 146 pruned. Trial was pruned at iteration 0.
2025-01-02 13:09:13 INFO     Trial 147 pruned. Trial was pruned at iteration 9.
2025-01-02 13:09:14 INFO     n_estimators: 10
2025-01-02 13:09:14 INFO     Trial 148 finished with value: 0.017084 and parameters: {'max_delta_step': 16.16594027771587, 'colsample_bytree': 0.5613501302830939, 'colsample_bynode': 0.5364590721287779, 'subsample': 0.9038787155945297, 'min_child_weight': 69.2074329089245, 'min_data_in_leaf': 17.04414027470544, 'lambda': 3.299481359204126, 'alpha': 8.927934183301767, 'max_depth': 1, 'eta': 0.1825277584646406, 'gamma': 9.264822432087868, 'num_boost_rounds': 185}. Best is trial 141 with value: 0.017088.
2025-01-02 13:09:14 INFO     Trial 149 pruned. Trial was pruned at iteration 0.
2025-01-02 13:09:15 INFO     n_estimators: 10
2025-01-02 13:09:15 INFO     Trial 150 finished with value: 0.017088 and parameters: {'max_delta_step': 16.02664702746733, 'colsample_bytree': 0.5607580635426576, 'colsample_bynode': 0.5192195208646888, 'subsample': 0.9044309051213808, 'min_child_weight': 69.59520444063892, 'min_data_in_leaf': 18.38168448782169, 'lambda': 3.47983264237784, 'alpha': 8.755825220790074, 'max_depth': 1, 'eta': 0.19397544060344862, 'gamma': 9.221693400024872, 'num_boost_rounds': 185}. Best is trial 141 with value: 0.017088.
2025-01-02 13:09:15 INFO     n_estimators: 10
