2025-01-02 12:45:47 INFO     Trial 120 finished with value: 0.016963 and parameters: {'max_delta_step': 49.3538745524673, 'colsample_bytree': 0.9099733874138936, 'subsample': 0.8448314343960367, 'min_child_weight': 25.45576969047105, 'min_data_in_leaf': 19.979238103119048, 'lambda': 1.5228718558720118, 'alpha': 9.355625839453495, 'max_depth': 5, 'eta': 0.02803598299090311, 'gamma': 0.34532817584284237, 'num_boost_rounds': 115}. Best is trial 6 with value: 0.017299.
2025-01-02 12:45:48 INFO     n_estimators: 10
2025-01-02 12:45:48 INFO     Trial 121 finished with value: 0.017087 and parameters: {'max_delta_step': 40.52809937372044, 'colsample_bytree': 0.8806807681274766, 'subsample': 0.8368515977422964, 'min_child_weight': 24.292883009850357, 'min_data_in_leaf': 19.41295394041711, 'lambda': 1.4815942720565383, 'alpha': 9.707433312167304, 'max_depth': 5, 'eta': 0.015931917687596865, 'gamma': 0.33499810280505554, 'num_boost_rounds': 115}. Best is trial 6 with value: 0.017299.
2025-01-02 12:45:48 INFO     n_estimators: 10
2025-01-02 12:45:48 INFO     Trial 122 finished with value: 0.017051 and parameters: {'max_delta_step': 49.68112484295567, 'colsample_bytree': 0.9082588890986191, 'subsample': 0.8393487252032658, 'min_child_weight': 24.27283892894337, 'min_data_in_leaf': 19.35453862962352, 'lambda': 1.46357762443417, 'alpha': 9.309780939848629, 'max_depth': 5, 'eta': 0.013653552159962369, 'gamma': 0.2533755235306575, 'num_boost_rounds': 115}. Best is trial 6 with value: 0.017299.
2025-01-02 12:45:49 INFO     n_estimators: 10
2025-01-02 12:45:49 INFO     Trial 123 finished with value: 0.017109 and parameters: {'max_delta_step': 41.962590299734785, 'colsample_bytree': 0.8760561368598464, 'subsample': 0.8291537678522206, 'min_child_weight': 20.250216020456193, 'min_data_in_leaf': 19.524533856368762, 'lambda': 0.6586886310569919, 'alpha': 9.723858737496052, 'max_depth': 5, 'eta': 0.007551561663930044, 'gamma': 0.5987794806181135, 'num_boost_rounds': 135}. Best is trial 6 with value: 0.017299.
2025-01-02 12:45:50 INFO     n_estimators: 10
2025-01-02 12:45:50 INFO     Trial 124 finished with value: 0.017007 and parameters: {'max_delta_step': 48.849559928831624, 'colsample_bytree': 0.8774155382332791, 'subsample': 0.8337090972490312, 'min_child_weight': 24.912543531946223, 'min_data_in_leaf': 19.587792837008646, 'lambda': 0.6031143965942071, 'alpha': 9.858102867353672, 'max_depth': 5, 'eta': 0.0033659951213287215, 'gamma': 0.21563402015471564, 'num_boost_rounds': 125}. Best is trial 6 with value: 0.017299.
2025-01-02 12:45:51 INFO     n_estimators: 10
2025-01-02 12:45:51 INFO     Trial 125 finished with value: 0.01708 and parameters: {'max_delta_step': 48.02619911897569, 'colsample_bytree': 0.8743935019811024, 'subsample': 0.8328821511947482, 'min_child_weight': 19.753025113568086, 'min_data_in_leaf': 19.49501605641782, 'lambda': 0.5552015826343956, 'alpha': 9.742969292206956, 'max_depth': 5, 'eta': 0.01014689309055785, 'gamma': 0.12507488760207253, 'num_boost_rounds': 135}. Best is trial 6 with value: 0.017299.
2025-01-02 12:45:52 INFO     n_estimators: 10
2025-01-02 12:45:52 INFO     Trial 126 finished with value: 0.017 and parameters: {'max_delta_step': 40.87865193774611, 'colsample_bytree': 0.8680570867101981, 'subsample': 0.8363863200727246, 'min_child_weight': 19.875117662558587, 'min_data_in_leaf': 19.592544802170643, 'lambda': 0.5609990926808346, 'alpha': 9.974374995707592, 'max_depth': 5, 'eta': 0.009409792862105543, 'gamma': 0.3799844471853262, 'num_boost_rounds': 135}. Best is trial 6 with value: 0.017299.
2025-01-02 12:45:53 INFO     n_estimators: 10
2025-01-02 12:45:53 INFO     Trial 127 finished with value: 0.017146 and parameters: {'max_delta_step': 41.10955757636029, 'colsample_bytree': 0.8750375756841412, 'subsample': 0.8289934596848567, 'min_child_weight': 16.155549760754923, 'min_data_in_leaf': 19.14822115601186, 'lambda': 0.6358213654219063, 'alpha': 9.883265400100681, 'max_depth': 5, 'eta': 0.0034704493379729097, 'gamma': 0.04993861086599424, 'num_boost_rounds': 135}. Best is trial 6 with value: 0.017299.
2025-01-02 12:45:53 INFO     Trial 128 pruned. Trial was pruned at iteration 0.
2025-01-02 12:45:54 INFO     Trial 129 pruned. Trial was pruned at iteration 0.
2025-01-02 12:45:54 INFO     n_estimators: 10
2025-01-02 12:45:55 INFO     Trial 130 finished with value: 0.016956 and parameters: {'max_delta_step': 38.669997002143724, 'colsample_bytree': 0.8816810460672672, 'subsample': 0.8320435581971231, 'min_child_weight': 16.28788644706097, 'min_data_in_leaf': 18.422513097661486, 'lambda': 0.02870643547253071, 'alpha': 9.90611611675873, 'max_depth': 5, 'eta': 0.010297991479710444, 'gamma': 0.24635973735065672, 'num_boost_rounds': 135}. Best is trial 6 with value: 0.017299.
2025-01-02 12:45:55 INFO     n_estimators: 10
2025-01-02 12:45:55 INFO     Trial 131 finished with value: 0.017109 and parameters: {'max_delta_step': 34.17934984149147, 'colsample_bytree': 0.8649500338418357, 'subsample': 0.8415416787924301, 'min_child_weight': 20.218405230751042, 'min_data_in_leaf': 17.567199840483323, 'lambda': 0.8497932994263145, 'alpha': 9.588968477263228, 'max_depth': 5, 'eta': 0.014007516701541902, 'gamma': 0.8406103401290478, 'num_boost_rounds': 145}. Best is trial 6 with value: 0.017299.
2025-01-02 12:45:56 INFO     n_estimators: 10
2025-01-02 12:45:56 INFO     Trial 132 finished with value: 0.017087 and parameters: {'max_delta_step': 41.45866291787128, 'colsample_bytree': 0.8601275979376897, 'subsample': 0.8443021580825776, 'min_child_weight': 20.391164895624986, 'min_data_in_leaf': 19.90844294594162, 'lambda': 0.733316163015274, 'alpha': 9.642130338511643, 'max_depth': 5, 'eta': 0.012273862599438235, 'gamma': 0.7255800521484606, 'num_boost_rounds': 150}. Best is trial 6 with value: 0.017299.
2025-01-02 12:45:56 INFO     Trial 133 pruned. Trial was pruned at iteration 0.
2025-01-02 12:45:57 INFO     n_estimators: 10
2025-01-02 12:45:57 INFO     Trial 134 finished with value: 0.016934 and parameters: {'max_delta_step': 41.84559663377536, 'colsample_bytree': 0.8616252117490129, 'subsample': 0.8663360389877773, 'min_child_weight': 21.42901621001078, 'min_data_in_leaf': 17.700695156586505, 'lambda': 0.4167228560849666, 'alpha': 9.536021236880337, 'max_depth': 5, 'eta': 0.007502440782221421, 'gamma': 0.5099165912163709, 'num_boost_rounds': 140}. Best is trial 6 with value: 0.017299.
2025-01-02 12:45:57 INFO     n_estimators: 10
2025-01-02 12:45:57 INFO     Trial 135 finished with value: 0.016905 and parameters: {'max_delta_step': 36.893212859561736, 'colsample_bytree': 0.8721542249356127, 'subsample': 0.8183254952432298, 'min_child_weight': 17.40243910292022, 'min_data_in_leaf': 18.814417228110592, 'lambda': 0.6853881900291514, 'alpha': 9.124117190190306, 'max_depth': 5, 'eta': 0.013270684992852303, 'gamma': 1.2743621907550131, 'num_boost_rounds': 135}. Best is trial 6 with value: 0.017299.
2025-01-02 12:45:58 INFO     n_estimators: 10
2025-01-02 12:45:58 INFO     Trial 136 finished with value: 0.016775 and parameters: {'max_delta_step': 44.66735554120859, 'colsample_bytree': 0.8938184143730962, 'subsample': 0.8778023842499005, 'min_child_weight': 23.92138600938807, 'min_data_in_leaf': 19.638723324999802, 'lambda': 0.9758194698964875, 'alpha': 9.939820743627726, 'max_depth': 5, 'eta': 0.02223321076752913, 'gamma': 0.24808983339339177, 'num_boost_rounds': 145}. Best is trial 6 with value: 0.017299.
2025-01-02 12:45:58 INFO     Trial 137 pruned. Trial was pruned at iteration 0.
2025-01-02 12:45:59 INFO     n_estimators: 10
2025-01-02 12:45:59 INFO     Trial 138 finished with value: 0.017219 and parameters: {'max_delta_step': 32.28655216992208, 'colsample_bytree': 0.8594912277085197, 'subsample': 0.8391565604181387, 'min_child_weight': 20.16373900372522, 'min_data_in_leaf': 19.184913885633208, 'lambda': 0.703200029651844, 'alpha': 9.660036366934746, 'max_depth': 5, 'eta': 0.01977277500154989, 'gamma': 1.0351177877224915, 'num_boost_rounds': 150}. Best is trial 6 with value: 0.017299.
2025-01-02 12:46:00 INFO     n_estimators: 10
2025-01-02 12:46:00 INFO     Trial 139 finished with value: 0.016767 and parameters: {'max_delta_step': 32.2337037679991, 'colsample_bytree': 0.8586728966408054, 'subsample': 0.812357822246335, 'min_child_weight': 22.042056603506197, 'min_data_in_leaf': 18.970504754319233, 'lambda': 0.8484965380493013, 'alpha': 8.739639623570742, 'max_depth': 5, 'eta': 0.02034164090668023, 'gamma': 1.0409648086407168, 'num_boost_rounds': 150}. Best is trial 6 with value: 0.017299.
2025-01-02 12:46:00 INFO     Trial 140 pruned. Trial was pruned at iteration 0.
2025-01-02 12:46:01 INFO     n_estimators: 10
2025-01-02 12:46:01 INFO     Trial 141 finished with value: 0.017051 and parameters: {'max_delta_step': 38.11092373228215, 'colsample_bytree': 0.8781863599709712, 'subsample': 0.831527179148777, 'min_child_weight': 20.30863959566372, 'min_data_in_leaf': 19.35753469212347, 'lambda': 0.6479002835032185, 'alpha': 9.51680708547034, 'max_depth': 5, 'eta': 0.011380235330018635, 'gamma': 1.2173359477404868, 'num_boost_rounds': 140}. Best is trial 6 with value: 0.017299.
2025-01-02 12:46:01 INFO     n_estimators: 10
2025-01-02 12:46:01 INFO     Trial 142 finished with value: 0.016971 and parameters: {'max_delta_step': 38.29341242777118, 'colsample_bytree': 0.884896865577817, 'subsample': 0.8220612692811322, 'min_child_weight': 26.46451003800131, 'min_data_in_leaf': 18.21147541747347, 'lambda': 1.1684783839737736, 'alpha': 8.881657817609879, 'max_depth': 5, 'eta': 0.012896151343733986, 'gamma': 1.2772941982360615, 'num_boost_rounds': 125}. Best is trial 6 with value: 0.017299.
2025-01-02 12:46:02 INFO     Trial 143 pruned. Trial was pruned at iteration 0.
2025-01-02 12:46:02 INFO     n_estimators: 10
2025-01-02 12:46:02 INFO     Trial 144 finished with value: 0.016978 and parameters: {'max_delta_step': 40.57467088904333, 'colsample_bytree': 0.8787183191895795, 'subsample': 0.8599035843950343, 'min_child_weight': 23.55260482614475, 'min_data_in_leaf': 20.275204545572848, 'lambda': 0.9827107347541023, 'alpha': 9.385771511400204, 'max_depth': 5, 'eta': 0.0075528237706259, 'gamma': 1.5335185339284156, 'num_boost_rounds': 140}. Best is trial 6 with value: 0.017299.
2025-01-02 12:46:03 INFO     n_estimators: 10
2025-01-02 12:46:03 INFO     Trial 145 finished with value: 0.016905 and parameters: {'max_delta_step': 33.602642311472366, 'colsample_bytree': 0.8938611766020503, 'subsample': 0.7979695973571094, 'min_child_weight': 20.67815736633338, 'min_data_in_leaf': 20.71831390194069, 'lambda': 0.4350396091196596, 'alpha': 9.210120086155293, 'max_depth': 5, 'eta': 0.013164743654484886, 'gamma': 0.5031746387212305, 'num_boost_rounds': 130}. Best is trial 6 with value: 0.017299.
2025-01-02 12:46:03 INFO     Trial 146 pruned. Trial was pruned at iteration 0.
2025-01-02 12:46:04 INFO     Trial 147 pruned. Trial was pruned at iteration 0.
2025-01-02 12:46:04 INFO     n_estimators: 10
2025-01-02 12:46:05 INFO     Trial 148 finished with value: 0.017036 and parameters: {'max_delta_step': 38.21742901677349, 'colsample_bytree': 0.8872449844084191, 'subsample': 0.8715378594815102, 'min_child_weight': 24.94471033781803, 'min_data_in_leaf': 16.819863017711974, 'lambda': 1.0794202448852184, 'alpha': 8.647737846024532, 'max_depth': 5, 'eta': 0.004377932686441697, 'gamma': 0.8406714942569541, 'num_boost_rounds': 140}. Best is trial 6 with value: 0.017299.
2025-01-02 12:46:05 INFO     n_estimators: 10
2025-01-02 12:46:05 INFO     Trial 149 finished with value: 0.017051 and parameters: {'max_delta_step': 37.84748379386369, 'colsample_bytree': 0.902818422425235, 'subsample': 0.8650502549607787, 'min_child_weight': 18.31786536112528, 'min_data_in_leaf': 16.660698437601283, 'lambda': 1.1229762704051223, 'alpha': 8.541572323887626, 'max_depth': 5, 'eta': 0.006445867323287395, 'gamma': 0.9562097698407076, 'num_boost_rounds': 145}. Best is trial 6 with value: 0.017299.
2025-01-02 12:46:06 INFO     n_estimators: 10
2025-01-02 12:46:06 INFO     Trial 150 finished with value: 0.017007 and parameters: {'max_delta_step': 36.810706084712066, 'colsample_bytree': 0.8904253145175808, 'subsample': 0.8738588851382125, 'min_child_weight': 16.75951544585552, 'min_data_in_leaf': 16.976635871091585, 'lambda': 1.0056880470156857, 'alpha': 8.531481176939542, 'max_depth': 5, 'eta': 0.005916203025327441, 'gamma': 0.904302261160062, 'num_boost_rounds': 140}. Best is trial 6 with value: 0.017299.
2025-01-02 12:46:07 INFO     Trial 151 pruned. Trial was pruned at iteration 0.
2025-01-02 12:46:08 INFO     n_estimators: 10
2025-01-02 12:46:08 INFO     Trial 152 finished with value: 0.017299 and parameters: {'max_delta_step': 38.62652572872314, 'colsample_bytree': 0.8992090760754305, 'subsample': 0.8668264826285965, 'min_child_weight': 21.942618731369866, 'min_data_in_leaf': 17.65805546418605, 'lambda': 1.3177120585111988, 'alpha': 8.416341569200805, 'max_depth': 5, 'eta': 0.025462063037210707, 'gamma': 1.1060739719002461, 'num_boost_rounds': 145}. Best is trial 6 with value: 0.017299.
2025-01-02 12:46:09 INFO     n_estimators: 10
2025-01-02 12:46:09 INFO     Trial 153 finished with value: 0.017029 and parameters: {'max_delta_step': 38.45715788383834, 'colsample_bytree': 0.9048242945959147, 'subsample': 0.8666186908158093, 'min_child_weight': 22.620611163921907, 'min_data_in_leaf': 17.651856851374156, 'lambda': 1.2241504436457902, 'alpha': 8.537159426396965, 'max_depth': 5, 'eta': 0.017596023986187485, 'gamma': 1.1305911210429807, 'num_boost_rounds': 145}. Best is trial 6 with value: 0.017299.
2025-01-02 12:46:09 INFO     Trial 154 pruned. Trial was pruned at iteration 0.
2025-01-02 12:46:10 INFO     n_estimators: 10
2025-01-02 12:46:10 INFO     Trial 155 finished with value: 0.016978 and parameters: {'max_delta_step': 33.624354166298986, 'colsample_bytree': 0.8675097075037277, 'subsample': 0.8511883373741425, 'min_child_weight': 21.112738847528743, 'min_data_in_leaf': 15.712773803417374, 'lambda': 0.26629349976532857, 'alpha': 8.322539884847437, 'max_depth': 5, 'eta': 0.03109711539466254, 'gamma': 1.4420901261195704, 'num_boost_rounds': 150}. Best is trial 6 with value: 0.017299.
2025-01-02 12:46:10 INFO     Trial 156 pruned. Trial was pruned at iteration 0.
2025-01-02 12:46:11 INFO     n_estimators: 10
2025-01-02 12:46:11 INFO     Trial 157 finished with value: 0.017007 and parameters: {'max_delta_step': 36.88687629425158, 'colsample_bytree': 0.9019585891165556, 'subsample': 0.8273112936940488, 'min_child_weight': 27.556459357947713, 'min_data_in_leaf': 19.175884033350002, 'lambda': 0.677302563212576, 'alpha': 9.250490354312257, 'max_depth': 5, 'eta': 0.00726559808487844, 'gamma': 0.9615762691546482, 'num_boost_rounds': 145}. Best is trial 6 with value: 0.017299.
2025-01-02 12:46:11 INFO     Trial 158 pruned. Trial was pruned at iteration 0.
2025-01-02 12:46:12 INFO     Trial 159 pruned. Trial was pruned at iteration 0.
2025-01-02 12:46:12 INFO     n_estimators: 10
2025-01-02 12:46:12 INFO     Trial 160 finished with value: 0.017255 and parameters: {'max_delta_step': 38.81430047572081, 'colsample_bytree': 0.8915656204280588, 'subsample': 0.8223628662419946, 'min_child_weight': 22.718082653550166, 'min_data_in_leaf': 19.92088659857672, 'lambda': 0.5020939958617293, 'alpha': 8.921182032212032, 'max_depth': 5, 'eta': 0.02214915346442697, 'gamma': 2.0017870976655177, 'num_boost_rounds': 150}. Best is trial 6 with value: 0.017299.
2025-01-02 12:46:13 INFO     n_estimators: 10
2025-01-02 12:46:13 INFO     Trial 161 finished with value: 0.016833 and parameters: {'max_delta_step': 38.12944836765822, 'colsample_bytree': 0.894262190283707, 'subsample': 0.8549369477895188, 'min_child_weight': 23.136597840561937, 'min_data_in_leaf': 19.958431747068353, 'lambda': 0.44948889319765495, 'alpha': 8.91951546350388, 'max_depth': 5, 'eta': 0.020209092204075362, 'gamma': 1.3327415024956317, 'num_boost_rounds': 150}. Best is trial 6 with value: 0.017299.
2025-01-02 12:46:14 INFO     n_estimators: 10
2025-01-02 12:46:14 INFO     Trial 162 finished with value: 0.017103 and parameters: {'max_delta_step': 39.7021206863225, 'colsample_bytree': 0.8621477789904282, 'subsample': 0.8235098821150085, 'min_child_weight': 25.21663602527779, 'min_data_in_leaf': 20.89208380394585, 'lambda': 0.7739350162753895, 'alpha': 8.292984842849826, 'max_depth': 5, 'eta': 0.026328010146649455, 'gamma': 0.5354510372799455, 'num_boost_rounds': 165}. Best is trial 6 with value: 0.017299.
2025-01-02 12:46:14 INFO     n_estimators: 10
2025-01-02 12:46:14 INFO     Trial 163 finished with value: 0.017284 and parameters: {'max_delta_step': 35.10268293323779, 'colsample_bytree': 0.8637706486305047, 'subsample': 0.8248093537515909, 'min_child_weight': 17.87938794662437, 'min_data_in_leaf': 20.766830851914694, 'lambda': 0.8144927948627155, 'alpha': 8.267032302101418, 'max_depth': 5, 'eta': 0.02566205358567071, 'gamma': 0.46034938836521044, 'num_boost_rounds': 165}. Best is trial 6 with value: 0.017299.
2025-01-02 12:46:15 INFO     n_estimators: 10
2025-01-02 12:46:15 INFO     Trial 164 finished with value: 0.016978 and parameters: {'max_delta_step': 35.46990765067616, 'colsample_bytree': 0.8597361327093511, 'subsample': 0.8075000639607496, 'min_child_weight': 29.11499020666135, 'min_data_in_leaf': 21.325460977359956, 'lambda': 0.8059932122754043, 'alpha': 8.211690543206915, 'max_depth': 5, 'eta': 0.03299740370051149, 'gamma': 0.4947965239688909, 'num_boost_rounds': 160}. Best is trial 6 with value: 0.017299.
2025-01-02 12:46:15 INFO     Trial 165 pruned. Trial was pruned at iteration 0.
2025-01-02 12:46:16 INFO     n_estimators: 10
2025-01-02 12:46:16 INFO     Trial 166 finished with value: 0.016927 and parameters: {'max_delta_step': 44.07214930273253, 'colsample_bytree': 0.8730126482612884, 'subsample': 0.7973592380865837, 'min_child_weight': 13.61621198314893, 'min_data_in_leaf': 20.41897981813407, 'lambda': 0.5532100440301115, 'alpha': 7.949315986611682, 'max_depth': 5, 'eta': 0.021019874305637107, 'gamma': 0.6417446875941334, 'num_boost_rounds': 165}. Best is trial 6 with value: 0.017299.
2025-01-02 12:46:16 INFO     Trial 167 pruned. Trial was pruned at iteration 0.
2025-01-02 12:46:17 INFO     Trial 168 pruned. Trial was pruned at iteration 0.
2025-01-02 12:46:17 INFO     Trial 169 pruned. Trial was pruned at iteration 0.
2025-01-02 12:46:18 INFO     n_estimators: 10
2025-01-02 12:46:18 INFO     Trial 170 finished with value: 0.016883 and parameters: {'max_delta_step': 35.79344784678994, 'colsample_bytree': 0.873800529009378, 'subsample': 0.8242914092559795, 'min_child_weight': 25.176451465199886, 'min_data_in_leaf': 21.786816052060196, 'lambda': 1.4720699883085357, 'alpha': 9.9585538012719, 'max_depth': 5, 'eta': 0.013556429380279646, 'gamma': 0.1818164828784794, 'num_boost_rounds': 165}. Best is trial 6 with value: 0.017299.
2025-01-02 12:46:18 INFO     n_estimators: 10
2025-01-02 12:46:18 INFO     Trial 171 finished with value: 0.016898 and parameters: {'max_delta_step': 45.304137169683315, 'colsample_bytree': 0.863231253173637, 'subsample': 0.8478307879778175, 'min_child_weight': 16.67232389543101, 'min_data_in_leaf': 20.295773812849333, 'lambda': 1.2487590655982141, 'alpha': 9.60138976410923, 'max_depth': 5, 'eta': 0.009644128555696622, 'gamma': 0.99140041415202, 'num_boost_rounds': 155}. Best is trial 6 with value: 0.017299.
2025-01-02 12:46:19 INFO     n_estimators: 10
2025-01-02 12:46:19 INFO     Trial 172 finished with value: 0.017036 and parameters: {'max_delta_step': 39.60891693085623, 'colsample_bytree': 0.9189101937105344, 'subsample': 0.8345050264965492, 'min_child_weight': 19.338340523251414, 'min_data_in_leaf': 14.231531401148622, 'lambda': 1.764259937288807, 'alpha': 9.300052316856831, 'max_depth': 5, 'eta': 0.01819988642019014, 'gamma': 0.4331336747735347, 'num_boost_rounds': 145}. Best is trial 6 with value: 0.017299.
2025-01-02 12:46:20 INFO     n_estimators: 10
2025-01-02 12:46:20 INFO     Trial 173 finished with value: 0.016934 and parameters: {'max_delta_step': 50.50058530943397, 'colsample_bytree': 0.8827707477914025, 'subsample': 0.8120922392748257, 'min_child_weight': 18.361107388200658, 'min_data_in_leaf': 12.391441616959883, 'lambda': 0.518923647073098, 'alpha': 8.966878062935184, 'max_depth': 5, 'eta': 0.013872527041686372, 'gamma': 0.7298800790824959, 'num_boost_rounds': 155}. Best is trial 6 with value: 0.017299.
2025-01-02 12:46:20 INFO     n_estimators: 10
2025-01-02 12:46:20 INFO     Trial 174 finished with value: 0.017284 and parameters: {'max_delta_step': 68.62724574710094, 'colsample_bytree': 0.9004568643894068, 'subsample': 0.8556226506988842, 'min_child_weight': 22.471464422917762, 'min_data_in_leaf': 18.987270632614326, 'lambda': 0.9032822811037526, 'alpha': 9.494638758077548, 'max_depth': 5, 'eta': 0.02971397091554626, 'gamma': 1.648925543052943, 'num_boost_rounds': 130}. Best is trial 6 with value: 0.017299.
2025-01-02 12:46:21 INFO     n_estimators: 10
2025-01-02 12:46:22 INFO     Trial 175 finished with value: 0.016963 and parameters: {'max_delta_step': 68.64460839043402, 'colsample_bytree': 0.8648134690918721, 'subsample': 0.8465325492538562, 'min_child_weight': 22.282370682779526, 'min_data_in_leaf': 18.980999117624943, 'lambda': 0.7540798442815307, 'alpha': 9.47955853304442, 'max_depth': 5, 'eta': 0.029167896945547056, 'gamma': 1.6594980836977018, 'num_boost_rounds': 130}. Best is trial 6 with value: 0.017299.
2025-01-02 12:46:23 INFO     n_estimators: 10
2025-01-02 12:46:23 INFO     Trial 176 finished with value: 0.017284 and parameters: {'max_delta_step': 71.21934605773002, 'colsample_bytree': 0.8940267102162546, 'subsample': 0.8290668417410952, 'min_child_weight': 23.614454523655912, 'min_data_in_leaf': 19.43897247231565, 'lambda': 0.15669417252136797, 'alpha': 9.683096312794563, 'max_depth': 5, 'eta': 0.02455564009409248, 'gamma': 1.8679199289292414, 'num_boost_rounds': 135}. Best is trial 6 with value: 0.017299.
