2025-01-02 12:50:11 INFO     Trial 625 pruned. Trial was pruned at iteration 1.
2025-01-02 12:50:11 INFO     Trial 626 pruned. Trial was pruned at iteration 2.
2025-01-02 12:50:12 INFO     Trial 627 pruned. Trial was pruned at iteration 1.
2025-01-02 12:50:12 INFO     Trial 628 pruned. Trial was pruned at iteration 0.
2025-01-02 12:50:12 INFO     Trial 629 pruned. Trial was pruned at iteration 1.
2025-01-02 12:50:13 INFO     Trial 630 pruned. Trial was pruned at iteration 0.
2025-01-02 12:50:13 INFO     Trial 631 pruned. Trial was pruned at iteration 0.
2025-01-02 12:50:13 INFO     Trial 632 pruned. Trial was pruned at iteration 1.
2025-01-02 12:50:14 INFO     n_estimators: 10
2025-01-02 12:50:14 INFO     Trial 633 finished with value: 0.016912 and parameters: {'max_delta_step': 24.898254985971914, 'colsample_bytree': 0.9305511689166158, 'subsample': 0.7279786743039256, 'min_child_weight': 17.346165149513347, 'min_data_in_leaf': 15.895354118175133, 'lambda': 0.4637810774062156, 'alpha': 8.202781023888573, 'max_depth': 5, 'eta': 0.032712505095537095, 'gamma': 1.2044022352565964, 'num_boost_rounds': 25}. Best is trial 245 with value: 0.017549.
2025-01-02 12:50:14 INFO     Trial 634 pruned. Trial was pruned at iteration 0.
2025-01-02 12:50:15 INFO     n_estimators: 10
2025-01-02 12:50:15 INFO     Trial 635 finished with value: 0.016876 and parameters: {'max_delta_step': 21.678140311405286, 'colsample_bytree': 0.9490518597075681, 'subsample': 0.7634165151490859, 'min_child_weight': 15.37938182588981, 'min_data_in_leaf': 17.366540063248173, 'lambda': 0.7209745000413605, 'alpha': 7.7007329840110765, 'max_depth': 5, 'eta': 0.036818192252842455, 'gamma': 1.746544967987031, 'num_boost_rounds': 20}. Best is trial 245 with value: 0.017549.
2025-01-02 12:50:16 INFO     Trial 636 pruned. Trial was pruned at iteration 1.
2025-01-02 12:50:16 INFO     n_estimators: 10
2025-01-02 12:50:16 INFO     Trial 637 finished with value: 0.017233 and parameters: {'max_delta_step': 18.27447075059604, 'colsample_bytree': 0.93567640039863, 'subsample': 0.7444329342741104, 'min_child_weight': 9.804180358823075, 'min_data_in_leaf': 16.831354502735493, 'lambda': 0.0049533587749821945, 'alpha': 8.159197820596562, 'max_depth': 5, 'eta': 0.03102180402711958, 'gamma': 1.9403216593721495, 'num_boost_rounds': 30}. Best is trial 245 with value: 0.017549.
2025-01-02 12:50:17 INFO     n_estimators: 10
2025-01-02 12:50:17 INFO     Trial 638 finished with value: 0.016618 and parameters: {'max_delta_step': 26.40138764183423, 'colsample_bytree': 0.912362168106729, 'subsample': 0.8148134286073468, 'min_child_weight': 46.799231175710716, 'min_data_in_leaf': 15.560419323735823, 'lambda': 0.5497292827563645, 'alpha': 8.595453350116228, 'max_depth': 5, 'eta': 0.018161027530122234, 'gamma': 1.3532517660068895, 'num_boost_rounds': 25}. Best is trial 245 with value: 0.017549.
2025-01-02 12:50:17 INFO     Trial 639 pruned. Trial was pruned at iteration 1.
2025-01-02 12:50:18 INFO     Trial 640 pruned. Trial was pruned at iteration 0.
2025-01-02 12:50:18 INFO     n_estimators: 10
2025-01-02 12:50:18 INFO     Trial 641 finished with value: 0.017299 and parameters: {'max_delta_step': 32.230752715322915, 'colsample_bytree': 0.8920903445163528, 'subsample': 0.7657384971821959, 'min_child_weight': 17.003117453253942, 'min_data_in_leaf': 16.268946715196304, 'lambda': 0.46491148771680246, 'alpha': 7.865887492828024, 'max_depth': 5, 'eta': 0.026909500179956414, 'gamma': 1.6305209769945412, 'num_boost_rounds': 25}. Best is trial 245 with value: 0.017549.
2025-01-02 12:50:19 INFO     n_estimators: 10
2025-01-02 12:50:19 INFO     Trial 642 finished with value: 0.016876 and parameters: {'max_delta_step': 16.9591874887435, 'colsample_bytree': 0.9623797262412739, 'subsample': 0.7566737782798824, 'min_child_weight': 20.788756323515354, 'min_data_in_leaf': 17.326158725562255, 'lambda': 0.7706015033322402, 'alpha': 7.426311254413865, 'max_depth': 5, 'eta': 0.03801788046081952, 'gamma': 2.162375730220192, 'num_boost_rounds': 35}. Best is trial 245 with value: 0.017549.
2025-01-02 12:50:20 INFO     Trial 643 pruned. Trial was pruned at iteration 0.
2025-01-02 12:50:20 INFO     Trial 644 pruned. Trial was pruned at iteration 0.
2025-01-02 12:50:20 INFO     Trial 645 pruned. Trial was pruned at iteration 0.
2025-01-02 12:50:21 INFO     Trial 646 pruned. Trial was pruned at iteration 1.
2025-01-02 12:50:21 INFO     Trial 647 pruned. Trial was pruned at iteration 1.
2025-01-02 12:50:22 INFO     Trial 648 pruned. Trial was pruned at iteration 1.
2025-01-02 12:50:22 INFO     Trial 649 pruned. Trial was pruned at iteration 0.
2025-01-02 12:50:22 INFO     Trial 650 pruned. Trial was pruned at iteration 1.
2025-01-02 12:50:23 INFO     n_estimators: 10
2025-01-02 12:50:23 INFO     Trial 651 finished with value: 0.016971 and parameters: {'max_delta_step': 16.32607836450192, 'colsample_bytree': 0.90160877005596, 'subsample': 0.7521985480097829, 'min_child_weight': 12.76493582416768, 'min_data_in_leaf': 17.0601282431883, 'lambda': 0.8620604728580628, 'alpha': 8.08118108916279, 'max_depth': 5, 'eta': 0.04622618211922644, 'gamma': 1.4920246414236298, 'num_boost_rounds': 20}. Best is trial 245 with value: 0.017549.
2025-01-02 12:50:23 INFO     Trial 652 pruned. Trial was pruned at iteration 1.
2025-01-02 12:50:24 INFO     Trial 653 pruned. Trial was pruned at iteration 0.
2025-01-02 12:50:24 INFO     Trial 654 pruned. Trial was pruned at iteration 0.
2025-01-02 12:50:25 INFO     Trial 655 pruned. Trial was pruned at iteration 0.
2025-01-02 12:50:25 INFO     Trial 656 pruned. Trial was pruned at iteration 1.
2025-01-02 12:50:25 INFO     Trial 657 pruned. Trial was pruned at iteration 0.
2025-01-02 12:50:26 INFO     Trial 658 pruned. Trial was pruned at iteration 1.
2025-01-02 12:50:26 INFO     Trial 659 pruned. Trial was pruned at iteration 1.
2025-01-02 12:50:27 INFO     Trial 660 pruned. Trial was pruned at iteration 0.
2025-01-02 12:50:27 INFO     n_estimators: 10
2025-01-02 12:50:27 INFO     Trial 661 finished with value: 0.016927 and parameters: {'max_delta_step': 23.480339987627264, 'colsample_bytree': 0.9460966118876684, 'subsample': 0.7237339438207677, 'min_child_weight': 16.52125266915064, 'min_data_in_leaf': 17.320131594622904, 'lambda': 0.9199500924540444, 'alpha': 8.622826022127024, 'max_depth': 5, 'eta': 0.04081527172420921, 'gamma': 1.7639212477780073, 'num_boost_rounds': 170}. Best is trial 245 with value: 0.017549.
2025-01-02 12:50:28 INFO     Trial 662 pruned. Trial was pruned at iteration 0.
2025-01-02 12:50:28 INFO     Trial 663 pruned. Trial was pruned at iteration 1.
2025-01-02 12:50:29 INFO     Trial 664 pruned. Trial was pruned at iteration 1.
2025-01-02 12:50:29 INFO     n_estimators: 10
2025-01-02 12:50:29 INFO     Trial 665 finished with value: 0.01692 and parameters: {'max_delta_step': 20.21382063371562, 'colsample_bytree': 0.9143129919305958, 'subsample': 0.7647626986168098, 'min_child_weight': 10.250452761215811, 'min_data_in_leaf': 15.481231878755132, 'lambda': 0.31674356366968237, 'alpha': 8.335737855890677, 'max_depth': 5, 'eta': 0.016617188167045827, 'gamma': 1.445671384643338, 'num_boost_rounds': 20}. Best is trial 245 with value: 0.017549.
2025-01-02 12:50:30 INFO     Trial 666 pruned. Trial was pruned at iteration 0.
2025-01-02 12:50:30 INFO     n_estimators: 10
2025-01-02 12:50:30 INFO     Trial 667 finished with value: 0.016876 and parameters: {'max_delta_step': 29.352166160801826, 'colsample_bytree': 0.9414259479256264, 'subsample': 0.7778252032691254, 'min_child_weight': 17.824210715091688, 'min_data_in_leaf': 19.31229831264618, 'lambda': 0.4968139380834592, 'alpha': 7.644626536894875, 'max_depth': 5, 'eta': 0.03654508841396334, 'gamma': 1.8507438585818952, 'num_boost_rounds': 35}. Best is trial 245 with value: 0.017549.
2025-01-02 12:50:31 INFO     Trial 668 pruned. Trial was pruned at iteration 0.
2025-01-02 12:50:31 INFO     Trial 669 pruned. Trial was pruned at iteration 1.
2025-01-02 12:50:32 INFO     n_estimators: 10
2025-01-02 12:50:32 INFO     Trial 670 finished with value: 0.017299 and parameters: {'max_delta_step': 18.60452050946108, 'colsample_bytree': 0.9046513147867896, 'subsample': 0.7492980036101626, 'min_child_weight': 19.995768367305658, 'min_data_in_leaf': 18.251708800985842, 'lambda': 0.3427169620827295, 'alpha': 8.46844126538204, 'max_depth': 5, 'eta': 0.03377748181899718, 'gamma': 1.2135554571892913, 'num_boost_rounds': 25}. Best is trial 245 with value: 0.017549.
2025-01-02 12:50:32 INFO     Trial 671 pruned. Trial was pruned at iteration 0.
2025-01-02 12:50:32 INFO     Trial 672 pruned. Trial was pruned at iteration 0.
2025-01-02 12:50:33 INFO     Trial 673 pruned. Trial was pruned at iteration 1.
2025-01-02 12:50:33 INFO     Trial 674 pruned. Trial was pruned at iteration 0.
2025-01-02 12:50:34 INFO     Trial 675 pruned. Trial was pruned at iteration 0.
2025-01-02 12:50:34 INFO     n_estimators: 10
2025-01-02 12:50:34 INFO     Trial 676 finished with value: 0.017299 and parameters: {'max_delta_step': 25.419072875067823, 'colsample_bytree': 0.9452044589743177, 'subsample': 0.7528061756329741, 'min_child_weight': 12.80720983582432, 'min_data_in_leaf': 19.826212959142516, 'lambda': 0.1947381439143827, 'alpha': 8.05925346082263, 'max_depth': 5, 'eta': 0.023806627111900146, 'gamma': 0.9966225529269513, 'num_boost_rounds': 45}. Best is trial 245 with value: 0.017549.
2025-01-02 12:50:35 INFO     Trial 677 pruned. Trial was pruned at iteration 1.
2025-01-02 12:50:35 INFO     Trial 678 pruned. Trial was pruned at iteration 0.
2025-01-02 12:50:36 INFO     Trial 679 pruned. Trial was pruned at iteration 1.
2025-01-02 12:50:36 INFO     Trial 680 pruned. Trial was pruned at iteration 0.
2025-01-02 12:50:37 INFO     n_estimators: 10
2025-01-02 12:50:37 INFO     Trial 681 finished with value: 0.016978 and parameters: {'max_delta_step': 46.89028457301481, 'colsample_bytree': 0.9313408073846978, 'subsample': 0.7707650481391941, 'min_child_weight': 13.681764111610917, 'min_data_in_leaf': 17.120070823353753, 'lambda': 0.00015032366656464458, 'alpha': 8.558918068765527, 'max_depth': 5, 'eta': 0.02579188803056915, 'gamma': 1.5676005339294774, 'num_boost_rounds': 25}. Best is trial 245 with value: 0.017549.
2025-01-02 12:50:37 INFO     n_estimators: 10
2025-01-02 12:50:37 INFO     Trial 682 finished with value: 0.016782 and parameters: {'max_delta_step': 24.030548742396277, 'colsample_bytree': 0.919085021036535, 'subsample': 0.730461266909966, 'min_child_weight': 18.200149785921504, 'min_data_in_leaf': 18.985851737106906, 'lambda': 0.7450502511559085, 'alpha': 8.09624227644941, 'max_depth': 5, 'eta': 0.037214607751494364, 'gamma': 1.21453906102927, 'num_boost_rounds': 30}. Best is trial 245 with value: 0.017549.
2025-01-02 12:50:38 INFO     Trial 683 pruned. Trial was pruned at iteration 0.
2025-01-02 12:50:38 INFO     Trial 684 pruned. Trial was pruned at iteration 1.
2025-01-02 12:50:39 INFO     n_estimators: 10
2025-01-02 12:50:39 INFO     Trial 685 finished with value: 0.016912 and parameters: {'max_delta_step': 27.185325112134976, 'colsample_bytree': 0.9265380271830871, 'subsample': 0.7600500084851834, 'min_child_weight': 11.409857918210772, 'min_data_in_leaf': 16.81128562412479, 'lambda': 0.40500913885411255, 'alpha': 8.85492204183414, 'max_depth': 5, 'eta': 0.011694006175393968, 'gamma': 1.7226665798760752, 'num_boost_rounds': 20}. Best is trial 245 with value: 0.017549.
2025-01-02 12:50:40 INFO     n_estimators: 10
2025-01-02 12:50:40 INFO     Trial 686 finished with value: 0.017185 and parameters: {'max_delta_step': 21.09472181432519, 'colsample_bytree': 0.9432369802979741, 'subsample': 0.7963541405638661, 'min_child_weight': 31.31988086969256, 'min_data_in_leaf': 17.502303300765004, 'lambda': 4.005081613899912, 'alpha': 5.819052168158835, 'max_depth': 5, 'eta': 0.02929672478169794, 'gamma': 1.999983742806307, 'num_boost_rounds': 25}. Best is trial 245 with value: 0.017549.
2025-01-02 12:50:40 INFO     Trial 687 pruned. Trial was pruned at iteration 0.
2025-01-02 12:50:41 INFO     Trial 688 pruned. Trial was pruned at iteration 0.
2025-01-02 12:50:41 INFO     Trial 689 pruned. Trial was pruned at iteration 1.
2025-01-02 12:50:42 INFO     Trial 690 pruned. Trial was pruned at iteration 0.
2025-01-02 12:50:42 INFO     Trial 691 pruned. Trial was pruned at iteration 0.
2025-01-02 12:50:43 INFO     n_estimators: 10
2025-01-02 12:50:43 INFO     Trial 692 finished with value: 0.017299 and parameters: {'max_delta_step': 19.112467699793264, 'colsample_bytree': 0.9314725929709797, 'subsample': 0.7616328177064813, 'min_child_weight': 18.608750880963882, 'min_data_in_leaf': 15.023839535226479, 'lambda': 2.179236009600931, 'alpha': 8.239009170281124, 'max_depth': 5, 'eta': 0.031750379272058406, 'gamma': 2.1365367133986037, 'num_boost_rounds': 20}. Best is trial 245 with value: 0.017549.
2025-01-02 12:50:43 INFO     n_estimators: 10
2025-01-02 12:50:43 INFO     Trial 693 finished with value: 0.017233 and parameters: {'max_delta_step': 49.31142006666493, 'colsample_bytree': 0.914177926280134, 'subsample': 0.7926710555336632, 'min_child_weight': 12.408924006583806, 'min_data_in_leaf': 16.680387515355886, 'lambda': 0.35870545583153984, 'alpha': 8.64484907597928, 'max_depth': 5, 'eta': 0.024307737502083114, 'gamma': 1.4252088276650596, 'num_boost_rounds': 80}. Best is trial 245 with value: 0.017549.
2025-01-02 12:50:44 INFO     Trial 694 pruned. Trial was pruned at iteration 1.
2025-01-02 12:50:44 INFO     Trial 695 pruned. Trial was pruned at iteration 0.
2025-01-02 12:50:45 INFO     Trial 696 pruned. Trial was pruned at iteration 0.
2025-01-02 12:50:45 INFO     Trial 697 pruned. Trial was pruned at iteration 1.
2025-01-02 12:50:45 INFO     Trial 698 pruned. Trial was pruned at iteration 1.
2025-01-02 12:50:46 INFO     Trial 699 pruned. Trial was pruned at iteration 1.
2025-01-02 12:50:46 INFO     Trial 700 pruned. Trial was pruned at iteration 0.
2025-01-02 12:50:47 INFO     Trial 701 pruned. Trial was pruned at iteration 0.
2025-01-02 12:50:47 INFO     n_estimators: 10
2025-01-02 12:50:47 INFO     Trial 702 finished with value: 0.017299 and parameters: {'max_delta_step': 30.24502598391681, 'colsample_bytree': 0.9592290920539372, 'subsample': 0.7652865391551015, 'min_child_weight': 12.418199343506418, 'min_data_in_leaf': 17.01726056360861, 'lambda': 0.17261534062151107, 'alpha': 8.293436824528003, 'max_depth': 5, 'eta': 0.027376834074450056, 'gamma': 2.5671862865851174, 'num_boost_rounds': 25}. Best is trial 245 with value: 0.017549.
2025-01-02 12:50:48 INFO     n_estimators: 10
2025-01-02 12:50:48 INFO     Trial 703 finished with value: 0.017299 and parameters: {'max_delta_step': 21.284344608528777, 'colsample_bytree': 0.9130499914801867, 'subsample': 0.750559556136192, 'min_child_weight': 18.955487676605845, 'min_data_in_leaf': 14.540102186777318, 'lambda': 0.3691727262407004, 'alpha': 7.915413316097101, 'max_depth': 5, 'eta': 0.03346727274251378, 'gamma': 9.717787045701012, 'num_boost_rounds': 40}. Best is trial 245 with value: 0.017549.
2025-01-02 12:50:48 INFO     Trial 704 pruned. Trial was pruned at iteration 0.
2025-01-02 12:50:49 INFO     Trial 705 pruned. Trial was pruned at iteration 0.
2025-01-02 12:50:49 INFO     Trial 706 pruned. Trial was pruned at iteration 0.
2025-01-02 12:50:50 INFO     Trial 707 pruned. Trial was pruned at iteration 2.
2025-01-02 12:50:50 INFO     Trial 708 pruned. Trial was pruned at iteration 0.
2025-01-02 12:50:50 INFO     Trial 709 pruned. Trial was pruned at iteration 0.
2025-01-02 12:50:51 INFO     n_estimators: 10
2025-01-02 12:50:51 INFO     Trial 710 finished with value: 0.017299 and parameters: {'max_delta_step': 37.11993255884158, 'colsample_bytree': 0.9186777301388215, 'subsample': 0.7566645507404963, 'min_child_weight': 13.885520906691042, 'min_data_in_leaf': 13.111798545102117, 'lambda': 0.5173439551229144, 'alpha': 1.3252518329614191, 'max_depth': 5, 'eta': 0.03037979544101836, 'gamma': 0.7955541404963733, 'num_boost_rounds': 25}. Best is trial 245 with value: 0.017549.
2025-01-02 12:50:52 INFO     Trial 711 pruned. Trial was pruned at iteration 0.
2025-01-02 12:50:52 INFO     Trial 712 pruned. Trial was pruned at iteration 1.
2025-01-02 12:50:52 INFO     Trial 713 pruned. Trial was pruned at iteration 0.
2025-01-02 12:50:53 INFO     n_estimators: 10
2025-01-02 12:50:53 INFO     Trial 714 finished with value: 0.017299 and parameters: {'max_delta_step': 22.507334708328376, 'colsample_bytree': 0.9413038535044327, 'subsample': 0.7679726885547044, 'min_child_weight': 15.97420993482639, 'min_data_in_leaf': 18.028026791962983, 'lambda': 1.1003092532011873, 'alpha': 7.577244189653897, 'max_depth': 5, 'eta': 0.026912582726703372, 'gamma': 2.0561355830474746, 'num_boost_rounds': 20}. Best is trial 245 with value: 0.017549.
2025-01-02 12:50:53 INFO     Trial 715 pruned. Trial was pruned at iteration 0.
2025-01-02 12:50:54 INFO     Trial 716 pruned. Trial was pruned at iteration 0.
2025-01-02 12:50:54 INFO     n_estimators: 10
2025-01-02 12:50:54 INFO     Trial 717 finished with value: 0.016874 and parameters: {'max_delta_step': 28.969293394798086, 'colsample_bytree': 0.9097170713862518, 'subsample': 0.7584106244128883, 'min_child_weight': 14.602925831678851, 'min_data_in_leaf': 15.733866136548649, 'lambda': 0.7797640678891123, 'alpha': 8.957631496119385, 'max_depth': 5, 'eta': 0.021839701916210555, 'gamma': 8.712691443366912, 'num_boost_rounds': 20}. Best is trial 245 with value: 0.017549.
2025-01-02 12:50:55 INFO     n_estimators: 10
2025-01-02 12:50:55 INFO     Trial 718 finished with value: 0.016799 and parameters: {'max_delta_step': 20.915537627510076, 'colsample_bytree': 0.9312046657845309, 'subsample': 0.6990178875825753, 'min_child_weight': 11.579211702723397, 'min_data_in_leaf': 17.57801169398734, 'lambda': 0.3048491749359421, 'alpha': 8.362881730567448, 'max_depth': 5, 'eta': 0.029710516671998997, 'gamma': 0.3917503678357126, 'num_boost_rounds': 25}. Best is trial 245 with value: 0.017549.
2025-01-02 12:50:56 INFO     Trial 719 pruned. Trial was pruned at iteration 0.
2025-01-02 12:50:56 INFO     n_estimators: 10
2025-01-02 12:50:56 INFO     Trial 720 finished with value: 0.017166 and parameters: {'max_delta_step': 13.175252806243755, 'colsample_bytree': 0.9632286203125222, 'subsample': 0.7757832623043375, 'min_child_weight': 16.62545688104329, 'min_data_in_leaf': 14.952171597050436, 'lambda': 0.004440857024606185, 'alpha': 7.390487856634183, 'max_depth': 5, 'eta': 0.03629296332708152, 'gamma': 1.4899479219298002, 'num_boost_rounds': 40}. Best is trial 245 with value: 0.017549.
2025-01-02 12:50:57 INFO     Trial 721 pruned. Trial was pruned at iteration 1.
2025-01-02 12:50:57 INFO     n_estimators: 10
2025-01-02 12:50:57 INFO     Trial 722 finished with value: 0.016971 and parameters: {'max_delta_step': 22.805978140164907, 'colsample_bytree': 0.9186433269472445, 'subsample': 0.7270918610766524, 'min_child_weight': 13.135885451780952, 'min_data_in_leaf': 18.42240221392731, 'lambda': 0.854479968241572, 'alpha': 8.699697299323443, 'max_depth': 5, 'eta': 0.04048806030687633, 'gamma': 0.9857591464701113, 'num_boost_rounds': 115}. Best is trial 245 with value: 0.017549.
2025-01-02 12:50:58 INFO     Trial 723 pruned. Trial was pruned at iteration 0.
2025-01-02 12:50:58 INFO     n_estimators: 10
2025-01-02 12:50:58 INFO     Trial 724 finished with value: 0.017299 and parameters: {'max_delta_step': 20.39373478135343, 'colsample_bytree': 0.9313848614369339, 'subsample': 0.7500594580194552, 'min_child_weight': 17.8716696835993, 'min_data_in_leaf': 16.809251257035402, 'lambda': 0.5122966027106903, 'alpha': 8.430950985928389, 'max_depth': 5, 'eta': 0.032883913754550846, 'gamma': 2.114375544631476, 'num_boost_rounds': 30}. Best is trial 245 with value: 0.017549.
2025-01-02 12:50:59 INFO     Trial 725 pruned. Trial was pruned at iteration 0.
2025-01-02 12:51:00 INFO     n_estimators: 10
2025-01-02 12:51:00 INFO     Trial 726 finished with value: 0.017299 and parameters: {'max_delta_step': 23.16609360782786, 'colsample_bytree': 0.9771186861878194, 'subsample': 0.7628096021107378, 'min_child_weight': 14.646896086625025, 'min_data_in_leaf': 17.19545444084848, 'lambda': 0.6702022907183403, 'alpha': 7.9447516351822305, 'max_depth': 5, 'eta': 0.028492214794083797, 'gamma': 1.199043592714514, 'num_boost_rounds': 45}. Best is trial 245 with value: 0.017549.
2025-01-02 12:51:00 INFO     Trial 727 pruned. Trial was pruned at iteration 0.
2025-01-02 12:51:00 INFO     Trial 728 pruned. Trial was pruned at iteration 0.
2025-01-02 12:51:01 INFO     Trial 729 pruned. Trial was pruned at iteration 1.
2025-01-02 12:51:01 INFO     Trial 730 pruned. Trial was pruned at iteration 1.
2025-01-02 12:51:02 INFO     n_estimators: 10
2025-01-02 12:51:02 INFO     Trial 731 finished with value: 0.01686 and parameters: {'max_delta_step': 44.22555738130673, 'colsample_bytree': 0.9145332189104626, 'subsample': 0.775407548628538, 'min_child_weight': 18.80705821584098, 'min_data_in_leaf': 18.013582921973786, 'lambda': 0.4101767575650034, 'alpha': 7.712344559476233, 'max_depth': 5, 'eta': 0.023596936929006006, 'gamma': 1.5583781858624857, 'num_boost_rounds': 25}. Best is trial 245 with value: 0.017549.
2025-01-02 12:51:02 INFO     Trial 732 pruned. Trial was pruned at iteration 1.
2025-01-02 12:51:03 INFO     Trial 733 pruned. Trial was pruned at iteration 1.
2025-01-02 12:51:03 INFO     Trial 734 pruned. Trial was pruned at iteration 0.
2025-01-02 12:51:04 INFO     Trial 735 pruned. Trial was pruned at iteration 0.
2025-01-02 12:51:04 INFO     Trial 736 pruned. Trial was pruned at iteration 0.
2025-01-02 12:51:04 INFO     Trial 737 pruned. Trial was pruned at iteration 0.
2025-01-02 12:51:05 INFO     Trial 738 pruned. Trial was pruned at iteration 0.
2025-01-02 12:51:05 INFO     Trial 739 pruned. Trial was pruned at iteration 0.
2025-01-02 12:51:06 INFO     n_estimators: 10
