2025-01-02 22:10:24 INFO     Trial 364 pruned. Trial was pruned at iteration 0.
2025-01-02 22:10:25 INFO     Trial 365 finished with value: 0.016927 and parameters: {'max_delta_step': 99.93720979803724, 'colsample_bytree': 0.9883974699188594, 'subsample': 0.7600088734903434, 'min_child_weight': 23.095179330254364, 'min_data_in_leaf': 15.963433158158054, 'lambda': 1.7688237563427611, 'alpha': 6.183661992138935, 'max_depth': 5, 'eta': 0.023666410859941048, 'gamma': 5.194270554767879, 'num_boost_rounds': 125}. Best is trial 232 with value: 0.017226.
2025-01-02 22:10:25 INFO     Trial 366 pruned. Trial was pruned at iteration 0.
2025-01-02 22:10:26 INFO     Trial 367 pruned. Trial was pruned at iteration 0.
2025-01-02 22:10:26 INFO     Trial 368 pruned. Trial was pruned at iteration 0.
2025-01-02 22:10:27 INFO     Trial 369 pruned. Trial was pruned at iteration 0.
2025-01-02 22:10:27 INFO     Trial 370 pruned. Trial was pruned at iteration 0.
2025-01-02 22:10:28 INFO     Trial 371 pruned. Trial was pruned at iteration 0.
2025-01-02 22:10:28 INFO     Trial 372 finished with value: 0.01692 and parameters: {'max_delta_step': 97.9670129680534, 'colsample_bytree': 0.9132333316001057, 'subsample': 0.8035366682715513, 'min_child_weight': 19.114469373537787, 'min_data_in_leaf': 11.207512777272417, 'lambda': 2.5367997591224274, 'alpha': 0.41801580977287434, 'max_depth': 5, 'eta': 0.039544326313945374, 'gamma': 5.425687782722189, 'num_boost_rounds': 135}. Best is trial 232 with value: 0.017226.
2025-01-02 22:10:29 INFO     Trial 373 pruned. Trial was pruned at iteration 0.
2025-01-02 22:10:29 INFO     Trial 374 finished with value: 0.016666 and parameters: {'max_delta_step': 99.96199830564308, 'colsample_bytree': 0.9822129044828147, 'subsample': 0.838805791608199, 'min_child_weight': 15.984853079998, 'min_data_in_leaf': 12.993385066567082, 'lambda': 2.8399431416892242, 'alpha': 4.321407023070321, 'max_depth': 5, 'eta': 0.05783858422924057, 'gamma': 5.666297789805715, 'num_boost_rounds': 130}. Best is trial 232 with value: 0.017226.
2025-01-02 22:10:30 INFO     Trial 375 pruned. Trial was pruned at iteration 5.
2025-01-02 22:10:30 INFO     Trial 376 pruned. Trial was pruned at iteration 0.
2025-01-02 22:10:31 INFO     Trial 377 pruned. Trial was pruned at iteration 0.
2025-01-02 22:10:31 INFO     Trial 378 finished with value: 0.016192 and parameters: {'max_delta_step': 91.43327822233667, 'colsample_bytree': 0.9380935263649979, 'subsample': 0.762844017302993, 'min_child_weight': 25.566750309005094, 'min_data_in_leaf': 12.614829110990184, 'lambda': 3.0519708158875924, 'alpha': 2.557961732179211, 'max_depth': 5, 'eta': 0.06678559159305475, 'gamma': 6.588869463306541, 'num_boost_rounds': 130}. Best is trial 232 with value: 0.017226.
2025-01-02 22:10:32 INFO     Trial 379 pruned. Trial was pruned at iteration 5.
2025-01-02 22:10:32 INFO     Trial 380 pruned. Trial was pruned at iteration 0.
2025-01-02 22:10:33 INFO     Trial 381 finished with value: 0.016156 and parameters: {'max_delta_step': 23.37693676576838, 'colsample_bytree': 0.9742951614917553, 'subsample': 0.8124799607603569, 'min_child_weight': 20.819409812438742, 'min_data_in_leaf': 13.150792405969606, 'lambda': 2.7112415005925885, 'alpha': 1.111280530440176, 'max_depth': 5, 'eta': 0.0754339243911382, 'gamma': 6.8618592184632625, 'num_boost_rounds': 120}. Best is trial 232 with value: 0.017226.
2025-01-02 22:10:34 INFO     Trial 382 pruned. Trial was pruned at iteration 0.
2025-01-02 22:10:34 INFO     Trial 383 finished with value: 0.016847 and parameters: {'max_delta_step': 95.21656025851928, 'colsample_bytree': 0.8903086398681692, 'subsample': 0.7508701018827337, 'min_child_weight': 23.86606802800885, 'min_data_in_leaf': 13.534944135223078, 'lambda': 1.9010830295850751, 'alpha': 1.7783449619493525, 'max_depth': 5, 'eta': 0.05510763200813061, 'gamma': 5.829709795813241, 'num_boost_rounds': 125}. Best is trial 232 with value: 0.017226.
2025-01-02 22:10:35 INFO     Trial 384 pruned. Trial was pruned at iteration 0.
2025-01-02 22:10:35 INFO     Trial 385 pruned. Trial was pruned at iteration 5.
2025-01-02 22:10:36 INFO     Trial 386 pruned. Trial was pruned at iteration 0.
2025-01-02 22:10:36 INFO     Trial 387 pruned. Trial was pruned at iteration 0.
2025-01-02 22:10:36 INFO     Trial 388 pruned. Trial was pruned at iteration 0.
2025-01-02 22:10:37 INFO     Trial 389 finished with value: 0.016156 and parameters: {'max_delta_step': 91.87234144501625, 'colsample_bytree': 0.9558745211169745, 'subsample': 0.777271421062224, 'min_child_weight': 22.669914110572503, 'min_data_in_leaf': 13.054703907514602, 'lambda': 2.5931667771702434, 'alpha': 0.9252135489355351, 'max_depth': 5, 'eta': 0.06017633627199812, 'gamma': 5.254822751436023, 'num_boost_rounds': 120}. Best is trial 232 with value: 0.017226.
2025-01-02 22:10:38 INFO     Trial 390 pruned. Trial was pruned at iteration 5.
2025-01-02 22:10:38 INFO     Trial 391 pruned. Trial was pruned at iteration 0.
2025-01-02 22:10:39 INFO     Trial 392 finished with value: 0.017 and parameters: {'max_delta_step': 93.03731550707742, 'colsample_bytree': 0.9707020221173072, 'subsample': 0.7454573600931752, 'min_child_weight': 17.490363995155743, 'min_data_in_leaf': 13.327003622415335, 'lambda': 2.7178778270554274, 'alpha': 6.691444696985398, 'max_depth': 5, 'eta': 0.05445700855143269, 'gamma': 5.958047273139811, 'num_boost_rounds': 135}. Best is trial 232 with value: 0.017226.
2025-01-02 22:10:40 INFO     Trial 393 finished with value: 0.017 and parameters: {'max_delta_step': 90.5697153248863, 'colsample_bytree': 0.9684631364902115, 'subsample': 0.7438909425657296, 'min_child_weight': 16.488467167262055, 'min_data_in_leaf': 13.662841724983902, 'lambda': 3.036804347643704, 'alpha': 6.846262649966223, 'max_depth': 5, 'eta': 0.05613179082265182, 'gamma': 5.53422746605926, 'num_boost_rounds': 135}. Best is trial 232 with value: 0.017226.
2025-01-02 22:10:40 INFO     Trial 394 finished with value: 0.016862 and parameters: {'max_delta_step': 89.65899095550117, 'colsample_bytree': 0.9716519848414354, 'subsample': 0.7400776825708592, 'min_child_weight': 13.755481594558965, 'min_data_in_leaf': 13.390054232399441, 'lambda': 2.9943480878965127, 'alpha': 6.631102219382915, 'max_depth': 5, 'eta': 0.06317756624975028, 'gamma': 5.451703461447064, 'num_boost_rounds': 135}. Best is trial 232 with value: 0.017226.
2025-01-02 22:10:41 INFO     Trial 395 finished with value: 0.016978 and parameters: {'max_delta_step': 62.474290549687694, 'colsample_bytree': 0.965905385577189, 'subsample': 0.7480491905690341, 'min_child_weight': 15.770737944033753, 'min_data_in_leaf': 13.69608404442843, 'lambda': 3.281243370577374, 'alpha': 6.87049435754758, 'max_depth': 5, 'eta': 0.05553332116971817, 'gamma': 5.624576913249792, 'num_boost_rounds': 140}. Best is trial 232 with value: 0.017226.
2025-01-02 22:10:42 INFO     Trial 396 finished with value: 0.016978 and parameters: {'max_delta_step': 63.209664943290306, 'colsample_bytree': 0.9649044980995123, 'subsample': 0.7465727634407336, 'min_child_weight': 15.319419924031534, 'min_data_in_leaf': 13.937346137334352, 'lambda': 3.529139420905309, 'alpha': 6.623207734037933, 'max_depth': 5, 'eta': 0.05617895387884986, 'gamma': 5.5849991652963, 'num_boost_rounds': 70}. Best is trial 232 with value: 0.017226.
2025-01-02 22:10:42 INFO     Trial 397 pruned. Trial was pruned at iteration 0.
2025-01-02 22:10:43 INFO     Trial 398 pruned. Trial was pruned at iteration 5.
2025-01-02 22:10:43 INFO     Trial 399 finished with value: 0.016978 and parameters: {'max_delta_step': 87.33905367495566, 'colsample_bytree': 0.9632123262969258, 'subsample': 0.7491756875274663, 'min_child_weight': 16.282546684046817, 'min_data_in_leaf': 13.406072437528687, 'lambda': 3.315003929659512, 'alpha': 7.240227381840004, 'max_depth': 5, 'eta': 0.055740051378938525, 'gamma': 5.601840212627673, 'num_boost_rounds': 145}. Best is trial 232 with value: 0.017226.
2025-01-02 22:10:44 INFO     Trial 400 finished with value: 0.016804 and parameters: {'max_delta_step': 37.61581116730035, 'colsample_bytree': 0.9790825507582092, 'subsample': 0.7416261375924182, 'min_child_weight': 9.82325091792441, 'min_data_in_leaf': 13.78663310273787, 'lambda': 3.271738766292379, 'alpha': 6.820619837668095, 'max_depth': 5, 'eta': 0.05905549190439953, 'gamma': 5.828886574758367, 'num_boost_rounds': 140}. Best is trial 232 with value: 0.017226.
2025-01-02 22:10:44 INFO     Trial 401 pruned. Trial was pruned at iteration 0.
2025-01-02 22:10:45 INFO     Trial 402 pruned. Trial was pruned at iteration 5.
2025-01-02 22:10:46 INFO     Trial 403 finished with value: 0.016978 and parameters: {'max_delta_step': 87.30400301316321, 'colsample_bytree': 0.9911577117680366, 'subsample': 0.7307627279765172, 'min_child_weight': 13.002087840085633, 'min_data_in_leaf': 14.19268266789694, 'lambda': 3.724540486950657, 'alpha': 7.14995199051313, 'max_depth': 5, 'eta': 0.05122189676610955, 'gamma': 5.865158806258768, 'num_boost_rounds': 135}. Best is trial 232 with value: 0.017226.
2025-01-02 22:10:46 INFO     Trial 404 finished with value: 0.016862 and parameters: {'max_delta_step': 40.7060601871887, 'colsample_bytree': 0.9590212236306112, 'subsample': 0.7517458868315338, 'min_child_weight': 11.163899229490891, 'min_data_in_leaf': 13.659110204797638, 'lambda': 3.2086262620334933, 'alpha': 6.430769910333579, 'max_depth': 5, 'eta': 0.06584084062686965, 'gamma': 5.361048513486286, 'num_boost_rounds': 135}. Best is trial 232 with value: 0.017226.
2025-01-02 22:10:47 INFO     Trial 405 pruned. Trial was pruned at iteration 5.
2025-01-02 22:10:47 INFO     Trial 406 finished with value: 0.017007 and parameters: {'max_delta_step': 89.29962149264708, 'colsample_bytree': 0.9901920942492194, 'subsample': 0.7595141922864216, 'min_child_weight': 17.46480055840063, 'min_data_in_leaf': 12.806990817835052, 'lambda': 3.388813704767431, 'alpha': 6.68018226982868, 'max_depth': 5, 'eta': 0.05492526914587627, 'gamma': 5.08824488005603, 'num_boost_rounds': 145}. Best is trial 232 with value: 0.017226.
2025-01-02 22:10:48 INFO     Trial 407 pruned. Trial was pruned at iteration 5.
2025-01-02 22:10:49 INFO     Trial 408 finished with value: 0.016185 and parameters: {'max_delta_step': 89.2726323761187, 'colsample_bytree': 0.9891155677939266, 'subsample': 0.7622235019261497, 'min_child_weight': 18.76101765881321, 'min_data_in_leaf': 12.927715266753703, 'lambda': 2.684116109726439, 'alpha': 6.243665099361819, 'max_depth': 5, 'eta': 0.06541494341633207, 'gamma': 9.893494952948497, 'num_boost_rounds': 145}. Best is trial 232 with value: 0.017226.
2025-01-02 22:10:49 INFO     Trial 409 pruned. Trial was pruned at iteration 0.
2025-01-02 22:10:50 INFO     Trial 410 pruned. Trial was pruned at iteration 0.
2025-01-02 22:10:50 INFO     Trial 411 pruned. Trial was pruned at iteration 0.
2025-01-02 22:10:51 INFO     Trial 412 pruned. Trial was pruned at iteration 5.
2025-01-02 22:10:51 INFO     Trial 413 pruned. Trial was pruned at iteration 0.
2025-01-02 22:10:51 INFO     Trial 414 pruned. Trial was pruned at iteration 0.
2025-01-02 22:10:52 INFO     Trial 415 finished with value: 0.016992 and parameters: {'max_delta_step': 92.9723193825837, 'colsample_bytree': 0.8585774715825711, 'subsample': 0.7428176691296633, 'min_child_weight': 20.769515602227678, 'min_data_in_leaf': 14.33873004642693, 'lambda': 2.5819431295526725, 'alpha': 6.997323882123575, 'max_depth': 5, 'eta': 0.07019701102117495, 'gamma': 4.868230733840955, 'num_boost_rounds': 95}. Best is trial 232 with value: 0.017226.
2025-01-02 22:10:53 INFO     Trial 416 pruned. Trial was pruned at iteration 5.
2025-01-02 22:10:53 INFO     Trial 417 pruned. Trial was pruned at iteration 5.
2025-01-02 22:10:54 INFO     Trial 418 pruned. Trial was pruned at iteration 5.
2025-01-02 22:10:54 INFO     Trial 419 pruned. Trial was pruned at iteration 5.
2025-01-02 22:10:55 INFO     Trial 420 pruned. Trial was pruned at iteration 5.
2025-01-02 22:10:55 INFO     Trial 421 pruned. Trial was pruned at iteration 0.
2025-01-02 22:10:56 INFO     Trial 422 pruned. Trial was pruned at iteration 5.
2025-01-02 22:10:56 INFO     Trial 423 pruned. Trial was pruned at iteration 5.
2025-01-02 22:10:57 INFO     Trial 424 pruned. Trial was pruned at iteration 0.
2025-01-02 22:10:57 INFO     Trial 425 finished with value: 0.016876 and parameters: {'max_delta_step': 94.12431950820122, 'colsample_bytree': 0.866077526059609, 'subsample': 0.7455220911991347, 'min_child_weight': 21.740942807507004, 'min_data_in_leaf': 12.82267690787969, 'lambda': 2.8145501920598637, 'alpha': 6.401138884112727, 'max_depth': 5, 'eta': 0.0659383979248209, 'gamma': 7.1546808137319395, 'num_boost_rounds': 125}. Best is trial 232 with value: 0.017226.
2025-01-02 22:10:58 INFO     Trial 426 pruned. Trial was pruned at iteration 5.
2025-01-02 22:10:58 INFO     Trial 427 pruned. Trial was pruned at iteration 0.
2025-01-02 22:10:59 INFO     Trial 428 pruned. Trial was pruned at iteration 5.
2025-01-02 22:10:59 INFO     Trial 429 finished with value: 0.016847 and parameters: {'max_delta_step': 94.52292937948678, 'colsample_bytree': 0.9626608517431242, 'subsample': 0.7561734729760112, 'min_child_weight': 21.251889464230345, 'min_data_in_leaf': 13.570588134384465, 'lambda': 2.505315450424796, 'alpha': 0.5502290263673775, 'max_depth': 5, 'eta': 0.05446199964942153, 'gamma': 5.366826231218801, 'num_boost_rounds': 110}. Best is trial 232 with value: 0.017226.
2025-01-02 22:11:00 INFO     Trial 430 pruned. Trial was pruned at iteration 0.
2025-01-02 22:11:00 INFO     Trial 431 pruned. Trial was pruned at iteration 5.
2025-01-02 22:11:01 INFO     Trial 432 finished with value: 0.016818 and parameters: {'max_delta_step': 95.06983792272925, 'colsample_bytree': 0.9998201861764087, 'subsample': 0.7636275461132496, 'min_child_weight': 16.417183391273387, 'min_data_in_leaf': 12.96851777126451, 'lambda': 2.7304153224778145, 'alpha': 7.056544822481018, 'max_depth': 5, 'eta': 0.044853115078973556, 'gamma': 6.647317927567343, 'num_boost_rounds': 125}. Best is trial 232 with value: 0.017226.
2025-01-02 22:11:02 INFO     Trial 433 pruned. Trial was pruned at iteration 0.
2025-01-02 22:11:02 INFO     Trial 434 pruned. Trial was pruned at iteration 5.
2025-01-02 22:11:03 INFO     Trial 435 finished with value: 0.016011 and parameters: {'max_delta_step': 94.97092563154845, 'colsample_bytree': 0.9697864935260652, 'subsample': 0.7810991229258364, 'min_child_weight': 23.587983391574667, 'min_data_in_leaf': 14.433209138128646, 'lambda': 3.1633902771737796, 'alpha': 3.0491561714863593, 'max_depth': 5, 'eta': 0.04024829597283319, 'gamma': 5.4641872443420425, 'num_boost_rounds': 130}. Best is trial 232 with value: 0.017226.
2025-01-02 22:11:03 INFO     Trial 436 pruned. Trial was pruned at iteration 0.
2025-01-02 22:11:04 INFO     Trial 437 pruned. Trial was pruned at iteration 0.
2025-01-02 22:11:04 INFO     Trial 438 pruned. Trial was pruned at iteration 0.
2025-01-02 22:11:05 INFO     Trial 439 pruned. Trial was pruned at iteration 0.
2025-01-02 22:11:05 INFO     Trial 440 pruned. Trial was pruned at iteration 5.
2025-01-02 22:11:05 INFO     Trial 441 pruned. Trial was pruned at iteration 0.
2025-01-02 22:11:06 INFO     Trial 442 finished with value: 0.016942 and parameters: {'max_delta_step': 93.06167521927003, 'colsample_bytree': 0.9494298415841564, 'subsample': 0.7513975439754906, 'min_child_weight': 25.60091900459861, 'min_data_in_leaf': 12.607062206942448, 'lambda': 4.340858709372554, 'alpha': 3.395551777153108, 'max_depth': 5, 'eta': 0.04193756817891703, 'gamma': 8.933718086918404, 'num_boost_rounds': 120}. Best is trial 232 with value: 0.017226.
2025-01-02 22:11:07 INFO     Trial 443 pruned. Trial was pruned at iteration 0.
2025-01-02 22:11:07 INFO     Trial 444 pruned. Trial was pruned at iteration 0.
2025-01-02 22:11:08 INFO     Trial 445 finished with value: 0.016992 and parameters: {'max_delta_step': 99.99600506137006, 'colsample_bytree': 0.9393027815438602, 'subsample': 0.7585235527669574, 'min_child_weight': 20.01005062670351, 'min_data_in_leaf': 12.268579857877075, 'lambda': 2.4697046838094434, 'alpha': 6.848087323148298, 'max_depth': 5, 'eta': 0.05329428480947008, 'gamma': 3.142159462320015, 'num_boost_rounds': 105}. Best is trial 232 with value: 0.017226.
2025-01-02 22:11:08 INFO     Trial 446 pruned. Trial was pruned at iteration 0.
2025-01-02 22:11:09 INFO     Trial 447 finished with value: 0.017051 and parameters: {'max_delta_step': 99.88695563702657, 'colsample_bytree': 0.9375050844703937, 'subsample': 0.7777983752533167, 'min_child_weight': 20.767319158328043, 'min_data_in_leaf': 11.498872652717392, 'lambda': 2.00043243032116, 'alpha': 7.2076301611670335, 'max_depth': 5, 'eta': 0.05153121407101241, 'gamma': 3.205593283279167, 'num_boost_rounds': 115}. Best is trial 232 with value: 0.017226.
2025-01-02 22:11:09 INFO     Trial 448 pruned. Trial was pruned at iteration 0.
2025-01-02 22:11:10 INFO     Trial 449 pruned. Trial was pruned at iteration 0.
2025-01-02 22:11:10 INFO     Trial 450 pruned. Trial was pruned at iteration 0.
2025-01-02 22:11:11 INFO     Trial 451 finished with value: 0.016869 and parameters: {'max_delta_step': 98.19770488241247, 'colsample_bytree': 0.9440348189987785, 'subsample': 0.7588606296523697, 'min_child_weight': 17.79038250084825, 'min_data_in_leaf': 11.325531794903076, 'lambda': 1.8562551906355815, 'alpha': 7.2840483895548935, 'max_depth': 5, 'eta': 0.048125535427032545, 'gamma': 3.846982741268338, 'num_boost_rounds': 110}. Best is trial 232 with value: 0.017226.
2025-01-02 22:11:11 INFO     Trial 452 pruned. Trial was pruned at iteration 0.
2025-01-02 22:11:12 INFO     Trial 453 pruned. Trial was pruned at iteration 0.
2025-01-02 22:11:12 INFO     Trial 454 pruned. Trial was pruned at iteration 0.
2025-01-02 22:11:12 INFO     Trial 455 pruned. Trial was pruned at iteration 0.
2025-01-02 22:11:13 INFO     Trial 456 pruned. Trial was pruned at iteration 5.
2025-01-02 22:11:13 INFO     Trial 457 pruned. Trial was pruned at iteration 0.
2025-01-02 22:11:14 INFO     Trial 458 pruned. Trial was pruned at iteration 5.
2025-01-02 22:11:15 INFO     Trial 459 pruned. Trial was pruned at iteration 5.
2025-01-02 22:11:15 INFO     Trial 460 finished with value: 0.016038 and parameters: {'max_delta_step': 99.98192733681132, 'colsample_bytree': 0.9729352379190166, 'subsample': 0.7655525981173227, 'min_child_weight': 24.711936221071984, 'min_data_in_leaf': 11.645961281435905, 'lambda': 2.1521440186203704, 'alpha': 0.6970461094667215, 'max_depth': 5, 'eta': 0.05787270627016929, 'gamma': 7.429605160702466, 'num_boost_rounds': 120}. Best is trial 232 with value: 0.017226.
2025-01-02 22:11:16 INFO     Trial 461 pruned. Trial was pruned at iteration 0.
2025-01-02 22:11:16 INFO     Trial 462 pruned. Trial was pruned at iteration 5.
2025-01-02 22:11:17 INFO     Trial 463 pruned. Trial was pruned at iteration 5.
2025-01-02 22:11:17 INFO     Trial 464 pruned. Trial was pruned at iteration 0.
2025-01-02 22:11:18 INFO     Trial 465 pruned. Trial was pruned at iteration 0.
2025-01-02 22:11:18 INFO     Trial 466 pruned. Trial was pruned at iteration 5.
2025-01-02 22:11:19 INFO     Trial 467 pruned. Trial was pruned at iteration 0.
2025-01-02 22:11:19 INFO     Trial 468 pruned. Trial was pruned at iteration 0.
2025-01-02 22:11:20 INFO     Trial 469 finished with value: 0.016862 and parameters: {'max_delta_step': 94.30807129978598, 'colsample_bytree': 0.9900703104294523, 'subsample': 0.7544723926498165, 'min_child_weight': 17.45306517332224, 'min_data_in_leaf': 11.663263549001682, 'lambda': 1.3961168203345515, 'alpha': 7.314193462191417, 'max_depth': 5, 'eta': 0.05846036117554562, 'gamma': 6.5280817194479965, 'num_boost_rounds': 105}. Best is trial 232 with value: 0.017226.
2025-01-02 22:11:20 INFO     Trial 470 pruned. Trial was pruned at iteration 0.
2025-01-02 22:11:21 INFO     Trial 471 finished with value: 0.017065 and parameters: {'max_delta_step': 96.93156698480693, 'colsample_bytree': 0.9286823144915, 'subsample': 0.7448842500254103, 'min_child_weight': 22.166574757082554, 'min_data_in_leaf': 12.987852543870103, 'lambda': 2.570018103743276, 'alpha': 3.9281034319949137, 'max_depth': 5, 'eta': 0.04380301300589587, 'gamma': 6.8697724456213445, 'num_boost_rounds': 130}. Best is trial 232 with value: 0.017226.
2025-01-02 22:11:21 INFO     Trial 472 pruned. Trial was pruned at iteration 0.
2025-01-02 22:11:22 INFO     Trial 473 pruned. Trial was pruned at iteration 0.
2025-01-02 22:11:22 INFO     Trial 474 finished with value: 0.016942 and parameters: {'max_delta_step': 85.99503287609488, 'colsample_bytree': 0.9275908182841912, 'subsample': 0.7590313095278348, 'min_child_weight': 22.12846123943345, 'min_data_in_leaf': 12.95117488416221, 'lambda': 2.9845355429037017, 'alpha': 3.8406575944589196, 'max_depth': 5, 'eta': 0.040607511825394196, 'gamma': 4.370697624747795, 'num_boost_rounds': 125}. Best is trial 232 with value: 0.017226.
2025-01-02 22:11:23 INFO     Trial 475 finished with value: 0.016942 and parameters: {'max_delta_step': 94.85031703678217, 'colsample_bytree': 0.9373052284581279, 'subsample': 0.7477444648303924, 'min_child_weight': 24.23236561745316, 'min_data_in_leaf': 13.168533784210913, 'lambda': 2.58368616389086, 'alpha': 2.006186923901499, 'max_depth': 5, 'eta': 0.04537314538122699, 'gamma': 3.5977958019156575, 'num_boost_rounds': 130}. Best is trial 232 with value: 0.017226.
2025-01-02 22:11:24 INFO     Trial 476 finished with value: 0.016163 and parameters: {'max_delta_step': 91.33205287466548, 'colsample_bytree': 0.9234719348436957, 'subsample': 0.7685527349453436, 'min_child_weight': 21.454290661950576, 'min_data_in_leaf': 14.946164420752988, 'lambda': 2.7914930861265077, 'alpha': 5.093929181394708, 'max_depth': 5, 'eta': 0.0547975875806997, 'gamma': 6.867675585470467, 'num_boost_rounds': 120}. Best is trial 232 with value: 0.017226.
