2025-01-02 12:46:23 INFO     Trial 177 pruned. Trial was pruned at iteration 2.
2025-01-02 12:46:24 INFO     Trial 178 pruned. Trial was pruned at iteration 0.
2025-01-02 12:46:24 INFO     n_estimators: 10
2025-01-02 12:46:24 INFO     Trial 179 finished with value: 0.017284 and parameters: {'max_delta_step': 71.22324166678644, 'colsample_bytree': 0.9096895769713387, 'subsample': 0.8165787701362143, 'min_child_weight': 30.3263556231147, 'min_data_in_leaf': 19.708736407029207, 'lambda': 0.9357168707049449, 'alpha': 9.188090881303037, 'max_depth': 5, 'eta': 0.025388155433676386, 'gamma': 1.9238182503743038, 'num_boost_rounds': 135}. Best is trial 6 with value: 0.017299.
2025-01-02 12:46:25 INFO     Trial 180 pruned. Trial was pruned at iteration 0.
2025-01-02 12:46:25 INFO     Trial 181 pruned. Trial was pruned at iteration 0.
2025-01-02 12:46:25 INFO     Trial 182 pruned. Trial was pruned at iteration 2.
2025-01-02 12:46:26 INFO     n_estimators: 10
2025-01-02 12:46:26 INFO     Trial 183 finished with value: 0.016905 and parameters: {'max_delta_step': 74.1522629641822, 'colsample_bytree': 0.8854522810155377, 'subsample': 0.8164568546055602, 'min_child_weight': 26.68797968671305, 'min_data_in_leaf': 18.926422222183156, 'lambda': 1.415590616599158, 'alpha': 9.634189835878452, 'max_depth': 5, 'eta': 0.01772123133556872, 'gamma': 0.03844991260263597, 'num_boost_rounds': 120}. Best is trial 6 with value: 0.017299.
2025-01-02 12:46:27 INFO     n_estimators: 10
2025-01-02 12:46:27 INFO     Trial 184 finished with value: 0.017284 and parameters: {'max_delta_step': 71.98071959394821, 'colsample_bytree': 0.9058074348379357, 'subsample': 0.8316810786273816, 'min_child_weight': 30.762718260018016, 'min_data_in_leaf': 20.711919755711282, 'lambda': 0.19375261952049028, 'alpha': 8.803256385513798, 'max_depth': 5, 'eta': 0.022625630920998622, 'gamma': 1.8186519317345637, 'num_boost_rounds': 135}. Best is trial 6 with value: 0.017299.
2025-01-02 12:46:27 INFO     n_estimators: 10
2025-01-02 12:46:27 INFO     Trial 185 finished with value: 0.016963 and parameters: {'max_delta_step': 70.59196516229068, 'colsample_bytree': 0.9234624864392017, 'subsample': 0.8283551759400911, 'min_child_weight': 31.000030471942043, 'min_data_in_leaf': 20.791698377600916, 'lambda': 0.15097037124565824, 'alpha': 8.819841678451391, 'max_depth': 5, 'eta': 0.035287639883324035, 'gamma': 1.88299055760189, 'num_boost_rounds': 135}. Best is trial 6 with value: 0.017299.
2025-01-02 12:46:28 INFO     n_estimators: 10
2025-01-02 12:46:28 INFO     Trial 186 finished with value: 0.017044 and parameters: {'max_delta_step': 72.49944504021045, 'colsample_bytree': 0.8682142779826878, 'subsample': 0.7251710318375911, 'min_child_weight': 28.467205999954416, 'min_data_in_leaf': 20.52709951520064, 'lambda': 0.4963133299529747, 'alpha': 8.402481907386298, 'max_depth': 5, 'eta': 0.024379556333222027, 'gamma': 1.384091383177153, 'num_boost_rounds': 130}. Best is trial 6 with value: 0.017299.
2025-01-02 12:46:28 INFO     n_estimators: 10
2025-01-02 12:46:28 INFO     Trial 187 finished with value: 0.016905 and parameters: {'max_delta_step': 65.48747680631578, 'colsample_bytree': 0.8785998128387874, 'subsample': 0.8100406050041778, 'min_child_weight': 25.73974525878673, 'min_data_in_leaf': 21.157106052023604, 'lambda': 0.30565585072204415, 'alpha': 7.992590310787479, 'max_depth': 5, 'eta': 0.021241668362657045, 'gamma': 1.6934447239908594, 'num_boost_rounds': 130}. Best is trial 6 with value: 0.017299.
2025-01-02 12:46:29 INFO     Trial 188 pruned. Trial was pruned at iteration 2.
2025-01-02 12:46:29 INFO     Trial 189 pruned. Trial was pruned at iteration 2.
2025-01-02 12:46:30 INFO     Trial 190 pruned. Trial was pruned at iteration 0.
2025-01-02 12:46:30 INFO     Trial 191 pruned. Trial was pruned at iteration 2.
2025-01-02 12:46:30 INFO     Trial 192 pruned. Trial was pruned at iteration 0.
2025-01-02 12:46:32 INFO     n_estimators: 10
2025-01-02 12:46:32 INFO     Trial 193 finished with value: 0.017087 and parameters: {'max_delta_step': 42.50922943206382, 'colsample_bytree': 0.9021265232706338, 'subsample': 0.8378415132202283, 'min_child_weight': 21.51506509657479, 'min_data_in_leaf': 21.591936501002312, 'lambda': 0.9930743907580027, 'alpha': 9.762787709580168, 'max_depth': 5, 'eta': 0.0149688763178471, 'gamma': 0.5786785611750975, 'num_boost_rounds': 10}. Best is trial 6 with value: 0.017299.
2025-01-02 12:46:33 INFO     n_estimators: 10
2025-01-02 12:46:33 INFO     Trial 194 finished with value: 0.016898 and parameters: {'max_delta_step': 43.00282234189299, 'colsample_bytree': 0.8858205818172524, 'subsample': 0.8164246323527408, 'min_child_weight': 21.466926565279458, 'min_data_in_leaf': 21.569403040919852, 'lambda': 0.9789172612102092, 'alpha': 9.723821823397252, 'max_depth': 5, 'eta': 0.01944971343908832, 'gamma': 0.6210529582477458, 'num_boost_rounds': 140}. Best is trial 6 with value: 0.017299.
2025-01-02 12:46:33 INFO     Trial 195 pruned. Trial was pruned at iteration 0.
2025-01-02 12:46:34 INFO     n_estimators: 10
2025-01-02 12:46:34 INFO     Trial 196 finished with value: 0.016779 and parameters: {'max_delta_step': 46.45641636557677, 'colsample_bytree': 0.8629479876632064, 'subsample': 0.8293579016569174, 'min_child_weight': 19.82535974438062, 'min_data_in_leaf': 21.73884513034022, 'lambda': 0.7186822802954825, 'alpha': 9.648788125632747, 'max_depth': 5, 'eta': 0.03434185891550709, 'gamma': 0.5720586112738049, 'num_boost_rounds': 15}. Best is trial 6 with value: 0.017299.
2025-01-02 12:46:35 INFO     n_estimators: 10
2025-01-02 12:46:35 INFO     Trial 197 finished with value: 0.016825 and parameters: {'max_delta_step': 74.9837580330386, 'colsample_bytree': 0.9028758806007926, 'subsample': 0.8547005769344164, 'min_child_weight': 22.44087389685761, 'min_data_in_leaf': 20.509633950419033, 'lambda': 1.0520513395786297, 'alpha': 9.995426824141378, 'max_depth': 5, 'eta': 0.01574972936099122, 'gamma': 1.4902318205398717, 'num_boost_rounds': 15}. Best is trial 6 with value: 0.017299.
2025-01-02 12:46:35 INFO     n_estimators: 10
2025-01-02 12:46:35 INFO     Trial 198 finished with value: 0.017299 and parameters: {'max_delta_step': 28.890598081237187, 'colsample_bytree': 0.9228924164997618, 'subsample': 0.807519616758285, 'min_child_weight': 27.770275716483766, 'min_data_in_leaf': 19.8082601084316, 'lambda': 0.8155976419034473, 'alpha': 9.06204371371033, 'max_depth': 5, 'eta': 0.026764189857938096, 'gamma': 1.1222755209614081, 'num_boost_rounds': 25}. Best is trial 6 with value: 0.017299.
2025-01-02 12:46:36 INFO     n_estimators: 10
2025-01-02 12:46:36 INFO     Trial 199 finished with value: 0.017299 and parameters: {'max_delta_step': 30.14753640298135, 'colsample_bytree': 0.9184506247248586, 'subsample': 0.8039539925539734, 'min_child_weight': 16.29025885212812, 'min_data_in_leaf': 19.02447489196167, 'lambda': 0.8024064849874681, 'alpha': 8.920419739660229, 'max_depth': 5, 'eta': 0.02751364413978063, 'gamma': 0.959907435529306, 'num_boost_rounds': 25}. Best is trial 6 with value: 0.017299.
2025-01-02 12:46:37 INFO     n_estimators: 10
2025-01-02 12:46:37 INFO     Trial 200 finished with value: 0.016978 and parameters: {'max_delta_step': 30.84036019979514, 'colsample_bytree': 0.9149362003418987, 'subsample': 0.8037664616651647, 'min_child_weight': 11.574305755313155, 'min_data_in_leaf': 19.064132875260924, 'lambda': 0.7965454507089912, 'alpha': 8.76275379715812, 'max_depth': 5, 'eta': 0.03867634560434096, 'gamma': 1.096896186141218, 'num_boost_rounds': 15}. Best is trial 6 with value: 0.017299.
2025-01-02 12:46:38 INFO     n_estimators: 10
2025-01-02 12:46:38 INFO     Trial 201 finished with value: 0.016978 and parameters: {'max_delta_step': 26.496545937310152, 'colsample_bytree': 0.9188399745326051, 'subsample': 0.8182362462185817, 'min_child_weight': 17.317680348092956, 'min_data_in_leaf': 19.729646830666013, 'lambda': 0.5247222617667946, 'alpha': 8.93022912745633, 'max_depth': 5, 'eta': 0.028943114088622428, 'gamma': 0.8679727855884545, 'num_boost_rounds': 25}. Best is trial 6 with value: 0.017299.
2025-01-02 12:46:38 INFO     n_estimators: 10
2025-01-02 12:46:38 INFO     Trial 202 finished with value: 0.017284 and parameters: {'max_delta_step': 32.92590703404605, 'colsample_bytree': 0.9314038236346956, 'subsample': 0.8411377740894199, 'min_child_weight': 13.527815073753949, 'min_data_in_leaf': 19.009651843557208, 'lambda': 0.8597711570415884, 'alpha': 9.189817121474764, 'max_depth': 5, 'eta': 0.024607732308226705, 'gamma': 1.2031893366338795, 'num_boost_rounds': 10}. Best is trial 6 with value: 0.017299.
2025-01-02 12:46:39 INFO     n_estimators: 10
2025-01-02 12:46:39 INFO     Trial 203 finished with value: 0.017219 and parameters: {'max_delta_step': 27.8075600555618, 'colsample_bytree': 0.9309893063528619, 'subsample': 0.843831262659196, 'min_child_weight': 13.013882098995818, 'min_data_in_leaf': 18.603020665261464, 'lambda': 0.9719549471073354, 'alpha': 9.065397120859481, 'max_depth': 5, 'eta': 0.02553880373968861, 'gamma': 1.1702332737749408, 'num_boost_rounds': 10}. Best is trial 6 with value: 0.017299.
2025-01-02 12:46:39 INFO     Trial 204 pruned. Trial was pruned at iteration 0.
2025-01-02 12:46:40 INFO     n_estimators: 10
2025-01-02 12:46:40 INFO     Trial 205 finished with value: 0.016978 and parameters: {'max_delta_step': 31.797693344763946, 'colsample_bytree': 0.9277573424672141, 'subsample': 0.8472703184923854, 'min_child_weight': 14.783697561340375, 'min_data_in_leaf': 18.558678085214947, 'lambda': 1.1939644614305438, 'alpha': 8.928555908675023, 'max_depth': 5, 'eta': 0.033389896638542305, 'gamma': 1.6039846565880505, 'num_boost_rounds': 15}. Best is trial 6 with value: 0.017299.
2025-01-02 12:46:40 INFO     Trial 206 pruned. Trial was pruned at iteration 0.
2025-01-02 12:46:41 INFO     n_estimators: 10
2025-01-02 12:46:41 INFO     Trial 207 finished with value: 0.017284 and parameters: {'max_delta_step': 29.658855092993093, 'colsample_bytree': 0.9248223569772483, 'subsample': 0.8288567790843919, 'min_child_weight': 12.443271464908454, 'min_data_in_leaf': 18.328815402035353, 'lambda': 0.7053579769522, 'alpha': 8.34708643952391, 'max_depth': 5, 'eta': 0.027103703540680472, 'gamma': 1.367651992826247, 'num_boost_rounds': 25}. Best is trial 6 with value: 0.017299.
2025-01-02 12:46:42 INFO     Trial 208 pruned. Trial was pruned at iteration 0.
2025-01-02 12:46:42 INFO     n_estimators: 10
2025-01-02 12:46:42 INFO     Trial 209 finished with value: 0.016779 and parameters: {'max_delta_step': 29.524949470726206, 'colsample_bytree': 0.925746546130878, 'subsample': 0.8252891622785896, 'min_child_weight': 11.97589781793909, 'min_data_in_leaf': 18.306092724130764, 'lambda': 1.0709371010802193, 'alpha': 8.637457981429648, 'max_depth': 5, 'eta': 0.03165372531278887, 'gamma': 1.8003335263368005, 'num_boost_rounds': 30}. Best is trial 6 with value: 0.017299.
2025-01-02 12:46:43 INFO     n_estimators: 10
2025-01-02 12:46:43 INFO     Trial 210 finished with value: 0.017299 and parameters: {'max_delta_step': 23.42139893990191, 'colsample_bytree': 0.9156337103302985, 'subsample': 0.8019536126009713, 'min_child_weight': 13.05517002546825, 'min_data_in_leaf': 19.12536060879961, 'lambda': 0.6670161061169853, 'alpha': 8.241566156149132, 'max_depth': 5, 'eta': 0.02676193973037172, 'gamma': 1.3101915650368996, 'num_boost_rounds': 25}. Best is trial 6 with value: 0.017299.
2025-01-02 12:46:43 INFO     Trial 211 pruned. Trial was pruned at iteration 0.
2025-01-02 12:46:44 INFO     n_estimators: 10
2025-01-02 12:46:44 INFO     Trial 212 finished with value: 0.01727 and parameters: {'max_delta_step': 26.58839926078666, 'colsample_bytree': 0.9094546431386139, 'subsample': 0.816410994825008, 'min_child_weight': 11.252675659734319, 'min_data_in_leaf': 17.850093691011566, 'lambda': 0.9110736575860876, 'alpha': 7.895931469610694, 'max_depth': 5, 'eta': 0.022493097965109135, 'gamma': 1.5221550051310204, 'num_boost_rounds': 20}. Best is trial 6 with value: 0.017299.
2025-01-02 12:46:45 INFO     n_estimators: 10
2025-01-02 12:46:45 INFO     Trial 213 finished with value: 0.017299 and parameters: {'max_delta_step': 25.996593132406804, 'colsample_bytree': 0.9127182451322364, 'subsample': 0.8105786922924478, 'min_child_weight': 11.992144113296657, 'min_data_in_leaf': 17.914747785582797, 'lambda': 0.9050576701977793, 'alpha': 7.684848912544776, 'max_depth': 5, 'eta': 0.023061143029559108, 'gamma': 1.7605170104781938, 'num_boost_rounds': 25}. Best is trial 6 with value: 0.017299.
2025-01-02 12:46:45 INFO     Trial 214 pruned. Trial was pruned at iteration 0.
2025-01-02 12:46:45 INFO     Trial 215 pruned. Trial was pruned at iteration 0.
2025-01-02 12:46:46 INFO     n_estimators: 10
2025-01-02 12:46:46 INFO     Trial 216 finished with value: 0.016942 and parameters: {'max_delta_step': 28.368527112708506, 'colsample_bytree': 0.940784019345753, 'subsample': 0.8135970377089239, 'min_child_weight': 13.499135325865295, 'min_data_in_leaf': 18.694721905699286, 'lambda': 0.8806348756912322, 'alpha': 7.418858883610474, 'max_depth': 5, 'eta': 0.020230033080761413, 'gamma': 1.9618168619155292, 'num_boost_rounds': 25}. Best is trial 6 with value: 0.017299.
2025-01-02 12:46:47 INFO     n_estimators: 10
2025-01-02 12:46:47 INFO     Trial 217 finished with value: 0.017299 and parameters: {'max_delta_step': 22.64079522735871, 'colsample_bytree': 0.9109519619831596, 'subsample': 0.7967352702439898, 'min_child_weight': 12.328001820333924, 'min_data_in_leaf': 17.398833544219798, 'lambda': 0.3294171735835634, 'alpha': 7.909438643583199, 'max_depth': 5, 'eta': 0.030899889563058405, 'gamma': 1.5160127484845969, 'num_boost_rounds': 20}. Best is trial 6 with value: 0.017299.
2025-01-02 12:46:47 INFO     n_estimators: 10
2025-01-02 12:46:47 INFO     Trial 218 finished with value: 0.017299 and parameters: {'max_delta_step': 21.756326977767806, 'colsample_bytree': 0.9089360963189628, 'subsample': 0.7978199577908183, 'min_child_weight': 11.64873718113432, 'min_data_in_leaf': 17.31133411153465, 'lambda': 0.1941742804414084, 'alpha': 7.56128753257165, 'max_depth': 5, 'eta': 0.032183393604812954, 'gamma': 1.733598983501006, 'num_boost_rounds': 35}. Best is trial 6 with value: 0.017299.
2025-01-02 12:46:48 INFO     n_estimators: 10
2025-01-02 12:46:48 INFO     Trial 219 finished with value: 0.016978 and parameters: {'max_delta_step': 19.15955990458877, 'colsample_bytree': 0.9270993309115578, 'subsample': 0.7591139987675231, 'min_child_weight': 11.615497190115194, 'min_data_in_leaf': 17.98821837606766, 'lambda': 0.20724773174518485, 'alpha': 7.622602227351758, 'max_depth': 5, 'eta': 0.03837234321006629, 'gamma': 1.72983065591918, 'num_boost_rounds': 20}. Best is trial 6 with value: 0.017299.
2025-01-02 12:46:48 INFO     Trial 220 pruned. Trial was pruned at iteration 0.
2025-01-02 12:46:49 INFO     n_estimators: 10
2025-01-02 12:46:49 INFO     Trial 221 finished with value: 0.017299 and parameters: {'max_delta_step': 22.186575880663945, 'colsample_bytree': 0.9174318377637832, 'subsample': 0.7956586118936206, 'min_child_weight': 12.682648636537339, 'min_data_in_leaf': 18.347788764635926, 'lambda': 0.42545437083193605, 'alpha': 7.704362339877059, 'max_depth': 5, 'eta': 0.02574005077963399, 'gamma': 1.7332753503389813, 'num_boost_rounds': 25}. Best is trial 6 with value: 0.017299.
2025-01-02 12:46:50 INFO     Trial 222 pruned. Trial was pruned at iteration 0.
2025-01-02 12:46:50 INFO     n_estimators: 10
2025-01-02 12:46:50 INFO     Trial 223 finished with value: 0.017233 and parameters: {'max_delta_step': 26.22821819825093, 'colsample_bytree': 0.9080854316431791, 'subsample': 0.7922744377283253, 'min_child_weight': 12.36322378901201, 'min_data_in_leaf': 18.3394405570189, 'lambda': 0.37482710368203165, 'alpha': 7.173956076768218, 'max_depth': 5, 'eta': 0.03263259028259646, 'gamma': 2.070385009378404, 'num_boost_rounds': 20}. Best is trial 6 with value: 0.017299.
2025-01-02 12:46:51 INFO     n_estimators: 10
2025-01-02 12:46:51 INFO     Trial 224 finished with value: 0.016963 and parameters: {'max_delta_step': 26.715844093585417, 'colsample_bytree': 0.9099613556012943, 'subsample': 0.7831616477262138, 'min_child_weight': 12.3787079018212, 'min_data_in_leaf': 18.317850012121802, 'lambda': 0.3397452645922233, 'alpha': 7.126096493215531, 'max_depth': 5, 'eta': 0.031460144190249166, 'gamma': 2.027911987077056, 'num_boost_rounds': 20}. Best is trial 6 with value: 0.017299.
2025-01-02 12:46:52 INFO     n_estimators: 10
2025-01-02 12:46:52 INFO     Trial 225 finished with value: 0.017299 and parameters: {'max_delta_step': 20.97651319053569, 'colsample_bytree': 0.9326556939130308, 'subsample': 0.7949525835326082, 'min_child_weight': 11.10693688239515, 'min_data_in_leaf': 17.094267363888918, 'lambda': 0.41867312121476713, 'alpha': 7.305957478714657, 'max_depth': 5, 'eta': 0.034822980600385564, 'gamma': 1.8152881072956013, 'num_boost_rounds': 10}. Best is trial 6 with value: 0.017299.
2025-01-02 12:46:52 INFO     n_estimators: 10
2025-01-02 12:46:52 INFO     Trial 226 finished with value: 0.017153 and parameters: {'max_delta_step': 21.426003620765012, 'colsample_bytree': 0.9216149599275357, 'subsample': 0.7906468664128892, 'min_child_weight': 10.54196367009759, 'min_data_in_leaf': 17.143371330095242, 'lambda': 0.1701557856709711, 'alpha': 7.581850303113522, 'max_depth': 5, 'eta': 0.03931255708798762, 'gamma': 1.8383443058491407, 'num_boost_rounds': 25}. Best is trial 6 with value: 0.017299.
2025-01-02 12:46:53 INFO     Trial 227 pruned. Trial was pruned at iteration 0.
2025-01-02 12:46:53 INFO     n_estimators: 10
2025-01-02 12:46:53 INFO     Trial 228 finished with value: 0.017299 and parameters: {'max_delta_step': 16.460372992796934, 'colsample_bytree': 0.9119664767612005, 'subsample': 0.7958213020424602, 'min_child_weight': 11.885902430574903, 'min_data_in_leaf': 17.970805324969152, 'lambda': 0.3508977452592338, 'alpha': 7.167671600387127, 'max_depth': 5, 'eta': 0.02878944801344157, 'gamma': 1.5352742293125514, 'num_boost_rounds': 20}. Best is trial 6 with value: 0.017299.
2025-01-02 12:46:54 INFO     n_estimators: 10
2025-01-02 12:46:54 INFO     Trial 229 finished with value: 0.017299 and parameters: {'max_delta_step': 21.11499972970731, 'colsample_bytree': 0.9135953178694252, 'subsample': 0.7966340919258267, 'min_child_weight': 11.12496886925813, 'min_data_in_leaf': 17.872468582876174, 'lambda': 0.24055259356124514, 'alpha': 7.723496785440616, 'max_depth': 5, 'eta': 0.030122612399864437, 'gamma': 2.1229881573776597, 'num_boost_rounds': 15}. Best is trial 6 with value: 0.017299.
2025-01-02 12:46:55 INFO     Trial 230 pruned. Trial was pruned at iteration 0.
2025-01-02 12:46:55 INFO     n_estimators: 10
2025-01-02 12:46:55 INFO     Trial 231 finished with value: 0.017233 and parameters: {'max_delta_step': 21.2933480838277, 'colsample_bytree': 0.9124290044836487, 'subsample': 0.7900405412952023, 'min_child_weight': 11.954207517412655, 'min_data_in_leaf': 17.025883817343967, 'lambda': 0.01327049552879217, 'alpha': 7.326302652480564, 'max_depth': 5, 'eta': 0.03277574746396492, 'gamma': 2.102303262819861, 'num_boost_rounds': 20}. Best is trial 6 with value: 0.017299.
2025-01-02 12:46:56 INFO     n_estimators: 10
2025-01-02 12:46:56 INFO     Trial 232 finished with value: 0.016978 and parameters: {'max_delta_step': 15.037623892564838, 'colsample_bytree': 0.9197583797310264, 'subsample': 0.7973293829656916, 'min_child_weight': 10.490135142857184, 'min_data_in_leaf': 18.06361176742586, 'lambda': 0.3179648552323216, 'alpha': 7.165067813944645, 'max_depth': 5, 'eta': 0.03596845346133271, 'gamma': 1.7884308697571034, 'num_boost_rounds': 20}. Best is trial 6 with value: 0.017299.
2025-01-02 12:46:57 INFO     n_estimators: 10
2025-01-02 12:46:57 INFO     Trial 233 finished with value: 0.016912 and parameters: {'max_delta_step': 19.67742638347446, 'colsample_bytree': 0.8984202315670977, 'subsample': 0.8054476675227351, 'min_child_weight': 13.522808508723532, 'min_data_in_leaf': 17.694211456258124, 'lambda': 0.4458734576996734, 'alpha': 7.918545473455056, 'max_depth': 5, 'eta': 0.04228219845044018, 'gamma': 1.9639759852286949, 'num_boost_rounds': 15}. Best is trial 6 with value: 0.017299.
2025-01-02 12:46:57 INFO     Trial 234 pruned. Trial was pruned at iteration 0.
2025-01-02 12:46:58 INFO     n_estimators: 10
2025-01-02 12:46:58 INFO     Trial 235 finished with value: 0.017299 and parameters: {'max_delta_step': 21.446154627118247, 'colsample_bytree': 0.9298775711371388, 'subsample': 0.7686034102831885, 'min_child_weight': 11.438104472047561, 'min_data_in_leaf': 18.21688339828892, 'lambda': 0.4991183770741122, 'alpha': 7.795640518937513, 'max_depth': 5, 'eta': 0.030941594755387325, 'gamma': 1.6680830803675997, 'num_boost_rounds': 25}. Best is trial 6 with value: 0.017299.
2025-01-02 12:46:58 INFO     Trial 236 pruned. Trial was pruned at iteration 0.
2025-01-02 12:46:59 INFO     n_estimators: 10
2025-01-02 12:46:59 INFO     Trial 237 finished with value: 0.017299 and parameters: {'max_delta_step': 21.815840851519262, 'colsample_bytree': 0.9283596678080953, 'subsample': 0.7527559272130164, 'min_child_weight': 14.830258013279067, 'min_data_in_leaf': 16.682913540118427, 'lambda': 0.5453863824540199, 'alpha': 7.5000840083776215, 'max_depth': 5, 'eta': 0.029087219917250932, 'gamma': 1.7430144728620234, 'num_boost_rounds': 25}. Best is trial 6 with value: 0.017299.
2025-01-02 12:46:59 INFO     n_estimators: 10
