2025-01-02 12:47:35 INFO     Trial 295 finished with value: 0.016912 and parameters: {'max_delta_step': 13.099671367990407, 'colsample_bytree': 0.9150178019612871, 'subsample': 0.7901035938808487, 'min_child_weight': 11.618533424207492, 'min_data_in_leaf': 16.00542897837105, 'lambda': 0.16323081871877182, 'alpha': 8.05233675305432, 'max_depth': 5, 'eta': 0.03474112374074147, 'gamma': 1.9705355654459709, 'num_boost_rounds': 20}. Best is trial 245 with value: 0.017549.
2025-01-02 12:47:35 INFO     n_estimators: 10
2025-01-02 12:47:35 INFO     Trial 296 finished with value: 0.016874 and parameters: {'max_delta_step': 18.263143694119105, 'colsample_bytree': 0.9361455482212836, 'subsample': 0.7158426196184863, 'min_child_weight': 15.655981099025984, 'min_data_in_leaf': 16.562378535749914, 'lambda': 0.0021441941108412688, 'alpha': 6.922437346950974, 'max_depth': 5, 'eta': 0.028872354643964378, 'gamma': 1.4990663583523083, 'num_boost_rounds': 30}. Best is trial 245 with value: 0.017549.
2025-01-02 12:47:36 INFO     Trial 297 pruned. Trial was pruned at iteration 0.
2025-01-02 12:47:36 INFO     n_estimators: 10
2025-01-02 12:47:36 INFO     Trial 298 finished with value: 0.017299 and parameters: {'max_delta_step': 27.03218017173325, 'colsample_bytree': 0.9077762585213023, 'subsample': 0.8025917546416489, 'min_child_weight': 12.425278929774082, 'min_data_in_leaf': 15.581747367420062, 'lambda': 0.3424435160800644, 'alpha': 8.510109579542966, 'max_depth': 5, 'eta': 0.031762657549242776, 'gamma': 1.748575238745271, 'num_boost_rounds': 25}. Best is trial 245 with value: 0.017549.
2025-01-02 12:47:37 INFO     n_estimators: 10
2025-01-02 12:47:37 INFO     Trial 299 finished with value: 0.017029 and parameters: {'max_delta_step': 23.754152023586443, 'colsample_bytree': 0.94057101970553, 'subsample': 0.7664483314444833, 'min_child_weight': 18.340004629629632, 'min_data_in_leaf': 17.044069172047806, 'lambda': 0.18417935097983926, 'alpha': 7.666439095281859, 'max_depth': 5, 'eta': 0.018757939466071724, 'gamma': 2.2485583371242113, 'num_boost_rounds': 35}. Best is trial 245 with value: 0.017549.
2025-01-02 12:47:38 INFO     Trial 300 pruned. Trial was pruned at iteration 0.
2025-01-02 12:47:38 INFO     Trial 301 pruned. Trial was pruned at iteration 0.
2025-01-02 12:47:39 INFO     n_estimators: 10
2025-01-02 12:47:39 INFO     Trial 302 finished with value: 0.017299 and parameters: {'max_delta_step': 25.408364278629087, 'colsample_bytree': 0.9520720341356756, 'subsample': 0.7334666428680809, 'min_child_weight': 16.22706351618885, 'min_data_in_leaf': 16.055777660741864, 'lambda': 0.3973148275286011, 'alpha': 7.481992181273913, 'max_depth': 5, 'eta': 0.027799093183614815, 'gamma': 1.6914244066386592, 'num_boost_rounds': 15}. Best is trial 245 with value: 0.017549.
2025-01-02 12:47:40 INFO     n_estimators: 10
2025-01-02 12:47:40 INFO     Trial 303 finished with value: 0.01708 and parameters: {'max_delta_step': 21.725792405072664, 'colsample_bytree': 0.9227947455411587, 'subsample': 0.6646894066333917, 'min_child_weight': 10.403299839010922, 'min_data_in_leaf': 16.671744898416815, 'lambda': 0.228053944950953, 'alpha': 8.268405999729525, 'max_depth': 5, 'eta': 0.022060855674598076, 'gamma': 1.0433208744307678, 'num_boost_rounds': 30}. Best is trial 245 with value: 0.017549.
2025-01-02 12:47:41 INFO     Trial 304 pruned. Trial was pruned at iteration 2.
2025-01-02 12:47:41 INFO     n_estimators: 10
2025-01-02 12:47:41 INFO     Trial 305 finished with value: 0.017299 and parameters: {'max_delta_step': 23.941427842590286, 'colsample_bytree': 0.9653700550845092, 'subsample': 0.7539293603326132, 'min_child_weight': 15.447125488518667, 'min_data_in_leaf': 17.153327731357468, 'lambda': 4.25769371252529, 'alpha': 8.701135532125251, 'max_depth': 5, 'eta': 0.030134343018064207, 'gamma': 1.870439746495555, 'num_boost_rounds': 10}. Best is trial 245 with value: 0.017549.
2025-01-02 12:47:42 INFO     Trial 306 pruned. Trial was pruned at iteration 0.
2025-01-02 12:47:42 INFO     Trial 307 pruned. Trial was pruned at iteration 0.
2025-01-02 12:47:42 INFO     Trial 308 pruned. Trial was pruned at iteration 1.
2025-01-02 12:47:43 INFO     n_estimators: 10
2025-01-02 12:47:43 INFO     Trial 309 finished with value: 0.016978 and parameters: {'max_delta_step': 16.688733669134262, 'colsample_bytree': 0.9150490261638128, 'subsample': 0.726087866325512, 'min_child_weight': 13.835108239319538, 'min_data_in_leaf': 14.799805463154941, 'lambda': 0.35653209141290765, 'alpha': 7.835646390613744, 'max_depth': 5, 'eta': 0.03239735195277529, 'gamma': 1.6498408853472168, 'num_boost_rounds': 20}. Best is trial 245 with value: 0.017549.
2025-01-02 12:47:43 INFO     Trial 310 pruned. Trial was pruned at iteration 0.
2025-01-02 12:47:44 INFO     n_estimators: 10
2025-01-02 12:47:44 INFO     Trial 311 finished with value: 0.017029 and parameters: {'max_delta_step': 27.282070610822508, 'colsample_bytree': 0.9434320723657875, 'subsample': 0.7781192405032754, 'min_child_weight': 16.106168586908826, 'min_data_in_leaf': 16.677440285995445, 'lambda': 0.21309018894536375, 'alpha': 7.1430416185740375, 'max_depth': 5, 'eta': 0.047726386620349386, 'gamma': 1.8222701082362711, 'num_boost_rounds': 25}. Best is trial 245 with value: 0.017549.
2025-01-02 12:47:45 INFO     Trial 312 pruned. Trial was pruned at iteration 2.
2025-01-02 12:47:45 INFO     Trial 313 pruned. Trial was pruned at iteration 1.
2025-01-02 12:47:45 INFO     Trial 314 pruned. Trial was pruned at iteration 0.
2025-01-02 12:47:46 INFO     Trial 315 pruned. Trial was pruned at iteration 0.
2025-01-02 12:47:46 INFO     Trial 316 pruned. Trial was pruned at iteration 1.
2025-01-02 12:47:46 INFO     Trial 317 pruned. Trial was pruned at iteration 0.
2025-01-02 12:47:47 INFO     Trial 318 pruned. Trial was pruned at iteration 1.
2025-01-02 12:47:47 INFO     Trial 319 pruned. Trial was pruned at iteration 0.
2025-01-02 12:47:47 INFO     Trial 320 pruned. Trial was pruned at iteration 0.
2025-01-02 12:47:48 INFO     n_estimators: 10
2025-01-02 12:47:48 INFO     Trial 321 finished with value: 0.016779 and parameters: {'max_delta_step': 28.631936164925463, 'colsample_bytree': 0.9401629008353158, 'subsample': 0.7744910912603573, 'min_child_weight': 17.04034272007737, 'min_data_in_leaf': 13.7658811212313, 'lambda': 0.007282511122707117, 'alpha': 7.553830003522743, 'max_depth': 5, 'eta': 0.03569238533873256, 'gamma': 2.1194759495974136, 'num_boost_rounds': 35}. Best is trial 245 with value: 0.017549.
2025-01-02 12:47:49 INFO     n_estimators: 10
2025-01-02 12:47:49 INFO     Trial 322 finished with value: 0.016963 and parameters: {'max_delta_step': 18.047809352547723, 'colsample_bytree': 0.9180947889103627, 'subsample': 0.7486809151446757, 'min_child_weight': 14.10497949280472, 'min_data_in_leaf': 17.22825021335335, 'lambda': 0.4393254318198421, 'alpha': 3.1029322190516875, 'max_depth': 5, 'eta': 0.023497868932632334, 'gamma': 1.9076468346972097, 'num_boost_rounds': 10}. Best is trial 245 with value: 0.017549.
2025-01-02 12:47:49 INFO     n_estimators: 10
2025-01-02 12:47:49 INFO     Trial 323 finished with value: 0.017299 and parameters: {'max_delta_step': 23.635151664483985, 'colsample_bytree': 0.9283152036331573, 'subsample': 0.7605117803946672, 'min_child_weight': 15.447134614297227, 'min_data_in_leaf': 15.638345386708798, 'lambda': 4.763411696201423, 'alpha': 7.718866949603239, 'max_depth': 5, 'eta': 0.02924970952281014, 'gamma': 1.4221859740889065, 'num_boost_rounds': 25}. Best is trial 245 with value: 0.017549.
2025-01-02 12:47:50 INFO     n_estimators: 10
2025-01-02 12:47:50 INFO     Trial 324 finished with value: 0.016978 and parameters: {'max_delta_step': 20.489489418013108, 'colsample_bytree': 0.9126309286740516, 'subsample': 0.8067001674694987, 'min_child_weight': 18.8036225760152, 'min_data_in_leaf': 16.741609819644264, 'lambda': 0.696472449927859, 'alpha': 8.08709395701202, 'max_depth': 5, 'eta': 0.032638641499193884, 'gamma': 1.6824672861511756, 'num_boost_rounds': 45}. Best is trial 245 with value: 0.017549.
2025-01-02 12:47:51 INFO     Trial 325 pruned. Trial was pruned at iteration 1.
2025-01-02 12:47:51 INFO     Trial 326 pruned. Trial was pruned at iteration 0.
2025-01-02 12:47:51 INFO     Trial 327 pruned. Trial was pruned at iteration 0.
2025-01-02 12:47:52 INFO     Trial 328 pruned. Trial was pruned at iteration 0.
2025-01-02 12:47:52 INFO     Trial 329 pruned. Trial was pruned at iteration 1.
2025-01-02 12:47:53 INFO     Trial 330 pruned. Trial was pruned at iteration 0.
2025-01-02 12:47:53 INFO     n_estimators: 10
2025-01-02 12:47:53 INFO     Trial 331 finished with value: 0.017299 and parameters: {'max_delta_step': 25.09483189922857, 'colsample_bytree': 0.9094518433184399, 'subsample': 0.7619145405091485, 'min_child_weight': 13.201097862670249, 'min_data_in_leaf': 17.23453229874936, 'lambda': 0.0073487185318980765, 'alpha': 7.412477570222464, 'max_depth': 5, 'eta': 0.0241155345383234, 'gamma': 1.0063322501250838, 'num_boost_rounds': 35}. Best is trial 245 with value: 0.017549.
2025-01-02 12:47:54 INFO     n_estimators: 10
2025-01-02 12:47:54 INFO     Trial 332 finished with value: 0.016978 and parameters: {'max_delta_step': 27.333054811891174, 'colsample_bytree': 0.9258893576451129, 'subsample': 0.809550981271116, 'min_child_weight': 18.112605958623455, 'min_data_in_leaf': 15.911064732125332, 'lambda': 0.2782385287426669, 'alpha': 7.9685848609613545, 'max_depth': 5, 'eta': 0.032549767144006723, 'gamma': 1.5640489854124686, 'num_boost_rounds': 200}. Best is trial 245 with value: 0.017549.
2025-01-02 12:47:54 INFO     Trial 333 pruned. Trial was pruned at iteration 0.
2025-01-02 12:47:55 INFO     Trial 334 pruned. Trial was pruned at iteration 2.
2025-01-02 12:47:55 INFO     Trial 335 pruned. Trial was pruned at iteration 0.
2025-01-02 12:47:56 INFO     n_estimators: 10
2025-01-02 12:47:56 INFO     Trial 336 finished with value: 0.016942 and parameters: {'max_delta_step': 21.711020537692697, 'colsample_bytree': 0.9159451454940494, 'subsample': 0.7970447116239969, 'min_child_weight': 13.447483685539694, 'min_data_in_leaf': 18.616105825224558, 'lambda': 0.352208419378406, 'alpha': 8.557388231641095, 'max_depth': 5, 'eta': 0.018531509277569774, 'gamma': 2.2111564946425077, 'num_boost_rounds': 30}. Best is trial 245 with value: 0.017549.
2025-01-02 12:47:56 INFO     Trial 337 pruned. Trial was pruned at iteration 0.
2025-01-02 12:47:57 INFO     Trial 338 pruned. Trial was pruned at iteration 0.
2025-01-02 12:47:57 INFO     Trial 339 pruned. Trial was pruned at iteration 0.
2025-01-02 12:47:58 INFO     Trial 340 pruned. Trial was pruned at iteration 0.
2025-01-02 12:47:58 INFO     Trial 341 pruned. Trial was pruned at iteration 0.
2025-01-02 12:47:58 INFO     Trial 342 pruned. Trial was pruned at iteration 0.
2025-01-02 12:47:59 INFO     Trial 343 pruned. Trial was pruned at iteration 0.
2025-01-02 12:47:59 INFO     Trial 344 pruned. Trial was pruned at iteration 1.
2025-01-02 12:48:00 INFO     n_estimators: 10
2025-01-02 12:48:00 INFO     Trial 345 finished with value: 0.016978 and parameters: {'max_delta_step': 21.897533638679313, 'colsample_bytree': 0.9284836816521107, 'subsample': 0.811041227483901, 'min_child_weight': 19.103381805907315, 'min_data_in_leaf': 12.725786388744133, 'lambda': 0.5235093098146992, 'alpha': 8.495180925922035, 'max_depth': 5, 'eta': 0.028072702465026064, 'gamma': 1.3362878826450917, 'num_boost_rounds': 30}. Best is trial 245 with value: 0.017549.
2025-01-02 12:48:00 INFO     Trial 346 pruned. Trial was pruned at iteration 2.
2025-01-02 12:48:00 INFO     Trial 347 pruned. Trial was pruned at iteration 0.
2025-01-02 12:48:01 INFO     Trial 348 pruned. Trial was pruned at iteration 0.
2025-01-02 12:48:01 INFO     Trial 349 pruned. Trial was pruned at iteration 1.
2025-01-02 12:48:02 INFO     Trial 350 pruned. Trial was pruned at iteration 1.
2025-01-02 12:48:02 INFO     n_estimators: 10
2025-01-02 12:48:02 INFO     Trial 351 finished with value: 0.016978 and parameters: {'max_delta_step': 10.242741122491449, 'colsample_bytree': 0.9244972431882645, 'subsample': 0.7620329977485529, 'min_child_weight': 16.896380621512762, 'min_data_in_leaf': 17.1215152223337, 'lambda': 0.6003118936922613, 'alpha': 7.210544250017832, 'max_depth': 5, 'eta': 0.037471351013611924, 'gamma': 2.2524714037139293, 'num_boost_rounds': 30}. Best is trial 245 with value: 0.017549.
2025-01-02 12:48:03 INFO     Trial 352 pruned. Trial was pruned at iteration 0.
2025-01-02 12:48:03 INFO     Trial 353 pruned. Trial was pruned at iteration 0.
2025-01-02 12:48:03 INFO     Trial 354 pruned. Trial was pruned at iteration 1.
2025-01-02 12:48:04 INFO     Trial 355 pruned. Trial was pruned at iteration 0.
2025-01-02 12:48:04 INFO     Trial 356 pruned. Trial was pruned at iteration 0.
2025-01-02 12:48:05 INFO     Trial 357 pruned. Trial was pruned at iteration 0.
2025-01-02 12:48:05 INFO     Trial 358 pruned. Trial was pruned at iteration 1.
2025-01-02 12:48:06 INFO     n_estimators: 10
2025-01-02 12:48:06 INFO     Trial 359 finished with value: 0.017299 and parameters: {'max_delta_step': 17.830457417296753, 'colsample_bytree': 0.9589659431305976, 'subsample': 0.7677440601683092, 'min_child_weight': 15.360756236727845, 'min_data_in_leaf': 17.60740537678342, 'lambda': 0.3563478134062651, 'alpha': 7.974815032183902, 'max_depth': 5, 'eta': 0.031116813119195643, 'gamma': 1.61608926297638, 'num_boost_rounds': 10}. Best is trial 245 with value: 0.017549.
2025-01-02 12:48:06 INFO     Trial 360 pruned. Trial was pruned at iteration 0.
2025-01-02 12:48:06 INFO     Trial 361 pruned. Trial was pruned at iteration 0.
2025-01-02 12:48:07 INFO     Trial 362 pruned. Trial was pruned at iteration 2.
2025-01-02 12:48:07 INFO     n_estimators: 10
2025-01-02 12:48:07 INFO     Trial 363 finished with value: 0.016876 and parameters: {'max_delta_step': 22.675481994034907, 'colsample_bytree': 0.9212057454940995, 'subsample': 0.7755396800524439, 'min_child_weight': 15.014551909338984, 'min_data_in_leaf': 16.868246839311716, 'lambda': 0.19010501888343886, 'alpha': 7.841283815823917, 'max_depth': 5, 'eta': 0.040537947770875216, 'gamma': 2.332353384473841, 'num_boost_rounds': 40}. Best is trial 245 with value: 0.017549.
2025-01-02 12:48:08 INFO     Trial 364 pruned. Trial was pruned at iteration 0.
2025-01-02 12:48:08 INFO     Trial 365 pruned. Trial was pruned at iteration 0.
2025-01-02 12:48:09 INFO     Trial 366 pruned. Trial was pruned at iteration 1.
2025-01-02 12:48:09 INFO     n_estimators: 10
2025-01-02 12:48:09 INFO     Trial 367 finished with value: 0.017299 and parameters: {'max_delta_step': 28.14522533075718, 'colsample_bytree': 0.9311480427556463, 'subsample': 0.8020176771611529, 'min_child_weight': 19.703909901670773, 'min_data_in_leaf': 16.370196622211065, 'lambda': 0.1920231470077079, 'alpha': 8.31918223570646, 'max_depth': 5, 'eta': 0.026740152694593275, 'gamma': 2.030081509852191, 'num_boost_rounds': 30}. Best is trial 245 with value: 0.017549.
2025-01-02 12:48:10 INFO     n_estimators: 10
2025-01-02 12:48:10 INFO     Trial 368 finished with value: 0.016874 and parameters: {'max_delta_step': 24.446037496355064, 'colsample_bytree': 0.9139847254671537, 'subsample': 0.7587607065411358, 'min_child_weight': 11.5089622044393, 'min_data_in_leaf': 17.66694002894449, 'lambda': 0.4317046731295535, 'alpha': 7.996107452089852, 'max_depth': 5, 'eta': 0.022173143161181706, 'gamma': 1.845883150852533, 'num_boost_rounds': 15}. Best is trial 245 with value: 0.017549.
2025-01-02 12:48:10 INFO     Trial 369 pruned. Trial was pruned at iteration 0.
2025-01-02 12:48:11 INFO     Trial 370 pruned. Trial was pruned at iteration 0.
2025-01-02 12:48:11 INFO     Trial 371 pruned. Trial was pruned at iteration 1.
2025-01-02 12:48:12 INFO     n_estimators: 10
2025-01-02 12:48:12 INFO     Trial 372 finished with value: 0.017299 and parameters: {'max_delta_step': 19.70858790344683, 'colsample_bytree': 0.9459867447185547, 'subsample': 0.7636922006022846, 'min_child_weight': 16.755403938112835, 'min_data_in_leaf': 17.129932382486803, 'lambda': 0.17907554734314024, 'alpha': 7.752868555678857, 'max_depth': 5, 'eta': 0.02890426795121844, 'gamma': 2.132423499260339, 'num_boost_rounds': 30}. Best is trial 245 with value: 0.017549.
2025-01-02 12:48:13 INFO     n_estimators: 10
2025-01-02 12:48:13 INFO     Trial 373 finished with value: 0.017299 and parameters: {'max_delta_step': 14.350416183701325, 'colsample_bytree': 0.9568557759502302, 'subsample': 0.7954704923103324, 'min_child_weight': 11.804418506035962, 'min_data_in_leaf': 16.742269275731744, 'lambda': 0.35519813903564323, 'alpha': 8.53549246361164, 'max_depth': 5, 'eta': 0.024096545009636643, 'gamma': 2.46149351989267, 'num_boost_rounds': 10}. Best is trial 245 with value: 0.017549.
2025-01-02 12:48:13 INFO     Trial 374 pruned. Trial was pruned at iteration 0.
2025-01-02 12:48:14 INFO     n_estimators: 10
2025-01-02 12:48:14 INFO     Trial 375 finished with value: 0.017233 and parameters: {'max_delta_step': 22.342817956585947, 'colsample_bytree': 0.9243876352205325, 'subsample': 0.767527782013468, 'min_child_weight': 14.415526409407706, 'min_data_in_leaf': 16.46727230137504, 'lambda': 0.1437753179572468, 'alpha': 7.9302978092166745, 'max_depth': 5, 'eta': 0.03358497493048034, 'gamma': 1.4435077127968325, 'num_boost_rounds': 15}. Best is trial 245 with value: 0.017549.
2025-01-02 12:48:14 INFO     Trial 376 pruned. Trial was pruned at iteration 2.
2025-01-02 12:48:15 INFO     n_estimators: 10
2025-01-02 12:48:15 INFO     Trial 377 finished with value: 0.016971 and parameters: {'max_delta_step': 20.555217595710925, 'colsample_bytree': 0.9658888068883265, 'subsample': 0.7346309318495431, 'min_child_weight': 13.229719836253842, 'min_data_in_leaf': 18.28164282343444, 'lambda': 0.6409477890434236, 'alpha': 7.744653594545469, 'max_depth': 5, 'eta': 0.050711004329199824, 'gamma': 0.8127761253806869, 'num_boost_rounds': 20}. Best is trial 245 with value: 0.017549.
2025-01-02 12:48:15 INFO     Trial 378 pruned. Trial was pruned at iteration 0.
2025-01-02 12:48:16 INFO     Trial 379 pruned. Trial was pruned at iteration 0.
2025-01-02 12:48:16 INFO     Trial 380 pruned. Trial was pruned at iteration 1.
2025-01-02 12:48:16 INFO     Trial 381 pruned. Trial was pruned at iteration 1.
2025-01-02 12:48:17 INFO     n_estimators: 10
2025-01-02 12:48:17 INFO     Trial 382 finished with value: 0.016876 and parameters: {'max_delta_step': 11.425598253146992, 'colsample_bytree': 0.9003287065266886, 'subsample': 0.774278223506215, 'min_child_weight': 14.77694560204419, 'min_data_in_leaf': 16.933823363006848, 'lambda': 0.5521680621159011, 'alpha': 6.5322478701025135, 'max_depth': 5, 'eta': 0.033111408887222867, 'gamma': 2.1100627349004113, 'num_boost_rounds': 25}. Best is trial 245 with value: 0.017549.
2025-01-02 12:48:17 INFO     Trial 383 pruned. Trial was pruned at iteration 0.
2025-01-02 12:48:18 INFO     n_estimators: 10
2025-01-02 12:48:18 INFO     Trial 384 finished with value: 0.016978 and parameters: {'max_delta_step': 28.052979290780243, 'colsample_bytree': 0.9484272598037528, 'subsample': 0.7599363974052799, 'min_child_weight': 16.656431627665494, 'min_data_in_leaf': 14.488288267711654, 'lambda': 0.3137022151762853, 'alpha': 1.0328590629687109, 'max_depth': 5, 'eta': 0.021834749306967854, 'gamma': 1.9077855039023897, 'num_boost_rounds': 30}. Best is trial 245 with value: 0.017549.
2025-01-02 12:48:18 INFO     Trial 385 pruned. Trial was pruned at iteration 2.
2025-01-02 12:48:19 INFO     Trial 386 pruned. Trial was pruned at iteration 2.
2025-01-02 12:48:19 INFO     Trial 387 pruned. Trial was pruned at iteration 0.
2025-01-02 12:48:20 INFO     Trial 388 pruned. Trial was pruned at iteration 0.
2025-01-02 12:48:20 INFO     Trial 389 pruned. Trial was pruned at iteration 0.
2025-01-02 12:48:20 INFO     Trial 390 pruned. Trial was pruned at iteration 0.
2025-01-02 12:48:21 INFO     Trial 391 pruned. Trial was pruned at iteration 0.
2025-01-02 12:48:21 INFO     Trial 392 pruned. Trial was pruned at iteration 1.
2025-01-02 12:48:22 INFO     n_estimators: 10
2025-01-02 12:48:22 INFO     Trial 393 finished with value: 0.017 and parameters: {'max_delta_step': 24.874721235117814, 'colsample_bytree': 0.9096404207388284, 'subsample': 0.7476742407729833, 'min_child_weight': 16.532878391129444, 'min_data_in_leaf': 16.2247693474945, 'lambda': 0.43027906678172834, 'alpha': 7.506322774341252, 'max_depth': 5, 'eta': 0.02173412451132979, 'gamma': 4.01387653080337, 'num_boost_rounds': 185}. Best is trial 245 with value: 0.017549.
2025-01-02 12:48:22 INFO     Trial 394 pruned. Trial was pruned at iteration 0.
2025-01-02 12:48:23 INFO     n_estimators: 10
2025-01-02 12:48:23 INFO     Trial 395 finished with value: 0.017299 and parameters: {'max_delta_step': 19.94292758145467, 'colsample_bytree': 0.9208166972491635, 'subsample': 0.7621021721423364, 'min_child_weight': 14.001719756557918, 'min_data_in_leaf': 13.924252799700229, 'lambda': 1.2895604836162171, 'alpha': 8.128927725747614, 'max_depth': 5, 'eta': 0.030019783867572206, 'gamma': 1.2234454020524839, 'num_boost_rounds': 35}. Best is trial 245 with value: 0.017549.
2025-01-02 12:48:23 INFO     Trial 396 pruned. Trial was pruned at iteration 1.
2025-01-02 12:48:24 INFO     n_estimators: 10
2025-01-02 12:48:24 INFO     Trial 397 finished with value: 0.017299 and parameters: {'max_delta_step': 29.135805536852587, 'colsample_bytree': 0.9019443643408233, 'subsample': 0.7985006964370062, 'min_child_weight': 11.679083619208111, 'min_data_in_leaf': 14.835238438316022, 'lambda': 0.3330831259118391, 'alpha': 8.335994416712328, 'max_depth': 5, 'eta': 0.024746700351078694, 'gamma': 2.3026971707561623, 'num_boost_rounds': 45}. Best is trial 245 with value: 0.017549.
2025-01-02 12:48:24 INFO     n_estimators: 10
