2025-01-02 13:16:49 INFO     Trial 875 finished with value: 0.017088 and parameters: {'max_delta_step': 16.82802484961697, 'colsample_bytree': 0.5288824663811282, 'colsample_bynode': 0.29970878857529726, 'subsample': 0.8918810277487194, 'min_child_weight': 94.367502552732, 'min_data_in_leaf': 19.144370902611254, 'lambda': 3.481768960646782, 'alpha': 8.35301908837134, 'max_depth': 1, 'eta': 0.19096243843860475, 'gamma': 7.644601764372311, 'num_boost_rounds': 100}. Best is trial 186 with value: 0.017241.
2025-01-02 13:16:49 INFO     n_estimators: 10
2025-01-02 13:16:49 INFO     Trial 876 finished with value: 0.017241 and parameters: {'max_delta_step': 19.403006657971265, 'colsample_bytree': 0.508227155277587, 'colsample_bynode': 0.43003050703374984, 'subsample': 0.8733378241758762, 'min_child_weight': 91.54520122994865, 'min_data_in_leaf': 21.26912257416577, 'lambda': 2.945360021818135, 'alpha': 7.1430307000203275, 'max_depth': 1, 'eta': 0.19993135620378782, 'gamma': 8.834464169434343, 'num_boost_rounds': 175}. Best is trial 186 with value: 0.017241.
2025-01-02 13:16:50 INFO     Trial 877 pruned. Trial was pruned at iteration 0.
2025-01-02 13:16:50 INFO     Trial 878 pruned. Trial was pruned at iteration 5.
2025-01-02 13:16:51 INFO     Trial 879 pruned. Trial was pruned at iteration 5.
2025-01-02 13:16:52 INFO     n_estimators: 10
2025-01-02 13:16:52 INFO     Trial 880 finished with value: 0.017088 and parameters: {'max_delta_step': 6.938784503955311, 'colsample_bytree': 0.5487919588284698, 'colsample_bynode': 0.205185284302002, 'subsample': 0.8837727406671777, 'min_child_weight': 83.33966382791996, 'min_data_in_leaf': 18.723750805116254, 'lambda': 6.463079702870813, 'alpha': 9.968620746795875, 'max_depth': 1, 'eta': 0.189635820914859, 'gamma': 8.155794932318074, 'num_boost_rounds': 170}. Best is trial 186 with value: 0.017241.
2025-01-02 13:16:52 INFO     n_estimators: 10
2025-01-02 13:16:52 INFO     Trial 881 finished with value: 0.017143 and parameters: {'max_delta_step': 20.409412930996673, 'colsample_bytree': 0.5252265636708474, 'colsample_bynode': 0.4034423081509849, 'subsample': 0.8655722259527593, 'min_child_weight': 96.60127967712924, 'min_data_in_leaf': 20.72300218554777, 'lambda': 2.76405832195396, 'alpha': 6.896769774527278, 'max_depth': 1, 'eta': 0.19676646630796657, 'gamma': 8.481557164689322, 'num_boost_rounds': 190}. Best is trial 186 with value: 0.017241.
2025-01-02 13:16:53 INFO     n_estimators: 10
2025-01-02 13:16:53 INFO     Trial 882 finished with value: 0.017143 and parameters: {'max_delta_step': 24.522055030197162, 'colsample_bytree': 0.5181586548928778, 'colsample_bynode': 0.35209209653166884, 'subsample': 0.8778861062630461, 'min_child_weight': 80.85943311865384, 'min_data_in_leaf': 19.078213886546873, 'lambda': 4.4605457556183765, 'alpha': 7.680857069486257, 'max_depth': 1, 'eta': 0.19988780311889365, 'gamma': 8.95876208778339, 'num_boost_rounds': 195}. Best is trial 186 with value: 0.017241.
2025-01-02 13:16:54 INFO     n_estimators: 10
2025-01-02 13:16:54 INFO     Trial 883 finished with value: 0.017088 and parameters: {'max_delta_step': 16.91101403894765, 'colsample_bytree': 0.5350490638018728, 'colsample_bynode': 0.3852816488543798, 'subsample': 0.9101885334344907, 'min_child_weight': 90.43794969223865, 'min_data_in_leaf': 20.373740323596998, 'lambda': 3.0940560876871634, 'alpha': 7.389408394094334, 'max_depth': 1, 'eta': 0.19620712272813257, 'gamma': 6.944125039033412, 'num_boost_rounds': 185}. Best is trial 186 with value: 0.017241.
2025-01-02 13:16:54 INFO     Trial 884 pruned. Trial was pruned at iteration 0.
2025-01-02 13:16:55 INFO     n_estimators: 10
2025-01-02 13:16:55 INFO     Trial 885 finished with value: 0.017143 and parameters: {'max_delta_step': 16.006972655844635, 'colsample_bytree': 0.5645692666503349, 'colsample_bynode': 0.4362803881272013, 'subsample': 0.8661201658195002, 'min_child_weight': 92.92592896427108, 'min_data_in_leaf': 19.475403245057276, 'lambda': 3.8700313198799687, 'alpha': 8.005194523254778, 'max_depth': 1, 'eta': 0.1999331588980493, 'gamma': 8.282289764507349, 'num_boost_rounds': 180}. Best is trial 186 with value: 0.017241.
2025-01-02 13:16:55 INFO     Trial 886 pruned. Trial was pruned at iteration 5.
2025-01-02 13:16:56 INFO     n_estimators: 10
2025-01-02 13:16:56 INFO     Trial 887 finished with value: 0.017143 and parameters: {'max_delta_step': 28.8411698195966, 'colsample_bytree': 0.5284140184071389, 'colsample_bynode': 0.32840086617206643, 'subsample': 0.7219344553970464, 'min_child_weight': 84.6857895261234, 'min_data_in_leaf': 18.505240254878025, 'lambda': 3.1475755928804623, 'alpha': 7.5728862555252485, 'max_depth': 1, 'eta': 0.19997220790294215, 'gamma': 8.616082926681255, 'num_boost_rounds': 190}. Best is trial 186 with value: 0.017241.
2025-01-02 13:16:57 INFO     Trial 888 pruned. Trial was pruned at iteration 5.
2025-01-02 13:16:57 INFO     Trial 889 pruned. Trial was pruned at iteration 0.
2025-01-02 13:16:58 INFO     n_estimators: 10
2025-01-02 13:16:58 INFO     Trial 890 finished with value: 0.017143 and parameters: {'max_delta_step': 13.944506992902735, 'colsample_bytree': 0.5587998311273997, 'colsample_bynode': 0.47034297487559174, 'subsample': 0.8745816624036016, 'min_child_weight': 95.36257015179744, 'min_data_in_leaf': 18.945700025628152, 'lambda': 3.3318211677249128, 'alpha': 7.385854757217722, 'max_depth': 1, 'eta': 0.1934606024186516, 'gamma': 8.10786128659651, 'num_boost_rounds': 195}. Best is trial 186 with value: 0.017241.
2025-01-02 13:16:59 INFO     n_estimators: 10
2025-01-02 13:16:59 INFO     Trial 891 finished with value: 0.017088 and parameters: {'max_delta_step': 20.451261430190144, 'colsample_bytree': 0.5506093491029087, 'colsample_bynode': 0.5161812375127759, 'subsample': 0.9013187398153334, 'min_child_weight': 64.71382603240822, 'min_data_in_leaf': 19.399513829481375, 'lambda': 2.094542569516149, 'alpha': 9.257888294005262, 'max_depth': 1, 'eta': 0.18685695589020843, 'gamma': 8.791448773341738, 'num_boost_rounds': 190}. Best is trial 186 with value: 0.017241.
2025-01-02 13:16:59 INFO     n_estimators: 10
2025-01-02 13:16:59 INFO     Trial 892 finished with value: 0.017143 and parameters: {'max_delta_step': 18.50856545976751, 'colsample_bytree': 0.5328671404973684, 'colsample_bynode': 0.3912520765020863, 'subsample': 0.8555308496649993, 'min_child_weight': 88.54193873659833, 'min_data_in_leaf': 20.289816245311652, 'lambda': 2.8566985323396543, 'alpha': 7.6880094166025055, 'max_depth': 1, 'eta': 0.1963679357245791, 'gamma': 8.369784155170361, 'num_boost_rounds': 70}. Best is trial 186 with value: 0.017241.
2025-01-02 13:17:00 INFO     n_estimators: 10
2025-01-02 13:17:00 INFO     Trial 893 finished with value: 0.017088 and parameters: {'max_delta_step': 51.99910391213048, 'colsample_bytree': 0.5096838398815758, 'colsample_bynode': 0.426829328913217, 'subsample': 0.8900191548071441, 'min_child_weight': 98.40390224372166, 'min_data_in_leaf': 17.44458886201926, 'lambda': 3.0520938189905236, 'alpha': 7.18673259050146, 'max_depth': 1, 'eta': 0.1936060011768384, 'gamma': 8.604208228980335, 'num_boost_rounds': 140}. Best is trial 186 with value: 0.017241.
2025-01-02 13:17:01 INFO     n_estimators: 10
2025-01-02 13:17:01 INFO     Trial 894 finished with value: 0.017143 and parameters: {'max_delta_step': 11.393880151287007, 'colsample_bytree': 0.5436393395469206, 'colsample_bynode': 0.4382468871269813, 'subsample': 0.8765060148725374, 'min_child_weight': 83.46102458135358, 'min_data_in_leaf': 20.851668184578173, 'lambda': 3.6363913052181074, 'alpha': 8.18066962583599, 'max_depth': 1, 'eta': 0.1964184267229738, 'gamma': 1.6890795572296744, 'num_boost_rounds': 175}. Best is trial 186 with value: 0.017241.
2025-01-02 13:17:01 INFO     n_estimators: 10
2025-01-02 13:17:01 INFO     Trial 895 finished with value: 0.017143 and parameters: {'max_delta_step': 25.217809527646164, 'colsample_bytree': 0.5246276903732311, 'colsample_bynode': 0.4109764556497808, 'subsample': 0.8629770750743233, 'min_child_weight': 85.74314138522958, 'min_data_in_leaf': 19.88697781193652, 'lambda': 3.2464537360424317, 'alpha': 7.91080866452866, 'max_depth': 1, 'eta': 0.19056718047783558, 'gamma': 8.86249112487385, 'num_boost_rounds': 185}. Best is trial 186 with value: 0.017241.
2025-01-02 13:17:02 INFO     Trial 896 pruned. Trial was pruned at iteration 5.
2025-01-02 13:17:03 INFO     Trial 897 pruned. Trial was pruned at iteration 9.
2025-01-02 13:17:03 INFO     Trial 898 pruned. Trial was pruned at iteration 0.
2025-01-02 13:17:03 INFO     Trial 899 pruned. Trial was pruned at iteration 0.
2025-01-02 13:17:04 INFO     n_estimators: 10
2025-01-02 13:17:04 INFO     Trial 900 finished with value: 0.017139 and parameters: {'max_delta_step': 23.21253790765833, 'colsample_bytree': 0.520843689206705, 'colsample_bynode': 0.44239661851426104, 'subsample': 0.6792496212268483, 'min_child_weight': 81.97515466412851, 'min_data_in_leaf': 21.18321065557632, 'lambda': 3.0985649667808386, 'alpha': 7.4912486055965735, 'max_depth': 1, 'eta': 0.1900301518855358, 'gamma': 9.214584678345988, 'num_boost_rounds': 190}. Best is trial 186 with value: 0.017241.
2025-01-02 13:17:05 INFO     n_estimators: 10
2025-01-02 13:17:05 INFO     Trial 901 finished with value: 0.017143 and parameters: {'max_delta_step': 35.25496331344408, 'colsample_bytree': 0.5319300099891922, 'colsample_bynode': 0.41759419765718364, 'subsample': 0.8715157437150122, 'min_child_weight': 88.95801068810499, 'min_data_in_leaf': 19.577797952344767, 'lambda': 3.6808044385652594, 'alpha': 6.911340538471292, 'max_depth': 1, 'eta': 0.1934952709141762, 'gamma': 7.855274984777596, 'num_boost_rounds': 185}. Best is trial 186 with value: 0.017241.
2025-01-02 13:17:06 INFO     Trial 902 pruned. Trial was pruned at iteration 9.
2025-01-02 13:17:06 INFO     n_estimators: 10
2025-01-02 13:17:06 INFO     Trial 903 finished with value: 0.017143 and parameters: {'max_delta_step': 19.836596590209776, 'colsample_bytree': 0.5487403180671636, 'colsample_bynode': 0.4690794578752894, 'subsample': 0.8609096271647091, 'min_child_weight': 84.21198746503015, 'min_data_in_leaf': 18.819747765426563, 'lambda': 4.031188520517059, 'alpha': 7.7663015994079005, 'max_depth': 1, 'eta': 0.18865659681905883, 'gamma': 8.883779265904897, 'num_boost_rounds': 175}. Best is trial 186 with value: 0.017241.
2025-01-02 13:17:07 INFO     Trial 904 pruned. Trial was pruned at iteration 5.
2025-01-02 13:17:07 INFO     Trial 905 pruned. Trial was pruned at iteration 9.
2025-01-02 13:17:08 INFO     n_estimators: 10
2025-01-02 13:17:08 INFO     Trial 906 finished with value: 0.017143 and parameters: {'max_delta_step': 21.631146803791303, 'colsample_bytree': 0.5003832259004047, 'colsample_bynode': 0.6042918553617235, 'subsample': 0.8692088079369233, 'min_child_weight': 89.65560527447758, 'min_data_in_leaf': 21.849904673579182, 'lambda': 3.2195770833474797, 'alpha': 7.078916281148872, 'max_depth': 1, 'eta': 0.1962689162435599, 'gamma': 8.630821169719209, 'num_boost_rounds': 190}. Best is trial 186 with value: 0.017241.
2025-01-02 13:17:09 INFO     n_estimators: 10
2025-01-02 13:17:09 INFO     Trial 907 finished with value: 0.017241 and parameters: {'max_delta_step': 19.664371310138446, 'colsample_bytree': 0.5402299397340109, 'colsample_bynode': 0.4194096205415804, 'subsample': 0.8461849314649807, 'min_child_weight': 94.1822359152055, 'min_data_in_leaf': 20.21894647643309, 'lambda': 2.272937738350592, 'alpha': 7.627659644424646, 'max_depth': 1, 'eta': 0.19973784446197385, 'gamma': 8.114383977794617, 'num_boost_rounds': 170}. Best is trial 186 with value: 0.017241.
2025-01-02 13:17:10 INFO     Trial 908 pruned. Trial was pruned at iteration 9.
2025-01-02 13:17:10 INFO     n_estimators: 10
2025-01-02 13:17:10 INFO     Trial 909 finished with value: 0.017143 and parameters: {'max_delta_step': 16.5936793432105, 'colsample_bytree': 0.5153770874046427, 'colsample_bynode': 0.4341994414142133, 'subsample': 0.871474487009964, 'min_child_weight': 92.25655809140028, 'min_data_in_leaf': 19.097485771316176, 'lambda': 2.5282979762796645, 'alpha': 6.704285529539469, 'max_depth': 1, 'eta': 0.1967519553186822, 'gamma': 9.060888986499307, 'num_boost_rounds': 195}. Best is trial 186 with value: 0.017241.
2025-01-02 13:17:11 INFO     Trial 910 pruned. Trial was pruned at iteration 5.
2025-01-02 13:17:11 INFO     Trial 911 pruned. Trial was pruned at iteration 5.
2025-01-02 13:17:12 INFO     n_estimators: 10
2025-01-02 13:17:12 INFO     Trial 912 finished with value: 0.017241 and parameters: {'max_delta_step': 26.554050873919003, 'colsample_bytree': 0.5347967712320499, 'colsample_bynode': 0.44287271115478744, 'subsample': 0.8802601001775512, 'min_child_weight': 62.74998210802361, 'min_data_in_leaf': 18.41248258417312, 'lambda': 2.71398034979068, 'alpha': 7.447335026511782, 'max_depth': 1, 'eta': 0.19996000295711594, 'gamma': 7.1553637216417, 'num_boost_rounds': 180}. Best is trial 186 with value: 0.017241.
2025-01-02 13:17:13 INFO     Trial 913 pruned. Trial was pruned at iteration 9.
2025-01-02 13:17:14 INFO     n_estimators: 10
2025-01-02 13:17:14 INFO     Trial 914 finished with value: 0.017143 and parameters: {'max_delta_step': 15.523374287882147, 'colsample_bytree': 0.5662850519696666, 'colsample_bynode': 0.31551768015612414, 'subsample': 0.8624292082218672, 'min_child_weight': 82.48934728129156, 'min_data_in_leaf': 18.75571135680728, 'lambda': 2.9179437024820887, 'alpha': 8.570299983222911, 'max_depth': 1, 'eta': 0.19358014981243002, 'gamma': 8.876718344162548, 'num_boost_rounds': 185}. Best is trial 186 with value: 0.017241.
2025-01-02 13:17:14 INFO     n_estimators: 10
2025-01-02 13:17:14 INFO     Trial 915 finished with value: 0.017241 and parameters: {'max_delta_step': 12.62312570642176, 'colsample_bytree': 0.5501366478560912, 'colsample_bynode': 0.3698944050796495, 'subsample': 0.8877279509042907, 'min_child_weight': 88.56525185461867, 'min_data_in_leaf': 19.976186188582513, 'lambda': 3.7765939267591553, 'alpha': 7.20082086286777, 'max_depth': 1, 'eta': 0.19980659120913477, 'gamma': 8.291828674547068, 'num_boost_rounds': 175}. Best is trial 186 with value: 0.017241.
2025-01-02 13:17:15 INFO     Trial 916 pruned. Trial was pruned at iteration 5.
2025-01-02 13:17:15 INFO     Trial 917 pruned. Trial was pruned at iteration 9.
2025-01-02 13:17:16 INFO     n_estimators: 10
2025-01-02 13:17:16 INFO     Trial 918 finished with value: 0.017137 and parameters: {'max_delta_step': 23.343462803508807, 'colsample_bytree': 0.525984775210751, 'colsample_bynode': 0.4069736585814046, 'subsample': 0.5058733950780787, 'min_child_weight': 84.09343231234986, 'min_data_in_leaf': 20.661661739307927, 'lambda': 2.411510669538468, 'alpha': 7.361044278330809, 'max_depth': 1, 'eta': 0.1957974313903191, 'gamma': 8.729162719344655, 'num_boost_rounds': 185}. Best is trial 186 with value: 0.017241.
2025-01-02 13:17:17 INFO     Trial 919 pruned. Trial was pruned at iteration 9.
2025-01-02 13:17:18 INFO     Trial 920 pruned. Trial was pruned at iteration 9.
2025-01-02 13:17:18 INFO     n_estimators: 10
2025-01-02 13:17:18 INFO     Trial 921 finished with value: 0.017143 and parameters: {'max_delta_step': 18.498529737040908, 'colsample_bytree': 0.5101603740093105, 'colsample_bynode': 0.3860750499436774, 'subsample': 0.8632555121233897, 'min_child_weight': 85.05451392937532, 'min_data_in_leaf': 14.379284099574207, 'lambda': 3.2671921238383277, 'alpha': 8.86828990917161, 'max_depth': 1, 'eta': 0.19623003177006657, 'gamma': 6.0968945375957695, 'num_boost_rounds': 160}. Best is trial 186 with value: 0.017241.
2025-01-02 13:17:19 INFO     Trial 922 pruned. Trial was pruned at iteration 9.
2025-01-02 13:17:20 INFO     n_estimators: 10
2025-01-02 13:17:20 INFO     Trial 923 finished with value: 0.017143 and parameters: {'max_delta_step': 16.371398910679236, 'colsample_bytree': 0.5607289541253314, 'colsample_bynode': 0.412694684452828, 'subsample': 0.8720211009042229, 'min_child_weight': 89.1146171846827, 'min_data_in_leaf': 19.657462674702156, 'lambda': 3.439164396989322, 'alpha': 9.498863140558653, 'max_depth': 1, 'eta': 0.19630973512081865, 'gamma': 8.149551101267654, 'num_boost_rounds': 185}. Best is trial 186 with value: 0.017241.
2025-01-02 13:17:20 INFO     Trial 924 pruned. Trial was pruned at iteration 9.
2025-01-02 13:17:21 INFO     n_estimators: 10
2025-01-02 13:17:21 INFO     Trial 925 finished with value: 0.017143 and parameters: {'max_delta_step': 17.903602909575465, 'colsample_bytree': 0.5226954453873139, 'colsample_bynode': 0.42137355369780677, 'subsample': 0.8372321632742121, 'min_child_weight': 95.88612982798459, 'min_data_in_leaf': 18.15388918656905, 'lambda': 2.725995364698912, 'alpha': 7.452518389914652, 'max_depth': 1, 'eta': 0.19992981515271294, 'gamma': 8.756778499730279, 'num_boost_rounds': 180}. Best is trial 186 with value: 0.017241.
2025-01-02 13:17:22 INFO     Trial 926 pruned. Trial was pruned at iteration 5.
2025-01-02 13:17:22 INFO     Trial 927 pruned. Trial was pruned at iteration 5.
2025-01-02 13:17:23 INFO     n_estimators: 10
2025-01-02 13:17:23 INFO     Trial 928 finished with value: 0.017143 and parameters: {'max_delta_step': 21.197074971569382, 'colsample_bytree': 0.5342492808483899, 'colsample_bynode': 0.36305297306276385, 'subsample': 0.8786472137222869, 'min_child_weight': 90.3056799658193, 'min_data_in_leaf': 20.13394151406288, 'lambda': 2.932435693926735, 'alpha': 7.675564018989875, 'max_depth': 1, 'eta': 0.1961815633263255, 'gamma': 8.62968328710622, 'num_boost_rounds': 195}. Best is trial 186 with value: 0.017241.
2025-01-02 13:17:24 INFO     Trial 929 pruned. Trial was pruned at iteration 5.
2025-01-02 13:17:24 INFO     n_estimators: 10
2025-01-02 13:17:24 INFO     Trial 930 finished with value: 0.017143 and parameters: {'max_delta_step': 16.762131987446054, 'colsample_bytree': 0.5498519038809071, 'colsample_bynode': 0.42192828453095993, 'subsample': 0.8671898644166878, 'min_child_weight': 79.59959859239734, 'min_data_in_leaf': 19.574425832360273, 'lambda': 2.6131499717969824, 'alpha': 7.276682957508224, 'max_depth': 1, 'eta': 0.19303332130464593, 'gamma': 8.03593645727336, 'num_boost_rounds': 190}. Best is trial 186 with value: 0.017241.
2025-01-02 13:17:25 INFO     n_estimators: 10
2025-01-02 13:17:25 INFO     Trial 931 finished with value: 0.017241 and parameters: {'max_delta_step': 19.07879526474185, 'colsample_bytree': 0.5142262515165182, 'colsample_bynode': 0.3968817171967825, 'subsample': 0.84859015676401, 'min_child_weight': 84.09062782768102, 'min_data_in_leaf': 18.831143669866925, 'lambda': 4.299194752878243, 'alpha': 7.803493771517924, 'max_depth': 1, 'eta': 0.19999416226038885, 'gamma': 8.857281040257094, 'num_boost_rounds': 185}. Best is trial 186 with value: 0.017241.
2025-01-02 13:17:26 INFO     Trial 932 pruned. Trial was pruned at iteration 9.
2025-01-02 13:17:26 INFO     Trial 933 pruned. Trial was pruned at iteration 5.
2025-01-02 13:17:27 INFO     Trial 934 pruned. Trial was pruned at iteration 0.
2025-01-02 13:17:27 INFO     n_estimators: 10
2025-01-02 13:17:27 INFO     Trial 935 finished with value: 0.017241 and parameters: {'max_delta_step': 17.748166338449128, 'colsample_bytree': 0.5529028913705283, 'colsample_bynode': 0.4110374124963433, 'subsample': 0.8730981602788456, 'min_child_weight': 92.1066973537965, 'min_data_in_leaf': 17.390262995254112, 'lambda': 2.880545634595724, 'alpha': 7.308813664621366, 'max_depth': 1, 'eta': 0.1999742226503028, 'gamma': 3.1230203391132685, 'num_boost_rounds': 180}. Best is trial 186 with value: 0.017241.
2025-01-02 13:17:28 INFO     Trial 936 pruned. Trial was pruned at iteration 0.
2025-01-02 13:17:29 INFO     Trial 937 pruned. Trial was pruned at iteration 9.
2025-01-02 13:17:29 INFO     Trial 938 pruned. Trial was pruned at iteration 9.
2025-01-02 13:17:30 INFO     Trial 939 pruned. Trial was pruned at iteration 9.
2025-01-02 13:17:31 INFO     Trial 940 pruned. Trial was pruned at iteration 5.
2025-01-02 13:17:31 INFO     n_estimators: 10
2025-01-02 13:17:31 INFO     Trial 941 finished with value: 0.017143 and parameters: {'max_delta_step': 16.48916108515035, 'colsample_bytree': 0.5469204391943865, 'colsample_bynode': 0.28791964270236275, 'subsample': 0.8671303155403681, 'min_child_weight': 99.84976381130447, 'min_data_in_leaf': 19.04251981321756, 'lambda': 5.000892914704658, 'alpha': 8.092714049196516, 'max_depth': 1, 'eta': 0.19997615375750172, 'gamma': 8.650297192609251, 'num_boost_rounds': 175}. Best is trial 186 with value: 0.017241.
2025-01-02 13:17:32 INFO     Trial 942 pruned. Trial was pruned at iteration 5.
2025-01-02 13:17:33 INFO     Trial 943 pruned. Trial was pruned at iteration 9.
2025-01-02 13:17:33 INFO     Trial 944 pruned. Trial was pruned at iteration 5.
2025-01-02 13:17:34 INFO     Trial 945 pruned. Trial was pruned at iteration 9.
2025-01-02 13:17:35 INFO     Trial 946 pruned. Trial was pruned at iteration 9.
2025-01-02 13:17:35 INFO     Trial 947 pruned. Trial was pruned at iteration 9.
2025-01-02 13:17:36 INFO     n_estimators: 10
2025-01-02 13:17:36 INFO     Trial 948 finished with value: 0.017241 and parameters: {'max_delta_step': 16.16871106388475, 'colsample_bytree': 0.5348256631279267, 'colsample_bynode': 0.41752882169993233, 'subsample': 0.8847553874809428, 'min_child_weight': 94.84283776357584, 'min_data_in_leaf': 28.970797558026575, 'lambda': 5.717845452801855, 'alpha': 8.396049953330342, 'max_depth': 1, 'eta': 0.1998649224041578, 'gamma': 7.92294378701632, 'num_boost_rounds': 95}. Best is trial 186 with value: 0.017241.
2025-01-02 13:17:37 INFO     n_estimators: 10
