2025-01-02 22:23:13 INFO     Trial 1645 finished with value: 0.018126 and parameters: {'max_delta_step': 69.18417020725678, 'colsample_bytree': 0.8820247958459081, 'subsample': 0.8057612661614835, 'min_child_weight': 19.38143591593763, 'min_data_in_leaf': 17.741390256055762, 'lambda': 4.351360857014816, 'alpha': 5.565567481926959, 'max_depth': 5, 'eta': 0.00020587480468270585, 'gamma': 4.012756988624263, 'num_boost_rounds': 180}. Best is trial 988 with value: 0.018126.
2025-01-02 22:23:14 INFO     Trial 1646 finished with value: 0.016724 and parameters: {'max_delta_step': 63.26678247626246, 'colsample_bytree': 0.880007616083077, 'subsample': 0.8012239776226123, 'min_child_weight': 17.885094557227866, 'min_data_in_leaf': 18.08916762065697, 'lambda': 4.216576647200507, 'alpha': 5.6244226985347, 'max_depth': 5, 'eta': 0.013702893122690369, 'gamma': 4.016549614138304, 'num_boost_rounds': 180}. Best is trial 988 with value: 0.018126.
2025-01-02 22:23:14 INFO     Trial 1647 pruned. Trial was pruned at iteration 0.
2025-01-02 22:23:15 INFO     Trial 1648 finished with value: 0.016479 and parameters: {'max_delta_step': 66.0986406191536, 'colsample_bytree': 0.8792352955545671, 'subsample': 0.8055160536827627, 'min_child_weight': 19.48943801950611, 'min_data_in_leaf': 17.770202415203784, 'lambda': 4.505935161519851, 'alpha': 5.967217996359408, 'max_depth': 5, 'eta': 0.01755408653455323, 'gamma': 3.8482650836694865, 'num_boost_rounds': 185}. Best is trial 988 with value: 0.018126.
2025-01-02 22:23:16 INFO     Trial 1649 pruned. Trial was pruned at iteration 1.
2025-01-02 22:23:16 INFO     Trial 1650 finished with value: 0.017866 and parameters: {'max_delta_step': 62.735881586972425, 'colsample_bytree': 0.8804228422553108, 'subsample': 0.8113620384569163, 'min_child_weight': 19.458092425885884, 'min_data_in_leaf': 17.897620493990395, 'lambda': 3.9200407351862196, 'alpha': 5.549626277253914, 'max_depth': 5, 'eta': 0.008269239187527248, 'gamma': 4.1047639844514245, 'num_boost_rounds': 180}. Best is trial 988 with value: 0.018126.
2025-01-02 22:23:17 INFO     Trial 1651 pruned. Trial was pruned at iteration 0.
2025-01-02 22:23:18 INFO     Trial 1652 finished with value: 0.016793 and parameters: {'max_delta_step': 69.72450701154501, 'colsample_bytree': 0.8944484210983439, 'subsample': 0.8027896847541265, 'min_child_weight': 14.119697464169882, 'min_data_in_leaf': 18.99692272542319, 'lambda': 3.8833155117778664, 'alpha': 5.7025898866280444, 'max_depth': 5, 'eta': 0.00023778532331556666, 'gamma': 4.068379963660463, 'num_boost_rounds': 180}. Best is trial 988 with value: 0.018126.
2025-01-02 22:23:19 INFO     Trial 1653 finished with value: 0.016724 and parameters: {'max_delta_step': 67.5439111803746, 'colsample_bytree': 0.8874971895506766, 'subsample': 0.8177470395968642, 'min_child_weight': 19.089106029272646, 'min_data_in_leaf': 17.43595853214898, 'lambda': 4.3014207091940495, 'alpha': 5.5092621993031194, 'max_depth': 5, 'eta': 0.0116342055415296, 'gamma': 4.253847200434634, 'num_boost_rounds': 180}. Best is trial 988 with value: 0.018126.
2025-01-02 22:23:19 INFO     Trial 1654 pruned. Trial was pruned at iteration 1.
2025-01-02 22:23:20 INFO     Trial 1655 finished with value: 0.01684 and parameters: {'max_delta_step': 70.98045786026256, 'colsample_bytree': 0.9016374467150473, 'subsample': 0.8166457961836123, 'min_child_weight': 19.855127991712365, 'min_data_in_leaf': 17.549482051891236, 'lambda': 4.578364496426309, 'alpha': 5.835056816219193, 'max_depth': 5, 'eta': 0.005292081613291236, 'gamma': 4.188363457611246, 'num_boost_rounds': 175}. Best is trial 988 with value: 0.018126.
2025-01-02 22:23:21 INFO     Trial 1656 finished with value: 0.017979 and parameters: {'max_delta_step': 69.68347124810992, 'colsample_bytree': 0.8861930649310656, 'subsample': 0.8115540975763416, 'min_child_weight': 17.363148868517055, 'min_data_in_leaf': 18.44101636343312, 'lambda': 4.9024743033995, 'alpha': 5.488304456613227, 'max_depth': 5, 'eta': 0.00012598813873988037, 'gamma': 3.8966781634198453, 'num_boost_rounds': 175}. Best is trial 988 with value: 0.018126.
2025-01-02 22:23:22 INFO     Trial 1657 finished with value: 0.016724 and parameters: {'max_delta_step': 69.17913721342529, 'colsample_bytree': 0.9092717966780067, 'subsample': 0.8194491345295377, 'min_child_weight': 20.01309531657867, 'min_data_in_leaf': 17.273926904360138, 'lambda': 4.233431164814393, 'alpha': 5.673853311557629, 'max_depth': 5, 'eta': 0.01069050610633255, 'gamma': 4.2871414346650365, 'num_boost_rounds': 185}. Best is trial 988 with value: 0.018126.
2025-01-02 22:23:23 INFO     Trial 1658 finished with value: 0.016796 and parameters: {'max_delta_step': 65.67337269587372, 'colsample_bytree': 0.8932090967760264, 'subsample': 0.806785589911822, 'min_child_weight': 16.779304467834354, 'min_data_in_leaf': 17.585160222006387, 'lambda': 4.094083660505764, 'alpha': 5.9517013142184245, 'max_depth': 5, 'eta': 0.005978528439802564, 'gamma': 4.071314275346936, 'num_boost_rounds': 180}. Best is trial 988 with value: 0.018126.
2025-01-02 22:23:24 INFO     Trial 1659 pruned. Trial was pruned at iteration 1.
2025-01-02 22:23:25 INFO     Trial 1660 finished with value: 0.01684 and parameters: {'max_delta_step': 70.92737815557443, 'colsample_bytree': 0.8841684580566304, 'subsample': 0.8215299093615025, 'min_child_weight': 12.879855797835969, 'min_data_in_leaf': 17.42002880620748, 'lambda': 4.705563093852922, 'alpha': 5.875153352042248, 'max_depth': 5, 'eta': 0.005292236191219647, 'gamma': 3.9169668664871127, 'num_boost_rounds': 175}. Best is trial 988 with value: 0.018126.
2025-01-02 22:23:26 INFO     Trial 1661 finished with value: 0.018022 and parameters: {'max_delta_step': 69.31504587198192, 'colsample_bytree': 0.9008758997083022, 'subsample': 0.8205782221964567, 'min_child_weight': 19.78194769743437, 'min_data_in_leaf': 18.338188623837095, 'lambda': 4.37731376436891, 'alpha': 5.636107274654924, 'max_depth': 5, 'eta': 0.0001601709819341124, 'gamma': 4.364145919034546, 'num_boost_rounds': 180}. Best is trial 988 with value: 0.018126.
2025-01-02 22:23:27 INFO     Trial 1662 pruned. Trial was pruned at iteration 1.
2025-01-02 22:23:28 INFO     Trial 1663 finished with value: 0.016724 and parameters: {'max_delta_step': 62.3035042562356, 'colsample_bytree': 0.9107551998791995, 'subsample': 0.8227338477211296, 'min_child_weight': 18.0372387841644, 'min_data_in_leaf': 17.105342769369134, 'lambda': 4.551521288236304, 'alpha': 6.230948158777095, 'max_depth': 5, 'eta': 0.015024298036558036, 'gamma': 4.1148363322173225, 'num_boost_rounds': 170}. Best is trial 988 with value: 0.018126.
2025-01-02 22:23:28 INFO     Trial 1664 finished with value: 0.016833 and parameters: {'max_delta_step': 66.96687554268539, 'colsample_bytree': 0.8942575824903968, 'subsample': 0.8087856930131885, 'min_child_weight': 20.272416898008636, 'min_data_in_leaf': 18.14935559762641, 'lambda': 4.027757243772909, 'alpha': 5.733932203844501, 'max_depth': 5, 'eta': 0.010017589830017121, 'gamma': 4.327162913670677, 'num_boost_rounds': 170}. Best is trial 988 with value: 0.018126.
2025-01-02 22:23:29 INFO     Trial 1665 pruned. Trial was pruned at iteration 1.
2025-01-02 22:23:30 INFO     Trial 1666 pruned. Trial was pruned at iteration 2.
2025-01-02 22:23:30 INFO     Trial 1667 pruned. Trial was pruned at iteration 1.
2025-01-02 22:23:31 INFO     Trial 1668 pruned. Trial was pruned at iteration 1.
2025-01-02 22:23:32 INFO     Trial 1669 finished with value: 0.018022 and parameters: {'max_delta_step': 69.22348624094913, 'colsample_bytree': 0.9108187866717705, 'subsample': 0.8216841761118417, 'min_child_weight': 17.534616892374803, 'min_data_in_leaf': 16.898980506336976, 'lambda': 4.812091836016146, 'alpha': 5.790622731857341, 'max_depth': 5, 'eta': 0.0001845324863491522, 'gamma': 4.200031478295063, 'num_boost_rounds': 185}. Best is trial 988 with value: 0.018126.
2025-01-02 22:23:32 INFO     Trial 1670 finished with value: 0.016833 and parameters: {'max_delta_step': 71.63446865362066, 'colsample_bytree': 0.8720148305952702, 'subsample': 0.8226262670841096, 'min_child_weight': 20.591928684222808, 'min_data_in_leaf': 17.07680709238471, 'lambda': 4.415648856940902, 'alpha': 5.985196841001634, 'max_depth': 5, 'eta': 0.010312533054925582, 'gamma': 3.8474247058180566, 'num_boost_rounds': 175}. Best is trial 988 with value: 0.018126.
2025-01-02 22:23:33 INFO     Trial 1671 finished with value: 0.017979 and parameters: {'max_delta_step': 65.74493104195018, 'colsample_bytree': 0.8964533566113874, 'subsample': 0.8117068605653968, 'min_child_weight': 18.472514970467817, 'min_data_in_leaf': 16.789819887772655, 'lambda': 4.355011902322491, 'alpha': 5.681911985479234, 'max_depth': 5, 'eta': 0.000189099553194585, 'gamma': 4.354389712888093, 'num_boost_rounds': 170}. Best is trial 988 with value: 0.018126.
2025-01-02 22:23:34 INFO     Trial 1672 finished with value: 0.01684 and parameters: {'max_delta_step': 64.56826469850887, 'colsample_bytree': 0.8854333534673728, 'subsample': 0.8255090007897994, 'min_child_weight': 15.658265385602046, 'min_data_in_leaf': 18.718282279689557, 'lambda': 4.692521773397437, 'alpha': 5.345382350656965, 'max_depth': 5, 'eta': 0.0059165840772890015, 'gamma': 4.030096600842022, 'num_boost_rounds': 175}. Best is trial 988 with value: 0.018126.
2025-01-02 22:23:35 INFO     Trial 1673 pruned. Trial was pruned at iteration 1.
2025-01-02 22:23:36 INFO     Trial 1674 finished with value: 0.016833 and parameters: {'max_delta_step': 68.60580309484504, 'colsample_bytree': 0.881166991870435, 'subsample': 0.8169637750404226, 'min_child_weight': 20.537421358614896, 'min_data_in_leaf': 16.586071547425558, 'lambda': 4.626257001575421, 'alpha': 5.565439425893736, 'max_depth': 5, 'eta': 0.005623777735351989, 'gamma': 3.8737367998715735, 'num_boost_rounds': 180}. Best is trial 988 with value: 0.018126.
2025-01-02 22:23:37 INFO     Trial 1675 finished with value: 0.016724 and parameters: {'max_delta_step': 70.72801698970956, 'colsample_bytree': 0.8948893648553085, 'subsample': 0.8269347572688939, 'min_child_weight': 13.534755191194192, 'min_data_in_leaf': 18.12189926250696, 'lambda': 3.8200079089954864, 'alpha': 5.911179953602818, 'max_depth': 5, 'eta': 0.010684779490037072, 'gamma': 4.126529450331647, 'num_boost_rounds': 185}. Best is trial 988 with value: 0.018126.
2025-01-02 22:23:37 INFO     Trial 1676 pruned. Trial was pruned at iteration 2.
2025-01-02 22:23:39 INFO     Trial 1677 finished with value: 0.016565 and parameters: {'max_delta_step': 63.66676413895612, 'colsample_bytree': 0.9151744780047425, 'subsample': 0.8257079747422171, 'min_child_weight': 17.83572748414259, 'min_data_in_leaf': 16.70160841503526, 'lambda': 4.518023494807601, 'alpha': 5.6960978164847385, 'max_depth': 5, 'eta': 0.02416494187319092, 'gamma': 3.7990566535607897, 'num_boost_rounds': 175}. Best is trial 988 with value: 0.018126.
2025-01-02 22:23:40 INFO     Trial 1678 finished with value: 0.018015 and parameters: {'max_delta_step': 68.17153850776293, 'colsample_bytree': 0.8866064557896698, 'subsample': 0.8112392145260043, 'min_child_weight': 20.827113490682002, 'min_data_in_leaf': 16.56146642661779, 'lambda': 3.9988024226150807, 'alpha': 5.271539900094609, 'max_depth': 5, 'eta': 0.005663157647294153, 'gamma': 4.356720223667582, 'num_boost_rounds': 65}. Best is trial 988 with value: 0.018126.
2025-01-02 22:23:41 INFO     Trial 1679 pruned. Trial was pruned at iteration 1.
2025-01-02 22:23:41 INFO     Trial 1680 pruned. Trial was pruned at iteration 0.
2025-01-02 22:23:42 INFO     Trial 1681 finished with value: 0.016681 and parameters: {'max_delta_step': 72.74450849844457, 'colsample_bytree': 0.8908364479631529, 'subsample': 0.8067458155474478, 'min_child_weight': 19.162407856271997, 'min_data_in_leaf': 16.464437106070413, 'lambda': 4.178486417050157, 'alpha': 5.913029431909247, 'max_depth': 5, 'eta': 0.010873179086194283, 'gamma': 4.311465369609488, 'num_boost_rounds': 175}. Best is trial 988 with value: 0.018126.
2025-01-02 22:23:43 INFO     Trial 1682 pruned. Trial was pruned at iteration 0.
2025-01-02 22:23:43 INFO     Trial 1683 finished with value: 0.016587 and parameters: {'max_delta_step': 66.54646425529938, 'colsample_bytree': 0.8809765487256771, 'subsample': 0.815604827851347, 'min_child_weight': 21.013616675635237, 'min_data_in_leaf': 18.280418362781237, 'lambda': 5.033556040976579, 'alpha': 5.417102400362544, 'max_depth': 5, 'eta': 0.013756170696289014, 'gamma': 4.106052459626544, 'num_boost_rounds': 170}. Best is trial 988 with value: 0.018126.
2025-01-02 22:23:44 INFO     Trial 1684 finished with value: 0.018022 and parameters: {'max_delta_step': 72.3396200016944, 'colsample_bytree': 0.9091929578480575, 'subsample': 0.8280693334606258, 'min_child_weight': 21.277891887858647, 'min_data_in_leaf': 16.56731686406691, 'lambda': 4.432214292690046, 'alpha': 5.263563387009146, 'max_depth': 5, 'eta': 0.005337271808494805, 'gamma': 4.466645616024869, 'num_boost_rounds': 175}. Best is trial 988 with value: 0.018126.
2025-01-02 22:23:45 INFO     Trial 1685 pruned. Trial was pruned at iteration 1.
2025-01-02 22:23:46 INFO     Trial 1686 finished with value: 0.016724 and parameters: {'max_delta_step': 68.08503017791658, 'colsample_bytree': 0.8739636921895636, 'subsample': 0.8195101618577653, 'min_child_weight': 14.520425299233334, 'min_data_in_leaf': 17.654469126318663, 'lambda': 4.11581880348561, 'alpha': 6.053085236031433, 'max_depth': 5, 'eta': 0.010313266664604661, 'gamma': 4.159266841567962, 'num_boost_rounds': 180}. Best is trial 988 with value: 0.018126.
2025-01-02 22:23:47 INFO     Trial 1687 finished with value: 0.018015 and parameters: {'max_delta_step': 70.07269309786805, 'colsample_bytree': 0.8894361328121524, 'subsample': 0.8072305900314631, 'min_child_weight': 21.308988178026745, 'min_data_in_leaf': 16.313306021180985, 'lambda': 4.187871511752448, 'alpha': 6.399695332934543, 'max_depth': 5, 'eta': 0.005264821422512112, 'gamma': 3.9243791753470734, 'num_boost_rounds': 170}. Best is trial 988 with value: 0.018126.
2025-01-02 22:23:47 INFO     Trial 1688 pruned. Trial was pruned at iteration 1.
2025-01-02 22:23:48 INFO     Trial 1689 finished with value: 0.017979 and parameters: {'max_delta_step': 66.44853504254465, 'colsample_bytree': 0.9148255840591611, 'subsample': 0.8172529236138514, 'min_child_weight': 16.825499708014988, 'min_data_in_leaf': 17.136084097205, 'lambda': 4.941450831847575, 'alpha': 5.7570499997356395, 'max_depth': 5, 'eta': 0.0003786821658391861, 'gamma': 4.428534521934624, 'num_boost_rounds': 180}. Best is trial 988 with value: 0.018126.
2025-01-02 22:23:49 INFO     Trial 1690 finished with value: 0.016833 and parameters: {'max_delta_step': 71.47414705957685, 'colsample_bytree': 0.8997355434653912, 'subsample': 0.8001078275917131, 'min_child_weight': 20.228308333252286, 'min_data_in_leaf': 16.504260553594047, 'lambda': 4.642921230487042, 'alpha': 5.280800499575983, 'max_depth': 5, 'eta': 0.013062119894762603, 'gamma': 3.739745760776259, 'num_boost_rounds': 170}. Best is trial 988 with value: 0.018126.
2025-01-02 22:23:50 INFO     Trial 1691 pruned. Trial was pruned at iteration 1.
2025-01-02 22:23:50 INFO     Trial 1692 finished with value: 0.016479 and parameters: {'max_delta_step': 12.992611771878892, 'colsample_bytree': 0.8928624610280794, 'subsample': 0.8113685147957952, 'min_child_weight': 15.977051370513951, 'min_data_in_leaf': 16.37567201453303, 'lambda': 3.8033071759912076, 'alpha': 5.55254630179204, 'max_depth': 5, 'eta': 0.02340578169148557, 'gamma': 4.081492515794209, 'num_boost_rounds': 185}. Best is trial 988 with value: 0.018126.
2025-01-02 22:23:51 INFO     Trial 1693 finished with value: 0.018022 and parameters: {'max_delta_step': 72.61962845868901, 'colsample_bytree': 0.8831307683099597, 'subsample': 0.8189062977595902, 'min_child_weight': 17.60939944915485, 'min_data_in_leaf': 17.978442645259797, 'lambda': 4.5960734894033415, 'alpha': 5.744374038084458, 'max_depth': 5, 'eta': 0.00020829545396372942, 'gamma': 4.505341617339422, 'num_boost_rounds': 170}. Best is trial 988 with value: 0.018126.
2025-01-02 22:23:52 INFO     Trial 1694 pruned. Trial was pruned at iteration 1.
2025-01-02 22:23:53 INFO     Trial 1695 finished with value: 0.018126 and parameters: {'max_delta_step': 73.47365867458575, 'colsample_bytree': 0.8692487922286983, 'subsample': 0.8061482498294017, 'min_child_weight': 21.554985512930916, 'min_data_in_leaf': 17.065160568499582, 'lambda': 4.577027431979458, 'alpha': 6.124743439069081, 'max_depth': 5, 'eta': 0.00026271817255165986, 'gamma': 4.450124932988496, 'num_boost_rounds': 180}. Best is trial 988 with value: 0.018126.
2025-01-02 22:23:53 INFO     Trial 1696 pruned. Trial was pruned at iteration 1.
2025-01-02 22:23:54 INFO     Trial 1697 pruned. Trial was pruned at iteration 1.
2025-01-02 22:23:55 INFO     Trial 1698 finished with value: 0.016833 and parameters: {'max_delta_step': 69.63160844078146, 'colsample_bytree': 0.8656637438441904, 'subsample': 0.8054259837341544, 'min_child_weight': 21.272373442262253, 'min_data_in_leaf': 17.258270342949842, 'lambda': 4.447369869161977, 'alpha': 6.184687885633221, 'max_depth': 5, 'eta': 0.006014481638903841, 'gamma': 4.289736640608886, 'num_boost_rounds': 180}. Best is trial 988 with value: 0.018126.
2025-01-02 22:23:57 INFO     Trial 1699 finished with value: 0.016724 and parameters: {'max_delta_step': 73.18590149088578, 'colsample_bytree': 0.8695950764935293, 'subsample': 0.8020191749470587, 'min_child_weight': 19.729998169286294, 'min_data_in_leaf': 16.965625653189118, 'lambda': 4.328312905667137, 'alpha': 6.334564154616679, 'max_depth': 5, 'eta': 0.017646476595153286, 'gamma': 4.253526780056309, 'num_boost_rounds': 180}. Best is trial 988 with value: 0.018126.
2025-01-02 22:23:57 INFO     Trial 1700 pruned. Trial was pruned at iteration 1.
2025-01-02 22:23:58 INFO     Trial 1701 pruned. Trial was pruned at iteration 0.
2025-01-02 22:23:58 INFO     Trial 1702 pruned. Trial was pruned at iteration 1.
2025-01-02 22:23:59 INFO     Trial 1703 pruned. Trial was pruned at iteration 1.
2025-01-02 22:24:00 INFO     Trial 1704 finished with value: 0.017979 and parameters: {'max_delta_step': 71.48145883271732, 'colsample_bytree': 0.8945092891757591, 'subsample': 0.8128669432107177, 'min_child_weight': 17.299019321970874, 'min_data_in_leaf': 18.298587232703614, 'lambda': 3.9634643815928876, 'alpha': 6.02783646754883, 'max_depth': 5, 'eta': 0.00019339662168510897, 'gamma': 3.906543570354318, 'num_boost_rounds': 180}. Best is trial 988 with value: 0.018126.
2025-01-02 22:24:00 INFO     Trial 1705 pruned. Trial was pruned at iteration 0.
2025-01-02 22:24:01 INFO     Trial 1706 pruned. Trial was pruned at iteration 1.
2025-01-02 22:24:02 INFO     Trial 1707 finished with value: 0.016479 and parameters: {'max_delta_step': 72.77848921232886, 'colsample_bytree': 0.8643853812045236, 'subsample': 0.8159079544207105, 'min_child_weight': 19.315502933327213, 'min_data_in_leaf': 16.721294468616172, 'lambda': 4.034259085279943, 'alpha': 6.286908480636523, 'max_depth': 5, 'eta': 0.015164915321492414, 'gamma': 4.172790813360333, 'num_boost_rounds': 180}. Best is trial 988 with value: 0.018126.
2025-01-02 22:24:03 INFO     Trial 1708 finished with value: 0.01684 and parameters: {'max_delta_step': 65.92895814327031, 'colsample_bytree': 0.8749430038823083, 'subsample': 0.8211323917896909, 'min_child_weight': 20.216623679774273, 'min_data_in_leaf': 17.3778002903443, 'lambda': 5.064097506375916, 'alpha': 6.476695998139984, 'max_depth': 5, 'eta': 0.007882688034087627, 'gamma': 3.94704045327519, 'num_boost_rounds': 185}. Best is trial 988 with value: 0.018126.
2025-01-02 22:24:03 INFO     Trial 1709 finished with value: 0.016833 and parameters: {'max_delta_step': 70.71127091163221, 'colsample_bytree': 0.887243092601984, 'subsample': 0.8039510849393491, 'min_child_weight': 21.885377050011005, 'min_data_in_leaf': 16.417080062296222, 'lambda': 4.538208828831911, 'alpha': 6.00499322876592, 'max_depth': 5, 'eta': 0.0056648692134198195, 'gamma': 4.469508074803935, 'num_boost_rounds': 175}. Best is trial 988 with value: 0.018126.
2025-01-02 22:24:04 INFO     Trial 1710 pruned. Trial was pruned at iteration 1.
2025-01-02 22:24:05 INFO     Trial 1711 finished with value: 0.01684 and parameters: {'max_delta_step': 73.80196943602996, 'colsample_bytree': 0.89997434299547, 'subsample': 0.8214814840572158, 'min_child_weight': 17.859024474583, 'min_data_in_leaf': 16.2567360816248, 'lambda': 4.296477998763371, 'alpha': 5.8877022248994955, 'max_depth': 5, 'eta': 0.005362941951258751, 'gamma': 4.153602750375968, 'num_boost_rounds': 175}. Best is trial 988 with value: 0.018126.
2025-01-02 22:24:05 INFO     Trial 1712 pruned. Trial was pruned at iteration 2.
2025-01-02 22:24:06 INFO     Trial 1713 finished with value: 0.018126 and parameters: {'max_delta_step': 73.83816030049573, 'colsample_bytree': 0.8776389909973404, 'subsample': 0.806504132801948, 'min_child_weight': 22.05295582872943, 'min_data_in_leaf': 18.088300371552222, 'lambda': 4.355813290155658, 'alpha': 6.50390675178482, 'max_depth': 5, 'eta': 0.0002193348385042663, 'gamma': 4.23955933331507, 'num_boost_rounds': 180}. Best is trial 988 with value: 0.018126.
2025-01-02 22:24:07 INFO     Trial 1714 pruned. Trial was pruned at iteration 1.
2025-01-02 22:24:07 INFO     Trial 1715 pruned. Trial was pruned at iteration 1.
2025-01-02 22:24:08 INFO     Trial 1716 finished with value: 0.016833 and parameters: {'max_delta_step': 73.80351066838647, 'colsample_bytree': 0.9037530411282627, 'subsample': 0.8072033327489261, 'min_child_weight': 21.766369925313843, 'min_data_in_leaf': 18.613027469019915, 'lambda': 4.069376724038617, 'alpha': 6.491235401967283, 'max_depth': 5, 'eta': 0.00619471999314436, 'gamma': 4.272571506548039, 'num_boost_rounds': 180}. Best is trial 988 with value: 0.018126.
2025-01-02 22:24:09 INFO     Trial 1717 pruned. Trial was pruned at iteration 0.
