2025-01-02 17:37:46 INFO     Trial 100 finished with value: 0.006164 and parameters: {'max_delta_step': 86.58603348601133, 'colsample_bytree': 0.5621192574303436, 'subsample': 0.6288579751449419, 'min_child_weight': 57.29538544305655, 'min_data_in_leaf': 22.297631951518177, 'lambda': 1.5173400555585643, 'alpha': 4.40840077689944, 'max_depth': 1, 'eta': 0.2235283982750919, 'gamma': 7.249127326388448, 'num_boost_rounds': 135}. Best is trial 73 with value: 0.017159.
2025-01-02 17:37:47 INFO     Trial 101 finished with value: 0.017151 and parameters: {'max_delta_step': 78.25478358247574, 'colsample_bytree': 0.5049983797810544, 'subsample': 0.6720888738219335, 'min_child_weight': 35.143228631745146, 'min_data_in_leaf': 20.56995578135551, 'lambda': 0.864996416074854, 'alpha': 5.333900092012829, 'max_depth': 1, 'eta': 0.20907069123160338, 'gamma': 6.270645735534308, 'num_boost_rounds': 25}. Best is trial 73 with value: 0.017159.
2025-01-02 17:37:48 INFO     Trial 102 finished with value: 0.017137 and parameters: {'max_delta_step': 84.86954135549689, 'colsample_bytree': 0.5092251203453863, 'subsample': 0.7082986504441183, 'min_child_weight': 44.2697828432749, 'min_data_in_leaf': 25.724659908404135, 'lambda': 0.2711609415484433, 'alpha': 5.592253053578491, 'max_depth': 1, 'eta': 0.20243971569526906, 'gamma': 5.750281561945089, 'num_boost_rounds': 30}. Best is trial 73 with value: 0.017159.
2025-01-02 17:37:48 INFO     Trial 103 finished with value: 0.006138 and parameters: {'max_delta_step': 81.79487766401377, 'colsample_bytree': 0.5432369334379474, 'subsample': 0.6692505513625984, 'min_child_weight': 39.65670811579602, 'min_data_in_leaf': 23.032692532728646, 'lambda': 0.6569789170920632, 'alpha': 6.279220000082145, 'max_depth': 1, 'eta': 0.2123527029938091, 'gamma': 6.616044248485396, 'num_boost_rounds': 20}. Best is trial 73 with value: 0.017159.
2025-01-02 17:37:49 INFO     Trial 104 finished with value: 0.017159 and parameters: {'max_delta_step': 93.74569820047485, 'colsample_bytree': 0.5256354549659323, 'subsample': 0.6086160541871095, 'min_child_weight': 50.22319579013723, 'min_data_in_leaf': 24.71587067597257, 'lambda': 1.0319221810299497, 'alpha': 4.704748285322021, 'max_depth': 1, 'eta': 0.20606725931537279, 'gamma': 6.906903746448086, 'num_boost_rounds': 35}. Best is trial 73 with value: 0.017159.
2025-01-02 17:37:49 INFO     Trial 105 finished with value: 0.006078 and parameters: {'max_delta_step': 93.7371419249758, 'colsample_bytree': 0.519994955520102, 'subsample': 0.6465418240249861, 'min_child_weight': 53.32834436929309, 'min_data_in_leaf': 19.435881387912058, 'lambda': 1.2499031676049788, 'alpha': 4.7948822464944, 'max_depth': 1, 'eta': 0.21833074509683165, 'gamma': 6.906047589614825, 'num_boost_rounds': 40}. Best is trial 73 with value: 0.017159.
2025-01-02 17:37:50 INFO     Trial 106 pruned. Trial was pruned at iteration 5.
2025-01-02 17:37:50 INFO     Trial 107 pruned. Trial was pruned at iteration 0.
2025-01-02 17:37:51 INFO     Trial 108 pruned. Trial was pruned at iteration 0.
2025-01-02 17:37:51 INFO     Trial 109 pruned. Trial was pruned at iteration 0.
2025-01-02 17:37:52 INFO     Trial 110 pruned. Trial was pruned at iteration 5.
2025-01-02 17:37:52 INFO     Trial 111 finished with value: 0.017155 and parameters: {'max_delta_step': 90.49388182223475, 'colsample_bytree': 0.5095739028786755, 'subsample': 0.6591972827493724, 'min_child_weight': 45.689001731018315, 'min_data_in_leaf': 24.853653927119463, 'lambda': 0.17689600336010508, 'alpha': 5.256017714915591, 'max_depth': 1, 'eta': 0.21093919670432468, 'gamma': 6.49586471888427, 'num_boost_rounds': 25}. Best is trial 73 with value: 0.017159.
2025-01-02 17:37:53 INFO     Trial 112 finished with value: 0.006078 and parameters: {'max_delta_step': 90.47866248469342, 'colsample_bytree': 0.5107232606441028, 'subsample': 0.6110709548404406, 'min_child_weight': 45.16626929773387, 'min_data_in_leaf': 24.799615248196925, 'lambda': 0.20969396006075192, 'alpha': 4.960216984337143, 'max_depth': 1, 'eta': 0.22336542734191386, 'gamma': 7.399366986406238, 'num_boost_rounds': 15}. Best is trial 73 with value: 0.017159.
2025-01-02 17:37:53 INFO     Trial 113 finished with value: 0.017155 and parameters: {'max_delta_step': 97.91578951444424, 'colsample_bytree': 0.5452205843166018, 'subsample': 0.6587502968828312, 'min_child_weight': 43.220769277118606, 'min_data_in_leaf': 26.36851505960808, 'lambda': 0.5604459503665438, 'alpha': 5.220802517534919, 'max_depth': 1, 'eta': 0.21049330958849188, 'gamma': 6.522676193726725, 'num_boost_rounds': 25}. Best is trial 73 with value: 0.017159.
2025-01-02 17:37:54 INFO     Trial 114 pruned. Trial was pruned at iteration 6.
2025-01-02 17:37:55 INFO     Trial 115 finished with value: 0.006164 and parameters: {'max_delta_step': 96.0212883179545, 'colsample_bytree': 0.5235711154713446, 'subsample': 0.6871176520284393, 'min_child_weight': 40.639751762385366, 'min_data_in_leaf': 22.903866775119717, 'lambda': 1.1750924012518484, 'alpha': 4.248663157009517, 'max_depth': 1, 'eta': 0.22934329810817194, 'gamma': 6.742604598635969, 'num_boost_rounds': 10}. Best is trial 73 with value: 0.017159.
2025-01-02 17:37:55 INFO     Trial 116 pruned. Trial was pruned at iteration 0.
2025-01-02 17:37:55 INFO     Trial 117 finished with value: 0.017159 and parameters: {'max_delta_step': 81.60782895975595, 'colsample_bytree': 0.5594362350201402, 'subsample': 0.6236785283678268, 'min_child_weight': 55.11798144326019, 'min_data_in_leaf': 17.65911727405236, 'lambda': 1.372767763927337, 'alpha': 6.740654417020925, 'max_depth': 1, 'eta': 0.21335903536551798, 'gamma': 6.990537829965278, 'num_boost_rounds': 25}. Best is trial 73 with value: 0.017159.
2025-01-02 17:37:56 INFO     Trial 118 pruned. Trial was pruned at iteration 5.
2025-01-02 17:37:57 INFO     Trial 119 finished with value: 0.007982 and parameters: {'max_delta_step': 72.7442644370567, 'colsample_bytree': 0.5601359274651613, 'subsample': 0.6010757519385499, 'min_child_weight': 57.74340575628763, 'min_data_in_leaf': 19.177104399878193, 'lambda': 1.6103954386726222, 'alpha': 6.781291183416353, 'max_depth': 1, 'eta': 0.2374139838756973, 'gamma': 7.467762474126387, 'num_boost_rounds': 15}. Best is trial 73 with value: 0.017159.
2025-01-02 17:37:57 INFO     Trial 120 pruned. Trial was pruned at iteration 5.
2025-01-02 17:37:58 INFO     Trial 121 finished with value: 0.017155 and parameters: {'max_delta_step': 87.90406450727136, 'colsample_bytree': 0.5311781163180344, 'subsample': 0.639301561820085, 'min_child_weight': 54.62715918596636, 'min_data_in_leaf': 25.086012430614634, 'lambda': 0.3601768194101175, 'alpha': 5.768609026394996, 'max_depth': 1, 'eta': 0.21101339107628775, 'gamma': 6.924584161619048, 'num_boost_rounds': 25}. Best is trial 73 with value: 0.017159.
2025-01-02 17:37:58 INFO     Trial 122 finished with value: 0.017155 and parameters: {'max_delta_step': 90.35884044825937, 'colsample_bytree': 0.5001377264916577, 'subsample': 0.6572282654450574, 'min_child_weight': 45.62451163228734, 'min_data_in_leaf': 21.234638231088397, 'lambda': 1.0480807403744397, 'alpha': 6.979201465570555, 'max_depth': 1, 'eta': 0.20600010587299544, 'gamma': 6.3883299027587235, 'num_boost_rounds': 10}. Best is trial 73 with value: 0.017159.
2025-01-02 17:37:59 INFO     Trial 123 pruned. Trial was pruned at iteration 5.
2025-01-02 17:37:59 INFO     Trial 124 pruned. Trial was pruned at iteration 6.
2025-01-02 17:38:00 INFO     Trial 125 finished with value: 0.006078 and parameters: {'max_delta_step': 94.67522640223225, 'colsample_bytree': 0.5653223568945475, 'subsample': 0.6669835159115933, 'min_child_weight': 46.39587029740579, 'min_data_in_leaf': 23.349668518392285, 'lambda': 0.019014634061220975, 'alpha': 5.3916967390540345, 'max_depth': 1, 'eta': 0.21712027326475022, 'gamma': 6.491064740840968, 'num_boost_rounds': 20}. Best is trial 73 with value: 0.017159.
2025-01-02 17:38:01 INFO     Trial 126 finished with value: 0.006078 and parameters: {'max_delta_step': 99.83411432917893, 'colsample_bytree': 0.5456246529751113, 'subsample': 0.6345282147029897, 'min_child_weight': 35.93596553948381, 'min_data_in_leaf': 26.79018272490825, 'lambda': 1.3064333553973222, 'alpha': 7.246109674608945, 'max_depth': 1, 'eta': 0.22472234809980937, 'gamma': 6.17267014913324, 'num_boost_rounds': 10}. Best is trial 73 with value: 0.017159.
2025-01-02 17:38:01 INFO     Trial 127 finished with value: 0.017155 and parameters: {'max_delta_step': 88.05395899010423, 'colsample_bytree': 0.5278344968872597, 'subsample': 0.6791235084066778, 'min_child_weight': 43.53543416245081, 'min_data_in_leaf': 20.8217519250408, 'lambda': 0.822943099980715, 'alpha': 5.0044778212218075, 'max_depth': 1, 'eta': 0.20747900619596946, 'gamma': 8.106094090284781, 'num_boost_rounds': 30}. Best is trial 73 with value: 0.017159.
2025-01-02 17:38:02 INFO     Trial 128 pruned. Trial was pruned at iteration 5.
2025-01-02 17:38:02 INFO     Trial 129 pruned. Trial was pruned at iteration 0.
2025-01-02 17:38:03 INFO     Trial 130 pruned. Trial was pruned at iteration 5.
2025-01-02 17:38:03 INFO     Trial 131 finished with value: 0.017155 and parameters: {'max_delta_step': 97.64275943923168, 'colsample_bytree': 0.548404077708281, 'subsample': 0.6586046574019095, 'min_child_weight': 42.47499084984952, 'min_data_in_leaf': 26.6439035131386, 'lambda': 0.5811743725915534, 'alpha': 5.542760779876097, 'max_depth': 1, 'eta': 0.21078649717487477, 'gamma': 6.450989744579635, 'num_boost_rounds': 110}. Best is trial 73 with value: 0.017159.
2025-01-02 17:38:04 INFO     Trial 132 finished with value: 0.017155 and parameters: {'max_delta_step': 97.93549713826313, 'colsample_bytree': 0.5243013726024943, 'subsample': 0.6430130281236257, 'min_child_weight': 43.842390654616054, 'min_data_in_leaf': 25.969778675864127, 'lambda': 0.4855096709266974, 'alpha': 5.155729921864709, 'max_depth': 1, 'eta': 0.21141583492705687, 'gamma': 6.663204037211128, 'num_boost_rounds': 25}. Best is trial 73 with value: 0.017159.
2025-01-02 17:38:04 INFO     Trial 133 finished with value: 0.006164 and parameters: {'max_delta_step': 95.85177826739424, 'colsample_bytree': 0.5586564763601392, 'subsample': 0.6642625145860572, 'min_child_weight': 38.86438884857459, 'min_data_in_leaf': 26.4455106666311, 'lambda': 0.7131801063963435, 'alpha': 4.078068326014867, 'max_depth': 1, 'eta': 0.2307372416020115, 'gamma': 5.862261916392888, 'num_boost_rounds': 25}. Best is trial 73 with value: 0.017159.
2025-01-02 17:38:05 INFO     Trial 134 pruned. Trial was pruned at iteration 6.
2025-01-02 17:38:05 INFO     Trial 135 pruned. Trial was pruned at iteration 5.
2025-01-02 17:38:06 INFO     Trial 136 pruned. Trial was pruned at iteration 0.
2025-01-02 17:38:06 INFO     Trial 137 finished with value: 0.017159 and parameters: {'max_delta_step': 81.64437411959818, 'colsample_bytree': 0.5451064857970651, 'subsample': 0.611518484184108, 'min_child_weight': 46.35011609292363, 'min_data_in_leaf': 27.196628253819554, 'lambda': 0.3213376365260134, 'alpha': 5.206902697433005, 'max_depth': 1, 'eta': 0.2045897056531304, 'gamma': 7.398304786931747, 'num_boost_rounds': 10}. Best is trial 73 with value: 0.017159.
2025-01-02 17:38:07 INFO     Trial 138 pruned. Trial was pruned at iteration 0.
2025-01-02 17:38:07 INFO     Trial 139 finished with value: 0.006078 and parameters: {'max_delta_step': 78.93457355414469, 'colsample_bytree': 0.5249209596945686, 'subsample': 0.6085613990812994, 'min_child_weight': 55.484782047642476, 'min_data_in_leaf': 27.221496185484185, 'lambda': 0.276484001530518, 'alpha': 4.323540038649782, 'max_depth': 1, 'eta': 0.22202208562227865, 'gamma': 7.331365276200291, 'num_boost_rounds': 15}. Best is trial 73 with value: 0.017159.
2025-01-02 17:38:08 INFO     Trial 140 pruned. Trial was pruned at iteration 5.
2025-01-02 17:38:09 INFO     Trial 141 finished with value: 0.017137 and parameters: {'max_delta_step': 90.0173603274504, 'colsample_bytree': 0.5444259984058707, 'subsample': 0.6729243110866798, 'min_child_weight': 42.806050761182185, 'min_data_in_leaf': 27.673470693745234, 'lambda': 0.5818719332310767, 'alpha': 5.250504689042618, 'max_depth': 1, 'eta': 0.20133515733648324, 'gamma': 6.788462270131288, 'num_boost_rounds': 20}. Best is trial 73 with value: 0.017159.
2025-01-02 17:38:09 INFO     Trial 142 finished with value: 0.017155 and parameters: {'max_delta_step': 76.88004253172697, 'colsample_bytree': 0.5514410365244913, 'subsample': 0.6461322631918239, 'min_child_weight': 37.278724343882445, 'min_data_in_leaf': 27.12468857586675, 'lambda': 0.7820121203032682, 'alpha': 5.679370766412525, 'max_depth': 1, 'eta': 0.21156841290277872, 'gamma': 6.20807802311821, 'num_boost_rounds': 25}. Best is trial 73 with value: 0.017159.
2025-01-02 17:38:10 INFO     Trial 143 finished with value: 0.017155 and parameters: {'max_delta_step': 96.08092167596706, 'colsample_bytree': 0.5332752097015943, 'subsample': 0.6587570102638944, 'min_child_weight': 46.3724259930171, 'min_data_in_leaf': 25.52628607191574, 'lambda': 0.0005744881991602835, 'alpha': 4.586819153374306, 'max_depth': 1, 'eta': 0.20690649284048895, 'gamma': 7.089736733732917, 'num_boost_rounds': 10}. Best is trial 73 with value: 0.017159.
2025-01-02 17:38:10 INFO     Trial 144 pruned. Trial was pruned at iteration 9.
2025-01-02 17:38:11 INFO     Trial 145 pruned. Trial was pruned at iteration 9.
2025-01-02 17:38:12 INFO     Trial 146 finished with value: 0.017139 and parameters: {'max_delta_step': 91.5749519097506, 'colsample_bytree': 0.5656932609976555, 'subsample': 0.5983939374529866, 'min_child_weight': 44.239265603517595, 'min_data_in_leaf': 19.67556990694765, 'lambda': 0.44317489210953587, 'alpha': 4.7529569630286606, 'max_depth': 1, 'eta': 0.20273463512132806, 'gamma': 7.286562070348614, 'num_boost_rounds': 25}. Best is trial 73 with value: 0.017159.
2025-01-02 17:38:12 INFO     Trial 147 pruned. Trial was pruned at iteration 9.
2025-01-02 17:38:13 INFO     Trial 148 pruned. Trial was pruned at iteration 5.
2025-01-02 17:38:13 INFO     Trial 149 pruned. Trial was pruned at iteration 9.
2025-01-02 17:38:14 INFO     Trial 150 pruned. Trial was pruned at iteration 5.
2025-01-02 17:38:15 INFO     Trial 151 finished with value: 0.017155 and parameters: {'max_delta_step': 88.89039229145715, 'colsample_bytree': 0.5312296723528959, 'subsample': 0.6391789180140841, 'min_child_weight': 55.444229930670694, 'min_data_in_leaf': 25.19635486440069, 'lambda': 0.3364450858017465, 'alpha': 5.733138343751223, 'max_depth': 1, 'eta': 0.2113832534325256, 'gamma': 6.929677105526253, 'num_boost_rounds': 25}. Best is trial 73 with value: 0.017159.
2025-01-02 17:38:15 INFO     Trial 152 finished with value: 0.017159 and parameters: {'max_delta_step': 84.35097380835036, 'colsample_bytree': 0.5191260805565376, 'subsample': 0.6333991676627756, 'min_child_weight': 40.517943064494425, 'min_data_in_leaf': 23.964169749660517, 'lambda': 0.4501252974268713, 'alpha': 5.632475998121169, 'max_depth': 1, 'eta': 0.2088925454957506, 'gamma': 6.570783110847954, 'num_boost_rounds': 20}. Best is trial 73 with value: 0.017159.
2025-01-02 17:38:16 INFO     Trial 153 finished with value: 0.017159 and parameters: {'max_delta_step': 83.13990266361661, 'colsample_bytree': 0.5179375328405795, 'subsample': 0.6139104564117344, 'min_child_weight': 39.90760307391865, 'min_data_in_leaf': 24.05371307640398, 'lambda': 0.6705336495632536, 'alpha': 5.267232490310397, 'max_depth': 1, 'eta': 0.20633211003076643, 'gamma': 6.325002070716633, 'num_boost_rounds': 20}. Best is trial 73 with value: 0.017159.
2025-01-02 17:38:16 INFO     Trial 154 finished with value: 0.017139 and parameters: {'max_delta_step': 84.14849891820955, 'colsample_bytree': 0.518985900380692, 'subsample': 0.6148948007446501, 'min_child_weight': 39.577981631275414, 'min_data_in_leaf': 23.935095629329716, 'lambda': 0.7721328283739504, 'alpha': 4.870835686947261, 'max_depth': 1, 'eta': 0.20305099778012317, 'gamma': 6.683447285899977, 'num_boost_rounds': 20}. Best is trial 73 with value: 0.017159.
2025-01-02 17:38:17 INFO     Trial 155 pruned. Trial was pruned at iteration 9.
2025-01-02 17:38:18 INFO     Trial 156 pruned. Trial was pruned at iteration 5.
2025-01-02 17:38:18 INFO     Trial 157 pruned. Trial was pruned at iteration 6.
2025-01-02 17:38:19 INFO     Trial 158 finished with value: 0.017159 and parameters: {'max_delta_step': 82.720509824853, 'colsample_bytree': 0.5279986336096228, 'subsample': 0.6277870198234229, 'min_child_weight': 44.94208618848802, 'min_data_in_leaf': 24.544493752737555, 'lambda': 0.7816830312554748, 'alpha': 4.337132605579173, 'max_depth': 1, 'eta': 0.20582936219956915, 'gamma': 7.106209848365804, 'num_boost_rounds': 35}. Best is trial 73 with value: 0.017159.
2025-01-02 17:38:19 INFO     Trial 159 pruned. Trial was pruned at iteration 5.
2025-01-02 17:38:20 INFO     Trial 160 finished with value: 0.017159 and parameters: {'max_delta_step': 81.79047574314168, 'colsample_bytree': 0.5450813643864026, 'subsample': 0.6305409114060079, 'min_child_weight': 36.251709011224015, 'min_data_in_leaf': 23.106192513277254, 'lambda': 1.652141174968298, 'alpha': 4.378708107509857, 'max_depth': 1, 'eta': 0.20495985977404318, 'gamma': 7.172784975414581, 'num_boost_rounds': 35}. Best is trial 73 with value: 0.017159.
2025-01-02 17:38:20 INFO     Trial 161 finished with value: 0.017159 and parameters: {'max_delta_step': 81.21415420316913, 'colsample_bytree': 0.5464773020625622, 'subsample': 0.6324215912549722, 'min_child_weight': 37.524086826961074, 'min_data_in_leaf': 23.278837056624152, 'lambda': 1.6673776928981283, 'alpha': 3.98055301723272, 'max_depth': 1, 'eta': 0.20585317772279707, 'gamma': 7.664744836415747, 'num_boost_rounds': 35}. Best is trial 73 with value: 0.017159.
2025-01-02 17:38:21 INFO     Trial 162 finished with value: 0.017159 and parameters: {'max_delta_step': 81.46303663215039, 'colsample_bytree': 0.5519243694453287, 'subsample': 0.6320748777342092, 'min_child_weight': 36.29041695013582, 'min_data_in_leaf': 23.115654152119582, 'lambda': 1.7015043474557037, 'alpha': 3.6660945450714384, 'max_depth': 1, 'eta': 0.2052258880904865, 'gamma': 7.760767471836597, 'num_boost_rounds': 50}. Best is trial 73 with value: 0.017159.
2025-01-02 17:38:22 INFO     Trial 163 pruned. Trial was pruned at iteration 5.
2025-01-02 17:38:22 INFO     Trial 164 finished with value: 0.017159 and parameters: {'max_delta_step': 79.13598843428174, 'colsample_bytree': 0.5402005523121514, 'subsample': 0.631657629740132, 'min_child_weight': 37.02844264680055, 'min_data_in_leaf': 22.601857685463123, 'lambda': 1.6440113523842768, 'alpha': 2.864709678402339, 'max_depth': 1, 'eta': 0.20492252124217994, 'gamma': 7.5346936691816815, 'num_boost_rounds': 40}. Best is trial 73 with value: 0.017159.
2025-01-02 17:38:23 INFO     Trial 165 pruned. Trial was pruned at iteration 6.
2025-01-02 17:38:23 INFO     Trial 166 pruned. Trial was pruned at iteration 9.
2025-01-02 17:38:24 INFO     Trial 167 pruned. Trial was pruned at iteration 5.
2025-01-02 17:38:24 INFO     Trial 168 pruned. Trial was pruned at iteration 5.
2025-01-02 17:38:25 INFO     Trial 169 pruned. Trial was pruned at iteration 9.
2025-01-02 17:38:25 INFO     Trial 170 pruned. Trial was pruned at iteration 5.
2025-01-02 17:38:26 INFO     Trial 171 finished with value: 0.017155 and parameters: {'max_delta_step': 82.95049127650667, 'colsample_bytree': 0.5477943797115159, 'subsample': 0.6426411081954279, 'min_child_weight': 39.34855911123191, 'min_data_in_leaf': 24.53298051316289, 'lambda': 1.32634401903185, 'alpha': 4.2331791996683155, 'max_depth': 1, 'eta': 0.20592088732845107, 'gamma': 7.237117386815113, 'num_boost_rounds': 40}. Best is trial 73 with value: 0.017159.
2025-01-02 17:38:27 INFO     Trial 172 pruned. Trial was pruned at iteration 9.
2025-01-02 17:38:27 INFO     Trial 173 pruned. Trial was pruned at iteration 6.
2025-01-02 17:38:28 INFO     Trial 174 pruned. Trial was pruned at iteration 5.
2025-01-02 17:38:28 INFO     Trial 175 pruned. Trial was pruned at iteration 5.
2025-01-02 17:38:29 INFO     Trial 176 finished with value: 0.017155 and parameters: {'max_delta_step': 75.15095918662051, 'colsample_bytree': 0.5504692962751779, 'subsample': 0.6208676758372352, 'min_child_weight': 40.58629679822737, 'min_data_in_leaf': 21.887501322797107, 'lambda': 0.8290347443092121, 'alpha': 4.403816707172181, 'max_depth': 1, 'eta': 0.21273802142445356, 'gamma': 7.535584119069075, 'num_boost_rounds': 15}. Best is trial 73 with value: 0.017159.
2025-01-02 17:38:29 INFO     Trial 177 pruned. Trial was pruned at iteration 9.
2025-01-02 17:38:30 INFO     Trial 178 finished with value: 0.017159 and parameters: {'max_delta_step': 84.6033693985328, 'colsample_bytree': 0.5564871006516964, 'subsample': 0.6330645521635699, 'min_child_weight': 28.05649972869439, 'min_data_in_leaf': 23.95287281979103, 'lambda': 1.6234458558637272, 'alpha': 4.666851459693262, 'max_depth': 1, 'eta': 0.2082181828443942, 'gamma': 7.297073008373853, 'num_boost_rounds': 75}. Best is trial 73 with value: 0.017159.
2025-01-02 17:38:31 INFO     Trial 179 finished with value: 0.017159 and parameters: {'max_delta_step': 83.90582679594857, 'colsample_bytree': 0.5590695674840588, 'subsample': 0.6340428212147987, 'min_child_weight': 45.3319603612554, 'min_data_in_leaf': 24.01680087991849, 'lambda': 1.768715886488896, 'alpha': 4.02413387978863, 'max_depth': 1, 'eta': 0.20885522390685976, 'gamma': 3.5736376356973483, 'num_boost_rounds': 10}. Best is trial 73 with value: 0.017159.
2025-01-02 17:38:31 INFO     Trial 180 pruned. Trial was pruned at iteration 5.
