2025-01-02 22:16:33 INFO     Trial 1028 pruned. Trial was pruned at iteration 0.
2025-01-02 22:16:33 INFO     Trial 1029 finished with value: 0.015671 and parameters: {'max_delta_step': 78.0963654929179, 'colsample_bytree': 0.8699423256226566, 'subsample': 0.837653891087795, 'min_child_weight': 29.64451886993998, 'min_data_in_leaf': 15.644238278469636, 'lambda': 1.6204338309138655, 'alpha': 5.819859358521719, 'max_depth': 5, 'eta': 0.007407136109564957, 'gamma': 5.416850543169135, 'num_boost_rounds': 155}. Best is trial 988 with value: 0.018126.
2025-01-02 22:16:34 INFO     Trial 1030 pruned. Trial was pruned at iteration 0.
2025-01-02 22:16:34 INFO     Trial 1031 pruned. Trial was pruned at iteration 0.
2025-01-02 22:16:35 INFO     Trial 1032 pruned. Trial was pruned at iteration 0.
2025-01-02 22:16:35 INFO     Trial 1033 pruned. Trial was pruned at iteration 0.
2025-01-02 22:16:36 INFO     Trial 1034 pruned. Trial was pruned at iteration 0.
2025-01-02 22:16:36 INFO     Trial 1035 pruned. Trial was pruned at iteration 0.
2025-01-02 22:16:37 INFO     Trial 1036 pruned. Trial was pruned at iteration 0.
2025-01-02 22:16:38 INFO     Trial 1037 finished with value: 0.016927 and parameters: {'max_delta_step': 77.37367599555458, 'colsample_bytree': 0.8676477566822476, 'subsample': 0.8245371904575588, 'min_child_weight': 26.646037128818257, 'min_data_in_leaf': 13.412069112236624, 'lambda': 1.7530343475278596, 'alpha': 5.394979334323203, 'max_depth': 5, 'eta': 0.011622923450146632, 'gamma': 5.6003666890237165, 'num_boost_rounds': 180}. Best is trial 988 with value: 0.018126.
2025-01-02 22:16:38 INFO     Trial 1038 pruned. Trial was pruned at iteration 0.
2025-01-02 22:16:39 INFO     Trial 1039 pruned. Trial was pruned at iteration 0.
2025-01-02 22:16:39 INFO     Trial 1040 pruned. Trial was pruned at iteration 0.
2025-01-02 22:16:39 INFO     Trial 1041 pruned. Trial was pruned at iteration 0.
2025-01-02 22:16:40 INFO     Trial 1042 pruned. Trial was pruned at iteration 5.
2025-01-02 22:16:41 INFO     Trial 1043 finished with value: 0.018108 and parameters: {'max_delta_step': 78.83790667457254, 'colsample_bytree': 0.8778926650301178, 'subsample': 0.8233159614782797, 'min_child_weight': 25.905468926298333, 'min_data_in_leaf': 13.914678509152191, 'lambda': 1.8852215129224912, 'alpha': 5.8467102877848065, 'max_depth': 5, 'eta': 0.0009392893562623073, 'gamma': 5.487323972626063, 'num_boost_rounds': 155}. Best is trial 988 with value: 0.018126.
2025-01-02 22:16:42 INFO     Trial 1044 finished with value: 0.018108 and parameters: {'max_delta_step': 76.3734421995497, 'colsample_bytree': 0.8740801673984013, 'subsample': 0.825521653692085, 'min_child_weight': 26.291037873470874, 'min_data_in_leaf': 16.017628297598293, 'lambda': 1.6720686110052796, 'alpha': 5.861148120092268, 'max_depth': 5, 'eta': 0.006256008271261985, 'gamma': 5.4543220021135586, 'num_boost_rounds': 155}. Best is trial 988 with value: 0.018126.
2025-01-02 22:16:42 INFO     Trial 1045 pruned. Trial was pruned at iteration 0.
2025-01-02 22:16:43 INFO     Trial 1046 finished with value: 0.016927 and parameters: {'max_delta_step': 71.29320513729841, 'colsample_bytree': 0.864688619084047, 'subsample': 0.8208685289996702, 'min_child_weight': 26.262418128465686, 'min_data_in_leaf': 15.896677451188229, 'lambda': 1.6975545953530051, 'alpha': 5.620383411457845, 'max_depth': 5, 'eta': 0.006211944796243618, 'gamma': 5.5079016071203855, 'num_boost_rounds': 155}. Best is trial 988 with value: 0.018126.
2025-01-02 22:16:43 INFO     Trial 1047 pruned. Trial was pruned at iteration 0.
2025-01-02 22:16:44 INFO     Trial 1048 finished with value: 0.016011 and parameters: {'max_delta_step': 76.59639246577845, 'colsample_bytree': 0.8819712000148957, 'subsample': 0.8241359989309006, 'min_child_weight': 28.459522608453124, 'min_data_in_leaf': 15.37800942477614, 'lambda': 1.4591509794582467, 'alpha': 5.8645328727700585, 'max_depth': 5, 'eta': 0.012292793313384204, 'gamma': 5.401620318540705, 'num_boost_rounds': 160}. Best is trial 988 with value: 0.018126.
2025-01-02 22:16:45 INFO     Trial 1049 pruned. Trial was pruned at iteration 0.
2025-01-02 22:16:45 INFO     Trial 1050 finished with value: 0.018108 and parameters: {'max_delta_step': 74.9990189406058, 'colsample_bytree': 0.8740180258202983, 'subsample': 0.8232644665158494, 'min_child_weight': 26.19245350307313, 'min_data_in_leaf': 16.06165979313897, 'lambda': 1.603165745861869, 'alpha': 5.3578572125548956, 'max_depth': 5, 'eta': 0.0003319957144329122, 'gamma': 5.634332117687195, 'num_boost_rounds': 155}. Best is trial 988 with value: 0.018126.
2025-01-02 22:16:46 INFO     Trial 1051 pruned. Trial was pruned at iteration 5.
2025-01-02 22:16:46 INFO     Trial 1052 pruned. Trial was pruned at iteration 0.
2025-01-02 22:16:47 INFO     Trial 1053 pruned. Trial was pruned at iteration 0.
2025-01-02 22:16:48 INFO     Trial 1054 finished with value: 0.018015 and parameters: {'max_delta_step': 77.87102546214125, 'colsample_bytree': 0.8631313043298746, 'subsample': 0.8542549286670847, 'min_child_weight': 25.838515789264306, 'min_data_in_leaf': 14.837273527036535, 'lambda': 1.2348631280224893, 'alpha': 5.393413177444805, 'max_depth': 5, 'eta': 0.00016479428792114115, 'gamma': 4.990184382939636, 'num_boost_rounds': 155}. Best is trial 988 with value: 0.018126.
2025-01-02 22:16:48 INFO     Trial 1055 pruned. Trial was pruned at iteration 5.
2025-01-02 22:16:49 INFO     Trial 1056 pruned. Trial was pruned at iteration 0.
2025-01-02 22:16:49 INFO     Trial 1057 pruned. Trial was pruned at iteration 5.
2025-01-02 22:16:50 INFO     Trial 1058 finished with value: 0.01684 and parameters: {'max_delta_step': 77.21718433922744, 'colsample_bytree': 0.8625537883573074, 'subsample': 0.8559415469716538, 'min_child_weight': 27.891853322495276, 'min_data_in_leaf': 14.954550460955545, 'lambda': 0.8082782394587888, 'alpha': 5.0694070449089885, 'max_depth': 5, 'eta': 0.009846064298449305, 'gamma': 5.044279224921289, 'num_boost_rounds': 160}. Best is trial 988 with value: 0.018126.
2025-01-02 22:16:51 INFO     Trial 1059 pruned. Trial was pruned at iteration 0.
2025-01-02 22:16:51 INFO     Trial 1060 pruned. Trial was pruned at iteration 0.
2025-01-02 22:16:52 INFO     Trial 1061 pruned. Trial was pruned at iteration 0.
2025-01-02 22:16:52 INFO     Trial 1062 pruned. Trial was pruned at iteration 0.
2025-01-02 22:16:53 INFO     Trial 1063 pruned. Trial was pruned at iteration 0.
2025-01-02 22:16:53 INFO     Trial 1064 pruned. Trial was pruned at iteration 0.
2025-01-02 22:16:54 INFO     Trial 1065 pruned. Trial was pruned at iteration 5.
2025-01-02 22:16:54 INFO     Trial 1066 finished with value: 0.016594 and parameters: {'max_delta_step': 77.98381226605208, 'colsample_bytree': 0.8824836181729027, 'subsample': 0.8350503942194584, 'min_child_weight': 27.738826991081744, 'min_data_in_leaf': 16.28848079264404, 'lambda': 1.5629354095267447, 'alpha': 5.0371311595165515, 'max_depth': 5, 'eta': 0.016708517679006028, 'gamma': 5.463881532847014, 'num_boost_rounds': 165}. Best is trial 988 with value: 0.018126.
2025-01-02 22:16:55 INFO     Trial 1067 pruned. Trial was pruned at iteration 0.
2025-01-02 22:16:56 INFO     Trial 1068 finished with value: 0.018108 and parameters: {'max_delta_step': 76.96804969934277, 'colsample_bytree': 0.874675460453645, 'subsample': 0.8236012035967837, 'min_child_weight': 25.297150949245268, 'min_data_in_leaf': 14.556816303144124, 'lambda': 1.4481655163030724, 'alpha': 5.250524919433735, 'max_depth': 5, 'eta': 0.005186303112760592, 'gamma': 5.716125519916495, 'num_boost_rounds': 155}. Best is trial 988 with value: 0.018126.
2025-01-02 22:16:56 INFO     Trial 1069 pruned. Trial was pruned at iteration 0.
2025-01-02 22:16:57 INFO     Trial 1070 pruned. Trial was pruned at iteration 0.
2025-01-02 22:16:57 INFO     Trial 1071 finished with value: 0.015671 and parameters: {'max_delta_step': 76.87507902973, 'colsample_bytree': 0.8724591758041327, 'subsample': 0.838092970020189, 'min_child_weight': 30.249415225338666, 'min_data_in_leaf': 14.562042029087092, 'lambda': 1.116948676861783, 'alpha': 5.26006878429339, 'max_depth': 5, 'eta': 0.011289030708598696, 'gamma': 5.426359054287372, 'num_boost_rounds': 155}. Best is trial 988 with value: 0.018126.
2025-01-02 22:16:58 INFO     Trial 1072 pruned. Trial was pruned at iteration 0.
2025-01-02 22:16:59 INFO     Trial 1073 finished with value: 0.01684 and parameters: {'max_delta_step': 72.3416887867571, 'colsample_bytree': 0.8830418168178181, 'subsample': 0.8505158365627058, 'min_child_weight': 28.829739055268853, 'min_data_in_leaf': 14.713491057035881, 'lambda': 1.5045102268726822, 'alpha': 5.0013307485236815, 'max_depth': 5, 'eta': 0.00520144891030408, 'gamma': 5.746022935301612, 'num_boost_rounds': 160}. Best is trial 988 with value: 0.018126.
2025-01-02 22:16:59 INFO     Trial 1074 pruned. Trial was pruned at iteration 0.
2025-01-02 22:16:59 INFO     Trial 1075 pruned. Trial was pruned at iteration 0.
2025-01-02 22:17:00 INFO     Trial 1076 pruned. Trial was pruned at iteration 0.
2025-01-02 22:17:00 INFO     Trial 1077 pruned. Trial was pruned at iteration 0.
2025-01-02 22:17:01 INFO     Trial 1078 finished with value: 0.01778 and parameters: {'max_delta_step': 81.13504612462361, 'colsample_bytree': 0.876436754186716, 'subsample': 0.8410438036290092, 'min_child_weight': 25.584305372640625, 'min_data_in_leaf': 14.439451864713543, 'lambda': 1.618137233911339, 'alpha': 5.941121074757308, 'max_depth': 5, 'eta': 0.00017067187613539932, 'gamma': 5.201777940898967, 'num_boost_rounds': 160}. Best is trial 988 with value: 0.018126.
2025-01-02 22:17:02 INFO     Trial 1079 pruned. Trial was pruned at iteration 0.
2025-01-02 22:17:02 INFO     Trial 1080 pruned. Trial was pruned at iteration 0.
2025-01-02 22:17:03 INFO     Trial 1081 finished with value: 0.01778 and parameters: {'max_delta_step': 80.98864743075771, 'colsample_bytree': 0.8581548120147965, 'subsample': 0.8403768445687546, 'min_child_weight': 25.46351045719228, 'min_data_in_leaf': 14.911253121889873, 'lambda': 1.2638401321418005, 'alpha': 5.599425108493053, 'max_depth': 5, 'eta': 0.0060630642201327245, 'gamma': 5.140697654963867, 'num_boost_rounds': 165}. Best is trial 988 with value: 0.018126.
2025-01-02 22:17:03 INFO     Trial 1082 pruned. Trial was pruned at iteration 0.
2025-01-02 22:17:04 INFO     Trial 1083 pruned. Trial was pruned at iteration 0.
2025-01-02 22:17:05 INFO     Trial 1084 finished with value: 0.018015 and parameters: {'max_delta_step': 81.60807133846566, 'colsample_bytree': 0.8628426718881474, 'subsample': 0.8534056157338504, 'min_child_weight': 25.988652133259645, 'min_data_in_leaf': 15.509938067285544, 'lambda': 1.2537696740538347, 'alpha': 5.628877296192367, 'max_depth': 5, 'eta': 0.00040627936002453607, 'gamma': 5.230622846958509, 'num_boost_rounds': 165}. Best is trial 988 with value: 0.018126.
2025-01-02 22:17:05 INFO     Trial 1085 pruned. Trial was pruned at iteration 0.
2025-01-02 22:17:06 INFO     Trial 1086 pruned. Trial was pruned at iteration 0.
2025-01-02 22:17:06 INFO     Trial 1087 pruned. Trial was pruned at iteration 0.
2025-01-02 22:17:06 INFO     Trial 1088 pruned. Trial was pruned at iteration 0.
2025-01-02 22:17:07 INFO     Trial 1089 pruned. Trial was pruned at iteration 0.
2025-01-02 22:17:08 INFO     Trial 1090 pruned. Trial was pruned at iteration 5.
2025-01-02 22:17:08 INFO     Trial 1091 pruned. Trial was pruned at iteration 0.
2025-01-02 22:17:09 INFO     Trial 1092 pruned. Trial was pruned at iteration 0.
2025-01-02 22:17:09 INFO     Trial 1093 finished with value: 0.016594 and parameters: {'max_delta_step': 82.03997242651741, 'colsample_bytree': 0.8863518264398522, 'subsample': 0.8383676629936698, 'min_child_weight': 26.989247970331874, 'min_data_in_leaf': 14.47354833008759, 'lambda': 1.1530407387770463, 'alpha': 5.274455026212567, 'max_depth': 5, 'eta': 0.01846490589440764, 'gamma': 5.572535389236053, 'num_boost_rounds': 155}. Best is trial 988 with value: 0.018126.
2025-01-02 22:17:10 INFO     Trial 1094 pruned. Trial was pruned at iteration 0.
2025-01-02 22:17:10 INFO     Trial 1095 pruned. Trial was pruned at iteration 0.
2025-01-02 22:17:11 INFO     Trial 1096 finished with value: 0.016594 and parameters: {'max_delta_step': 77.824488448405, 'colsample_bytree': 0.8774672617372854, 'subsample': 0.8456070447977361, 'min_child_weight': 27.648374648182816, 'min_data_in_leaf': 15.383353073411156, 'lambda': 1.4894971758400195, 'alpha': 5.96516374027397, 'max_depth': 5, 'eta': 0.01227017757436604, 'gamma': 5.0179089220366535, 'num_boost_rounds': 155}. Best is trial 988 with value: 0.018126.
2025-01-02 22:17:12 INFO     Trial 1097 finished with value: 0.01684 and parameters: {'max_delta_step': 81.046291700292, 'colsample_bytree': 0.8887431893477521, 'subsample': 0.8558160291253991, 'min_child_weight': 25.946530462768976, 'min_data_in_leaf': 14.686590487826072, 'lambda': 1.0517992750661629, 'alpha': 5.225329556737426, 'max_depth': 5, 'eta': 0.01155784051102283, 'gamma': 5.605589435167226, 'num_boost_rounds': 165}. Best is trial 988 with value: 0.018126.
2025-01-02 22:17:12 INFO     Trial 1098 pruned. Trial was pruned at iteration 0.
2025-01-02 22:17:13 INFO     Trial 1099 pruned. Trial was pruned at iteration 5.
2025-01-02 22:17:13 INFO     Trial 1100 pruned. Trial was pruned at iteration 0.
2025-01-02 22:17:14 INFO     Trial 1101 pruned. Trial was pruned at iteration 5.
2025-01-02 22:17:14 INFO     Trial 1102 pruned. Trial was pruned at iteration 0.
2025-01-02 22:17:15 INFO     Trial 1103 pruned. Trial was pruned at iteration 0.
2025-01-02 22:17:15 INFO     Trial 1104 pruned. Trial was pruned at iteration 0.
2025-01-02 22:17:16 INFO     Trial 1105 pruned. Trial was pruned at iteration 5.
2025-01-02 22:17:16 INFO     Trial 1106 pruned. Trial was pruned at iteration 0.
2025-01-02 22:17:17 INFO     Trial 1107 finished with value: 0.016011 and parameters: {'max_delta_step': 83.88352590616876, 'colsample_bytree': 0.8801554571634266, 'subsample': 0.8190267244021069, 'min_child_weight': 24.581006414446872, 'min_data_in_leaf': 14.161936701670044, 'lambda': 1.613897848539167, 'alpha': 5.189589648893198, 'max_depth': 5, 'eta': 0.010690123082502674, 'gamma': 5.527593082218594, 'num_boost_rounds': 160}. Best is trial 988 with value: 0.018126.
2025-01-02 22:17:18 INFO     Trial 1108 pruned. Trial was pruned at iteration 0.
2025-01-02 22:17:18 INFO     Trial 1109 pruned. Trial was pruned at iteration 0.
2025-01-02 22:17:19 INFO     Trial 1110 pruned. Trial was pruned at iteration 5.
2025-01-02 22:17:19 INFO     Trial 1111 pruned. Trial was pruned at iteration 0.
2025-01-02 22:17:20 INFO     Trial 1112 pruned. Trial was pruned at iteration 0.
2025-01-02 22:17:21 INFO     Trial 1113 finished with value: 0.016594 and parameters: {'max_delta_step': 81.7628705766042, 'colsample_bytree': 0.8680425878566052, 'subsample': 0.8373860554796412, 'min_child_weight': 26.482089224652288, 'min_data_in_leaf': 14.606954458375599, 'lambda': 1.4194663299631234, 'alpha': 5.727902057472789, 'max_depth': 5, 'eta': 0.01222386270462266, 'gamma': 5.4327986428589226, 'num_boost_rounds': 165}. Best is trial 988 with value: 0.018126.
2025-01-02 22:17:21 INFO     Trial 1114 finished with value: 0.016927 and parameters: {'max_delta_step': 77.0719763321082, 'colsample_bytree': 0.89331909205949, 'subsample': 0.8192726607422439, 'min_child_weight': 24.462450791860316, 'min_data_in_leaf': 14.309842223521745, 'lambda': 1.663627079472575, 'alpha': 5.922840053688802, 'max_depth': 5, 'eta': 0.0053868895161302, 'gamma': 5.090272981247477, 'num_boost_rounds': 175}. Best is trial 988 with value: 0.018126.
2025-01-02 22:17:22 INFO     Trial 1115 pruned. Trial was pruned at iteration 5.
2025-01-02 22:17:22 INFO     Trial 1116 pruned. Trial was pruned at iteration 0.
2025-01-02 22:17:23 INFO     Trial 1117 pruned. Trial was pruned at iteration 0.
2025-01-02 22:17:24 INFO     Trial 1118 pruned. Trial was pruned at iteration 0.
2025-01-02 22:17:24 INFO     Trial 1119 finished with value: 0.016927 and parameters: {'max_delta_step': 80.53945596596063, 'colsample_bytree': 0.8984355220411692, 'subsample': 0.8206168136432235, 'min_child_weight': 24.17434354517896, 'min_data_in_leaf': 14.114291104822179, 'lambda': 1.4941768310123758, 'alpha': 5.944032363789907, 'max_depth': 5, 'eta': 0.005986961589502625, 'gamma': 5.440271173412045, 'num_boost_rounds': 165}. Best is trial 988 with value: 0.018126.
2025-01-02 22:17:25 INFO     Trial 1120 finished with value: 0.016594 and parameters: {'max_delta_step': 78.1427197674638, 'colsample_bytree': 0.8738208958798661, 'subsample': 0.8372801012242196, 'min_child_weight': 27.02875081232566, 'min_data_in_leaf': 13.772125767091326, 'lambda': 1.2539923413565048, 'alpha': 5.193969832259464, 'max_depth': 5, 'eta': 0.010362912191167844, 'gamma': 4.615054076819853, 'num_boost_rounds': 160}. Best is trial 988 with value: 0.018126.
2025-01-02 22:17:26 INFO     Trial 1121 pruned. Trial was pruned at iteration 5.
2025-01-02 22:17:26 INFO     Trial 1122 pruned. Trial was pruned at iteration 0.
2025-01-02 22:17:27 INFO     Trial 1123 finished with value: 0.016594 and parameters: {'max_delta_step': 75.92490870781124, 'colsample_bytree': 0.8671060532264389, 'subsample': 0.8448766258870222, 'min_child_weight': 26.566565952803515, 'min_data_in_leaf': 13.73730300260739, 'lambda': 1.7716023193758215, 'alpha': 5.329524333302563, 'max_depth': 5, 'eta': 0.013190506763348684, 'gamma': 5.646583713396592, 'num_boost_rounds': 170}. Best is trial 988 with value: 0.018126.
2025-01-02 22:17:27 INFO     Trial 1124 pruned. Trial was pruned at iteration 0.
2025-01-02 22:17:28 INFO     Trial 1125 pruned. Trial was pruned at iteration 5.
2025-01-02 22:17:29 INFO     Trial 1126 pruned. Trial was pruned at iteration 0.
2025-01-02 22:17:29 INFO     Trial 1127 finished with value: 0.016594 and parameters: {'max_delta_step': 80.02044784285606, 'colsample_bytree': 0.8658953246867823, 'subsample': 0.8416932382657156, 'min_child_weight': 25.301166607628222, 'min_data_in_leaf': 16.46297485969672, 'lambda': 1.5745896547357605, 'alpha': 5.9896307406316875, 'max_depth': 5, 'eta': 0.010248875804145225, 'gamma': 5.1708726741724895, 'num_boost_rounds': 150}. Best is trial 988 with value: 0.018126.
2025-01-02 22:17:30 INFO     Trial 1128 pruned. Trial was pruned at iteration 0.
2025-01-02 22:17:30 INFO     Trial 1129 pruned. Trial was pruned at iteration 0.
2025-01-02 22:17:31 INFO     Trial 1130 pruned. Trial was pruned at iteration 0.
2025-01-02 22:17:31 INFO     Trial 1131 finished with value: 0.017182 and parameters: {'max_delta_step': 78.7561092019046, 'colsample_bytree': 0.8974237120213268, 'subsample': 0.8182814891346278, 'min_child_weight': 28.020495207086633, 'min_data_in_leaf': 14.473843210788885, 'lambda': 1.5692334488653867, 'alpha': 5.3632930328144015, 'max_depth': 5, 'eta': 0.0004936481662922865, 'gamma': 5.02500968614106, 'num_boost_rounds': 175}. Best is trial 988 with value: 0.018126.
2025-01-02 22:17:32 INFO     Trial 1132 pruned. Trial was pruned at iteration 5.
2025-01-02 22:17:33 INFO     Trial 1133 pruned. Trial was pruned at iteration 0.
2025-01-02 22:17:33 INFO     Trial 1134 pruned. Trial was pruned at iteration 0.
2025-01-02 22:17:34 INFO     Trial 1135 pruned. Trial was pruned at iteration 0.
2025-01-02 22:17:34 INFO     Trial 1136 pruned. Trial was pruned at iteration 0.
2025-01-02 22:17:35 INFO     Trial 1137 pruned. Trial was pruned at iteration 0.
2025-01-02 22:17:35 INFO     Trial 1138 pruned. Trial was pruned at iteration 0.
2025-01-02 22:17:36 INFO     Trial 1139 finished with value: 0.016594 and parameters: {'max_delta_step': 79.08471631423566, 'colsample_bytree': 0.8754082586668062, 'subsample': 0.8287462163872733, 'min_child_weight': 24.020570991226275, 'min_data_in_leaf': 13.176090218484712, 'lambda': 1.8861045290574832, 'alpha': 4.9574986575165845, 'max_depth': 5, 'eta': 0.011470074074960842, 'gamma': 5.736960787341269, 'num_boost_rounds': 165}. Best is trial 988 with value: 0.018126.
2025-01-02 22:17:36 INFO     Trial 1140 pruned. Trial was pruned at iteration 0.
2025-01-02 22:17:37 INFO     Trial 1141 pruned. Trial was pruned at iteration 0.
2025-01-02 22:17:37 INFO     Trial 1142 pruned. Trial was pruned at iteration 0.
2025-01-02 22:17:38 INFO     Trial 1143 finished with value: 0.018101 and parameters: {'max_delta_step': 80.89539769261489, 'colsample_bytree': 0.8825426354744141, 'subsample': 0.8497891815238634, 'min_child_weight': 23.763597868568084, 'min_data_in_leaf': 13.83905057883422, 'lambda': 1.9267665551687498, 'alpha': 5.242599267714341, 'max_depth': 5, 'eta': 0.00033195296910953995, 'gamma': 4.624891944054346, 'num_boost_rounds': 150}. Best is trial 988 with value: 0.018126.
2025-01-02 22:17:38 INFO     Trial 1144 pruned. Trial was pruned at iteration 5.
2025-01-02 22:17:39 INFO     Trial 1145 pruned. Trial was pruned at iteration 5.
2025-01-02 22:17:40 INFO     Trial 1146 finished with value: 0.01684 and parameters: {'max_delta_step': 81.47658411766983, 'colsample_bytree': 0.8820122201561501, 'subsample': 0.850825646719241, 'min_child_weight': 23.492473488284375, 'min_data_in_leaf': 13.766494835007661, 'lambda': 1.175047063397567, 'alpha': 5.167970783703291, 'max_depth': 5, 'eta': 0.00571890236730042, 'gamma': 4.987702287303371, 'num_boost_rounds': 150}. Best is trial 988 with value: 0.018126.
2025-01-02 22:17:41 INFO     Trial 1147 finished with value: 0.018015 and parameters: {'max_delta_step': 78.53334111260324, 'colsample_bytree': 0.9006831568076417, 'subsample': 0.8473723121013774, 'min_child_weight': 24.270993152958624, 'min_data_in_leaf': 14.197670881678373, 'lambda': 1.9320702984887217, 'alpha': 4.930229217119556, 'max_depth': 5, 'eta': 0.00011581035067700896, 'gamma': 5.198592734511519, 'num_boost_rounds': 155}. Best is trial 988 with value: 0.018126.
2025-01-02 22:17:41 INFO     Trial 1148 pruned. Trial was pruned at iteration 0.
