2025-01-02 22:27:33 INFO     Trial 1988 pruned. Trial was pruned at iteration 1.
2025-01-02 22:27:34 INFO     Trial 1989 pruned. Trial was pruned at iteration 1.
2025-01-02 22:27:34 INFO     Trial 1990 finished with value: 0.018022 and parameters: {'max_delta_step': 79.5897158028578, 'colsample_bytree': 0.8768255613764518, 'subsample': 0.8221782717255941, 'min_child_weight': 17.008269045795178, 'min_data_in_leaf': 19.726532387828108, 'lambda': 4.811479770822107, 'alpha': 5.767769169174491, 'max_depth': 5, 'eta': 0.0002453931050495122, 'gamma': 4.24948363153048, 'num_boost_rounds': 155}. Best is trial 988 with value: 0.018126.
2025-01-02 22:27:35 INFO     Trial 1991 pruned. Trial was pruned at iteration 1.
2025-01-02 22:27:36 INFO     Trial 1992 finished with value: 0.016594 and parameters: {'max_delta_step': 74.53535662936308, 'colsample_bytree': 0.8579614440432245, 'subsample': 0.8413608491438205, 'min_child_weight': 17.333995691263947, 'min_data_in_leaf': 18.56369513017986, 'lambda': 4.772414661138337, 'alpha': 5.7554611218908365, 'max_depth': 5, 'eta': 0.011272319267699159, 'gamma': 3.3582921608633813, 'num_boost_rounds': 55}. Best is trial 988 with value: 0.018126.
2025-01-02 22:27:36 INFO     Trial 1993 pruned. Trial was pruned at iteration 0.
2025-01-02 22:27:37 INFO     Trial 1994 pruned. Trial was pruned at iteration 2.
2025-01-02 22:27:38 INFO     Trial 1995 pruned. Trial was pruned at iteration 2.
2025-01-02 22:27:39 INFO     Trial 1996 finished with value: 0.018022 and parameters: {'max_delta_step': 79.35637124333877, 'colsample_bytree': 0.8658820487670243, 'subsample': 0.8173624847750626, 'min_child_weight': 8.11881516766081, 'min_data_in_leaf': 18.825164976757904, 'lambda': 5.012670934541584, 'alpha': 5.690624055074391, 'max_depth': 5, 'eta': 0.005577909821601915, 'gamma': 3.609823467768641, 'num_boost_rounds': 200}. Best is trial 988 with value: 0.018126.
2025-01-02 22:27:40 INFO     Trial 1997 finished with value: 0.018022 and parameters: {'max_delta_step': 77.63151747212694, 'colsample_bytree': 0.8766524772155704, 'subsample': 0.8277601236916428, 'min_child_weight': 12.789652129684264, 'min_data_in_leaf': 18.329518145989457, 'lambda': 4.899805402488755, 'alpha': 6.345652357181416, 'max_depth': 5, 'eta': 0.005653836501662315, 'gamma': 4.1013925043989055, 'num_boost_rounds': 155}. Best is trial 988 with value: 0.018126.
2025-01-02 22:27:41 INFO     Trial 1998 pruned. Trial was pruned at iteration 1.
2025-01-02 22:27:42 INFO     Trial 1999 pruned. Trial was pruned at iteration 2.
