2025-01-02 22:09:30 INFO     Trial 270 finished with value: 0.016942 and parameters: {'max_delta_step': 93.97536251926765, 'colsample_bytree': 0.9781477339395664, 'subsample': 0.7472811669872113, 'min_child_weight': 22.624230766858222, 'min_data_in_leaf': 12.522419992018067, 'lambda': 2.7236383709388625, 'alpha': 4.1800544629605945, 'max_depth': 5, 'eta': 0.03913014663298892, 'gamma': 9.774431001976357, 'num_boost_rounds': 125}. Best is trial 232 with value: 0.017226.
2025-01-02 22:09:31 INFO     Trial 271 finished with value: 0.016558 and parameters: {'max_delta_step': 97.1704156803911, 'colsample_bytree': 0.9206300121623728, 'subsample': 0.8130242220410926, 'min_child_weight': 14.687719904605087, 'min_data_in_leaf': 11.785062807268675, 'lambda': 3.406654159357818, 'alpha': 1.1222442459585542, 'max_depth': 5, 'eta': 0.07279581242266549, 'gamma': 6.414161250221926, 'num_boost_rounds': 100}. Best is trial 232 with value: 0.017226.
2025-01-02 22:09:32 INFO     Trial 272 finished with value: 0.016192 and parameters: {'max_delta_step': 92.12449525772095, 'colsample_bytree': 0.9419491439159133, 'subsample': 0.7786394906024594, 'min_child_weight': 20.100970413722365, 'min_data_in_leaf': 10.954993519507651, 'lambda': 2.9535608223432197, 'alpha': 5.234969651419186, 'max_depth': 5, 'eta': 0.05787675985682702, 'gamma': 7.011493964798719, 'num_boost_rounds': 115}. Best is trial 232 with value: 0.017226.
2025-01-02 22:09:33 INFO     Trial 273 pruned. Trial was pruned at iteration 0.
2025-01-02 22:09:34 INFO     Trial 274 finished with value: 0.016942 and parameters: {'max_delta_step': 98.1293373091744, 'colsample_bytree': 0.9903690757269382, 'subsample': 0.7402163022197883, 'min_child_weight': 10.496689447558985, 'min_data_in_leaf': 12.991880824721548, 'lambda': 1.9606288966537253, 'alpha': 2.8726606232989544, 'max_depth': 5, 'eta': 0.04577778218912349, 'gamma': 6.6099506204839376, 'num_boost_rounds': 135}. Best is trial 232 with value: 0.017226.
2025-01-02 22:09:35 INFO     Trial 275 pruned. Trial was pruned at iteration 5.
2025-01-02 22:09:35 INFO     Trial 276 pruned. Trial was pruned at iteration 0.
2025-01-02 22:09:36 INFO     Trial 277 pruned. Trial was pruned at iteration 0.
2025-01-02 22:09:37 INFO     Trial 278 pruned. Trial was pruned at iteration 5.
2025-01-02 22:09:37 INFO     Trial 279 finished with value: 0.016163 and parameters: {'max_delta_step': 92.41044547360312, 'colsample_bytree': 0.9822382524340358, 'subsample': 0.7632984712696708, 'min_child_weight': 23.239610446706454, 'min_data_in_leaf': 11.822157826727267, 'lambda': 2.413922985761493, 'alpha': 0.2604725356753147, 'max_depth': 5, 'eta': 0.05184797484722856, 'gamma': 6.670212690914399, 'num_boost_rounds': 140}. Best is trial 232 with value: 0.017226.
2025-01-02 22:09:38 INFO     Trial 280 pruned. Trial was pruned at iteration 5.
2025-01-02 22:09:38 INFO     Trial 281 pruned. Trial was pruned at iteration 0.
2025-01-02 22:09:39 INFO     Trial 282 pruned. Trial was pruned at iteration 5.
2025-01-02 22:09:40 INFO     Trial 283 finished with value: 0.015664 and parameters: {'max_delta_step': 90.35451817126807, 'colsample_bytree': 0.9074050695468517, 'subsample': 0.7697272748264258, 'min_child_weight': 23.575933285724908, 'min_data_in_leaf': 12.23604870135696, 'lambda': 4.602496302311121, 'alpha': 1.8480494590657075, 'max_depth': 5, 'eta': 0.028419365000445715, 'gamma': 5.382372306424341, 'num_boost_rounds': 145}. Best is trial 232 with value: 0.017226.
2025-01-02 22:09:40 INFO     Trial 284 finished with value: 0.016207 and parameters: {'max_delta_step': 95.92342111299035, 'colsample_bytree': 0.9803676638218342, 'subsample': 0.7814652832490457, 'min_child_weight': 17.943374245858564, 'min_data_in_leaf': 12.677564137871425, 'lambda': 3.149317741115582, 'alpha': 0.6556422983620555, 'max_depth': 5, 'eta': 0.057822296974726774, 'gamma': 7.893662352824762, 'num_boost_rounds': 115}. Best is trial 232 with value: 0.017226.
2025-01-02 22:09:41 INFO     Trial 285 pruned. Trial was pruned at iteration 0.
2025-01-02 22:09:41 INFO     Trial 286 pruned. Trial was pruned at iteration 5.
2025-01-02 22:09:42 INFO     Trial 287 pruned. Trial was pruned at iteration 0.
2025-01-02 22:09:42 INFO     Trial 288 pruned. Trial was pruned at iteration 0.
2025-01-02 22:09:43 INFO     Trial 289 finished with value: 0.016963 and parameters: {'max_delta_step': 95.2068670231537, 'colsample_bytree': 0.9409735793823136, 'subsample': 0.7941132489156343, 'min_child_weight': 14.359907179994895, 'min_data_in_leaf': 13.287065591590485, 'lambda': 5.6798449507501925, 'alpha': 2.1054385681802534, 'max_depth': 5, 'eta': 0.04960181176606749, 'gamma': 5.977028222570444, 'num_boost_rounds': 130}. Best is trial 232 with value: 0.017226.
2025-01-02 22:09:43 INFO     Trial 290 finished with value: 0.016038 and parameters: {'max_delta_step': 94.40589376653665, 'colsample_bytree': 0.9343490397591955, 'subsample': 0.7911540384540419, 'min_child_weight': 13.506741692730236, 'min_data_in_leaf': 13.115411810889071, 'lambda': 5.536222796376096, 'alpha': 2.1303997074761805, 'max_depth': 5, 'eta': 0.05861035199335227, 'gamma': 5.699863449610826, 'num_boost_rounds': 130}. Best is trial 232 with value: 0.017226.
2025-01-02 22:09:44 INFO     Trial 291 finished with value: 0.016912 and parameters: {'max_delta_step': 92.6908488114741, 'colsample_bytree': 0.9174401988399382, 'subsample': 0.8029144469789571, 'min_child_weight': 15.363901519837865, 'min_data_in_leaf': 13.703990634527589, 'lambda': 5.852983565933254, 'alpha': 2.432839801692811, 'max_depth': 5, 'eta': 0.05331308933444619, 'gamma': 5.929944218666975, 'num_boost_rounds': 135}. Best is trial 232 with value: 0.017226.
2025-01-02 22:09:45 INFO     Trial 292 pruned. Trial was pruned at iteration 0.
2025-01-02 22:09:45 INFO     Trial 293 finished with value: 0.016572 and parameters: {'max_delta_step': 89.79397455418648, 'colsample_bytree': 0.9813726427729049, 'subsample': 0.8120580982583725, 'min_child_weight': 16.784885403397396, 'min_data_in_leaf': 12.8675895393458, 'lambda': 6.411714345418744, 'alpha': 2.1409379417049825, 'max_depth': 5, 'eta': 0.06436328885849084, 'gamma': 6.533109612521153, 'num_boost_rounds': 130}. Best is trial 232 with value: 0.017226.
2025-01-02 22:09:46 INFO     Trial 294 finished with value: 0.016978 and parameters: {'max_delta_step': 95.24643664713524, 'colsample_bytree': 0.9116279465767434, 'subsample': 0.7397751145842502, 'min_child_weight': 13.453283025982593, 'min_data_in_leaf': 13.530404775358027, 'lambda': 6.0222587446542795, 'alpha': 5.895531360600906, 'max_depth': 5, 'eta': 0.057241579195352194, 'gamma': 5.999759655270568, 'num_boost_rounds': 135}. Best is trial 232 with value: 0.017226.
2025-01-02 22:09:47 INFO     Trial 295 finished with value: 0.016978 and parameters: {'max_delta_step': 98.13539521608458, 'colsample_bytree': 0.8998792510402357, 'subsample': 0.7321053360221323, 'min_child_weight': 13.081026162947344, 'min_data_in_leaf': 13.42945070989433, 'lambda': 5.907155100134919, 'alpha': 6.696807544480043, 'max_depth': 5, 'eta': 0.06040045917742889, 'gamma': 5.958317322190214, 'num_boost_rounds': 135}. Best is trial 232 with value: 0.017226.
2025-01-02 22:09:47 INFO     Trial 296 pruned. Trial was pruned at iteration 5.
2025-01-02 22:09:48 INFO     Trial 297 pruned. Trial was pruned at iteration 5.
2025-01-02 22:09:48 INFO     Trial 298 pruned. Trial was pruned at iteration 5.
2025-01-02 22:09:49 INFO     Trial 299 finished with value: 0.016666 and parameters: {'max_delta_step': 94.9711762617609, 'colsample_bytree': 0.9106114584210246, 'subsample': 0.8317499287326723, 'min_child_weight': 13.349435798814014, 'min_data_in_leaf': 12.864995742887421, 'lambda': 2.8889337525541623, 'alpha': 6.299639957602119, 'max_depth': 5, 'eta': 0.05687390289214968, 'gamma': 5.44265683629622, 'num_boost_rounds': 135}. Best is trial 232 with value: 0.017226.
2025-01-02 22:09:49 INFO     Trial 300 pruned. Trial was pruned at iteration 0.
2025-01-02 22:09:50 INFO     Trial 301 finished with value: 0.016731 and parameters: {'max_delta_step': 99.75115711624758, 'colsample_bytree': 0.9240517983585649, 'subsample': 0.8476771530995877, 'min_child_weight': 14.862870774682829, 'min_data_in_leaf': 12.478903201417276, 'lambda': 6.157114746238669, 'alpha': 6.946153386552236, 'max_depth': 5, 'eta': 0.05972870887558088, 'gamma': 6.2322722733850195, 'num_boost_rounds': 150}. Best is trial 232 with value: 0.017226.
2025-01-02 22:09:51 INFO     Trial 302 finished with value: 0.017 and parameters: {'max_delta_step': 95.29393130556014, 'colsample_bytree': 0.9121176640335279, 'subsample': 0.7447318844184362, 'min_child_weight': 12.369810616023303, 'min_data_in_leaf': 13.164296264467662, 'lambda': 2.4345469960449067, 'alpha': 6.342899418466981, 'max_depth': 5, 'eta': 0.053760361159255136, 'gamma': 5.217485473015429, 'num_boost_rounds': 135}. Best is trial 232 with value: 0.017226.
2025-01-02 22:09:51 INFO     Trial 303 pruned. Trial was pruned at iteration 5.
2025-01-02 22:09:52 INFO     Trial 304 pruned. Trial was pruned at iteration 5.
2025-01-02 22:09:53 INFO     Trial 305 finished with value: 0.016782 and parameters: {'max_delta_step': 99.9465618468978, 'colsample_bytree': 0.9001460566620835, 'subsample': 0.750397347306674, 'min_child_weight': 9.234412159290097, 'min_data_in_leaf': 12.563272669604455, 'lambda': 2.5747538728972468, 'alpha': 6.077139791570493, 'max_depth': 5, 'eta': 0.05550239363216203, 'gamma': 4.811124638624624, 'num_boost_rounds': 145}. Best is trial 232 with value: 0.017226.
2025-01-02 22:09:53 INFO     Trial 306 finished with value: 0.016927 and parameters: {'max_delta_step': 95.63006926667714, 'colsample_bytree': 0.913944547833324, 'subsample': 0.7599270475376501, 'min_child_weight': 19.07479925602899, 'min_data_in_leaf': 12.115220184147322, 'lambda': 5.330531078779821, 'alpha': 6.207953341911926, 'max_depth': 5, 'eta': 0.06451214241575104, 'gamma': 5.192009744919657, 'num_boost_rounds': 105}. Best is trial 232 with value: 0.017226.
2025-01-02 22:09:54 INFO     Trial 307 finished with value: 0.016934 and parameters: {'max_delta_step': 93.19698893110764, 'colsample_bytree': 0.9262399915036795, 'subsample': 0.7415350944556078, 'min_child_weight': 11.115308691623166, 'min_data_in_leaf': 13.804800349588632, 'lambda': 5.051375392828375, 'alpha': 5.86912239180025, 'max_depth': 5, 'eta': 0.05540171125013761, 'gamma': 5.638523176956433, 'num_boost_rounds': 135}. Best is trial 232 with value: 0.017226.
2025-01-02 22:09:55 INFO     Trial 308 finished with value: 0.016942 and parameters: {'max_delta_step': 97.67476795656448, 'colsample_bytree': 0.9053130211154226, 'subsample': 0.7512391316039049, 'min_child_weight': 21.665734959986892, 'min_data_in_leaf': 13.083210232135732, 'lambda': 6.404303963659819, 'alpha': 6.378846265350418, 'max_depth': 5, 'eta': 0.04512697930160256, 'gamma': 4.985711158730852, 'num_boost_rounds': 135}. Best is trial 232 with value: 0.017226.
2025-01-02 22:09:55 INFO     Trial 309 finished with value: 0.01617 and parameters: {'max_delta_step': 99.95427983482864, 'colsample_bytree': 0.9163311975230247, 'subsample': 0.7712870997753519, 'min_child_weight': 16.384516709841936, 'min_data_in_leaf': 12.186780146699798, 'lambda': 2.9077693790224743, 'alpha': 1.6352626304193425, 'max_depth': 5, 'eta': 0.060194230738908776, 'gamma': 6.372917862525062, 'num_boost_rounds': 130}. Best is trial 232 with value: 0.017226.
2025-01-02 22:09:56 INFO     Trial 310 pruned. Trial was pruned at iteration 5.
2025-01-02 22:09:56 INFO     Trial 311 pruned. Trial was pruned at iteration 0.
2025-01-02 22:09:57 INFO     Trial 312 pruned. Trial was pruned at iteration 0.
2025-01-02 22:09:57 INFO     Trial 313 pruned. Trial was pruned at iteration 5.
2025-01-02 22:09:58 INFO     Trial 314 pruned. Trial was pruned at iteration 0.
2025-01-02 22:09:58 INFO     Trial 315 pruned. Trial was pruned at iteration 0.
2025-01-02 22:09:59 INFO     Trial 316 finished with value: 0.016818 and parameters: {'max_delta_step': 98.56175022652336, 'colsample_bytree': 0.9171949205606333, 'subsample': 0.819843403693278, 'min_child_weight': 6.974295146808734, 'min_data_in_leaf': 19.68165693389887, 'lambda': 7.1205975880747445, 'alpha': 6.2043001076785576, 'max_depth': 5, 'eta': 0.05456947582095525, 'gamma': 6.078550034806073, 'num_boost_rounds': 125}. Best is trial 232 with value: 0.017226.
2025-01-02 22:09:59 INFO     Trial 317 finished with value: 0.017065 and parameters: {'max_delta_step': 92.55345462765476, 'colsample_bytree': 0.931330692842341, 'subsample': 0.7458341963502986, 'min_child_weight': 19.44897681332695, 'min_data_in_leaf': 12.451038231803636, 'lambda': 2.519705591534343, 'alpha': 6.454191401728639, 'max_depth': 5, 'eta': 0.03573312883975225, 'gamma': 6.709498157389044, 'num_boost_rounds': 135}. Best is trial 232 with value: 0.017226.
2025-01-02 22:10:00 INFO     Trial 318 finished with value: 0.016934 and parameters: {'max_delta_step': 90.86528079997707, 'colsample_bytree': 0.9314897841655064, 'subsample': 0.7428231272975275, 'min_child_weight': 23.32205526999498, 'min_data_in_leaf': 12.42463130129861, 'lambda': 2.5631318143214883, 'alpha': 6.348802907857359, 'max_depth': 5, 'eta': 0.03171708927428066, 'gamma': 6.782984224924765, 'num_boost_rounds': 135}. Best is trial 232 with value: 0.017226.
2025-01-02 22:10:01 INFO     Trial 319 pruned. Trial was pruned at iteration 0.
2025-01-02 22:10:01 INFO     Trial 320 pruned. Trial was pruned at iteration 0.
2025-01-02 22:10:01 INFO     Trial 321 pruned. Trial was pruned at iteration 0.
2025-01-02 22:10:02 INFO     Trial 322 pruned. Trial was pruned at iteration 0.
2025-01-02 22:10:02 INFO     Trial 323 pruned. Trial was pruned at iteration 0.
2025-01-02 22:10:03 INFO     Trial 324 finished with value: 0.016876 and parameters: {'max_delta_step': 96.6671758257068, 'colsample_bytree': 0.9044847817010653, 'subsample': 0.7584086664193244, 'min_child_weight': 21.510735712706996, 'min_data_in_leaf': 14.096689878790299, 'lambda': 2.617096891349606, 'alpha': 5.9473420280732245, 'max_depth': 5, 'eta': 0.05982678987396824, 'gamma': 5.476353684858171, 'num_boost_rounds': 135}. Best is trial 232 with value: 0.017226.
2025-01-02 22:10:03 INFO     Trial 325 pruned. Trial was pruned at iteration 5.
2025-01-02 22:10:04 INFO     Trial 326 finished with value: 0.016927 and parameters: {'max_delta_step': 94.8261359013535, 'colsample_bytree': 0.9226073768898054, 'subsample': 0.8076222714815496, 'min_child_weight': 18.548093551607465, 'min_data_in_leaf': 14.847987510049773, 'lambda': 2.3193070094218453, 'alpha': 6.375094664421924, 'max_depth': 5, 'eta': 0.04121914541677409, 'gamma': 6.9343257324294845, 'num_boost_rounds': 100}. Best is trial 232 with value: 0.017226.
2025-01-02 22:10:05 INFO     Trial 327 finished with value: 0.016695 and parameters: {'max_delta_step': 98.00484994825409, 'colsample_bytree': 0.9343765584181043, 'subsample': 0.8275611543470291, 'min_child_weight': 23.111259488350772, 'min_data_in_leaf': 12.339598551523387, 'lambda': 3.5619779028950456, 'alpha': 1.6370940415770123, 'max_depth': 5, 'eta': 0.027475182739384558, 'gamma': 5.801716323061604, 'num_boost_rounds': 145}. Best is trial 232 with value: 0.017226.
2025-01-02 22:10:05 INFO     Trial 328 pruned. Trial was pruned at iteration 5.
2025-01-02 22:10:06 INFO     Trial 329 pruned. Trial was pruned at iteration 5.
2025-01-02 22:10:06 INFO     Trial 330 finished with value: 0.016971 and parameters: {'max_delta_step': 96.31995054054497, 'colsample_bytree': 0.8961496415171294, 'subsample': 0.7369349609310707, 'min_child_weight': 16.25009805794496, 'min_data_in_leaf': 13.856637569417654, 'lambda': 2.4934365868761743, 'alpha': 3.633971617027293, 'max_depth': 5, 'eta': 0.03615411651881024, 'gamma': 0.006472505635527703, 'num_boost_rounds': 125}. Best is trial 232 with value: 0.017226.
2025-01-02 22:10:07 INFO     Trial 331 pruned. Trial was pruned at iteration 0.
2025-01-02 22:10:08 INFO     Trial 332 finished with value: 0.016949 and parameters: {'max_delta_step': 92.6963483912849, 'colsample_bytree': 0.9166506353764496, 'subsample': 0.7609450344281549, 'min_child_weight': 24.021729964042823, 'min_data_in_leaf': 14.27980412486817, 'lambda': 1.9445151956474183, 'alpha': 4.935758438105488, 'max_depth': 5, 'eta': 0.04840280890935689, 'gamma': 5.2921499921355455, 'num_boost_rounds': 135}. Best is trial 232 with value: 0.017226.
2025-01-02 22:10:08 INFO     Trial 333 pruned. Trial was pruned at iteration 0.
2025-01-02 22:10:09 INFO     Trial 334 finished with value: 0.016156 and parameters: {'max_delta_step': 95.93878015920434, 'colsample_bytree': 0.9602162303269448, 'subsample': 0.7758485276962688, 'min_child_weight': 21.721488740467947, 'min_data_in_leaf': 13.191233229934873, 'lambda': 2.9896729620337714, 'alpha': 3.1070449572314174, 'max_depth': 5, 'eta': 0.06215588079772094, 'gamma': 5.601816328883446, 'num_boost_rounds': 155}. Best is trial 232 with value: 0.017226.
2025-01-02 22:10:09 INFO     Trial 335 pruned. Trial was pruned at iteration 0.
2025-01-02 22:10:09 INFO     Trial 336 pruned. Trial was pruned at iteration 0.
2025-01-02 22:10:10 INFO     Trial 337 finished with value: 0.016891 and parameters: {'max_delta_step': 98.27604517485373, 'colsample_bytree': 0.9914049659776423, 'subsample': 0.745732792451533, 'min_child_weight': 16.7874297938651, 'min_data_in_leaf': 18.327443289437824, 'lambda': 2.1010784277432624, 'alpha': 6.553578426836249, 'max_depth': 5, 'eta': 0.06673269603112474, 'gamma': 6.5016079299039395, 'num_boost_rounds': 15}. Best is trial 232 with value: 0.017226.
2025-01-02 22:10:11 INFO     Trial 338 finished with value: 0.015664 and parameters: {'max_delta_step': 94.64419040424927, 'colsample_bytree': 0.9205197388636452, 'subsample': 0.8398368988191567, 'min_child_weight': 19.912403987875486, 'min_data_in_leaf': 12.590441376861266, 'lambda': 2.3256051761547463, 'alpha': 2.3383525823823623, 'max_depth': 5, 'eta': 0.04661644446449549, 'gamma': 6.296745952233854, 'num_boost_rounds': 135}. Best is trial 232 with value: 0.017226.
2025-01-02 22:10:11 INFO     Trial 339 pruned. Trial was pruned at iteration 0.
2025-01-02 22:10:12 INFO     Trial 340 pruned. Trial was pruned at iteration 0.
2025-01-02 22:10:12 INFO     Trial 341 finished with value: 0.016963 and parameters: {'max_delta_step': 88.13836581128382, 'colsample_bytree': 0.9325468030786617, 'subsample': 0.7563811376400685, 'min_child_weight': 24.67261429369943, 'min_data_in_leaf': 13.292280453842325, 'lambda': 1.9968547061212112, 'alpha': 1.9884227867174773, 'max_depth': 5, 'eta': 0.06054145005314952, 'gamma': 5.747317759711996, 'num_boost_rounds': 120}. Best is trial 232 with value: 0.017226.
2025-01-02 22:10:13 INFO     Trial 342 finished with value: 0.016673 and parameters: {'max_delta_step': 96.36190023960211, 'colsample_bytree': 0.9103032860936026, 'subsample': 0.8137937883995577, 'min_child_weight': 21.88314142893158, 'min_data_in_leaf': 12.225167704894536, 'lambda': 4.716071163224252, 'alpha': 1.777495495755628, 'max_depth': 5, 'eta': 0.07293244300964594, 'gamma': 6.827185108124488, 'num_boost_rounds': 130}. Best is trial 232 with value: 0.017226.
2025-01-02 22:10:13 INFO     Trial 343 pruned. Trial was pruned at iteration 5.
2025-01-02 22:10:14 INFO     Trial 344 finished with value: 0.016818 and parameters: {'max_delta_step': 97.28141722740764, 'colsample_bytree': 0.9993570156291006, 'subsample': 0.7660719602926043, 'min_child_weight': 18.149942211011936, 'min_data_in_leaf': 14.002456394772985, 'lambda': 2.833362341455978, 'alpha': 6.265176576040814, 'max_depth': 5, 'eta': 0.040405069304594254, 'gamma': 6.593677810817917, 'num_boost_rounds': 110}. Best is trial 232 with value: 0.017226.
2025-01-02 22:10:15 INFO     Trial 345 pruned. Trial was pruned at iteration 0.
2025-01-02 22:10:15 INFO     Trial 346 pruned. Trial was pruned at iteration 0.
2025-01-02 22:10:16 INFO     Trial 347 pruned. Trial was pruned at iteration 5.
2025-01-02 22:10:16 INFO     Trial 348 pruned. Trial was pruned at iteration 5.
2025-01-02 22:10:17 INFO     Trial 349 pruned. Trial was pruned at iteration 0.
2025-01-02 22:10:17 INFO     Trial 350 pruned. Trial was pruned at iteration 5.
2025-01-02 22:10:18 INFO     Trial 351 pruned. Trial was pruned at iteration 5.
2025-01-02 22:10:18 INFO     Trial 352 pruned. Trial was pruned at iteration 5.
2025-01-02 22:10:19 INFO     Trial 353 pruned. Trial was pruned at iteration 5.
2025-01-02 22:10:19 INFO     Trial 354 pruned. Trial was pruned at iteration 0.
2025-01-02 22:10:20 INFO     Trial 355 pruned. Trial was pruned at iteration 0.
2025-01-02 22:10:20 INFO     Trial 356 pruned. Trial was pruned at iteration 5.
2025-01-02 22:10:21 INFO     Trial 357 pruned. Trial was pruned at iteration 0.
2025-01-02 22:10:21 INFO     Trial 358 pruned. Trial was pruned at iteration 0.
2025-01-02 22:10:22 INFO     Trial 359 pruned. Trial was pruned at iteration 0.
2025-01-02 22:10:22 INFO     Trial 360 pruned. Trial was pruned at iteration 0.
2025-01-02 22:10:23 INFO     Trial 361 finished with value: 0.016767 and parameters: {'max_delta_step': 56.27149493650511, 'colsample_bytree': 0.9002036859684821, 'subsample': 0.8156934895496735, 'min_child_weight': 26.17042518447293, 'min_data_in_leaf': 12.752150303382132, 'lambda': 2.642289181526043, 'alpha': 6.989025608656694, 'max_depth': 5, 'eta': 0.05278150701433058, 'gamma': 6.1613703676978915, 'num_boost_rounds': 125}. Best is trial 232 with value: 0.017226.
2025-01-02 22:10:23 INFO     Trial 362 pruned. Trial was pruned at iteration 5.
2025-01-02 22:10:24 INFO     Trial 363 finished with value: 0.015972 and parameters: {'max_delta_step': 98.07986767203762, 'colsample_bytree': 0.9646849375013585, 'subsample': 0.8572018510812861, 'min_child_weight': 12.743056252826866, 'min_data_in_leaf': 13.497497248075309, 'lambda': 2.996249544611028, 'alpha': 2.2247722113595074, 'max_depth': 5, 'eta': 0.05955056555540236, 'gamma': 6.941970147962831, 'num_boost_rounds': 135}. Best is trial 232 with value: 0.017226.
