2025-01-02 17:39:43 INFO     Trial 305 pruned. Trial was pruned at iteration 6.
2025-01-02 17:39:44 INFO     Trial 306 pruned. Trial was pruned at iteration 9.
2025-01-02 17:39:44 INFO     Trial 307 finished with value: 0.017155 and parameters: {'max_delta_step': 86.48386586181098, 'colsample_bytree': 0.5666361915442968, 'subsample': 0.59355037490528, 'min_child_weight': 46.82276939307972, 'min_data_in_leaf': 23.281945159395217, 'lambda': 1.7560595562889891, 'alpha': 3.405766902725153, 'max_depth': 1, 'eta': 0.20820377010550767, 'gamma': 0.9910613624655056, 'num_boost_rounds': 40}. Best is trial 73 with value: 0.017159.
2025-01-02 17:39:45 INFO     Trial 308 pruned. Trial was pruned at iteration 6.
2025-01-02 17:39:45 INFO     Trial 309 pruned. Trial was pruned at iteration 5.
2025-01-02 17:39:46 INFO     Trial 310 pruned. Trial was pruned at iteration 9.
2025-01-02 17:39:47 INFO     Trial 311 pruned. Trial was pruned at iteration 0.
2025-01-02 17:39:47 INFO     Trial 312 pruned. Trial was pruned at iteration 5.
2025-01-02 17:39:48 INFO     Trial 313 pruned. Trial was pruned at iteration 5.
2025-01-02 17:39:48 INFO     Trial 314 pruned. Trial was pruned at iteration 5.
2025-01-02 17:39:49 INFO     Trial 315 pruned. Trial was pruned at iteration 5.
2025-01-02 17:39:49 INFO     Trial 316 pruned. Trial was pruned at iteration 9.
2025-01-02 17:39:50 INFO     Trial 317 pruned. Trial was pruned at iteration 0.
2025-01-02 17:39:50 INFO     Trial 318 finished with value: 0.017159 and parameters: {'max_delta_step': 78.87360534279105, 'colsample_bytree': 0.5481843815983323, 'subsample': 0.5890077240652756, 'min_child_weight': 41.671079310731756, 'min_data_in_leaf': 25.275519162823922, 'lambda': 1.724520916742481, 'alpha': 7.128459289530747, 'max_depth': 1, 'eta': 0.21068476016509108, 'gamma': 1.4263855361712774, 'num_boost_rounds': 45}. Best is trial 73 with value: 0.017159.
2025-01-02 17:39:51 INFO     Trial 319 pruned. Trial was pruned at iteration 5.
2025-01-02 17:39:51 INFO     Trial 320 finished with value: 0.017159 and parameters: {'max_delta_step': 81.15616487773336, 'colsample_bytree': 0.5596366008822456, 'subsample': 0.6302897144718401, 'min_child_weight': 34.726180451943144, 'min_data_in_leaf': 24.727014840897382, 'lambda': 2.0894065588860977, 'alpha': 4.558338129508147, 'max_depth': 1, 'eta': 0.2055576762077461, 'gamma': 6.907452938091291, 'num_boost_rounds': 175}. Best is trial 73 with value: 0.017159.
2025-01-02 17:39:52 INFO     Trial 321 finished with value: 0.017155 and parameters: {'max_delta_step': 94.58214596426939, 'colsample_bytree': 0.5341228125774741, 'subsample': 0.6203160247670382, 'min_child_weight': 48.997023596062306, 'min_data_in_leaf': 19.853071896801413, 'lambda': 7.083854862538981, 'alpha': 5.02908151186705, 'max_depth': 1, 'eta': 0.2120778112534134, 'gamma': 0.42241222115032967, 'num_boost_rounds': 100}. Best is trial 73 with value: 0.017159.
2025-01-02 17:39:53 INFO     Trial 322 pruned. Trial was pruned at iteration 9.
2025-01-02 17:39:53 INFO     Trial 323 pruned. Trial was pruned at iteration 5.
2025-01-02 17:39:54 INFO     Trial 324 pruned. Trial was pruned at iteration 9.
2025-01-02 17:39:54 INFO     Trial 325 pruned. Trial was pruned at iteration 9.
2025-01-02 17:39:55 INFO     Trial 326 pruned. Trial was pruned at iteration 5.
2025-01-02 17:39:55 INFO     Trial 327 finished with value: 0.017159 and parameters: {'max_delta_step': 84.07151068041044, 'colsample_bytree': 0.5099835727291457, 'subsample': 0.6355360132420926, 'min_child_weight': 40.74638720139142, 'min_data_in_leaf': 24.337722988308386, 'lambda': 1.2948029169773596, 'alpha': 4.566070248839658, 'max_depth': 1, 'eta': 0.20659574857641258, 'gamma': 1.2017686829800476, 'num_boost_rounds': 90}. Best is trial 73 with value: 0.017159.
2025-01-02 17:39:56 INFO     Trial 328 pruned. Trial was pruned at iteration 9.
2025-01-02 17:39:57 INFO     Trial 329 pruned. Trial was pruned at iteration 5.
2025-01-02 17:39:57 INFO     Trial 330 pruned. Trial was pruned at iteration 5.
2025-01-02 17:39:58 INFO     Trial 331 pruned. Trial was pruned at iteration 9.
2025-01-02 17:39:58 INFO     Trial 332 pruned. Trial was pruned at iteration 5.
2025-01-02 17:39:59 INFO     Trial 333 pruned. Trial was pruned at iteration 5.
2025-01-02 17:40:00 INFO     Trial 334 finished with value: 0.017178 and parameters: {'max_delta_step': 81.95841382295897, 'colsample_bytree': 0.551169317585858, 'subsample': 0.5987735536285392, 'min_child_weight': 39.36739049943299, 'min_data_in_leaf': 24.864239432946395, 'lambda': 1.4389861180047787, 'alpha': 5.364011011069307, 'max_depth': 1, 'eta': 0.21219956202806878, 'gamma': 7.530667825725278, 'num_boost_rounds': 25}. Best is trial 334 with value: 0.017178.
2025-01-02 17:40:00 INFO     Trial 335 pruned. Trial was pruned at iteration 9.
2025-01-02 17:40:01 INFO     Trial 336 pruned. Trial was pruned at iteration 5.
2025-01-02 17:40:02 INFO     Trial 337 finished with value: 0.017159 and parameters: {'max_delta_step': 78.28326610588202, 'colsample_bytree': 0.5664486120692982, 'subsample': 0.6003293949256217, 'min_child_weight': 42.18734968221265, 'min_data_in_leaf': 24.780089303234902, 'lambda': 1.554279584657509, 'alpha': 5.585045950889529, 'max_depth': 1, 'eta': 0.2115255690311522, 'gamma': 7.463481047941656, 'num_boost_rounds': 20}. Best is trial 334 with value: 0.017178.
2025-01-02 17:40:02 INFO     Trial 338 finished with value: 0.017159 and parameters: {'max_delta_step': 82.0031595991759, 'colsample_bytree': 0.5499565856189047, 'subsample': 0.6249737638341356, 'min_child_weight': 4.15299966964708, 'min_data_in_leaf': 25.287848425316472, 'lambda': 0.9725623778651896, 'alpha': 5.092141635718335, 'max_depth': 1, 'eta': 0.2071145496424987, 'gamma': 8.233683220433322, 'num_boost_rounds': 30}. Best is trial 334 with value: 0.017178.
2025-01-02 17:40:03 INFO     Trial 339 pruned. Trial was pruned at iteration 9.
2025-01-02 17:40:03 INFO     Trial 340 pruned. Trial was pruned at iteration 5.
2025-01-02 17:40:04 INFO     Trial 341 pruned. Trial was pruned at iteration 5.
2025-01-02 17:40:05 INFO     Trial 342 pruned. Trial was pruned at iteration 9.
2025-01-02 17:40:05 INFO     Trial 343 pruned. Trial was pruned at iteration 9.
2025-01-02 17:40:06 INFO     Trial 344 pruned. Trial was pruned at iteration 5.
2025-01-02 17:40:06 INFO     Trial 345 pruned. Trial was pruned at iteration 5.
2025-01-02 17:40:07 INFO     Trial 346 pruned. Trial was pruned at iteration 5.
2025-01-02 17:40:07 INFO     Trial 347 pruned. Trial was pruned at iteration 6.
2025-01-02 17:40:08 INFO     Trial 348 pruned. Trial was pruned at iteration 9.
2025-01-02 17:40:09 INFO     Trial 349 finished with value: 0.017155 and parameters: {'max_delta_step': 81.56731670002122, 'colsample_bytree': 0.5390419080369394, 'subsample': 0.618476096169023, 'min_child_weight': 40.41851230264638, 'min_data_in_leaf': 23.81640190798772, 'lambda': 0.5145398715617466, 'alpha': 4.218793533276284, 'max_depth': 1, 'eta': 0.21144697255730965, 'gamma': 7.0645742863506635, 'num_boost_rounds': 75}. Best is trial 334 with value: 0.017178.
2025-01-02 17:40:09 INFO     Trial 350 pruned. Trial was pruned at iteration 5.
2025-01-02 17:40:10 INFO     Trial 351 pruned. Trial was pruned at iteration 6.
2025-01-02 17:40:10 INFO     Trial 352 finished with value: 0.017159 and parameters: {'max_delta_step': 61.05936886739923, 'colsample_bytree': 0.552054489919724, 'subsample': 0.599979194541435, 'min_child_weight': 34.30666899324837, 'min_data_in_leaf': 24.296715705415394, 'lambda': 0.9243080238716717, 'alpha': 2.5110955373181167, 'max_depth': 1, 'eta': 0.20488278435840707, 'gamma': 7.9165352018072666, 'num_boost_rounds': 20}. Best is trial 334 with value: 0.017178.
2025-01-02 17:40:11 INFO     Trial 353 pruned. Trial was pruned at iteration 5.
2025-01-02 17:40:11 INFO     Trial 354 pruned. Trial was pruned at iteration 5.
2025-01-02 17:40:12 INFO     Trial 355 pruned. Trial was pruned at iteration 5.
2025-01-02 17:40:12 INFO     Trial 356 pruned. Trial was pruned at iteration 5.
2025-01-02 17:40:13 INFO     Trial 357 pruned. Trial was pruned at iteration 9.
2025-01-02 17:40:14 INFO     Trial 358 finished with value: 0.017159 and parameters: {'max_delta_step': 83.29035351671277, 'colsample_bytree': 0.5574344392230024, 'subsample': 0.6301598815945868, 'min_child_weight': 40.33587239463468, 'min_data_in_leaf': 24.615722035793702, 'lambda': 1.142212672395131, 'alpha': 2.9970861451047166, 'max_depth': 1, 'eta': 0.2073757062073062, 'gamma': 2.390203095067523, 'num_boost_rounds': 10}. Best is trial 334 with value: 0.017178.
2025-01-02 17:40:14 INFO     Trial 359 pruned. Trial was pruned at iteration 0.
2025-01-02 17:40:15 INFO     Trial 360 pruned. Trial was pruned at iteration 5.
2025-01-02 17:40:15 INFO     Trial 361 pruned. Trial was pruned at iteration 6.
2025-01-02 17:40:16 INFO     Trial 362 finished with value: 0.017155 and parameters: {'max_delta_step': 81.82709163706949, 'colsample_bytree': 0.5473696623425719, 'subsample': 0.6426679481361893, 'min_child_weight': 41.11403796981141, 'min_data_in_leaf': 24.667521533916663, 'lambda': 0.4196440907283825, 'alpha': 4.572458750805532, 'max_depth': 1, 'eta': 0.20864818723858614, 'gamma': 7.221399024733403, 'num_boost_rounds': 20}. Best is trial 334 with value: 0.017178.
2025-01-02 17:40:16 INFO     Trial 363 pruned. Trial was pruned at iteration 9.
2025-01-02 17:40:17 INFO     Trial 364 pruned. Trial was pruned at iteration 9.
2025-01-02 17:40:18 INFO     Trial 365 finished with value: 0.017159 and parameters: {'max_delta_step': 95.12744547588905, 'colsample_bytree': 0.5396241336513777, 'subsample': 0.609943256091619, 'min_child_weight': 39.28904209399522, 'min_data_in_leaf': 25.406478111623507, 'lambda': 1.850563462993048, 'alpha': 3.930078720196841, 'max_depth': 1, 'eta': 0.20385040393052084, 'gamma': 0.16780168328608253, 'num_boost_rounds': 10}. Best is trial 334 with value: 0.017178.
2025-01-02 17:40:18 INFO     Trial 366 pruned. Trial was pruned at iteration 5.
2025-01-02 17:40:19 INFO     Trial 367 finished with value: 0.017159 and parameters: {'max_delta_step': 71.7021573939022, 'colsample_bytree': 0.5188388522188438, 'subsample': 0.6342464011408635, 'min_child_weight': 42.819356424993494, 'min_data_in_leaf': 23.35231520915027, 'lambda': 8.318401153587363, 'alpha': 4.879401722072646, 'max_depth': 1, 'eta': 0.2121540848821214, 'gamma': 6.950939075848112, 'num_boost_rounds': 105}. Best is trial 334 with value: 0.017178.
2025-01-02 17:40:20 INFO     Trial 368 finished with value: 0.017155 and parameters: {'max_delta_step': 81.25774151609387, 'colsample_bytree': 0.5290301903737029, 'subsample': 0.6192847001379862, 'min_child_weight': 46.6107760214192, 'min_data_in_leaf': 25.031517371558103, 'lambda': 1.7232059101230757, 'alpha': 4.1076995430597325, 'max_depth': 1, 'eta': 0.20481181294755016, 'gamma': 7.379374681301338, 'num_boost_rounds': 25}. Best is trial 334 with value: 0.017178.
2025-01-02 17:40:20 INFO     Trial 369 pruned. Trial was pruned at iteration 5.
2025-01-02 17:40:21 INFO     Trial 370 pruned. Trial was pruned at iteration 9.
2025-01-02 17:40:21 INFO     Trial 371 pruned. Trial was pruned at iteration 5.
2025-01-02 17:40:22 INFO     Trial 372 pruned. Trial was pruned at iteration 6.
2025-01-02 17:40:22 INFO     Trial 373 pruned. Trial was pruned at iteration 5.
2025-01-02 17:40:23 INFO     Trial 374 pruned. Trial was pruned at iteration 0.
2025-01-02 17:40:23 INFO     Trial 375 finished with value: 0.017159 and parameters: {'max_delta_step': 84.7210644079314, 'colsample_bytree': 0.525413826050318, 'subsample': 0.6029220135333202, 'min_child_weight': 41.58811707996114, 'min_data_in_leaf': 23.159539060283716, 'lambda': 2.1558154493989115, 'alpha': 5.053047872304964, 'max_depth': 1, 'eta': 0.20607026207651497, 'gamma': 3.851418726848322, 'num_boost_rounds': 50}. Best is trial 334 with value: 0.017178.
2025-01-02 17:40:24 INFO     Trial 376 pruned. Trial was pruned at iteration 5.
2025-01-02 17:40:24 INFO     Trial 377 pruned. Trial was pruned at iteration 0.
2025-01-02 17:40:25 INFO     Trial 378 pruned. Trial was pruned at iteration 9.
2025-01-02 17:40:25 INFO     Trial 379 pruned. Trial was pruned at iteration 5.
2025-01-02 17:40:26 INFO     Trial 380 finished with value: 0.017241 and parameters: {'max_delta_step': 76.80781438214392, 'colsample_bytree': 0.5343506332935313, 'subsample': 0.9095248451095682, 'min_child_weight': 37.72629084735907, 'min_data_in_leaf': 16.410246262972038, 'lambda': 0.881828267339721, 'alpha': 4.756773918750721, 'max_depth': 1, 'eta': 0.21565308727029736, 'gamma': 6.438271816238657, 'num_boost_rounds': 95}. Best is trial 380 with value: 0.017241.
2025-01-02 17:40:27 INFO     Trial 381 pruned. Trial was pruned at iteration 5.
2025-01-02 17:40:27 INFO     Trial 382 pruned. Trial was pruned at iteration 0.
2025-01-02 17:40:28 INFO     Trial 383 pruned. Trial was pruned at iteration 5.
2025-01-02 17:40:28 INFO     Trial 384 finished with value: 0.017241 and parameters: {'max_delta_step': 74.74959127902565, 'colsample_bytree': 0.5235611914177558, 'subsample': 0.8772697563972408, 'min_child_weight': 33.609550218025305, 'min_data_in_leaf': 15.857863574554807, 'lambda': 1.0144832403951396, 'alpha': 4.769719813023157, 'max_depth': 1, 'eta': 0.21700620789018824, 'gamma': 6.8132164394643056, 'num_boost_rounds': 95}. Best is trial 380 with value: 0.017241.
2025-01-02 17:40:29 INFO     Trial 385 pruned. Trial was pruned at iteration 9.
2025-01-02 17:40:30 INFO     Trial 386 pruned. Trial was pruned at iteration 9.
2025-01-02 17:40:30 INFO     Trial 387 pruned. Trial was pruned at iteration 9.
2025-01-02 17:40:31 INFO     Trial 388 pruned. Trial was pruned at iteration 5.
2025-01-02 17:40:31 INFO     Trial 389 finished with value: 0.017241 and parameters: {'max_delta_step': 71.73040885809183, 'colsample_bytree': 0.5283252213712346, 'subsample': 0.910869535472977, 'min_child_weight': 31.102097322631845, 'min_data_in_leaf': 15.477154216493204, 'lambda': 0.2096729278518218, 'alpha': 4.757318165274799, 'max_depth': 1, 'eta': 0.2154983164508478, 'gamma': 9.063905165924071, 'num_boost_rounds': 10}. Best is trial 380 with value: 0.017241.
2025-01-02 17:40:32 INFO     Trial 390 pruned. Trial was pruned at iteration 9.
2025-01-02 17:40:33 INFO     Trial 391 pruned. Trial was pruned at iteration 5.
2025-01-02 17:40:33 INFO     Trial 392 pruned. Trial was pruned at iteration 9.
2025-01-02 17:40:34 INFO     Trial 393 finished with value: 0.017241 and parameters: {'max_delta_step': 64.68535778457023, 'colsample_bytree': 0.527945450454223, 'subsample': 0.8567101186797513, 'min_child_weight': 28.796018834344387, 'min_data_in_leaf': 15.103125615543448, 'lambda': 0.47636094518413064, 'alpha': 5.3326030158966375, 'max_depth': 1, 'eta': 0.21426066764637408, 'gamma': 6.149806393960683, 'num_boost_rounds': 15}. Best is trial 380 with value: 0.017241.
2025-01-02 17:40:34 INFO     Trial 394 pruned. Trial was pruned at iteration 9.
2025-01-02 17:40:35 INFO     Trial 395 finished with value: 0.017241 and parameters: {'max_delta_step': 73.89924786763034, 'colsample_bytree': 0.5276420734777713, 'subsample': 0.8866405636144918, 'min_child_weight': 27.536439563421517, 'min_data_in_leaf': 16.234757631375707, 'lambda': 0.5333198047876262, 'alpha': 5.18418366514847, 'max_depth': 1, 'eta': 0.2153661192083331, 'gamma': 6.306567866958713, 'num_boost_rounds': 15}. Best is trial 380 with value: 0.017241.
2025-01-02 17:40:36 INFO     Trial 396 pruned. Trial was pruned at iteration 9.
2025-01-02 17:40:36 INFO     Trial 397 pruned. Trial was pruned at iteration 9.
2025-01-02 17:40:37 INFO     Trial 398 finished with value: 0.017241 and parameters: {'max_delta_step': 73.22542611937646, 'colsample_bytree': 0.5013562726478835, 'subsample': 0.8583628712708237, 'min_child_weight': 23.701671811838345, 'min_data_in_leaf': 16.89132450102596, 'lambda': 0.6473607967225219, 'alpha': 5.772665170766271, 'max_depth': 1, 'eta': 0.21436846918687757, 'gamma': 6.113023182769329, 'num_boost_rounds': 10}. Best is trial 380 with value: 0.017241.
2025-01-02 17:40:38 INFO     Trial 399 pruned. Trial was pruned at iteration 9.
2025-01-02 17:40:38 INFO     Trial 400 pruned. Trial was pruned at iteration 9.
2025-01-02 17:40:39 INFO     Trial 401 finished with value: 0.017241 and parameters: {'max_delta_step': 71.8750088217403, 'colsample_bytree': 0.517658829912511, 'subsample': 0.8644214871285837, 'min_child_weight': 29.30702557301705, 'min_data_in_leaf': 16.819384182515314, 'lambda': 0.7086884998838147, 'alpha': 5.633176679373496, 'max_depth': 1, 'eta': 0.21412991850529933, 'gamma': 5.724644678339447, 'num_boost_rounds': 15}. Best is trial 380 with value: 0.017241.
2025-01-02 17:40:40 INFO     Trial 402 finished with value: 0.017277 and parameters: {'max_delta_step': 74.62092592112663, 'colsample_bytree': 0.5083288186068284, 'subsample': 0.8409851974159249, 'min_child_weight': 22.461444445521323, 'min_data_in_leaf': 16.741093212256775, 'lambda': 0.6554231483211591, 'alpha': 5.6433604057310465, 'max_depth': 1, 'eta': 0.2170585322988126, 'gamma': 5.798820621561442, 'num_boost_rounds': 15}. Best is trial 402 with value: 0.017277.
2025-01-02 17:40:40 INFO     Trial 403 pruned. Trial was pruned at iteration 9.
2025-01-02 17:40:41 INFO     Trial 404 pruned. Trial was pruned at iteration 9.
2025-01-02 17:40:42 INFO     Trial 405 pruned. Trial was pruned at iteration 9.
2025-01-02 17:40:42 INFO     Trial 406 finished with value: 0.017277 and parameters: {'max_delta_step': 71.41473320831585, 'colsample_bytree': 0.5159202823469223, 'subsample': 0.8460420450796391, 'min_child_weight': 20.754252639692538, 'min_data_in_leaf': 16.60277935687255, 'lambda': 0.6728622044716122, 'alpha': 5.799171020020656, 'max_depth': 1, 'eta': 0.21688220492883153, 'gamma': 5.762460350635206, 'num_boost_rounds': 20}. Best is trial 402 with value: 0.017277.
2025-01-02 17:40:43 INFO     Trial 407 finished with value: 0.017241 and parameters: {'max_delta_step': 71.81320287234765, 'colsample_bytree': 0.5174094319606993, 'subsample': 0.8513675170907117, 'min_child_weight': 20.46648187699335, 'min_data_in_leaf': 16.978648979880198, 'lambda': 0.4640395533301983, 'alpha': 5.66563378394181, 'max_depth': 1, 'eta': 0.21652526567339075, 'gamma': 5.696209484539368, 'num_boost_rounds': 15}. Best is trial 402 with value: 0.017277.
2025-01-02 17:40:44 INFO     Trial 408 pruned. Trial was pruned at iteration 9.
2025-01-02 17:40:44 INFO     Trial 409 pruned. Trial was pruned at iteration 0.
2025-01-02 17:40:45 INFO     Trial 410 pruned. Trial was pruned at iteration 9.
2025-01-02 17:40:45 INFO     Trial 411 pruned. Trial was pruned at iteration 9.
2025-01-02 17:40:46 INFO     Trial 412 pruned. Trial was pruned at iteration 0.
2025-01-02 17:40:46 INFO     Trial 413 pruned. Trial was pruned at iteration 9.
2025-01-02 17:40:47 INFO     Trial 414 finished with value: 0.017241 and parameters: {'max_delta_step': 69.78244225766898, 'colsample_bytree': 0.5126143486738337, 'subsample': 0.8684772600229875, 'min_child_weight': 20.93905792911364, 'min_data_in_leaf': 16.793184100024337, 'lambda': 0.5998633451072968, 'alpha': 5.976541932653732, 'max_depth': 1, 'eta': 0.21525623292092477, 'gamma': 5.935544695346134, 'num_boost_rounds': 10}. Best is trial 402 with value: 0.017277.
2025-01-02 17:40:48 INFO     Trial 415 pruned. Trial was pruned at iteration 9.
2025-01-02 17:40:48 INFO     Trial 416 pruned. Trial was pruned at iteration 0.
2025-01-02 17:40:49 INFO     Trial 417 pruned. Trial was pruned at iteration 9.
2025-01-02 17:40:49 INFO     Trial 418 pruned. Trial was pruned at iteration 9.
2025-01-02 17:40:50 INFO     Trial 419 finished with value: 0.017241 and parameters: {'max_delta_step': 67.92806747996232, 'colsample_bytree': 0.511202246177326, 'subsample': 0.8619226026613789, 'min_child_weight': 22.823990439012256, 'min_data_in_leaf': 16.810576801870095, 'lambda': 0.7094401742614131, 'alpha': 5.684747936279053, 'max_depth': 1, 'eta': 0.2148695778289804, 'gamma': 5.683167786281748, 'num_boost_rounds': 25}. Best is trial 402 with value: 0.017277.
2025-01-02 17:40:51 INFO     Trial 420 pruned. Trial was pruned at iteration 9.
2025-01-02 17:40:51 INFO     Trial 421 pruned. Trial was pruned at iteration 0.
2025-01-02 17:40:52 INFO     Trial 422 pruned. Trial was pruned at iteration 9.
2025-01-02 17:40:53 INFO     Trial 423 finished with value: 0.017241 and parameters: {'max_delta_step': 70.29238332090779, 'colsample_bytree': 0.5121308332135779, 'subsample': 0.8477063272266095, 'min_child_weight': 19.605286870504596, 'min_data_in_leaf': 15.770073077219067, 'lambda': 0.9069032695701441, 'alpha': 5.715138906161315, 'max_depth': 1, 'eta': 0.2148823409970035, 'gamma': 6.277314131684482, 'num_boost_rounds': 20}. Best is trial 402 with value: 0.017277.
2025-01-02 17:40:53 INFO     Trial 424 pruned. Trial was pruned at iteration 9.
2025-01-02 17:40:54 INFO     Trial 425 finished with value: 0.017241 and parameters: {'max_delta_step': 65.49872642226703, 'colsample_bytree': 0.512127309379716, 'subsample': 0.8480785472273286, 'min_child_weight': 23.101676639475873, 'min_data_in_leaf': 15.599083784997807, 'lambda': 0.3502169841534034, 'alpha': 6.227379059543325, 'max_depth': 1, 'eta': 0.21456954846915557, 'gamma': 5.814304437795281, 'num_boost_rounds': 20}. Best is trial 402 with value: 0.017277.
2025-01-02 17:40:54 INFO     Trial 426 pruned. Trial was pruned at iteration 9.
2025-01-02 17:40:55 INFO     Trial 427 finished with value: 0.017241 and parameters: {'max_delta_step': 66.43964803697818, 'colsample_bytree': 0.5104784884743216, 'subsample': 0.8561245192133046, 'min_child_weight': 16.08977250607544, 'min_data_in_leaf': 16.86779146583334, 'lambda': 0.39682535650604545, 'alpha': 6.614094765174986, 'max_depth': 1, 'eta': 0.21523023543553446, 'gamma': 6.081980790467305, 'num_boost_rounds': 15}. Best is trial 402 with value: 0.017277.
2025-01-02 17:40:56 INFO     Trial 428 pruned. Trial was pruned at iteration 9.
