2025-01-02 22:12:21 INFO     Trial 578 finished with value: 0.017211 and parameters: {'max_delta_step': 96.55936448987471, 'colsample_bytree': 0.9888137787778936, 'subsample': 0.7777774042098332, 'min_child_weight': 20.427616288460012, 'min_data_in_leaf': 12.930132975525462, 'lambda': 2.163070704221834, 'alpha': 5.434773566384986, 'max_depth': 5, 'eta': 0.06547274635930846, 'gamma': 6.995720956840804, 'num_boost_rounds': 10}. Best is trial 547 with value: 0.017314.
2025-01-02 22:12:22 INFO     Trial 579 pruned. Trial was pruned at iteration 0.
2025-01-02 22:12:22 INFO     Trial 580 pruned. Trial was pruned at iteration 0.
2025-01-02 22:12:23 INFO     Trial 581 pruned. Trial was pruned at iteration 0.
2025-01-02 22:12:23 INFO     Trial 582 pruned. Trial was pruned at iteration 0.
2025-01-02 22:12:24 INFO     Trial 583 pruned. Trial was pruned at iteration 0.
2025-01-02 22:12:24 INFO     Trial 584 pruned. Trial was pruned at iteration 5.
2025-01-02 22:12:25 INFO     Trial 585 pruned. Trial was pruned at iteration 0.
2025-01-02 22:12:25 INFO     Trial 586 pruned. Trial was pruned at iteration 0.
2025-01-02 22:12:25 INFO     Trial 587 pruned. Trial was pruned at iteration 0.
2025-01-02 22:12:26 INFO     Trial 588 pruned. Trial was pruned at iteration 5.
2025-01-02 22:12:26 INFO     Trial 589 pruned. Trial was pruned at iteration 0.
2025-01-02 22:12:27 INFO     Trial 590 finished with value: 0.017022 and parameters: {'max_delta_step': 96.54914079981752, 'colsample_bytree': 0.9715771171586023, 'subsample': 0.7714218913343163, 'min_child_weight': 25.98688765708782, 'min_data_in_leaf': 12.383336702005215, 'lambda': 2.614362296418224, 'alpha': 5.824659613454873, 'max_depth': 5, 'eta': 0.04792339748592074, 'gamma': 9.088019877047019, 'num_boost_rounds': 130}. Best is trial 547 with value: 0.017314.
2025-01-02 22:12:28 INFO     Trial 591 pruned. Trial was pruned at iteration 0.
2025-01-02 22:12:28 INFO     Trial 592 finished with value: 0.016963 and parameters: {'max_delta_step': 98.5948047490285, 'colsample_bytree': 0.9735424929331111, 'subsample': 0.7993664055658486, 'min_child_weight': 26.912181904471286, 'min_data_in_leaf': 12.099141127386051, 'lambda': 2.4910626437725174, 'alpha': 5.963591041005965, 'max_depth': 5, 'eta': 0.04512551862377369, 'gamma': 9.313769292053983, 'num_boost_rounds': 125}. Best is trial 547 with value: 0.017314.
2025-01-02 22:12:29 INFO     Trial 593 pruned. Trial was pruned at iteration 0.
2025-01-02 22:12:29 INFO     Trial 594 finished with value: 0.015775 and parameters: {'max_delta_step': 99.83003612734616, 'colsample_bytree': 0.9931048539411246, 'subsample': 0.7715470439816497, 'min_child_weight': 25.666770725130633, 'min_data_in_leaf': 12.459628062582759, 'lambda': 2.605420275036646, 'alpha': 5.928115567584427, 'max_depth': 5, 'eta': 0.03165137126066379, 'gamma': 9.269430678692288, 'num_boost_rounds': 130}. Best is trial 547 with value: 0.017314.
2025-01-02 22:12:30 INFO     Trial 595 pruned. Trial was pruned at iteration 0.
2025-01-02 22:12:31 INFO     Trial 596 finished with value: 0.017014 and parameters: {'max_delta_step': 97.9774181443851, 'colsample_bytree': 0.9310196580750402, 'subsample': 0.808370035226054, 'min_child_weight': 24.709717345962897, 'min_data_in_leaf': 20.655066693320048, 'lambda': 1.6641983848168596, 'alpha': 5.719506903008643, 'max_depth': 5, 'eta': 0.07423941864005265, 'gamma': 9.52467901109058, 'num_boost_rounds': 115}. Best is trial 547 with value: 0.017314.
2025-01-02 22:12:31 INFO     Trial 597 pruned. Trial was pruned at iteration 5.
2025-01-02 22:12:32 INFO     Trial 598 pruned. Trial was pruned at iteration 5.
2025-01-02 22:12:32 INFO     Trial 599 pruned. Trial was pruned at iteration 0.
2025-01-02 22:12:33 INFO     Trial 600 pruned. Trial was pruned at iteration 0.
2025-01-02 22:12:33 INFO     Trial 601 pruned. Trial was pruned at iteration 0.
2025-01-02 22:12:33 INFO     Trial 602 pruned. Trial was pruned at iteration 5.
2025-01-02 22:12:34 INFO     Trial 603 pruned. Trial was pruned at iteration 0.
2025-01-02 22:12:34 INFO     Trial 604 pruned. Trial was pruned at iteration 0.
2025-01-02 22:12:35 INFO     Trial 605 pruned. Trial was pruned at iteration 5.
2025-01-02 22:12:35 INFO     Trial 606 pruned. Trial was pruned at iteration 0.
2025-01-02 22:12:36 INFO     Trial 607 pruned. Trial was pruned at iteration 0.
2025-01-02 22:12:36 INFO     Trial 608 pruned. Trial was pruned at iteration 0.
2025-01-02 22:12:37 INFO     Trial 609 pruned. Trial was pruned at iteration 0.
2025-01-02 22:12:37 INFO     Trial 610 pruned. Trial was pruned at iteration 0.
2025-01-02 22:12:38 INFO     Trial 611 finished with value: 0.016782 and parameters: {'max_delta_step': 97.52685223325025, 'colsample_bytree': 0.9251424512048723, 'subsample': 0.8324972273308984, 'min_child_weight': 25.565372907177466, 'min_data_in_leaf': 11.903507586215389, 'lambda': 2.8245441568435394, 'alpha': 6.031179598270887, 'max_depth': 5, 'eta': 0.060086899576337414, 'gamma': 8.95508000875974, 'num_boost_rounds': 70}. Best is trial 547 with value: 0.017314.
2025-01-02 22:12:38 INFO     Trial 612 pruned. Trial was pruned at iteration 0.
2025-01-02 22:12:39 INFO     Trial 613 pruned. Trial was pruned at iteration 0.
2025-01-02 22:12:39 INFO     Trial 614 pruned. Trial was pruned at iteration 0.
2025-01-02 22:12:40 INFO     Trial 615 finished with value: 0.017 and parameters: {'max_delta_step': 96.64825568471207, 'colsample_bytree': 0.9735582090272772, 'subsample': 0.7991770445833691, 'min_child_weight': 23.724415196592524, 'min_data_in_leaf': 20.337784857999637, 'lambda': 2.4098514300825116, 'alpha': 1.0276513596033148, 'max_depth': 5, 'eta': 0.06985080518935483, 'gamma': 9.294508853990376, 'num_boost_rounds': 60}. Best is trial 547 with value: 0.017314.
2025-01-02 22:12:40 INFO     Trial 616 pruned. Trial was pruned at iteration 0.
2025-01-02 22:12:41 INFO     Trial 617 pruned. Trial was pruned at iteration 5.
2025-01-02 22:12:42 INFO     Trial 618 pruned. Trial was pruned at iteration 5.
2025-01-02 22:12:42 INFO     Trial 619 pruned. Trial was pruned at iteration 0.
2025-01-02 22:12:43 INFO     Trial 620 finished with value: 0.016156 and parameters: {'max_delta_step': 99.8893801421437, 'colsample_bytree': 0.9607586122927828, 'subsample': 0.7757588872905757, 'min_child_weight': 20.6677657566094, 'min_data_in_leaf': 10.498630766458026, 'lambda': 2.467279421635304, 'alpha': 5.882663120649515, 'max_depth': 5, 'eta': 0.060091101420608424, 'gamma': 7.288752083396673, 'num_boost_rounds': 115}. Best is trial 547 with value: 0.017314.
2025-01-02 22:12:43 INFO     Trial 621 pruned. Trial was pruned at iteration 5.
2025-01-02 22:12:44 INFO     Trial 622 pruned. Trial was pruned at iteration 0.
2025-01-02 22:12:44 INFO     Trial 623 pruned. Trial was pruned at iteration 0.
2025-01-02 22:12:44 INFO     Trial 624 pruned. Trial was pruned at iteration 0.
2025-01-02 22:12:45 INFO     Trial 625 pruned. Trial was pruned at iteration 0.
2025-01-02 22:12:45 INFO     Trial 626 pruned. Trial was pruned at iteration 0.
2025-01-02 22:12:46 INFO     Trial 627 finished with value: 0.016949 and parameters: {'max_delta_step': 91.71808611372342, 'colsample_bytree': 0.9841495161675649, 'subsample': 0.7699520606766803, 'min_child_weight': 19.090204376448934, 'min_data_in_leaf': 10.91005394526104, 'lambda': 3.079313540855675, 'alpha': 5.812096816850873, 'max_depth': 5, 'eta': 0.043845963187577996, 'gamma': 7.492192918930468, 'num_boost_rounds': 130}. Best is trial 547 with value: 0.017314.
2025-01-02 22:12:47 INFO     Trial 628 finished with value: 0.015775 and parameters: {'max_delta_step': 95.92660382109003, 'colsample_bytree': 0.9337341680919597, 'subsample': 0.8070874052313097, 'min_child_weight': 21.115736160094624, 'min_data_in_leaf': 21.977926170549893, 'lambda': 3.2886877238078087, 'alpha': 2.6790161182124126, 'max_depth': 5, 'eta': 0.033971507851138685, 'gamma': 6.642920848665616, 'num_boost_rounds': 115}. Best is trial 547 with value: 0.017314.
2025-01-02 22:12:47 INFO     Trial 629 pruned. Trial was pruned at iteration 0.
2025-01-02 22:12:48 INFO     Trial 630 pruned. Trial was pruned at iteration 5.
2025-01-02 22:12:48 INFO     Trial 631 pruned. Trial was pruned at iteration 5.
2025-01-02 22:12:49 INFO     Trial 632 pruned. Trial was pruned at iteration 5.
2025-01-02 22:12:49 INFO     Trial 633 pruned. Trial was pruned at iteration 0.
2025-01-02 22:12:50 INFO     Trial 634 pruned. Trial was pruned at iteration 0.
2025-01-02 22:12:51 INFO     Trial 635 finished with value: 0.016038 and parameters: {'max_delta_step': 99.97440968552527, 'colsample_bytree': 0.9436431990997904, 'subsample': 0.7650377725413905, 'min_child_weight': 24.61624755956419, 'min_data_in_leaf': 12.273178001176925, 'lambda': 2.6444945419683084, 'alpha': 1.3324404403372765, 'max_depth': 5, 'eta': 0.05558492061711354, 'gamma': 8.615917704449295, 'num_boost_rounds': 125}. Best is trial 547 with value: 0.017314.
2025-01-02 22:12:51 INFO     Trial 636 pruned. Trial was pruned at iteration 0.
2025-01-02 22:12:52 INFO     Trial 637 pruned. Trial was pruned at iteration 5.
2025-01-02 22:12:52 INFO     Trial 638 pruned. Trial was pruned at iteration 0.
2025-01-02 22:12:53 INFO     Trial 639 pruned. Trial was pruned at iteration 5.
2025-01-02 22:12:53 INFO     Trial 640 pruned. Trial was pruned at iteration 0.
2025-01-02 22:12:54 INFO     Trial 641 finished with value: 0.015885 and parameters: {'max_delta_step': 94.74400862930885, 'colsample_bytree': 0.9900623896926833, 'subsample': 0.7808151204624114, 'min_child_weight': 24.01978971035614, 'min_data_in_leaf': 20.941262936760793, 'lambda': 3.483356555398692, 'alpha': 1.6337184049336622, 'max_depth': 5, 'eta': 0.0427128784535602, 'gamma': 6.271821438774306, 'num_boost_rounds': 130}. Best is trial 547 with value: 0.017314.
2025-01-02 22:12:54 INFO     Trial 642 pruned. Trial was pruned at iteration 0.
2025-01-02 22:12:55 INFO     Trial 643 finished with value: 0.016942 and parameters: {'max_delta_step': 93.17062480838824, 'colsample_bytree': 0.9737635673284671, 'subsample': 0.7636673021268181, 'min_child_weight': 26.333404523088035, 'min_data_in_leaf': 21.439193583875863, 'lambda': 2.489414114902484, 'alpha': 6.0058177675752615, 'max_depth': 5, 'eta': 0.050386497504501374, 'gamma': 7.2448651151416925, 'num_boost_rounds': 125}. Best is trial 547 with value: 0.017314.
2025-01-02 22:12:55 INFO     Trial 644 pruned. Trial was pruned at iteration 0.
2025-01-02 22:12:56 INFO     Trial 645 finished with value: 0.017182 and parameters: {'max_delta_step': 88.56599653002004, 'colsample_bytree': 0.9357037543057027, 'subsample': 0.7760892596391131, 'min_child_weight': 21.73732603345031, 'min_data_in_leaf': 11.55428527476748, 'lambda': 2.1135293578592336, 'alpha': 2.8827864451351375, 'max_depth': 5, 'eta': 0.0371110271789277, 'gamma': 6.584811278485899, 'num_boost_rounds': 130}. Best is trial 547 with value: 0.017314.
2025-01-02 22:12:57 INFO     Trial 646 pruned. Trial was pruned at iteration 0.
2025-01-02 22:12:57 INFO     Trial 647 finished with value: 0.015804 and parameters: {'max_delta_step': 86.37850552818082, 'colsample_bytree': 0.9195470049363655, 'subsample': 0.7792663483869476, 'min_child_weight': 18.138362410056452, 'min_data_in_leaf': 11.424500620054278, 'lambda': 2.9389068992974576, 'alpha': 2.6997115731372836, 'max_depth': 5, 'eta': 0.018223811925477677, 'gamma': 6.783135269566167, 'num_boost_rounds': 140}. Best is trial 547 with value: 0.017314.
2025-01-02 22:12:58 INFO     Trial 648 pruned. Trial was pruned at iteration 0.
2025-01-02 22:12:58 INFO     Trial 649 pruned. Trial was pruned at iteration 0.
2025-01-02 22:12:59 INFO     Trial 650 pruned. Trial was pruned at iteration 0.
2025-01-02 22:12:59 INFO     Trial 651 finished with value: 0.015915 and parameters: {'max_delta_step': 90.02701119714209, 'colsample_bytree': 0.9486218942676736, 'subsample': 0.7946728365611037, 'min_child_weight': 21.96996489967799, 'min_data_in_leaf': 11.56573228455163, 'lambda': 7.91335824623131, 'alpha': 2.8335118401328985, 'max_depth': 5, 'eta': 0.030717950705708118, 'gamma': 6.875983376253616, 'num_boost_rounds': 150}. Best is trial 547 with value: 0.017314.
2025-01-02 22:13:00 INFO     Trial 652 pruned. Trial was pruned at iteration 0.
2025-01-02 22:13:00 INFO     Trial 653 pruned. Trial was pruned at iteration 0.
2025-01-02 22:13:01 INFO     Trial 654 pruned. Trial was pruned at iteration 5.
2025-01-02 22:13:01 INFO     Trial 655 finished with value: 0.017197 and parameters: {'max_delta_step': 91.41650908433901, 'colsample_bytree': 0.9490605943998192, 'subsample': 0.7810520018796475, 'min_child_weight': 17.63901005747597, 'min_data_in_leaf': 10.308771896119472, 'lambda': 2.9040280181458447, 'alpha': 4.065509681095536, 'max_depth': 5, 'eta': 0.041722507966326275, 'gamma': 3.547618799150151, 'num_boost_rounds': 125}. Best is trial 547 with value: 0.017314.
2025-01-02 22:13:02 INFO     Trial 656 pruned. Trial was pruned at iteration 0.
2025-01-02 22:13:02 INFO     Trial 657 pruned. Trial was pruned at iteration 0.
2025-01-02 22:13:03 INFO     Trial 658 finished with value: 0.015789 and parameters: {'max_delta_step': 94.30843141072722, 'colsample_bytree': 0.9505649004854974, 'subsample': 0.821810524621807, 'min_child_weight': 23.075612382980523, 'min_data_in_leaf': 10.22314758569603, 'lambda': 2.892250242175682, 'alpha': 3.7951034515895037, 'max_depth': 5, 'eta': 0.023719366755910024, 'gamma': 3.5600330725842264, 'num_boost_rounds': 125}. Best is trial 547 with value: 0.017314.
2025-01-02 22:13:03 INFO     Trial 659 pruned. Trial was pruned at iteration 0.
2025-01-02 22:13:04 INFO     Trial 660 pruned. Trial was pruned at iteration 0.
2025-01-02 22:13:05 INFO     Trial 661 finished with value: 0.015885 and parameters: {'max_delta_step': 91.18808070138593, 'colsample_bytree': 0.9409879586480883, 'subsample': 0.7808489538449618, 'min_child_weight': 20.912956476105823, 'min_data_in_leaf': 10.509832963673718, 'lambda': 2.9598348649294755, 'alpha': 3.5523244600473185, 'max_depth': 5, 'eta': 0.04441346182372645, 'gamma': 4.010009885207819, 'num_boost_rounds': 125}. Best is trial 547 with value: 0.017314.
2025-01-02 22:13:05 INFO     Trial 662 pruned. Trial was pruned at iteration 0.
2025-01-02 22:13:06 INFO     Trial 663 finished with value: 0.017182 and parameters: {'max_delta_step': 96.25711672694356, 'colsample_bytree': 0.9522546064875395, 'subsample': 0.7753862338130912, 'min_child_weight': 22.616083163863408, 'min_data_in_leaf': 10.678005864501536, 'lambda': 2.1033936059192384, 'alpha': 2.9590831577139345, 'max_depth': 5, 'eta': 0.04503163633090908, 'gamma': 3.361202792275402, 'num_boost_rounds': 125}. Best is trial 547 with value: 0.017314.
2025-01-02 22:13:06 INFO     Trial 664 pruned. Trial was pruned at iteration 0.
2025-01-02 22:13:07 INFO     Trial 665 pruned. Trial was pruned at iteration 5.
2025-01-02 22:13:07 INFO     Trial 666 finished with value: 0.016971 and parameters: {'max_delta_step': 94.66073563422556, 'colsample_bytree': 0.9471562277838593, 'subsample': 0.814195796150708, 'min_child_weight': 23.73117671162919, 'min_data_in_leaf': 10.034178664501011, 'lambda': 2.066920537749926, 'alpha': 2.9171584822737042, 'max_depth': 5, 'eta': 0.036838421277266456, 'gamma': 3.5267595211608564, 'num_boost_rounds': 125}. Best is trial 547 with value: 0.017314.
2025-01-02 22:13:08 INFO     Trial 667 pruned. Trial was pruned at iteration 0.
2025-01-02 22:13:09 INFO     Trial 668 finished with value: 0.015797 and parameters: {'max_delta_step': 95.57673896761041, 'colsample_bytree': 0.9606542651042931, 'subsample': 0.8304566850689423, 'min_child_weight': 22.301234580631586, 'min_data_in_leaf': 10.359986574583433, 'lambda': 2.0989529494733192, 'alpha': 3.0863157401833234, 'max_depth': 5, 'eta': 0.04530508293266557, 'gamma': 3.688727514748291, 'num_boost_rounds': 110}. Best is trial 547 with value: 0.017314.
2025-01-02 22:13:09 INFO     Trial 669 pruned. Trial was pruned at iteration 0.
2025-01-02 22:13:09 INFO     Trial 670 pruned. Trial was pruned at iteration 0.
2025-01-02 22:13:10 INFO     Trial 671 pruned. Trial was pruned at iteration 0.
2025-01-02 22:13:10 INFO     Trial 672 pruned. Trial was pruned at iteration 0.
2025-01-02 22:13:11 INFO     Trial 673 finished with value: 0.017022 and parameters: {'max_delta_step': 88.99008303655292, 'colsample_bytree': 0.9459351135705153, 'subsample': 0.7788801838871362, 'min_child_weight': 21.622989139356406, 'min_data_in_leaf': 10.339042771099738, 'lambda': 3.142221064919827, 'alpha': 4.562432662511874, 'max_depth': 5, 'eta': 0.04736312548212618, 'gamma': 2.560739302076094, 'num_boost_rounds': 120}. Best is trial 547 with value: 0.017314.
2025-01-02 22:13:12 INFO     Trial 674 finished with value: 0.016458 and parameters: {'max_delta_step': 85.73538570629542, 'colsample_bytree': 0.9595407536774906, 'subsample': 0.7762648683513776, 'min_child_weight': 20.808011181619722, 'min_data_in_leaf': 10.089176912709396, 'lambda': 3.163080001074804, 'alpha': 4.277461209969664, 'max_depth': 5, 'eta': 0.04809867968900177, 'gamma': 2.322471554060899, 'num_boost_rounds': 120}. Best is trial 547 with value: 0.017314.
2025-01-02 22:13:13 INFO     Trial 675 finished with value: 0.016818 and parameters: {'max_delta_step': 90.20301451846683, 'colsample_bytree': 0.9504467314525662, 'subsample': 0.7661169876887994, 'min_child_weight': 17.894215911503597, 'min_data_in_leaf': 10.296883461366486, 'lambda': 3.1840508322291576, 'alpha': 4.075917300272172, 'max_depth': 5, 'eta': 0.042147071999133534, 'gamma': 2.1238436846172086, 'num_boost_rounds': 125}. Best is trial 547 with value: 0.017314.
2025-01-02 22:13:13 INFO     Trial 676 finished with value: 0.017051 and parameters: {'max_delta_step': 83.88542167891072, 'colsample_bytree': 0.966304593034209, 'subsample': 0.7788922582981986, 'min_child_weight': 19.29822352570281, 'min_data_in_leaf': 10.62121996559667, 'lambda': 3.1323273806433583, 'alpha': 4.388839514034539, 'max_depth': 5, 'eta': 0.03969677996880391, 'gamma': 2.2789257698750456, 'num_boost_rounds': 130}. Best is trial 547 with value: 0.017314.
2025-01-02 22:13:14 INFO     Trial 677 finished with value: 0.016949 and parameters: {'max_delta_step': 84.4361101167373, 'colsample_bytree': 0.9516623109716467, 'subsample': 0.7693010441013417, 'min_child_weight': 21.239874620408514, 'min_data_in_leaf': 10.499974627855138, 'lambda': 3.2617740665040706, 'alpha': 3.879909487599422, 'max_depth': 5, 'eta': 0.03732919681016232, 'gamma': 2.5797069068880174, 'num_boost_rounds': 135}. Best is trial 547 with value: 0.017314.
2025-01-02 22:13:15 INFO     Trial 678 pruned. Trial was pruned at iteration 5.
2025-01-02 22:13:15 INFO     Trial 679 pruned. Trial was pruned at iteration 0.
2025-01-02 22:13:16 INFO     Trial 680 finished with value: 0.016956 and parameters: {'max_delta_step': 86.86753430496206, 'colsample_bytree': 0.9583733049452542, 'subsample': 0.7614826064071424, 'min_child_weight': 22.83942492369597, 'min_data_in_leaf': 11.001104065123283, 'lambda': 3.0804420958763807, 'alpha': 4.361199896677541, 'max_depth': 5, 'eta': 0.043789197512254824, 'gamma': 2.1153686313352407, 'num_boost_rounds': 130}. Best is trial 547 with value: 0.017314.
2025-01-02 22:13:16 INFO     Trial 681 pruned. Trial was pruned at iteration 0.
2025-01-02 22:13:17 INFO     Trial 682 finished with value: 0.016818 and parameters: {'max_delta_step': 79.57578639289214, 'colsample_bytree': 0.9540761134922399, 'subsample': 0.767896126617917, 'min_child_weight': 14.927896040222858, 'min_data_in_leaf': 10.660818229341201, 'lambda': 3.319882508252915, 'alpha': 4.5465061154253075, 'max_depth': 5, 'eta': 0.047126564574873846, 'gamma': 1.8512040957484186, 'num_boost_rounds': 130}. Best is trial 547 with value: 0.017314.
2025-01-02 22:13:18 INFO     Trial 683 finished with value: 0.015804 and parameters: {'max_delta_step': 89.12923920784674, 'colsample_bytree': 0.9636670503929036, 'subsample': 0.7776863183479855, 'min_child_weight': 18.930895448562428, 'min_data_in_leaf': 10.011175212424504, 'lambda': 3.6857985547168743, 'alpha': 4.9459687236944845, 'max_depth': 5, 'eta': 0.026880123363607525, 'gamma': 1.7767164080821696, 'num_boost_rounds': 125}. Best is trial 547 with value: 0.017314.
2025-01-02 22:13:18 INFO     Trial 684 finished with value: 0.016811 and parameters: {'max_delta_step': 91.64854265818775, 'colsample_bytree': 0.9440270620330419, 'subsample': 0.7536288028520258, 'min_child_weight': 16.678079781900344, 'min_data_in_leaf': 10.811012713479935, 'lambda': 3.0051458925974446, 'alpha': 3.9455096171142503, 'max_depth': 5, 'eta': 0.035763881878932, 'gamma': 2.468941222905163, 'num_boost_rounds': 135}. Best is trial 547 with value: 0.017314.
2025-01-02 22:13:19 INFO     Trial 685 pruned. Trial was pruned at iteration 0.
2025-01-02 22:13:20 INFO     Trial 686 finished with value: 0.016949 and parameters: {'max_delta_step': 92.42386664937976, 'colsample_bytree': 0.9668088217223032, 'subsample': 0.7683652300373119, 'min_child_weight': 20.349692540913, 'min_data_in_leaf': 10.01229742875047, 'lambda': 3.3970150850510255, 'alpha': 4.71508655776792, 'max_depth': 5, 'eta': 0.04662546252531189, 'gamma': 1.6201975383288616, 'num_boost_rounds': 130}. Best is trial 547 with value: 0.017314.
2025-01-02 22:13:20 INFO     Trial 687 pruned. Trial was pruned at iteration 0.
2025-01-02 22:13:21 INFO     Trial 688 finished with value: 0.016796 and parameters: {'max_delta_step': 82.85243702053423, 'colsample_bytree': 0.9544236811634702, 'subsample': 0.7568265348666884, 'min_child_weight': 18.13733879473142, 'min_data_in_leaf': 11.432286839055791, 'lambda': 3.039283658413007, 'alpha': 4.462172033307255, 'max_depth': 5, 'eta': 0.022102692050044184, 'gamma': 2.027634500067035, 'num_boost_rounds': 130}. Best is trial 547 with value: 0.017314.
