2025-01-02 12:49:16 INFO     Trial 509 pruned. Trial was pruned at iteration 0.
2025-01-02 12:49:16 INFO     Trial 510 pruned. Trial was pruned at iteration 1.
2025-01-02 12:49:16 INFO     Trial 511 pruned. Trial was pruned at iteration 0.
2025-01-02 12:49:17 INFO     Trial 512 pruned. Trial was pruned at iteration 1.
2025-01-02 12:49:18 INFO     n_estimators: 10
2025-01-02 12:49:18 INFO     Trial 513 finished with value: 0.017219 and parameters: {'max_delta_step': 18.340844442517824, 'colsample_bytree': 0.8977377680101832, 'subsample': 0.7587228515174773, 'min_child_weight': 16.868253493876995, 'min_data_in_leaf': 14.591249789958606, 'lambda': 0.18858360971038907, 'alpha': 7.5234977360327715, 'max_depth': 5, 'eta': 0.03589696057283393, 'gamma': 0.7409821561704488, 'num_boost_rounds': 30}. Best is trial 245 with value: 0.017549.
2025-01-02 12:49:18 INFO     Trial 514 pruned. Trial was pruned at iteration 1.
2025-01-02 12:49:18 INFO     Trial 515 pruned. Trial was pruned at iteration 0.
2025-01-02 12:49:19 INFO     n_estimators: 10
2025-01-02 12:49:19 INFO     Trial 516 finished with value: 0.017299 and parameters: {'max_delta_step': 30.068273031344656, 'colsample_bytree': 0.9206349304087197, 'subsample': 0.7500488042887671, 'min_child_weight': 11.842035104564603, 'min_data_in_leaf': 16.247127820610086, 'lambda': 0.7694221410211788, 'alpha': 8.519426406612672, 'max_depth': 5, 'eta': 0.024723491840910702, 'gamma': 2.092284869840649, 'num_boost_rounds': 15}. Best is trial 245 with value: 0.017549.
2025-01-02 12:49:19 INFO     Trial 517 pruned. Trial was pruned at iteration 0.
2025-01-02 12:49:20 INFO     n_estimators: 10
2025-01-02 12:49:20 INFO     Trial 518 finished with value: 0.016942 and parameters: {'max_delta_step': 16.64401518512276, 'colsample_bytree': 0.9056032241617947, 'subsample': 0.7985457105239663, 'min_child_weight': 18.944200744023732, 'min_data_in_leaf': 17.130428489849017, 'lambda': 0.3568081442339203, 'alpha': 8.332621587983935, 'max_depth': 5, 'eta': 0.017961313799551508, 'gamma': 1.3520792694973576, 'num_boost_rounds': 30}. Best is trial 245 with value: 0.017549.
2025-01-02 12:49:21 INFO     n_estimators: 10
2025-01-02 12:49:21 INFO     Trial 519 finished with value: 0.017014 and parameters: {'max_delta_step': 21.93601090393837, 'colsample_bytree': 0.918023405623935, 'subsample': 0.6545138335461135, 'min_child_weight': 15.014694298260219, 'min_data_in_leaf': 18.628596121316395, 'lambda': 0.16133700576010815, 'alpha': 7.3114084545833915, 'max_depth': 5, 'eta': 0.03741980713543971, 'gamma': 1.7300056610645012, 'num_boost_rounds': 15}. Best is trial 245 with value: 0.017549.
2025-01-02 12:49:21 INFO     n_estimators: 10
2025-01-02 12:49:22 INFO     Trial 520 finished with value: 0.016876 and parameters: {'max_delta_step': 18.939467719596387, 'colsample_bytree': 0.9573571856382314, 'subsample': 0.7809360575183903, 'min_child_weight': 22.972903385598162, 'min_data_in_leaf': 15.62730281951351, 'lambda': 0.5618651099382979, 'alpha': 7.633912821408103, 'max_depth': 5, 'eta': 0.033539968246004685, 'gamma': 0.9215327663315869, 'num_boost_rounds': 20}. Best is trial 245 with value: 0.017549.
2025-01-02 12:49:22 INFO     Trial 521 pruned. Trial was pruned at iteration 1.
2025-01-02 12:49:22 INFO     Trial 522 pruned. Trial was pruned at iteration 0.
2025-01-02 12:49:23 INFO     Trial 523 pruned. Trial was pruned at iteration 0.
2025-01-02 12:49:23 INFO     Trial 524 pruned. Trial was pruned at iteration 1.
2025-01-02 12:49:24 INFO     n_estimators: 10
2025-01-02 12:49:24 INFO     Trial 525 finished with value: 0.017299 and parameters: {'max_delta_step': 20.326773712513955, 'colsample_bytree': 0.9373338278719863, 'subsample': 0.7550272764601773, 'min_child_weight': 11.444814710015219, 'min_data_in_leaf': 15.167145141381493, 'lambda': 0.16691725873783175, 'alpha': 7.812249378393726, 'max_depth': 5, 'eta': 0.034579930543952905, 'gamma': 2.046045667664951, 'num_boost_rounds': 25}. Best is trial 245 with value: 0.017549.
2025-01-02 12:49:24 INFO     Trial 526 pruned. Trial was pruned at iteration 0.
2025-01-02 12:49:25 INFO     Trial 527 pruned. Trial was pruned at iteration 0.
2025-01-02 12:49:25 INFO     Trial 528 pruned. Trial was pruned at iteration 0.
2025-01-02 12:49:25 INFO     Trial 529 pruned. Trial was pruned at iteration 1.
2025-01-02 12:49:26 INFO     Trial 530 pruned. Trial was pruned at iteration 0.
2025-01-02 12:49:26 INFO     Trial 531 pruned. Trial was pruned at iteration 1.
2025-01-02 12:49:27 INFO     Trial 532 pruned. Trial was pruned at iteration 1.
2025-01-02 12:49:27 INFO     Trial 533 pruned. Trial was pruned at iteration 0.
2025-01-02 12:49:27 INFO     Trial 534 pruned. Trial was pruned at iteration 1.
2025-01-02 12:49:28 INFO     Trial 535 pruned. Trial was pruned at iteration 0.
2025-01-02 12:49:28 INFO     Trial 536 pruned. Trial was pruned at iteration 1.
2025-01-02 12:49:29 INFO     Trial 537 pruned. Trial was pruned at iteration 0.
2025-01-02 12:49:29 INFO     Trial 538 pruned. Trial was pruned at iteration 1.
2025-01-02 12:49:30 INFO     Trial 539 pruned. Trial was pruned at iteration 1.
2025-01-02 12:49:30 INFO     Trial 540 pruned. Trial was pruned at iteration 1.
2025-01-02 12:49:30 INFO     Trial 541 pruned. Trial was pruned at iteration 1.
2025-01-02 12:49:31 INFO     Trial 542 pruned. Trial was pruned at iteration 0.
2025-01-02 12:49:31 INFO     Trial 543 pruned. Trial was pruned at iteration 1.
2025-01-02 12:49:32 INFO     n_estimators: 10
2025-01-02 12:49:32 INFO     Trial 544 finished with value: 0.017299 and parameters: {'max_delta_step': 26.372034482047845, 'colsample_bytree': 0.9210656451482485, 'subsample': 0.7606975718241229, 'min_child_weight': 19.34296824232821, 'min_data_in_leaf': 15.45809823661801, 'lambda': 0.30337906234267864, 'alpha': 7.015100606849425, 'max_depth': 5, 'eta': 0.039717331803567665, 'gamma': 1.462745206916522, 'num_boost_rounds': 25}. Best is trial 245 with value: 0.017549.
2025-01-02 12:49:32 INFO     Trial 545 pruned. Trial was pruned at iteration 0.
2025-01-02 12:49:33 INFO     Trial 546 pruned. Trial was pruned at iteration 1.
2025-01-02 12:49:33 INFO     Trial 547 pruned. Trial was pruned at iteration 0.
2025-01-02 12:49:34 INFO     Trial 548 pruned. Trial was pruned at iteration 1.
2025-01-02 12:49:34 INFO     Trial 549 pruned. Trial was pruned at iteration 0.
2025-01-02 12:49:35 INFO     n_estimators: 10
2025-01-02 12:49:35 INFO     Trial 550 finished with value: 0.016724 and parameters: {'max_delta_step': 28.582077301336405, 'colsample_bytree': 0.9185879324656513, 'subsample': 0.7690806707553958, 'min_child_weight': 21.253465200131522, 'min_data_in_leaf': 19.342642284121183, 'lambda': 0.43514888131466833, 'alpha': 7.847246591226973, 'max_depth': 5, 'eta': 0.1507858691340496, 'gamma': 0.6841406653606391, 'num_boost_rounds': 30}. Best is trial 245 with value: 0.017549.
2025-01-02 12:49:35 INFO     Trial 551 pruned. Trial was pruned at iteration 0.
2025-01-02 12:49:36 INFO     n_estimators: 10
2025-01-02 12:49:36 INFO     Trial 552 finished with value: 0.017197 and parameters: {'max_delta_step': 14.69102225294067, 'colsample_bytree': 0.9298699175921136, 'subsample': 0.758053523442434, 'min_child_weight': 12.381288771291551, 'min_data_in_leaf': 17.514614544788092, 'lambda': 0.823222123807038, 'alpha': 5.050226587686939, 'max_depth': 5, 'eta': 0.036444812102159926, 'gamma': 1.6130277023763906, 'num_boost_rounds': 35}. Best is trial 245 with value: 0.017549.
2025-01-02 12:49:36 INFO     Trial 553 pruned. Trial was pruned at iteration 1.
2025-01-02 12:49:37 INFO     Trial 554 pruned. Trial was pruned at iteration 1.
2025-01-02 12:49:37 INFO     Trial 555 pruned. Trial was pruned at iteration 1.
2025-01-02 12:49:38 INFO     Trial 556 pruned. Trial was pruned at iteration 1.
2025-01-02 12:49:38 INFO     n_estimators: 10
2025-01-02 12:49:38 INFO     Trial 557 finished with value: 0.016978 and parameters: {'max_delta_step': 52.07780354237505, 'colsample_bytree': 0.9269381980486795, 'subsample': 0.7751923725303881, 'min_child_weight': 12.362043015586003, 'min_data_in_leaf': 17.934671622306766, 'lambda': 0.5762330650608501, 'alpha': 8.492574290043065, 'max_depth': 5, 'eta': 0.026065637545089955, 'gamma': 1.3764439911954682, 'num_boost_rounds': 25}. Best is trial 245 with value: 0.017549.
2025-01-02 12:49:39 INFO     n_estimators: 10
2025-01-02 12:49:39 INFO     Trial 558 finished with value: 0.016963 and parameters: {'max_delta_step': 27.167065424397308, 'colsample_bytree': 0.917765132092233, 'subsample': 0.7548780865700098, 'min_child_weight': 16.15895082928108, 'min_data_in_leaf': 14.00924029025099, 'lambda': 0.004511143916878173, 'alpha': 7.769394493915989, 'max_depth': 5, 'eta': 0.02106344300514227, 'gamma': 1.6355204203424143, 'num_boost_rounds': 20}. Best is trial 245 with value: 0.017549.
2025-01-02 12:49:39 INFO     Trial 559 pruned. Trial was pruned at iteration 0.
2025-01-02 12:49:40 INFO     Trial 560 pruned. Trial was pruned at iteration 0.
2025-01-02 12:49:40 INFO     n_estimators: 10
2025-01-02 12:49:40 INFO     Trial 561 finished with value: 0.017299 and parameters: {'max_delta_step': 22.63382183123246, 'colsample_bytree': 0.9317278061068264, 'subsample': 0.7648332375550394, 'min_child_weight': 13.811422288953203, 'min_data_in_leaf': 17.062650843390635, 'lambda': 0.18693815456490442, 'alpha': 5.350660984292323, 'max_depth': 5, 'eta': 0.023545835520476913, 'gamma': 1.24533527228927, 'num_boost_rounds': 15}. Best is trial 245 with value: 0.017549.
2025-01-02 12:49:41 INFO     Trial 562 pruned. Trial was pruned at iteration 1.
2025-01-02 12:49:41 INFO     Trial 563 pruned. Trial was pruned at iteration 1.
2025-01-02 12:49:41 INFO     Trial 564 pruned. Trial was pruned at iteration 1.
2025-01-02 12:49:42 INFO     Trial 565 pruned. Trial was pruned at iteration 0.
2025-01-02 12:49:42 INFO     Trial 566 pruned. Trial was pruned at iteration 1.
2025-01-02 12:49:43 INFO     Trial 567 pruned. Trial was pruned at iteration 0.
2025-01-02 12:49:43 INFO     Trial 568 pruned. Trial was pruned at iteration 1.
2025-01-02 12:49:44 INFO     Trial 569 pruned. Trial was pruned at iteration 0.
2025-01-02 12:49:44 INFO     n_estimators: 10
2025-01-02 12:49:44 INFO     Trial 570 finished with value: 0.017102 and parameters: {'max_delta_step': 18.50979103601606, 'colsample_bytree': 0.9040146403697966, 'subsample': 0.7721233430963967, 'min_child_weight': 20.215023246328304, 'min_data_in_leaf': 17.897587713411927, 'lambda': 0.7962998059445103, 'alpha': 7.712172142233034, 'max_depth': 5, 'eta': 0.012445139161114092, 'gamma': 1.0906840994954616, 'num_boost_rounds': 30}. Best is trial 245 with value: 0.017549.
2025-01-02 12:49:45 INFO     n_estimators: 10
2025-01-02 12:49:45 INFO     Trial 571 finished with value: 0.017299 and parameters: {'max_delta_step': 23.190123951165727, 'colsample_bytree': 0.9419186048422473, 'subsample': 0.7584615794140187, 'min_child_weight': 14.276350782986084, 'min_data_in_leaf': 15.261996439568378, 'lambda': 0.003924816811490962, 'alpha': 8.239041273787095, 'max_depth': 5, 'eta': 0.032738805452613005, 'gamma': 1.537796476097283, 'num_boost_rounds': 15}. Best is trial 245 with value: 0.017549.
2025-01-02 12:49:45 INFO     Trial 572 pruned. Trial was pruned at iteration 0.
2025-01-02 12:49:46 INFO     n_estimators: 10
2025-01-02 12:49:46 INFO     Trial 573 finished with value: 0.016728 and parameters: {'max_delta_step': 14.887803836536406, 'colsample_bytree': 0.9351130732779073, 'subsample': 0.7510351694579618, 'min_child_weight': 11.940712988493265, 'min_data_in_leaf': 17.320327864052025, 'lambda': 7.925563284506893, 'alpha': 7.412446150424511, 'max_depth': 5, 'eta': 0.05571046028244563, 'gamma': 1.867755603341655, 'num_boost_rounds': 35}. Best is trial 245 with value: 0.017549.
2025-01-02 12:49:46 INFO     Trial 574 pruned. Trial was pruned at iteration 0.
2025-01-02 12:49:47 INFO     n_estimators: 10
2025-01-02 12:49:47 INFO     Trial 575 finished with value: 0.017299 and parameters: {'max_delta_step': 24.477858844661128, 'colsample_bytree': 0.9251285187864738, 'subsample': 0.7632970862994719, 'min_child_weight': 14.678902820361762, 'min_data_in_leaf': 16.426788207799145, 'lambda': 0.0009645624702650456, 'alpha': 8.415223310652395, 'max_depth': 5, 'eta': 0.023497328476420505, 'gamma': 1.7073261947408884, 'num_boost_rounds': 30}. Best is trial 245 with value: 0.017549.
2025-01-02 12:49:47 INFO     Trial 576 pruned. Trial was pruned at iteration 0.
2025-01-02 12:49:48 INFO     Trial 577 pruned. Trial was pruned at iteration 1.
2025-01-02 12:49:48 INFO     Trial 578 pruned. Trial was pruned at iteration 0.
2025-01-02 12:49:49 INFO     Trial 579 pruned. Trial was pruned at iteration 0.
2025-01-02 12:49:49 INFO     n_estimators: 10
2025-01-02 12:49:49 INFO     Trial 580 finished with value: 0.016811 and parameters: {'max_delta_step': 22.827115074069543, 'colsample_bytree': 0.9427761148198869, 'subsample': 0.7387059299614998, 'min_child_weight': 25.00469986664595, 'min_data_in_leaf': 18.51938892906855, 'lambda': 0.18600085561167506, 'alpha': 8.247225892970492, 'max_depth': 5, 'eta': 0.01709990882873849, 'gamma': 1.894604788298363, 'num_boost_rounds': 15}. Best is trial 245 with value: 0.017549.
2025-01-02 12:49:50 INFO     Trial 581 pruned. Trial was pruned at iteration 2.
2025-01-02 12:49:50 INFO     n_estimators: 10
2025-01-02 12:49:50 INFO     Trial 582 finished with value: 0.017299 and parameters: {'max_delta_step': 25.840623476450094, 'colsample_bytree': 0.9027849274687929, 'subsample': 0.7485403180710735, 'min_child_weight': 13.778295964769395, 'min_data_in_leaf': 16.98865123594333, 'lambda': 0.4159318709754631, 'alpha': 8.595172472135745, 'max_depth': 5, 'eta': 0.03170227270978406, 'gamma': 2.20314310180325, 'num_boost_rounds': 30}. Best is trial 245 with value: 0.017549.
2025-01-02 12:49:51 INFO     Trial 583 pruned. Trial was pruned at iteration 0.
2025-01-02 12:49:51 INFO     n_estimators: 10
2025-01-02 12:49:51 INFO     Trial 584 finished with value: 0.016876 and parameters: {'max_delta_step': 21.104031383484692, 'colsample_bytree': 0.9348012664380749, 'subsample': 0.7809875935752765, 'min_child_weight': 20.106633198305314, 'min_data_in_leaf': 18.181667866336262, 'lambda': 0.6120094306595724, 'alpha': 7.847295092925001, 'max_depth': 5, 'eta': 0.03610696930627944, 'gamma': 1.3541512653441057, 'num_boost_rounds': 35}. Best is trial 245 with value: 0.017549.
2025-01-02 12:49:52 INFO     Trial 585 pruned. Trial was pruned at iteration 0.
2025-01-02 12:49:52 INFO     Trial 586 pruned. Trial was pruned at iteration 0.
2025-01-02 12:49:53 INFO     Trial 587 pruned. Trial was pruned at iteration 0.
2025-01-02 12:49:53 INFO     Trial 588 pruned. Trial was pruned at iteration 0.
2025-01-02 12:49:54 INFO     n_estimators: 10
2025-01-02 12:49:54 INFO     Trial 589 finished with value: 0.017299 and parameters: {'max_delta_step': 17.304715482616995, 'colsample_bytree': 0.9285247267582994, 'subsample': 0.7577121659731973, 'min_child_weight': 12.894647555276096, 'min_data_in_leaf': 16.171412088814577, 'lambda': 0.3169096460809132, 'alpha': 7.793176715736609, 'max_depth': 5, 'eta': 0.02779693595763863, 'gamma': 1.5928144016358121, 'num_boost_rounds': 30}. Best is trial 245 with value: 0.017549.
2025-01-02 12:49:54 INFO     Trial 590 pruned. Trial was pruned at iteration 1.
2025-01-02 12:49:55 INFO     Trial 591 pruned. Trial was pruned at iteration 1.
2025-01-02 12:49:55 INFO     Trial 592 pruned. Trial was pruned at iteration 2.
2025-01-02 12:49:55 INFO     Trial 593 pruned. Trial was pruned at iteration 1.
2025-01-02 12:49:56 INFO     Trial 594 pruned. Trial was pruned at iteration 0.
2025-01-02 12:49:56 INFO     Trial 595 pruned. Trial was pruned at iteration 0.
2025-01-02 12:49:57 INFO     Trial 596 pruned. Trial was pruned at iteration 1.
2025-01-02 12:49:57 INFO     n_estimators: 10
2025-01-02 12:49:57 INFO     Trial 597 finished with value: 0.016912 and parameters: {'max_delta_step': 18.872052325959, 'colsample_bytree': 0.8956556473633321, 'subsample': 0.7268083357800065, 'min_child_weight': 22.436057537757392, 'min_data_in_leaf': 18.222809485574995, 'lambda': 0.822781607348704, 'alpha': 8.944750381295169, 'max_depth': 5, 'eta': 0.03526201061139969, 'gamma': 9.062301664608984, 'num_boost_rounds': 25}. Best is trial 245 with value: 0.017549.
2025-01-02 12:49:58 INFO     Trial 598 pruned. Trial was pruned at iteration 0.
2025-01-02 12:49:58 INFO     Trial 599 pruned. Trial was pruned at iteration 0.
2025-01-02 12:49:59 INFO     n_estimators: 10
2025-01-02 12:49:59 INFO     Trial 600 finished with value: 0.016874 and parameters: {'max_delta_step': 31.056791955510302, 'colsample_bytree': 0.9079134158037, 'subsample': 0.7662033912099457, 'min_child_weight': 15.363863448448807, 'min_data_in_leaf': 11.451052815433584, 'lambda': 0.6343832863032575, 'alpha': 8.716738081936, 'max_depth': 5, 'eta': 0.023556992082460107, 'gamma': 2.098160637877627, 'num_boost_rounds': 15}. Best is trial 245 with value: 0.017549.
2025-01-02 12:49:59 INFO     Trial 601 pruned. Trial was pruned at iteration 0.
2025-01-02 12:50:00 INFO     n_estimators: 10
2025-01-02 12:50:00 INFO     Trial 602 finished with value: 0.017116 and parameters: {'max_delta_step': 20.66260517571453, 'colsample_bytree': 0.9286130523832619, 'subsample': 0.7576040059012168, 'min_child_weight': 12.787081906444778, 'min_data_in_leaf': 16.827828423141185, 'lambda': 0.4903813230423388, 'alpha': 8.084047815238335, 'max_depth': 5, 'eta': 0.040332403096817175, 'gamma': 1.4007306766335956, 'num_boost_rounds': 35}. Best is trial 245 with value: 0.017549.
2025-01-02 12:50:00 INFO     Trial 603 pruned. Trial was pruned at iteration 0.
2025-01-02 12:50:01 INFO     Trial 604 pruned. Trial was pruned at iteration 1.
2025-01-02 12:50:01 INFO     Trial 605 pruned. Trial was pruned at iteration 0.
2025-01-02 12:50:01 INFO     Trial 606 pruned. Trial was pruned at iteration 0.
2025-01-02 12:50:02 INFO     n_estimators: 10
2025-01-02 12:50:02 INFO     Trial 607 finished with value: 0.016978 and parameters: {'max_delta_step': 21.866578187219446, 'colsample_bytree': 0.9057181155604334, 'subsample': 0.7760197117356105, 'min_child_weight': 11.222121011438407, 'min_data_in_leaf': 16.448987463855477, 'lambda': 0.18493212467312514, 'alpha': 8.180365034196514, 'max_depth': 5, 'eta': 0.028914567373530556, 'gamma': 1.562515902665166, 'num_boost_rounds': 15}. Best is trial 245 with value: 0.017549.
2025-01-02 12:50:02 INFO     Trial 608 pruned. Trial was pruned at iteration 0.
2025-01-02 12:50:03 INFO     n_estimators: 10
2025-01-02 12:50:03 INFO     Trial 609 finished with value: 0.017299 and parameters: {'max_delta_step': 16.536352718495333, 'colsample_bytree': 0.9495099074025748, 'subsample': 0.7622617776072885, 'min_child_weight': 12.924332301724554, 'min_data_in_leaf': 16.987410424753037, 'lambda': 1.4404265783310188, 'alpha': 7.879303588337706, 'max_depth': 5, 'eta': 0.026174585491617077, 'gamma': 3.377355825063918, 'num_boost_rounds': 35}. Best is trial 245 with value: 0.017549.
2025-01-02 12:50:04 INFO     Trial 610 pruned. Trial was pruned at iteration 0.
2025-01-02 12:50:04 INFO     Trial 611 pruned. Trial was pruned at iteration 1.
2025-01-02 12:50:04 INFO     Trial 612 pruned. Trial was pruned at iteration 0.
2025-01-02 12:50:05 INFO     n_estimators: 10
2025-01-02 12:50:05 INFO     Trial 613 finished with value: 0.016876 and parameters: {'max_delta_step': 21.716103804354155, 'colsample_bytree': 0.9235164002476247, 'subsample': 0.7700945181890035, 'min_child_weight': 10.033536817233601, 'min_data_in_leaf': 16.08203210613821, 'lambda': 0.7778041474865707, 'alpha': 7.729664418025314, 'max_depth': 5, 'eta': 0.03882298978368756, 'gamma': 1.4647537785820013, 'num_boost_rounds': 10}. Best is trial 245 with value: 0.017549.
2025-01-02 12:50:06 INFO     n_estimators: 10
2025-01-02 12:50:06 INFO     Trial 614 finished with value: 0.017299 and parameters: {'max_delta_step': 14.503665672253485, 'colsample_bytree': 0.9703410891406664, 'subsample': 0.7531140175868801, 'min_child_weight': 13.703112651231825, 'min_data_in_leaf': 17.56054050601533, 'lambda': 0.32578259492288275, 'alpha': 8.023273801722361, 'max_depth': 5, 'eta': 0.03388258535289598, 'gamma': 1.7299226032598523, 'num_boost_rounds': 25}. Best is trial 245 with value: 0.017549.
2025-01-02 12:50:06 INFO     Trial 615 pruned. Trial was pruned at iteration 1.
2025-01-02 12:50:06 INFO     Trial 616 pruned. Trial was pruned at iteration 0.
2025-01-02 12:50:07 INFO     Trial 617 pruned. Trial was pruned at iteration 1.
2025-01-02 12:50:07 INFO     Trial 618 pruned. Trial was pruned at iteration 1.
2025-01-02 12:50:08 INFO     Trial 619 pruned. Trial was pruned at iteration 1.
2025-01-02 12:50:08 INFO     Trial 620 pruned. Trial was pruned at iteration 0.
2025-01-02 12:50:08 INFO     Trial 621 pruned. Trial was pruned at iteration 0.
2025-01-02 12:50:09 INFO     n_estimators: 10
2025-01-02 12:50:09 INFO     Trial 622 finished with value: 0.016992 and parameters: {'max_delta_step': 18.9542097066467, 'colsample_bytree': 0.9444909002395119, 'subsample': 0.7565273200126952, 'min_child_weight': 16.591296243499116, 'min_data_in_leaf': 16.74428024985775, 'lambda': 0.9426345329918062, 'alpha': 8.427863882948941, 'max_depth': 5, 'eta': 0.04167769258483977, 'gamma': 2.0201348824847236, 'num_boost_rounds': 110}. Best is trial 245 with value: 0.017549.
2025-01-02 12:50:10 INFO     Trial 623 pruned. Trial was pruned at iteration 1.
2025-01-02 12:50:10 INFO     n_estimators: 10
2025-01-02 12:50:10 INFO     Trial 624 finished with value: 0.017204 and parameters: {'max_delta_step': 21.093447293516665, 'colsample_bytree': 0.9220361283050216, 'subsample': 0.7764498228560122, 'min_child_weight': 13.345329956234316, 'min_data_in_leaf': 14.536840902049335, 'lambda': 2.7019294278504726, 'alpha': 9.090342685694518, 'max_depth': 5, 'eta': 0.019987333213804238, 'gamma': 1.5656669080246386, 'num_boost_rounds': 20}. Best is trial 245 with value: 0.017549.
