2025-01-02 13:13:57 INFO     Trial 606 finished with value: 0.017088 and parameters: {'max_delta_step': 19.79309570891987, 'colsample_bytree': 0.5492247882729683, 'colsample_bynode': 0.40087787319696916, 'subsample': 0.8941076280529272, 'min_child_weight': 92.12418277681081, 'min_data_in_leaf': 16.209587154693544, 'lambda': 3.5499162960555997, 'alpha': 7.60464471271521, 'max_depth': 1, 'eta': 0.18966333107613512, 'gamma': 8.056777266492688, 'num_boost_rounds': 200}. Best is trial 186 with value: 0.017241.
2025-01-02 13:13:58 INFO     n_estimators: 10
2025-01-02 13:13:58 INFO     Trial 607 finished with value: 0.017088 and parameters: {'max_delta_step': 21.974790638815655, 'colsample_bytree': 0.5364180460617195, 'colsample_bynode': 0.2856825439126276, 'subsample': 0.9063291004271989, 'min_child_weight': 44.09235605617957, 'min_data_in_leaf': 17.93764104588263, 'lambda': 2.9963659525703576, 'alpha': 7.9795939629504415, 'max_depth': 1, 'eta': 0.19621111681319833, 'gamma': 5.98889073357337, 'num_boost_rounds': 185}. Best is trial 186 with value: 0.017241.
2025-01-02 13:13:59 INFO     n_estimators: 10
2025-01-02 13:13:59 INFO     Trial 608 finished with value: 0.017143 and parameters: {'max_delta_step': 16.26630569824767, 'colsample_bytree': 0.5623701768913869, 'colsample_bynode': 0.3613423215814297, 'subsample': 0.8795680722386376, 'min_child_weight': 85.67876623175692, 'min_data_in_leaf': 19.256730282216036, 'lambda': 2.3724391776767653, 'alpha': 7.288327523591327, 'max_depth': 1, 'eta': 0.19390630246517263, 'gamma': 8.681811057232178, 'num_boost_rounds': 175}. Best is trial 186 with value: 0.017241.
2025-01-02 13:13:59 INFO     n_estimators: 10
2025-01-02 13:13:59 INFO     Trial 609 finished with value: 0.017088 and parameters: {'max_delta_step': 27.515388219327214, 'colsample_bytree': 0.5298960387460279, 'colsample_bynode': 0.4380166026600783, 'subsample': 0.8858945587645536, 'min_child_weight': 89.46551593342667, 'min_data_in_leaf': 19.857177155293037, 'lambda': 2.7570794812575934, 'alpha': 7.4998558995315765, 'max_depth': 1, 'eta': 0.19636876958317365, 'gamma': 8.500615640622167, 'num_boost_rounds': 195}. Best is trial 186 with value: 0.017241.
2025-01-02 13:14:00 INFO     n_estimators: 10
2025-01-02 13:14:00 INFO     Trial 610 finished with value: 0.017088 and parameters: {'max_delta_step': 17.57252780165815, 'colsample_bytree': 0.506638713792222, 'colsample_bynode': 0.47913927647753723, 'subsample': 0.9207113397803346, 'min_child_weight': 83.12343945348998, 'min_data_in_leaf': 21.169346333126395, 'lambda': 3.210197093259169, 'alpha': 7.756713706973998, 'max_depth': 1, 'eta': 0.19018340236671466, 'gamma': 8.275239974162108, 'num_boost_rounds': 180}. Best is trial 186 with value: 0.017241.
2025-01-02 13:14:01 INFO     n_estimators: 10
2025-01-02 13:14:01 INFO     Trial 611 finished with value: 0.017143 and parameters: {'max_delta_step': 49.960110737811995, 'colsample_bytree': 0.5455395733598744, 'colsample_bynode': 0.4561975070576089, 'subsample': 0.8692696828436901, 'min_child_weight': 93.48377894342156, 'min_data_in_leaf': 18.860547678671644, 'lambda': 3.4039984578524196, 'alpha': 6.639246762331632, 'max_depth': 1, 'eta': 0.19978121039427957, 'gamma': 8.8491349371856, 'num_boost_rounds': 190}. Best is trial 186 with value: 0.017241.
2025-01-02 13:14:01 INFO     n_estimators: 10
2025-01-02 13:14:01 INFO     Trial 612 finished with value: 0.017143 and parameters: {'max_delta_step': 38.54676299809444, 'colsample_bytree': 0.5704431921711983, 'colsample_bynode': 0.4159586320840232, 'subsample': 0.8534714010830428, 'min_child_weight': 86.71321429533113, 'min_data_in_leaf': 20.352562556929964, 'lambda': 2.52405360263986, 'alpha': 7.034142352045691, 'max_depth': 1, 'eta': 0.19348263171593186, 'gamma': 8.650725462644337, 'num_boost_rounds': 155}. Best is trial 186 with value: 0.017241.
2025-01-02 13:14:02 INFO     Trial 613 pruned. Trial was pruned at iteration 5.
2025-01-02 13:14:03 INFO     n_estimators: 10
2025-01-02 13:14:03 INFO     Trial 614 finished with value: 0.017088 and parameters: {'max_delta_step': 13.145731553144879, 'colsample_bytree': 0.5210291077543051, 'colsample_bynode': 0.4314910972129325, 'subsample': 0.8427549847652243, 'min_child_weight': 90.91710957958591, 'min_data_in_leaf': 16.750110235471432, 'lambda': 3.1147934856851016, 'alpha': 6.429110649376083, 'max_depth': 1, 'eta': 0.19650431599691057, 'gamma': 7.468104019375929, 'num_boost_rounds': 175}. Best is trial 186 with value: 0.017241.
2025-01-02 13:14:03 INFO     n_estimators: 10
2025-01-02 13:14:03 INFO     Trial 615 finished with value: 0.017139 and parameters: {'max_delta_step': 23.029212001277465, 'colsample_bytree': 0.5545817410648182, 'colsample_bynode': 0.405841881086766, 'subsample': 0.5858849389421066, 'min_child_weight': 84.20620862682972, 'min_data_in_leaf': 18.379229486000565, 'lambda': 3.568993837163158, 'alpha': 7.5951476230582795, 'max_depth': 1, 'eta': 0.1867742348648473, 'gamma': 8.101423455232885, 'num_boost_rounds': 185}. Best is trial 186 with value: 0.017241.
2025-01-02 13:14:04 INFO     n_estimators: 10
2025-01-02 13:14:04 INFO     Trial 616 finished with value: 0.017241 and parameters: {'max_delta_step': 45.55310926939433, 'colsample_bytree': 0.5365623196279662, 'colsample_bynode': 0.44783657993705805, 'subsample': 0.8951408780383971, 'min_child_weight': 88.70434454726572, 'min_data_in_leaf': 21.944937907072102, 'lambda': 3.304944398969324, 'alpha': 8.012715729892934, 'max_depth': 1, 'eta': 0.19999928992506957, 'gamma': 9.01043827745967, 'num_boost_rounds': 190}. Best is trial 186 with value: 0.017241.
2025-01-02 13:14:05 INFO     Trial 617 pruned. Trial was pruned at iteration 5.
2025-01-02 13:14:05 INFO     n_estimators: 10
2025-01-02 13:14:05 INFO     Trial 618 finished with value: 0.017088 and parameters: {'max_delta_step': 83.2498441517277, 'colsample_bytree': 0.5293096603777608, 'colsample_bynode': 0.4634900808181188, 'subsample': 0.9083240667159203, 'min_child_weight': 65.5258875414013, 'min_data_in_leaf': 20.808346824089323, 'lambda': 3.09323296466044, 'alpha': 7.193977273411685, 'max_depth': 1, 'eta': 0.19333256065729132, 'gamma': 8.782452767239933, 'num_boost_rounds': 185}. Best is trial 186 with value: 0.017241.
2025-01-02 13:14:06 INFO     n_estimators: 10
2025-01-02 13:14:06 INFO     Trial 619 finished with value: 0.017088 and parameters: {'max_delta_step': 18.46618570802329, 'colsample_bytree': 0.5544778792915622, 'colsample_bynode': 0.3714721891561176, 'subsample': 0.887464208138715, 'min_child_weight': 80.5752376685868, 'min_data_in_leaf': 19.118946833062484, 'lambda': 3.8463225583526675, 'alpha': 7.790527728061688, 'max_depth': 1, 'eta': 0.19651496337744379, 'gamma': 7.862952695410072, 'num_boost_rounds': 190}. Best is trial 186 with value: 0.017241.
2025-01-02 13:14:07 INFO     n_estimators: 10
2025-01-02 13:14:07 INFO     Trial 620 finished with value: 0.017143 and parameters: {'max_delta_step': 10.3296464015183, 'colsample_bytree': 0.5151195586924149, 'colsample_bynode': 0.3465420452707368, 'subsample': 0.8705925219700097, 'min_child_weight': 90.88626249769639, 'min_data_in_leaf': 19.774292713796672, 'lambda': 2.9503493207250022, 'alpha': 7.450025289060066, 'max_depth': 1, 'eta': 0.1910601731332559, 'gamma': 8.29954957007986, 'num_boost_rounds': 180}. Best is trial 186 with value: 0.017241.
2025-01-02 13:14:07 INFO     Trial 621 pruned. Trial was pruned at iteration 5.
2025-01-02 13:14:08 INFO     Trial 622 pruned. Trial was pruned at iteration 5.
2025-01-02 13:14:08 INFO     n_estimators: 10
2025-01-02 13:14:08 INFO     Trial 623 finished with value: 0.017088 and parameters: {'max_delta_step': 19.614529602201358, 'colsample_bytree': 0.5252393293994508, 'colsample_bynode': 0.38969747246616165, 'subsample': 0.8952809895108919, 'min_child_weight': 62.78118203908771, 'min_data_in_leaf': 18.713034147788967, 'lambda': 3.4872388359574686, 'alpha': 7.524578981979041, 'max_depth': 1, 'eta': 0.1930406634625379, 'gamma': 8.706519029948334, 'num_boost_rounds': 175}. Best is trial 186 with value: 0.017241.
2025-01-02 13:14:09 INFO     n_estimators: 10
2025-01-02 13:14:09 INFO     Trial 624 finished with value: 0.017143 and parameters: {'max_delta_step': 17.062403612248858, 'colsample_bytree': 0.5662114399932179, 'colsample_bynode': 0.44107391187593215, 'subsample': 0.8733941789236426, 'min_child_weight': 88.1750795014642, 'min_data_in_leaf': 19.542309965133207, 'lambda': 3.2410995968869045, 'alpha': 7.069977886465372, 'max_depth': 1, 'eta': 0.18863892570674332, 'gamma': 8.341110117538099, 'num_boost_rounds': 185}. Best is trial 186 with value: 0.017241.
2025-01-02 13:14:10 INFO     n_estimators: 10
2025-01-02 13:14:10 INFO     Trial 625 finished with value: 0.017088 and parameters: {'max_delta_step': 14.40032941964278, 'colsample_bytree': 0.5459697386991552, 'colsample_bynode': 0.42586220387095575, 'subsample': 0.9010143134232109, 'min_child_weight': 82.62588638048197, 'min_data_in_leaf': 19.066929894602644, 'lambda': 2.8728402892296265, 'alpha': 7.686981858296975, 'max_depth': 1, 'eta': 0.19633451781363714, 'gamma': 9.203621802681694, 'num_boost_rounds': 180}. Best is trial 186 with value: 0.017241.
2025-01-02 13:14:10 INFO     n_estimators: 10
2025-01-02 13:14:10 INFO     Trial 626 finished with value: 0.017088 and parameters: {'max_delta_step': 22.78854505993225, 'colsample_bytree': 0.5321458547613381, 'colsample_bynode': 0.48893786227184904, 'subsample': 0.8868333343558175, 'min_child_weight': 95.95979959476854, 'min_data_in_leaf': 18.200880143239704, 'lambda': 3.073931025934255, 'alpha': 5.967327404777013, 'max_depth': 1, 'eta': 0.19345588977403402, 'gamma': 8.87281571672567, 'num_boost_rounds': 190}. Best is trial 186 with value: 0.017241.
2025-01-02 13:14:11 INFO     Trial 627 pruned. Trial was pruned at iteration 5.
2025-01-02 13:14:12 INFO     n_estimators: 10
2025-01-02 13:14:12 INFO     Trial 628 finished with value: 0.017143 and parameters: {'max_delta_step': 17.44761371588943, 'colsample_bytree': 0.501523407353804, 'colsample_bynode': 0.40302495572406083, 'subsample': 0.8225421535185119, 'min_child_weight': 71.69030497020843, 'min_data_in_leaf': 19.9793343824187, 'lambda': 3.389723228700563, 'alpha': 2.3555039021491453, 'max_depth': 1, 'eta': 0.19033972015024475, 'gamma': 8.580606660760491, 'num_boost_rounds': 185}. Best is trial 186 with value: 0.017241.
2025-01-02 13:14:12 INFO     n_estimators: 10
2025-01-02 13:14:12 INFO     Trial 629 finished with value: 0.017143 and parameters: {'max_delta_step': 21.154291717274667, 'colsample_bytree': 0.5533619413819486, 'colsample_bynode': 0.46214563442362494, 'subsample': 0.8562565406411655, 'min_child_weight': 86.75024498589309, 'min_data_in_leaf': 21.165749537221995, 'lambda': 2.984642172991248, 'alpha': 7.324948221050898, 'max_depth': 1, 'eta': 0.19681298820915344, 'gamma': 0.402572288794369, 'num_boost_rounds': 200}. Best is trial 186 with value: 0.017241.
2025-01-02 13:14:13 INFO     Trial 630 pruned. Trial was pruned at iteration 0.
2025-01-02 13:14:14 INFO     n_estimators: 10
2025-01-02 13:14:14 INFO     Trial 631 finished with value: 0.017241 and parameters: {'max_delta_step': 15.151007791947116, 'colsample_bytree': 0.5180102367558795, 'colsample_bynode': 0.41525448924280317, 'subsample': 0.9117129762819595, 'min_child_weight': 91.5876455626257, 'min_data_in_leaf': 18.732833996761386, 'lambda': 3.6169731006922423, 'alpha': 8.565815256520885, 'max_depth': 1, 'eta': 0.1999496438062644, 'gamma': 8.999520077822467, 'num_boost_rounds': 175}. Best is trial 186 with value: 0.017241.
2025-01-02 13:14:14 INFO     Trial 632 pruned. Trial was pruned at iteration 5.
2025-01-02 13:14:15 INFO     Trial 633 pruned. Trial was pruned at iteration 0.
2025-01-02 13:14:15 INFO     n_estimators: 10
2025-01-02 13:14:15 INFO     Trial 634 finished with value: 0.017241 and parameters: {'max_delta_step': 17.353686490356136, 'colsample_bytree': 0.526282010071178, 'colsample_bynode': 0.45239820308441553, 'subsample': 0.8825316782414395, 'min_child_weight': 93.56632603804346, 'min_data_in_leaf': 17.84122855381843, 'lambda': 3.1243877372886026, 'alpha': 6.881558948778072, 'max_depth': 1, 'eta': 0.1999735161316106, 'gamma': 8.732519856017884, 'num_boost_rounds': 170}. Best is trial 186 with value: 0.017241.
2025-01-02 13:14:16 INFO     n_estimators: 10
2025-01-02 13:14:16 INFO     Trial 635 finished with value: 0.017143 and parameters: {'max_delta_step': 11.770741606022952, 'colsample_bytree': 0.5370724413027306, 'colsample_bynode': 0.4213235546276057, 'subsample': 0.8629595049451636, 'min_child_weight': 81.8441091360601, 'min_data_in_leaf': 19.0866366108486, 'lambda': 2.8879783201571665, 'alpha': 7.4026339094475215, 'max_depth': 1, 'eta': 0.19994091398262193, 'gamma': 7.9611208661771995, 'num_boost_rounds': 185}. Best is trial 186 with value: 0.017241.
2025-01-02 13:14:17 INFO     n_estimators: 10
2025-01-02 13:14:17 INFO     Trial 636 finished with value: 0.017084 and parameters: {'max_delta_step': 68.3933171670318, 'colsample_bytree': 0.5114414251126171, 'colsample_bynode': 0.4775343808453577, 'subsample': 0.9002336151665941, 'min_child_weight': 67.8038644198488, 'min_data_in_leaf': 22.55146674932393, 'lambda': 3.448977795172326, 'alpha': 8.174642791655394, 'max_depth': 1, 'eta': 0.17803389650683263, 'gamma': 7.727043809490661, 'num_boost_rounds': 135}. Best is trial 186 with value: 0.017241.
2025-01-02 13:14:17 INFO     Trial 637 pruned. Trial was pruned at iteration 0.
2025-01-02 13:14:18 INFO     Trial 638 pruned. Trial was pruned at iteration 5.
2025-01-02 13:14:18 INFO     n_estimators: 10
2025-01-02 13:14:18 INFO     Trial 639 finished with value: 0.017088 and parameters: {'max_delta_step': 15.360234703634319, 'colsample_bytree': 0.5427340122699328, 'colsample_bynode': 0.4497886480243168, 'subsample': 0.8913727858271719, 'min_child_weight': 78.26654912009259, 'min_data_in_leaf': 19.580718785838187, 'lambda': 5.8645605512837085, 'alpha': 7.656837114592316, 'max_depth': 1, 'eta': 0.18844782753639192, 'gamma': 5.346245251776102, 'num_boost_rounds': 185}. Best is trial 186 with value: 0.017241.
2025-01-02 13:14:19 INFO     Trial 640 pruned. Trial was pruned at iteration 5.
2025-01-02 13:14:20 INFO     n_estimators: 10
2025-01-02 13:14:20 INFO     Trial 641 finished with value: 0.017088 and parameters: {'max_delta_step': 26.315017300084683, 'colsample_bytree': 0.52091742170543, 'colsample_bynode': 0.40928076484444004, 'subsample': 0.8836086522401533, 'min_child_weight': 95.23015868815658, 'min_data_in_leaf': 21.64367673213142, 'lambda': 3.2228503898580567, 'alpha': 7.977581152131833, 'max_depth': 1, 'eta': 0.19611131198323217, 'gamma': 8.300770678085158, 'num_boost_rounds': 80}. Best is trial 186 with value: 0.017241.
2025-01-02 13:14:20 INFO     n_estimators: 10
2025-01-02 13:14:20 INFO     Trial 642 finished with value: 0.017088 and parameters: {'max_delta_step': 20.974796656149834, 'colsample_bytree': 0.5586307433743274, 'colsample_bynode': 0.46400797145221967, 'subsample': 0.905082812642629, 'min_child_weight': 55.31491350952731, 'min_data_in_leaf': 20.861979404297927, 'lambda': 3.0083207566130636, 'alpha': 7.230911313820675, 'max_depth': 1, 'eta': 0.19262289705332508, 'gamma': 8.80582841061253, 'num_boost_rounds': 195}. Best is trial 186 with value: 0.017241.
2025-01-02 13:14:21 INFO     Trial 643 pruned. Trial was pruned at iteration 5.
2025-01-02 13:14:21 INFO     Trial 644 pruned. Trial was pruned at iteration 0.
2025-01-02 13:14:22 INFO     n_estimators: 10
2025-01-02 13:14:22 INFO     Trial 645 finished with value: 0.017143 and parameters: {'max_delta_step': 13.294135137319582, 'colsample_bytree': 0.54935938423276, 'colsample_bynode': 0.4221726482025, 'subsample': 0.8492905265877616, 'min_child_weight': 91.91362754212581, 'min_data_in_leaf': 18.88062854508796, 'lambda': 3.36889807682105, 'alpha': 7.540739805112659, 'max_depth': 1, 'eta': 0.1906944753666712, 'gamma': 8.172576987212304, 'num_boost_rounds': 90}. Best is trial 186 with value: 0.017241.
2025-01-02 13:14:22 INFO     n_estimators: 10
2025-01-02 13:14:22 INFO     Trial 646 finished with value: 0.017143 and parameters: {'max_delta_step': 19.71025679080391, 'colsample_bytree': 0.5231011429341915, 'colsample_bynode': 0.3554342140625536, 'subsample': 0.8680675313085289, 'min_child_weight': 97.80240221188522, 'min_data_in_leaf': 19.39170298794285, 'lambda': 3.1662448619658017, 'alpha': 6.9103628272319995, 'max_depth': 1, 'eta': 0.19589170654530424, 'gamma': 8.391904313260062, 'num_boost_rounds': 190}. Best is trial 186 with value: 0.017241.
2025-01-02 13:14:23 INFO     n_estimators: 10
2025-01-02 13:14:23 INFO     Trial 647 finished with value: 0.017088 and parameters: {'max_delta_step': 24.44575367921725, 'colsample_bytree': 0.5403653312975363, 'colsample_bynode': 0.4043516866269823, 'subsample': 0.8931594909061252, 'min_child_weight': 83.74569816365191, 'min_data_in_leaf': 18.51123959527113, 'lambda': 2.8710995237137804, 'alpha': 7.305071937293275, 'max_depth': 1, 'eta': 0.1963017178113597, 'gamma': 8.745636303919463, 'num_boost_rounds': 180}. Best is trial 186 with value: 0.017241.
2025-01-02 13:14:24 INFO     n_estimators: 10
2025-01-02 13:14:24 INFO     Trial 648 finished with value: 0.017143 and parameters: {'max_delta_step': 17.125973445044803, 'colsample_bytree': 0.5633308099593507, 'colsample_bynode': 0.4484922974957921, 'subsample': 0.8826806526549099, 'min_child_weight': 88.87056105599468, 'min_data_in_leaf': 21.243058973900318, 'lambda': 3.658851481967763, 'alpha': 7.726252783439064, 'max_depth': 1, 'eta': 0.18641385536146726, 'gamma': 9.199491373354123, 'num_boost_rounds': 185}. Best is trial 186 with value: 0.017241.
2025-01-02 13:14:25 INFO     n_estimators: 10
2025-01-02 13:14:25 INFO     Trial 649 finished with value: 0.017143 and parameters: {'max_delta_step': 18.696490328102218, 'colsample_bytree': 0.5488111160001032, 'colsample_bynode': 0.4352203253763901, 'subsample': 0.8362446968318781, 'min_child_weight': 85.46458309075379, 'min_data_in_leaf': 19.70029517341746, 'lambda': 1.9483202834030293, 'alpha': 7.094714094514663, 'max_depth': 1, 'eta': 0.19647826851917133, 'gamma': 8.03010250071404, 'num_boost_rounds': 190}. Best is trial 186 with value: 0.017241.
2025-01-02 13:14:25 INFO     Trial 650 pruned. Trial was pruned at iteration 5.
2025-01-02 13:14:26 INFO     Trial 651 pruned. Trial was pruned at iteration 5.
2025-01-02 13:14:26 INFO     n_estimators: 10
2025-01-02 13:14:26 INFO     Trial 652 finished with value: 0.017241 and parameters: {'max_delta_step': 20.503768245932978, 'colsample_bytree': 0.5132419079260643, 'colsample_bynode': 0.46991479996782304, 'subsample': 0.8977157941841555, 'min_child_weight': 93.26805095506786, 'min_data_in_leaf': 19.276678889802835, 'lambda': 8.7165512924275, 'alpha': 7.897558341084738, 'max_depth': 1, 'eta': 0.19986209144976083, 'gamma': 8.362622032260017, 'num_boost_rounds': 185}. Best is trial 186 with value: 0.017241.
2025-01-02 13:14:27 INFO     n_estimators: 10
2025-01-02 13:14:27 INFO     Trial 653 finished with value: 0.017143 and parameters: {'max_delta_step': 23.070158353678266, 'colsample_bytree': 0.540760223805623, 'colsample_bynode': 0.49759886454909874, 'subsample': 0.8594161582834712, 'min_child_weight': 81.24280278266441, 'min_data_in_leaf': 18.105094094050994, 'lambda': 3.354176305956256, 'alpha': 4.085561499860881, 'max_depth': 1, 'eta': 0.19289497655460677, 'gamma': 8.613458553097443, 'num_boost_rounds': 190}. Best is trial 186 with value: 0.017241.
2025-01-02 13:14:28 INFO     n_estimators: 10
2025-01-02 13:14:28 INFO     Trial 654 finished with value: 0.017088 and parameters: {'max_delta_step': 18.317750890769283, 'colsample_bytree': 0.554694122910008, 'colsample_bynode': 0.4263414165341044, 'subsample': 0.9114240057019951, 'min_child_weight': 88.54922323233542, 'min_data_in_leaf': 14.768470466809651, 'lambda': 2.7277359502242766, 'alpha': 7.555858007770864, 'max_depth': 1, 'eta': 0.19688307046898104, 'gamma': 8.189042684430897, 'num_boost_rounds': 195}. Best is trial 186 with value: 0.017241.
2025-01-02 13:14:28 INFO     Trial 655 pruned. Trial was pruned at iteration 5.
2025-01-02 13:14:29 INFO     n_estimators: 10
2025-01-02 13:14:29 INFO     Trial 656 finished with value: 0.017143 and parameters: {'max_delta_step': 16.049594328887956, 'colsample_bytree': 0.5312382738009497, 'colsample_bynode': 0.454878097176038, 'subsample': 0.869230775023153, 'min_child_weight': 86.42893367630614, 'min_data_in_leaf': 18.759360179815708, 'lambda': 3.585690682579061, 'alpha': 5.606289487654717, 'max_depth': 1, 'eta': 0.18831830117057385, 'gamma': 8.720309770528491, 'num_boost_rounds': 180}. Best is trial 186 with value: 0.017241.
2025-01-02 13:14:30 INFO     n_estimators: 10
2025-01-02 13:14:30 INFO     Trial 657 finished with value: 0.017143 and parameters: {'max_delta_step': 13.69487160882737, 'colsample_bytree': 0.5228166773323508, 'colsample_bynode': 0.3976406218675029, 'subsample': 0.8801154653560219, 'min_child_weight': 99.91816771138917, 'min_data_in_leaf': 20.89200144643916, 'lambda': 2.2594884681035023, 'alpha': 7.281576100543372, 'max_depth': 1, 'eta': 0.19321001808544278, 'gamma': 7.615525303214363, 'num_boost_rounds': 185}. Best is trial 186 with value: 0.017241.
2025-01-02 13:14:30 INFO     n_estimators: 10
2025-01-02 13:14:30 INFO     Trial 658 finished with value: 0.017084 and parameters: {'max_delta_step': 20.04018527360372, 'colsample_bytree': 0.5440079999002178, 'colsample_bynode': 0.3022190100287898, 'subsample': 0.8979989415234294, 'min_child_weight': 90.88444417580038, 'min_data_in_leaf': 19.789608501041176, 'lambda': 0.46740308578520384, 'alpha': 9.700021636046834, 'max_depth': 1, 'eta': 0.18291264028172685, 'gamma': 9.035134622815889, 'num_boost_rounds': 185}. Best is trial 186 with value: 0.017241.
2025-01-02 13:14:31 INFO     n_estimators: 10
