2025-01-02 17:43:11 INFO     Trial 642 finished with value: 0.017241 and parameters: {'max_delta_step': 39.81838866595891, 'colsample_bytree': 0.5172267327211244, 'subsample': 0.8533209242002163, 'min_child_weight': 23.019214578212267, 'min_data_in_leaf': 16.77860374109253, 'lambda': 0.3433489705905218, 'alpha': 5.812343042944628, 'max_depth': 1, 'eta': 0.2035472595566107, 'gamma': 9.372769242277286, 'num_boost_rounds': 10}. Best is trial 604 with value: 0.017291.
2025-01-02 17:43:11 INFO     Trial 643 pruned. Trial was pruned at iteration 9.
2025-01-02 17:43:12 INFO     Trial 644 finished with value: 0.017241 and parameters: {'max_delta_step': 69.25736070317704, 'colsample_bytree': 0.5096616635247487, 'subsample': 0.8775113149231376, 'min_child_weight': 30.542083079403916, 'min_data_in_leaf': 15.919607537791022, 'lambda': 0.5374731142561776, 'alpha': 7.344181522069654, 'max_depth': 1, 'eta': 0.2176751917609603, 'gamma': 5.989223936175706, 'num_boost_rounds': 15}. Best is trial 604 with value: 0.017291.
2025-01-02 17:43:13 INFO     Trial 645 finished with value: 0.017159 and parameters: {'max_delta_step': 73.57187876258118, 'colsample_bytree': 0.5213132712277128, 'subsample': 0.8068326658517242, 'min_child_weight': 13.495828518671011, 'min_data_in_leaf': 16.555749079640336, 'lambda': 0.2887058447050163, 'alpha': 5.580746687631363, 'max_depth': 1, 'eta': 0.21130488181488302, 'gamma': 5.582329228284603, 'num_boost_rounds': 10}. Best is trial 604 with value: 0.017291.
2025-01-02 17:43:13 INFO     Trial 646 pruned. Trial was pruned at iteration 9.
2025-01-02 17:43:14 INFO     Trial 647 pruned. Trial was pruned at iteration 9.
2025-01-02 17:43:15 INFO     Trial 648 finished with value: 0.017277 and parameters: {'max_delta_step': 75.22443367413851, 'colsample_bytree': 0.5096614648936347, 'subsample': 0.9122562109700867, 'min_child_weight': 23.5858394785462, 'min_data_in_leaf': 16.164491914117765, 'lambda': 0.4811642426355193, 'alpha': 6.0010846492481855, 'max_depth': 1, 'eta': 0.21659930730033897, 'gamma': 5.7553736336145445, 'num_boost_rounds': 15}. Best is trial 604 with value: 0.017291.
2025-01-02 17:43:15 INFO     Trial 649 finished with value: 0.017241 and parameters: {'max_delta_step': 75.03961256181572, 'colsample_bytree': 0.5001524454916085, 'subsample': 0.9064391174507785, 'min_child_weight': 25.152933949049, 'min_data_in_leaf': 14.644619564432288, 'lambda': 0.9635482059981237, 'alpha': 5.864137610171088, 'max_depth': 1, 'eta': 0.20626044168045676, 'gamma': 5.740301564347206, 'num_boost_rounds': 20}. Best is trial 604 with value: 0.017291.
2025-01-02 17:43:16 INFO     Trial 650 pruned. Trial was pruned at iteration 0.
2025-01-02 17:43:16 INFO     Trial 651 finished with value: 0.017241 and parameters: {'max_delta_step': 76.31767740746267, 'colsample_bytree': 0.5204398885324614, 'subsample': 0.9122039905381408, 'min_child_weight': 27.333549204259807, 'min_data_in_leaf': 16.14321410789025, 'lambda': 0.5417801494913966, 'alpha': 6.018379335161303, 'max_depth': 1, 'eta': 0.2129337631551434, 'gamma': 6.161552329621152, 'num_boost_rounds': 20}. Best is trial 604 with value: 0.017291.
2025-01-02 17:43:17 INFO     Trial 652 pruned. Trial was pruned at iteration 9.
2025-01-02 17:43:18 INFO     Trial 653 pruned. Trial was pruned at iteration 9.
2025-01-02 17:43:18 INFO     Trial 654 pruned. Trial was pruned at iteration 5.
2025-01-02 17:43:19 INFO     Trial 655 finished with value: 0.017241 and parameters: {'max_delta_step': 70.2142809519114, 'colsample_bytree': 0.5288191012342377, 'subsample': 0.8361111760270106, 'min_child_weight': 24.25524854859884, 'min_data_in_leaf': 16.960782156524495, 'lambda': 0.41709473437310796, 'alpha': 6.008892429685071, 'max_depth': 1, 'eta': 0.209412616182567, 'gamma': 5.798550200411057, 'num_boost_rounds': 15}. Best is trial 604 with value: 0.017291.
2025-01-02 17:43:20 INFO     Trial 656 finished with value: 0.017241 and parameters: {'max_delta_step': 73.78874737258664, 'colsample_bytree': 0.518627223772551, 'subsample': 0.9240011841897094, 'min_child_weight': 18.860665789273448, 'min_data_in_leaf': 15.377187439543418, 'lambda': 0.6714375038571625, 'alpha': 4.947935700008938, 'max_depth': 1, 'eta': 0.21517145406532767, 'gamma': 6.147975915227869, 'num_boost_rounds': 15}. Best is trial 604 with value: 0.017291.
2025-01-02 17:43:21 INFO     Trial 657 pruned. Trial was pruned at iteration 9.
2025-01-02 17:43:21 INFO     Trial 658 pruned. Trial was pruned at iteration 9.
2025-01-02 17:43:22 INFO     Trial 659 finished with value: 0.017241 and parameters: {'max_delta_step': 72.4783820880309, 'colsample_bytree': 0.5288079516268732, 'subsample': 0.886715359103746, 'min_child_weight': 15.862809490698945, 'min_data_in_leaf': 15.986630116628845, 'lambda': 0.6326933416211871, 'alpha': 6.603768853615053, 'max_depth': 1, 'eta': 0.20763781760905264, 'gamma': 6.348719931678363, 'num_boost_rounds': 135}. Best is trial 604 with value: 0.017291.
2025-01-02 17:43:23 INFO     Trial 660 finished with value: 0.017241 and parameters: {'max_delta_step': 67.7885132454976, 'colsample_bytree': 0.5007752279784612, 'subsample': 0.8449050622741356, 'min_child_weight': 20.34199805695005, 'min_data_in_leaf': 15.088487977667986, 'lambda': 1.1550501724377404, 'alpha': 6.213684889917691, 'max_depth': 1, 'eta': 0.2119221276309201, 'gamma': 5.75563659043438, 'num_boost_rounds': 15}. Best is trial 604 with value: 0.017291.
2025-01-02 17:43:23 INFO     Trial 661 pruned. Trial was pruned at iteration 9.
2025-01-02 17:43:24 INFO     Trial 662 pruned. Trial was pruned at iteration 9.
2025-01-02 17:43:25 INFO     Trial 663 pruned. Trial was pruned at iteration 0.
2025-01-02 17:43:25 INFO     Trial 664 finished with value: 0.017241 and parameters: {'max_delta_step': 71.51787694789721, 'colsample_bytree': 0.5380814461872382, 'subsample': 0.8421555961236843, 'min_child_weight': 27.654367286787405, 'min_data_in_leaf': 16.298499025388548, 'lambda': 0.31020077692795045, 'alpha': 5.284120056475821, 'max_depth': 1, 'eta': 0.21395263496311998, 'gamma': 5.897004881673403, 'num_boost_rounds': 10}. Best is trial 604 with value: 0.017291.
2025-01-02 17:43:26 INFO     Trial 665 pruned. Trial was pruned at iteration 9.
2025-01-02 17:43:27 INFO     Trial 666 finished with value: 0.017241 and parameters: {'max_delta_step': 76.63628927112359, 'colsample_bytree': 0.5161944943424414, 'subsample': 0.8713560433122148, 'min_child_weight': 23.721381943590004, 'min_data_in_leaf': 13.985329867393824, 'lambda': 0.9389380176814268, 'alpha': 5.611692441345608, 'max_depth': 1, 'eta': 0.20543928907882647, 'gamma': 5.604608540583815, 'num_boost_rounds': 25}. Best is trial 604 with value: 0.017291.
2025-01-02 17:43:27 INFO     Trial 667 pruned. Trial was pruned at iteration 9.
2025-01-02 17:43:28 INFO     Trial 668 pruned. Trial was pruned at iteration 9.
2025-01-02 17:43:29 INFO     Trial 669 pruned. Trial was pruned at iteration 9.
2025-01-02 17:43:29 INFO     Trial 670 pruned. Trial was pruned at iteration 5.
2025-01-02 17:43:30 INFO     Trial 671 pruned. Trial was pruned at iteration 9.
2025-01-02 17:43:31 INFO     Trial 672 finished with value: 0.017241 and parameters: {'max_delta_step': 74.25869213816853, 'colsample_bytree': 0.500423442329367, 'subsample': 0.8802126207631723, 'min_child_weight': 22.423713483459444, 'min_data_in_leaf': 16.159582927580658, 'lambda': 0.7761933859686082, 'alpha': 6.302845445822037, 'max_depth': 1, 'eta': 0.20924255428981614, 'gamma': 6.228086814364649, 'num_boost_rounds': 10}. Best is trial 604 with value: 0.017291.
2025-01-02 17:43:31 INFO     Trial 673 pruned. Trial was pruned at iteration 5.
2025-01-02 17:43:32 INFO     Trial 674 finished with value: 0.017241 and parameters: {'max_delta_step': 71.2586227869899, 'colsample_bytree': 0.5197286323621584, 'subsample': 0.8408283076036128, 'min_child_weight': 26.424791556570163, 'min_data_in_leaf': 17.22977120548613, 'lambda': 0.1086785989257637, 'alpha': 6.0193891542914155, 'max_depth': 1, 'eta': 0.2165413366009104, 'gamma': 5.202722275726389, 'num_boost_rounds': 25}. Best is trial 604 with value: 0.017291.
2025-01-02 17:43:33 INFO     Trial 675 pruned. Trial was pruned at iteration 9.
2025-01-02 17:43:33 INFO     Trial 676 pruned. Trial was pruned at iteration 5.
2025-01-02 17:43:34 INFO     Trial 677 pruned. Trial was pruned at iteration 5.
2025-01-02 17:43:34 INFO     Trial 678 pruned. Trial was pruned at iteration 0.
2025-01-02 17:43:35 INFO     Trial 679 pruned. Trial was pruned at iteration 9.
2025-01-02 17:43:36 INFO     Trial 680 pruned. Trial was pruned at iteration 9.
2025-01-02 17:43:36 INFO     Trial 681 finished with value: 0.017241 and parameters: {'max_delta_step': 68.56885999872503, 'colsample_bytree': 0.5356973309710723, 'subsample': 0.8585309051645786, 'min_child_weight': 22.41301902433004, 'min_data_in_leaf': 15.032900814457454, 'lambda': 0.7020946710889956, 'alpha': 4.891682697129006, 'max_depth': 1, 'eta': 0.21412029491222498, 'gamma': 6.1001536982622415, 'num_boost_rounds': 15}. Best is trial 604 with value: 0.017291.
2025-01-02 17:43:37 INFO     Trial 682 pruned. Trial was pruned at iteration 9.
2025-01-02 17:43:38 INFO     Trial 683 pruned. Trial was pruned at iteration 9.
2025-01-02 17:43:38 INFO     Trial 684 pruned. Trial was pruned at iteration 0.
2025-01-02 17:43:39 INFO     Trial 685 finished with value: 0.017241 and parameters: {'max_delta_step': 62.11379585464304, 'colsample_bytree': 0.500031045620463, 'subsample': 0.8700137836799317, 'min_child_weight': 27.366987473597714, 'min_data_in_leaf': 15.918997332071886, 'lambda': 0.16559252463960045, 'alpha': 5.649410576864822, 'max_depth': 1, 'eta': 0.2108093525274581, 'gamma': 5.761910988325699, 'num_boost_rounds': 15}. Best is trial 604 with value: 0.017291.
2025-01-02 17:43:39 INFO     Trial 686 pruned. Trial was pruned at iteration 0.
2025-01-02 17:43:40 INFO     Trial 687 pruned. Trial was pruned at iteration 9.
2025-01-02 17:43:41 INFO     Trial 688 finished with value: 0.017241 and parameters: {'max_delta_step': 70.04483411767184, 'colsample_bytree': 0.5088362353572058, 'subsample': 0.8334260389243102, 'min_child_weight': 14.73736300127668, 'min_data_in_leaf': 16.725682351160383, 'lambda': 1.0404724206358307, 'alpha': 6.280898394562604, 'max_depth': 1, 'eta': 0.2158068053968813, 'gamma': 5.086431573013229, 'num_boost_rounds': 15}. Best is trial 604 with value: 0.017291.
2025-01-02 17:43:41 INFO     Trial 689 finished with value: 0.017159 and parameters: {'max_delta_step': 72.92839207438148, 'colsample_bytree': 0.5193012752822646, 'subsample': 0.8131109753056835, 'min_child_weight': 23.53944034081969, 'min_data_in_leaf': 16.155941598579197, 'lambda': 0.2918692114566545, 'alpha': 6.6077051404665985, 'max_depth': 1, 'eta': 0.21017303632083859, 'gamma': 4.644697671541129, 'num_boost_rounds': 10}. Best is trial 604 with value: 0.017291.
2025-01-02 17:43:42 INFO     Trial 690 pruned. Trial was pruned at iteration 9.
2025-01-02 17:43:43 INFO     Trial 691 pruned. Trial was pruned at iteration 9.
2025-01-02 17:43:43 INFO     Trial 692 finished with value: 0.017241 and parameters: {'max_delta_step': 76.94877237947541, 'colsample_bytree': 0.524934935811106, 'subsample': 0.8952899281530735, 'min_child_weight': 32.27843930292894, 'min_data_in_leaf': 14.307293146006081, 'lambda': 0.15919057494225225, 'alpha': 5.83171722528863, 'max_depth': 1, 'eta': 0.2052958656659301, 'gamma': 5.748797471037473, 'num_boost_rounds': 25}. Best is trial 604 with value: 0.017291.
2025-01-02 17:43:44 INFO     Trial 693 finished with value: 0.017241 and parameters: {'max_delta_step': 64.37831643483912, 'colsample_bytree': 0.5160508333919234, 'subsample': 0.8765628041324101, 'min_child_weight': 29.916869235820624, 'min_data_in_leaf': 17.05361346102076, 'lambda': 0.8457530528720661, 'alpha': 6.418914461262901, 'max_depth': 1, 'eta': 0.21404351365251853, 'gamma': 5.926384687163679, 'num_boost_rounds': 10}. Best is trial 604 with value: 0.017291.
2025-01-02 17:43:45 INFO     Trial 694 pruned. Trial was pruned at iteration 5.
2025-01-02 17:43:45 INFO     Trial 695 pruned. Trial was pruned at iteration 9.
2025-01-02 17:43:46 INFO     Trial 696 finished with value: 0.017241 and parameters: {'max_delta_step': 62.13983238721609, 'colsample_bytree': 0.5000493791649179, 'subsample': 0.9107833310397208, 'min_child_weight': 27.87017484827428, 'min_data_in_leaf': 16.763874982099715, 'lambda': 0.3258707287454817, 'alpha': 5.571640510360885, 'max_depth': 1, 'eta': 0.20858999333342088, 'gamma': 5.629957072218509, 'num_boost_rounds': 20}. Best is trial 604 with value: 0.017291.
2025-01-02 17:43:47 INFO     Trial 697 pruned. Trial was pruned at iteration 9.
2025-01-02 17:43:47 INFO     Trial 698 finished with value: 0.017241 and parameters: {'max_delta_step': 71.73869838662321, 'colsample_bytree': 0.5125304683779067, 'subsample': 0.8437312604981715, 'min_child_weight': 22.325336931753856, 'min_data_in_leaf': 14.854966541010004, 'lambda': 0.9773873799908277, 'alpha': 4.813181769898675, 'max_depth': 1, 'eta': 0.2006265526015873, 'gamma': 9.81670486368982, 'num_boost_rounds': 20}. Best is trial 604 with value: 0.017291.
2025-01-02 17:43:48 INFO     Trial 699 pruned. Trial was pruned at iteration 9.
2025-01-02 17:43:49 INFO     Trial 700 finished with value: 0.017241 and parameters: {'max_delta_step': 75.00628383741522, 'colsample_bytree': 0.5096057607582694, 'subsample': 0.8593457143146969, 'min_child_weight': 20.25907442592524, 'min_data_in_leaf': 15.777849341580163, 'lambda': 0.001869834372261181, 'alpha': 5.732484095240794, 'max_depth': 1, 'eta': 0.21170076318739833, 'gamma': 4.956664965561261, 'num_boost_rounds': 70}. Best is trial 604 with value: 0.017291.
2025-01-02 17:43:49 INFO     Trial 701 pruned. Trial was pruned at iteration 9.
2025-01-02 17:43:50 INFO     Trial 702 finished with value: 0.017241 and parameters: {'max_delta_step': 65.97815979268849, 'colsample_bytree': 0.5083284527235112, 'subsample': 0.8771713296817798, 'min_child_weight': 23.663624572639556, 'min_data_in_leaf': 15.22284354190238, 'lambda': 0.22405745161435964, 'alpha': 5.401694366467432, 'max_depth': 1, 'eta': 0.21410602717778593, 'gamma': 6.047949180345274, 'num_boost_rounds': 115}. Best is trial 604 with value: 0.017291.
2025-01-02 17:43:51 INFO     Trial 703 finished with value: 0.017241 and parameters: {'max_delta_step': 63.699071377137, 'colsample_bytree': 0.5000995372808056, 'subsample': 0.8895656781468028, 'min_child_weight': 22.337904746565382, 'min_data_in_leaf': 17.13046819491078, 'lambda': 0.5473325836892338, 'alpha': 6.63260119182242, 'max_depth': 1, 'eta': 0.20619135965192684, 'gamma': 5.210005388835145, 'num_boost_rounds': 80}. Best is trial 604 with value: 0.017291.
2025-01-02 17:43:51 INFO     Trial 704 pruned. Trial was pruned at iteration 9.
2025-01-02 17:43:52 INFO     Trial 705 pruned. Trial was pruned at iteration 9.
2025-01-02 17:43:52 INFO     Trial 706 pruned. Trial was pruned at iteration 5.
2025-01-02 17:43:53 INFO     Trial 707 pruned. Trial was pruned at iteration 5.
2025-01-02 17:43:54 INFO     Trial 708 finished with value: 0.017241 and parameters: {'max_delta_step': 27.352264404360806, 'colsample_bytree': 0.5000398826647477, 'subsample': 0.9202092247569708, 'min_child_weight': 26.774827630012517, 'min_data_in_leaf': 16.38439689117934, 'lambda': 0.19197500565783399, 'alpha': 5.843694318211144, 'max_depth': 1, 'eta': 0.21142153702877556, 'gamma': 5.621281628467052, 'num_boost_rounds': 25}. Best is trial 604 with value: 0.017291.
2025-01-02 17:43:54 INFO     Trial 709 pruned. Trial was pruned at iteration 0.
2025-01-02 17:43:55 INFO     Trial 710 pruned. Trial was pruned at iteration 9.
2025-01-02 17:43:55 INFO     Trial 711 pruned. Trial was pruned at iteration 9.
2025-01-02 17:43:56 INFO     Trial 712 finished with value: 0.017241 and parameters: {'max_delta_step': 70.14280467691007, 'colsample_bytree': 0.5002358301303784, 'subsample': 0.8436834692726717, 'min_child_weight': 24.676786071343606, 'min_data_in_leaf': 15.60680323227264, 'lambda': 0.734300637991533, 'alpha': 4.78435418921132, 'max_depth': 1, 'eta': 0.2038962176817711, 'gamma': 5.300237220456117, 'num_boost_rounds': 170}. Best is trial 604 with value: 0.017291.
2025-01-02 17:43:57 INFO     Trial 713 pruned. Trial was pruned at iteration 9.
2025-01-02 17:43:57 INFO     Trial 714 pruned. Trial was pruned at iteration 0.
2025-01-02 17:43:58 INFO     Trial 715 pruned. Trial was pruned at iteration 9.
2025-01-02 17:43:58 INFO     Trial 716 finished with value: 0.017241 and parameters: {'max_delta_step': 64.20299313269767, 'colsample_bytree': 0.5404574128578805, 'subsample': 0.8324528611657807, 'min_child_weight': 20.354881350642373, 'min_data_in_leaf': 17.233423981488574, 'lambda': 0.8853314724270692, 'alpha': 5.722361121262236, 'max_depth': 1, 'eta': 0.21182943517339023, 'gamma': 5.553889574842524, 'num_boost_rounds': 10}. Best is trial 604 with value: 0.017291.
2025-01-02 17:43:59 INFO     Trial 717 pruned. Trial was pruned at iteration 9.
2025-01-02 17:44:00 INFO     Trial 718 pruned. Trial was pruned at iteration 5.
2025-01-02 17:44:00 INFO     Trial 719 finished with value: 0.017241 and parameters: {'max_delta_step': 68.8840335632205, 'colsample_bytree': 0.528658798020133, 'subsample': 0.8685900956447578, 'min_child_weight': 21.592158405355562, 'min_data_in_leaf': 15.65092916394457, 'lambda': 1.1375796432898153, 'alpha': 6.7376935947334635, 'max_depth': 1, 'eta': 0.20458717866324788, 'gamma': 5.417260351703555, 'num_boost_rounds': 15}. Best is trial 604 with value: 0.017291.
2025-01-02 17:44:01 INFO     Trial 720 pruned. Trial was pruned at iteration 5.
2025-01-02 17:44:02 INFO     Trial 721 pruned. Trial was pruned at iteration 9.
2025-01-02 17:44:02 INFO     Trial 722 finished with value: 0.017241 and parameters: {'max_delta_step': 68.00675435343777, 'colsample_bytree': 0.5096556809659927, 'subsample': 0.8550515291303892, 'min_child_weight': 23.795038226603943, 'min_data_in_leaf': 14.948605890271985, 'lambda': 0.1648337961400986, 'alpha': 5.9650020273623445, 'max_depth': 1, 'eta': 0.21022090982900965, 'gamma': 6.0204602903080255, 'num_boost_rounds': 20}. Best is trial 604 with value: 0.017291.
2025-01-02 17:44:03 INFO     Trial 723 pruned. Trial was pruned at iteration 5.
2025-01-02 17:44:04 INFO     Trial 724 pruned. Trial was pruned at iteration 9.
2025-01-02 17:44:04 INFO     Trial 725 pruned. Trial was pruned at iteration 6.
2025-01-02 17:44:05 INFO     Trial 726 pruned. Trial was pruned at iteration 5.
2025-01-02 17:44:05 INFO     Trial 727 pruned. Trial was pruned at iteration 0.
2025-01-02 17:44:06 INFO     Trial 728 finished with value: 0.017241 and parameters: {'max_delta_step': 69.59015717272078, 'colsample_bytree': 0.5001100070297948, 'subsample': 0.8482909321434432, 'min_child_weight': 22.41162443871107, 'min_data_in_leaf': 14.388507077547418, 'lambda': 0.1957816283825468, 'alpha': 7.018275846730045, 'max_depth': 1, 'eta': 0.20735806182351713, 'gamma': 5.420939260242444, 'num_boost_rounds': 15}. Best is trial 604 with value: 0.017291.
2025-01-02 17:44:07 INFO     Trial 729 finished with value: 0.017241 and parameters: {'max_delta_step': 60.40186806215853, 'colsample_bytree': 0.500160277188437, 'subsample': 0.8631031178317882, 'min_child_weight': 11.982108090717412, 'min_data_in_leaf': 29.998786599696892, 'lambda': 8.62198294778761, 'alpha': 4.932634180108235, 'max_depth': 1, 'eta': 0.21739405824458635, 'gamma': 6.126172080680123, 'num_boost_rounds': 10}. Best is trial 604 with value: 0.017291.
2025-01-02 17:44:07 INFO     Trial 730 pruned. Trial was pruned at iteration 5.
2025-01-02 17:44:08 INFO     Trial 731 finished with value: 0.017241 and parameters: {'max_delta_step': 34.967401046299514, 'colsample_bytree': 0.5294031219040221, 'subsample': 0.8531174682265655, 'min_child_weight': 28.69258954359357, 'min_data_in_leaf': 15.176828371593711, 'lambda': 0.5558427530081629, 'alpha': 5.512569678941022, 'max_depth': 1, 'eta': 0.2017416780834352, 'gamma': 5.647952978129201, 'num_boost_rounds': 10}. Best is trial 604 with value: 0.017291.
2025-01-02 17:44:09 INFO     Trial 732 pruned. Trial was pruned at iteration 9.
2025-01-02 17:44:09 INFO     Trial 733 finished with value: 0.017241 and parameters: {'max_delta_step': 67.93470903202487, 'colsample_bytree': 0.5142805229872693, 'subsample': 0.8721381487057324, 'min_child_weight': 27.1263559599432, 'min_data_in_leaf': 16.903186618089123, 'lambda': 0.17123545971037596, 'alpha': 5.927469783083099, 'max_depth': 1, 'eta': 0.21245620896289574, 'gamma': 4.955330717627184, 'num_boost_rounds': 15}. Best is trial 604 with value: 0.017291.
2025-01-02 17:44:10 INFO     Trial 734 pruned. Trial was pruned at iteration 9.
2025-01-02 17:44:10 INFO     Trial 735 pruned. Trial was pruned at iteration 0.
2025-01-02 17:44:11 INFO     Trial 736 finished with value: 0.017241 and parameters: {'max_delta_step': 70.3507446785448, 'colsample_bytree': 0.5169613131670077, 'subsample': 0.8991063253369485, 'min_child_weight': 24.74715851319587, 'min_data_in_leaf': 17.596574414783216, 'lambda': 0.0053554985200988114, 'alpha': 5.662060583979317, 'max_depth': 1, 'eta': 0.20850976369119453, 'gamma': 5.540068256439636, 'num_boost_rounds': 145}. Best is trial 604 with value: 0.017291.
2025-01-02 17:44:12 INFO     Trial 737 pruned. Trial was pruned at iteration 0.
2025-01-02 17:44:12 INFO     Trial 738 finished with value: 0.017241 and parameters: {'max_delta_step': 20.665494418496284, 'colsample_bytree': 0.5227319183482511, 'subsample': 0.8320686615047908, 'min_child_weight': 32.60227436293067, 'min_data_in_leaf': 16.057471146985108, 'lambda': 7.670640571556329, 'alpha': 6.320906169460477, 'max_depth': 1, 'eta': 0.21317061558618816, 'gamma': 4.210049175125948, 'num_boost_rounds': 10}. Best is trial 604 with value: 0.017291.
2025-01-02 17:44:13 INFO     Trial 739 pruned. Trial was pruned at iteration 9.
