2025-01-02 13:15:07 INFO     Trial 717 finished with value: 0.017137 and parameters: {'max_delta_step': 10.022235128961618, 'colsample_bytree': 0.5325150024940363, 'colsample_bynode': 0.46498792209068684, 'subsample': 0.5611183445004149, 'min_child_weight': 88.65740416225002, 'min_data_in_leaf': 19.24064476813283, 'lambda': 3.3226258619319124, 'alpha': 7.135195075953697, 'max_depth': 1, 'eta': 0.1924695566344842, 'gamma': 8.711565967085882, 'num_boost_rounds': 195}. Best is trial 186 with value: 0.017241.
2025-01-02 13:15:08 INFO     Trial 718 pruned. Trial was pruned at iteration 5.
2025-01-02 13:15:08 INFO     Trial 719 pruned. Trial was pruned at iteration 5.
2025-01-02 13:15:09 INFO     n_estimators: 10
2025-01-02 13:15:09 INFO     Trial 720 finished with value: 0.017088 and parameters: {'max_delta_step': 19.06684027637612, 'colsample_bytree': 0.5029423439048626, 'colsample_bynode': 0.413072398887227, 'subsample': 0.9096505694181714, 'min_child_weight': 90.42138870484341, 'min_data_in_leaf': 19.636212185567803, 'lambda': 5.440697508090446, 'alpha': 7.4023792399388695, 'max_depth': 1, 'eta': 0.18968674920748596, 'gamma': 7.024671975398283, 'num_boost_rounds': 180}. Best is trial 186 with value: 0.017241.
2025-01-02 13:15:10 INFO     n_estimators: 10
2025-01-02 13:15:10 INFO     Trial 721 finished with value: 0.017088 and parameters: {'max_delta_step': 22.45716916216853, 'colsample_bytree': 0.541855510868397, 'colsample_bynode': 0.4535272484167882, 'subsample': 0.8598796372780311, 'min_child_weight': 95.14765038983411, 'min_data_in_leaf': 20.716387746695002, 'lambda': 3.089346305477734, 'alpha': 7.901922795085765, 'max_depth': 1, 'eta': 0.1844768338556247, 'gamma': 8.5388239897855, 'num_boost_rounds': 190}. Best is trial 186 with value: 0.017241.
2025-01-02 13:15:10 INFO     n_estimators: 10
2025-01-02 13:15:11 INFO     Trial 722 finished with value: 0.017143 and parameters: {'max_delta_step': 16.949929473165085, 'colsample_bytree': 0.5515074616386187, 'colsample_bynode': 0.3888188427881015, 'subsample': 0.8738434967107496, 'min_child_weight': 82.8112467374418, 'min_data_in_leaf': 21.492723689690195, 'lambda': 3.744763467940767, 'alpha': 7.296824151520791, 'max_depth': 1, 'eta': 0.19626664362907928, 'gamma': 8.805387576965604, 'num_boost_rounds': 185}. Best is trial 186 with value: 0.017241.
2025-01-02 13:15:11 INFO     n_estimators: 10
2025-01-02 13:15:11 INFO     Trial 723 finished with value: 0.017241 and parameters: {'max_delta_step': 20.362957364806135, 'colsample_bytree': 0.5650117584855788, 'colsample_bynode': 0.4278674755038062, 'subsample': 0.8841028854804887, 'min_child_weight': 60.78044519195969, 'min_data_in_leaf': 18.707862001984672, 'lambda': 2.8809785649073754, 'alpha': 7.66547666273074, 'max_depth': 1, 'eta': 0.19990580136806788, 'gamma': 8.267586683728263, 'num_boost_rounds': 180}. Best is trial 186 with value: 0.017241.
2025-01-02 13:15:12 INFO     Trial 724 pruned. Trial was pruned at iteration 0.
2025-01-02 13:15:12 INFO     n_estimators: 10
2025-01-02 13:15:12 INFO     Trial 725 finished with value: 0.017088 and parameters: {'max_delta_step': 59.37904801714783, 'colsample_bytree': 0.5378471149456069, 'colsample_bynode': 0.44204930381696794, 'subsample': 0.8912534838491841, 'min_child_weight': 81.11017461267652, 'min_data_in_leaf': 19.31838149351639, 'lambda': 2.588924441706104, 'alpha': 7.468542921065817, 'max_depth': 1, 'eta': 0.1962848272893938, 'gamma': 8.959220683389425, 'num_boost_rounds': 195}. Best is trial 186 with value: 0.017241.
2025-01-02 13:15:13 INFO     Trial 726 pruned. Trial was pruned at iteration 0.
2025-01-02 13:15:13 INFO     Trial 727 pruned. Trial was pruned at iteration 5.
2025-01-02 13:15:14 INFO     n_estimators: 10
2025-01-02 13:15:14 INFO     Trial 728 finished with value: 0.017143 and parameters: {'max_delta_step': 23.108069666783535, 'colsample_bytree': 0.5147544888850796, 'colsample_bynode': 0.42281500236062075, 'subsample': 0.8814932760781737, 'min_child_weight': 90.76701311202625, 'min_data_in_leaf': 18.996097953024474, 'lambda': 2.7315831181601036, 'alpha': 2.0309593907318293, 'max_depth': 1, 'eta': 0.19997280428708447, 'gamma': 8.751155669923731, 'num_boost_rounds': 185}. Best is trial 186 with value: 0.017241.
2025-01-02 13:15:14 INFO     Trial 729 pruned. Trial was pruned at iteration 5.
2025-01-02 13:15:15 INFO     n_estimators: 10
2025-01-02 13:15:15 INFO     Trial 730 finished with value: 0.017143 and parameters: {'max_delta_step': 17.496718571507554, 'colsample_bytree': 0.5569981289810391, 'colsample_bynode': 0.4003680908558835, 'subsample': 0.8759409366380798, 'min_child_weight': 88.65759294183744, 'min_data_in_leaf': 18.248237704682044, 'lambda': 3.2544109909882035, 'alpha': 7.336778527068632, 'max_depth': 1, 'eta': 0.19998129410909543, 'gamma': 8.329663114610153, 'num_boost_rounds': 180}. Best is trial 186 with value: 0.017241.
2025-01-02 13:15:16 INFO     Trial 731 pruned. Trial was pruned at iteration 0.
2025-01-02 13:15:16 INFO     n_estimators: 10
2025-01-02 13:15:16 INFO     Trial 732 finished with value: 0.017143 and parameters: {'max_delta_step': 28.96218516911066, 'colsample_bytree': 0.5431407704502512, 'colsample_bynode': 0.4888685143961383, 'subsample': 0.8464535538384694, 'min_child_weight': 66.56729479103947, 'min_data_in_leaf': 19.499980383876807, 'lambda': 2.4235495700813736, 'alpha': 6.500765797260125, 'max_depth': 1, 'eta': 0.19406412980694435, 'gamma': 9.015895905463564, 'num_boost_rounds': 185}. Best is trial 186 with value: 0.017241.
2025-01-02 13:15:17 INFO     n_estimators: 10
2025-01-02 13:15:17 INFO     Trial 733 finished with value: 0.017088 and parameters: {'max_delta_step': 13.854147264164606, 'colsample_bytree': 0.5249350164815421, 'colsample_bynode': 0.41300346062638665, 'subsample': 0.8889164978040685, 'min_child_weight': 77.73094709899826, 'min_data_in_leaf': 20.210164840014414, 'lambda': 1.9734118277153008, 'alpha': 7.5436240151752765, 'max_depth': 1, 'eta': 0.19583039314576636, 'gamma': 8.02760175350644, 'num_boost_rounds': 180}. Best is trial 186 with value: 0.017241.
2025-01-02 13:15:17 INFO     Trial 734 pruned. Trial was pruned at iteration 5.
2025-01-02 13:15:18 INFO     Trial 735 pruned. Trial was pruned at iteration 5.
2025-01-02 13:15:19 INFO     n_estimators: 10
2025-01-02 13:15:19 INFO     Trial 736 finished with value: 0.017088 and parameters: {'max_delta_step': 25.659390436726316, 'colsample_bytree': 0.5135480361519835, 'colsample_bynode': 0.347989912633926, 'subsample': 0.9088401205570188, 'min_child_weight': 86.07197746069819, 'min_data_in_leaf': 19.35042227063319, 'lambda': 2.7660476389182804, 'alpha': 8.574057043640149, 'max_depth': 1, 'eta': 0.19626363812723538, 'gamma': 8.185386985867627, 'num_boost_rounds': 185}. Best is trial 186 with value: 0.017241.
2025-01-02 13:15:19 INFO     n_estimators: 10
2025-01-02 13:15:19 INFO     Trial 737 finished with value: 0.017088 and parameters: {'max_delta_step': 19.434047791133064, 'colsample_bytree': 0.5342494440232224, 'colsample_bynode': 0.28240989781456416, 'subsample': 0.8330646296127271, 'min_child_weight': 84.65194566506864, 'min_data_in_leaf': 17.999769912379925, 'lambda': 3.3765100082946193, 'alpha': 7.431458256255712, 'max_depth': 1, 'eta': 0.1856796232068581, 'gamma': 7.696491777129672, 'num_boost_rounds': 185}. Best is trial 186 with value: 0.017241.
2025-01-02 13:15:20 INFO     Trial 738 pruned. Trial was pruned at iteration 5.
2025-01-02 13:15:21 INFO     Trial 739 pruned. Trial was pruned at iteration 5.
2025-01-02 13:15:21 INFO     n_estimators: 10
2025-01-02 13:15:21 INFO     Trial 740 finished with value: 0.017088 and parameters: {'max_delta_step': 19.24111366133539, 'colsample_bytree': 0.5269315629828766, 'colsample_bynode': 0.39262776211771366, 'subsample': 0.9008009465835594, 'min_child_weight': 89.89095159281185, 'min_data_in_leaf': 17.383663930778695, 'lambda': 2.98491370638348, 'alpha': 7.265344424510799, 'max_depth': 1, 'eta': 0.1963730163629019, 'gamma': 8.30244398936456, 'num_boost_rounds': 180}. Best is trial 186 with value: 0.017241.
2025-01-02 13:15:22 INFO     Trial 741 pruned. Trial was pruned at iteration 5.
2025-01-02 13:15:22 INFO     n_estimators: 10
2025-01-02 13:15:22 INFO     Trial 742 finished with value: 0.017143 and parameters: {'max_delta_step': 16.54278278738631, 'colsample_bytree': 0.558622817688164, 'colsample_bynode': 0.42230872013764614, 'subsample': 0.8777127080831879, 'min_child_weight': 92.960378870092, 'min_data_in_leaf': 15.621175987831757, 'lambda': 2.5952430305199976, 'alpha': 9.226504675576392, 'max_depth': 1, 'eta': 0.19640350176783458, 'gamma': 8.876827670118992, 'num_boost_rounds': 185}. Best is trial 186 with value: 0.017241.
2025-01-02 13:15:23 INFO     n_estimators: 10
2025-01-02 13:15:23 INFO     Trial 743 finished with value: 0.017143 and parameters: {'max_delta_step': 24.07182437239883, 'colsample_bytree': 0.5392462456795517, 'colsample_bynode': 0.4426296236598347, 'subsample': 0.8617099508255821, 'min_child_weight': 88.1556299350463, 'min_data_in_leaf': 20.686267248926725, 'lambda': 2.900109923353088, 'alpha': 7.799109821031305, 'max_depth': 1, 'eta': 0.1933609117212841, 'gamma': 8.443596534020479, 'num_boost_rounds': 175}. Best is trial 186 with value: 0.017241.
2025-01-02 13:15:24 INFO     n_estimators: 10
2025-01-02 13:15:24 INFO     Trial 744 finished with value: 0.017084 and parameters: {'max_delta_step': 18.158322784677665, 'colsample_bytree': 0.5081947156961202, 'colsample_bynode': 0.32239106205992385, 'subsample': 0.9153737234405885, 'min_child_weight': 98.06896188106867, 'min_data_in_leaf': 19.691222112429045, 'lambda': 3.125354072824654, 'alpha': 9.800135482899156, 'max_depth': 1, 'eta': 0.18044216305301064, 'gamma': 8.72849635726771, 'num_boost_rounds': 180}. Best is trial 186 with value: 0.017241.
2025-01-02 13:15:24 INFO     n_estimators: 10
2025-01-02 13:15:24 INFO     Trial 745 finished with value: 0.017143 and parameters: {'max_delta_step': 20.771254195049078, 'colsample_bytree': 0.5218095746989729, 'colsample_bynode': 0.4064942719968267, 'subsample': 0.8174145508496341, 'min_child_weight': 95.58062905557084, 'min_data_in_leaf': 19.18275376339057, 'lambda': 3.489301028463548, 'alpha': 8.147535582197365, 'max_depth': 1, 'eta': 0.19660495869427125, 'gamma': 9.278789776204093, 'num_boost_rounds': 195}. Best is trial 186 with value: 0.017241.
2025-01-02 13:15:25 INFO     n_estimators: 10
2025-01-02 13:15:25 INFO     Trial 746 finished with value: 0.017088 and parameters: {'max_delta_step': 15.349568653508163, 'colsample_bytree': 0.5339074951116495, 'colsample_bynode': 0.36843785825723396, 'subsample': 0.8928416675255387, 'min_child_weight': 80.98949820262615, 'min_data_in_leaf': 18.468517030083742, 'lambda': 2.8152777516963594, 'alpha': 7.514086379198723, 'max_depth': 1, 'eta': 0.1894541780986551, 'gamma': 8.218408889576498, 'num_boost_rounds': 190}. Best is trial 186 with value: 0.017241.
2025-01-02 13:15:26 INFO     n_estimators: 10
2025-01-02 13:15:26 INFO     Trial 747 finished with value: 0.017143 and parameters: {'max_delta_step': 12.752897351221687, 'colsample_bytree': 0.5507342008974182, 'colsample_bynode': 0.4535438645983126, 'subsample': 0.8672358063722453, 'min_child_weight': 87.12325898591058, 'min_data_in_leaf': 16.232737994644964, 'lambda': 3.7848572104267872, 'alpha': 7.208482046210008, 'max_depth': 1, 'eta': 0.19983549537685114, 'gamma': 8.579742878934534, 'num_boost_rounds': 180}. Best is trial 186 with value: 0.017241.
2025-01-02 13:15:27 INFO     n_estimators: 10
2025-01-02 13:15:27 INFO     Trial 748 finished with value: 0.017143 and parameters: {'max_delta_step': 19.26501412466291, 'colsample_bytree': 0.5427194953967216, 'colsample_bynode': 0.43041715460611124, 'subsample': 0.8801060479546442, 'min_child_weight': 84.07648355202792, 'min_data_in_leaf': 20.62284098096014, 'lambda': 3.071346600291925, 'alpha': 7.379622257320819, 'max_depth': 1, 'eta': 0.19306221370042387, 'gamma': 8.413153323765137, 'num_boost_rounds': 185}. Best is trial 186 with value: 0.017241.
2025-01-02 13:15:27 INFO     n_estimators: 10
2025-01-02 13:15:27 INFO     Trial 749 finished with value: 0.017088 and parameters: {'max_delta_step': 21.932577487710056, 'colsample_bytree': 0.5603676678442113, 'colsample_bynode': 0.47012742344583497, 'subsample': 0.8975610549197318, 'min_child_weight': 90.76711967333345, 'min_data_in_leaf': 22.18490015712088, 'lambda': 3.3306011499038237, 'alpha': 9.441850018187596, 'max_depth': 1, 'eta': 0.19606980434874385, 'gamma': 8.878280286211966, 'num_boost_rounds': 190}. Best is trial 186 with value: 0.017241.
2025-01-02 13:15:28 INFO     n_estimators: 10
2025-01-02 13:15:28 INFO     Trial 750 finished with value: 0.017241 and parameters: {'max_delta_step': 18.173443799578855, 'colsample_bytree': 0.5301045130590247, 'colsample_bynode': 0.41493487651867716, 'subsample': 0.8456132865587577, 'min_child_weight': 86.09628123120717, 'min_data_in_leaf': 18.952323223769675, 'lambda': 2.673396572692217, 'alpha': 7.650247278459089, 'max_depth': 1, 'eta': 0.19990229656211642, 'gamma': 8.024812111448336, 'num_boost_rounds': 125}. Best is trial 186 with value: 0.017241.
2025-01-02 13:15:29 INFO     Trial 751 pruned. Trial was pruned at iteration 5.
2025-01-02 13:15:29 INFO     n_estimators: 10
2025-01-02 13:15:29 INFO     Trial 752 finished with value: 0.017143 and parameters: {'max_delta_step': 16.63122698052404, 'colsample_bytree': 0.5175409891034966, 'colsample_bynode': 0.38289611682007035, 'subsample': 0.8566927169416032, 'min_child_weight': 82.99367194271946, 'min_data_in_leaf': 19.887526382041443, 'lambda': 2.9526003837850134, 'alpha': 7.090774983613494, 'max_depth': 1, 'eta': 0.19309639445000132, 'gamma': 8.237636140618083, 'num_boost_rounds': 175}. Best is trial 186 with value: 0.017241.
2025-01-02 13:15:30 INFO     n_estimators: 10
2025-01-02 13:15:30 INFO     Trial 753 finished with value: 0.017143 and parameters: {'max_delta_step': 20.396756206866296, 'colsample_bytree': 0.548625599432713, 'colsample_bynode': 0.43892706824375893, 'subsample': 0.8736810632571954, 'min_child_weight': 91.53635781138365, 'min_data_in_leaf': 19.48061514823186, 'lambda': 2.176637750129012, 'alpha': 7.488880379023166, 'max_depth': 1, 'eta': 0.19656672326765373, 'gamma': 7.427246886385997, 'num_boost_rounds': 195}. Best is trial 186 with value: 0.017241.
2025-01-02 13:15:31 INFO     n_estimators: 10
2025-01-02 13:15:31 INFO     Trial 754 finished with value: 0.017241 and parameters: {'max_delta_step': 14.06185479942842, 'colsample_bytree': 0.538319970751786, 'colsample_bynode': 0.4242438944926325, 'subsample': 0.9054774608663303, 'min_child_weight': 79.53087055096728, 'min_data_in_leaf': 20.27551979093861, 'lambda': 3.6239079469333415, 'alpha': 2.604182094834028, 'max_depth': 1, 'eta': 0.19980824910881664, 'gamma': 8.429460058253447, 'num_boost_rounds': 185}. Best is trial 186 with value: 0.017241.
2025-01-02 13:15:31 INFO     Trial 755 pruned. Trial was pruned at iteration 0.
2025-01-02 13:15:32 INFO     Trial 756 pruned. Trial was pruned at iteration 5.
2025-01-02 13:15:32 INFO     Trial 757 pruned. Trial was pruned at iteration 5.
2025-01-02 13:15:33 INFO     n_estimators: 10
2025-01-02 13:15:33 INFO     Trial 758 finished with value: 0.017143 and parameters: {'max_delta_step': 17.33589340571011, 'colsample_bytree': 0.5352099125051695, 'colsample_bynode': 0.4112018693810749, 'subsample': 0.8650968468713225, 'min_child_weight': 94.04933197178225, 'min_data_in_leaf': 16.80429346913938, 'lambda': 3.0633198312180605, 'alpha': 8.354839123867112, 'max_depth': 1, 'eta': 0.19371439725875583, 'gamma': 8.573534143061275, 'num_boost_rounds': 185}. Best is trial 186 with value: 0.017241.
2025-01-02 13:15:34 INFO     n_estimators: 10
2025-01-02 13:15:34 INFO     Trial 759 finished with value: 0.017088 and parameters: {'max_delta_step': 19.59979885625209, 'colsample_bytree': 0.5456247356726444, 'colsample_bynode': 0.43392702005474404, 'subsample': 0.8934669411359758, 'min_child_weight': 85.34786610542184, 'min_data_in_leaf': 18.53625932669314, 'lambda': 2.779276268322068, 'alpha': 8.060498353575113, 'max_depth': 1, 'eta': 0.19652894006034552, 'gamma': 8.180240357951737, 'num_boost_rounds': 165}. Best is trial 186 with value: 0.017241.
2025-01-02 13:15:34 INFO     n_estimators: 10
2025-01-02 13:15:34 INFO     Trial 760 finished with value: 0.017137 and parameters: {'max_delta_step': 25.667434231133996, 'colsample_bytree': 0.5656451407928733, 'colsample_bynode': 0.47921550508758937, 'subsample': 0.6605721030756925, 'min_child_weight': 90.00999608743697, 'min_data_in_leaf': 19.61966227261383, 'lambda': 3.1623942897258557, 'alpha': 7.798119637412016, 'max_depth': 1, 'eta': 0.1998887654402443, 'gamma': 8.400873535303125, 'num_boost_rounds': 195}. Best is trial 186 with value: 0.017241.
2025-01-02 13:15:35 INFO     n_estimators: 10
2025-01-02 13:15:35 INFO     Trial 761 finished with value: 0.017241 and parameters: {'max_delta_step': 91.83653558774665, 'colsample_bytree': 0.5112993503690935, 'colsample_bynode': 0.37173704298593024, 'subsample': 0.8724840713581407, 'min_child_weight': 86.9207319449073, 'min_data_in_leaf': 20.010507595460332, 'lambda': 2.880404778438434, 'alpha': 7.166575080550636, 'max_depth': 1, 'eta': 0.199997171099016, 'gamma': 8.922379549321969, 'num_boost_rounds': 175}. Best is trial 186 with value: 0.017241.
2025-01-02 13:15:36 INFO     n_estimators: 10
2025-01-02 13:15:36 INFO     Trial 762 finished with value: 0.017088 and parameters: {'max_delta_step': 21.32912127815307, 'colsample_bytree': 0.5301523733162647, 'colsample_bynode': 0.39593733368498696, 'subsample': 0.883061369167849, 'min_child_weight': 92.91250394975457, 'min_data_in_leaf': 19.08676059244771, 'lambda': 3.445492306921133, 'alpha': 7.382681054554643, 'max_depth': 1, 'eta': 0.1909771308797511, 'gamma': 8.579407838013974, 'num_boost_rounds': 115}. Best is trial 186 with value: 0.017241.
2025-01-02 13:15:36 INFO     n_estimators: 10
2025-01-02 13:15:36 INFO     Trial 763 finished with value: 0.017143 and parameters: {'max_delta_step': 15.517541161352456, 'colsample_bytree': 0.5534580170932396, 'colsample_bynode': 0.44813287661096196, 'subsample': 0.8525553959504046, 'min_child_weight': 83.54701096504638, 'min_data_in_leaf': 20.62584178322417, 'lambda': 2.5955651774842763, 'alpha': 7.549617499303258, 'max_depth': 1, 'eta': 0.19327374700970082, 'gamma': 8.797585875431086, 'num_boost_rounds': 180}. Best is trial 186 with value: 0.017241.
2025-01-02 13:15:37 INFO     n_estimators: 10
2025-01-02 13:15:37 INFO     Trial 764 finished with value: 0.017088 and parameters: {'max_delta_step': 18.427281110217788, 'colsample_bytree': 0.5403826515402985, 'colsample_bynode': 0.4148772870667012, 'subsample': 0.9012110735611375, 'min_child_weight': 88.5657473259482, 'min_data_in_leaf': 21.727575155113502, 'lambda': 3.2112024368179912, 'alpha': 7.2354620675689025, 'max_depth': 1, 'eta': 0.19647615850216596, 'gamma': 8.080141546503352, 'num_boost_rounds': 190}. Best is trial 186 with value: 0.017241.
2025-01-02 13:15:38 INFO     n_estimators: 10
2025-01-02 13:15:38 INFO     Trial 765 finished with value: 0.017143 and parameters: {'max_delta_step': 23.220910852530086, 'colsample_bytree': 0.5232867121331477, 'colsample_bynode': 0.2965425056348788, 'subsample': 0.8637945205233246, 'min_child_weight': 81.58359739340699, 'min_data_in_leaf': 18.764190119051488, 'lambda': 2.9681488009934025, 'alpha': 7.024359142106419, 'max_depth': 1, 'eta': 0.19997336318539774, 'gamma': 8.339753948523274, 'num_boost_rounds': 185}. Best is trial 186 with value: 0.017241.
2025-01-02 13:15:38 INFO     n_estimators: 10
2025-01-02 13:15:38 INFO     Trial 766 finished with value: 0.017088 and parameters: {'max_delta_step': 20.10524949734511, 'colsample_bytree': 0.5462936305164735, 'colsample_bynode': 0.43497219113252433, 'subsample': 0.8762407401988599, 'min_child_weight': 90.97655518483663, 'min_data_in_leaf': 19.746204649988755, 'lambda': 2.474310234053163, 'alpha': 7.746689445021924, 'max_depth': 1, 'eta': 0.18507773363327287, 'gamma': 8.614330082408022, 'num_boost_rounds': 180}. Best is trial 186 with value: 0.017241.
2025-01-02 13:15:39 INFO     Trial 767 pruned. Trial was pruned at iteration 5.
2025-01-02 13:15:40 INFO     n_estimators: 10
2025-01-02 13:15:40 INFO     Trial 768 finished with value: 0.017143 and parameters: {'max_delta_step': 14.406404181642825, 'colsample_bytree': 0.5333412079219751, 'colsample_bynode': 0.4199411259379712, 'subsample': 0.8683814220633302, 'min_child_weight': 86.7164486038153, 'min_data_in_leaf': 19.30767311480478, 'lambda': 3.6645542933989113, 'alpha': 7.352329492260978, 'max_depth': 1, 'eta': 0.19363158466834157, 'gamma': 8.451438260804398, 'num_boost_rounds': 60}. Best is trial 186 with value: 0.017241.
2025-01-02 13:15:40 INFO     n_estimators: 10
2025-01-02 13:15:40 INFO     Trial 769 finished with value: 0.017208 and parameters: {'max_delta_step': 11.201361347334325, 'colsample_bytree': 0.5163177794135374, 'colsample_bynode': 0.3959081895038862, 'subsample': 0.8387975966733732, 'min_child_weight': 89.83694254339915, 'min_data_in_leaf': 21.37920374355192, 'lambda': 2.793445012776328, 'alpha': 7.54357395879261, 'max_depth': 1, 'eta': 0.19999096103726097, 'gamma': 7.9507636678173235, 'num_boost_rounds': 190}. Best is trial 186 with value: 0.017241.
2025-01-02 13:15:41 INFO     n_estimators: 10
2025-01-02 13:15:41 INFO     Trial 770 finished with value: 0.017088 and parameters: {'max_delta_step': 22.227673907093223, 'colsample_bytree': 0.5540674865199272, 'colsample_bynode': 0.4704800820025999, 'subsample': 0.9001378616464117, 'min_child_weight': 18.752906209471305, 'min_data_in_leaf': 20.243609272859796, 'lambda': 4.261273322434115, 'alpha': 8.91171821028792, 'max_depth': 1, 'eta': 0.1961360338355107, 'gamma': 9.125314710248908, 'num_boost_rounds': 190}. Best is trial 186 with value: 0.017241.
2025-01-02 13:15:42 INFO     Trial 771 pruned. Trial was pruned at iteration 5.
