2025-01-02 12:45:01 INFO     Trial 27 pruned. Trial was pruned at iteration 0.
2025-01-02 12:45:01 INFO     n_estimators: 10
2025-01-02 12:45:01 INFO     Trial 28 finished with value: 0.015362 and parameters: {'max_delta_step': 11.92695591494494, 'colsample_bytree': 0.9322809360426945, 'subsample': 0.6942900004076246, 'min_child_weight': 44.62794777606077, 'min_data_in_leaf': 19.722865650677228, 'lambda': 6.678986758447239, 'alpha': 4.448997749726946, 'max_depth': 4, 'eta': 0.10709867819954406, 'gamma': 1.2827464055412046, 'num_boost_rounds': 25}. Best is trial 6 with value: 0.017299.
2025-01-02 12:45:02 INFO     n_estimators: 10
2025-01-02 12:45:02 INFO     Trial 29 finished with value: 0.016465 and parameters: {'max_delta_step': 6.8349134761681665, 'colsample_bytree': 0.7244642282131966, 'subsample': 0.7144196382815059, 'min_child_weight': 34.95003906896068, 'min_data_in_leaf': 19.077664737881904, 'lambda': 1.482122846559041, 'alpha': 6.410713834105937, 'max_depth': 5, 'eta': 0.1707389117399606, 'gamma': 7.933112008188611, 'num_boost_rounds': 200}. Best is trial 6 with value: 0.017299.
2025-01-02 12:45:02 INFO     Trial 30 pruned. Trial was pruned at iteration 0.
2025-01-02 12:45:03 INFO     n_estimators: 10
2025-01-02 12:45:03 INFO     Trial 31 finished with value: 0.016391 and parameters: {'max_delta_step': 44.357563850159806, 'colsample_bytree': 0.9499936314956368, 'subsample': 0.8363209990189592, 'min_child_weight': 26.380827627029003, 'min_data_in_leaf': 29.769844040850824, 'lambda': 1.0311854889358556, 'alpha': 5.465287881482868, 'max_depth': 5, 'eta': 0.06924420155781842, 'gamma': 5.8551966838460245, 'num_boost_rounds': 65}. Best is trial 6 with value: 0.017299.
2025-01-02 12:45:04 INFO     n_estimators: 10
2025-01-02 12:45:04 INFO     Trial 32 finished with value: 0.016794 and parameters: {'max_delta_step': 57.29083460699572, 'colsample_bytree': 0.9223267788683396, 'subsample': 0.9582876521055397, 'min_child_weight': 33.576693829917545, 'min_data_in_leaf': 29.80869776806128, 'lambda': 2.4038502630059675, 'alpha': 5.114689558164819, 'max_depth': 5, 'eta': 0.06302103036228773, 'gamma': 5.126120501463529, 'num_boost_rounds': 85}. Best is trial 6 with value: 0.017299.
2025-01-02 12:45:04 INFO     n_estimators: 10
2025-01-02 12:45:04 INFO     Trial 33 finished with value: 0.017277 and parameters: {'max_delta_step': 67.37818254983168, 'colsample_bytree': 0.9985293693961778, 'subsample': 0.7402256359673373, 'min_child_weight': 36.003349982731855, 'min_data_in_leaf': 12.09628799297686, 'lambda': 2.4870355978569947, 'alpha': 4.980220323999203, 'max_depth': 5, 'eta': 0.05875440849704427, 'gamma': 4.805372230807931, 'num_boost_rounds': 90}. Best is trial 6 with value: 0.017299.
2025-01-02 12:45:05 INFO     n_estimators: 10
2025-01-02 12:45:05 INFO     Trial 34 finished with value: 0.015723 and parameters: {'max_delta_step': 90.36699507260943, 'colsample_bytree': 0.9734921590736448, 'subsample': 0.775076024312475, 'min_child_weight': 10.837550383383562, 'min_data_in_leaf': 12.987489013537635, 'lambda': 1.8950550444698564, 'alpha': 3.7296270968215546, 'max_depth': 5, 'eta': 0.08840402116646778, 'gamma': 4.894764400630836, 'num_boost_rounds': 110}. Best is trial 6 with value: 0.017299.
2025-01-02 12:45:05 INFO     Trial 35 pruned. Trial was pruned at iteration 0.
2025-01-02 12:45:06 INFO     Trial 36 pruned. Trial was pruned at iteration 0.
2025-01-02 12:45:07 INFO     Trial 37 pruned. Trial was pruned at iteration 0.
2025-01-02 12:45:07 INFO     Trial 38 pruned. Trial was pruned at iteration 0.
2025-01-02 12:45:08 INFO     Trial 39 pruned. Trial was pruned at iteration 0.
2025-01-02 12:45:08 INFO     n_estimators: 10
2025-01-02 12:45:08 INFO     Trial 40 finished with value: 0.008416 and parameters: {'max_delta_step': 73.99170473196162, 'colsample_bytree': 0.5359103562649601, 'subsample': 0.65252648757017, 'min_child_weight': 20.891275802642063, 'min_data_in_leaf': 13.853452440372575, 'lambda': 2.8997060554776772, 'alpha': 5.84519108612756, 'max_depth': 1, 'eta': 0.08415616738959547, 'gamma': 2.0312839329666197, 'num_boost_rounds': 135}. Best is trial 6 with value: 0.017299.
2025-01-02 12:45:09 INFO     Trial 41 pruned. Trial was pruned at iteration 0.
2025-01-02 12:45:10 INFO     n_estimators: 10
2025-01-02 12:45:10 INFO     Trial 42 finished with value: 0.01593 and parameters: {'max_delta_step': 52.23846283700998, 'colsample_bytree': 0.9995767974985234, 'subsample': 0.9720237135465984, 'min_child_weight': 34.248792375903925, 'min_data_in_leaf': 25.680520686837006, 'lambda': 4.094328612337899, 'alpha': 4.978557220805681, 'max_depth': 5, 'eta': 0.09701479607015964, 'gamma': 8.248882086581375, 'num_boost_rounds': 60}. Best is trial 6 with value: 0.017299.
2025-01-02 12:45:10 INFO     n_estimators: 10
2025-01-02 12:45:10 INFO     Trial 43 finished with value: 0.016808 and parameters: {'max_delta_step': 55.47246486547596, 'colsample_bytree': 0.9151591497940519, 'subsample': 0.9596972292391983, 'min_child_weight': 30.671747676962028, 'min_data_in_leaf': 28.25302004385686, 'lambda': 2.289712824815846, 'alpha': 5.7738387450370485, 'max_depth': 5, 'eta': 0.06277048543353947, 'gamma': 0.9827180183298054, 'num_boost_rounds': 110}. Best is trial 6 with value: 0.017299.
2025-01-02 12:45:11 INFO     Trial 44 pruned. Trial was pruned at iteration 0.
2025-01-02 12:45:11 INFO     Trial 45 pruned. Trial was pruned at iteration 0.
2025-01-02 12:45:11 INFO     Trial 46 pruned. Trial was pruned at iteration 0.
2025-01-02 12:45:12 INFO     Trial 47 pruned. Trial was pruned at iteration 0.
2025-01-02 12:45:12 INFO     Trial 48 pruned. Trial was pruned at iteration 0.
2025-01-02 12:45:12 INFO     Trial 49 pruned. Trial was pruned at iteration 0.
2025-01-02 12:45:13 INFO     Trial 50 pruned. Trial was pruned at iteration 0.
2025-01-02 12:45:13 INFO     n_estimators: 10
2025-01-02 12:45:13 INFO     Trial 51 finished with value: 0.016808 and parameters: {'max_delta_step': 56.96974233934465, 'colsample_bytree': 0.9837720104508427, 'subsample': 0.9512160984470996, 'min_child_weight': 30.657497599192503, 'min_data_in_leaf': 27.95066705802423, 'lambda': 2.0908999803426647, 'alpha': 5.425748806303902, 'max_depth': 5, 'eta': 0.06596901418455803, 'gamma': 6.670636272488177, 'num_boost_rounds': 85}. Best is trial 6 with value: 0.017299.
2025-01-02 12:45:14 INFO     n_estimators: 10
2025-01-02 12:45:14 INFO     Trial 52 finished with value: 0.01609 and parameters: {'max_delta_step': 45.63997590026923, 'colsample_bytree': 0.9816308807358651, 'subsample': 0.9465564422844153, 'min_child_weight': 29.583682812181383, 'min_data_in_leaf': 26.1657655048417, 'lambda': 2.24363541001125, 'alpha': 5.708932544980194, 'max_depth': 5, 'eta': 0.03852255044298861, 'gamma': 9.313116651055427, 'num_boost_rounds': 75}. Best is trial 6 with value: 0.017299.
2025-01-02 12:45:14 INFO     Trial 53 pruned. Trial was pruned at iteration 0.
2025-01-02 12:45:14 INFO     Trial 54 pruned. Trial was pruned at iteration 0.
2025-01-02 12:45:15 INFO     Trial 55 pruned. Trial was pruned at iteration 0.
2025-01-02 12:45:15 INFO     Trial 56 pruned. Trial was pruned at iteration 0.
2025-01-02 12:45:16 INFO     Trial 57 pruned. Trial was pruned at iteration 0.
2025-01-02 12:45:16 INFO     Trial 58 pruned. Trial was pruned at iteration 0.
2025-01-02 12:45:16 INFO     Trial 59 pruned. Trial was pruned at iteration 0.
2025-01-02 12:45:17 INFO     Trial 60 pruned. Trial was pruned at iteration 0.
2025-01-02 12:45:17 INFO     Trial 61 pruned. Trial was pruned at iteration 0.
2025-01-02 12:45:17 INFO     n_estimators: 10
2025-01-02 12:45:18 INFO     Trial 62 finished with value: 0.01675 and parameters: {'max_delta_step': 58.48300989116381, 'colsample_bytree': 0.945888496437696, 'subsample': 0.954835682621893, 'min_child_weight': 34.758880339462785, 'min_data_in_leaf': 27.372908118082197, 'lambda': 2.531795160471318, 'alpha': 6.889554631974821, 'max_depth': 5, 'eta': 0.06753821294893535, 'gamma': 4.183842189406798, 'num_boost_rounds': 85}. Best is trial 6 with value: 0.017299.
2025-01-02 12:45:18 INFO     n_estimators: 10
2025-01-02 12:45:18 INFO     Trial 63 finished with value: 0.016517 and parameters: {'max_delta_step': 54.710172241680134, 'colsample_bytree': 0.8983296977136157, 'subsample': 0.9684897386569563, 'min_child_weight': 38.99350629150304, 'min_data_in_leaf': 29.15835283730192, 'lambda': 3.4688668656231805, 'alpha': 4.994219698671333, 'max_depth': 5, 'eta': 0.07883121942200724, 'gamma': 5.925180005597846, 'num_boost_rounds': 75}. Best is trial 6 with value: 0.017299.
2025-01-02 12:45:18 INFO     Trial 64 pruned. Trial was pruned at iteration 0.
2025-01-02 12:45:19 INFO     Trial 65 pruned. Trial was pruned at iteration 0.
2025-01-02 12:45:19 INFO     Trial 66 pruned. Trial was pruned at iteration 0.
2025-01-02 12:45:19 INFO     Trial 67 pruned. Trial was pruned at iteration 0.
2025-01-02 12:45:20 INFO     Trial 68 pruned. Trial was pruned at iteration 0.
2025-01-02 12:45:21 INFO     Trial 69 pruned. Trial was pruned at iteration 0.
2025-01-02 12:45:21 INFO     Trial 70 pruned. Trial was pruned at iteration 0.
2025-01-02 12:45:22 INFO     n_estimators: 10
2025-01-02 12:45:22 INFO     Trial 71 finished with value: 0.016713 and parameters: {'max_delta_step': 58.35785023271714, 'colsample_bytree': 0.936931550130945, 'subsample': 0.9554410800352657, 'min_child_weight': 33.81709014784385, 'min_data_in_leaf': 27.38073734297251, 'lambda': 2.4963682821907516, 'alpha': 7.772833130922297, 'max_depth': 5, 'eta': 0.06227002373537041, 'gamma': 4.074893958480078, 'num_boost_rounds': 85}. Best is trial 6 with value: 0.017299.
2025-01-02 12:45:23 INFO     Trial 72 pruned. Trial was pruned at iteration 0.
2025-01-02 12:45:23 INFO     n_estimators: 10
2025-01-02 12:45:23 INFO     Trial 73 finished with value: 0.016266 and parameters: {'max_delta_step': 50.577010278076344, 'colsample_bytree': 0.9545014392890505, 'subsample': 0.9773603309183831, 'min_child_weight': 29.9914368070478, 'min_data_in_leaf': 25.703770242030902, 'lambda': 1.7918286617831232, 'alpha': 8.509972791373482, 'max_depth': 5, 'eta': 0.06841393074090195, 'gamma': 3.1045310161226136, 'num_boost_rounds': 70}. Best is trial 6 with value: 0.017299.
2025-01-02 12:45:24 INFO     Trial 74 pruned. Trial was pruned at iteration 0.
2025-01-02 12:45:25 INFO     n_estimators: 10
2025-01-02 12:45:25 INFO     Trial 75 finished with value: 0.016978 and parameters: {'max_delta_step': 25.035710052727907, 'colsample_bytree': 0.984659080349639, 'subsample': 0.9589318277374107, 'min_child_weight': 41.3410545579289, 'min_data_in_leaf': 26.978824453362588, 'lambda': 2.9287143263407884, 'alpha': 6.274905153388022, 'max_depth': 5, 'eta': 0.06042927875743201, 'gamma': 4.238295921547057, 'num_boost_rounds': 105}. Best is trial 6 with value: 0.017299.
2025-01-02 12:45:25 INFO     Trial 76 pruned. Trial was pruned at iteration 0.
2025-01-02 12:45:25 INFO     Trial 77 pruned. Trial was pruned at iteration 0.
2025-01-02 12:45:26 INFO     Trial 78 pruned. Trial was pruned at iteration 0.
2025-01-02 12:45:26 INFO     Trial 79 pruned. Trial was pruned at iteration 0.
2025-01-02 12:45:27 INFO     Trial 80 pruned. Trial was pruned at iteration 0.
2025-01-02 12:45:27 INFO     n_estimators: 10
2025-01-02 12:45:27 INFO     Trial 81 finished with value: 0.016561 and parameters: {'max_delta_step': 26.745591788235814, 'colsample_bytree': 0.9416602753926404, 'subsample': 0.9531019589732298, 'min_child_weight': 24.67529643515587, 'min_data_in_leaf': 27.04565247384736, 'lambda': 2.5776658601557454, 'alpha': 5.923695298924905, 'max_depth': 5, 'eta': 0.06647436516093312, 'gamma': 4.32890253595419, 'num_boost_rounds': 80}. Best is trial 6 with value: 0.017299.
2025-01-02 12:45:28 INFO     Trial 82 pruned. Trial was pruned at iteration 0.
2025-01-02 12:45:28 INFO     n_estimators: 10
2025-01-02 12:45:28 INFO     Trial 83 finished with value: 0.016443 and parameters: {'max_delta_step': 52.43285259770316, 'colsample_bytree': 0.98525562287322, 'subsample': 0.9418219842730233, 'min_child_weight': 37.33496640081688, 'min_data_in_leaf': 12.425150471131515, 'lambda': 3.818867595196952, 'alpha': 7.455010045093214, 'max_depth': 5, 'eta': 0.04383650071610755, 'gamma': 4.30742268809778, 'num_boost_rounds': 145}. Best is trial 6 with value: 0.017299.
2025-01-02 12:45:29 INFO     n_estimators: 10
2025-01-02 12:45:29 INFO     Trial 84 finished with value: 0.016728 and parameters: {'max_delta_step': 63.93552247384228, 'colsample_bytree': 0.9603294776526198, 'subsample': 0.9612678481116689, 'min_child_weight': 27.719977247259834, 'min_data_in_leaf': 16.25980506916943, 'lambda': 2.0020908528990238, 'alpha': 6.7127329103560305, 'max_depth': 5, 'eta': 0.05862148447296135, 'gamma': 3.771660251242979, 'num_boost_rounds': 105}. Best is trial 6 with value: 0.017299.
2025-01-02 12:45:29 INFO     Trial 85 pruned. Trial was pruned at iteration 0.
2025-01-02 12:45:30 INFO     Trial 86 pruned. Trial was pruned at iteration 0.
2025-01-02 12:45:30 INFO     Trial 87 pruned. Trial was pruned at iteration 0.
2025-01-02 12:45:30 INFO     Trial 88 pruned. Trial was pruned at iteration 0.
2025-01-02 12:45:31 INFO     Trial 89 pruned. Trial was pruned at iteration 0.
2025-01-02 12:45:31 INFO     Trial 90 pruned. Trial was pruned at iteration 0.
2025-01-02 12:45:32 INFO     n_estimators: 10
2025-01-02 12:45:32 INFO     Trial 91 finished with value: 0.016728 and parameters: {'max_delta_step': 65.09372600307736, 'colsample_bytree': 0.9542258219932243, 'subsample': 0.9620662826296359, 'min_child_weight': 28.881927916135815, 'min_data_in_leaf': 14.88657546532085, 'lambda': 2.0110410447354377, 'alpha': 6.637568656681783, 'max_depth': 5, 'eta': 0.0580821692858692, 'gamma': 3.8635851587877643, 'num_boost_rounds': 105}. Best is trial 6 with value: 0.017299.
2025-01-02 12:45:32 INFO     n_estimators: 10
2025-01-02 12:45:32 INFO     Trial 92 finished with value: 0.01672 and parameters: {'max_delta_step': 57.203386220563075, 'colsample_bytree': 0.9618687090213066, 'subsample': 0.9572358913199231, 'min_child_weight': 28.79751431998679, 'min_data_in_leaf': 13.46049574609463, 'lambda': 2.161752150381023, 'alpha': 7.328156647323474, 'max_depth': 5, 'eta': 0.05493803630523707, 'gamma': 4.2753942467825565, 'num_boost_rounds': 115}. Best is trial 6 with value: 0.017299.
2025-01-02 12:45:33 INFO     Trial 93 pruned. Trial was pruned at iteration 0.
2025-01-02 12:45:33 INFO     Trial 94 pruned. Trial was pruned at iteration 0.
2025-01-02 12:45:33 INFO     Trial 95 pruned. Trial was pruned at iteration 0.
2025-01-02 12:45:34 INFO     n_estimators: 10
2025-01-02 12:45:34 INFO     Trial 96 finished with value: 0.017233 and parameters: {'max_delta_step': 39.4596477303418, 'colsample_bytree': 0.9774386163458594, 'subsample': 0.7291693338479039, 'min_child_weight': 27.864810519296647, 'min_data_in_leaf': 19.935271546478162, 'lambda': 1.7717241005088669, 'alpha': 7.62279877333273, 'max_depth': 5, 'eta': 0.0653544556135357, 'gamma': 6.465983405442273, 'num_boost_rounds': 90}. Best is trial 6 with value: 0.017299.
2025-01-02 12:45:35 INFO     n_estimators: 10
2025-01-02 12:45:35 INFO     Trial 97 finished with value: 0.016596 and parameters: {'max_delta_step': 30.823389256834083, 'colsample_bytree': 0.9767574642992166, 'subsample': 0.6989455681463318, 'min_child_weight': 22.69165249952558, 'min_data_in_leaf': 19.690093372769233, 'lambda': 1.6818606728216179, 'alpha': 8.1035733509019, 'max_depth': 5, 'eta': 0.07351418199139023, 'gamma': 6.573750087189687, 'num_boost_rounds': 90}. Best is trial 6 with value: 0.017299.
2025-01-02 12:45:35 INFO     Trial 98 pruned. Trial was pruned at iteration 0.
2025-01-02 12:45:35 INFO     Trial 99 pruned. Trial was pruned at iteration 0.
2025-01-02 12:45:36 INFO     Trial 100 pruned. Trial was pruned at iteration 0.
2025-01-02 12:45:37 INFO     n_estimators: 10
2025-01-02 12:45:37 INFO     Trial 101 finished with value: 0.017051 and parameters: {'max_delta_step': 64.06398732910627, 'colsample_bytree': 0.9637395008033781, 'subsample': 0.7712053442193211, 'min_child_weight': 27.637699541065395, 'min_data_in_leaf': 20.07181849423007, 'lambda': 2.012649198558578, 'alpha': 5.940869902693098, 'max_depth': 5, 'eta': 0.0595727999056907, 'gamma': 5.280990247802485, 'num_boost_rounds': 105}. Best is trial 6 with value: 0.017299.
2025-01-02 12:45:38 INFO     Trial 102 pruned. Trial was pruned at iteration 0.
2025-01-02 12:45:38 INFO     n_estimators: 10
2025-01-02 12:45:38 INFO     Trial 103 finished with value: 0.017022 and parameters: {'max_delta_step': 99.83602212817239, 'colsample_bytree': 0.9524222202174213, 'subsample': 0.7783095935396506, 'min_child_weight': 18.807083674056663, 'min_data_in_leaf': 29.385032954095458, 'lambda': 1.406124849584736, 'alpha': 5.606847451363542, 'max_depth': 5, 'eta': 0.07071864022428859, 'gamma': 8.26470541706076, 'num_boost_rounds': 110}. Best is trial 6 with value: 0.017299.
2025-01-02 12:45:39 INFO     n_estimators: 10
2025-01-02 12:45:39 INFO     Trial 104 finished with value: 0.01692 and parameters: {'max_delta_step': 97.66764700961464, 'colsample_bytree': 0.9716503238541915, 'subsample': 0.7809577604190919, 'min_child_weight': 13.993280580225406, 'min_data_in_leaf': 20.43666625959068, 'lambda': 1.3824745125055575, 'alpha': 5.6129600817289775, 'max_depth': 5, 'eta': 0.07050555706040129, 'gamma': 8.277997039845989, 'num_boost_rounds': 130}. Best is trial 6 with value: 0.017299.
2025-01-02 12:45:39 INFO     Trial 105 pruned. Trial was pruned at iteration 0.
2025-01-02 12:45:40 INFO     n_estimators: 10
2025-01-02 12:45:40 INFO     Trial 106 finished with value: 0.016167 and parameters: {'max_delta_step': 92.5175252396761, 'colsample_bytree': 0.963234099636095, 'subsample': 0.8045075493146785, 'min_child_weight': 14.17736148130642, 'min_data_in_leaf': 20.54156261455516, 'lambda': 1.059154701944848, 'alpha': 5.224056826697092, 'max_depth': 5, 'eta': 0.06991096566104313, 'gamma': 8.488516040071376, 'num_boost_rounds': 125}. Best is trial 6 with value: 0.017299.
2025-01-02 12:45:41 INFO     n_estimators: 10
2025-01-02 12:45:41 INFO     Trial 107 finished with value: 0.016545 and parameters: {'max_delta_step': 95.68204216865192, 'colsample_bytree': 0.9878399034283153, 'subsample': 0.7894082428043333, 'min_child_weight': 18.52322120238238, 'min_data_in_leaf': 19.542372912228725, 'lambda': 1.424067134820862, 'alpha': 4.595919808508429, 'max_depth': 5, 'eta': 0.05563716524309802, 'gamma': 9.032492614413858, 'num_boost_rounds': 110}. Best is trial 6 with value: 0.017299.
2025-01-02 12:45:41 INFO     Trial 108 pruned. Trial was pruned at iteration 0.
2025-01-02 12:45:42 INFO     n_estimators: 10
2025-01-02 12:45:42 INFO     Trial 109 finished with value: 0.016591 and parameters: {'max_delta_step': 85.8473318710585, 'colsample_bytree': 0.999841685787516, 'subsample': 0.705168130463181, 'min_child_weight': 26.155579517043677, 'min_data_in_leaf': 20.456187901424403, 'lambda': 0.4307038729281465, 'alpha': 5.81918544945647, 'max_depth': 5, 'eta': 0.0727210775109172, 'gamma': 8.787594284491947, 'num_boost_rounds': 160}. Best is trial 6 with value: 0.017299.
2025-01-02 12:45:42 INFO     n_estimators: 10
2025-01-02 12:45:42 INFO     Trial 110 finished with value: 0.015922 and parameters: {'max_delta_step': 88.55686625178363, 'colsample_bytree': 0.9515256219318358, 'subsample': 0.7787437863789801, 'min_child_weight': 10.73569023673372, 'min_data_in_leaf': 18.007706897437696, 'lambda': 1.6618857013336226, 'alpha': 6.1071297753414155, 'max_depth': 5, 'eta': 0.08018838536405294, 'gamma': 7.662126548789027, 'num_boost_rounds': 125}. Best is trial 6 with value: 0.017299.
2025-01-02 12:45:43 INFO     Trial 111 pruned. Trial was pruned at iteration 0.
2025-01-02 12:45:43 INFO     Trial 112 pruned. Trial was pruned at iteration 0.
2025-01-02 12:45:43 INFO     Trial 113 pruned. Trial was pruned at iteration 0.
2025-01-02 12:45:44 INFO     Trial 114 pruned. Trial was pruned at iteration 0.
2025-01-02 12:45:44 INFO     Trial 115 pruned. Trial was pruned at iteration 0.
2025-01-02 12:45:45 INFO     n_estimators: 10
2025-01-02 12:45:45 INFO     Trial 116 finished with value: 0.016676 and parameters: {'max_delta_step': 89.86358093782357, 'colsample_bytree': 0.8995098625883017, 'subsample': 0.7340926211635984, 'min_child_weight': 19.170258804014523, 'min_data_in_leaf': 28.84775377630135, 'lambda': 2.9973817391829556, 'alpha': 1.4547464296390933, 'max_depth': 5, 'eta': 0.07606131573053398, 'gamma': 5.428656174049999, 'num_boost_rounds': 105}. Best is trial 6 with value: 0.017299.
2025-01-02 12:45:45 INFO     n_estimators: 10
2025-01-02 12:45:45 INFO     Trial 117 finished with value: 0.016258 and parameters: {'max_delta_step': 97.98941244644072, 'colsample_bytree': 0.9444086247525945, 'subsample': 0.7901024925551663, 'min_child_weight': 27.258591318433304, 'min_data_in_leaf': 18.60569966110957, 'lambda': 2.727736514515417, 'alpha': 0.5779159110863001, 'max_depth': 5, 'eta': 0.0658254902399741, 'gamma': 6.96521963732077, 'num_boost_rounds': 90}. Best is trial 6 with value: 0.017299.
2025-01-02 12:45:46 INFO     n_estimators: 10
2025-01-02 12:45:46 INFO     Trial 118 finished with value: 0.016862 and parameters: {'max_delta_step': 53.23542557761318, 'colsample_bytree': 0.9111984600019084, 'subsample': 0.7513765642565916, 'min_child_weight': 24.33685448696318, 'min_data_in_leaf': 22.08556046152889, 'lambda': 1.7500010845893752, 'alpha': 5.987771138508735, 'max_depth': 5, 'eta': 0.03718655029801763, 'gamma': 0.38047455572741784, 'num_boost_rounds': 120}. Best is trial 6 with value: 0.017299.
2025-01-02 12:45:47 INFO     Trial 119 pruned. Trial was pruned at iteration 0.
2025-01-02 12:45:47 INFO     n_estimators: 10
