2025-01-02 13:15:42 INFO     Trial 772 pruned. Trial was pruned at iteration 0.
2025-01-02 13:15:43 INFO     n_estimators: 10
2025-01-02 13:15:43 INFO     Trial 773 finished with value: 0.017088 and parameters: {'max_delta_step': 16.166902140018557, 'colsample_bytree': 0.5267915431236172, 'colsample_bynode': 0.42797272908511996, 'subsample': 0.9111132542178089, 'min_child_weight': 63.17645345340864, 'min_data_in_leaf': 17.44572520469353, 'lambda': 2.279555445841446, 'alpha': 6.889911695716215, 'max_depth': 1, 'eta': 0.18915937028109264, 'gamma': 7.767123477047633, 'num_boost_rounds': 175}. Best is trial 186 with value: 0.017241.
2025-01-02 13:15:43 INFO     n_estimators: 10
2025-01-02 13:15:43 INFO     Trial 774 finished with value: 0.017143 and parameters: {'max_delta_step': 24.083584582598732, 'colsample_bytree': 0.565138417698425, 'colsample_bynode': 0.40661168665709496, 'subsample': 0.8582883768934503, 'min_child_weight': 85.27927916485311, 'min_data_in_leaf': 26.78915456003619, 'lambda': 3.2252712767963923, 'alpha': 7.419309349720888, 'max_depth': 1, 'eta': 0.19992422379308228, 'gamma': 8.533328850350083, 'num_boost_rounds': 185}. Best is trial 186 with value: 0.017241.
2025-01-02 13:15:44 INFO     Trial 775 pruned. Trial was pruned at iteration 5.
2025-01-02 13:15:45 INFO     n_estimators: 10
2025-01-02 13:15:45 INFO     Trial 776 finished with value: 0.017143 and parameters: {'max_delta_step': 13.17175889443589, 'colsample_bytree': 0.5001370568661514, 'colsample_bynode': 0.3633051772896717, 'subsample': 0.8732435406483765, 'min_child_weight': 96.64835770201695, 'min_data_in_leaf': 19.87443122683843, 'lambda': 3.470690374589828, 'alpha': 7.15866811998114, 'max_depth': 1, 'eta': 0.19315075882604055, 'gamma': 8.749770006447568, 'num_boost_rounds': 170}. Best is trial 186 with value: 0.017241.
2025-01-02 13:15:45 INFO     n_estimators: 10
2025-01-02 13:15:45 INFO     Trial 777 finished with value: 0.017088 and parameters: {'max_delta_step': 21.710967620746644, 'colsample_bytree': 0.5473485045170825, 'colsample_bynode': 0.4514141305314101, 'subsample': 0.8929602045061308, 'min_child_weight': 91.87998973075237, 'min_data_in_leaf': 23.712045012287632, 'lambda': 3.8472267863410754, 'alpha': 8.222007357912547, 'max_depth': 1, 'eta': 0.19586505297873544, 'gamma': 8.45580863851498, 'num_boost_rounds': 160}. Best is trial 186 with value: 0.017241.
2025-01-02 13:15:46 INFO     n_estimators: 10
2025-01-02 13:15:46 INFO     Trial 778 finished with value: 0.017088 and parameters: {'max_delta_step': 16.964175048119678, 'colsample_bytree': 0.5343575115224118, 'colsample_bynode': 0.4324180514593904, 'subsample': 0.8834779584393332, 'min_child_weight': 82.5005138753444, 'min_data_in_leaf': 22.67973804812042, 'lambda': 2.8005783349720206, 'alpha': 7.476603151268218, 'max_depth': 1, 'eta': 0.19615682901959872, 'gamma': 5.877306666317329, 'num_boost_rounds': 185}. Best is trial 186 with value: 0.017241.
2025-01-02 13:15:47 INFO     Trial 779 pruned. Trial was pruned at iteration 5.
2025-01-02 13:15:47 INFO     n_estimators: 10
2025-01-02 13:15:47 INFO     Trial 780 finished with value: 0.017143 and parameters: {'max_delta_step': 19.800332844267356, 'colsample_bytree': 0.5220504199394568, 'colsample_bynode': 0.46614922690834076, 'subsample': 0.8523331499818763, 'min_child_weight': 85.84207368569976, 'min_data_in_leaf': 20.478889575647464, 'lambda': 3.32587807054544, 'alpha': 7.257320190863991, 'max_depth': 1, 'eta': 0.190084522260702, 'gamma': 8.97985117409887, 'num_boost_rounds': 180}. Best is trial 186 with value: 0.017241.
2025-01-02 13:15:48 INFO     n_estimators: 10
2025-01-02 13:15:48 INFO     Trial 781 finished with value: 0.017143 and parameters: {'max_delta_step': 14.737193937972664, 'colsample_bytree': 0.5433885022666578, 'colsample_bynode': 0.34771700711814996, 'subsample': 0.8687423712409171, 'min_child_weight': 90.23185762020088, 'min_data_in_leaf': 18.369313925111587, 'lambda': 2.477102647720754, 'alpha': 7.64174883097802, 'max_depth': 1, 'eta': 0.19654089723025325, 'gamma': 8.64171655491621, 'num_boost_rounds': 175}. Best is trial 186 with value: 0.017241.
2025-01-02 13:15:49 INFO     Trial 782 pruned. Trial was pruned at iteration 5.
2025-01-02 13:15:49 INFO     n_estimators: 10
2025-01-02 13:15:49 INFO     Trial 783 finished with value: 0.017088 and parameters: {'max_delta_step': 22.52153389261278, 'colsample_bytree': 0.5321407860872964, 'colsample_bynode': 0.43706583523633896, 'subsample': 0.9026508908879914, 'min_child_weight': 87.47093089075709, 'min_data_in_leaf': 21.087456856446554, 'lambda': 3.0520634293787348, 'alpha': 7.319283758190964, 'max_depth': 1, 'eta': 0.19202176770836293, 'gamma': 6.804314381026362, 'num_boost_rounds': 185}. Best is trial 186 with value: 0.017241.
2025-01-02 13:15:50 INFO     n_estimators: 10
2025-01-02 13:15:50 INFO     Trial 784 finished with value: 0.01711 and parameters: {'max_delta_step': 19.644402979138963, 'colsample_bytree': 0.5110739565569353, 'colsample_bynode': 0.38650926199988206, 'subsample': 0.8597189457532358, 'min_child_weight': 56.88893171548629, 'min_data_in_leaf': 19.596931779063365, 'lambda': 3.5283929726558725, 'alpha': 7.500454663633897, 'max_depth': 1, 'eta': 0.18708662102452578, 'gamma': 8.835874192414376, 'num_boost_rounds': 180}. Best is trial 186 with value: 0.017241.
2025-01-02 13:15:51 INFO     n_estimators: 10
2025-01-02 13:15:51 INFO     Trial 785 finished with value: 0.017088 and parameters: {'max_delta_step': 16.420337839549806, 'colsample_bytree': 0.551734957874023, 'colsample_bynode': 0.4220774466464611, 'subsample': 0.9215674021254275, 'min_child_weight': 59.442661823730205, 'min_data_in_leaf': 19.017661823296994, 'lambda': 2.67337158935414, 'alpha': 6.961608105264548, 'max_depth': 1, 'eta': 0.19625846154666252, 'gamma': 8.481737731413386, 'num_boost_rounds': 190}. Best is trial 186 with value: 0.017241.
2025-01-02 13:15:51 INFO     n_estimators: 10
2025-01-02 13:15:51 INFO     Trial 786 finished with value: 0.017088 and parameters: {'max_delta_step': 21.132032729749824, 'colsample_bytree': 0.5389756144582296, 'colsample_bynode': 0.5067129320057702, 'subsample': 0.8911240802050846, 'min_child_weight': 94.28272573212833, 'min_data_in_leaf': 19.987029561686235, 'lambda': 2.0831551884278108, 'alpha': 9.21242139856767, 'max_depth': 1, 'eta': 0.1929088970851761, 'gamma': 9.244548712951433, 'num_boost_rounds': 130}. Best is trial 186 with value: 0.017241.
2025-01-02 13:15:52 INFO     n_estimators: 10
2025-01-02 13:15:52 INFO     Trial 787 finished with value: 0.017143 and parameters: {'max_delta_step': 25.054368605618937, 'colsample_bytree': 0.5189638161110856, 'colsample_bynode': 0.32050983947001704, 'subsample': 0.8734074724333265, 'min_child_weight': 38.66333355669988, 'min_data_in_leaf': 16.552034153796182, 'lambda': 3.2684420836860153, 'alpha': 8.49847754175603, 'max_depth': 1, 'eta': 0.19644623958517227, 'gamma': 8.031602614712096, 'num_boost_rounds': 185}. Best is trial 186 with value: 0.017241.
2025-01-02 13:15:52 INFO     Trial 788 pruned. Trial was pruned at iteration 0.
2025-01-02 13:15:53 INFO     n_estimators: 10
2025-01-02 13:15:53 INFO     Trial 789 finished with value: 0.017143 and parameters: {'max_delta_step': 14.948998713640803, 'colsample_bytree': 0.5286500571976536, 'colsample_bynode': 0.44132528881139477, 'subsample': 0.7954041418559497, 'min_child_weight': 35.27625320419502, 'min_data_in_leaf': 18.59165702753038, 'lambda': 3.656491347232032, 'alpha': 7.80513676200048, 'max_depth': 1, 'eta': 0.199961525947983, 'gamma': 8.19615403843749, 'num_boost_rounds': 140}. Best is trial 186 with value: 0.017241.
2025-01-02 13:15:54 INFO     n_estimators: 10
2025-01-02 13:15:54 INFO     Trial 790 finished with value: 0.017088 and parameters: {'max_delta_step': 20.177558585795676, 'colsample_bytree': 0.5436081112185921, 'colsample_bynode': 0.24885178986809914, 'subsample': 0.9074966683002365, 'min_child_weight': 92.17528833810564, 'min_data_in_leaf': 19.385470959667586, 'lambda': 3.110933744763667, 'alpha': 7.2233271668579, 'max_depth': 1, 'eta': 0.1962758634669353, 'gamma': 8.890819469982075, 'num_boost_rounds': 150}. Best is trial 186 with value: 0.017241.
2025-01-02 13:15:54 INFO     n_estimators: 10
2025-01-02 13:15:54 INFO     Trial 791 finished with value: 0.017088 and parameters: {'max_delta_step': 17.529558819234747, 'colsample_bytree': 0.5350483619911889, 'colsample_bynode': 0.41737045531629474, 'subsample': 0.8842800906569968, 'min_child_weight': 68.53840374137974, 'min_data_in_leaf': 20.24958506349217, 'lambda': 3.3959870757411297, 'alpha': 7.631012075459798, 'max_depth': 1, 'eta': 0.18989776043155854, 'gamma': 8.506541941574385, 'num_boost_rounds': 180}. Best is trial 186 with value: 0.017241.
2025-01-02 13:15:55 INFO     n_estimators: 10
2025-01-02 13:15:55 INFO     Trial 792 finished with value: 0.017088 and parameters: {'max_delta_step': 27.9513136342445, 'colsample_bytree': 0.5499407879527758, 'colsample_bynode': 0.40250748427748184, 'subsample': 0.8945561658132473, 'min_child_weight': 89.39185161293838, 'min_data_in_leaf': 18.89441045725859, 'lambda': 2.5401781145129623, 'alpha': 7.4463019517764995, 'max_depth': 1, 'eta': 0.19642580085126685, 'gamma': 7.505651028684349, 'num_boost_rounds': 85}. Best is trial 186 with value: 0.017241.
2025-01-02 13:15:56 INFO     n_estimators: 10
2025-01-02 13:15:56 INFO     Trial 793 finished with value: 0.017088 and parameters: {'max_delta_step': 22.15028242760661, 'colsample_bytree': 0.5241349865592977, 'colsample_bynode': 0.3732117702568886, 'subsample': 0.8635951273254332, 'min_child_weight': 81.32176480191046, 'min_data_in_leaf': 20.84655111830661, 'lambda': 2.725892326985343, 'alpha': 7.154248827247881, 'max_depth': 1, 'eta': 0.1825722498058265, 'gamma': 8.315858054880671, 'num_boost_rounds': 200}. Best is trial 186 with value: 0.017241.
2025-01-02 13:15:57 INFO     n_estimators: 10
2025-01-02 13:15:57 INFO     Trial 794 finished with value: 0.017143 and parameters: {'max_delta_step': 12.98082071953695, 'colsample_bytree': 0.5645048829284937, 'colsample_bynode': 0.4798848312787423, 'subsample': 0.8803387788714504, 'min_child_weight': 22.958632140809875, 'min_data_in_leaf': 21.559669067096117, 'lambda': 3.0061703244099234, 'alpha': 7.999001210904461, 'max_depth': 1, 'eta': 0.19238160974232554, 'gamma': 4.805499178106005, 'num_boost_rounds': 185}. Best is trial 186 with value: 0.017241.
2025-01-02 13:15:57 INFO     n_estimators: 10
2025-01-02 13:15:57 INFO     Trial 795 finished with value: 0.017143 and parameters: {'max_delta_step': 23.359321918016754, 'colsample_bytree': 0.5404012843524129, 'colsample_bynode': 0.4325199723681529, 'subsample': 0.8700599793338181, 'min_child_weight': 86.41537043450886, 'min_data_in_leaf': 19.662266533002136, 'lambda': 3.21731476984036, 'alpha': 7.7261651877366555, 'max_depth': 1, 'eta': 0.19630288766472087, 'gamma': 7.878834814824716, 'num_boost_rounds': 195}. Best is trial 186 with value: 0.017241.
2025-01-02 13:15:58 INFO     n_estimators: 10
2025-01-02 13:15:58 INFO     Trial 796 finished with value: 0.017241 and parameters: {'max_delta_step': 18.937153142945817, 'colsample_bytree': 0.5514960773291685, 'colsample_bynode': 0.45880661320594496, 'subsample': 0.8973169741051047, 'min_child_weight': 97.95107524686176, 'min_data_in_leaf': 18.226606188371026, 'lambda': 2.333890200092558, 'alpha': 6.79151260864506, 'max_depth': 1, 'eta': 0.19986290858225078, 'gamma': 8.669300018993656, 'num_boost_rounds': 175}. Best is trial 186 with value: 0.017241.
2025-01-02 13:15:58 INFO     Trial 797 pruned. Trial was pruned at iteration 0.
2025-01-02 13:15:59 INFO     Trial 798 pruned. Trial was pruned at iteration 5.
2025-01-02 13:16:00 INFO     n_estimators: 10
2025-01-02 13:16:00 INFO     Trial 799 finished with value: 0.017088 and parameters: {'max_delta_step': 18.716080758457238, 'colsample_bytree': 0.5162087715320068, 'colsample_bynode': 0.44662449113409786, 'subsample': 0.9119466165818888, 'min_child_weight': 95.7579343444577, 'min_data_in_leaf': 20.515077186202312, 'lambda': 3.0311233481563007, 'alpha': 7.037301294317276, 'max_depth': 1, 'eta': 0.19513256333159543, 'gamma': 8.145515481069197, 'num_boost_rounds': 180}. Best is trial 186 with value: 0.017241.
2025-01-02 13:16:00 INFO     Trial 800 pruned. Trial was pruned at iteration 5.
2025-01-02 13:16:01 INFO     Trial 801 pruned. Trial was pruned at iteration 5.
2025-01-02 13:16:01 INFO     Trial 802 pruned. Trial was pruned at iteration 0.
2025-01-02 13:16:02 INFO     n_estimators: 10
2025-01-02 13:16:02 INFO     Trial 803 finished with value: 0.017241 and parameters: {'max_delta_step': 14.928743821693953, 'colsample_bytree': 0.5275831968119751, 'colsample_bynode': 0.36174971509597764, 'subsample': 0.8885055151518377, 'min_child_weight': 65.58026893279072, 'min_data_in_leaf': 21.06087636810726, 'lambda': 2.9645834466808045, 'alpha': 7.752644037136539, 'max_depth': 1, 'eta': 0.19998957107437082, 'gamma': 8.550032782197082, 'num_boost_rounds': 190}. Best is trial 186 with value: 0.017241.
2025-01-02 13:16:03 INFO     n_estimators: 10
2025-01-02 13:16:03 INFO     Trial 804 finished with value: 0.017088 and parameters: {'max_delta_step': 39.275605861203715, 'colsample_bytree': 0.5071717236749934, 'colsample_bynode': 0.4406829086959252, 'subsample': 0.9001580215949366, 'min_child_weight': 91.31872157999663, 'min_data_in_leaf': 18.729151983227794, 'lambda': 4.03133723914142, 'alpha': 7.18024192535763, 'max_depth': 1, 'eta': 0.19080193706085447, 'gamma': 8.971832009633747, 'num_boost_rounds': 185}. Best is trial 186 with value: 0.017241.
2025-01-02 13:16:03 INFO     n_estimators: 10
2025-01-02 13:16:03 INFO     Trial 805 finished with value: 0.017143 and parameters: {'max_delta_step': 18.735312497847904, 'colsample_bytree': 0.5486964247193807, 'colsample_bynode': 0.388949047391799, 'subsample': 0.8791227564543055, 'min_child_weight': 86.06094564576985, 'min_data_in_leaf': 17.984127120487432, 'lambda': 3.166728260091754, 'alpha': 8.703535136674027, 'max_depth': 1, 'eta': 0.19642476056025587, 'gamma': 8.297204443766958, 'num_boost_rounds': 175}. Best is trial 186 with value: 0.017241.
2025-01-02 13:16:04 INFO     n_estimators: 10
2025-01-02 13:16:04 INFO     Trial 806 finished with value: 0.01711 and parameters: {'max_delta_step': 21.93655506791536, 'colsample_bytree': 0.534139762388929, 'colsample_bynode': 0.3349261221972003, 'subsample': 0.8719428803442739, 'min_child_weight': 93.608961711514, 'min_data_in_leaf': 19.719551161553582, 'lambda': 2.7733714447286744, 'alpha': 8.14475683881652, 'max_depth': 1, 'eta': 0.18615188136166538, 'gamma': 2.1164510683313265, 'num_boost_rounds': 180}. Best is trial 186 with value: 0.017241.
2025-01-02 13:16:05 INFO     n_estimators: 10
2025-01-02 13:16:05 INFO     Trial 807 finished with value: 0.017143 and parameters: {'max_delta_step': 16.669716516987997, 'colsample_bytree': 0.5199624538307624, 'colsample_bynode': 0.4090996366287786, 'subsample': 0.8599073470936278, 'min_child_weight': 77.01057034567643, 'min_data_in_leaf': 19.17018041286993, 'lambda': 3.342516517763754, 'alpha': 7.585672837389203, 'max_depth': 1, 'eta': 0.19989285897597212, 'gamma': 8.665959503582563, 'num_boost_rounds': 185}. Best is trial 186 with value: 0.017241.
2025-01-02 13:16:05 INFO     Trial 808 pruned. Trial was pruned at iteration 5.
2025-01-02 13:16:06 INFO     Trial 809 pruned. Trial was pruned at iteration 0.
2025-01-02 13:16:06 INFO     Trial 810 pruned. Trial was pruned at iteration 5.
2025-01-02 13:16:07 INFO     n_estimators: 10
2025-01-02 13:16:07 INFO     Trial 811 finished with value: 0.017143 and parameters: {'max_delta_step': 11.115111048444614, 'colsample_bytree': 0.5622498553631351, 'colsample_bynode': 0.47513504764665127, 'subsample': 0.882766470571517, 'min_child_weight': 82.27900888108795, 'min_data_in_leaf': 18.377465520842275, 'lambda': 7.639136485325293, 'alpha': 9.7951363010781, 'max_depth': 1, 'eta': 0.19295561067545064, 'gamma': 8.885878289529076, 'num_boost_rounds': 190}. Best is trial 186 with value: 0.017241.
2025-01-02 13:16:08 INFO     n_estimators: 10
2025-01-02 13:16:08 INFO     Trial 812 finished with value: 0.017143 and parameters: {'max_delta_step': 13.31487537824254, 'colsample_bytree': 0.545631215047307, 'colsample_bynode': 0.37577994678326726, 'subsample': 0.866212826573584, 'min_child_weight': 87.36752770088798, 'min_data_in_leaf': 19.31891930684284, 'lambda': 3.8222216859514475, 'alpha': 7.131054331571928, 'max_depth': 1, 'eta': 0.19616658426265865, 'gamma': 8.552134240660687, 'num_boost_rounds': 185}. Best is trial 186 with value: 0.017241.
2025-01-02 13:16:08 INFO     n_estimators: 10
2025-01-02 13:16:08 INFO     Trial 813 finished with value: 0.017143 and parameters: {'max_delta_step': 16.794350894117017, 'colsample_bytree': 0.5232683629776923, 'colsample_bynode': 0.4026990790309322, 'subsample': 0.876417973043956, 'min_child_weight': 90.94960429901515, 'min_data_in_leaf': 18.75486966802729, 'lambda': 2.7798083920510797, 'alpha': 7.598435071368774, 'max_depth': 1, 'eta': 0.1999939866764358, 'gamma': 8.282675525828804, 'num_boost_rounds': 195}. Best is trial 186 with value: 0.017241.
2025-01-02 13:16:09 INFO     n_estimators: 10
2025-01-02 13:16:09 INFO     Trial 814 finished with value: 0.017088 and parameters: {'max_delta_step': 96.17900602706607, 'colsample_bytree': 0.5358307497381369, 'colsample_bynode': 0.30607556258286117, 'subsample': 0.9062312081397919, 'min_child_weight': 89.06458638243667, 'min_data_in_leaf': 21.254298341485406, 'lambda': 3.1824212286107962, 'alpha': 6.054042846094441, 'max_depth': 1, 'eta': 0.19320876795359787, 'gamma': 8.749976969054245, 'num_boost_rounds': 180}. Best is trial 186 with value: 0.017241.
2025-01-02 13:16:10 INFO     Trial 815 pruned. Trial was pruned at iteration 5.
2025-01-02 13:16:10 INFO     n_estimators: 10
2025-01-02 13:16:10 INFO     Trial 816 finished with value: 0.017143 and parameters: {'max_delta_step': 21.282416003375168, 'colsample_bytree': 0.5149647871737869, 'colsample_bynode': 0.44420325881271755, 'subsample': 0.8497966671417235, 'min_child_weight': 92.2385421934042, 'min_data_in_leaf': 15.080591705083098, 'lambda': 3.3910919005802085, 'alpha': 9.32523486896039, 'max_depth': 1, 'eta': 0.18747423502172753, 'gamma': 8.460810199987632, 'num_boost_rounds': 185}. Best is trial 186 with value: 0.017241.
2025-01-02 13:16:11 INFO     n_estimators: 10
2025-01-02 13:16:11 INFO     Trial 817 finished with value: 0.017143 and parameters: {'max_delta_step': 14.886512073383082, 'colsample_bytree': 0.5516570885849201, 'colsample_bynode': 0.46118166970561636, 'subsample': 0.8648273811678806, 'min_child_weight': 85.37956087470286, 'min_data_in_leaf': 19.594147516925112, 'lambda': 2.900648507635442, 'alpha': 8.02104119621718, 'max_depth': 1, 'eta': 0.19995938578880942, 'gamma': 7.846306275660545, 'num_boost_rounds': 190}. Best is trial 186 with value: 0.017241.
2025-01-02 13:16:12 INFO     n_estimators: 10
2025-01-02 13:16:12 INFO     Trial 818 finished with value: 0.017088 and parameters: {'max_delta_step': 19.408993546508032, 'colsample_bytree': 0.528284466733753, 'colsample_bynode': 0.4904207077213185, 'subsample': 0.901747459109524, 'min_child_weight': 80.85374351195841, 'min_data_in_leaf': 19.034808876351473, 'lambda': 3.08132086731904, 'alpha': 7.715543763835538, 'max_depth': 1, 'eta': 0.19611279538222887, 'gamma': 9.109763737408041, 'num_boost_rounds': 200}. Best is trial 186 with value: 0.017241.
2025-01-02 13:16:12 INFO     n_estimators: 10
2025-01-02 13:16:12 INFO     Trial 819 finished with value: 0.017088 and parameters: {'max_delta_step': 24.928946058140305, 'colsample_bytree': 0.54376667180937, 'colsample_bynode': 0.3534276427341662, 'subsample': 0.8835284285812613, 'min_child_weight': 87.208561590825, 'min_data_in_leaf': 20.749887113715065, 'lambda': 2.6368602805760766, 'alpha': 7.480174378665952, 'max_depth': 1, 'eta': 0.1899031719781461, 'gamma': 8.632533106916492, 'num_boost_rounds': 180}. Best is trial 186 with value: 0.017241.
2025-01-02 13:16:13 INFO     n_estimators: 10
2025-01-02 13:16:13 INFO     Trial 820 finished with value: 0.017143 and parameters: {'max_delta_step': 22.506099280709968, 'colsample_bytree': 0.5659406678939471, 'colsample_bynode': 0.4092989927854705, 'subsample': 0.8774977549384784, 'min_child_weight': 83.22919364829296, 'min_data_in_leaf': 17.734888773208713, 'lambda': 3.5514782311834256, 'alpha': 7.0194814203041584, 'max_depth': 1, 'eta': 0.19646843794001728, 'gamma': 8.837003614682612, 'num_boost_rounds': 190}. Best is trial 186 with value: 0.017241.
2025-01-02 13:16:14 INFO     n_estimators: 10
2025-01-02 13:16:14 INFO     Trial 821 finished with value: 0.017088 and parameters: {'max_delta_step': 17.54674250935653, 'colsample_bytree': 0.5378505633269358, 'colsample_bynode': 0.4330807208405344, 'subsample': 0.9131186656833773, 'min_child_weight': 90.4479754512398, 'min_data_in_leaf': 18.539726286699672, 'lambda': 3.2352467793654522, 'alpha': 7.282353102374496, 'max_depth': 1, 'eta': 0.19320468830473317, 'gamma': 8.38902178817741, 'num_boost_rounds': 110}. Best is trial 186 with value: 0.017241.
2025-01-02 13:16:15 INFO     n_estimators: 10
2025-01-02 13:16:15 INFO     Trial 822 finished with value: 0.017088 and parameters: {'max_delta_step': 19.82362950571573, 'colsample_bytree': 0.5081635624630109, 'colsample_bynode': 0.39370916424290797, 'subsample': 0.8916774593874633, 'min_child_weight': 73.72300324802897, 'min_data_in_leaf': 19.749052168976384, 'lambda': 0.7499209959886581, 'alpha': 7.85693022102275, 'max_depth': 1, 'eta': 0.1960937666196395, 'gamma': 8.133795935218904, 'num_boost_rounds': 185}. Best is trial 186 with value: 0.017241.
2025-01-02 13:16:15 INFO     n_estimators: 10
