2025-01-02 22:13:22 INFO     Trial 689 finished with value: 0.016011 and parameters: {'max_delta_step': 85.85432541626587, 'colsample_bytree': 0.9455655070103384, 'subsample': 0.7766935744924354, 'min_child_weight': 21.497711995465536, 'min_data_in_leaf': 11.372210815107398, 'lambda': 2.8015946890167793, 'alpha': 4.5136257319177515, 'max_depth': 5, 'eta': 0.028008132812056837, 'gamma': 2.918846802200687, 'num_boost_rounds': 125}. Best is trial 547 with value: 0.017314.
2025-01-02 22:13:22 INFO     Trial 690 finished with value: 0.016825 and parameters: {'max_delta_step': 91.05725551283636, 'colsample_bytree': 0.9646010580712534, 'subsample': 0.7619145778817549, 'min_child_weight': 16.08262963999286, 'min_data_in_leaf': 10.760777807355204, 'lambda': 2.7235274535939547, 'alpha': 4.14289199452315, 'max_depth': 5, 'eta': 0.04884671778023274, 'gamma': 2.6439160089094162, 'num_boost_rounds': 135}. Best is trial 547 with value: 0.017314.
2025-01-02 22:13:23 INFO     Trial 691 pruned. Trial was pruned at iteration 0.
2025-01-02 22:13:23 INFO     Trial 692 pruned. Trial was pruned at iteration 0.
2025-01-02 22:13:24 INFO     Trial 693 pruned. Trial was pruned at iteration 0.
2025-01-02 22:13:24 INFO     Trial 694 pruned. Trial was pruned at iteration 0.
2025-01-02 22:13:24 INFO     Trial 695 pruned. Trial was pruned at iteration 0.
2025-01-02 22:13:25 INFO     Trial 696 pruned. Trial was pruned at iteration 0.
2025-01-02 22:13:26 INFO     Trial 697 finished with value: 0.017051 and parameters: {'max_delta_step': 87.19863404144732, 'colsample_bytree': 0.922362919464442, 'subsample': 0.7757569535301462, 'min_child_weight': 15.140607167988804, 'min_data_in_leaf': 10.683859599283045, 'lambda': 2.4196019462860208, 'alpha': 4.413642854882529, 'max_depth': 5, 'eta': 0.04034754417952687, 'gamma': 1.128628794206723, 'num_boost_rounds': 120}. Best is trial 547 with value: 0.017314.
2025-01-02 22:13:26 INFO     Trial 698 pruned. Trial was pruned at iteration 0.
2025-01-02 22:13:27 INFO     Trial 699 finished with value: 0.016825 and parameters: {'max_delta_step': 86.12349016491898, 'colsample_bytree': 0.9186681073322146, 'subsample': 0.757201884148404, 'min_child_weight': 14.67148559004671, 'min_data_in_leaf': 10.322837173073154, 'lambda': 2.453500088005533, 'alpha': 4.649477346171632, 'max_depth': 5, 'eta': 0.04272806140102427, 'gamma': 0.4540313693443858, 'num_boost_rounds': 120}. Best is trial 547 with value: 0.017314.
2025-01-02 22:13:27 INFO     Trial 700 finished with value: 0.015804 and parameters: {'max_delta_step': 88.63090382360936, 'colsample_bytree': 0.9243374132750498, 'subsample': 0.7772309295185496, 'min_child_weight': 13.023963716346788, 'min_data_in_leaf': 11.03530246240633, 'lambda': 2.214041533277715, 'alpha': 4.4262459160892895, 'max_depth': 5, 'eta': 0.02266843266741527, 'gamma': 0.6873902115836781, 'num_boost_rounds': 120}. Best is trial 547 with value: 0.017314.
2025-01-02 22:13:28 INFO     Trial 701 pruned. Trial was pruned at iteration 0.
2025-01-02 22:13:29 INFO     Trial 702 finished with value: 0.01692 and parameters: {'max_delta_step': 85.38077445665975, 'colsample_bytree': 0.9321375902091487, 'subsample': 0.7782427285826886, 'min_child_weight': 17.156263082872385, 'min_data_in_leaf': 10.003261432659357, 'lambda': 2.9759246685660385, 'alpha': 3.7035235822081143, 'max_depth': 5, 'eta': 0.04029210714182932, 'gamma': 1.4028559246509866, 'num_boost_rounds': 120}. Best is trial 547 with value: 0.017314.
2025-01-02 22:13:29 INFO     Trial 703 pruned. Trial was pruned at iteration 5.
2025-01-02 22:13:30 INFO     Trial 704 pruned. Trial was pruned at iteration 0.
2025-01-02 22:13:30 INFO     Trial 705 finished with value: 0.016963 and parameters: {'max_delta_step': 96.94081126187771, 'colsample_bytree': 0.9166739022815854, 'subsample': 0.7716921404299767, 'min_child_weight': 14.082215429014461, 'min_data_in_leaf': 10.72250980824181, 'lambda': 2.647658184493749, 'alpha': 3.9573620474312863, 'max_depth': 5, 'eta': 0.04338731691531012, 'gamma': 3.0758388380303376, 'num_boost_rounds': 125}. Best is trial 547 with value: 0.017314.
2025-01-02 22:13:31 INFO     Trial 706 finished with value: 0.016942 and parameters: {'max_delta_step': 87.8062525397219, 'colsample_bytree': 0.933982495050973, 'subsample': 0.7553515486771325, 'min_child_weight': 25.73684666616011, 'min_data_in_leaf': 11.492195165638606, 'lambda': 2.336710891631422, 'alpha': 4.559217546165069, 'max_depth': 5, 'eta': 0.0345075539405265, 'gamma': 1.0502794855361761, 'num_boost_rounds': 130}. Best is trial 547 with value: 0.017314.
2025-01-02 22:13:31 INFO     Trial 707 pruned. Trial was pruned at iteration 0.
2025-01-02 22:13:32 INFO     Trial 708 finished with value: 0.016811 and parameters: {'max_delta_step': 83.80338431235029, 'colsample_bytree': 0.9074980476415241, 'subsample': 0.7559756038000967, 'min_child_weight': 15.929467964053838, 'min_data_in_leaf': 10.769154699954283, 'lambda': 2.8748609766263638, 'alpha': 4.437902213977461, 'max_depth': 5, 'eta': 0.037382898748863934, 'gamma': 3.363845035820162, 'num_boost_rounds': 50}. Best is trial 547 with value: 0.017314.
2025-01-02 22:13:33 INFO     Trial 709 pruned. Trial was pruned at iteration 5.
2025-01-02 22:13:33 INFO     Trial 710 pruned. Trial was pruned at iteration 0.
2025-01-02 22:13:34 INFO     Trial 711 pruned. Trial was pruned at iteration 0.
2025-01-02 22:13:34 INFO     Trial 712 pruned. Trial was pruned at iteration 0.
2025-01-02 22:13:35 INFO     Trial 713 pruned. Trial was pruned at iteration 5.
2025-01-02 22:13:35 INFO     Trial 714 finished with value: 0.015804 and parameters: {'max_delta_step': 98.32557201514413, 'colsample_bytree': 0.9334284929144269, 'subsample': 0.791423558286249, 'min_child_weight': 17.620146307511924, 'min_data_in_leaf': 11.797477495710256, 'lambda': 8.828060758994166, 'alpha': 3.049713583640043, 'max_depth': 5, 'eta': 0.033081372538406484, 'gamma': 3.273789107054313, 'num_boost_rounds': 120}. Best is trial 547 with value: 0.017314.
2025-01-02 22:13:36 INFO     Trial 715 pruned. Trial was pruned at iteration 5.
2025-01-02 22:13:37 INFO     Trial 716 finished with value: 0.016949 and parameters: {'max_delta_step': 90.44264818330252, 'colsample_bytree': 0.9540307160845966, 'subsample': 0.7717854998733888, 'min_child_weight': 20.047305940751993, 'min_data_in_leaf': 11.63885857928676, 'lambda': 2.9878561631231926, 'alpha': 3.8734400794972133, 'max_depth': 5, 'eta': 0.04169412577696196, 'gamma': 0.024128580635759178, 'num_boost_rounds': 125}. Best is trial 547 with value: 0.017314.
2025-01-02 22:13:37 INFO     Trial 717 pruned. Trial was pruned at iteration 0.
2025-01-02 22:13:37 INFO     Trial 718 pruned. Trial was pruned at iteration 0.
2025-01-02 22:13:38 INFO     Trial 719 pruned. Trial was pruned at iteration 0.
2025-01-02 22:13:39 INFO     Trial 720 finished with value: 0.016927 and parameters: {'max_delta_step': 96.30561422541118, 'colsample_bytree': 0.9229807773387032, 'subsample': 0.7725280836804584, 'min_child_weight': 2.8753555785315505, 'min_data_in_leaf': 10.561825784077236, 'lambda': 2.7293737224209327, 'alpha': 2.432922536482798, 'max_depth': 5, 'eta': 0.0455199122709998, 'gamma': 1.9560684195911797, 'num_boost_rounds': 125}. Best is trial 547 with value: 0.017314.
2025-01-02 22:13:39 INFO     Trial 721 pruned. Trial was pruned at iteration 0.
2025-01-02 22:13:39 INFO     Trial 722 pruned. Trial was pruned at iteration 0.
2025-01-02 22:13:40 INFO     Trial 723 pruned. Trial was pruned at iteration 0.
2025-01-02 22:13:41 INFO     Trial 724 finished with value: 0.017182 and parameters: {'max_delta_step': 56.437722113855145, 'colsample_bytree': 0.9572122857572237, 'subsample': 0.7766743339111403, 'min_child_weight': 26.648523962985166, 'min_data_in_leaf': 10.010165385781056, 'lambda': 2.557589185132502, 'alpha': 4.778049344419479, 'max_depth': 5, 'eta': 0.04361594706410331, 'gamma': 0.32291427551275653, 'num_boost_rounds': 130}. Best is trial 547 with value: 0.017314.
2025-01-02 22:13:41 INFO     Trial 725 pruned. Trial was pruned at iteration 0.
2025-01-02 22:13:42 INFO     Trial 726 pruned. Trial was pruned at iteration 0.
2025-01-02 22:13:42 INFO     Trial 727 pruned. Trial was pruned at iteration 0.
2025-01-02 22:13:43 INFO     Trial 728 pruned. Trial was pruned at iteration 0.
2025-01-02 22:13:43 INFO     Trial 729 pruned. Trial was pruned at iteration 0.
2025-01-02 22:13:43 INFO     Trial 730 pruned. Trial was pruned at iteration 0.
2025-01-02 22:13:44 INFO     Trial 731 pruned. Trial was pruned at iteration 0.
2025-01-02 22:13:45 INFO     Trial 732 finished with value: 0.016163 and parameters: {'max_delta_step': 78.11270337709057, 'colsample_bytree': 0.9738208874016142, 'subsample': 0.7714605060226915, 'min_child_weight': 26.557937884273443, 'min_data_in_leaf': 10.005316200347766, 'lambda': 2.5234231776082994, 'alpha': 5.128737999157841, 'max_depth': 5, 'eta': 0.05328867944191524, 'gamma': 6.283468435435304, 'num_boost_rounds': 130}. Best is trial 547 with value: 0.017314.
2025-01-02 22:13:45 INFO     Trial 733 pruned. Trial was pruned at iteration 0.
2025-01-02 22:13:46 INFO     Trial 734 pruned. Trial was pruned at iteration 0.
2025-01-02 22:13:46 INFO     Trial 735 pruned. Trial was pruned at iteration 0.
2025-01-02 22:13:46 INFO     Trial 736 pruned. Trial was pruned at iteration 0.
2025-01-02 22:13:47 INFO     Trial 737 finished with value: 0.015878 and parameters: {'max_delta_step': 75.57750123405424, 'colsample_bytree': 0.9361937918696972, 'subsample': 0.7617355861935606, 'min_child_weight': 10.968838033947115, 'min_data_in_leaf': 17.328149710601938, 'lambda': 2.8021088246421466, 'alpha': 2.831024402714431, 'max_depth': 5, 'eta': 0.030829316758023178, 'gamma': 0.2562290308749344, 'num_boost_rounds': 130}. Best is trial 547 with value: 0.017314.
2025-01-02 22:13:48 INFO     Trial 738 pruned. Trial was pruned at iteration 0.
2025-01-02 22:13:48 INFO     Trial 739 pruned. Trial was pruned at iteration 5.
2025-01-02 22:13:49 INFO     Trial 740 finished with value: 0.016949 and parameters: {'max_delta_step': 36.84428531052477, 'colsample_bytree': 0.8967480695625009, 'subsample': 0.7683764829103131, 'min_child_weight': 24.208089901969615, 'min_data_in_leaf': 10.866219812215382, 'lambda': 2.8937029144395567, 'alpha': 6.076370326657553, 'max_depth': 5, 'eta': 0.03620316847070208, 'gamma': 7.876405187135907, 'num_boost_rounds': 20}. Best is trial 547 with value: 0.017314.
2025-01-02 22:13:50 INFO     Trial 741 finished with value: 0.016825 and parameters: {'max_delta_step': 94.32054627993396, 'colsample_bytree': 0.9664992224123727, 'subsample': 0.7571006525961246, 'min_child_weight': 13.093433203541244, 'min_data_in_leaf': 11.717454631593595, 'lambda': 2.0324525785269563, 'alpha': 6.380079429931881, 'max_depth': 5, 'eta': 0.05583847418665154, 'gamma': 6.6254350560152595, 'num_boost_rounds': 130}. Best is trial 547 with value: 0.017314.
2025-01-02 22:13:50 INFO     Trial 742 pruned. Trial was pruned at iteration 0.
2025-01-02 22:13:50 INFO     Trial 743 pruned. Trial was pruned at iteration 0.
2025-01-02 22:13:51 INFO     Trial 744 pruned. Trial was pruned at iteration 0.
2025-01-02 22:13:52 INFO     Trial 745 finished with value: 0.016971 and parameters: {'max_delta_step': 66.28654538767303, 'colsample_bytree': 0.929312208775166, 'subsample': 0.7470696274355229, 'min_child_weight': 25.189408952437187, 'min_data_in_leaf': 27.9580706805775, 'lambda': 2.3850021554065983, 'alpha': 6.2860961181493895, 'max_depth': 5, 'eta': 0.05081449710532844, 'gamma': 6.847041230515494, 'num_boost_rounds': 135}. Best is trial 547 with value: 0.017314.
2025-01-02 22:13:52 INFO     Trial 746 pruned. Trial was pruned at iteration 0.
2025-01-02 22:13:53 INFO     Trial 747 pruned. Trial was pruned at iteration 0.
2025-01-02 22:13:53 INFO     Trial 748 pruned. Trial was pruned at iteration 5.
2025-01-02 22:13:54 INFO     Trial 749 pruned. Trial was pruned at iteration 5.
2025-01-02 22:13:54 INFO     Trial 750 pruned. Trial was pruned at iteration 5.
2025-01-02 22:13:55 INFO     Trial 751 pruned. Trial was pruned at iteration 0.
2025-01-02 22:13:55 INFO     Trial 752 pruned. Trial was pruned at iteration 0.
2025-01-02 22:13:56 INFO     Trial 753 finished with value: 0.016949 and parameters: {'max_delta_step': 95.09680323923536, 'colsample_bytree': 0.9516085935433288, 'subsample': 0.7637285363825597, 'min_child_weight': 20.87387155973907, 'min_data_in_leaf': 10.006785091631093, 'lambda': 2.456156156476536, 'alpha': 6.50120927334862, 'max_depth': 5, 'eta': 0.0489110085615761, 'gamma': 7.426200543757247, 'num_boost_rounds': 125}. Best is trial 547 with value: 0.017314.
2025-01-02 22:13:56 INFO     Trial 754 pruned. Trial was pruned at iteration 0.
2025-01-02 22:13:57 INFO     Trial 755 pruned. Trial was pruned at iteration 0.
2025-01-02 22:13:57 INFO     Trial 756 pruned. Trial was pruned at iteration 0.
2025-01-02 22:13:58 INFO     Trial 757 finished with value: 0.016949 and parameters: {'max_delta_step': 42.482751472564146, 'colsample_bytree': 0.984519709229824, 'subsample': 0.7718192270680372, 'min_child_weight': 19.202631547437523, 'min_data_in_leaf': 11.071336486815067, 'lambda': 2.748153165740009, 'alpha': 5.948618843023969, 'max_depth': 5, 'eta': 0.041803627878111954, 'gamma': 6.571563372649398, 'num_boost_rounds': 120}. Best is trial 547 with value: 0.017314.
2025-01-02 22:13:59 INFO     Trial 758 pruned. Trial was pruned at iteration 0.
2025-01-02 22:13:59 INFO     Trial 759 pruned. Trial was pruned at iteration 0.
2025-01-02 22:13:59 INFO     Trial 760 pruned. Trial was pruned at iteration 0.
2025-01-02 22:14:00 INFO     Trial 761 pruned. Trial was pruned at iteration 0.
2025-01-02 22:14:00 INFO     Trial 762 pruned. Trial was pruned at iteration 0.
2025-01-02 22:14:01 INFO     Trial 763 pruned. Trial was pruned at iteration 5.
2025-01-02 22:14:01 INFO     Trial 764 pruned. Trial was pruned at iteration 0.
2025-01-02 22:14:02 INFO     Trial 765 pruned. Trial was pruned at iteration 5.
2025-01-02 22:14:03 INFO     Trial 766 pruned. Trial was pruned at iteration 5.
2025-01-02 22:14:03 INFO     Trial 767 pruned. Trial was pruned at iteration 0.
2025-01-02 22:14:04 INFO     Trial 768 finished with value: 0.016811 and parameters: {'max_delta_step': 95.93060476644814, 'colsample_bytree': 0.9278662071115273, 'subsample': 0.7578410376199298, 'min_child_weight': 15.07645528032787, 'min_data_in_leaf': 12.366855572716439, 'lambda': 3.030116677543629, 'alpha': 2.5496207839064997, 'max_depth': 5, 'eta': 0.03523546312771827, 'gamma': 0.2979961456412601, 'num_boost_rounds': 120}. Best is trial 547 with value: 0.017314.
2025-01-02 22:14:04 INFO     Trial 769 pruned. Trial was pruned at iteration 5.
2025-01-02 22:14:05 INFO     Trial 770 pruned. Trial was pruned at iteration 5.
2025-01-02 22:14:06 INFO     Trial 771 finished with value: 0.017058 and parameters: {'max_delta_step': 46.232354632739316, 'colsample_bytree': 0.9595917565350632, 'subsample': 0.8020437495074207, 'min_child_weight': 23.745381750743643, 'min_data_in_leaf': 21.743381270090538, 'lambda': 2.760652060796561, 'alpha': 6.370283035144992, 'max_depth': 5, 'eta': 0.04396090740876916, 'gamma': 3.5230389585622013, 'num_boost_rounds': 125}. Best is trial 547 with value: 0.017314.
2025-01-02 22:14:06 INFO     Trial 772 finished with value: 0.015679 and parameters: {'max_delta_step': 41.95080709346103, 'colsample_bytree': 0.957047872293641, 'subsample': 0.8026997432406178, 'min_child_weight': 22.643100795701635, 'min_data_in_leaf': 22.336577199572925, 'lambda': 3.023703911777153, 'alpha': 6.588617676105695, 'max_depth': 5, 'eta': 0.030027482757274904, 'gamma': 3.7133974875567666, 'num_boost_rounds': 120}. Best is trial 547 with value: 0.017314.
2025-01-02 22:14:07 INFO     Trial 773 finished with value: 0.016927 and parameters: {'max_delta_step': 46.29578116081833, 'colsample_bytree': 0.9356614176537289, 'subsample': 0.8022910241438469, 'min_child_weight': 5.5835470810290815, 'min_data_in_leaf': 22.14921481329698, 'lambda': 2.8628805566317137, 'alpha': 6.650573447988919, 'max_depth': 5, 'eta': 0.04036131074070035, 'gamma': 3.4563386715001867, 'num_boost_rounds': 125}. Best is trial 547 with value: 0.017314.
2025-01-02 22:14:08 INFO     Trial 774 finished with value: 0.016594 and parameters: {'max_delta_step': 47.903566363872805, 'colsample_bytree': 0.9416644386235725, 'subsample': 0.8036938167145898, 'min_child_weight': 19.772696500467756, 'min_data_in_leaf': 22.75715940020307, 'lambda': 5.202867068776878, 'alpha': 6.398106958957951, 'max_depth': 5, 'eta': 0.024121961774087736, 'gamma': 3.8720337788329195, 'num_boost_rounds': 125}. Best is trial 547 with value: 0.017314.
2025-01-02 22:14:08 INFO     Trial 775 pruned. Trial was pruned at iteration 5.
2025-01-02 22:14:09 INFO     Trial 776 finished with value: 0.017014 and parameters: {'max_delta_step': 46.11678633101715, 'colsample_bytree': 0.9484682325635918, 'subsample': 0.8010023694466357, 'min_child_weight': 18.073044852473355, 'min_data_in_leaf': 21.418538466853693, 'lambda': 2.762298683912373, 'alpha': 4.592562944300757, 'max_depth': 5, 'eta': 0.07128970826954939, 'gamma': 3.262369740006492, 'num_boost_rounds': 115}. Best is trial 547 with value: 0.017314.
2025-01-02 22:14:10 INFO     Trial 777 pruned. Trial was pruned at iteration 0.
2025-01-02 22:14:10 INFO     Trial 778 pruned. Trial was pruned at iteration 0.
2025-01-02 22:14:11 INFO     Trial 779 finished with value: 0.016883 and parameters: {'max_delta_step': 9.010932283839225, 'colsample_bytree': 0.9254907521069524, 'subsample': 0.7389995060294566, 'min_child_weight': 18.035022307032545, 'min_data_in_leaf': 21.01128496065995, 'lambda': 2.898771527498279, 'alpha': 4.856902536878734, 'max_depth': 5, 'eta': 0.044104440707656206, 'gamma': 3.6521861558145226, 'num_boost_rounds': 120}. Best is trial 547 with value: 0.017314.
2025-01-02 22:14:11 INFO     Trial 780 pruned. Trial was pruned at iteration 0.
2025-01-02 22:14:12 INFO     Trial 781 pruned. Trial was pruned at iteration 0.
2025-01-02 22:14:12 INFO     Trial 782 pruned. Trial was pruned at iteration 0.
2025-01-02 22:14:13 INFO     Trial 783 pruned. Trial was pruned at iteration 0.
2025-01-02 22:14:13 INFO     Trial 784 pruned. Trial was pruned at iteration 5.
2025-01-02 22:14:14 INFO     Trial 785 pruned. Trial was pruned at iteration 0.
2025-01-02 22:14:14 INFO     Trial 786 pruned. Trial was pruned at iteration 0.
2025-01-02 22:14:15 INFO     Trial 787 pruned. Trial was pruned at iteration 5.
2025-01-02 22:14:15 INFO     Trial 788 pruned. Trial was pruned at iteration 5.
2025-01-02 22:14:16 INFO     Trial 789 finished with value: 0.016949 and parameters: {'max_delta_step': 88.6507973225413, 'colsample_bytree': 0.9996333307277787, 'subsample': 0.7591404250891919, 'min_child_weight': 21.895807423097864, 'min_data_in_leaf': 10.347566047656631, 'lambda': 2.3487627103457194, 'alpha': 6.25543292150734, 'max_depth': 5, 'eta': 0.04839370004070567, 'gamma': 6.755193519883659, 'num_boost_rounds': 125}. Best is trial 547 with value: 0.017314.
2025-01-02 22:14:16 INFO     Trial 790 pruned. Trial was pruned at iteration 0.
2025-01-02 22:14:17 INFO     Trial 791 finished with value: 0.016854 and parameters: {'max_delta_step': 91.84220596807575, 'colsample_bytree': 0.9609543035908287, 'subsample': 0.8013407112246085, 'min_child_weight': 24.781199248597808, 'min_data_in_leaf': 21.51487463711175, 'lambda': 3.051851197869733, 'alpha': 6.537113249474622, 'max_depth': 5, 'eta': 0.036200779953353815, 'gamma': 0.17635968361408594, 'num_boost_rounds': 145}. Best is trial 547 with value: 0.017314.
2025-01-02 22:14:18 INFO     Trial 792 pruned. Trial was pruned at iteration 0.
2025-01-02 22:14:18 INFO     Trial 793 finished with value: 0.016949 and parameters: {'max_delta_step': 55.691627542485605, 'colsample_bytree': 0.9859239181788446, 'subsample': 0.7497470675618989, 'min_child_weight': 21.966846477896134, 'min_data_in_leaf': 21.046733203401466, 'lambda': 2.752696143225429, 'alpha': 3.9728603045733215, 'max_depth': 5, 'eta': 0.047828688213794955, 'gamma': 6.904624846905767, 'num_boost_rounds': 140}. Best is trial 547 with value: 0.017314.
2025-01-02 22:14:19 INFO     Trial 794 pruned. Trial was pruned at iteration 0.
2025-01-02 22:14:19 INFO     Trial 795 pruned. Trial was pruned at iteration 0.
2025-01-02 22:14:20 INFO     Trial 796 pruned. Trial was pruned at iteration 5.
2025-01-02 22:14:20 INFO     Trial 797 pruned. Trial was pruned at iteration 0.
2025-01-02 22:14:21 INFO     Trial 798 pruned. Trial was pruned at iteration 0.
2025-01-02 22:14:21 INFO     Trial 799 pruned. Trial was pruned at iteration 5.
2025-01-02 22:14:22 INFO     Trial 800 pruned. Trial was pruned at iteration 0.
2025-01-02 22:14:23 INFO     Trial 801 finished with value: 0.016942 and parameters: {'max_delta_step': 93.16424807737465, 'colsample_bytree': 0.9272672395953048, 'subsample': 0.752986750916164, 'min_child_weight': 21.817120826381423, 'min_data_in_leaf': 21.74995330063296, 'lambda': 2.273821397378666, 'alpha': 4.563659998888877, 'max_depth': 5, 'eta': 0.04476285547706457, 'gamma': 1.833163741981649, 'num_boost_rounds': 125}. Best is trial 547 with value: 0.017314.
2025-01-02 22:14:23 INFO     Trial 802 pruned. Trial was pruned at iteration 0.
2025-01-02 22:14:24 INFO     Trial 803 pruned. Trial was pruned at iteration 5.
2025-01-02 22:14:24 INFO     Trial 804 pruned. Trial was pruned at iteration 0.
2025-01-02 22:14:25 INFO     Trial 805 pruned. Trial was pruned at iteration 0.
2025-01-02 22:14:25 INFO     Trial 806 pruned. Trial was pruned at iteration 5.
2025-01-02 22:14:26 INFO     Trial 807 pruned. Trial was pruned at iteration 0.
2025-01-02 22:14:26 INFO     Trial 808 pruned. Trial was pruned at iteration 5.
2025-01-02 22:14:27 INFO     Trial 809 pruned. Trial was pruned at iteration 0.
