2025-01-02 17:40:56 INFO     Trial 429 pruned. Trial was pruned at iteration 9.
2025-01-02 17:40:57 INFO     Trial 430 finished with value: 0.017241 and parameters: {'max_delta_step': 67.80532117538483, 'colsample_bytree': 0.5099204768560316, 'subsample': 0.8329506191514197, 'min_child_weight': 22.57959051321315, 'min_data_in_leaf': 16.313612516160983, 'lambda': 0.5800096384749668, 'alpha': 6.203456061737446, 'max_depth': 1, 'eta': 0.2154139350429023, 'gamma': 5.799960956856934, 'num_boost_rounds': 15}. Best is trial 402 with value: 0.017277.
2025-01-02 17:40:58 INFO     Trial 431 pruned. Trial was pruned at iteration 9.
2025-01-02 17:40:58 INFO     Trial 432 finished with value: 0.017241 and parameters: {'max_delta_step': 63.424537535233156, 'colsample_bytree': 0.5076424557860474, 'subsample': 0.8401859974981211, 'min_child_weight': 23.446000052846543, 'min_data_in_leaf': 16.253360197781937, 'lambda': 0.3667442670417734, 'alpha': 6.501735020762979, 'max_depth': 1, 'eta': 0.21535101465676373, 'gamma': 6.308193600463384, 'num_boost_rounds': 10}. Best is trial 402 with value: 0.017277.
2025-01-02 17:40:59 INFO     Trial 433 pruned. Trial was pruned at iteration 9.
2025-01-02 17:41:00 INFO     Trial 434 finished with value: 0.017241 and parameters: {'max_delta_step': 64.74003059786308, 'colsample_bytree': 0.5006152462363399, 'subsample': 0.8534693805297958, 'min_child_weight': 21.944302011315717, 'min_data_in_leaf': 15.575420274741221, 'lambda': 0.005215867390696072, 'alpha': 6.299294446352549, 'max_depth': 1, 'eta': 0.2152325618703061, 'gamma': 5.827682600900417, 'num_boost_rounds': 10}. Best is trial 402 with value: 0.017277.
2025-01-02 17:41:00 INFO     Trial 435 pruned. Trial was pruned at iteration 9.
2025-01-02 17:41:01 INFO     Trial 436 finished with value: 0.017241 and parameters: {'max_delta_step': 64.9362201173298, 'colsample_bytree': 0.5003046713187393, 'subsample': 0.8570409193990255, 'min_child_weight': 19.638728999162886, 'min_data_in_leaf': 15.644701528759004, 'lambda': 0.22710779251951138, 'alpha': 6.343754039681109, 'max_depth': 1, 'eta': 0.21551136103740867, 'gamma': 5.458865569729563, 'num_boost_rounds': 10}. Best is trial 402 with value: 0.017277.
2025-01-02 17:41:02 INFO     Trial 437 pruned. Trial was pruned at iteration 9.
2025-01-02 17:41:02 INFO     Trial 438 finished with value: 0.017241 and parameters: {'max_delta_step': 65.90464410270903, 'colsample_bytree': 0.5004191032460317, 'subsample': 0.8619142880248639, 'min_child_weight': 22.678202201506686, 'min_data_in_leaf': 16.207435529853434, 'lambda': 0.15601912371644677, 'alpha': 6.362544436006504, 'max_depth': 1, 'eta': 0.2163786089141577, 'gamma': 5.0498492535805255, 'num_boost_rounds': 10}. Best is trial 402 with value: 0.017277.
2025-01-02 17:41:03 INFO     Trial 439 pruned. Trial was pruned at iteration 9.
2025-01-02 17:41:03 INFO     Trial 440 finished with value: 0.017241 and parameters: {'max_delta_step': 62.816679685045806, 'colsample_bytree': 0.5015320219655937, 'subsample': 0.8426538873677312, 'min_child_weight': 23.509356161432695, 'min_data_in_leaf': 15.117635719858763, 'lambda': 0.1988000654531532, 'alpha': 6.365470236819544, 'max_depth': 1, 'eta': 0.21575026243561932, 'gamma': 4.812877553720446, 'num_boost_rounds': 15}. Best is trial 402 with value: 0.017277.
2025-01-02 17:41:04 INFO     Trial 441 pruned. Trial was pruned at iteration 9.
2025-01-02 17:41:05 INFO     Trial 442 finished with value: 0.017241 and parameters: {'max_delta_step': 59.568689572100325, 'colsample_bytree': 0.5003486103624566, 'subsample': 0.8413293385281303, 'min_child_weight': 21.784524936302876, 'min_data_in_leaf': 15.612067790622655, 'lambda': 0.29770788796854264, 'alpha': 6.961358562756495, 'max_depth': 1, 'eta': 0.2166572186885897, 'gamma': 4.8967712939019234, 'num_boost_rounds': 15}. Best is trial 402 with value: 0.017277.
2025-01-02 17:41:05 INFO     Trial 443 pruned. Trial was pruned at iteration 9.
2025-01-02 17:41:06 INFO     Trial 444 finished with value: 0.017277 and parameters: {'max_delta_step': 58.47414960294454, 'colsample_bytree': 0.5002923530704463, 'subsample': 0.8217761290740445, 'min_child_weight': 19.409148719534524, 'min_data_in_leaf': 15.923756527717252, 'lambda': 0.36336089327692184, 'alpha': 7.095317831430212, 'max_depth': 1, 'eta': 0.2176007733958763, 'gamma': 5.312768731203394, 'num_boost_rounds': 10}. Best is trial 402 with value: 0.017277.
2025-01-02 17:41:07 INFO     Trial 445 pruned. Trial was pruned at iteration 5.
2025-01-02 17:41:07 INFO     Trial 446 pruned. Trial was pruned at iteration 9.
2025-01-02 17:41:08 INFO     Trial 447 pruned. Trial was pruned at iteration 9.
2025-01-02 17:41:09 INFO     Trial 448 pruned. Trial was pruned at iteration 9.
2025-01-02 17:41:09 INFO     Trial 449 pruned. Trial was pruned at iteration 9.
2025-01-02 17:41:10 INFO     Trial 450 finished with value: 0.017241 and parameters: {'max_delta_step': 60.41512899524308, 'colsample_bytree': 0.5120178234904119, 'subsample': 0.8638862718242439, 'min_child_weight': 21.635503489291413, 'min_data_in_leaf': 16.53238378607879, 'lambda': 0.13613533122668597, 'alpha': 6.196110726823825, 'max_depth': 1, 'eta': 0.21691430575484913, 'gamma': 5.196968044565375, 'num_boost_rounds': 10}. Best is trial 402 with value: 0.017277.
2025-01-02 17:41:11 INFO     Trial 451 finished with value: 0.017241 and parameters: {'max_delta_step': 58.66808983784594, 'colsample_bytree': 0.5104988017484461, 'subsample': 0.864276288061738, 'min_child_weight': 25.0321247085672, 'min_data_in_leaf': 16.60445876981356, 'lambda': 0.030032197710967184, 'alpha': 6.242321501774846, 'max_depth': 1, 'eta': 0.21601120460029039, 'gamma': 5.332294688754083, 'num_boost_rounds': 10}. Best is trial 402 with value: 0.017277.
2025-01-02 17:41:11 INFO     Trial 452 pruned. Trial was pruned at iteration 9.
2025-01-02 17:41:12 INFO     Trial 453 pruned. Trial was pruned at iteration 9.
2025-01-02 17:41:13 INFO     Trial 454 pruned. Trial was pruned at iteration 9.
2025-01-02 17:41:13 INFO     Trial 455 pruned. Trial was pruned at iteration 9.
2025-01-02 17:41:14 INFO     Trial 456 finished with value: 0.017241 and parameters: {'max_delta_step': 63.319170311014844, 'colsample_bytree': 0.5089770953343582, 'subsample': 0.8318970125950687, 'min_child_weight': 21.437023703691448, 'min_data_in_leaf': 15.56416915429366, 'lambda': 0.39727487171948905, 'alpha': 5.984906315588369, 'max_depth': 1, 'eta': 0.21577218638594883, 'gamma': 5.578070562628586, 'num_boost_rounds': 10}. Best is trial 402 with value: 0.017277.
2025-01-02 17:41:15 INFO     Trial 457 pruned. Trial was pruned at iteration 9.
2025-01-02 17:41:15 INFO     Trial 458 pruned. Trial was pruned at iteration 9.
2025-01-02 17:41:16 INFO     Trial 459 pruned. Trial was pruned at iteration 5.
2025-01-02 17:41:16 INFO     Trial 460 pruned. Trial was pruned at iteration 0.
2025-01-02 17:41:17 INFO     Trial 461 pruned. Trial was pruned at iteration 9.
2025-01-02 17:41:18 INFO     Trial 462 pruned. Trial was pruned at iteration 9.
2025-01-02 17:41:18 INFO     Trial 463 finished with value: 0.017241 and parameters: {'max_delta_step': 65.28680033816923, 'colsample_bytree': 0.508410210107187, 'subsample': 0.8526956288902924, 'min_child_weight': 21.619441180596002, 'min_data_in_leaf': 16.440109842418888, 'lambda': 0.5882062005516642, 'alpha': 6.444340999424653, 'max_depth': 1, 'eta': 0.21608638619272205, 'gamma': 4.425251331075658, 'num_boost_rounds': 15}. Best is trial 402 with value: 0.017277.
2025-01-02 17:41:19 INFO     Trial 464 finished with value: 0.017241 and parameters: {'max_delta_step': 55.21300736217694, 'colsample_bytree': 0.5184162302638012, 'subsample': 0.8730676081238301, 'min_child_weight': 16.351433732123297, 'min_data_in_leaf': 15.673544269948367, 'lambda': 0.002821216091786649, 'alpha': 6.156507207588863, 'max_depth': 1, 'eta': 0.2151528772380985, 'gamma': 5.285686810691995, 'num_boost_rounds': 10}. Best is trial 402 with value: 0.017277.
2025-01-02 17:41:20 INFO     Trial 465 pruned. Trial was pruned at iteration 9.
2025-01-02 17:41:20 INFO     Trial 466 pruned. Trial was pruned at iteration 9.
2025-01-02 17:41:21 INFO     Trial 467 pruned. Trial was pruned at iteration 9.
2025-01-02 17:41:22 INFO     Trial 468 finished with value: 0.017241 and parameters: {'max_delta_step': 57.26116371098667, 'colsample_bytree': 0.5002266459686332, 'subsample': 0.8320624798910851, 'min_child_weight': 18.517003474404888, 'min_data_in_leaf': 15.319776726128907, 'lambda': 0.6134113990681568, 'alpha': 5.914208343355006, 'max_depth': 1, 'eta': 0.21416716346144424, 'gamma': 5.148144355118441, 'num_boost_rounds': 15}. Best is trial 402 with value: 0.017277.
2025-01-02 17:41:22 INFO     Trial 469 pruned. Trial was pruned at iteration 9.
2025-01-02 17:41:23 INFO     Trial 470 finished with value: 0.017241 and parameters: {'max_delta_step': 66.83558891064645, 'colsample_bytree': 0.5215214541660822, 'subsample': 0.8416669758871204, 'min_child_weight': 24.828798721791976, 'min_data_in_leaf': 14.585027742284982, 'lambda': 0.2185124183854355, 'alpha': 6.10314499306056, 'max_depth': 1, 'eta': 0.21554523518187785, 'gamma': 5.758146163878852, 'num_boost_rounds': 10}. Best is trial 402 with value: 0.017277.
2025-01-02 17:41:24 INFO     Trial 471 finished with value: 0.017241 and parameters: {'max_delta_step': 69.97025605173181, 'colsample_bytree': 0.5094039871719482, 'subsample': 0.8844379124466593, 'min_child_weight': 27.259853488566826, 'min_data_in_leaf': 15.885506894339908, 'lambda': 0.655295459901893, 'alpha': 6.526838437175527, 'max_depth': 1, 'eta': 0.2133671885815365, 'gamma': 4.964460977567896, 'num_boost_rounds': 20}. Best is trial 402 with value: 0.017277.
2025-01-02 17:41:24 INFO     Trial 472 pruned. Trial was pruned at iteration 5.
2025-01-02 17:41:25 INFO     Trial 473 pruned. Trial was pruned at iteration 9.
2025-01-02 17:41:25 INFO     Trial 474 finished with value: 0.017241 and parameters: {'max_delta_step': 61.70095574680576, 'colsample_bytree': 0.5237630982651756, 'subsample': 0.8982065775534473, 'min_child_weight': 13.215572197568957, 'min_data_in_leaf': 17.51948014866446, 'lambda': 0.01629637097446129, 'alpha': 7.242827524238558, 'max_depth': 1, 'eta': 0.21485563191149817, 'gamma': 6.272578436850739, 'num_boost_rounds': 10}. Best is trial 402 with value: 0.017277.
2025-01-02 17:41:26 INFO     Trial 475 pruned. Trial was pruned at iteration 9.
2025-01-02 17:41:27 INFO     Trial 476 pruned. Trial was pruned at iteration 9.
2025-01-02 17:41:27 INFO     Trial 477 pruned. Trial was pruned at iteration 9.
2025-01-02 17:41:28 INFO     Trial 478 finished with value: 0.017241 and parameters: {'max_delta_step': 64.54167395105978, 'colsample_bytree': 0.5000850955207294, 'subsample': 0.8438512790845618, 'min_child_weight': 26.62189147562426, 'min_data_in_leaf': 15.306141102282098, 'lambda': 0.5703135726869718, 'alpha': 5.747249229293066, 'max_depth': 1, 'eta': 0.21308098083298346, 'gamma': 5.220909180198396, 'num_boost_rounds': 15}. Best is trial 402 with value: 0.017277.
2025-01-02 17:41:29 INFO     Trial 479 pruned. Trial was pruned at iteration 9.
2025-01-02 17:41:29 INFO     Trial 480 pruned. Trial was pruned at iteration 9.
2025-01-02 17:41:30 INFO     Trial 481 finished with value: 0.017241 and parameters: {'max_delta_step': 62.932321314241484, 'colsample_bytree': 0.525294608511546, 'subsample': 0.8532598232483432, 'min_child_weight': 24.987281690040938, 'min_data_in_leaf': 16.56354241872214, 'lambda': 0.7996903611316656, 'alpha': 6.69422156923332, 'max_depth': 1, 'eta': 0.21326761749924594, 'gamma': 5.59425949781481, 'num_boost_rounds': 15}. Best is trial 402 with value: 0.017277.
2025-01-02 17:41:31 INFO     Trial 482 pruned. Trial was pruned at iteration 9.
2025-01-02 17:41:31 INFO     Trial 483 pruned. Trial was pruned at iteration 9.
2025-01-02 17:41:32 INFO     Trial 484 pruned. Trial was pruned at iteration 0.
2025-01-02 17:41:33 INFO     Trial 485 finished with value: 0.017241 and parameters: {'max_delta_step': 65.44858189972183, 'colsample_bytree': 0.5236890377015359, 'subsample': 0.8872882481256248, 'min_child_weight': 23.580107243529202, 'min_data_in_leaf': 16.636421201295395, 'lambda': 0.3035666964083687, 'alpha': 6.1669739956804275, 'max_depth': 1, 'eta': 0.2129817537148051, 'gamma': 5.8156783529240865, 'num_boost_rounds': 10}. Best is trial 402 with value: 0.017277.
2025-01-02 17:41:33 INFO     Trial 486 pruned. Trial was pruned at iteration 9.
2025-01-02 17:41:34 INFO     Trial 487 finished with value: 0.017241 and parameters: {'max_delta_step': 63.157068491355936, 'colsample_bytree': 0.5269401848502978, 'subsample': 0.8732839567145971, 'min_child_weight': 27.099617243418614, 'min_data_in_leaf': 15.357249442786742, 'lambda': 0.17600527299925434, 'alpha': 6.041126679898829, 'max_depth': 1, 'eta': 0.21727191402690935, 'gamma': 5.648962351627922, 'num_boost_rounds': 20}. Best is trial 402 with value: 0.017277.
2025-01-02 17:41:35 INFO     Trial 488 pruned. Trial was pruned at iteration 9.
2025-01-02 17:41:35 INFO     Trial 489 finished with value: 0.017241 and parameters: {'max_delta_step': 67.50402516335114, 'colsample_bytree': 0.5178440871515678, 'subsample': 0.8328327517089922, 'min_child_weight': 22.401346169507846, 'min_data_in_leaf': 17.06101676059277, 'lambda': 0.3846414528976788, 'alpha': 5.609767513400557, 'max_depth': 1, 'eta': 0.2125075543098304, 'gamma': 5.241726011374602, 'num_boost_rounds': 10}. Best is trial 402 with value: 0.017277.
2025-01-02 17:41:36 INFO     Trial 490 pruned. Trial was pruned at iteration 9.
2025-01-02 17:41:36 INFO     Trial 491 pruned. Trial was pruned at iteration 5.
2025-01-02 17:41:37 INFO     Trial 492 pruned. Trial was pruned at iteration 9.
2025-01-02 17:41:37 INFO     Trial 493 pruned. Trial was pruned at iteration 0.
2025-01-02 17:41:38 INFO     Trial 494 pruned. Trial was pruned at iteration 9.
2025-01-02 17:41:39 INFO     Trial 495 pruned. Trial was pruned at iteration 9.
2025-01-02 17:41:39 INFO     Trial 496 pruned. Trial was pruned at iteration 9.
2025-01-02 17:41:40 INFO     Trial 497 pruned. Trial was pruned at iteration 9.
2025-01-02 17:41:41 INFO     Trial 498 finished with value: 0.017241 and parameters: {'max_delta_step': 59.6614310791766, 'colsample_bytree': 0.5171450414339465, 'subsample': 0.8495887780428317, 'min_child_weight': 15.502533986542861, 'min_data_in_leaf': 16.3282547055764, 'lambda': 0.3640663650776298, 'alpha': 6.291073878710796, 'max_depth': 1, 'eta': 0.2129212949513826, 'gamma': 5.503133454108184, 'num_boost_rounds': 10}. Best is trial 402 with value: 0.017277.
2025-01-02 17:41:41 INFO     Trial 499 pruned. Trial was pruned at iteration 9.
2025-01-02 17:41:42 INFO     Trial 500 pruned. Trial was pruned at iteration 9.
2025-01-02 17:41:42 INFO     Trial 501 pruned. Trial was pruned at iteration 0.
2025-01-02 17:41:43 INFO     Trial 502 pruned. Trial was pruned at iteration 9.
2025-01-02 17:41:44 INFO     Trial 503 pruned. Trial was pruned at iteration 9.
2025-01-02 17:41:44 INFO     Trial 504 pruned. Trial was pruned at iteration 5.
2025-01-02 17:41:45 INFO     Trial 505 finished with value: 0.017241 and parameters: {'max_delta_step': 73.3396589246077, 'colsample_bytree': 0.517187104187313, 'subsample': 0.8470507953860189, 'min_child_weight': 21.95212058799494, 'min_data_in_leaf': 15.688098652828716, 'lambda': 0.001241699893887116, 'alpha': 6.239621587058007, 'max_depth': 1, 'eta': 0.21297945452045525, 'gamma': 5.536818237015842, 'num_boost_rounds': 10}. Best is trial 402 with value: 0.017277.
2025-01-02 17:41:45 INFO     Trial 506 pruned. Trial was pruned at iteration 0.
2025-01-02 17:41:46 INFO     Trial 507 pruned. Trial was pruned at iteration 5.
2025-01-02 17:41:47 INFO     Trial 508 pruned. Trial was pruned at iteration 9.
2025-01-02 17:41:47 INFO     Trial 509 finished with value: 0.017241 and parameters: {'max_delta_step': 64.27670221132364, 'colsample_bytree': 0.5078578038569307, 'subsample': 0.8525410580067296, 'min_child_weight': 14.47358308297299, 'min_data_in_leaf': 18.02327225663857, 'lambda': 0.1604356017313521, 'alpha': 5.82304360239862, 'max_depth': 1, 'eta': 0.21113258618513842, 'gamma': 5.401706862072124, 'num_boost_rounds': 15}. Best is trial 402 with value: 0.017277.
2025-01-02 17:41:48 INFO     Trial 510 pruned. Trial was pruned at iteration 9.
2025-01-02 17:41:49 INFO     Trial 511 finished with value: 0.017241 and parameters: {'max_delta_step': 58.42786063371434, 'colsample_bytree': 0.5002283551439481, 'subsample': 0.8398904960420257, 'min_child_weight': 26.099247967351502, 'min_data_in_leaf': 15.611873149533777, 'lambda': 0.7984635349394613, 'alpha': 6.676342528724753, 'max_depth': 1, 'eta': 0.21131616797980424, 'gamma': 5.675779982164371, 'num_boost_rounds': 15}. Best is trial 402 with value: 0.017277.
2025-01-02 17:41:49 INFO     Trial 512 pruned. Trial was pruned at iteration 9.
2025-01-02 17:41:50 INFO     Trial 513 pruned. Trial was pruned at iteration 9.
2025-01-02 17:41:50 INFO     Trial 514 pruned. Trial was pruned at iteration 0.
2025-01-02 17:41:51 INFO     Trial 515 finished with value: 0.017241 and parameters: {'max_delta_step': 65.60953838601111, 'colsample_bytree': 0.5180985193914638, 'subsample': 0.8491675910784922, 'min_child_weight': 27.336320291842235, 'min_data_in_leaf': 17.10670740614987, 'lambda': 0.3629101153667578, 'alpha': 6.490099076240069, 'max_depth': 1, 'eta': 0.21641240438626005, 'gamma': 6.004228656197347, 'num_boost_rounds': 15}. Best is trial 402 with value: 0.017277.
2025-01-02 17:41:51 INFO     Trial 516 pruned. Trial was pruned at iteration 0.
2025-01-02 17:41:52 INFO     Trial 517 pruned. Trial was pruned at iteration 9.
2025-01-02 17:41:53 INFO     Trial 518 pruned. Trial was pruned at iteration 5.
2025-01-02 17:41:53 INFO     Trial 519 pruned. Trial was pruned at iteration 9.
2025-01-02 17:41:54 INFO     Trial 520 finished with value: 0.017241 and parameters: {'max_delta_step': 59.91141373600257, 'colsample_bytree': 0.5277439170847442, 'subsample': 0.873550253697813, 'min_child_weight': 18.89373222050798, 'min_data_in_leaf': 16.555470584739684, 'lambda': 0.0029647216365309703, 'alpha': 5.982331630368719, 'max_depth': 1, 'eta': 0.21063587969787956, 'gamma': 5.993917166015668, 'num_boost_rounds': 20}. Best is trial 402 with value: 0.017277.
2025-01-02 17:41:55 INFO     Trial 521 pruned. Trial was pruned at iteration 9.
2025-01-02 17:41:55 INFO     Trial 522 pruned. Trial was pruned at iteration 9.
2025-01-02 17:41:56 INFO     Trial 523 pruned. Trial was pruned at iteration 5.
2025-01-02 17:41:56 INFO     Trial 524 pruned. Trial was pruned at iteration 9.
2025-01-02 17:41:57 INFO     Trial 525 pruned. Trial was pruned at iteration 5.
2025-01-02 17:41:58 INFO     Trial 526 pruned. Trial was pruned at iteration 9.
2025-01-02 17:41:58 INFO     Trial 527 finished with value: 0.017241 and parameters: {'max_delta_step': 66.06894459253466, 'colsample_bytree': 0.5002025905632774, 'subsample': 0.8456597425337388, 'min_child_weight': 21.62071303005418, 'min_data_in_leaf': 13.984684703522111, 'lambda': 5.436086662484906, 'alpha': 6.886991312473338, 'max_depth': 1, 'eta': 0.21485682314358054, 'gamma': 6.301530973446199, 'num_boost_rounds': 20}. Best is trial 402 with value: 0.017277.
2025-01-02 17:41:59 INFO     Trial 528 pruned. Trial was pruned at iteration 9.
2025-01-02 17:42:00 INFO     Trial 529 finished with value: 0.017241 and parameters: {'max_delta_step': 68.9503762238251, 'colsample_bytree': 0.5196954788849903, 'subsample': 0.8605153711258321, 'min_child_weight': 18.17155587244803, 'min_data_in_leaf': 17.154828036788597, 'lambda': 0.20959010623007757, 'alpha': 5.28248866959239, 'max_depth': 1, 'eta': 0.2099186134833809, 'gamma': 4.890739258530064, 'num_boost_rounds': 10}. Best is trial 402 with value: 0.017277.
2025-01-02 17:42:00 INFO     Trial 530 pruned. Trial was pruned at iteration 9.
2025-01-02 17:42:01 INFO     Trial 531 finished with value: 0.017241 and parameters: {'max_delta_step': 71.68981981997335, 'colsample_bytree': 0.5003123110407683, 'subsample': 0.8355586340374807, 'min_child_weight': 20.454472494007835, 'min_data_in_leaf': 15.986892824766112, 'lambda': 0.826779905669949, 'alpha': 7.389624762715295, 'max_depth': 1, 'eta': 0.2159776742202558, 'gamma': 5.956344763841968, 'num_boost_rounds': 15}. Best is trial 402 with value: 0.017277.
2025-01-02 17:42:02 INFO     Trial 532 pruned. Trial was pruned at iteration 9.
2025-01-02 17:42:03 INFO     Trial 533 finished with value: 0.017241 and parameters: {'max_delta_step': 59.77218375881984, 'colsample_bytree': 0.5081264065773744, 'subsample': 0.8290378719104768, 'min_child_weight': 24.469492710657576, 'min_data_in_leaf': 16.354216814712085, 'lambda': 0.661356468612823, 'alpha': 5.574256185443332, 'max_depth': 1, 'eta': 0.21085740076051376, 'gamma': 5.639907051906383, 'num_boost_rounds': 180}. Best is trial 402 with value: 0.017277.
2025-01-02 17:42:03 INFO     Trial 534 pruned. Trial was pruned at iteration 5.
2025-01-02 17:42:04 INFO     Trial 535 finished with value: 0.017241 and parameters: {'max_delta_step': 65.43376087959962, 'colsample_bytree': 0.5298824886718412, 'subsample': 0.8680045972553686, 'min_child_weight': 27.061456276233287, 'min_data_in_leaf': 16.773317068820642, 'lambda': 0.9593202211319054, 'alpha': 6.424060749069317, 'max_depth': 1, 'eta': 0.21725119763645148, 'gamma': 5.097138979549163, 'num_boost_rounds': 20}. Best is trial 402 with value: 0.017277.
2025-01-02 17:42:04 INFO     Trial 536 pruned. Trial was pruned at iteration 5.
2025-01-02 17:42:05 INFO     Trial 537 finished with value: 0.017241 and parameters: {'max_delta_step': 70.07687524615177, 'colsample_bytree': 0.5081351659715143, 'subsample': 0.8603795720057048, 'min_child_weight': 10.598759779632504, 'min_data_in_leaf': 16.15270383397454, 'lambda': 0.5381834226514393, 'alpha': 5.749143311078712, 'max_depth': 1, 'eta': 0.21049009277655645, 'gamma': 6.443490421012911, 'num_boost_rounds': 15}. Best is trial 402 with value: 0.017277.
