2025-01-02 17:45:22 INFO     Trial 848 finished with value: 0.017241 and parameters: {'max_delta_step': 71.2728773348418, 'colsample_bytree': 0.524838514487417, 'subsample': 0.8587727594702347, 'min_child_weight': 19.48853718091571, 'min_data_in_leaf': 16.533799343515373, 'lambda': 0.9124388064146784, 'alpha': 6.374639290047616, 'max_depth': 1, 'eta': 0.20737280728044452, 'gamma': 5.429636165987166, 'num_boost_rounds': 15}. Best is trial 604 with value: 0.017291.
2025-01-02 17:45:23 INFO     Trial 849 pruned. Trial was pruned at iteration 9.
2025-01-02 17:45:24 INFO     Trial 850 pruned. Trial was pruned at iteration 5.
2025-01-02 17:45:24 INFO     Trial 851 finished with value: 0.017241 and parameters: {'max_delta_step': 73.97089543811255, 'colsample_bytree': 0.5000015400534217, 'subsample': 0.839634059848035, 'min_child_weight': 18.014631076507687, 'min_data_in_leaf': 14.802690556507502, 'lambda': 1.1022447255902803, 'alpha': 6.216932577985033, 'max_depth': 1, 'eta': 0.21411439826884396, 'gamma': 5.727649395649065, 'num_boost_rounds': 15}. Best is trial 604 with value: 0.017291.
2025-01-02 17:45:25 INFO     Trial 852 pruned. Trial was pruned at iteration 9.
2025-01-02 17:45:25 INFO     Trial 853 pruned. Trial was pruned at iteration 0.
2025-01-02 17:45:26 INFO     Trial 854 pruned. Trial was pruned at iteration 5.
2025-01-02 17:45:27 INFO     Trial 855 pruned. Trial was pruned at iteration 5.
2025-01-02 17:45:27 INFO     Trial 856 pruned. Trial was pruned at iteration 5.
2025-01-02 17:45:28 INFO     Trial 857 finished with value: 0.017241 and parameters: {'max_delta_step': 63.71498032961738, 'colsample_bytree': 0.5299941603932461, 'subsample': 0.858283587785685, 'min_child_weight': 20.820528628182572, 'min_data_in_leaf': 16.736413464762972, 'lambda': 0.9079711057852937, 'alpha': 5.66868734445261, 'max_depth': 1, 'eta': 0.2087219139157413, 'gamma': 4.990561526347432, 'num_boost_rounds': 140}. Best is trial 604 with value: 0.017291.
2025-01-02 17:45:29 INFO     Trial 858 finished with value: 0.017241 and parameters: {'max_delta_step': 72.72908547694327, 'colsample_bytree': 0.5097281739906053, 'subsample': 0.8757428020054354, 'min_child_weight': 23.852284866593426, 'min_data_in_leaf': 15.786181295430318, 'lambda': 0.37675201649645773, 'alpha': 6.440835977249732, 'max_depth': 1, 'eta': 0.2169792857984488, 'gamma': 6.007303641662298, 'num_boost_rounds': 20}. Best is trial 604 with value: 0.017291.
2025-01-02 17:45:29 INFO     Trial 859 pruned. Trial was pruned at iteration 9.
2025-01-02 17:45:30 INFO     Trial 860 pruned. Trial was pruned at iteration 9.
2025-01-02 17:45:31 INFO     Trial 861 finished with value: 0.017241 and parameters: {'max_delta_step': 75.41751062722966, 'colsample_bytree': 0.5274556158378753, 'subsample': 0.9159513299227025, 'min_child_weight': 26.326778384670853, 'min_data_in_leaf': 17.661950265011818, 'lambda': 0.18475160706175164, 'alpha': 4.496497201756372, 'max_depth': 1, 'eta': 0.2137109230045844, 'gamma': 6.177049729729438, 'num_boost_rounds': 10}. Best is trial 604 with value: 0.017291.
2025-01-02 17:45:31 INFO     Trial 862 pruned. Trial was pruned at iteration 5.
2025-01-02 17:45:32 INFO     Trial 863 pruned. Trial was pruned at iteration 9.
2025-01-02 17:45:32 INFO     Trial 864 pruned. Trial was pruned at iteration 0.
2025-01-02 17:45:33 INFO     Trial 865 pruned. Trial was pruned at iteration 5.
2025-01-02 17:45:33 INFO     Trial 866 pruned. Trial was pruned at iteration 9.
2025-01-02 17:45:34 INFO     Trial 867 pruned. Trial was pruned at iteration 9.
2025-01-02 17:45:35 INFO     Trial 868 pruned. Trial was pruned at iteration 9.
2025-01-02 17:45:36 INFO     Trial 869 pruned. Trial was pruned at iteration 9.
2025-01-02 17:45:36 INFO     Trial 870 finished with value: 0.017241 and parameters: {'max_delta_step': 70.933230154028, 'colsample_bytree': 0.5280396976593424, 'subsample': 0.8996605755824112, 'min_child_weight': 30.522994091671023, 'min_data_in_leaf': 14.931253043723114, 'lambda': 0.29610882861665627, 'alpha': 6.467128922221822, 'max_depth': 1, 'eta': 0.20835579392865336, 'gamma': 5.586062020607486, 'num_boost_rounds': 20}. Best is trial 604 with value: 0.017291.
2025-01-02 17:45:37 INFO     Trial 871 pruned. Trial was pruned at iteration 9.
2025-01-02 17:45:37 INFO     Trial 872 pruned. Trial was pruned at iteration 0.
2025-01-02 17:45:38 INFO     Trial 873 finished with value: 0.017241 and parameters: {'max_delta_step': 75.39806388642336, 'colsample_bytree': 0.5380466994901646, 'subsample': 0.8710157240811303, 'min_child_weight': 22.98949797902457, 'min_data_in_leaf': 17.180638248193695, 'lambda': 0.32130224531988383, 'alpha': 5.752347716022475, 'max_depth': 1, 'eta': 0.2102802518531735, 'gamma': 5.837915425317451, 'num_boost_rounds': 10}. Best is trial 604 with value: 0.017291.
2025-01-02 17:45:39 INFO     Trial 874 pruned. Trial was pruned at iteration 0.
2025-01-02 17:45:39 INFO     Trial 875 finished with value: 0.017241 and parameters: {'max_delta_step': 72.73506167408081, 'colsample_bytree': 0.5086095918153789, 'subsample': 0.8447124448407358, 'min_child_weight': 26.18827212984015, 'min_data_in_leaf': 14.119874970055584, 'lambda': 0.8866000126077183, 'alpha': 6.210464108397474, 'max_depth': 1, 'eta': 0.2038614922588462, 'gamma': 6.40242268752109, 'num_boost_rounds': 30}. Best is trial 604 with value: 0.017291.
2025-01-02 17:45:40 INFO     Trial 876 pruned. Trial was pruned at iteration 0.
2025-01-02 17:45:40 INFO     Trial 877 pruned. Trial was pruned at iteration 9.
2025-01-02 17:45:41 INFO     Trial 878 finished with value: 0.017241 and parameters: {'max_delta_step': 69.22353612429637, 'colsample_bytree': 0.515961071240614, 'subsample': 0.8778453482467216, 'min_child_weight': 21.673669867847433, 'min_data_in_leaf': 16.65954095289292, 'lambda': 1.0183048465391926, 'alpha': 9.080842511571106, 'max_depth': 1, 'eta': 0.213470621489174, 'gamma': 5.087987766675083, 'num_boost_rounds': 10}. Best is trial 604 with value: 0.017291.
2025-01-02 17:45:42 INFO     Trial 879 pruned. Trial was pruned at iteration 9.
2025-01-02 17:45:42 INFO     Trial 880 finished with value: 0.017241 and parameters: {'max_delta_step': 70.71161093594313, 'colsample_bytree': 0.5001968066172955, 'subsample': 0.8366304963739428, 'min_child_weight': 23.674873325068663, 'min_data_in_leaf': 15.791788605544141, 'lambda': 0.41958247143021354, 'alpha': 5.257897385978527, 'max_depth': 1, 'eta': 0.2078964335673836, 'gamma': 6.140463983357211, 'num_boost_rounds': 20}. Best is trial 604 with value: 0.017291.
2025-01-02 17:45:43 INFO     Trial 881 pruned. Trial was pruned at iteration 5.
2025-01-02 17:45:44 INFO     Trial 882 pruned. Trial was pruned at iteration 9.
2025-01-02 17:45:44 INFO     Trial 883 pruned. Trial was pruned at iteration 5.
2025-01-02 17:45:45 INFO     Trial 884 pruned. Trial was pruned at iteration 5.
2025-01-02 17:45:45 INFO     Trial 885 finished with value: 0.017241 and parameters: {'max_delta_step': 68.37102320044745, 'colsample_bytree': 0.5298229427702897, 'subsample': 0.8599931666031305, 'min_child_weight': 20.192161539190188, 'min_data_in_leaf': 15.566869967861779, 'lambda': 1.229571135803931, 'alpha': 5.390433433752987, 'max_depth': 1, 'eta': 0.21349504991428683, 'gamma': 6.026012450018177, 'num_boost_rounds': 15}. Best is trial 604 with value: 0.017291.
2025-01-02 17:45:46 INFO     Trial 886 pruned. Trial was pruned at iteration 9.
2025-01-02 17:45:47 INFO     Trial 887 pruned. Trial was pruned at iteration 9.
2025-01-02 17:45:48 INFO     Trial 888 finished with value: 0.017241 and parameters: {'max_delta_step': 76.14969218299036, 'colsample_bytree': 0.5243642280173062, 'subsample': 0.8422649127572156, 'min_child_weight': 92.11341866059719, 'min_data_in_leaf': 16.947864441102666, 'lambda': 0.5610897301222264, 'alpha': 6.698327853190212, 'max_depth': 1, 'eta': 0.20602941879232112, 'gamma': 6.345648106191312, 'num_boost_rounds': 20}. Best is trial 604 with value: 0.017291.
2025-01-02 17:45:48 INFO     Trial 889 finished with value: 0.017241 and parameters: {'max_delta_step': 62.0885247603576, 'colsample_bytree': 0.5404322957675857, 'subsample': 0.8531343982256968, 'min_child_weight': 27.91467457418969, 'min_data_in_leaf': 18.54431508850743, 'lambda': 0.33767515201643417, 'alpha': 5.8130476433934595, 'max_depth': 1, 'eta': 0.2138894167866415, 'gamma': 5.512530094756272, 'num_boost_rounds': 15}. Best is trial 604 with value: 0.017291.
2025-01-02 17:45:49 INFO     Trial 890 pruned. Trial was pruned at iteration 9.
2025-01-02 17:45:50 INFO     Trial 891 pruned. Trial was pruned at iteration 9.
2025-01-02 17:45:50 INFO     Trial 892 finished with value: 0.017241 and parameters: {'max_delta_step': 74.11390914199654, 'colsample_bytree': 0.5296376971895983, 'subsample': 0.831579463827174, 'min_child_weight': 68.09235099084806, 'min_data_in_leaf': 16.04188728478452, 'lambda': 0.475281945388928, 'alpha': 6.353975822993471, 'max_depth': 1, 'eta': 0.2095601921184035, 'gamma': 6.155993685740325, 'num_boost_rounds': 10}. Best is trial 604 with value: 0.017291.
2025-01-02 17:45:51 INFO     Trial 893 pruned. Trial was pruned at iteration 5.
2025-01-02 17:45:52 INFO     Trial 894 pruned. Trial was pruned at iteration 5.
2025-01-02 17:45:52 INFO     Trial 895 finished with value: 0.017241 and parameters: {'max_delta_step': 63.70859068418953, 'colsample_bytree': 0.5196765913654986, 'subsample': 0.8924393077699506, 'min_child_weight': 58.66239458726778, 'min_data_in_leaf': 16.770406289294197, 'lambda': 0.3110433808114159, 'alpha': 5.474866546071665, 'max_depth': 1, 'eta': 0.21312108187079581, 'gamma': 5.636078609155875, 'num_boost_rounds': 20}. Best is trial 604 with value: 0.017291.
2025-01-02 17:45:53 INFO     Trial 896 pruned. Trial was pruned at iteration 9.
2025-01-02 17:45:54 INFO     Trial 897 finished with value: 0.017241 and parameters: {'max_delta_step': 67.65314237766762, 'colsample_bytree': 0.5480260040596965, 'subsample': 0.9239674896966629, 'min_child_weight': 26.62523680409407, 'min_data_in_leaf': 15.617012543014498, 'lambda': 0.17356976338927654, 'alpha': 5.643341191353615, 'max_depth': 1, 'eta': 0.20477404120533296, 'gamma': 5.3493267961060065, 'num_boost_rounds': 125}. Best is trial 604 with value: 0.017291.
2025-01-02 17:45:54 INFO     Trial 898 pruned. Trial was pruned at iteration 9.
2025-01-02 17:45:55 INFO     Trial 899 finished with value: 0.017241 and parameters: {'max_delta_step': 76.10929642878166, 'colsample_bytree': 0.5250033396895748, 'subsample': 0.8717363056615418, 'min_child_weight': 19.626301387494582, 'min_data_in_leaf': 15.822240387960626, 'lambda': 0.47647763192801423, 'alpha': 4.746050197794311, 'max_depth': 1, 'eta': 0.21650265762480286, 'gamma': 6.353850384675242, 'num_boost_rounds': 30}. Best is trial 604 with value: 0.017291.
2025-01-02 17:45:56 INFO     Trial 900 finished with value: 0.017241 and parameters: {'max_delta_step': 73.48692032997971, 'colsample_bytree': 0.5001278125473935, 'subsample': 0.8377444669997797, 'min_child_weight': 24.78070420238258, 'min_data_in_leaf': 16.66757791800716, 'lambda': 8.351540272729572, 'alpha': 6.106381574337006, 'max_depth': 1, 'eta': 0.2110245863996565, 'gamma': 4.472104912737245, 'num_boost_rounds': 20}. Best is trial 604 with value: 0.017291.
2025-01-02 17:45:56 INFO     Trial 901 pruned. Trial was pruned at iteration 5.
2025-01-02 17:45:57 INFO     Trial 902 pruned. Trial was pruned at iteration 9.
2025-01-02 17:45:58 INFO     Trial 903 finished with value: 0.017241 and parameters: {'max_delta_step': 49.06074629952664, 'colsample_bytree': 0.5095066243931632, 'subsample': 0.9677193438927261, 'min_child_weight': 21.36013599653637, 'min_data_in_leaf': 16.170826685970386, 'lambda': 0.3429044155977372, 'alpha': 5.257975458880321, 'max_depth': 1, 'eta': 0.20370226801502442, 'gamma': 9.582151650393943, 'num_boost_rounds': 20}. Best is trial 604 with value: 0.017291.
2025-01-02 17:45:58 INFO     Trial 904 pruned. Trial was pruned at iteration 9.
2025-01-02 17:45:59 INFO     Trial 905 finished with value: 0.017241 and parameters: {'max_delta_step': 63.75866458296357, 'colsample_bytree': 0.520660091492664, 'subsample': 0.8797976887887491, 'min_child_weight': 26.877664858114322, 'min_data_in_leaf': 16.548514674754923, 'lambda': 0.15856495999037593, 'alpha': 6.209282266041017, 'max_depth': 1, 'eta': 0.21017822747715606, 'gamma': 5.535258682109643, 'num_boost_rounds': 10}. Best is trial 604 with value: 0.017291.
2025-01-02 17:46:00 INFO     Trial 906 pruned. Trial was pruned at iteration 0.
2025-01-02 17:46:00 INFO     Trial 907 pruned. Trial was pruned at iteration 9.
2025-01-02 17:46:01 INFO     Trial 908 pruned. Trial was pruned at iteration 0.
2025-01-02 17:46:01 INFO     Trial 909 pruned. Trial was pruned at iteration 0.
2025-01-02 17:46:02 INFO     Trial 910 finished with value: 0.017241 and parameters: {'max_delta_step': 77.6770968505993, 'colsample_bytree': 0.5403670716470022, 'subsample': 0.840722383364949, 'min_child_weight': 25.045874322044828, 'min_data_in_leaf': 16.920868899143645, 'lambda': 0.9659740160731383, 'alpha': 5.414576418613625, 'max_depth': 1, 'eta': 0.20768282764847204, 'gamma': 5.338776464488976, 'num_boost_rounds': 10}. Best is trial 604 with value: 0.017291.
2025-01-02 17:46:03 INFO     Trial 911 pruned. Trial was pruned at iteration 9.
2025-01-02 17:46:03 INFO     Trial 912 pruned. Trial was pruned at iteration 5.
2025-01-02 17:46:04 INFO     Trial 913 pruned. Trial was pruned at iteration 6.
2025-01-02 17:46:05 INFO     Trial 914 pruned. Trial was pruned at iteration 9.
2025-01-02 17:46:05 INFO     Trial 915 pruned. Trial was pruned at iteration 0.
2025-01-02 17:46:06 INFO     Trial 916 finished with value: 0.017241 and parameters: {'max_delta_step': 69.77650771886913, 'colsample_bytree': 0.5225743570387145, 'subsample': 0.8770052284922546, 'min_child_weight': 19.747087750894114, 'min_data_in_leaf': 15.62975746766105, 'lambda': 7.234774203081585, 'alpha': 4.511580614482698, 'max_depth': 1, 'eta': 0.20993831937678936, 'gamma': 6.127247882800385, 'num_boost_rounds': 55}. Best is trial 604 with value: 0.017291.
2025-01-02 17:46:06 INFO     Trial 917 pruned. Trial was pruned at iteration 9.
2025-01-02 17:46:07 INFO     Trial 918 pruned. Trial was pruned at iteration 0.
2025-01-02 17:46:07 INFO     Trial 919 pruned. Trial was pruned at iteration 5.
2025-01-02 17:46:08 INFO     Trial 920 finished with value: 0.017241 and parameters: {'max_delta_step': 64.34567953522121, 'colsample_bytree': 0.5326740098027172, 'subsample': 0.8676160800227277, 'min_child_weight': 26.892502183438957, 'min_data_in_leaf': 14.968150186954109, 'lambda': 0.6754893257239631, 'alpha': 4.876815006188484, 'max_depth': 1, 'eta': 0.2155827051531196, 'gamma': 6.042283080141488, 'num_boost_rounds': 20}. Best is trial 604 with value: 0.017291.
2025-01-02 17:46:09 INFO     Trial 921 pruned. Trial was pruned at iteration 0.
2025-01-02 17:46:09 INFO     Trial 922 pruned. Trial was pruned at iteration 9.
2025-01-02 17:46:10 INFO     Trial 923 pruned. Trial was pruned at iteration 9.
2025-01-02 17:46:11 INFO     Trial 924 finished with value: 0.017241 and parameters: {'max_delta_step': 70.49578969836782, 'colsample_bytree': 0.5105578502487133, 'subsample': 0.8364485006181681, 'min_child_weight': 19.585851168732646, 'min_data_in_leaf': 15.404041943324248, 'lambda': 0.47736546623881976, 'alpha': 6.1687686139361935, 'max_depth': 1, 'eta': 0.21144801278174527, 'gamma': 4.775754523549335, 'num_boost_rounds': 155}. Best is trial 604 with value: 0.017291.
2025-01-02 17:46:11 INFO     Trial 925 finished with value: 0.017241 and parameters: {'max_delta_step': 65.21837052673314, 'colsample_bytree': 0.5388521338616867, 'subsample': 0.8902047237955802, 'min_child_weight': 77.2172469717202, 'min_data_in_leaf': 16.334264565546004, 'lambda': 0.01339054079832051, 'alpha': 5.497167732800497, 'max_depth': 1, 'eta': 0.2018170674971991, 'gamma': 6.227588395789039, 'num_boost_rounds': 85}. Best is trial 604 with value: 0.017291.
2025-01-02 17:46:12 INFO     Trial 926 pruned. Trial was pruned at iteration 9.
2025-01-02 17:46:13 INFO     Trial 927 pruned. Trial was pruned at iteration 9.
2025-01-02 17:46:13 INFO     Trial 928 pruned. Trial was pruned at iteration 0.
2025-01-02 17:46:14 INFO     Trial 929 finished with value: 0.017241 and parameters: {'max_delta_step': 74.37500097544489, 'colsample_bytree': 0.5002029105398235, 'subsample': 0.8465936702153852, 'min_child_weight': 25.822890126501772, 'min_data_in_leaf': 16.453497947982974, 'lambda': 0.277935145235364, 'alpha': 6.127957940040415, 'max_depth': 1, 'eta': 0.21204861546631915, 'gamma': 5.010596829021427, 'num_boost_rounds': 15}. Best is trial 604 with value: 0.017291.
2025-01-02 17:46:15 INFO     Trial 930 pruned. Trial was pruned at iteration 9.
2025-01-02 17:46:15 INFO     Trial 931 pruned. Trial was pruned at iteration 9.
2025-01-02 17:46:16 INFO     Trial 932 finished with value: 0.017241 and parameters: {'max_delta_step': 68.39674286648237, 'colsample_bytree': 0.5073135155684636, 'subsample': 0.9039880436148282, 'min_child_weight': 17.839454731314447, 'min_data_in_leaf': 14.919221252393129, 'lambda': 0.41808819779690665, 'alpha': 6.268512297617548, 'max_depth': 1, 'eta': 0.21411283273802745, 'gamma': 5.988582783375634, 'num_boost_rounds': 145}. Best is trial 604 with value: 0.017291.
2025-01-02 17:46:17 INFO     Trial 933 pruned. Trial was pruned at iteration 9.
2025-01-02 17:46:17 INFO     Trial 934 pruned. Trial was pruned at iteration 5.
2025-01-02 17:46:18 INFO     Trial 935 pruned. Trial was pruned at iteration 5.
2025-01-02 17:46:19 INFO     Trial 936 finished with value: 0.017241 and parameters: {'max_delta_step': 66.6819435539776, 'colsample_bytree': 0.5089552149378356, 'subsample': 0.8538297023982566, 'min_child_weight': 29.993383799506574, 'min_data_in_leaf': 16.801432488880774, 'lambda': 0.3315401637132205, 'alpha': 6.424793716554302, 'max_depth': 1, 'eta': 0.20765797189709712, 'gamma': 5.5121437480479365, 'num_boost_rounds': 10}. Best is trial 604 with value: 0.017291.
2025-01-02 17:46:19 INFO     Trial 937 pruned. Trial was pruned at iteration 9.
2025-01-02 17:46:20 INFO     Trial 938 pruned. Trial was pruned at iteration 0.
2025-01-02 17:46:20 INFO     Trial 939 pruned. Trial was pruned at iteration 5.
2025-01-02 17:46:21 INFO     Trial 940 pruned. Trial was pruned at iteration 9.
2025-01-02 17:46:22 INFO     Trial 941 pruned. Trial was pruned at iteration 9.
2025-01-02 17:46:22 INFO     Trial 942 finished with value: 0.017241 and parameters: {'max_delta_step': 63.18076658312556, 'colsample_bytree': 0.5243067872796128, 'subsample': 0.8965019858797967, 'min_child_weight': 15.797460948038948, 'min_data_in_leaf': 14.585075820153829, 'lambda': 3.4478241596670536, 'alpha': 5.611439160791995, 'max_depth': 1, 'eta': 0.20824561580562287, 'gamma': 5.40079979238058, 'num_boost_rounds': 110}. Best is trial 604 with value: 0.017291.
2025-01-02 17:46:23 INFO     Trial 943 finished with value: 0.017241 and parameters: {'max_delta_step': 68.72239136755499, 'colsample_bytree': 0.5387214533037179, 'subsample': 0.8467793905191662, 'min_child_weight': 25.369713484091434, 'min_data_in_leaf': 17.03213503017248, 'lambda': 1.0036565519890375, 'alpha': 6.355885172675111, 'max_depth': 1, 'eta': 0.2160877392536081, 'gamma': 5.912232576187907, 'num_boost_rounds': 20}. Best is trial 604 with value: 0.017291.
2025-01-02 17:46:24 INFO     Trial 944 pruned. Trial was pruned at iteration 9.
2025-01-02 17:46:24 INFO     Trial 945 pruned. Trial was pruned at iteration 0.
2025-01-02 17:46:25 INFO     Trial 946 pruned. Trial was pruned at iteration 9.
2025-01-02 17:46:26 INFO     Trial 947 finished with value: 0.017241 and parameters: {'max_delta_step': 73.73346348124586, 'colsample_bytree': 0.5309501404883954, 'subsample': 0.8576426447160933, 'min_child_weight': 22.892133008942913, 'min_data_in_leaf': 16.39556554111235, 'lambda': 0.2028140556734218, 'alpha': 5.942755863730693, 'max_depth': 1, 'eta': 0.2025022053464833, 'gamma': 6.017377303536175, 'num_boost_rounds': 25}. Best is trial 604 with value: 0.017291.
2025-01-02 17:46:26 INFO     Trial 948 pruned. Trial was pruned at iteration 9.
2025-01-02 17:46:27 INFO     Trial 949 pruned. Trial was pruned at iteration 9.
2025-01-02 17:46:28 INFO     Trial 950 pruned. Trial was pruned at iteration 9.
2025-01-02 17:46:28 INFO     Trial 951 pruned. Trial was pruned at iteration 6.
2025-01-02 17:46:29 INFO     Trial 952 pruned. Trial was pruned at iteration 9.
2025-01-02 17:46:29 INFO     Trial 953 pruned. Trial was pruned at iteration 0.
2025-01-02 17:46:30 INFO     Trial 954 finished with value: 0.017241 and parameters: {'max_delta_step': 63.52857322902983, 'colsample_bytree': 0.527611521117263, 'subsample': 0.8572125673480547, 'min_child_weight': 23.551690646502838, 'min_data_in_leaf': 15.99559808549449, 'lambda': 1.0858292668234708, 'alpha': 5.809072829020981, 'max_depth': 1, 'eta': 0.21742857223483936, 'gamma': 5.607667687089891, 'num_boost_rounds': 15}. Best is trial 604 with value: 0.017291.
2025-01-02 17:46:31 INFO     Trial 955 pruned. Trial was pruned at iteration 9.
2025-01-02 17:46:32 INFO     Trial 956 pruned. Trial was pruned at iteration 9.
2025-01-02 17:46:32 INFO     Trial 957 pruned. Trial was pruned at iteration 9.
2025-01-02 17:46:33 INFO     Trial 958 pruned. Trial was pruned at iteration 9.
2025-01-02 17:46:34 INFO     Trial 959 pruned. Trial was pruned at iteration 9.
2025-01-02 17:46:34 INFO     Trial 960 finished with value: 0.017241 and parameters: {'max_delta_step': 71.77315043147196, 'colsample_bytree': 0.5316032646591146, 'subsample': 0.8510165502833259, 'min_child_weight': 20.47804939822044, 'min_data_in_leaf': 16.38579405469163, 'lambda': 0.16378371480394954, 'alpha': 5.653722402330601, 'max_depth': 1, 'eta': 0.21432115874941718, 'gamma': 5.457812203924259, 'num_boost_rounds': 15}. Best is trial 604 with value: 0.017291.
2025-01-02 17:46:35 INFO     Trial 961 pruned. Trial was pruned at iteration 9.
