2025-01-02 17:38:32 INFO     Trial 181 finished with value: 0.017159 and parameters: {'max_delta_step': 82.1326562540756, 'colsample_bytree': 0.5563777848411983, 'subsample': 0.6133618168927834, 'min_child_weight': 24.907211839384008, 'min_data_in_leaf': 24.61776115086703, 'lambda': 2.1759771364807086, 'alpha': 3.047424397393152, 'max_depth': 1, 'eta': 0.21030665086077735, 'gamma': 3.4945859150221894, 'num_boost_rounds': 10}. Best is trial 73 with value: 0.017159.
2025-01-02 17:38:32 INFO     Trial 182 pruned. Trial was pruned at iteration 5.
2025-01-02 17:38:33 INFO     Trial 183 pruned. Trial was pruned at iteration 6.
2025-01-02 17:38:34 INFO     Trial 184 pruned. Trial was pruned at iteration 5.
2025-01-02 17:38:34 INFO     Trial 185 pruned. Trial was pruned at iteration 5.
2025-01-02 17:38:35 INFO     Trial 186 pruned. Trial was pruned at iteration 9.
2025-01-02 17:38:35 INFO     Trial 187 finished with value: 0.017139 and parameters: {'max_delta_step': 80.66888311459455, 'colsample_bytree': 0.5484543126303222, 'subsample': 0.6234002522206322, 'min_child_weight': 22.530462066460473, 'min_data_in_leaf': 25.133347317205846, 'lambda': 2.3074172529293326, 'alpha': 3.590480669594588, 'max_depth': 1, 'eta': 0.20427823164968922, 'gamma': 4.774420185359295, 'num_boost_rounds': 15}. Best is trial 73 with value: 0.017159.
2025-01-02 17:38:36 INFO     Trial 188 pruned. Trial was pruned at iteration 9.
2025-01-02 17:38:36 INFO     Trial 189 pruned. Trial was pruned at iteration 6.
2025-01-02 17:38:37 INFO     Trial 190 pruned. Trial was pruned at iteration 9.
2025-01-02 17:38:38 INFO     Trial 191 finished with value: 0.017155 and parameters: {'max_delta_step': 44.49930820797367, 'colsample_bytree': 0.5229468606375457, 'subsample': 0.6184183049028599, 'min_child_weight': 42.667716244005184, 'min_data_in_leaf': 24.192443793141468, 'lambda': 1.1167857413176379, 'alpha': 4.377928089342769, 'max_depth': 1, 'eta': 0.20799063807896653, 'gamma': 7.306374037915299, 'num_boost_rounds': 10}. Best is trial 73 with value: 0.017159.
2025-01-02 17:38:38 INFO     Trial 192 finished with value: 0.017159 and parameters: {'max_delta_step': 77.24627335545728, 'colsample_bytree': 0.5356498870632833, 'subsample': 0.6059237431844762, 'min_child_weight': 45.07415962654526, 'min_data_in_leaf': 24.779331654055433, 'lambda': 2.158440884317484, 'alpha': 4.5587508902770235, 'max_depth': 1, 'eta': 0.20779119791465073, 'gamma': 7.602779066487719, 'num_boost_rounds': 95}. Best is trial 73 with value: 0.017159.
2025-01-02 17:38:39 INFO     Trial 193 pruned. Trial was pruned at iteration 9.
2025-01-02 17:38:39 INFO     Trial 194 finished with value: 0.017159 and parameters: {'max_delta_step': 73.16673166050424, 'colsample_bytree': 0.5529480769206612, 'subsample': 0.6042618913831632, 'min_child_weight': 41.17489397306156, 'min_data_in_leaf': 24.701190936515953, 'lambda': 2.174037071678393, 'alpha': 4.070716158149319, 'max_depth': 1, 'eta': 0.20496032754171606, 'gamma': 7.737712045917911, 'num_boost_rounds': 100}. Best is trial 73 with value: 0.017159.
2025-01-02 17:38:40 INFO     Trial 195 pruned. Trial was pruned at iteration 5.
2025-01-02 17:38:40 INFO     Trial 196 pruned. Trial was pruned at iteration 0.
2025-01-02 17:38:41 INFO     Trial 197 finished with value: 0.017159 and parameters: {'max_delta_step': 77.71579775508738, 'colsample_bytree': 0.5693940549906101, 'subsample': 0.6070401322393034, 'min_child_weight': 40.39991934335478, 'min_data_in_leaf': 24.707390714626648, 'lambda': 2.9874100937414694, 'alpha': 3.418327732608042, 'max_depth': 1, 'eta': 0.20569669953410363, 'gamma': 8.147592822553943, 'num_boost_rounds': 95}. Best is trial 73 with value: 0.017159.
2025-01-02 17:38:42 INFO     Trial 198 pruned. Trial was pruned at iteration 9.
2025-01-02 17:38:42 INFO     Trial 199 pruned. Trial was pruned at iteration 5.
2025-01-02 17:38:43 INFO     Trial 200 finished with value: 0.017159 and parameters: {'max_delta_step': 75.64860202940258, 'colsample_bytree': 0.5575771557376072, 'subsample': 0.6050985487844047, 'min_child_weight': 34.010638454715256, 'min_data_in_leaf': 24.871383063209255, 'lambda': 2.055641007181567, 'alpha': 3.756931486496169, 'max_depth': 1, 'eta': 0.20475762923926036, 'gamma': 1.6073654044999304, 'num_boost_rounds': 95}. Best is trial 73 with value: 0.017159.
2025-01-02 17:38:43 INFO     Trial 201 finished with value: 0.017159 and parameters: {'max_delta_step': 76.34974360573476, 'colsample_bytree': 0.5578021736788369, 'subsample': 0.6031008158396531, 'min_child_weight': 34.2769048263175, 'min_data_in_leaf': 24.816284670477923, 'lambda': 3.071994309490691, 'alpha': 4.216877065233402, 'max_depth': 1, 'eta': 0.2049309046285881, 'gamma': 0.6681192673818908, 'num_boost_rounds': 95}. Best is trial 73 with value: 0.017159.
2025-01-02 17:38:44 INFO     Trial 202 pruned. Trial was pruned at iteration 9.
2025-01-02 17:38:44 INFO     Trial 203 pruned. Trial was pruned at iteration 5.
2025-01-02 17:38:45 INFO     Trial 204 pruned. Trial was pruned at iteration 5.
2025-01-02 17:38:46 INFO     Trial 205 pruned. Trial was pruned at iteration 9.
2025-01-02 17:38:46 INFO     Trial 206 pruned. Trial was pruned at iteration 5.
2025-01-02 17:38:47 INFO     Trial 207 finished with value: 0.017159 and parameters: {'max_delta_step': 79.8170616488859, 'colsample_bytree': 0.543925952167606, 'subsample': 0.6056438235668351, 'min_child_weight': 37.82164323460621, 'min_data_in_leaf': 25.78665361827205, 'lambda': 1.971703265070727, 'alpha': 4.104830448353634, 'max_depth': 1, 'eta': 0.2034896254289492, 'gamma': 2.4068769954875315, 'num_boost_rounds': 100}. Best is trial 73 with value: 0.017159.
2025-01-02 17:38:47 INFO     Trial 208 pruned. Trial was pruned at iteration 5.
2025-01-02 17:38:48 INFO     Trial 209 pruned. Trial was pruned at iteration 6.
2025-01-02 17:38:48 INFO     Trial 210 pruned. Trial was pruned at iteration 5.
2025-01-02 17:38:49 INFO     Trial 211 finished with value: 0.017159 and parameters: {'max_delta_step': 81.79572465303862, 'colsample_bytree': 0.538177942783581, 'subsample': 0.5982116129461988, 'min_child_weight': 38.82554635806678, 'min_data_in_leaf': 24.0891390601154, 'lambda': 1.7062045991823125, 'alpha': 3.903945242836087, 'max_depth': 1, 'eta': 0.20582640252924836, 'gamma': 0.6236294612804162, 'num_boost_rounds': 100}. Best is trial 73 with value: 0.017159.
2025-01-02 17:38:50 INFO     Trial 212 finished with value: 0.017159 and parameters: {'max_delta_step': 82.65327890545173, 'colsample_bytree': 0.5478726257964907, 'subsample': 0.5943500635554482, 'min_child_weight': 38.294386238780056, 'min_data_in_leaf': 16.18149588683757, 'lambda': 2.7737554122357757, 'alpha': 3.942460716794952, 'max_depth': 1, 'eta': 0.20378194408240108, 'gamma': 0.7025643658723387, 'num_boost_rounds': 100}. Best is trial 73 with value: 0.017159.
2025-01-02 17:38:50 INFO     Trial 213 pruned. Trial was pruned at iteration 6.
2025-01-02 17:38:51 INFO     Trial 214 pruned. Trial was pruned at iteration 5.
2025-01-02 17:38:51 INFO     Trial 215 finished with value: 0.017159 and parameters: {'max_delta_step': 84.36658436133949, 'colsample_bytree': 0.5580818044377849, 'subsample': 0.6168528233760209, 'min_child_weight': 39.663873389332245, 'min_data_in_leaf': 25.90978475779631, 'lambda': 1.7657829625392047, 'alpha': 3.5274675683933094, 'max_depth': 1, 'eta': 0.20681282801134085, 'gamma': 0.6358658541568487, 'num_boost_rounds': 95}. Best is trial 73 with value: 0.017159.
2025-01-02 17:38:52 INFO     Trial 216 pruned. Trial was pruned at iteration 9.
2025-01-02 17:38:53 INFO     Trial 217 pruned. Trial was pruned at iteration 5.
2025-01-02 17:38:53 INFO     Trial 218 pruned. Trial was pruned at iteration 9.
2025-01-02 17:38:54 INFO     Trial 219 pruned. Trial was pruned at iteration 9.
2025-01-02 17:38:54 INFO     Trial 220 pruned. Trial was pruned at iteration 9.
2025-01-02 17:38:55 INFO     Trial 221 finished with value: 0.017159 and parameters: {'max_delta_step': 83.09557710593913, 'colsample_bytree': 0.5436686370273642, 'subsample': 0.5919928600604396, 'min_child_weight': 38.00964715478578, 'min_data_in_leaf': 14.399349116856461, 'lambda': 2.7446106889062953, 'alpha': 3.948538358383018, 'max_depth': 1, 'eta': 0.20495438484015413, 'gamma': 0.8528315418642279, 'num_boost_rounds': 95}. Best is trial 73 with value: 0.017159.
2025-01-02 17:38:56 INFO     Trial 222 finished with value: 0.017159 and parameters: {'max_delta_step': 60.4176746467759, 'colsample_bytree': 0.5488709007685091, 'subsample': 0.6162305793242456, 'min_child_weight': 35.25421899615977, 'min_data_in_leaf': 24.05570287582977, 'lambda': 2.5995453630757455, 'alpha': 3.637109060535881, 'max_depth': 1, 'eta': 0.20594182798002209, 'gamma': 1.2697758205671117, 'num_boost_rounds': 100}. Best is trial 73 with value: 0.017159.
2025-01-02 17:38:56 INFO     Trial 223 pruned. Trial was pruned at iteration 6.
2025-01-02 17:38:57 INFO     Trial 224 pruned. Trial was pruned at iteration 6.
2025-01-02 17:38:57 INFO     Trial 225 pruned. Trial was pruned at iteration 5.
2025-01-02 17:38:58 INFO     Trial 226 pruned. Trial was pruned at iteration 9.
2025-01-02 17:38:58 INFO     Trial 227 pruned. Trial was pruned at iteration 5.
2025-01-02 17:38:59 INFO     Trial 228 pruned. Trial was pruned at iteration 9.
2025-01-02 17:39:00 INFO     Trial 229 pruned. Trial was pruned at iteration 5.
2025-01-02 17:39:00 INFO     Trial 230 finished with value: 0.017159 and parameters: {'max_delta_step': 74.62975660145699, 'colsample_bytree': 0.5485278361192417, 'subsample': 0.5986917881613293, 'min_child_weight': 45.068491823536064, 'min_data_in_leaf': 23.78771923042585, 'lambda': 1.4259209888227287, 'alpha': 4.717471028587428, 'max_depth': 1, 'eta': 0.20788183090217055, 'gamma': 1.0549786581228395, 'num_boost_rounds': 95}. Best is trial 73 with value: 0.017159.
2025-01-02 17:39:01 INFO     Trial 231 finished with value: 0.017155 and parameters: {'max_delta_step': 84.20700514160238, 'colsample_bytree': 0.5581132810163184, 'subsample': 0.6189119819561602, 'min_child_weight': 39.50373844886927, 'min_data_in_leaf': 15.009427784612935, 'lambda': 3.440414873539045, 'alpha': 3.5554467684609037, 'max_depth': 1, 'eta': 0.2045278370817287, 'gamma': 0.6993206601645071, 'num_boost_rounds': 100}. Best is trial 73 with value: 0.017159.
2025-01-02 17:39:01 INFO     Trial 232 finished with value: 0.017159 and parameters: {'max_delta_step': 83.74088562870467, 'colsample_bytree': 0.5617985188110989, 'subsample': 0.6095439690199088, 'min_child_weight': 39.53059650706862, 'min_data_in_leaf': 25.570345890457702, 'lambda': 1.7193432154014479, 'alpha': 3.467777746372918, 'max_depth': 1, 'eta': 0.20920974273780493, 'gamma': 0.6618821319462344, 'num_boost_rounds': 95}. Best is trial 73 with value: 0.017159.
2025-01-02 17:39:02 INFO     Trial 233 pruned. Trial was pruned at iteration 6.
2025-01-02 17:39:03 INFO     Trial 234 pruned. Trial was pruned at iteration 9.
2025-01-02 17:39:03 INFO     Trial 235 finished with value: 0.017159 and parameters: {'max_delta_step': 78.59521723026013, 'colsample_bytree': 0.5416000479242274, 'subsample': 0.6307044765756016, 'min_child_weight': 41.17321695249508, 'min_data_in_leaf': 24.905479825034032, 'lambda': 1.5730060756569646, 'alpha': 3.7731937594202245, 'max_depth': 1, 'eta': 0.20590692114256132, 'gamma': 1.3161736036504461, 'num_boost_rounds': 90}. Best is trial 73 with value: 0.017159.
2025-01-02 17:39:04 INFO     Trial 236 pruned. Trial was pruned at iteration 9.
2025-01-02 17:39:04 INFO     Trial 237 pruned. Trial was pruned at iteration 5.
2025-01-02 17:39:05 INFO     Trial 238 pruned. Trial was pruned at iteration 5.
2025-01-02 17:39:06 INFO     Trial 239 finished with value: 0.017159 and parameters: {'max_delta_step': 85.0113009587696, 'colsample_bytree': 0.5418885783155954, 'subsample': 0.6104358557149439, 'min_child_weight': 42.42827941672351, 'min_data_in_leaf': 25.727132146046362, 'lambda': 1.823049620615132, 'alpha': 3.666978886389714, 'max_depth': 1, 'eta': 0.20531198114912508, 'gamma': 0.5707282634924066, 'num_boost_rounds': 85}. Best is trial 73 with value: 0.017159.
2025-01-02 17:39:06 INFO     Trial 240 pruned. Trial was pruned at iteration 5.
2025-01-02 17:39:07 INFO     Trial 241 pruned. Trial was pruned at iteration 9.
2025-01-02 17:39:07 INFO     Trial 242 finished with value: 0.017159 and parameters: {'max_delta_step': 81.91811214787795, 'colsample_bytree': 0.5329694838111132, 'subsample': 0.5892494790256169, 'min_child_weight': 37.876846812327834, 'min_data_in_leaf': 14.687765681166299, 'lambda': 2.9763080570099527, 'alpha': 3.9981768640239754, 'max_depth': 1, 'eta': 0.2081156502196766, 'gamma': 0.17183204670121816, 'num_boost_rounds': 95}. Best is trial 73 with value: 0.017159.
2025-01-02 17:39:08 INFO     Trial 243 pruned. Trial was pruned at iteration 6.
2025-01-02 17:39:08 INFO     Trial 244 finished with value: 0.017159 and parameters: {'max_delta_step': 79.69143494304623, 'colsample_bytree': 0.5436288198424203, 'subsample': 0.6278709419952505, 'min_child_weight': 35.83090815748311, 'min_data_in_leaf': 25.015038073563275, 'lambda': 1.5451457950489287, 'alpha': 3.9849661511886705, 'max_depth': 1, 'eta': 0.21157666729654728, 'gamma': 0.8923712673345356, 'num_boost_rounds': 90}. Best is trial 73 with value: 0.017159.
2025-01-02 17:39:09 INFO     Trial 245 finished with value: 0.017159 and parameters: {'max_delta_step': 83.14687272597459, 'colsample_bytree': 0.5673042834829415, 'subsample': 0.6134980600303132, 'min_child_weight': 33.129881033945274, 'min_data_in_leaf': 13.989548208229367, 'lambda': 2.9129765583576646, 'alpha': 3.412342259199306, 'max_depth': 1, 'eta': 0.20746825761699628, 'gamma': 0.7506128719800128, 'num_boost_rounds': 35}. Best is trial 73 with value: 0.017159.
2025-01-02 17:39:10 INFO     Trial 246 pruned. Trial was pruned at iteration 5.
2025-01-02 17:39:10 INFO     Trial 247 pruned. Trial was pruned at iteration 5.
2025-01-02 17:39:11 INFO     Trial 248 pruned. Trial was pruned at iteration 5.
2025-01-02 17:39:11 INFO     Trial 249 pruned. Trial was pruned at iteration 6.
2025-01-02 17:39:12 INFO     Trial 250 pruned. Trial was pruned at iteration 9.
2025-01-02 17:39:12 INFO     Trial 251 finished with value: 0.017159 and parameters: {'max_delta_step': 87.18212729165776, 'colsample_bytree': 0.5381696154759087, 'subsample': 0.610832966804954, 'min_child_weight': 28.86313062223243, 'min_data_in_leaf': 23.090509090913727, 'lambda': 1.2469022379162507, 'alpha': 4.596106583510317, 'max_depth': 1, 'eta': 0.20381578147670254, 'gamma': 2.005692189324934, 'num_boost_rounds': 35}. Best is trial 73 with value: 0.017159.
2025-01-02 17:39:13 INFO     Trial 252 pruned. Trial was pruned at iteration 5.
2025-01-02 17:39:14 INFO     Trial 253 finished with value: 0.017159 and parameters: {'max_delta_step': 72.05830121866894, 'colsample_bytree': 0.5498290738908476, 'subsample': 0.5901301768787582, 'min_child_weight': 40.73392229554397, 'min_data_in_leaf': 16.610443989622844, 'lambda': 1.8620634534068312, 'alpha': 4.3191971969140965, 'max_depth': 1, 'eta': 0.20935388469329086, 'gamma': 0.9543819783690657, 'num_boost_rounds': 55}. Best is trial 73 with value: 0.017159.
2025-01-02 17:39:14 INFO     Trial 254 pruned. Trial was pruned at iteration 5.
2025-01-02 17:39:15 INFO     Trial 255 pruned. Trial was pruned at iteration 9.
2025-01-02 17:39:15 INFO     Trial 256 pruned. Trial was pruned at iteration 6.
2025-01-02 17:39:16 INFO     Trial 257 pruned. Trial was pruned at iteration 0.
2025-01-02 17:39:16 INFO     Trial 258 pruned. Trial was pruned at iteration 9.
2025-01-02 17:39:17 INFO     Trial 259 pruned. Trial was pruned at iteration 9.
2025-01-02 17:39:18 INFO     Trial 260 finished with value: 0.017159 and parameters: {'max_delta_step': 88.14162818787774, 'colsample_bytree': 0.5176068767997135, 'subsample': 0.5951516535447406, 'min_child_weight': 41.598425568539604, 'min_data_in_leaf': 23.97507255910676, 'lambda': 0.7557762607658829, 'alpha': 3.323969273880793, 'max_depth': 1, 'eta': 0.20503148022876808, 'gamma': 7.0009646666967615, 'num_boost_rounds': 95}. Best is trial 73 with value: 0.017159.
2025-01-02 17:39:18 INFO     Trial 261 pruned. Trial was pruned at iteration 5.
2025-01-02 17:39:19 INFO     Trial 262 pruned. Trial was pruned at iteration 5.
2025-01-02 17:39:19 INFO     Trial 263 pruned. Trial was pruned at iteration 9.
2025-01-02 17:39:20 INFO     Trial 264 finished with value: 0.017155 and parameters: {'max_delta_step': 78.24238372789017, 'colsample_bytree': 0.5606044036314896, 'subsample': 0.6464122376886694, 'min_child_weight': 43.70308971192185, 'min_data_in_leaf': 24.345480599296202, 'lambda': 1.5287488902491144, 'alpha': 3.627948384849824, 'max_depth': 1, 'eta': 0.20990889815846767, 'gamma': 7.45427895596875, 'num_boost_rounds': 90}. Best is trial 73 with value: 0.017159.
2025-01-02 17:39:20 INFO     Trial 265 pruned. Trial was pruned at iteration 5.
2025-01-02 17:39:21 INFO     Trial 266 pruned. Trial was pruned at iteration 9.
2025-01-02 17:39:21 INFO     Trial 267 pruned. Trial was pruned at iteration 0.
2025-01-02 17:39:22 INFO     Trial 268 pruned. Trial was pruned at iteration 5.
2025-01-02 17:39:22 INFO     Trial 269 pruned. Trial was pruned at iteration 6.
2025-01-02 17:39:23 INFO     Trial 270 pruned. Trial was pruned at iteration 5.
2025-01-02 17:39:24 INFO     Trial 271 pruned. Trial was pruned at iteration 9.
2025-01-02 17:39:24 INFO     Trial 272 finished with value: 0.017155 and parameters: {'max_delta_step': 76.89188101569857, 'colsample_bytree': 0.5298071478533912, 'subsample': 0.6379426954419305, 'min_child_weight': 45.90758647030299, 'min_data_in_leaf': 22.628954183963415, 'lambda': 1.4165771264295186, 'alpha': 4.326675337591739, 'max_depth': 1, 'eta': 0.20461293284543502, 'gamma': 7.512548983729477, 'num_boost_rounds': 80}. Best is trial 73 with value: 0.017159.
2025-01-02 17:39:25 INFO     Trial 273 pruned. Trial was pruned at iteration 5.
2025-01-02 17:39:25 INFO     Trial 274 pruned. Trial was pruned at iteration 9.
2025-01-02 17:39:26 INFO     Trial 275 pruned. Trial was pruned at iteration 6.
2025-01-02 17:39:27 INFO     Trial 276 pruned. Trial was pruned at iteration 9.
2025-01-02 17:39:27 INFO     Trial 277 finished with value: 0.017159 and parameters: {'max_delta_step': 87.38749224740164, 'colsample_bytree': 0.5392710014361494, 'subsample': 0.6095921541812593, 'min_child_weight': 37.78220514958923, 'min_data_in_leaf': 24.06923987622337, 'lambda': 2.0460083652779257, 'alpha': 2.878602935132612, 'max_depth': 1, 'eta': 0.2062730959033724, 'gamma': 8.086852599950443, 'num_boost_rounds': 30}. Best is trial 73 with value: 0.017159.
2025-01-02 17:39:28 INFO     Trial 278 pruned. Trial was pruned at iteration 5.
2025-01-02 17:39:28 INFO     Trial 279 pruned. Trial was pruned at iteration 5.
2025-01-02 17:39:29 INFO     Trial 280 pruned. Trial was pruned at iteration 5.
2025-01-02 17:39:30 INFO     Trial 281 pruned. Trial was pruned at iteration 9.
2025-01-02 17:39:30 INFO     Trial 282 pruned. Trial was pruned at iteration 5.
2025-01-02 17:39:31 INFO     Trial 283 finished with value: 0.017159 and parameters: {'max_delta_step': 79.24741740228517, 'colsample_bytree': 0.5300728890693356, 'subsample': 0.6122471556435061, 'min_child_weight': 30.096952128384896, 'min_data_in_leaf': 23.414581714396775, 'lambda': 1.3179719204461864, 'alpha': 4.883806040684359, 'max_depth': 1, 'eta': 0.21032717954866392, 'gamma': 1.7203215887198775, 'num_boost_rounds': 40}. Best is trial 73 with value: 0.017159.
2025-01-02 17:39:31 INFO     Trial 284 pruned. Trial was pruned at iteration 5.
2025-01-02 17:39:32 INFO     Trial 285 pruned. Trial was pruned at iteration 6.
2025-01-02 17:39:33 INFO     Trial 286 pruned. Trial was pruned at iteration 9.
2025-01-02 17:39:33 INFO     Trial 287 pruned. Trial was pruned at iteration 0.
2025-01-02 17:39:33 INFO     Trial 288 pruned. Trial was pruned at iteration 0.
2025-01-02 17:39:34 INFO     Trial 289 pruned. Trial was pruned at iteration 5.
2025-01-02 17:39:34 INFO     Trial 290 pruned. Trial was pruned at iteration 6.
2025-01-02 17:39:35 INFO     Trial 291 finished with value: 0.017155 and parameters: {'max_delta_step': 76.6764374217368, 'colsample_bytree': 0.5659258395424065, 'subsample': 0.6488953189282697, 'min_child_weight': 34.94048024180325, 'min_data_in_leaf': 24.682674169565004, 'lambda': 3.0755546442006576, 'alpha': 4.685256886033576, 'max_depth': 1, 'eta': 0.20424118066438057, 'gamma': 8.383247621151936, 'num_boost_rounds': 90}. Best is trial 73 with value: 0.017159.
2025-01-02 17:39:36 INFO     Trial 292 pruned. Trial was pruned at iteration 5.
2025-01-02 17:39:36 INFO     Trial 293 pruned. Trial was pruned at iteration 9.
2025-01-02 17:39:37 INFO     Trial 294 pruned. Trial was pruned at iteration 9.
2025-01-02 17:39:37 INFO     Trial 295 pruned. Trial was pruned at iteration 5.
2025-01-02 17:39:38 INFO     Trial 296 pruned. Trial was pruned at iteration 6.
2025-01-02 17:39:39 INFO     Trial 297 pruned. Trial was pruned at iteration 5.
2025-01-02 17:39:39 INFO     Trial 298 pruned. Trial was pruned at iteration 5.
2025-01-02 17:39:40 INFO     Trial 299 pruned. Trial was pruned at iteration 5.
2025-01-02 17:39:40 INFO     Trial 300 pruned. Trial was pruned at iteration 5.
2025-01-02 17:39:41 INFO     Trial 301 pruned. Trial was pruned at iteration 9.
2025-01-02 17:39:41 INFO     Trial 302 pruned. Trial was pruned at iteration 5.
2025-01-02 17:39:42 INFO     Trial 303 finished with value: 0.017159 and parameters: {'max_delta_step': 76.45032782346128, 'colsample_bytree': 0.5537441944739107, 'subsample': 0.6089767728791653, 'min_child_weight': 56.363695178528076, 'min_data_in_leaf': 24.881179188840562, 'lambda': 3.989977152322882, 'alpha': 3.81712603453498, 'max_depth': 1, 'eta': 0.20717096687518108, 'gamma': 0.7470897912552826, 'num_boost_rounds': 90}. Best is trial 73 with value: 0.017159.
2025-01-02 17:39:42 INFO     Trial 304 pruned. Trial was pruned at iteration 5.
