2025-01-02 13:10:24 INFO     Trial 263 finished with value: 0.017088 and parameters: {'max_delta_step': 17.379063614366817, 'colsample_bytree': 0.5287576226766, 'colsample_bynode': 0.45139126266291085, 'subsample': 0.8853627793149336, 'min_child_weight': 90.04990573406737, 'min_data_in_leaf': 19.3066104038076, 'lambda': 3.27704844515234, 'alpha': 7.8068085848206135, 'max_depth': 1, 'eta': 0.19653181409426548, 'gamma': 8.499230412058214, 'num_boost_rounds': 185}. Best is trial 186 with value: 0.017241.
2025-01-02 13:10:24 INFO     n_estimators: 10
2025-01-02 13:10:24 INFO     Trial 264 finished with value: 0.017143 and parameters: {'max_delta_step': 19.29521782688478, 'colsample_bytree': 0.5410805856487616, 'colsample_bynode': 0.42106287784901986, 'subsample': 0.8708029935873434, 'min_child_weight': 83.23086494361698, 'min_data_in_leaf': 22.152018284276984, 'lambda': 2.900546009839188, 'alpha': 7.546881583593072, 'max_depth': 1, 'eta': 0.19966569417585706, 'gamma': 8.856540961430134, 'num_boost_rounds': 190}. Best is trial 186 with value: 0.017241.
2025-01-02 13:10:25 INFO     n_estimators: 10
2025-01-02 13:10:25 INFO     Trial 265 finished with value: 0.017143 and parameters: {'max_delta_step': 15.544988010767135, 'colsample_bytree': 0.5478080650318836, 'colsample_bynode': 0.405322616059818, 'subsample': 0.8603168131977162, 'min_child_weight': 85.25472841774186, 'min_data_in_leaf': 19.29902780496615, 'lambda': 2.6862850302979213, 'alpha': 7.151221219278582, 'max_depth': 1, 'eta': 0.1997811088913388, 'gamma': 8.636037139337278, 'num_boost_rounds': 185}. Best is trial 186 with value: 0.017241.
2025-01-02 13:10:26 INFO     n_estimators: 10
2025-01-02 13:10:26 INFO     Trial 266 finished with value: 0.017088 and parameters: {'max_delta_step': 20.964540460582704, 'colsample_bytree': 0.5261421978648091, 'colsample_bynode': 0.43699014618512644, 'subsample': 0.8856405875760808, 'min_child_weight': 94.80985574628735, 'min_data_in_leaf': 21.554279743398695, 'lambda': 3.157729676384565, 'alpha': 7.459325114311127, 'max_depth': 1, 'eta': 0.1956027064883349, 'gamma': 8.449720514158809, 'num_boost_rounds': 190}. Best is trial 186 with value: 0.017241.
2025-01-02 13:10:26 INFO     n_estimators: 10
2025-01-02 13:10:26 INFO     Trial 267 finished with value: 0.017143 and parameters: {'max_delta_step': 18.791148319980547, 'colsample_bytree': 0.5377649973706771, 'colsample_bynode': 0.45505316970175613, 'subsample': 0.873691925698171, 'min_child_weight': 80.67150993074091, 'min_data_in_leaf': 22.87858091043081, 'lambda': 2.9746893044173026, 'alpha': 7.759112823086198, 'max_depth': 1, 'eta': 0.19645165881075352, 'gamma': 8.781940550435637, 'num_boost_rounds': 185}. Best is trial 186 with value: 0.017241.
2025-01-02 13:10:27 INFO     n_estimators: 10
2025-01-02 13:10:27 INFO     Trial 268 finished with value: 0.017143 and parameters: {'max_delta_step': 16.803735527186085, 'colsample_bytree': 0.5477022724028396, 'colsample_bynode': 0.3987945622529061, 'subsample': 0.8638525733290926, 'min_child_weight': 89.81289342423517, 'min_data_in_leaf': 19.76638559538, 'lambda': 3.385770289357101, 'alpha': 7.318855666118307, 'max_depth': 1, 'eta': 0.19997348220614536, 'gamma': 8.53325152072454, 'num_boost_rounds': 190}. Best is trial 186 with value: 0.017241.
2025-01-02 13:10:28 INFO     n_estimators: 10
2025-01-02 13:10:28 INFO     Trial 269 finished with value: 0.017088 and parameters: {'max_delta_step': 21.226579676913506, 'colsample_bytree': 0.5249217762991836, 'colsample_bynode': 0.4261768876870212, 'subsample': 0.8870157443966915, 'min_child_weight': 87.2415572612999, 'min_data_in_leaf': 20.973397055215592, 'lambda': 2.7526031665536945, 'alpha': 7.069151829329009, 'max_depth': 1, 'eta': 0.19577110779726695, 'gamma': 8.961496160797477, 'num_boost_rounds': 185}. Best is trial 186 with value: 0.017241.
2025-01-02 13:10:28 INFO     n_estimators: 10
2025-01-02 13:10:28 INFO     Trial 270 finished with value: 0.017143 and parameters: {'max_delta_step': 18.4099304174283, 'colsample_bytree': 0.5339830871779528, 'colsample_bynode': 0.4487578118761762, 'subsample': 0.8734935340781288, 'min_child_weight': 94.2806482428608, 'min_data_in_leaf': 20.410799875135254, 'lambda': 3.206311851376753, 'alpha': 7.594340414707837, 'max_depth': 1, 'eta': 0.1959500382214808, 'gamma': 8.40481252596944, 'num_boost_rounds': 195}. Best is trial 186 with value: 0.017241.
2025-01-02 13:10:29 INFO     n_estimators: 10
2025-01-02 13:10:29 INFO     Trial 271 finished with value: 0.017088 and parameters: {'max_delta_step': 14.94163153761367, 'colsample_bytree': 0.550584693271792, 'colsample_bynode': 0.41457479441787265, 'subsample': 0.8850143122525347, 'min_child_weight': 89.92607241047317, 'min_data_in_leaf': 19.136282947010013, 'lambda': 2.9913921317709296, 'alpha': 7.2970626890089845, 'max_depth': 1, 'eta': 0.19604329557709776, 'gamma': 8.732510455117025, 'num_boost_rounds': 180}. Best is trial 186 with value: 0.017241.
2025-01-02 13:10:29 INFO     n_estimators: 10
2025-01-02 13:10:29 INFO     Trial 272 finished with value: 0.017241 and parameters: {'max_delta_step': 20.85454513622092, 'colsample_bytree': 0.5434775446717218, 'colsample_bynode': 0.39761956920051433, 'subsample': 0.8523661203264826, 'min_child_weight': 84.4607929520377, 'min_data_in_leaf': 19.99492629820338, 'lambda': 3.2756005044347094, 'alpha': 7.783091437068853, 'max_depth': 1, 'eta': 0.19985356208924185, 'gamma': 8.601722526587283, 'num_boost_rounds': 190}. Best is trial 186 with value: 0.017241.
2025-01-02 13:10:30 INFO     n_estimators: 10
2025-01-02 13:10:30 INFO     Trial 273 finished with value: 0.017143 and parameters: {'max_delta_step': 20.676744226453124, 'colsample_bytree': 0.5504109793397508, 'colsample_bynode': 0.3961092378922235, 'subsample': 0.8545054418729283, 'min_child_weight': 84.53220195505656, 'min_data_in_leaf': 20.858462523585043, 'lambda': 3.290259635388948, 'alpha': 7.9400090719242, 'max_depth': 1, 'eta': 0.19969737710250707, 'gamma': 8.383245309369363, 'num_boost_rounds': 190}. Best is trial 186 with value: 0.017241.
2025-01-02 13:10:31 INFO     n_estimators: 10
2025-01-02 13:10:31 INFO     Trial 274 finished with value: 0.017143 and parameters: {'max_delta_step': 16.805733554748706, 'colsample_bytree': 0.5240583666873561, 'colsample_bynode': 0.3989302855001186, 'subsample': 0.8678334448895613, 'min_child_weight': 87.47217691805022, 'min_data_in_leaf': 20.1328235401235, 'lambda': 3.385166825218413, 'alpha': 7.750227305563811, 'max_depth': 1, 'eta': 0.19427364353337312, 'gamma': 8.877457350748234, 'num_boost_rounds': 195}. Best is trial 186 with value: 0.017241.
2025-01-02 13:10:31 INFO     n_estimators: 10
2025-01-02 13:10:31 INFO     Trial 275 finished with value: 0.017208 and parameters: {'max_delta_step': 21.300453990054734, 'colsample_bytree': 0.5421139914028636, 'colsample_bynode': 0.4164920152294066, 'subsample': 0.8456351461938749, 'min_child_weight': 98.31425085270362, 'min_data_in_leaf': 19.753092815826804, 'lambda': 2.814168749062918, 'alpha': 7.620722761475595, 'max_depth': 1, 'eta': 0.19972866628237543, 'gamma': 8.63989629496039, 'num_boost_rounds': 180}. Best is trial 186 with value: 0.017241.
2025-01-02 13:10:32 INFO     n_estimators: 10
2025-01-02 13:10:32 INFO     Trial 276 finished with value: 0.017241 and parameters: {'max_delta_step': 21.29436534643593, 'colsample_bytree': 0.5327048038723301, 'colsample_bynode': 0.43686701010560436, 'subsample': 0.8447899310035102, 'min_child_weight': 99.0734769002082, 'min_data_in_leaf': 19.63713875099533, 'lambda': 2.7001719173231997, 'alpha': 7.662525742588286, 'max_depth': 1, 'eta': 0.1999936318911502, 'gamma': 8.283220517713014, 'num_boost_rounds': 180}. Best is trial 186 with value: 0.017241.
2025-01-02 13:10:33 INFO     n_estimators: 10
2025-01-02 13:10:33 INFO     Trial 277 finished with value: 0.017241 and parameters: {'max_delta_step': 17.14431976967664, 'colsample_bytree': 0.5309900927311959, 'colsample_bynode': 0.4433464354105428, 'subsample': 0.8478303327570617, 'min_child_weight': 97.70088386863657, 'min_data_in_leaf': 19.750593335527515, 'lambda': 2.566706082651406, 'alpha': 7.68160002974954, 'max_depth': 1, 'eta': 0.19991194858337596, 'gamma': 8.245868074725863, 'num_boost_rounds': 130}. Best is trial 186 with value: 0.017241.
2025-01-02 13:10:33 INFO     Trial 278 pruned. Trial was pruned at iteration 9.
2025-01-02 13:10:34 INFO     Trial 279 pruned. Trial was pruned at iteration 0.
2025-01-02 13:10:34 INFO     n_estimators: 10
2025-01-02 13:10:34 INFO     Trial 280 finished with value: 0.017241 and parameters: {'max_delta_step': 16.501207875656036, 'colsample_bytree': 0.5315902096757483, 'colsample_bynode': 0.45878577851426783, 'subsample': 0.8902971198579498, 'min_child_weight': 84.03714366733146, 'min_data_in_leaf': 21.300086349353474, 'lambda': 2.6720907568306917, 'alpha': 7.036856640754362, 'max_depth': 1, 'eta': 0.19993337686090804, 'gamma': 8.319193272044068, 'num_boost_rounds': 190}. Best is trial 186 with value: 0.017241.
2025-01-02 13:10:35 INFO     n_estimators: 10
2025-01-02 13:10:35 INFO     Trial 281 finished with value: 0.017143 and parameters: {'max_delta_step': 14.886788181360016, 'colsample_bytree': 0.5211815028764964, 'colsample_bynode': 0.45837904711597055, 'subsample': 0.8387978645094224, 'min_child_weight': 82.98043106626201, 'min_data_in_leaf': 19.597598163940475, 'lambda': 2.6214566653886737, 'alpha': 7.018867120641709, 'max_depth': 1, 'eta': 0.19401986968768614, 'gamma': 8.274614478245919, 'num_boost_rounds': 195}. Best is trial 186 with value: 0.017241.
2025-01-02 13:10:36 INFO     n_estimators: 10
2025-01-02 13:10:36 INFO     Trial 282 finished with value: 0.017088 and parameters: {'max_delta_step': 19.698758489656548, 'colsample_bytree': 0.5364666086952107, 'colsample_bynode': 0.4214351410551915, 'subsample': 0.8912490055888227, 'min_child_weight': 96.84438254612685, 'min_data_in_leaf': 21.67932395551001, 'lambda': 2.8129647061664746, 'alpha': 7.791282303583036, 'max_depth': 1, 'eta': 0.19405999866877183, 'gamma': 1.7252306170476537, 'num_boost_rounds': 130}. Best is trial 186 with value: 0.017241.
2025-01-02 13:10:36 INFO     n_estimators: 10
2025-01-02 13:10:36 INFO     Trial 283 finished with value: 0.017088 and parameters: {'max_delta_step': 17.617357018435676, 'colsample_bytree': 0.550763219083376, 'colsample_bynode': 0.43244144180031663, 'subsample': 0.8898124936520271, 'min_child_weight': 81.5412208630675, 'min_data_in_leaf': 19.904537291705257, 'lambda': 3.0141964432206216, 'alpha': 7.501970183353425, 'max_depth': 1, 'eta': 0.19541273978594223, 'gamma': 8.12918808200716, 'num_boost_rounds': 185}. Best is trial 186 with value: 0.017241.
2025-01-02 13:10:37 INFO     n_estimators: 10
2025-01-02 13:10:37 INFO     Trial 284 finished with value: 0.017143 and parameters: {'max_delta_step': 21.697021279167465, 'colsample_bytree': 0.5208957535598897, 'colsample_bynode': 0.4559629872016528, 'subsample': 0.8655425280326908, 'min_child_weight': 89.29115536653775, 'min_data_in_leaf': 19.611279011594675, 'lambda': 2.4023941111951985, 'alpha': 8.00348218864077, 'max_depth': 1, 'eta': 0.19983304306957464, 'gamma': 8.87388013859151, 'num_boost_rounds': 180}. Best is trial 186 with value: 0.017241.
2025-01-02 13:10:38 INFO     n_estimators: 10
2025-01-02 13:10:38 INFO     Trial 285 finished with value: 0.017143 and parameters: {'max_delta_step': 16.147480511969555, 'colsample_bytree': 0.5390539248487239, 'colsample_bynode': 0.42558055290874314, 'subsample': 0.8607228299387321, 'min_child_weight': 85.46829198350494, 'min_data_in_leaf': 21.317332223194843, 'lambda': 2.7457761467580073, 'alpha': 7.570196782118188, 'max_depth': 1, 'eta': 0.19350635928573817, 'gamma': 8.348982571715775, 'num_boost_rounds': 185}. Best is trial 186 with value: 0.017241.
2025-01-02 13:10:38 INFO     n_estimators: 10
2025-01-02 13:10:38 INFO     Trial 286 finished with value: 0.017088 and parameters: {'max_delta_step': 19.465250301739047, 'colsample_bytree': 0.5308190156963267, 'colsample_bynode': 0.39456108420403746, 'subsample': 0.8900354080598883, 'min_child_weight': 93.91334737793628, 'min_data_in_leaf': 20.49957324041803, 'lambda': 3.1327120156771104, 'alpha': 7.111482549829275, 'max_depth': 1, 'eta': 0.1960234826350845, 'gamma': 8.719849078220852, 'num_boost_rounds': 195}. Best is trial 186 with value: 0.017241.
2025-01-02 13:10:39 INFO     Trial 287 pruned. Trial was pruned at iteration 9.
2025-01-02 13:10:39 INFO     Trial 288 pruned. Trial was pruned at iteration 0.
2025-01-02 13:10:40 INFO     n_estimators: 10
2025-01-02 13:10:40 INFO     Trial 289 finished with value: 0.017143 and parameters: {'max_delta_step': 17.09400319092044, 'colsample_bytree': 0.5441278367836672, 'colsample_bynode': 0.4116232027060673, 'subsample': 0.8447947330694839, 'min_child_weight': 90.07999884487431, 'min_data_in_leaf': 20.034008422398916, 'lambda': 3.295389784819289, 'alpha': 8.231932437286872, 'max_depth': 1, 'eta': 0.19339768858488254, 'gamma': 8.384345883434367, 'num_boost_rounds': 180}. Best is trial 186 with value: 0.017241.
2025-01-02 13:10:40 INFO     Trial 290 pruned. Trial was pruned at iteration 0.
2025-01-02 13:10:41 INFO     Trial 291 pruned. Trial was pruned at iteration 9.
2025-01-02 13:10:41 INFO     n_estimators: 10
2025-01-02 13:10:41 INFO     Trial 292 finished with value: 0.017143 and parameters: {'max_delta_step': 14.586472392277416, 'colsample_bytree': 0.5316928680663002, 'colsample_bynode': 0.443983537001465, 'subsample': 0.8810926256844649, 'min_child_weight': 83.12172903480557, 'min_data_in_leaf': 21.783449668861618, 'lambda': 3.211870561213872, 'alpha': 7.5427824282948395, 'max_depth': 1, 'eta': 0.19648565356977357, 'gamma': 8.448137998709196, 'num_boost_rounds': 190}. Best is trial 186 with value: 0.017241.
2025-01-02 13:10:42 INFO     Trial 293 pruned. Trial was pruned at iteration 9.
2025-01-02 13:10:43 INFO     n_estimators: 10
2025-01-02 13:10:43 INFO     Trial 294 finished with value: 0.017088 and parameters: {'max_delta_step': 19.454702122216915, 'colsample_bytree': 0.5404757968232302, 'colsample_bynode': 0.4329658415137953, 'subsample': 0.8925930185592851, 'min_child_weight': 93.02656767185084, 'min_data_in_leaf': 19.52101517206128, 'lambda': 2.8122693566561687, 'alpha': 7.861121472435367, 'max_depth': 1, 'eta': 0.19593341097617983, 'gamma': 8.722642340239199, 'num_boost_rounds': 195}. Best is trial 186 with value: 0.017241.
2025-01-02 13:10:43 INFO     n_estimators: 10
2025-01-02 13:10:43 INFO     Trial 295 finished with value: 0.017241 and parameters: {'max_delta_step': 21.26981737664118, 'colsample_bytree': 0.5209091926761096, 'colsample_bynode': 0.47189074724488106, 'subsample': 0.8739731019379623, 'min_child_weight': 85.92104119228195, 'min_data_in_leaf': 18.770804232952067, 'lambda': 2.3497012919307267, 'alpha': 7.12274533386871, 'max_depth': 1, 'eta': 0.19999129420796338, 'gamma': 8.180896517573501, 'num_boost_rounds': 185}. Best is trial 186 with value: 0.017241.
2025-01-02 13:10:44 INFO     n_estimators: 10
2025-01-02 13:10:44 INFO     Trial 296 finished with value: 0.017208 and parameters: {'max_delta_step': 21.247447118213792, 'colsample_bytree': 0.5201285521283793, 'colsample_bynode': 0.470058496500069, 'subsample': 0.8503937074259537, 'min_child_weight': 86.31651539440627, 'min_data_in_leaf': 18.897688358270774, 'lambda': 2.2536462436464637, 'alpha': 7.040573429304988, 'max_depth': 1, 'eta': 0.19983740001877995, 'gamma': 8.149719810194226, 'num_boost_rounds': 190}. Best is trial 186 with value: 0.017241.
2025-01-02 13:10:45 INFO     n_estimators: 10
2025-01-02 13:10:45 INFO     Trial 297 finished with value: 0.017143 and parameters: {'max_delta_step': 16.07685770758959, 'colsample_bytree': 0.5230729322902411, 'colsample_bynode': 0.4591562909889401, 'subsample': 0.8756626212486446, 'min_child_weight': 84.41026707604956, 'min_data_in_leaf': 19.41598257634299, 'lambda': 2.50918705419705, 'alpha': 7.182076354338877, 'max_depth': 1, 'eta': 0.1909550916848216, 'gamma': 8.327652856158252, 'num_boost_rounds': 185}. Best is trial 186 with value: 0.017241.
2025-01-02 13:10:45 INFO     n_estimators: 10
2025-01-02 13:10:45 INFO     Trial 298 finished with value: 0.017143 and parameters: {'max_delta_step': 18.759558992189692, 'colsample_bytree': 0.5318621576905167, 'colsample_bynode': 0.44288345489369874, 'subsample': 0.8630403326201753, 'min_child_weight': 88.49140254259042, 'min_data_in_leaf': 18.85047651674601, 'lambda': 3.038652184589014, 'alpha': 6.9049103581815405, 'max_depth': 1, 'eta': 0.19995628041241897, 'gamma': 8.64828299146087, 'num_boost_rounds': 110}. Best is trial 186 with value: 0.017241.
2025-01-02 13:10:46 INFO     Trial 299 pruned. Trial was pruned at iteration 5.
2025-01-02 13:10:46 INFO     n_estimators: 10
2025-01-02 13:10:46 INFO     Trial 300 finished with value: 0.017143 and parameters: {'max_delta_step': 14.14884973279267, 'colsample_bytree': 0.520792020312288, 'colsample_bynode': 0.4685248965379369, 'subsample': 0.8722194485656812, 'min_child_weight': 82.16766901104256, 'min_data_in_leaf': 20.490106956265134, 'lambda': 2.704242585716579, 'alpha': 7.522939321433989, 'max_depth': 1, 'eta': 0.19523943998837104, 'gamma': 8.951702000147037, 'num_boost_rounds': 185}. Best is trial 186 with value: 0.017241.
2025-01-02 13:10:47 INFO     n_estimators: 10
2025-01-02 13:10:47 INFO     Trial 301 finished with value: 0.017088 and parameters: {'max_delta_step': 20.172052947699363, 'colsample_bytree': 0.5509784049764936, 'colsample_bynode': 0.398604118817862, 'subsample': 0.8870980693619636, 'min_child_weight': 88.46143303243831, 'min_data_in_leaf': 23.198902497786506, 'lambda': 3.1917322082033843, 'alpha': 7.221775917541958, 'max_depth': 1, 'eta': 0.18792332545510415, 'gamma': 8.182946634601718, 'num_boost_rounds': 180}. Best is trial 186 with value: 0.017241.
2025-01-02 13:10:48 INFO     n_estimators: 10
2025-01-02 13:10:48 INFO     Trial 302 finished with value: 0.017143 and parameters: {'max_delta_step': 22.09772774623057, 'colsample_bytree': 0.5324123392590432, 'colsample_bynode': 0.45048940335589754, 'subsample': 0.857803066538717, 'min_child_weight': 79.74173815329807, 'min_data_in_leaf': 19.763541792564258, 'lambda': 3.455094332223991, 'alpha': 7.376485780333527, 'max_depth': 1, 'eta': 0.19512484954020873, 'gamma': 8.724312295755512, 'num_boost_rounds': 190}. Best is trial 186 with value: 0.017241.
2025-01-02 13:10:48 INFO     n_estimators: 10
2025-01-02 13:10:48 INFO     Trial 303 finished with value: 0.017137 and parameters: {'max_delta_step': 16.250140384586178, 'colsample_bytree': 0.5172997291790096, 'colsample_bynode': 0.42963470598752357, 'subsample': 0.7070784393425145, 'min_child_weight': 86.5315545622931, 'min_data_in_leaf': 19.266131171238687, 'lambda': 2.925758955361057, 'alpha': 7.647972773217146, 'max_depth': 1, 'eta': 0.19988986201134834, 'gamma': 6.464015575616726, 'num_boost_rounds': 185}. Best is trial 186 with value: 0.017241.
2025-01-02 13:10:49 INFO     n_estimators: 10
2025-01-02 13:10:49 INFO     Trial 304 finished with value: 0.017139 and parameters: {'max_delta_step': 18.786341841238986, 'colsample_bytree': 0.5497767758651363, 'colsample_bynode': 0.4106201458205664, 'subsample': 0.6780837948762233, 'min_child_weight': 84.37178568997894, 'min_data_in_leaf': 18.77481639011016, 'lambda': 3.113228351261802, 'alpha': 7.026463755026109, 'max_depth': 1, 'eta': 0.19230457356725336, 'gamma': 8.507347840680756, 'num_boost_rounds': 195}. Best is trial 186 with value: 0.017241.
2025-01-02 13:10:49 INFO     Trial 305 pruned. Trial was pruned at iteration 0.
2025-01-02 13:10:50 INFO     n_estimators: 10
2025-01-02 13:10:50 INFO     Trial 306 finished with value: 0.017241 and parameters: {'max_delta_step': 18.225845741664113, 'colsample_bytree': 0.53206839551195, 'colsample_bynode': 0.39537385180075524, 'subsample': 0.894634738880392, 'min_child_weight': 88.30072351238307, 'min_data_in_leaf': 22.165475017048728, 'lambda': 2.771384115303092, 'alpha': 7.3260125950236, 'max_depth': 1, 'eta': 0.19989118260899105, 'gamma': 9.062942481616297, 'num_boost_rounds': 185}. Best is trial 186 with value: 0.017241.
2025-01-02 13:10:51 INFO     n_estimators: 10
2025-01-02 13:10:51 INFO     Trial 307 finished with value: 0.017143 and parameters: {'max_delta_step': 20.082609158416705, 'colsample_bytree': 0.5521811116570784, 'colsample_bynode': 0.458127573073257, 'subsample': 0.8698368683091016, 'min_child_weight': 93.9735890709564, 'min_data_in_leaf': 19.489863878468366, 'lambda': 2.9940349878857506, 'alpha': 6.838493160712932, 'max_depth': 1, 'eta': 0.19999085787006424, 'gamma': 8.036134501048393, 'num_boost_rounds': 180}. Best is trial 186 with value: 0.017241.
2025-01-02 13:10:51 INFO     Trial 308 pruned. Trial was pruned at iteration 0.
2025-01-02 13:10:52 INFO     n_estimators: 10
2025-01-02 13:10:52 INFO     Trial 309 finished with value: 0.017143 and parameters: {'max_delta_step': 16.98562914601298, 'colsample_bytree': 0.5404469102792121, 'colsample_bynode': 0.4800568692300036, 'subsample': 0.8772538686222501, 'min_child_weight': 96.56938819248973, 'min_data_in_leaf': 19.086922639925422, 'lambda': 3.4847305025003177, 'alpha': 7.192609804022448, 'max_depth': 1, 'eta': 0.19557482495536962, 'gamma': 8.336842102791254, 'num_boost_rounds': 190}. Best is trial 186 with value: 0.017241.
2025-01-02 13:10:52 INFO     n_estimators: 10
2025-01-02 13:10:52 INFO     Trial 310 finished with value: 0.01711 and parameters: {'max_delta_step': 21.867376221702383, 'colsample_bytree': 0.5528829669962106, 'colsample_bynode': 0.37138097415954735, 'subsample': 0.8516763160250133, 'min_child_weight': 86.4166555233241, 'min_data_in_leaf': 19.934745996204406, 'lambda': 2.601340195878511, 'alpha': 7.7453146946701725, 'max_depth': 1, 'eta': 0.1871127712225435, 'gamma': 8.79551286462891, 'num_boost_rounds': 80}. Best is trial 186 with value: 0.017241.
2025-01-02 13:10:53 INFO     n_estimators: 10
