2025-01-02 13:10:53 INFO     Trial 311 finished with value: 0.017088 and parameters: {'max_delta_step': 19.5672210908283, 'colsample_bytree': 0.5177639832152697, 'colsample_bynode': 0.4457048526833671, 'subsample': 0.8948101300105015, 'min_child_weight': 84.39631197968541, 'min_data_in_leaf': 18.823119335617214, 'lambda': 3.1531056695640096, 'alpha': 7.435093437029531, 'max_depth': 1, 'eta': 0.19587061835689387, 'gamma': 8.57075548647875, 'num_boost_rounds': 185}. Best is trial 186 with value: 0.017241.
2025-01-02 13:10:54 INFO     n_estimators: 10
2025-01-02 13:10:54 INFO     Trial 312 finished with value: 0.017143 and parameters: {'max_delta_step': 16.234022803390488, 'colsample_bytree': 0.5321328584157884, 'colsample_bynode': 0.42712741342870114, 'subsample': 0.8641967715911288, 'min_child_weight': 81.92991922258422, 'min_data_in_leaf': 21.700656741264886, 'lambda': 2.8847521339947546, 'alpha': 7.115169941650648, 'max_depth': 1, 'eta': 0.1918512772843423, 'gamma': 8.191126860286959, 'num_boost_rounds': 180}. Best is trial 186 with value: 0.017241.
2025-01-02 13:10:54 INFO     n_estimators: 10
2025-01-02 13:10:54 INFO     Trial 313 finished with value: 0.017143 and parameters: {'max_delta_step': 18.121903886645853, 'colsample_bytree': 0.5419075688080525, 'colsample_bynode': 0.4086691868682623, 'subsample': 0.8369979240234836, 'min_child_weight': 89.41676519551758, 'min_data_in_leaf': 19.657432199830982, 'lambda': 3.3373558184636334, 'alpha': 7.946764434065213, 'max_depth': 1, 'eta': 0.19991140355459655, 'gamma': 8.588146322020382, 'num_boost_rounds': 190}. Best is trial 186 with value: 0.017241.
2025-01-02 13:10:55 INFO     n_estimators: 10
2025-01-02 13:10:55 INFO     Trial 314 finished with value: 0.017143 and parameters: {'max_delta_step': 21.61438912441324, 'colsample_bytree': 0.5271605057257384, 'colsample_bynode': 0.38776894729306843, 'subsample': 0.7277779849155549, 'min_child_weight': 92.49294745271942, 'min_data_in_leaf': 20.268037025707272, 'lambda': 2.738753465961956, 'alpha': 7.5820495713995335, 'max_depth': 1, 'eta': 0.19474248540848837, 'gamma': 8.937004160036983, 'num_boost_rounds': 185}. Best is trial 186 with value: 0.017241.
2025-01-02 13:10:56 INFO     n_estimators: 10
2025-01-02 13:10:56 INFO     Trial 315 finished with value: 0.017088 and parameters: {'max_delta_step': 13.198396880036954, 'colsample_bytree': 0.5438643344408863, 'colsample_bynode': 0.4390074255241208, 'subsample': 0.8868088576618771, 'min_child_weight': 87.16489248712836, 'min_data_in_leaf': 20.95779601749275, 'lambda': 3.10964406917303, 'alpha': 7.355800711401249, 'max_depth': 1, 'eta': 0.19605324029236587, 'gamma': 5.483383481248404, 'num_boost_rounds': 180}. Best is trial 186 with value: 0.017241.
2025-01-02 13:10:56 INFO     Trial 316 pruned. Trial was pruned at iteration 5.
2025-01-02 13:10:57 INFO     n_estimators: 10
2025-01-02 13:10:57 INFO     Trial 317 finished with value: 0.017088 and parameters: {'max_delta_step': 16.026309080467758, 'colsample_bytree': 0.5540557663474548, 'colsample_bynode': 0.41849571336423047, 'subsample': 0.8969572773136593, 'min_child_weight': 90.56004112621653, 'min_data_in_leaf': 21.316655158306098, 'lambda': 3.52894803699562, 'alpha': 9.97639200994095, 'max_depth': 1, 'eta': 0.1895933972319452, 'gamma': 8.811820316533344, 'num_boost_rounds': 195}. Best is trial 186 with value: 0.017241.
2025-01-02 13:10:57 INFO     Trial 318 pruned. Trial was pruned at iteration 5.
2025-01-02 13:10:58 INFO     n_estimators: 10
2025-01-02 13:10:58 INFO     Trial 319 finished with value: 0.017143 and parameters: {'max_delta_step': 22.448350661775127, 'colsample_bytree': 0.5360283068295727, 'colsample_bynode': 0.38987116388876525, 'subsample': 0.8672323964640318, 'min_child_weight': 88.3077279555647, 'min_data_in_leaf': 19.93552008259791, 'lambda': 2.516901146300512, 'alpha': 6.993911169237552, 'max_depth': 1, 'eta': 0.1927800520228905, 'gamma': 8.608389163742663, 'num_boost_rounds': 185}. Best is trial 186 with value: 0.017241.
2025-01-02 13:10:59 INFO     n_estimators: 10
2025-01-02 13:10:59 INFO     Trial 320 finished with value: 0.017143 and parameters: {'max_delta_step': 19.987859314521703, 'colsample_bytree': 0.5211506152147266, 'colsample_bynode': 0.3636159700412971, 'subsample': 0.8549674330117976, 'min_child_weight': 86.38336958447087, 'min_data_in_leaf': 19.35733649189613, 'lambda': 3.013634989901081, 'alpha': 7.4627229484501045, 'max_depth': 1, 'eta': 0.19612221116399078, 'gamma': 8.315159616855917, 'num_boost_rounds': 180}. Best is trial 186 with value: 0.017241.
2025-01-02 13:10:59 INFO     n_estimators: 10
2025-01-02 13:10:59 INFO     Trial 321 finished with value: 0.017143 and parameters: {'max_delta_step': 15.049993951057587, 'colsample_bytree': 0.5468645802890448, 'colsample_bynode': 0.40678694349721395, 'subsample': 0.8833768077263151, 'min_child_weight': 83.38605718891299, 'min_data_in_leaf': 20.594535261396267, 'lambda': 2.794274344833363, 'alpha': 7.2175846376474775, 'max_depth': 1, 'eta': 0.18640343774858584, 'gamma': 9.017630824826258, 'num_boost_rounds': 70}. Best is trial 186 with value: 0.017241.
2025-01-02 13:11:00 INFO     n_estimators: 10
2025-01-02 13:11:00 INFO     Trial 322 finished with value: 0.017088 and parameters: {'max_delta_step': 11.379208985099794, 'colsample_bytree': 0.534884719881351, 'colsample_bynode': 0.42995297007797323, 'subsample': 0.8969303640138909, 'min_child_weight': 93.04233529313827, 'min_data_in_leaf': 18.5551461262824, 'lambda': 3.2099642431120325, 'alpha': 6.804174949080166, 'max_depth': 1, 'eta': 0.1964312637993982, 'gamma': 8.72809440973835, 'num_boost_rounds': 190}. Best is trial 186 with value: 0.017241.
2025-01-02 13:11:01 INFO     n_estimators: 10
2025-01-02 13:11:01 INFO     Trial 323 finished with value: 0.017241 and parameters: {'max_delta_step': 18.65032552735459, 'colsample_bytree': 0.5175201222257199, 'colsample_bynode': 0.45959700342281795, 'subsample': 0.8736425671847808, 'min_child_weight': 81.16564658475147, 'min_data_in_leaf': 19.161567424077653, 'lambda': 3.3719863309618665, 'alpha': 7.701517521332633, 'max_depth': 1, 'eta': 0.19984753999862565, 'gamma': 8.414174723676755, 'num_boost_rounds': 195}. Best is trial 186 with value: 0.017241.
2025-01-02 13:11:01 INFO     n_estimators: 10
2025-01-02 13:11:01 INFO     Trial 324 finished with value: 0.017143 and parameters: {'max_delta_step': 21.74918105407829, 'colsample_bytree': 0.5539753050556121, 'colsample_bynode': 0.42388453107523777, 'subsample': 0.8640501280908279, 'min_child_weight': 90.1383756019072, 'min_data_in_leaf': 19.637422382967696, 'lambda': 2.274619290240185, 'alpha': 8.036187068874836, 'max_depth': 1, 'eta': 0.19190279988543266, 'gamma': 8.15190254301085, 'num_boost_rounds': 180}. Best is trial 186 with value: 0.017241.
2025-01-02 13:11:02 INFO     n_estimators: 10
2025-01-02 13:11:02 INFO     Trial 325 finished with value: 0.017088 and parameters: {'max_delta_step': 16.71904684298984, 'colsample_bytree': 0.5294092885575384, 'colsample_bynode': 0.4801451111911074, 'subsample': 0.8453549130305107, 'min_child_weight': 85.97746839057419, 'min_data_in_leaf': 20.133037496389576, 'lambda': 2.6409065250895933, 'alpha': 5.440777737803268, 'max_depth': 1, 'eta': 0.19548010572069197, 'gamma': 8.552497759844822, 'num_boost_rounds': 185}. Best is trial 186 with value: 0.017241.
2025-01-02 13:11:03 INFO     n_estimators: 10
2025-01-02 13:11:03 INFO     Trial 326 finished with value: 0.017241 and parameters: {'max_delta_step': 20.120132365589377, 'colsample_bytree': 0.5423918976955667, 'colsample_bynode': 0.4404340021508911, 'subsample': 0.8864989315047058, 'min_child_weight': 88.11845500811019, 'min_data_in_leaf': 21.232855347297356, 'lambda': 9.147913926441475, 'alpha': 7.474479816615181, 'max_depth': 1, 'eta': 0.1998697273815077, 'gamma': 7.953851726009818, 'num_boost_rounds': 190}. Best is trial 186 with value: 0.017241.
2025-01-02 13:11:03 INFO     n_estimators: 10
2025-01-02 13:11:03 INFO     Trial 327 finished with value: 0.017143 and parameters: {'max_delta_step': 17.817316507675315, 'colsample_bytree': 0.5279802619876119, 'colsample_bynode': 0.4049419819121879, 'subsample': 0.8780828043376188, 'min_child_weight': 98.09297968235764, 'min_data_in_leaf': 22.057555682658695, 'lambda': 2.997481915351864, 'alpha': 7.166029152901157, 'max_depth': 1, 'eta': 0.18917290283961954, 'gamma': 8.784180065500818, 'num_boost_rounds': 190}. Best is trial 186 with value: 0.017241.
2025-01-02 13:11:04 INFO     n_estimators: 10
2025-01-02 13:11:04 INFO     Trial 328 finished with value: 0.017241 and parameters: {'max_delta_step': 14.650827189487265, 'colsample_bytree': 0.5139639328178638, 'colsample_bynode': 0.3855665215340681, 'subsample': 0.8965528317230254, 'min_child_weight': 93.42013318620378, 'min_data_in_leaf': 18.79250120408309, 'lambda': 2.8101407267374183, 'alpha': 7.831480958406996, 'max_depth': 1, 'eta': 0.19998652560677696, 'gamma': 8.284136453722175, 'num_boost_rounds': 185}. Best is trial 186 with value: 0.017241.
2025-01-02 13:11:05 INFO     n_estimators: 10
2025-01-02 13:11:05 INFO     Trial 329 finished with value: 0.017143 and parameters: {'max_delta_step': 22.527488694008078, 'colsample_bytree': 0.5430971440189866, 'colsample_bynode': 0.44817000872621676, 'subsample': 0.8609419299200671, 'min_child_weight': 89.60881285597719, 'min_data_in_leaf': 20.532136836961236, 'lambda': 3.5360840452505053, 'alpha': 7.319498950473448, 'max_depth': 1, 'eta': 0.192846538778763, 'gamma': 8.47424312439614, 'num_boost_rounds': 180}. Best is trial 186 with value: 0.017241.
2025-01-02 13:11:05 INFO     n_estimators: 10
2025-01-02 13:11:05 INFO     Trial 330 finished with value: 0.017143 and parameters: {'max_delta_step': 19.70277530278774, 'colsample_bytree': 0.5526195794844455, 'colsample_bynode': 0.4188760097533027, 'subsample': 0.8730591288891926, 'min_child_weight': 78.767602653718, 'min_data_in_leaf': 19.726077647009024, 'lambda': 3.135893487641658, 'alpha': 7.569749948902788, 'max_depth': 1, 'eta': 0.19603977914552687, 'gamma': 9.068036130081197, 'num_boost_rounds': 195}. Best is trial 186 with value: 0.017241.
2025-01-02 13:11:06 INFO     Trial 331 pruned. Trial was pruned at iteration 5.
2025-01-02 13:11:06 INFO     n_estimators: 10
2025-01-02 13:11:07 INFO     Trial 332 finished with value: 0.017088 and parameters: {'max_delta_step': 20.94322213448049, 'colsample_bytree': 0.5542290471823376, 'colsample_bynode': 0.43378014844183516, 'subsample': 0.8987533686841386, 'min_child_weight': 94.98674360639673, 'min_data_in_leaf': 18.35155720168275, 'lambda': 3.265325445166161, 'alpha': 6.901695132112892, 'max_depth': 1, 'eta': 0.19248523030047401, 'gamma': 8.248208871668385, 'num_boost_rounds': 185}. Best is trial 186 with value: 0.017241.
2025-01-02 13:11:07 INFO     n_estimators: 10
2025-01-02 13:11:07 INFO     Trial 333 finished with value: 0.017143 and parameters: {'max_delta_step': 12.98451267489371, 'colsample_bytree': 0.53836986089169, 'colsample_bynode': 0.40776612088571446, 'subsample': 0.8264601181776448, 'min_child_weight': 90.84010055858181, 'min_data_in_leaf': 21.620775308071725, 'lambda': 2.9684888768869726, 'alpha': 7.375894093158923, 'max_depth': 1, 'eta': 0.1999783460654937, 'gamma': 8.84726097724773, 'num_boost_rounds': 190}. Best is trial 186 with value: 0.017241.
2025-01-02 13:11:08 INFO     n_estimators: 10
2025-01-02 13:11:08 INFO     Trial 334 finished with value: 0.017143 and parameters: {'max_delta_step': 18.358065931141777, 'colsample_bytree': 0.525605903686824, 'colsample_bynode': 0.4554191878675297, 'subsample': 0.8783712571216373, 'min_child_weight': 83.01804584491505, 'min_data_in_leaf': 19.05469506879634, 'lambda': 3.5094295813436776, 'alpha': 7.875695950284773, 'max_depth': 1, 'eta': 0.18921100253380135, 'gamma': 8.4810127150057, 'num_boost_rounds': 185}. Best is trial 186 with value: 0.017241.
2025-01-02 13:11:08 INFO     n_estimators: 10
2025-01-02 13:11:08 INFO     Trial 335 finished with value: 0.017088 and parameters: {'max_delta_step': 22.77218918615756, 'colsample_bytree': 0.5155531301379875, 'colsample_bynode': 0.3629504739332582, 'subsample': 0.8524944023961698, 'min_child_weight': 87.0610893418864, 'min_data_in_leaf': 21.035145109775158, 'lambda': 2.70306407592113, 'alpha': 7.685649793404474, 'max_depth': 1, 'eta': 0.19589492207770762, 'gamma': 8.01882395028027, 'num_boost_rounds': 190}. Best is trial 186 with value: 0.017241.
2025-01-02 13:11:09 INFO     n_estimators: 10
2025-01-02 13:11:09 INFO     Trial 336 finished with value: 0.017143 and parameters: {'max_delta_step': 14.666188817063908, 'colsample_bytree': 0.5446127953010805, 'colsample_bynode': 0.39573830982235136, 'subsample': 0.8685783369059098, 'min_child_weight': 88.48094572954338, 'min_data_in_leaf': 20.015775345785546, 'lambda': 3.306075411673113, 'alpha': 7.492507156834271, 'max_depth': 1, 'eta': 0.19608397868667804, 'gamma': 8.740763700365704, 'num_boost_rounds': 95}. Best is trial 186 with value: 0.017241.
2025-01-02 13:11:10 INFO     n_estimators: 10
2025-01-02 13:11:10 INFO     Trial 337 finished with value: 0.017088 and parameters: {'max_delta_step': 16.39382213308349, 'colsample_bytree': 0.5360774967042412, 'colsample_bynode': 0.4271705264430451, 'subsample': 0.8858226759253944, 'min_child_weight': 91.455711854181, 'min_data_in_leaf': 19.45323588616579, 'lambda': 3.048787421489128, 'alpha': 7.24281302102854, 'max_depth': 1, 'eta': 0.1923583109120112, 'gamma': 8.385226075717963, 'num_boost_rounds': 180}. Best is trial 186 with value: 0.017241.
2025-01-02 13:11:10 INFO     n_estimators: 10
2025-01-02 13:11:10 INFO     Trial 338 finished with value: 0.017143 and parameters: {'max_delta_step': 19.688053697390664, 'colsample_bytree': 0.5546205739654552, 'colsample_bynode': 0.4684035452616528, 'subsample': 0.8623828633900213, 'min_child_weight': 84.42332587323013, 'min_data_in_leaf': 20.546502114459315, 'lambda': 2.890178041860607, 'alpha': 5.083540962783044, 'max_depth': 1, 'eta': 0.18687345876815364, 'gamma': 8.606026054184106, 'num_boost_rounds': 195}. Best is trial 186 with value: 0.017241.
2025-01-02 13:11:11 INFO     Trial 339 pruned. Trial was pruned at iteration 0.
2025-01-02 13:11:11 INFO     n_estimators: 10
2025-01-02 13:11:12 INFO     Trial 340 finished with value: 0.017143 and parameters: {'max_delta_step': 18.114384003987873, 'colsample_bytree': 0.5473749178090086, 'colsample_bynode': 0.23231595247234488, 'subsample': 0.8754150203645322, 'min_child_weight': 86.2614575391259, 'min_data_in_leaf': 18.642495300840814, 'lambda': 3.1770747508068, 'alpha': 8.137896565782567, 'max_depth': 1, 'eta': 0.19631568512024827, 'gamma': 8.975525188939999, 'num_boost_rounds': 180}. Best is trial 186 with value: 0.017241.
2025-01-02 13:11:12 INFO     n_estimators: 10
2025-01-02 13:11:12 INFO     Trial 341 finished with value: 0.017241 and parameters: {'max_delta_step': 21.217686835029422, 'colsample_bytree': 0.5292700724684796, 'colsample_bynode': 0.41777316713107493, 'subsample': 0.9005680808700334, 'min_child_weight': 91.80646898378299, 'min_data_in_leaf': 19.829011287517464, 'lambda': 2.1702207080963265, 'alpha': 7.669861598235585, 'max_depth': 1, 'eta': 0.19999859016505112, 'gamma': 8.448403094341346, 'num_boost_rounds': 185}. Best is trial 186 with value: 0.017241.
2025-01-02 13:11:13 INFO     n_estimators: 10
2025-01-02 13:11:13 INFO     Trial 342 finished with value: 0.017143 and parameters: {'max_delta_step': 22.506401201149377, 'colsample_bytree': 0.5373179749047685, 'colsample_bynode': 0.3805551829659743, 'subsample': 0.8427838704580259, 'min_child_weight': 88.74312191065047, 'min_data_in_leaf': 20.301230634227238, 'lambda': 2.8193358337360666, 'alpha': 7.3644567941784125, 'max_depth': 1, 'eta': 0.19191987468969476, 'gamma': 8.668929548637355, 'num_boost_rounds': 190}. Best is trial 186 with value: 0.017241.
2025-01-02 13:11:13 INFO     Trial 343 pruned. Trial was pruned at iteration 0.
2025-01-02 13:11:14 INFO     n_estimators: 10
2025-01-02 13:11:14 INFO     Trial 344 finished with value: 0.017143 and parameters: {'max_delta_step': 15.901218569099715, 'colsample_bytree': 0.5162388890991026, 'colsample_bynode': 0.4041960298249996, 'subsample': 0.8678452311864089, 'min_child_weight': 97.89321646710165, 'min_data_in_leaf': 20.872860869838885, 'lambda': 3.076200920363683, 'alpha': 7.547147580885603, 'max_depth': 1, 'eta': 0.19333618806820907, 'gamma': 8.216539865496587, 'num_boost_rounds': 180}. Best is trial 186 with value: 0.017241.
2025-01-02 13:11:15 INFO     n_estimators: 10
2025-01-02 13:11:15 INFO     Trial 345 finished with value: 0.017143 and parameters: {'max_delta_step': 20.759151655198853, 'colsample_bytree': 0.5440531394107525, 'colsample_bynode': 0.43938263645432635, 'subsample': 0.8550623798861839, 'min_child_weight': 93.2986033192083, 'min_data_in_leaf': 21.547953186902923, 'lambda': 2.415731148696709, 'alpha': 9.4946930756405, 'max_depth': 1, 'eta': 0.19643666922181918, 'gamma': 8.852776753853664, 'num_boost_rounds': 190}. Best is trial 186 with value: 0.017241.
2025-01-02 13:11:15 INFO     n_estimators: 10
2025-01-02 13:11:15 INFO     Trial 346 finished with value: 0.017143 and parameters: {'max_delta_step': 17.483706043397465, 'colsample_bytree': 0.5282080035672942, 'colsample_bynode': 0.42059304153832383, 'subsample': 0.8786503427500727, 'min_child_weight': 83.45297831074015, 'min_data_in_leaf': 19.5052667185946, 'lambda': 3.3381170449416815, 'alpha': 7.891559265119962, 'max_depth': 1, 'eta': 0.18994259513026845, 'gamma': 8.544089402723703, 'num_boost_rounds': 195}. Best is trial 186 with value: 0.017241.
2025-01-02 13:11:16 INFO     n_estimators: 10
2025-01-02 13:11:16 INFO     Trial 347 finished with value: 0.017088 and parameters: {'max_delta_step': 13.13887069236944, 'colsample_bytree': 0.5439608824849572, 'colsample_bynode': 0.4849882608783482, 'subsample': 0.8925213146770863, 'min_child_weight': 86.11578602359624, 'min_data_in_leaf': 22.308024494908032, 'lambda': 3.5766682515662045, 'alpha': 7.063936611733054, 'max_depth': 1, 'eta': 0.196467112882526, 'gamma': 8.359111682081414, 'num_boost_rounds': 180}. Best is trial 186 with value: 0.017241.
2025-01-02 13:11:17 INFO     n_estimators: 10
2025-01-02 13:11:17 INFO     Trial 348 finished with value: 0.017241 and parameters: {'max_delta_step': 19.897007957908265, 'colsample_bytree': 0.5547492495386965, 'colsample_bynode': 0.4502429036035323, 'subsample': 0.8731275285445914, 'min_child_weight': 89.48539161187367, 'min_data_in_leaf': 18.32629827086666, 'lambda': 2.7022324226872345, 'alpha': 7.268422368505596, 'max_depth': 1, 'eta': 0.19990398011214988, 'gamma': 9.088537554414547, 'num_boost_rounds': 185}. Best is trial 186 with value: 0.017241.
2025-01-02 13:11:17 INFO     Trial 349 pruned. Trial was pruned at iteration 5.
2025-01-02 13:11:18 INFO     n_estimators: 10
2025-01-02 13:11:18 INFO     Trial 350 finished with value: 0.017143 and parameters: {'max_delta_step': 23.186310887824053, 'colsample_bytree': 0.5353262743976385, 'colsample_bynode': 0.46609906790697053, 'subsample': 0.8621076144680269, 'min_child_weight': 91.0005817401548, 'min_data_in_leaf': 20.24513904478154, 'lambda': 3.211969525069796, 'alpha': 7.443726360845664, 'max_depth': 1, 'eta': 0.1999257405597548, 'gamma': 8.100112018387298, 'num_boost_rounds': 185}. Best is trial 186 with value: 0.017241.
2025-01-02 13:11:18 INFO     n_estimators: 10
2025-01-02 13:11:19 INFO     Trial 351 finished with value: 0.017143 and parameters: {'max_delta_step': 18.27858962699939, 'colsample_bytree': 0.5207737671191777, 'colsample_bynode': 0.43429047443728486, 'subsample': 0.8824441651579391, 'min_child_weight': 84.82125855952785, 'min_data_in_leaf': 19.036659205924202, 'lambda': 2.837613031477627, 'alpha': 6.642764338214252, 'max_depth': 1, 'eta': 0.18600776908261615, 'gamma': 8.58213890003043, 'num_boost_rounds': 190}. Best is trial 186 with value: 0.017241.
2025-01-02 13:11:19 INFO     n_estimators: 10
2025-01-02 13:11:19 INFO     Trial 352 finished with value: 0.017088 and parameters: {'max_delta_step': 20.487192122543124, 'colsample_bytree': 0.5090313136734114, 'colsample_bynode': 0.407601422429352, 'subsample': 0.8889082167285511, 'min_child_weight': 79.83294376406471, 'min_data_in_leaf': 19.453438114316945, 'lambda': 3.0481597476036715, 'alpha': 7.773226905114, 'max_depth': 1, 'eta': 0.19133018310577318, 'gamma': 8.329648573070322, 'num_boost_rounds': 175}. Best is trial 186 with value: 0.017241.
2025-01-02 13:11:20 INFO     n_estimators: 10
2025-01-02 13:11:20 INFO     Trial 353 finished with value: 0.017143 and parameters: {'max_delta_step': 16.94651596740062, 'colsample_bytree': 0.5352667140239823, 'colsample_bynode': 0.34710686842861904, 'subsample': 0.8720526663147298, 'min_child_weight': 87.99038107277426, 'min_data_in_leaf': 21.143875352085054, 'lambda': 2.643367257252645, 'alpha': 7.164151693194721, 'max_depth': 1, 'eta': 0.1958034548644246, 'gamma': 8.687564621540346, 'num_boost_rounds': 180}. Best is trial 186 with value: 0.017241.
2025-01-02 13:11:20 INFO     n_estimators: 10
2025-01-02 13:11:20 INFO     Trial 354 finished with value: 0.017241 and parameters: {'max_delta_step': 22.905141049708725, 'colsample_bytree': 0.5467760271180285, 'colsample_bynode': 0.3755492391423789, 'subsample': 0.8476565249746254, 'min_child_weight': 82.36227953232921, 'min_data_in_leaf': 18.734422828160284, 'lambda': 3.354763869020306, 'alpha': 8.257177783029935, 'max_depth': 1, 'eta': 0.19990435346886004, 'gamma': 8.945919298325796, 'num_boost_rounds': 195}. Best is trial 186 with value: 0.017241.
2025-01-02 13:11:21 INFO     n_estimators: 10
