2025-01-02 17:46:36 INFO     Trial 962 finished with value: 0.017241 and parameters: {'max_delta_step': 65.78827855316602, 'colsample_bytree': 0.5088986898333804, 'subsample': 0.8612293002739747, 'min_child_weight': 26.42939251029484, 'min_data_in_leaf': 15.257456850996572, 'lambda': 0.7250966041797232, 'alpha': 4.954191420126751, 'max_depth': 1, 'eta': 0.20495729888650718, 'gamma': 5.077699434914651, 'num_boost_rounds': 20}. Best is trial 604 with value: 0.017291.
2025-01-02 17:46:37 INFO     Trial 963 finished with value: 0.017241 and parameters: {'max_delta_step': 62.922841688541595, 'colsample_bytree': 0.5408486449673743, 'subsample': 0.8872613420506925, 'min_child_weight': 28.748773600824492, 'min_data_in_leaf': 17.080526501804858, 'lambda': 0.35367774723958095, 'alpha': 6.2215765874543445, 'max_depth': 1, 'eta': 0.21360792032174292, 'gamma': 6.420375537470571, 'num_boost_rounds': 10}. Best is trial 604 with value: 0.017291.
2025-01-02 17:46:37 INFO     Trial 964 pruned. Trial was pruned at iteration 9.
2025-01-02 17:46:38 INFO     Trial 965 pruned. Trial was pruned at iteration 9.
2025-01-02 17:46:39 INFO     Trial 966 finished with value: 0.017241 and parameters: {'max_delta_step': 61.15287699549479, 'colsample_bytree': 0.5264193971648503, 'subsample': 0.8304742661801962, 'min_child_weight': 19.674033773755006, 'min_data_in_leaf': 15.537114323092016, 'lambda': 6.84165365300394, 'alpha': 5.827441463035971, 'max_depth': 1, 'eta': 0.2073785661911286, 'gamma': 5.880808743699541, 'num_boost_rounds': 20}. Best is trial 604 with value: 0.017291.
2025-01-02 17:46:39 INFO     Trial 967 finished with value: 0.017241 and parameters: {'max_delta_step': 70.40388537085265, 'colsample_bytree': 0.5003032381363645, 'subsample': 0.8511252358102406, 'min_child_weight': 24.43208574052126, 'min_data_in_leaf': 16.255557174679755, 'lambda': 0.5480470128470731, 'alpha': 6.939156339862752, 'max_depth': 1, 'eta': 0.21591907488304332, 'gamma': 5.3832013297231605, 'num_boost_rounds': 10}. Best is trial 604 with value: 0.017291.
2025-01-02 17:46:40 INFO     Trial 968 pruned. Trial was pruned at iteration 0.
2025-01-02 17:46:40 INFO     Trial 969 pruned. Trial was pruned at iteration 5.
2025-01-02 17:46:41 INFO     Trial 970 pruned. Trial was pruned at iteration 9.
2025-01-02 17:46:42 INFO     Trial 971 finished with value: 0.017241 and parameters: {'max_delta_step': 73.21070616955375, 'colsample_bytree': 0.5094212339312569, 'subsample': 0.8384807568762174, 'min_child_weight': 21.12916271204792, 'min_data_in_leaf': 17.72506121509008, 'lambda': 0.6538975666040437, 'alpha': 6.315498630779747, 'max_depth': 1, 'eta': 0.2108443787850149, 'gamma': 6.127889705916238, 'num_boost_rounds': 15}. Best is trial 604 with value: 0.017291.
2025-01-02 17:46:43 INFO     Trial 972 finished with value: 0.017241 and parameters: {'max_delta_step': 67.12849291686209, 'colsample_bytree': 0.5489769530295161, 'subsample': 0.8711031861244324, 'min_child_weight': 34.79295501471124, 'min_data_in_leaf': 15.45825652319509, 'lambda': 0.28563355687182773, 'alpha': 5.512118427071618, 'max_depth': 1, 'eta': 0.20329551631838616, 'gamma': 5.271913242042622, 'num_boost_rounds': 20}. Best is trial 604 with value: 0.017291.
2025-01-02 17:46:43 INFO     Trial 973 pruned. Trial was pruned at iteration 0.
2025-01-02 17:46:44 INFO     Trial 974 pruned. Trial was pruned at iteration 5.
2025-01-02 17:46:44 INFO     Trial 975 pruned. Trial was pruned at iteration 5.
2025-01-02 17:46:45 INFO     Trial 976 finished with value: 0.017241 and parameters: {'max_delta_step': 59.75294471574798, 'colsample_bytree': 0.530972076668704, 'subsample': 0.8546906434709338, 'min_child_weight': 20.758681009230042, 'min_data_in_leaf': 19.607569421911347, 'lambda': 0.754982253388123, 'alpha': 6.133489225499734, 'max_depth': 1, 'eta': 0.20934246997779277, 'gamma': 5.713065243992262, 'num_boost_rounds': 20}. Best is trial 604 with value: 0.017291.
2025-01-02 17:46:46 INFO     Trial 977 pruned. Trial was pruned at iteration 9.
2025-01-02 17:46:46 INFO     Trial 978 pruned. Trial was pruned at iteration 9.
2025-01-02 17:46:47 INFO     Trial 979 finished with value: 0.017241 and parameters: {'max_delta_step': 62.50269947969947, 'colsample_bytree': 0.5403195614086034, 'subsample': 0.8481801270919078, 'min_child_weight': 26.56913682521494, 'min_data_in_leaf': 14.464851914259617, 'lambda': 0.16664696512243882, 'alpha': 5.339235960107682, 'max_depth': 1, 'eta': 0.2129103643547895, 'gamma': 6.097339598791136, 'num_boost_rounds': 25}. Best is trial 604 with value: 0.017291.
2025-01-02 17:46:48 INFO     Trial 980 pruned. Trial was pruned at iteration 5.
2025-01-02 17:46:48 INFO     Trial 981 pruned. Trial was pruned at iteration 9.
2025-01-02 17:46:49 INFO     Trial 982 pruned. Trial was pruned at iteration 0.
2025-01-02 17:46:49 INFO     Trial 983 pruned. Trial was pruned at iteration 5.
2025-01-02 17:46:50 INFO     Trial 984 finished with value: 0.017241 and parameters: {'max_delta_step': 74.67400935571438, 'colsample_bytree': 0.5075705577640738, 'subsample': 0.8513386580752513, 'min_child_weight': 12.26597975592828, 'min_data_in_leaf': 17.39096501736054, 'lambda': 0.23062954697864038, 'alpha': 6.79529382969431, 'max_depth': 1, 'eta': 0.20885334755942228, 'gamma': 4.388847629136353, 'num_boost_rounds': 195}. Best is trial 604 with value: 0.017291.
2025-01-02 17:46:51 INFO     Trial 985 pruned. Trial was pruned at iteration 0.
2025-01-02 17:46:51 INFO     Trial 986 pruned. Trial was pruned at iteration 9.
2025-01-02 17:46:52 INFO     Trial 987 pruned. Trial was pruned at iteration 9.
2025-01-02 17:46:53 INFO     Trial 988 finished with value: 0.017241 and parameters: {'max_delta_step': 76.9661898070812, 'colsample_bytree': 0.507838461517748, 'subsample': 0.9051169423911274, 'min_child_weight': 32.34980148282468, 'min_data_in_leaf': 16.012797691627362, 'lambda': 0.8502546875300394, 'alpha': 5.700154254764949, 'max_depth': 1, 'eta': 0.20405410036993366, 'gamma': 6.039734161514542, 'num_boost_rounds': 15}. Best is trial 604 with value: 0.017291.
2025-01-02 17:46:53 INFO     Trial 989 pruned. Trial was pruned at iteration 9.
2025-01-02 17:46:54 INFO     Trial 990 finished with value: 0.017241 and parameters: {'max_delta_step': 63.2148513217601, 'colsample_bytree': 0.5165022475371233, 'subsample': 0.8400889724033815, 'min_child_weight': 17.68028988712305, 'min_data_in_leaf': 16.374313603701385, 'lambda': 0.7055154973686326, 'alpha': 5.86600392454062, 'max_depth': 1, 'eta': 0.21274773233092586, 'gamma': 5.657431318477888, 'num_boost_rounds': 10}. Best is trial 604 with value: 0.017291.
2025-01-02 17:46:55 INFO     Trial 991 pruned. Trial was pruned at iteration 9.
2025-01-02 17:46:55 INFO     Trial 992 pruned. Trial was pruned at iteration 5.
2025-01-02 17:46:56 INFO     Trial 993 pruned. Trial was pruned at iteration 9.
2025-01-02 17:46:57 INFO     Trial 994 finished with value: 0.017241 and parameters: {'max_delta_step': 66.9000378544533, 'colsample_bytree': 0.5228899525112494, 'subsample': 0.864957201974343, 'min_child_weight': 27.828991448160043, 'min_data_in_leaf': 16.709693991017925, 'lambda': 0.6605654626263904, 'alpha': 4.989342120531345, 'max_depth': 1, 'eta': 0.21084962648775385, 'gamma': 5.973932851578208, 'num_boost_rounds': 15}. Best is trial 604 with value: 0.017291.
2025-01-02 17:46:57 INFO     Trial 995 pruned. Trial was pruned at iteration 9.
2025-01-02 17:46:58 INFO     Trial 996 pruned. Trial was pruned at iteration 6.
2025-01-02 17:46:59 INFO     Trial 997 pruned. Trial was pruned at iteration 9.
2025-01-02 17:47:00 INFO     Trial 998 pruned. Trial was pruned at iteration 9.
2025-01-02 17:47:03 INFO     Trial 999 pruned. Trial was pruned at iteration 9.
2025-01-02 22:07:00 INFO     A new study created in RDB with name: xgboost-starbucks-irr_with_v2-scaled_adjusted_parms12
2025-01-02 22:07:00 INFO     Trial 0 finished with value: 0.015768 and parameters: {'max_delta_step': 50.088328592124824, 'colsample_bytree': 0.8828487424260361, 'subsample': 0.9151571183586039, 'min_child_weight': 49.140979716234426, 'min_data_in_leaf': 22.904097448990886, 'lambda': 2.6976554040635325, 'alpha': 5.35097142751974, 'max_depth': 5, 'eta': 0.0059257271468329065, 'gamma': 5.235169864277789, 'num_boost_rounds': 60}. Best is trial 0 with value: 0.015768.
2025-01-02 22:07:01 INFO     Trial 1 finished with value: 0.013587 and parameters: {'max_delta_step': 29.00593459528484, 'colsample_bytree': 0.831101286310795, 'subsample': 0.7388367859984636, 'min_child_weight': 42.422410579768496, 'min_data_in_leaf': 13.739498778485014, 'lambda': 4.317949687766669, 'alpha': 9.979064449854699, 'max_depth': 2, 'eta': 0.2256864051657168, 'gamma': 3.1891446858909154, 'num_boost_rounds': 115}. Best is trial 0 with value: 0.015768.
2025-01-02 22:07:02 INFO     Trial 2 finished with value: 0.013946 and parameters: {'max_delta_step': 94.69148526881764, 'colsample_bytree': 0.6260241245733997, 'subsample': 0.6130554910331165, 'min_child_weight': 97.51891705374553, 'min_data_in_leaf': 14.003416248820745, 'lambda': 8.344962486004459, 'alpha': 8.795275366362153, 'max_depth': 3, 'eta': 0.12011481880288345, 'gamma': 5.111761472544182, 'num_boost_rounds': 15}. Best is trial 0 with value: 0.015768.
2025-01-02 22:07:03 INFO     Trial 3 finished with value: 0.013919 and parameters: {'max_delta_step': 20.815262292140638, 'colsample_bytree': 0.7247200799094324, 'subsample': 0.6228965346351162, 'min_child_weight': 53.99543587106698, 'min_data_in_leaf': 22.5672624022303, 'lambda': 2.7141921431130007, 'alpha': 7.986991575757586, 'max_depth': 2, 'eta': 0.28319588494917797, 'gamma': 1.4808326320291365, 'num_boost_rounds': 25}. Best is trial 0 with value: 0.015768.
2025-01-02 22:07:04 INFO     Trial 4 finished with value: 0.008416 and parameters: {'max_delta_step': 46.804349211805, 'colsample_bytree': 0.6776962705790321, 'subsample': 0.7612536585443, 'min_child_weight': 57.05137035509526, 'min_data_in_leaf': 15.139711347084807, 'lambda': 7.643513330490718, 'alpha': 5.044036457820192, 'max_depth': 1, 'eta': 0.16429778907560935, 'gamma': 0.04219103332146146, 'num_boost_rounds': 155}. Best is trial 0 with value: 0.015768.
2025-01-02 22:07:05 INFO     Trial 5 finished with value: 0.016203 and parameters: {'max_delta_step': 48.03097948611724, 'colsample_bytree': 0.8603251317775898, 'subsample': 0.819976149392513, 'min_child_weight': 69.09369181173169, 'min_data_in_leaf': 29.010924093617888, 'lambda': 0.44028859291023664, 'alpha': 6.4848542618071034, 'max_depth': 4, 'eta': 0.034696512660885616, 'gamma': 9.635747698501202, 'num_boost_rounds': 200}. Best is trial 5 with value: 0.016203.
2025-01-02 22:07:05 INFO     Trial 6 pruned. Trial was pruned at iteration 0.
2025-01-02 22:07:06 INFO     Trial 7 finished with value: 0.007818 and parameters: {'max_delta_step': 41.333286360717345, 'colsample_bytree': 0.6854586120775861, 'subsample': 0.9159543908160402, 'min_child_weight': 59.394093263089346, 'min_data_in_leaf': 12.88784284817002, 'lambda': 2.345004499229248, 'alpha': 1.876605531062652, 'max_depth': 1, 'eta': 0.26929514802729315, 'gamma': 9.263697440779632, 'num_boost_rounds': 105}. Best is trial 5 with value: 0.016203.
2025-01-02 22:07:06 INFO     Trial 8 pruned. Trial was pruned at iteration 0.
2025-01-02 22:07:07 INFO     Trial 9 finished with value: 0.016451 and parameters: {'max_delta_step': 37.97865857933455, 'colsample_bytree': 0.8046908305704235, 'subsample': 0.5449967862051628, 'min_child_weight': 60.498455592736185, 'min_data_in_leaf': 24.206870192953936, 'lambda': 3.3050742871076157, 'alpha': 0.17566928983676933, 'max_depth': 4, 'eta': 0.0648874331265193, 'gamma': 6.330450496176282, 'num_boost_rounds': 120}. Best is trial 9 with value: 0.016451.
2025-01-02 22:07:08 INFO     Trial 10 finished with value: 0.016217 and parameters: {'max_delta_step': 5.161830296243814, 'colsample_bytree': 0.9743742282449042, 'subsample': 0.5071724260821604, 'min_child_weight': 84.9214936757803, 'min_data_in_leaf': 25.04736609741255, 'lambda': 6.643469114366836, 'alpha': 0.292482196494813, 'max_depth': 4, 'eta': 0.057071659598947985, 'gamma': 7.325560665659356, 'num_boost_rounds': 180}. Best is trial 9 with value: 0.016451.
2025-01-02 22:07:08 INFO     Trial 11 finished with value: 0.015992 and parameters: {'max_delta_step': 1.6278364593010508, 'colsample_bytree': 0.9973339833193539, 'subsample': 0.5135280238097181, 'min_child_weight': 86.34339519559836, 'min_data_in_leaf': 25.110786324665447, 'lambda': 6.092770184272012, 'alpha': 0.24053119987307436, 'max_depth': 4, 'eta': 0.05183438351571309, 'gamma': 7.473374463003305, 'num_boost_rounds': 200}. Best is trial 9 with value: 0.016451.
2025-01-02 22:07:09 INFO     Trial 12 finished with value: 0.016055 and parameters: {'max_delta_step': 70.16885239924477, 'colsample_bytree': 0.9460910717565243, 'subsample': 0.5185213604880499, 'min_child_weight': 76.31820899622703, 'min_data_in_leaf': 19.466035321408516, 'lambda': 5.854615314710504, 'alpha': 0.28577313919919867, 'max_depth': 4, 'eta': 0.07492930053311354, 'gamma': 7.273165264257825, 'num_boost_rounds': 165}. Best is trial 9 with value: 0.016451.
2025-01-02 22:07:09 INFO     Trial 13 pruned. Trial was pruned at iteration 0.
2025-01-02 22:07:10 INFO     Trial 14 pruned. Trial was pruned at iteration 0.
2025-01-02 22:07:10 INFO     Trial 15 pruned. Trial was pruned at iteration 0.
2025-01-02 22:07:11 INFO     Trial 16 finished with value: 0.016246 and parameters: {'max_delta_step': 66.20002126974, 'colsample_bytree': 0.7913135458661149, 'subsample': 0.5123658292339607, 'min_child_weight': 67.2185482132629, 'min_data_in_leaf': 22.393888786190026, 'lambda': 4.328706765545398, 'alpha': 1.067037356658952, 'max_depth': 4, 'eta': 0.04912204664047666, 'gamma': 6.19370591220967, 'num_boost_rounds': 135}. Best is trial 9 with value: 0.016451.
2025-01-02 22:07:11 INFO     Trial 17 pruned. Trial was pruned at iteration 0.
2025-01-02 22:07:12 INFO     Trial 18 finished with value: 0.016353 and parameters: {'max_delta_step': 59.92811778072918, 'colsample_bytree': 0.817196323964378, 'subsample': 0.7004983950566375, 'min_child_weight': 38.959743195662575, 'min_data_in_leaf': 17.1490429814586, 'lambda': 1.6208378114188635, 'alpha': 3.2353723533059737, 'max_depth': 5, 'eta': 0.20343777947564684, 'gamma': 3.737943463947908, 'num_boost_rounds': 90}. Best is trial 9 with value: 0.016451.
2025-01-02 22:07:12 INFO     Trial 19 pruned. Trial was pruned at iteration 0.
2025-01-02 22:07:13 INFO     Trial 20 finished with value: 0.01518 and parameters: {'max_delta_step': 79.80934489234735, 'colsample_bytree': 0.7359286658146706, 'subsample': 0.7988481341302333, 'min_child_weight': 25.504270135884205, 'min_data_in_leaf': 10.031357167127874, 'lambda': 1.3167244072716864, 'alpha': 6.104292977195952, 'max_depth': 5, 'eta': 0.2435438829893983, 'gamma': 2.1929319886560705, 'num_boost_rounds': 95}. Best is trial 9 with value: 0.016451.
2025-01-02 22:07:13 INFO     Trial 21 pruned. Trial was pruned at iteration 0.
2025-01-02 22:07:14 INFO     Trial 22 pruned. Trial was pruned at iteration 6.
2025-01-02 22:07:14 INFO     Trial 23 finished with value: 0.016339 and parameters: {'max_delta_step': 78.84785115695878, 'colsample_bytree': 0.8332144073280242, 'subsample': 0.6119223877426478, 'min_child_weight': 1.8885172465981768, 'min_data_in_leaf': 23.278046953414012, 'lambda': 1.1127285105775662, 'alpha': 1.1163970219264727, 'max_depth': 5, 'eta': 0.1900899871573759, 'gamma': 6.289296439884639, 'num_boost_rounds': 140}. Best is trial 9 with value: 0.016451.
2025-01-02 22:07:15 INFO     Trial 24 finished with value: 0.016152 and parameters: {'max_delta_step': 82.71193978579817, 'colsample_bytree': 0.8443924542266192, 'subsample': 0.6214894504654536, 'min_child_weight': 6.544541525571191, 'min_data_in_leaf': 23.978321122152966, 'lambda': 0.9848221194900132, 'alpha': 4.130740915015428, 'max_depth': 5, 'eta': 0.18830516493634528, 'gamma': 4.432185198962246, 'num_boost_rounds': 105}. Best is trial 9 with value: 0.016451.
2025-01-02 22:07:15 INFO     Trial 25 pruned. Trial was pruned at iteration 0.
2025-01-02 22:07:16 INFO     Trial 26 finished with value: 0.015991 and parameters: {'max_delta_step': 76.5474193230865, 'colsample_bytree': 0.8214000261962031, 'subsample': 0.6485291496086348, 'min_child_weight': 2.6818951357889524, 'min_data_in_leaf': 20.762810414377327, 'lambda': 2.9397166302655267, 'alpha': 1.7699433793424464, 'max_depth': 5, 'eta': 0.20941996624000625, 'gamma': 4.489791952456837, 'num_boost_rounds': 145}. Best is trial 9 with value: 0.016451.
2025-01-02 22:07:16 INFO     Trial 27 pruned. Trial was pruned at iteration 0.
2025-01-02 22:07:17 INFO     Trial 28 pruned. Trial was pruned at iteration 0.
2025-01-02 22:07:17 INFO     Trial 29 finished with value: 0.016345 and parameters: {'max_delta_step': 52.83681667815651, 'colsample_bytree': 0.8996780542381639, 'subsample': 0.7766803851881277, 'min_child_weight': 50.27469675021954, 'min_data_in_leaf': 17.764426584277103, 'lambda': 3.0744801589574156, 'alpha': 1.1823025966155718, 'max_depth': 5, 'eta': 0.2994746798786082, 'gamma': 5.39773882407235, 'num_boost_rounds': 60}. Best is trial 9 with value: 0.016451.
2025-01-02 22:07:18 INFO     Trial 30 pruned. Trial was pruned at iteration 0.
2025-01-02 22:07:18 INFO     Trial 31 finished with value: 0.015738 and parameters: {'max_delta_step': 51.766123293359136, 'colsample_bytree': 0.8586573163332609, 'subsample': 0.791834170541332, 'min_child_weight': 60.88396143979824, 'min_data_in_leaf': 19.7643490009689, 'lambda': 2.3748143020383043, 'alpha': 0.8782700902344834, 'max_depth': 5, 'eta': 0.14199672460750612, 'gamma': 6.9135673829540085, 'num_boost_rounds': 65}. Best is trial 9 with value: 0.016451.
2025-01-02 22:07:19 INFO     Trial 32 finished with value: 0.016367 and parameters: {'max_delta_step': 44.318300214728275, 'colsample_bytree': 0.8142314789837847, 'subsample': 0.7723588605926164, 'min_child_weight': 43.71465339706283, 'min_data_in_leaf': 23.65234719525214, 'lambda': 1.0849157365570843, 'alpha': 0.025678626111028002, 'max_depth': 5, 'eta': 0.23196804972143958, 'gamma': 2.8721551211150635, 'num_boost_rounds': 105}. Best is trial 9 with value: 0.016451.
2025-01-02 22:07:20 INFO     Trial 33 finished with value: 0.014777 and parameters: {'max_delta_step': 33.86164467245333, 'colsample_bytree': 0.8121085925485226, 'subsample': 0.8651550008939883, 'min_child_weight': 43.392563646046305, 'min_data_in_leaf': 15.398273473694664, 'lambda': 4.804408300647753, 'alpha': 0.24508437079509912, 'max_depth': 5, 'eta': 0.25254681024507325, 'gamma': 2.614338146382497, 'num_boost_rounds': 100}. Best is trial 9 with value: 0.016451.
2025-01-02 22:07:20 INFO     Trial 34 finished with value: 0.01594 and parameters: {'max_delta_step': 43.393409367919276, 'colsample_bytree': 0.7574399442037131, 'subsample': 0.7675903680324669, 'min_child_weight': 52.564952985324666, 'min_data_in_leaf': 17.82695811463853, 'lambda': 2.33556487473017, 'alpha': 1.6987395104987955, 'max_depth': 5, 'eta': 0.217635908084007, 'gamma': 3.03723887807054, 'num_boost_rounds': 85}. Best is trial 9 with value: 0.016451.
2025-01-02 22:07:21 INFO     Trial 35 pruned. Trial was pruned at iteration 0.
2025-01-02 22:07:21 INFO     Trial 36 finished with value: 0.015807 and parameters: {'max_delta_step': 52.18266131016783, 'colsample_bytree': 0.9308305380778908, 'subsample': 0.868657279091549, 'min_child_weight': 36.53394912137091, 'min_data_in_leaf': 21.98222724619042, 'lambda': 2.86155604185614, 'alpha': 0.6687210493008462, 'max_depth': 5, 'eta': 0.2699721103332369, 'gamma': 4.736481797841732, 'num_boost_rounds': 115}. Best is trial 9 with value: 0.016451.
2025-01-02 22:07:22 INFO     Trial 37 pruned. Trial was pruned at iteration 0.
2025-01-02 22:07:22 INFO     Trial 38 pruned. Trial was pruned at iteration 0.
2025-01-02 22:07:22 INFO     Trial 39 pruned. Trial was pruned at iteration 1.
2025-01-02 22:07:23 INFO     Trial 40 pruned. Trial was pruned at iteration 0.
2025-01-02 22:07:23 INFO     Trial 41 pruned. Trial was pruned at iteration 0.
2025-01-02 22:07:24 INFO     Trial 42 pruned. Trial was pruned at iteration 0.
2025-01-02 22:07:24 INFO     Trial 43 pruned. Trial was pruned at iteration 1.
2025-01-02 22:07:24 INFO     Trial 44 pruned. Trial was pruned at iteration 1.
2025-01-02 22:07:25 INFO     Trial 45 pruned. Trial was pruned at iteration 0.
2025-01-02 22:07:25 INFO     Trial 46 pruned. Trial was pruned at iteration 1.
2025-01-02 22:07:26 INFO     Trial 47 pruned. Trial was pruned at iteration 0.
2025-01-02 22:07:26 INFO     Trial 48 pruned. Trial was pruned at iteration 0.
2025-01-02 22:07:26 INFO     Trial 49 pruned. Trial was pruned at iteration 0.
2025-01-02 22:07:27 INFO     Trial 50 pruned. Trial was pruned at iteration 1.
2025-01-02 22:07:27 INFO     Trial 51 pruned. Trial was pruned at iteration 0.
2025-01-02 22:07:28 INFO     Trial 52 pruned. Trial was pruned at iteration 0.
2025-01-02 22:07:28 INFO     Trial 53 pruned. Trial was pruned at iteration 0.
2025-01-02 22:07:28 INFO     Trial 54 pruned. Trial was pruned at iteration 0.
2025-01-02 22:07:29 INFO     Trial 55 pruned. Trial was pruned at iteration 0.
2025-01-02 22:07:29 INFO     Trial 56 pruned. Trial was pruned at iteration 0.
2025-01-02 22:07:29 INFO     Trial 57 pruned. Trial was pruned at iteration 0.
2025-01-02 22:07:30 INFO     Trial 58 pruned. Trial was pruned at iteration 0.
2025-01-02 22:07:30 INFO     Trial 59 pruned. Trial was pruned at iteration 0.
2025-01-02 22:07:31 INFO     Trial 60 finished with value: 0.015848 and parameters: {'max_delta_step': 33.85331446867935, 'colsample_bytree': 0.8955202025127417, 'subsample': 0.706159241364166, 'min_child_weight': 15.60950408674733, 'min_data_in_leaf': 14.545948042661372, 'lambda': 6.013576988439402, 'alpha': 0.44150587742617786, 'max_depth': 5, 'eta': 0.1442595180407033, 'gamma': 2.6788217031308106, 'num_boost_rounds': 65}. Best is trial 9 with value: 0.016451.
