2025-01-02 17:42:06 INFO     Trial 538 pruned. Trial was pruned at iteration 9.
2025-01-02 17:42:06 INFO     Trial 539 pruned. Trial was pruned at iteration 9.
2025-01-02 17:42:07 INFO     Trial 540 pruned. Trial was pruned at iteration 0.
2025-01-02 17:42:07 INFO     Trial 541 finished with value: 0.017241 and parameters: {'max_delta_step': 64.72866753558755, 'colsample_bytree': 0.5000971561600188, 'subsample': 0.8413831607103189, 'min_child_weight': 29.746708439467902, 'min_data_in_leaf': 15.167892876077719, 'lambda': 0.00587436966426344, 'alpha': 6.60067341958981, 'max_depth': 1, 'eta': 0.21066154771015494, 'gamma': 5.761920598963791, 'num_boost_rounds': 15}. Best is trial 402 with value: 0.017277.
2025-01-02 17:42:08 INFO     Trial 542 pruned. Trial was pruned at iteration 0.
2025-01-02 17:42:09 INFO     Trial 543 pruned. Trial was pruned at iteration 9.
2025-01-02 17:42:09 INFO     Trial 544 finished with value: 0.017241 and parameters: {'max_delta_step': 68.26158567259897, 'colsample_bytree': 0.52136047094987, 'subsample': 0.8230593513944908, 'min_child_weight': 20.688817180600182, 'min_data_in_leaf': 16.24405420025095, 'lambda': 0.8377530597960141, 'alpha': 5.65987437772821, 'max_depth': 1, 'eta': 0.21697452440616535, 'gamma': 5.518331080493079, 'num_boost_rounds': 15}. Best is trial 402 with value: 0.017277.
2025-01-02 17:42:10 INFO     Trial 545 finished with value: 0.017241 and parameters: {'max_delta_step': 70.4436379198409, 'colsample_bytree': 0.5092726397203639, 'subsample': 0.8539879892754335, 'min_child_weight': 23.62312273210342, 'min_data_in_leaf': 15.494663301351553, 'lambda': 1.061281081972291, 'alpha': 6.265682635909989, 'max_depth': 1, 'eta': 0.20870762449523111, 'gamma': 4.93667507806496, 'num_boost_rounds': 150}. Best is trial 402 with value: 0.017277.
2025-01-02 17:42:10 INFO     Trial 546 pruned. Trial was pruned at iteration 9.
2025-01-02 17:42:11 INFO     Trial 547 pruned. Trial was pruned at iteration 5.
2025-01-02 17:42:12 INFO     Trial 548 finished with value: 0.017241 and parameters: {'max_delta_step': 66.10846852786041, 'colsample_bytree': 0.5089881848231751, 'subsample': 0.9056047250274716, 'min_child_weight': 27.724879701638333, 'min_data_in_leaf': 15.857247156760714, 'lambda': 0.22088633204086536, 'alpha': 6.506979943128964, 'max_depth': 1, 'eta': 0.21437028353848922, 'gamma': 5.913460165391276, 'num_boost_rounds': 15}. Best is trial 402 with value: 0.017277.
2025-01-02 17:42:12 INFO     Trial 549 finished with value: 0.017241 and parameters: {'max_delta_step': 74.20799456021952, 'colsample_bytree': 0.5241922607495367, 'subsample': 0.8744423702336954, 'min_child_weight': 22.15055452114667, 'min_data_in_leaf': 16.42035303890938, 'lambda': 0.21156930812018512, 'alpha': 7.7550746701876445, 'max_depth': 1, 'eta': 0.20965502102408765, 'gamma': 5.353900059801698, 'num_boost_rounds': 10}. Best is trial 402 with value: 0.017277.
2025-01-02 17:42:13 INFO     Trial 550 pruned. Trial was pruned at iteration 9.
2025-01-02 17:42:14 INFO     Trial 551 pruned. Trial was pruned at iteration 9.
2025-01-02 17:42:14 INFO     Trial 552 pruned. Trial was pruned at iteration 9.
2025-01-02 17:42:15 INFO     Trial 553 finished with value: 0.017241 and parameters: {'max_delta_step': 19.307085791596926, 'colsample_bytree': 0.5000499619646566, 'subsample': 0.8571215955187026, 'min_child_weight': 19.67572735761068, 'min_data_in_leaf': 15.740786707164792, 'lambda': 0.3946238036202322, 'alpha': 5.169691751451835, 'max_depth': 1, 'eta': 0.21572390829020283, 'gamma': 5.838552315121505, 'num_boost_rounds': 15}. Best is trial 402 with value: 0.017277.
2025-01-02 17:42:16 INFO     Trial 554 pruned. Trial was pruned at iteration 9.
2025-01-02 17:42:16 INFO     Trial 555 finished with value: 0.017241 and parameters: {'max_delta_step': 69.41380299770577, 'colsample_bytree': 0.5098369360110296, 'subsample': 0.8389879702628797, 'min_child_weight': 12.913798812274603, 'min_data_in_leaf': 16.215176987433214, 'lambda': 4.851283700092477, 'alpha': 5.95016012928062, 'max_depth': 1, 'eta': 0.20691236769632393, 'gamma': 5.6282141695356405, 'num_boost_rounds': 10}. Best is trial 402 with value: 0.017277.
2025-01-02 17:42:17 INFO     Trial 556 pruned. Trial was pruned at iteration 9.
2025-01-02 17:42:18 INFO     Trial 557 finished with value: 0.017241 and parameters: {'max_delta_step': 66.3316717913586, 'colsample_bytree': 0.5190325092348538, 'subsample': 0.8504873212544258, 'min_child_weight': 15.837150750729512, 'min_data_in_leaf': 13.588147856363925, 'lambda': 0.8437687156287962, 'alpha': 5.788310543762402, 'max_depth': 1, 'eta': 0.20786204852718837, 'gamma': 5.32112538388669, 'num_boost_rounds': 15}. Best is trial 402 with value: 0.017277.
2025-01-02 17:42:18 INFO     Trial 558 finished with value: 0.017241 and parameters: {'max_delta_step': 70.88372405278814, 'colsample_bytree': 0.5006180477134913, 'subsample': 0.8147791297896699, 'min_child_weight': 23.57639257499167, 'min_data_in_leaf': 15.951503610759108, 'lambda': 0.1747848333316715, 'alpha': 6.0970316922799395, 'max_depth': 1, 'eta': 0.2140303153147501, 'gamma': 5.955468704813873, 'num_boost_rounds': 10}. Best is trial 402 with value: 0.017277.
2025-01-02 17:42:19 INFO     Trial 559 finished with value: 0.017241 and parameters: {'max_delta_step': 72.67335938035802, 'colsample_bytree': 0.5141334909531686, 'subsample': 0.8290322298158769, 'min_child_weight': 18.83005461837778, 'min_data_in_leaf': 15.558291437081408, 'lambda': 0.3071433448017927, 'alpha': 5.581225486465346, 'max_depth': 1, 'eta': 0.21703096197193364, 'gamma': 6.270335009825756, 'num_boost_rounds': 20}. Best is trial 402 with value: 0.017277.
2025-01-02 17:42:20 INFO     Trial 560 pruned. Trial was pruned at iteration 9.
2025-01-02 17:42:20 INFO     Trial 561 finished with value: 0.017241 and parameters: {'max_delta_step': 1.428697058627101, 'colsample_bytree': 0.5233590399635684, 'subsample': 0.8453256473888979, 'min_child_weight': 26.215457955166794, 'min_data_in_leaf': 17.35783266097604, 'lambda': 0.42542333969341445, 'alpha': 6.351300689880658, 'max_depth': 1, 'eta': 0.21033283681452122, 'gamma': 5.492727477242153, 'num_boost_rounds': 10}. Best is trial 402 with value: 0.017277.
2025-01-02 17:42:21 INFO     Trial 562 pruned. Trial was pruned at iteration 9.
2025-01-02 17:42:22 INFO     Trial 563 finished with value: 0.017241 and parameters: {'max_delta_step': 74.69613282914224, 'colsample_bytree': 0.5101421434274145, 'subsample': 0.8659630308715968, 'min_child_weight': 21.549310990161338, 'min_data_in_leaf': 15.250347267395403, 'lambda': 0.9539402990798909, 'alpha': 6.63554328601745, 'max_depth': 1, 'eta': 0.21419794471217957, 'gamma': 5.166855629334017, 'num_boost_rounds': 20}. Best is trial 402 with value: 0.017277.
2025-01-02 17:42:22 INFO     Trial 564 finished with value: 0.017241 and parameters: {'max_delta_step': 65.04500826666191, 'colsample_bytree': 0.521759626200061, 'subsample': 0.838004450559771, 'min_child_weight': 16.89518066906492, 'min_data_in_leaf': 14.698236151685819, 'lambda': 0.6718526409300607, 'alpha': 5.925418515877613, 'max_depth': 1, 'eta': 0.20865051278651744, 'gamma': 4.770559324024782, 'num_boost_rounds': 10}. Best is trial 402 with value: 0.017277.
2025-01-02 17:42:23 INFO     Trial 565 pruned. Trial was pruned at iteration 9.
2025-01-02 17:42:24 INFO     Trial 566 pruned. Trial was pruned at iteration 0.
2025-01-02 17:42:24 INFO     Trial 567 pruned. Trial was pruned at iteration 5.
2025-01-02 17:42:25 INFO     Trial 568 pruned. Trial was pruned at iteration 9.
2025-01-02 17:42:25 INFO     Trial 569 pruned. Trial was pruned at iteration 9.
2025-01-02 17:42:26 INFO     Trial 570 pruned. Trial was pruned at iteration 0.
2025-01-02 17:42:26 INFO     Trial 571 finished with value: 0.017241 and parameters: {'max_delta_step': 62.164585681054476, 'colsample_bytree': 0.5250009264604821, 'subsample': 0.8282468453422591, 'min_child_weight': 70.76027750249864, 'min_data_in_leaf': 15.042666190429973, 'lambda': 0.6703823420163084, 'alpha': 6.014612300567537, 'max_depth': 1, 'eta': 0.2148164717167953, 'gamma': 6.3258875275593995, 'num_boost_rounds': 10}. Best is trial 402 with value: 0.017277.
2025-01-02 17:42:27 INFO     Trial 572 pruned. Trial was pruned at iteration 9.
2025-01-02 17:42:28 INFO     Trial 573 pruned. Trial was pruned at iteration 0.
2025-01-02 17:42:28 INFO     Trial 574 pruned. Trial was pruned at iteration 9.
2025-01-02 17:42:29 INFO     Trial 575 pruned. Trial was pruned at iteration 5.
2025-01-02 17:42:29 INFO     Trial 576 pruned. Trial was pruned at iteration 5.
2025-01-02 17:42:30 INFO     Trial 577 pruned. Trial was pruned at iteration 0.
2025-01-02 17:42:31 INFO     Trial 578 pruned. Trial was pruned at iteration 9.
2025-01-02 17:42:31 INFO     Trial 579 pruned. Trial was pruned at iteration 5.
2025-01-02 17:42:32 INFO     Trial 580 pruned. Trial was pruned at iteration 9.
2025-01-02 17:42:32 INFO     Trial 581 pruned. Trial was pruned at iteration 0.
2025-01-02 17:42:33 INFO     Trial 582 pruned. Trial was pruned at iteration 9.
2025-01-02 17:42:34 INFO     Trial 583 finished with value: 0.017241 and parameters: {'max_delta_step': 71.33896174420023, 'colsample_bytree': 0.5002836243959946, 'subsample': 0.8393727270556246, 'min_child_weight': 18.81663467029282, 'min_data_in_leaf': 15.462889001510764, 'lambda': 0.47470346112384926, 'alpha': 5.959560713670619, 'max_depth': 1, 'eta': 0.21278945439685168, 'gamma': 5.398969465233444, 'num_boost_rounds': 20}. Best is trial 402 with value: 0.017277.
2025-01-02 17:42:34 INFO     Trial 584 pruned. Trial was pruned at iteration 9.
2025-01-02 17:42:35 INFO     Trial 585 pruned. Trial was pruned at iteration 9.
2025-01-02 17:42:36 INFO     Trial 586 finished with value: 0.017241 and parameters: {'max_delta_step': 67.90178570287105, 'colsample_bytree': 0.5249461700720394, 'subsample': 0.8595235664728559, 'min_child_weight': 22.098955607412744, 'min_data_in_leaf': 16.241887018051084, 'lambda': 0.15268935725692395, 'alpha': 6.233529093712256, 'max_depth': 1, 'eta': 0.20813405613040206, 'gamma': 9.737137747951767, 'num_boost_rounds': 20}. Best is trial 402 with value: 0.017277.
2025-01-02 17:42:36 INFO     Trial 587 pruned. Trial was pruned at iteration 5.
2025-01-02 17:42:37 INFO     Trial 588 pruned. Trial was pruned at iteration 9.
2025-01-02 17:42:37 INFO     Trial 589 pruned. Trial was pruned at iteration 0.
2025-01-02 17:42:38 INFO     Trial 590 finished with value: 0.017241 and parameters: {'max_delta_step': 69.86972920386332, 'colsample_bytree': 0.5000773308043134, 'subsample': 0.8799579204871076, 'min_child_weight': 23.486692288312852, 'min_data_in_leaf': 15.29469794893716, 'lambda': 6.404876300580152, 'alpha': 5.363726197987331, 'max_depth': 1, 'eta': 0.21272856424495626, 'gamma': 5.93536728840749, 'num_boost_rounds': 25}. Best is trial 402 with value: 0.017277.
2025-01-02 17:42:38 INFO     Trial 591 pruned. Trial was pruned at iteration 6.
2025-01-02 17:42:39 INFO     Trial 592 pruned. Trial was pruned at iteration 9.
2025-01-02 17:42:40 INFO     Trial 593 pruned. Trial was pruned at iteration 9.
2025-01-02 17:42:40 INFO     Trial 594 finished with value: 0.017241 and parameters: {'max_delta_step': 70.93507818590052, 'colsample_bytree': 0.508285395801869, 'subsample': 0.8451710261113322, 'min_child_weight': 21.455465077884956, 'min_data_in_leaf': 16.45733862304974, 'lambda': 0.578471209740441, 'alpha': 6.73482024233232, 'max_depth': 1, 'eta': 0.21053887243028574, 'gamma': 5.629166593883824, 'num_boost_rounds': 15}. Best is trial 402 with value: 0.017277.
2025-01-02 17:42:41 INFO     Trial 595 pruned. Trial was pruned at iteration 5.
2025-01-02 17:42:41 INFO     Trial 596 pruned. Trial was pruned at iteration 5.
2025-01-02 17:42:42 INFO     Trial 597 finished with value: 0.017241 and parameters: {'max_delta_step': 60.648621608388844, 'colsample_bytree': 0.526690098335965, 'subsample': 0.8855339220775053, 'min_child_weight': 28.366027829672014, 'min_data_in_leaf': 16.004553522933428, 'lambda': 0.45758047764945503, 'alpha': 5.8999174263418475, 'max_depth': 1, 'eta': 0.21695321809338766, 'gamma': 6.055418088449724, 'num_boost_rounds': 20}. Best is trial 402 with value: 0.017277.
2025-01-02 17:42:43 INFO     Trial 598 pruned. Trial was pruned at iteration 9.
2025-01-02 17:42:44 INFO     Trial 599 finished with value: 0.017241 and parameters: {'max_delta_step': 66.28627216592537, 'colsample_bytree': 0.5188300487356591, 'subsample': 0.900309306894948, 'min_child_weight': 66.88298731525097, 'min_data_in_leaf': 16.35884149270955, 'lambda': 0.1732083074025565, 'alpha': 6.333274724811954, 'max_depth': 1, 'eta': 0.21361145736219095, 'gamma': 6.583208909559854, 'num_boost_rounds': 10}. Best is trial 402 with value: 0.017277.
2025-01-02 17:42:44 INFO     Trial 600 pruned. Trial was pruned at iteration 9.
2025-01-02 17:42:45 INFO     Trial 601 pruned. Trial was pruned at iteration 9.
2025-01-02 17:42:45 INFO     Trial 602 pruned. Trial was pruned at iteration 5.
2025-01-02 17:42:46 INFO     Trial 603 finished with value: 0.017241 and parameters: {'max_delta_step': 73.801249297715, 'colsample_bytree': 0.5248633548861054, 'subsample': 0.8368835544745872, 'min_child_weight': 14.810646385912001, 'min_data_in_leaf': 15.018156940140623, 'lambda': 0.49476578413557726, 'alpha': 6.019414125950877, 'max_depth': 1, 'eta': 0.20935583919346049, 'gamma': 5.8714843723445815, 'num_boost_rounds': 10}. Best is trial 402 with value: 0.017277.
2025-01-02 17:42:47 INFO     Trial 604 finished with value: 0.017291 and parameters: {'max_delta_step': 65.10272855252552, 'colsample_bytree': 0.5154633428088123, 'subsample': 0.8538542117803398, 'min_child_weight': 26.662512170425384, 'min_data_in_leaf': 16.391077613611102, 'lambda': 0.17213346464890916, 'alpha': 5.008848223089101, 'max_depth': 1, 'eta': 0.21761768508023974, 'gamma': 4.971518504764621, 'num_boost_rounds': 145}. Best is trial 604 with value: 0.017291.
2025-01-02 17:42:47 INFO     Trial 605 pruned. Trial was pruned at iteration 9.
2025-01-02 17:42:48 INFO     Trial 606 pruned. Trial was pruned at iteration 9.
2025-01-02 17:42:49 INFO     Trial 607 finished with value: 0.017241 and parameters: {'max_delta_step': 69.30582785444051, 'colsample_bytree': 0.5266708610614921, 'subsample': 0.8315971762160214, 'min_child_weight': 26.319630598780723, 'min_data_in_leaf': 11.38173271581989, 'lambda': 0.6171098504114748, 'alpha': 5.40055972671916, 'max_depth': 1, 'eta': 0.20674298600190633, 'gamma': 4.888708097255738, 'num_boost_rounds': 145}. Best is trial 604 with value: 0.017291.
2025-01-02 17:42:49 INFO     Trial 608 pruned. Trial was pruned at iteration 5.
2025-01-02 17:42:50 INFO     Trial 609 pruned. Trial was pruned at iteration 9.
2025-01-02 17:42:51 INFO     Trial 610 finished with value: 0.017241 and parameters: {'max_delta_step': 67.67343581173243, 'colsample_bytree': 0.5004542657304226, 'subsample': 0.9110343123371406, 'min_child_weight': 20.369795939074827, 'min_data_in_leaf': 15.355167046000629, 'lambda': 0.5049442769754413, 'alpha': 4.96820803423254, 'max_depth': 1, 'eta': 0.212329630865371, 'gamma': 6.42370141069207, 'num_boost_rounds': 125}. Best is trial 604 with value: 0.017291.
2025-01-02 17:42:51 INFO     Trial 611 pruned. Trial was pruned at iteration 0.
2025-01-02 17:42:52 INFO     Trial 612 pruned. Trial was pruned at iteration 9.
2025-01-02 17:42:52 INFO     Trial 613 pruned. Trial was pruned at iteration 9.
2025-01-02 17:42:53 INFO     Trial 614 pruned. Trial was pruned at iteration 9.
2025-01-02 17:42:53 INFO     Trial 615 pruned. Trial was pruned at iteration 0.
2025-01-02 17:42:54 INFO     Trial 616 pruned. Trial was pruned at iteration 0.
2025-01-02 17:42:55 INFO     Trial 617 pruned. Trial was pruned at iteration 9.
2025-01-02 17:42:55 INFO     Trial 618 pruned. Trial was pruned at iteration 9.
2025-01-02 17:42:56 INFO     Trial 619 finished with value: 0.017241 and parameters: {'max_delta_step': 75.33904870244676, 'colsample_bytree': 0.5231708415693465, 'subsample': 0.8609073929071961, 'min_child_weight': 24.00479082435683, 'min_data_in_leaf': 15.791353206097389, 'lambda': 0.7866202278396962, 'alpha': 5.760945318161587, 'max_depth': 1, 'eta': 0.20125548252029613, 'gamma': 6.616065713343128, 'num_boost_rounds': 20}. Best is trial 604 with value: 0.017291.
2025-01-02 17:42:56 INFO     Trial 620 finished with value: 0.017241 and parameters: {'max_delta_step': 67.25688471437027, 'colsample_bytree': 0.5151213268518979, 'subsample': 0.8383471601514418, 'min_child_weight': 27.411661583766392, 'min_data_in_leaf': 16.830660831039072, 'lambda': 0.3779051467724347, 'alpha': 5.553565696246478, 'max_depth': 1, 'eta': 0.21463329224136676, 'gamma': 5.695848086301094, 'num_boost_rounds': 15}. Best is trial 604 with value: 0.017291.
2025-01-02 17:42:57 INFO     Trial 621 pruned. Trial was pruned at iteration 9.
2025-01-02 17:42:58 INFO     Trial 622 pruned. Trial was pruned at iteration 5.
2025-01-02 17:42:58 INFO     Trial 623 pruned. Trial was pruned at iteration 9.
2025-01-02 17:42:59 INFO     Trial 624 finished with value: 0.017241 and parameters: {'max_delta_step': 62.680742789377476, 'colsample_bytree': 0.5229515865760753, 'subsample': 0.8613057938478753, 'min_child_weight': 19.709832703061384, 'min_data_in_leaf': 14.714718524402123, 'lambda': 0.45598775903706046, 'alpha': 5.370835241759089, 'max_depth': 1, 'eta': 0.21747886344569192, 'gamma': 5.5025029195699116, 'num_boost_rounds': 120}. Best is trial 604 with value: 0.017291.
2025-01-02 17:43:00 INFO     Trial 625 finished with value: 0.017241 and parameters: {'max_delta_step': 74.74456172321699, 'colsample_bytree': 0.5100494867155783, 'subsample': 0.8303660233863501, 'min_child_weight': 22.812578360953246, 'min_data_in_leaf': 14.182936163230659, 'lambda': 0.854642361411504, 'alpha': 4.882667975857616, 'max_depth': 1, 'eta': 0.2121319671214641, 'gamma': 5.811562909101585, 'num_boost_rounds': 15}. Best is trial 604 with value: 0.017291.
2025-01-02 17:43:00 INFO     Trial 626 pruned. Trial was pruned at iteration 9.
2025-01-02 17:43:01 INFO     Trial 627 finished with value: 0.017241 and parameters: {'max_delta_step': 67.4835248413156, 'colsample_bytree': 0.5081257073642489, 'subsample': 0.8443475501600556, 'min_child_weight': 26.481368445082634, 'min_data_in_leaf': 16.59173001117062, 'lambda': 1.11696101421247, 'alpha': 5.921300902236167, 'max_depth': 1, 'eta': 0.20290363848725576, 'gamma': 5.69408880243808, 'num_boost_rounds': 20}. Best is trial 604 with value: 0.017291.
2025-01-02 17:43:02 INFO     Trial 628 pruned. Trial was pruned at iteration 0.
2025-01-02 17:43:02 INFO     Trial 629 pruned. Trial was pruned at iteration 0.
2025-01-02 17:43:03 INFO     Trial 630 pruned. Trial was pruned at iteration 9.
2025-01-02 17:43:03 INFO     Trial 631 pruned. Trial was pruned at iteration 0.
2025-01-02 17:43:04 INFO     Trial 632 pruned. Trial was pruned at iteration 9.
2025-01-02 17:43:04 INFO     Trial 633 pruned. Trial was pruned at iteration 9.
2025-01-02 17:43:05 INFO     Trial 634 finished with value: 0.017241 and parameters: {'max_delta_step': 75.37410759073592, 'colsample_bytree': 0.5086456508416118, 'subsample': 0.8637810680351823, 'min_child_weight': 18.279392131152363, 'min_data_in_leaf': 15.84407265513153, 'lambda': 0.011133340136933373, 'alpha': 6.530090368371462, 'max_depth': 1, 'eta': 0.2076509071820301, 'gamma': 6.117554903830094, 'num_boost_rounds': 185}. Best is trial 604 with value: 0.017291.
2025-01-02 17:43:06 INFO     Trial 635 pruned. Trial was pruned at iteration 9.
2025-01-02 17:43:06 INFO     Trial 636 finished with value: 0.017241 and parameters: {'max_delta_step': 69.298881883757, 'colsample_bytree': 0.5255453356563796, 'subsample': 0.856013272582114, 'min_child_weight': 22.46498882563307, 'min_data_in_leaf': 16.424354123827502, 'lambda': 6.930429093753105, 'alpha': 6.322964770582105, 'max_depth': 1, 'eta': 0.2153616889272305, 'gamma': 6.5160886806337945, 'num_boost_rounds': 15}. Best is trial 604 with value: 0.017291.
2025-01-02 17:43:07 INFO     Trial 637 finished with value: 0.017241 and parameters: {'max_delta_step': 73.22853338616473, 'colsample_bytree': 0.516861554153159, 'subsample': 0.8736993829981246, 'min_child_weight': 24.4003865831568, 'min_data_in_leaf': 16.951116120113603, 'lambda': 0.17509040737182008, 'alpha': 5.672360430363124, 'max_depth': 1, 'eta': 0.20030484801549672, 'gamma': 5.753867396662325, 'num_boost_rounds': 20}. Best is trial 604 with value: 0.017291.
2025-01-02 17:43:08 INFO     Trial 638 pruned. Trial was pruned at iteration 9.
2025-01-02 17:43:09 INFO     Trial 639 finished with value: 0.017241 and parameters: {'max_delta_step': 67.07581332868439, 'colsample_bytree': 0.5007633298592958, 'subsample': 0.8880120120411829, 'min_child_weight': 16.72379821827445, 'min_data_in_leaf': 16.261423252912813, 'lambda': 0.6486835208094228, 'alpha': 5.395220009641205, 'max_depth': 1, 'eta': 0.21340668851566105, 'gamma': 4.614385145588106, 'num_boost_rounds': 15}. Best is trial 604 with value: 0.017291.
2025-01-02 17:43:09 INFO     Trial 640 finished with value: 0.017241 and parameters: {'max_delta_step': 71.28386191160612, 'colsample_bytree': 0.5262879648312077, 'subsample': 0.8397708197972729, 'min_child_weight': 21.374686333540264, 'min_data_in_leaf': 15.6012520125212, 'lambda': 4.573225670065327, 'alpha': 4.837599381325634, 'max_depth': 1, 'eta': 0.20906771379258832, 'gamma': 9.028781680852884, 'num_boost_rounds': 200}. Best is trial 604 with value: 0.017291.
2025-01-02 17:43:10 INFO     Trial 641 pruned. Trial was pruned at iteration 9.
