2025-01-02 13:14:31 INFO     Trial 659 finished with value: 0.017088 and parameters: {'max_delta_step': 17.75701515847805, 'colsample_bytree': 0.5585499298536464, 'colsample_bynode': 0.4349973060780411, 'subsample': 0.8501185569738949, 'min_child_weight': 57.75536520169265, 'min_data_in_leaf': 20.266431796631476, 'lambda': 3.189600821119205, 'alpha': 8.100473953519458, 'max_depth': 1, 'eta': 0.196427843795875, 'gamma': 8.463387836811608, 'num_boost_rounds': 170}. Best is trial 186 with value: 0.017241.
2025-01-02 13:14:31 INFO     Trial 660 pruned. Trial was pruned at iteration 0.
2025-01-02 13:14:32 INFO     n_estimators: 10
2025-01-02 13:14:32 INFO     Trial 661 finished with value: 0.017088 and parameters: {'max_delta_step': 21.757612097164383, 'colsample_bytree': 0.5096608579016881, 'colsample_bynode': 0.4472451247184826, 'subsample': 0.8864579414625435, 'min_child_weight': 87.2169980883185, 'min_data_in_leaf': 19.538435913433997, 'lambda': 3.417926568920585, 'alpha': 7.159604626465098, 'max_depth': 1, 'eta': 0.19341956804050117, 'gamma': 7.22015969185083, 'num_boost_rounds': 180}. Best is trial 186 with value: 0.017241.
2025-01-02 13:14:33 INFO     Trial 662 pruned. Trial was pruned at iteration 5.
2025-01-02 13:14:33 INFO     n_estimators: 10
2025-01-02 13:14:33 INFO     Trial 663 finished with value: 0.017143 and parameters: {'max_delta_step': 19.363890489937603, 'colsample_bytree': 0.5489657572822353, 'colsample_bynode': 0.4659224403182642, 'subsample': 0.8759026413589888, 'min_child_weight': 84.69990534969332, 'min_data_in_leaf': 18.767526928016697, 'lambda': 5.131649655836581, 'alpha': 6.9668867477880205, 'max_depth': 1, 'eta': 0.18935629357545242, 'gamma': 8.669561557913509, 'num_boost_rounds': 130}. Best is trial 186 with value: 0.017241.
2025-01-02 13:14:34 INFO     n_estimators: 10
2025-01-02 13:14:34 INFO     Trial 664 finished with value: 0.017241 and parameters: {'max_delta_step': 25.09524372233281, 'colsample_bytree': 0.5235388716585129, 'colsample_bynode': 0.3837328901227277, 'subsample': 0.8897849871985245, 'min_child_weight': 80.30397461529877, 'min_data_in_leaf': 19.07401979943591, 'lambda': 3.006947479504049, 'alpha': 9.065389586440537, 'max_depth': 1, 'eta': 0.19999335462197115, 'gamma': 8.857526571814354, 'num_boost_rounds': 175}. Best is trial 186 with value: 0.017241.
2025-01-02 13:14:35 INFO     n_estimators: 10
2025-01-02 13:14:35 INFO     Trial 665 finished with value: 0.017088 and parameters: {'max_delta_step': 17.68465092483968, 'colsample_bytree': 0.5392276671285174, 'colsample_bynode': 0.4241691591080114, 'subsample': 0.9261373040796618, 'min_child_weight': 88.12559909237471, 'min_data_in_leaf': 20.64796142098883, 'lambda': 3.253575171566227, 'alpha': 7.628887218952703, 'max_depth': 1, 'eta': 0.1960886265214307, 'gamma': 8.40212581238151, 'num_boost_rounds': 200}. Best is trial 186 with value: 0.017241.
2025-01-02 13:14:35 INFO     n_estimators: 10
2025-01-02 13:14:35 INFO     Trial 666 finished with value: 0.017143 and parameters: {'max_delta_step': 20.529685895677403, 'colsample_bytree': 0.5645386456854172, 'colsample_bynode': 0.48429824300632385, 'subsample': 0.8645014162284252, 'min_child_weight': 92.70581647919511, 'min_data_in_leaf': 18.177699892020787, 'lambda': 2.494816256959216, 'alpha': 7.330834965153021, 'max_depth': 1, 'eta': 0.19333731677178442, 'gamma': 8.055928243120661, 'num_boost_rounds': 65}. Best is trial 186 with value: 0.017241.
2025-01-02 13:14:36 INFO     n_estimators: 10
2025-01-02 13:14:36 INFO     Trial 667 finished with value: 0.017143 and parameters: {'max_delta_step': 14.121569126791087, 'colsample_bytree': 0.5288313440250244, 'colsample_bynode': 0.4050185600804979, 'subsample': 0.876239351331096, 'min_child_weight': 82.46479574121392, 'min_data_in_leaf': 19.90373450223061, 'lambda': 2.82152150467782, 'alpha': 7.9290159673385405, 'max_depth': 1, 'eta': 0.1956920591372293, 'gamma': 8.541973083698661, 'num_boost_rounds': 185}. Best is trial 186 with value: 0.017241.
2025-01-02 13:14:37 INFO     n_estimators: 10
2025-01-02 13:14:37 INFO     Trial 668 finished with value: 0.017088 and parameters: {'max_delta_step': 18.731327562651007, 'colsample_bytree': 0.5505723637405604, 'colsample_bynode': 0.43785510299609653, 'subsample': 0.8854265120573873, 'min_child_weight': 96.84999885241355, 'min_data_in_leaf': 19.455087975268796, 'lambda': 3.5074576844054057, 'alpha': 7.438573708852921, 'max_depth': 1, 'eta': 0.19112248610448862, 'gamma': 2.405622537994355, 'num_boost_rounds': 190}. Best is trial 186 with value: 0.017241.
2025-01-02 13:14:37 INFO     Trial 669 pruned. Trial was pruned at iteration 5.
2025-01-02 13:14:38 INFO     n_estimators: 10
2025-01-02 13:14:38 INFO     Trial 670 finished with value: 0.017241 and parameters: {'max_delta_step': 21.723776031589395, 'colsample_bytree': 0.540448920458081, 'colsample_bynode': 0.4211652393903394, 'subsample': 0.8965939549085212, 'min_child_weight': 85.93982200181797, 'min_data_in_leaf': 21.88868697661689, 'lambda': 3.9430427483890793, 'alpha': 9.99082981997654, 'max_depth': 1, 'eta': 0.19999139577491412, 'gamma': 8.212972849790644, 'num_boost_rounds': 150}. Best is trial 186 with value: 0.017241.
2025-01-02 13:14:38 INFO     n_estimators: 10
2025-01-02 13:14:38 INFO     Trial 671 finished with value: 0.017208 and parameters: {'max_delta_step': 12.284131218457013, 'colsample_bytree': 0.5181495852533687, 'colsample_bynode': 0.39191675815096166, 'subsample': 0.8395787874842402, 'min_child_weight': 90.525086884369, 'min_data_in_leaf': 20.32574765343453, 'lambda': 3.250732066462033, 'alpha': 6.782597550596651, 'max_depth': 1, 'eta': 0.19999998502602725, 'gamma': 8.764992558921026, 'num_boost_rounds': 190}. Best is trial 186 with value: 0.017241.
2025-01-02 13:14:39 INFO     n_estimators: 10
2025-01-02 13:14:39 INFO     Trial 672 finished with value: 0.017088 and parameters: {'max_delta_step': 19.426545805584027, 'colsample_bytree': 0.5326286009490857, 'colsample_bynode': 0.43530722643816205, 'subsample': 0.9148541770540486, 'min_child_weight': 84.25514441264794, 'min_data_in_leaf': 21.171869586607254, 'lambda': 2.938451272486864, 'alpha': 7.809093393867732, 'max_depth': 1, 'eta': 0.18812271098648423, 'gamma': 8.445024994538482, 'num_boost_rounds': 180}. Best is trial 186 with value: 0.017241.
2025-01-02 13:14:40 INFO     Trial 673 pruned. Trial was pruned at iteration 5.
2025-01-02 13:14:40 INFO     Trial 674 pruned. Trial was pruned at iteration 5.
2025-01-02 13:14:41 INFO     n_estimators: 10
2025-01-02 13:14:41 INFO     Trial 675 finished with value: 0.017088 and parameters: {'max_delta_step': 27.46229380887957, 'colsample_bytree': 0.5287150621814527, 'colsample_bynode': 0.4122844765349682, 'subsample': 0.9042090867440495, 'min_child_weight': 86.76439248643356, 'min_data_in_leaf': 19.535937418474436, 'lambda': 2.599479970710752, 'alpha': 7.364647000758076, 'max_depth': 1, 'eta': 0.19673973519955124, 'gamma': 3.8167991370590286, 'num_boost_rounds': 185}. Best is trial 186 with value: 0.017241.
2025-01-02 13:14:42 INFO     n_estimators: 10
2025-01-02 13:14:42 INFO     Trial 676 finished with value: 0.017143 and parameters: {'max_delta_step': 17.244120365633588, 'colsample_bytree': 0.5131468721550767, 'colsample_bynode': 0.44816226654513525, 'subsample': 0.8607256795168049, 'min_child_weight': 92.40640213553928, 'min_data_in_leaf': 22.239507855349945, 'lambda': 4.7654371688586705, 'alpha': 7.1015479940066735, 'max_depth': 1, 'eta': 0.19050436941622237, 'gamma': 8.34675423743109, 'num_boost_rounds': 175}. Best is trial 186 with value: 0.017241.
2025-01-02 13:14:42 INFO     Trial 677 pruned. Trial was pruned at iteration 5.
2025-01-02 13:14:43 INFO     Trial 678 pruned. Trial was pruned at iteration 5.
2025-01-02 13:14:43 INFO     Trial 679 pruned. Trial was pruned at iteration 5.
2025-01-02 13:14:44 INFO     n_estimators: 10
2025-01-02 13:14:44 INFO     Trial 680 finished with value: 0.017143 and parameters: {'max_delta_step': 15.257731005944521, 'colsample_bytree': 0.5384118394310056, 'colsample_bynode': 0.3451179445069605, 'subsample': 0.8492010792216969, 'min_child_weight': 89.58619813451577, 'min_data_in_leaf': 20.721956330087757, 'lambda': 3.0903440702388263, 'alpha': 7.613264989773392, 'max_depth': 1, 'eta': 0.19606724949614804, 'gamma': 8.127706628256444, 'num_boost_rounds': 190}. Best is trial 186 with value: 0.017241.
2025-01-02 13:14:45 INFO     n_estimators: 10
2025-01-02 13:14:45 INFO     Trial 681 finished with value: 0.017143 and parameters: {'max_delta_step': 20.17143786490047, 'colsample_bytree': 0.5692538501453694, 'colsample_bynode': 0.39983917284172105, 'subsample': 0.8667206217851862, 'min_child_weight': 85.80153376829382, 'min_data_in_leaf': 19.244773267737084, 'lambda': 2.8070290504021465, 'alpha': 9.466806718036123, 'max_depth': 1, 'eta': 0.18704811260934787, 'gamma': 7.415151634894834, 'num_boost_rounds': 195}. Best is trial 186 with value: 0.017241.
2025-01-02 13:14:45 INFO     n_estimators: 10
2025-01-02 13:14:45 INFO     Trial 682 finished with value: 0.017241 and parameters: {'max_delta_step': 17.379175592731855, 'colsample_bytree': 0.5026462931912667, 'colsample_bynode': 0.42751581464576144, 'subsample': 0.8923559553939046, 'min_child_weight': 79.23333792476419, 'min_data_in_leaf': 21.53177856673704, 'lambda': 3.293852524837733, 'alpha': 7.201824689979858, 'max_depth': 1, 'eta': 0.19995179182006678, 'gamma': 8.344229377977818, 'num_boost_rounds': 160}. Best is trial 186 with value: 0.017241.
2025-01-02 13:14:46 INFO     Trial 683 pruned. Trial was pruned at iteration 0.
2025-01-02 13:14:46 INFO     Trial 684 pruned. Trial was pruned at iteration 5.
2025-01-02 13:14:47 INFO     n_estimators: 10
2025-01-02 13:14:47 INFO     Trial 685 finished with value: 0.017241 and parameters: {'max_delta_step': 25.766245958820374, 'colsample_bytree': 0.5458108576718885, 'colsample_bynode': 0.438068287104176, 'subsample': 0.8742345918324822, 'min_child_weight': 98.11257400419666, 'min_data_in_leaf': 18.949514634491614, 'lambda': 3.5459164636428424, 'alpha': 6.859911479281861, 'max_depth': 1, 'eta': 0.19993935074783104, 'gamma': 4.187996569054572, 'num_boost_rounds': 180}. Best is trial 186 with value: 0.017241.
2025-01-02 13:14:48 INFO     n_estimators: 10
2025-01-02 13:14:48 INFO     Trial 686 finished with value: 0.017143 and parameters: {'max_delta_step': 18.969897333588108, 'colsample_bytree': 0.5602885978369152, 'colsample_bynode': 0.3635079681683255, 'subsample': 0.8571683652649286, 'min_child_weight': 73.46568228641623, 'min_data_in_leaf': 19.59734748569391, 'lambda': 2.818321678620689, 'alpha': 7.216407659354889, 'max_depth': 1, 'eta': 0.1912292080848981, 'gamma': 9.125522424466649, 'num_boost_rounds': 185}. Best is trial 186 with value: 0.017241.
2025-01-02 13:14:48 INFO     Trial 687 pruned. Trial was pruned at iteration 0.
2025-01-02 13:14:49 INFO     Trial 688 pruned. Trial was pruned at iteration 0.
2025-01-02 13:14:49 INFO     n_estimators: 10
2025-01-02 13:14:49 INFO     Trial 689 finished with value: 0.017088 and parameters: {'max_delta_step': 13.19457665644283, 'colsample_bytree': 0.5192665275845381, 'colsample_bynode': 0.396656119248938, 'subsample': 0.8958994804255849, 'min_child_weight': 93.43339251063182, 'min_data_in_leaf': 16.974793719943552, 'lambda': 3.3637475016037026, 'alpha': 7.8393250740752976, 'max_depth': 1, 'eta': 0.19326009495889937, 'gamma': 7.9934071022112745, 'num_boost_rounds': 200}. Best is trial 186 with value: 0.017241.
2025-01-02 13:14:50 INFO     n_estimators: 10
2025-01-02 13:14:50 INFO     Trial 690 finished with value: 0.017088 and parameters: {'max_delta_step': 23.24721529360856, 'colsample_bytree': 0.5464998266937516, 'colsample_bynode': 0.4261624146761849, 'subsample': 0.8017611522479342, 'min_child_weight': 65.33077302678849, 'min_data_in_leaf': 20.454222123525927, 'lambda': 2.4332418025733853, 'alpha': 7.611365231642223, 'max_depth': 1, 'eta': 0.1828254021274343, 'gamma': 8.593890717144948, 'num_boost_rounds': 170}. Best is trial 186 with value: 0.017241.
2025-01-02 13:14:51 INFO     Trial 691 pruned. Trial was pruned at iteration 5.
2025-01-02 13:14:51 INFO     n_estimators: 10
2025-01-02 13:14:51 INFO     Trial 692 finished with value: 0.017143 and parameters: {'max_delta_step': 15.972635755393288, 'colsample_bytree': 0.5287636982154266, 'colsample_bynode': 0.3808558168959654, 'subsample': 0.8672410524871812, 'min_child_weight': 87.86935407430863, 'min_data_in_leaf': 24.113165232488072, 'lambda': 3.7525530727303273, 'alpha': 6.618191858362284, 'max_depth': 1, 'eta': 0.1897955580734206, 'gamma': 8.748481358394413, 'num_boost_rounds': 190}. Best is trial 186 with value: 0.017241.
2025-01-02 13:14:52 INFO     Trial 693 pruned. Trial was pruned at iteration 5.
2025-01-02 13:14:53 INFO     n_estimators: 10
2025-01-02 13:14:53 INFO     Trial 694 finished with value: 0.017143 and parameters: {'max_delta_step': 18.410235589033274, 'colsample_bytree': 0.5541916033937778, 'colsample_bynode': 0.4074118652593073, 'subsample': 0.8739786322411488, 'min_child_weight': 85.86120588322547, 'min_data_in_leaf': 22.945082599100544, 'lambda': 2.938841565929613, 'alpha': 7.329200761097425, 'max_depth': 1, 'eta': 0.19658819534243815, 'gamma': 8.311872263524524, 'num_boost_rounds': 180}. Best is trial 186 with value: 0.017241.
2025-01-02 13:14:53 INFO     n_estimators: 10
2025-01-02 13:14:53 INFO     Trial 695 finished with value: 0.01711 and parameters: {'max_delta_step': 22.21963930472206, 'colsample_bytree': 0.5363019890944981, 'colsample_bynode': 0.4775145019423464, 'subsample': 0.8441372909045561, 'min_child_weight': 96.27961327967796, 'min_data_in_leaf': 17.63711872840591, 'lambda': 3.4481284228522897, 'alpha': 7.103197942594343, 'max_depth': 1, 'eta': 0.18681671449041018, 'gamma': 8.989897024070107, 'num_boost_rounds': 195}. Best is trial 186 with value: 0.017241.
2025-01-02 13:14:54 INFO     n_estimators: 10
2025-01-02 13:14:54 INFO     Trial 696 finished with value: 0.017088 and parameters: {'max_delta_step': 14.370765066435778, 'colsample_bytree': 0.5429198288498363, 'colsample_bynode': 0.4449294999885789, 'subsample': 0.8886167109817169, 'min_child_weight': 82.24178998954412, 'min_data_in_leaf': 18.780268665424405, 'lambda': 3.2023759580570528, 'alpha': 8.111679921220823, 'max_depth': 1, 'eta': 0.19236493238750046, 'gamma': 8.471562014724247, 'num_boost_rounds': 185}. Best is trial 186 with value: 0.017241.
2025-01-02 13:14:55 INFO     n_estimators: 10
2025-01-02 13:14:55 INFO     Trial 697 finished with value: 0.017143 and parameters: {'max_delta_step': 17.030389224092637, 'colsample_bytree': 0.561792459303693, 'colsample_bynode': 0.41835865358021684, 'subsample': 0.8267126345870812, 'min_child_weight': 91.38270253765992, 'min_data_in_leaf': 19.513018174654313, 'lambda': 2.599883636735376, 'alpha': 9.259500932715431, 'max_depth': 1, 'eta': 0.19992131625816048, 'gamma': 8.705453342858195, 'num_boost_rounds': 185}. Best is trial 186 with value: 0.017241.
2025-01-02 13:14:55 INFO     n_estimators: 10
2025-01-02 13:14:55 INFO     Trial 698 finished with value: 0.017143 and parameters: {'max_delta_step': 24.53576606067791, 'colsample_bytree': 0.5250380947170328, 'colsample_bynode': 0.4571859826858121, 'subsample': 0.8598211237773404, 'min_child_weight': 84.23281247525586, 'min_data_in_leaf': 21.227768991799984, 'lambda': 3.0414462363683543, 'alpha': 8.4068943401584, 'max_depth': 1, 'eta': 0.19652260881568856, 'gamma': 8.179474536129115, 'num_boost_rounds': 190}. Best is trial 186 with value: 0.017241.
2025-01-02 13:14:56 INFO     n_estimators: 10
2025-01-02 13:14:56 INFO     Trial 699 finished with value: 0.017088 and parameters: {'max_delta_step': 20.877463764588775, 'colsample_bytree': 0.5113847683599081, 'colsample_bynode': 0.3956419342728726, 'subsample': 0.903993803945077, 'min_child_weight': 88.68001166933531, 'min_data_in_leaf': 18.522399526386792, 'lambda': 2.7929469092427417, 'alpha': 7.748834058564806, 'max_depth': 1, 'eta': 0.19077444399340665, 'gamma': 9.255638556456082, 'num_boost_rounds': 175}. Best is trial 186 with value: 0.017241.
2025-01-02 13:14:57 INFO     Trial 700 pruned. Trial was pruned at iteration 5.
2025-01-02 13:14:57 INFO     n_estimators: 10
2025-01-02 13:14:57 INFO     Trial 701 finished with value: 0.017241 and parameters: {'max_delta_step': 17.161138440406603, 'colsample_bytree': 0.5523654642470978, 'colsample_bynode': 0.5031780245745451, 'subsample': 0.8969013399702711, 'min_child_weight': 86.91850968930753, 'min_data_in_leaf': 19.072525622309136, 'lambda': 3.057651076267385, 'alpha': 7.3567371883568455, 'max_depth': 1, 'eta': 0.19999302207258776, 'gamma': 7.888523259545314, 'num_boost_rounds': 195}. Best is trial 186 with value: 0.017241.
2025-01-02 13:14:58 INFO     n_estimators: 10
2025-01-02 13:14:58 INFO     Trial 702 finished with value: 0.017143 and parameters: {'max_delta_step': 22.10679972330705, 'colsample_bytree': 0.5437021453023752, 'colsample_bynode': 0.370882271481412, 'subsample': 0.8676852933269271, 'min_child_weight': 93.47008632456516, 'min_data_in_leaf': 19.944310134553394, 'lambda': 2.2024265144191695, 'alpha': 7.050166967404823, 'max_depth': 1, 'eta': 0.19348572745392206, 'gamma': 8.478295345979289, 'num_boost_rounds': 185}. Best is trial 186 with value: 0.017241.
2025-01-02 13:14:59 INFO     Trial 703 pruned. Trial was pruned at iteration 5.
2025-01-02 13:14:59 INFO     n_estimators: 10
2025-01-02 13:14:59 INFO     Trial 704 finished with value: 0.017088 and parameters: {'max_delta_step': 19.315033919192228, 'colsample_bytree': 0.529673833800291, 'colsample_bynode': 0.35507609437403753, 'subsample': 0.9108204273505693, 'min_child_weight': 85.62033580537913, 'min_data_in_leaf': 19.32273933401606, 'lambda': 3.6146359547285822, 'alpha': 7.633326817229636, 'max_depth': 1, 'eta': 0.1966186043576313, 'gamma': 8.332607614020484, 'num_boost_rounds': 180}. Best is trial 186 with value: 0.017241.
2025-01-02 13:15:00 INFO     Trial 705 pruned. Trial was pruned at iteration 0.
2025-01-02 13:15:00 INFO     Trial 706 pruned. Trial was pruned at iteration 5.
2025-01-02 13:15:01 INFO     n_estimators: 10
2025-01-02 13:15:01 INFO     Trial 707 finished with value: 0.017143 and parameters: {'max_delta_step': 20.478773788315667, 'colsample_bytree': 0.5537780816511013, 'colsample_bynode': 0.3339172778149023, 'subsample': 0.866912291823107, 'min_child_weight': 99.97917080944231, 'min_data_in_leaf': 19.801511040814795, 'lambda': 3.905586803886435, 'alpha': 6.79247398520359, 'max_depth': 1, 'eta': 0.19241437666829492, 'gamma': 8.101625394819663, 'num_boost_rounds': 185}. Best is trial 186 with value: 0.017241.
2025-01-02 13:15:02 INFO     n_estimators: 10
2025-01-02 13:15:02 INFO     Trial 708 finished with value: 0.017084 and parameters: {'max_delta_step': 17.792277336271937, 'colsample_bytree': 0.5394335005023911, 'colsample_bynode': 0.3104460992962282, 'subsample': 0.8895314658176254, 'min_child_weight': 91.68290888939879, 'min_data_in_leaf': 18.855452100701815, 'lambda': 3.149285138203753, 'alpha': 7.547639893874706, 'max_depth': 1, 'eta': 0.1869126064805574, 'gamma': 8.698067081941918, 'num_boost_rounds': 185}. Best is trial 186 with value: 0.017241.
2025-01-02 13:15:02 INFO     n_estimators: 10
2025-01-02 13:15:02 INFO     Trial 709 finished with value: 0.017143 and parameters: {'max_delta_step': 26.497928152271182, 'colsample_bytree': 0.5267068943965777, 'colsample_bynode': 0.40291941571939766, 'subsample': 0.8799861750505484, 'min_child_weight': 87.59845200457268, 'min_data_in_leaf': 20.34804320904344, 'lambda': 2.923353159175457, 'alpha': 6.278752456513812, 'max_depth': 1, 'eta': 0.19600772844646636, 'gamma': 7.606578330085936, 'num_boost_rounds': 195}. Best is trial 186 with value: 0.017241.
2025-01-02 13:15:03 INFO     n_estimators: 10
2025-01-02 13:15:03 INFO     Trial 710 finished with value: 0.017088 and parameters: {'max_delta_step': 13.41319600219463, 'colsample_bytree': 0.5484442553890994, 'colsample_bynode': 0.4262719998156016, 'subsample': 0.8968098174709147, 'min_child_weight': 51.29625953520552, 'min_data_in_leaf': 18.564231434523194, 'lambda': 3.486354859651234, 'alpha': 9.008154389432761, 'max_depth': 1, 'eta': 0.19320581366894615, 'gamma': 8.373011345960146, 'num_boost_rounds': 180}. Best is trial 186 with value: 0.017241.
2025-01-02 13:15:04 INFO     Trial 711 pruned. Trial was pruned at iteration 5.
2025-01-02 13:15:04 INFO     n_estimators: 10
2025-01-02 13:15:04 INFO     Trial 712 finished with value: 0.017088 and parameters: {'max_delta_step': 19.436874854536917, 'colsample_bytree': 0.5359505421391412, 'colsample_bynode': 0.37965711364600824, 'subsample': 0.8744658362928119, 'min_child_weight': 89.33185864128741, 'min_data_in_leaf': 19.552751784914346, 'lambda': 3.162802676358142, 'alpha': 9.634082053590246, 'max_depth': 1, 'eta': 0.19636217007919174, 'gamma': 8.008562704145618, 'num_boost_rounds': 170}. Best is trial 186 with value: 0.017241.
2025-01-02 13:15:05 INFO     n_estimators: 10
2025-01-02 13:15:05 INFO     Trial 713 finished with value: 0.017208 and parameters: {'max_delta_step': 16.23844803035272, 'colsample_bytree': 0.516586118069912, 'colsample_bynode': 0.438936073896447, 'subsample': 0.8396145884170225, 'min_child_weight': 54.09034279221287, 'min_data_in_leaf': 22.000613825219023, 'lambda': 2.3913337764741396, 'alpha': 7.793141941995367, 'max_depth': 1, 'eta': 0.19998980455527307, 'gamma': 8.87473910710279, 'num_boost_rounds': 180}. Best is trial 186 with value: 0.017241.
2025-01-02 13:15:06 INFO     Trial 714 pruned. Trial was pruned at iteration 0.
2025-01-02 13:15:06 INFO     Trial 715 pruned. Trial was pruned at iteration 5.
2025-01-02 13:15:07 INFO     Trial 716 pruned. Trial was pruned at iteration 5.
2025-01-02 13:15:07 INFO     n_estimators: 10
