2025-01-02 22:22:09 INFO     Trial 1562 finished with value: 0.016594 and parameters: {'max_delta_step': 80.93564606806524, 'colsample_bytree': 0.8919877368145733, 'subsample': 0.8402258930219114, 'min_child_weight': 23.053021559609483, 'min_data_in_leaf': 13.942056573763528, 'lambda': 1.6208259935392209, 'alpha': 5.505240183201566, 'max_depth': 5, 'eta': 0.005713435970039213, 'gamma': 5.286075580373328, 'num_boost_rounds': 165}. Best is trial 988 with value: 0.018126.
2025-01-02 22:22:09 INFO     Trial 1563 pruned. Trial was pruned at iteration 2.
2025-01-02 22:22:10 INFO     Trial 1564 pruned. Trial was pruned at iteration 0.
2025-01-02 22:22:10 INFO     Trial 1565 pruned. Trial was pruned at iteration 1.
2025-01-02 22:22:11 INFO     Trial 1566 pruned. Trial was pruned at iteration 2.
2025-01-02 22:22:12 INFO     Trial 1567 finished with value: 0.016011 and parameters: {'max_delta_step': 75.50684957589891, 'colsample_bytree': 0.8987381300881477, 'subsample': 0.8184220327867591, 'min_child_weight': 26.467289006725757, 'min_data_in_leaf': 13.356968639879875, 'lambda': 1.500314182845476, 'alpha': 5.513063736550548, 'max_depth': 5, 'eta': 0.011286650861955898, 'gamma': 5.422842195330324, 'num_boost_rounds': 150}. Best is trial 988 with value: 0.018126.
2025-01-02 22:22:12 INFO     Trial 1568 pruned. Trial was pruned at iteration 0.
2025-01-02 22:22:13 INFO     Trial 1569 finished with value: 0.016558 and parameters: {'max_delta_step': 72.6046207872815, 'colsample_bytree': 0.907191681906248, 'subsample': 0.8346875207517553, 'min_child_weight': 19.92285314889866, 'min_data_in_leaf': 15.023734607509528, 'lambda': 2.0075997962936634, 'alpha': 4.871186657461982, 'max_depth': 5, 'eta': 0.023018525845506482, 'gamma': 5.0948877270702875, 'num_boost_rounds': 200}. Best is trial 988 with value: 0.018126.
2025-01-02 22:22:14 INFO     Trial 1570 pruned. Trial was pruned at iteration 0.
2025-01-02 22:22:14 INFO     Trial 1571 pruned. Trial was pruned at iteration 0.
2025-01-02 22:22:15 INFO     Trial 1572 pruned. Trial was pruned at iteration 0.
2025-01-02 22:22:15 INFO     Trial 1573 finished with value: 0.018015 and parameters: {'max_delta_step': 73.7387014785641, 'colsample_bytree': 0.883777403585715, 'subsample': 0.808306947160836, 'min_child_weight': 27.69692604927572, 'min_data_in_leaf': 15.560328534456929, 'lambda': 1.9026780084686299, 'alpha': 6.007050329671307, 'max_depth': 5, 'eta': 0.005035265016105128, 'gamma': 4.797383563272408, 'num_boost_rounds': 150}. Best is trial 988 with value: 0.018126.
2025-01-02 22:22:16 INFO     Trial 1574 pruned. Trial was pruned at iteration 0.
2025-01-02 22:22:17 INFO     Trial 1575 pruned. Trial was pruned at iteration 0.
2025-01-02 22:22:17 INFO     Trial 1576 pruned. Trial was pruned at iteration 0.
2025-01-02 22:22:18 INFO     Trial 1577 finished with value: 0.016681 and parameters: {'max_delta_step': 78.6666199101365, 'colsample_bytree': 0.8700128555665061, 'subsample': 0.820376720374109, 'min_child_weight': 27.106550341657456, 'min_data_in_leaf': 16.653546003849755, 'lambda': 2.0196666292630736, 'alpha': 5.826295499159549, 'max_depth': 5, 'eta': 0.0184437738545743, 'gamma': 5.60840620134498, 'num_boost_rounds': 85}. Best is trial 988 with value: 0.018126.
2025-01-02 22:22:19 INFO     Trial 1578 pruned. Trial was pruned at iteration 2.
2025-01-02 22:22:19 INFO     Trial 1579 pruned. Trial was pruned at iteration 0.
2025-01-02 22:22:21 INFO     Trial 1580 finished with value: 0.018015 and parameters: {'max_delta_step': 77.7398576674021, 'colsample_bytree': 0.9090291640406962, 'subsample': 0.8458124938463181, 'min_child_weight': 28.958284141559957, 'min_data_in_leaf': 16.119903616796197, 'lambda': 1.5172999928182673, 'alpha': 5.53078380676255, 'max_depth': 5, 'eta': 0.00015864635840915684, 'gamma': 5.275921394121998, 'num_boost_rounds': 160}. Best is trial 988 with value: 0.018126.
2025-01-02 22:22:22 INFO     Trial 1581 finished with value: 0.016601 and parameters: {'max_delta_step': 72.61791863451539, 'colsample_bytree': 0.8786329810603466, 'subsample': 0.8329667343543059, 'min_child_weight': 26.23245244092654, 'min_data_in_leaf': 13.756316399835944, 'lambda': 1.695099056186876, 'alpha': 4.936659749676693, 'max_depth': 5, 'eta': 0.013799990660309151, 'gamma': 5.397371770991992, 'num_boost_rounds': 150}. Best is trial 988 with value: 0.018126.
2025-01-02 22:22:23 INFO     Trial 1582 finished with value: 0.016927 and parameters: {'max_delta_step': 82.01164300506933, 'colsample_bytree': 0.8903210753843225, 'subsample': 0.8169181365545758, 'min_child_weight': 21.56974787694411, 'min_data_in_leaf': 16.986863777060478, 'lambda': 2.233830111795897, 'alpha': 5.7177565639894254, 'max_depth': 5, 'eta': 0.005432827083143497, 'gamma': 5.075764959903666, 'num_boost_rounds': 145}. Best is trial 988 with value: 0.018126.
2025-01-02 22:22:23 INFO     Trial 1583 pruned. Trial was pruned at iteration 0.
2025-01-02 22:22:24 INFO     Trial 1584 finished with value: 0.016608 and parameters: {'max_delta_step': 79.45061531257753, 'colsample_bytree': 0.8640518680824626, 'subsample': 0.8527725532600178, 'min_child_weight': 25.629029407168726, 'min_data_in_leaf': 15.041939019382887, 'lambda': 1.9867795358653177, 'alpha': 5.37685731159534, 'max_depth': 5, 'eta': 0.02295931544552574, 'gamma': 5.60641005505482, 'num_boost_rounds': 170}. Best is trial 988 with value: 0.018126.
2025-01-02 22:22:25 INFO     Trial 1585 pruned. Trial was pruned at iteration 0.
2025-01-02 22:22:25 INFO     Trial 1586 finished with value: 0.017182 and parameters: {'max_delta_step': 77.7382645062913, 'colsample_bytree': 0.8848936073654065, 'subsample': 0.8244031087615534, 'min_child_weight': 28.860899766505543, 'min_data_in_leaf': 15.79493105008236, 'lambda': 1.2781733437657403, 'alpha': 5.139998189587246, 'max_depth': 5, 'eta': 0.004871635356529175, 'gamma': 4.148670681113262, 'num_boost_rounds': 150}. Best is trial 988 with value: 0.018126.
2025-01-02 22:22:26 INFO     Trial 1587 pruned. Trial was pruned at iteration 0.
2025-01-02 22:22:27 INFO     Trial 1588 finished with value: 0.016594 and parameters: {'max_delta_step': 80.36174667747589, 'colsample_bytree': 0.8790402262612018, 'subsample': 0.838202486647648, 'min_child_weight': 27.206426461841282, 'min_data_in_leaf': 12.75036188617381, 'lambda': 1.5266482982640346, 'alpha': 5.4314475391283725, 'max_depth': 5, 'eta': 0.01664871152025399, 'gamma': 5.683299904639408, 'num_boost_rounds': 145}. Best is trial 988 with value: 0.018126.
2025-01-02 22:22:27 INFO     Trial 1589 pruned. Trial was pruned at iteration 0.
2025-01-02 22:22:28 INFO     Trial 1590 finished with value: 0.016594 and parameters: {'max_delta_step': 78.39586973851569, 'colsample_bytree': 0.9198763567903615, 'subsample': 0.830126825791528, 'min_child_weight': 24.305191538823294, 'min_data_in_leaf': 17.536266643783478, 'lambda': 2.082212199694059, 'alpha': 5.2571623096572795, 'max_depth': 5, 'eta': 0.010310636364962126, 'gamma': 4.937052912266879, 'num_boost_rounds': 160}. Best is trial 988 with value: 0.018126.
2025-01-02 22:22:29 INFO     Trial 1591 finished with value: 0.016594 and parameters: {'max_delta_step': 80.77771839259799, 'colsample_bytree': 0.912494167311784, 'subsample': 0.8435642083188235, 'min_child_weight': 19.120492486775536, 'min_data_in_leaf': 13.928187446677622, 'lambda': 1.8014904247528876, 'alpha': 5.8599776064481945, 'max_depth': 5, 'eta': 0.005491991965505503, 'gamma': 5.307255302283147, 'num_boost_rounds': 155}. Best is trial 988 with value: 0.018126.
2025-01-02 22:22:30 INFO     Trial 1592 pruned. Trial was pruned at iteration 0.
2025-01-02 22:22:31 INFO     Trial 1593 finished with value: 0.016681 and parameters: {'max_delta_step': 76.40996750868169, 'colsample_bytree': 0.8702772354280888, 'subsample': 0.8572727686267341, 'min_child_weight': 24.948946307795097, 'min_data_in_leaf': 13.110611251950234, 'lambda': 1.961343813566184, 'alpha': 6.23305981733256, 'max_depth': 5, 'eta': 0.01678697657647947, 'gamma': 5.590158511122033, 'num_boost_rounds': 160}. Best is trial 988 with value: 0.018126.
2025-01-02 22:22:32 INFO     Trial 1594 pruned. Trial was pruned at iteration 0.
2025-01-02 22:22:33 INFO     Trial 1595 pruned. Trial was pruned at iteration 0.
2025-01-02 22:22:34 INFO     Trial 1596 finished with value: 0.01684 and parameters: {'max_delta_step': 78.09565333041029, 'colsample_bytree': 0.8775798719237167, 'subsample': 0.8480469562234898, 'min_child_weight': 22.86002165122558, 'min_data_in_leaf': 14.964879654995475, 'lambda': 2.1940388098914028, 'alpha': 6.04781641162906, 'max_depth': 5, 'eta': 0.005374896807518112, 'gamma': 5.4994939015491235, 'num_boost_rounds': 150}. Best is trial 988 with value: 0.018126.
2025-01-02 22:22:36 INFO     Trial 1597 finished with value: 0.017087 and parameters: {'max_delta_step': 79.72867767144143, 'colsample_bytree': 0.8900433849223471, 'subsample': 0.8117545320172506, 'min_child_weight': 20.988593339529636, 'min_data_in_leaf': 15.547866444982002, 'lambda': 1.711591328872538, 'alpha': 5.300392278379344, 'max_depth': 5, 'eta': 0.00024587027878605135, 'gamma': 4.57328517632711, 'num_boost_rounds': 145}. Best is trial 988 with value: 0.018126.
2025-01-02 22:22:37 INFO     Trial 1598 finished with value: 0.016927 and parameters: {'max_delta_step': 75.5412577906581, 'colsample_bytree': 0.8618354088595468, 'subsample': 0.8247772235702944, 'min_child_weight': 26.487588328790864, 'min_data_in_leaf': 15.841918099790153, 'lambda': 1.4602568606649446, 'alpha': 5.655966881162983, 'max_depth': 5, 'eta': 0.015064322006695831, 'gamma': 5.4017307779404105, 'num_boost_rounds': 155}. Best is trial 988 with value: 0.018126.
2025-01-02 22:22:37 INFO     Trial 1599 pruned. Trial was pruned at iteration 0.
2025-01-02 22:22:38 INFO     Trial 1600 finished with value: 0.015671 and parameters: {'max_delta_step': 78.96416853785104, 'colsample_bytree': 0.8733944803418091, 'subsample': 0.8376442272890965, 'min_child_weight': 29.309834705912547, 'min_data_in_leaf': 18.0898276093072, 'lambda': 1.2547937771610078, 'alpha': 4.997412312756814, 'max_depth': 5, 'eta': 0.02314618053765109, 'gamma': 5.073992124178648, 'num_boost_rounds': 155}. Best is trial 988 with value: 0.018126.
2025-01-02 22:22:39 INFO     Trial 1601 pruned. Trial was pruned at iteration 0.
2025-01-02 22:22:39 INFO     Trial 1602 pruned. Trial was pruned at iteration 0.
2025-01-02 22:22:40 INFO     Trial 1603 pruned. Trial was pruned at iteration 0.
2025-01-02 22:22:40 INFO     Trial 1604 pruned. Trial was pruned at iteration 0.
2025-01-02 22:22:41 INFO     Trial 1605 pruned. Trial was pruned at iteration 0.
2025-01-02 22:22:42 INFO     Trial 1606 finished with value: 0.01684 and parameters: {'max_delta_step': 71.72860925545739, 'colsample_bytree': 0.8692458694192111, 'subsample': 0.8524293924691466, 'min_child_weight': 23.227295425400477, 'min_data_in_leaf': 13.518523870843746, 'lambda': 1.8733656760658337, 'alpha': 5.414333201758367, 'max_depth': 5, 'eta': 0.009969377523792046, 'gamma': 4.692651589898462, 'num_boost_rounds': 155}. Best is trial 988 with value: 0.018126.
2025-01-02 22:22:42 INFO     Trial 1607 pruned. Trial was pruned at iteration 2.
2025-01-02 22:22:43 INFO     Trial 1608 pruned. Trial was pruned at iteration 0.
2025-01-02 22:22:44 INFO     Trial 1609 pruned. Trial was pruned at iteration 0.
2025-01-02 22:22:44 INFO     Trial 1610 pruned. Trial was pruned at iteration 1.
2025-01-02 22:22:45 INFO     Trial 1611 pruned. Trial was pruned at iteration 0.
2025-01-02 22:22:46 INFO     Trial 1612 finished with value: 0.01778 and parameters: {'max_delta_step': 81.05653772652465, 'colsample_bytree': 0.8649326480617489, 'subsample': 0.8319467389589256, 'min_child_weight': 26.84411664538335, 'min_data_in_leaf': 14.887894096226542, 'lambda': 1.9711240986910123, 'alpha': 6.231924955682137, 'max_depth': 5, 'eta': 0.005305511796744974, 'gamma': 4.872804260265191, 'num_boost_rounds': 170}. Best is trial 988 with value: 0.018126.
2025-01-02 22:22:46 INFO     Trial 1613 pruned. Trial was pruned at iteration 0.
2025-01-02 22:22:48 INFO     Trial 1614 finished with value: 0.018022 and parameters: {'max_delta_step': 73.86379976992718, 'colsample_bytree': 0.8887714843229513, 'subsample': 0.821398897415671, 'min_child_weight': 19.3362082585642, 'min_data_in_leaf': 15.910661043143396, 'lambda': 4.678612428423015, 'alpha': 4.890512329431344, 'max_depth': 5, 'eta': 0.0003583073092578433, 'gamma': 4.642697267217983, 'num_boost_rounds': 165}. Best is trial 988 with value: 0.018126.
2025-01-02 22:22:48 INFO     Trial 1615 pruned. Trial was pruned at iteration 1.
2025-01-02 22:22:49 INFO     Trial 1616 pruned. Trial was pruned at iteration 1.
2025-01-02 22:22:50 INFO     Trial 1617 finished with value: 0.018022 and parameters: {'max_delta_step': 72.71109662709597, 'colsample_bytree': 0.8583780559357858, 'subsample': 0.8164060020106481, 'min_child_weight': 18.807788011428677, 'min_data_in_leaf': 15.892197368263652, 'lambda': 4.726939890893309, 'alpha': 5.671539718503491, 'max_depth': 5, 'eta': 0.00039080944601992227, 'gamma': 4.113877935657208, 'num_boost_rounds': 170}. Best is trial 988 with value: 0.018126.
2025-01-02 22:22:51 INFO     Trial 1618 pruned. Trial was pruned at iteration 0.
2025-01-02 22:22:52 INFO     Trial 1619 pruned. Trial was pruned at iteration 2.
2025-01-02 22:22:53 INFO     Trial 1620 finished with value: 0.01684 and parameters: {'max_delta_step': 71.27276507378643, 'colsample_bytree': 0.8601569605941183, 'subsample': 0.8167313430887669, 'min_child_weight': 18.943949656604413, 'min_data_in_leaf': 15.966084364815837, 'lambda': 4.52005993448086, 'alpha': 5.7889241025962, 'max_depth': 5, 'eta': 0.005625497562430334, 'gamma': 4.261419215896976, 'num_boost_rounds': 170}. Best is trial 988 with value: 0.018126.
2025-01-02 22:22:54 INFO     Trial 1621 finished with value: 0.018126 and parameters: {'max_delta_step': 72.5361859147217, 'colsample_bytree': 0.8868780236827343, 'subsample': 0.8047050245174897, 'min_child_weight': 20.67044850587733, 'min_data_in_leaf': 16.344489946407283, 'lambda': 4.080874445885446, 'alpha': 5.409271785847699, 'max_depth': 5, 'eta': 0.00016503765674419075, 'gamma': 4.1774183132018, 'num_boost_rounds': 170}. Best is trial 988 with value: 0.018126.
2025-01-02 22:22:54 INFO     Trial 1622 finished with value: 0.018126 and parameters: {'max_delta_step': 67.79399482294124, 'colsample_bytree': 0.8881904514591313, 'subsample': 0.805006571618687, 'min_child_weight': 18.05436850008083, 'min_data_in_leaf': 16.546022512427253, 'lambda': 4.637509740936148, 'alpha': 5.611466371089592, 'max_depth': 5, 'eta': 0.00013595233990238144, 'gamma': 4.4216432181845775, 'num_boost_rounds': 175}. Best is trial 988 with value: 0.018126.
2025-01-02 22:22:55 INFO     Trial 1623 finished with value: 0.016681 and parameters: {'max_delta_step': 63.93249037463669, 'colsample_bytree': 0.8910120256935518, 'subsample': 0.8119176546308118, 'min_child_weight': 17.448239374223377, 'min_data_in_leaf': 16.63276935076076, 'lambda': 4.888937695811105, 'alpha': 5.949271112086717, 'max_depth': 5, 'eta': 0.013926240639560213, 'gamma': 4.025794067469157, 'num_boost_rounds': 175}. Best is trial 988 with value: 0.018126.
2025-01-02 22:22:56 INFO     Trial 1624 pruned. Trial was pruned at iteration 1.
2025-01-02 22:22:57 INFO     Trial 1625 finished with value: 0.016833 and parameters: {'max_delta_step': 64.6699286040224, 'colsample_bytree': 0.8892872281196431, 'subsample': 0.8026232043857044, 'min_child_weight': 17.314439524998647, 'min_data_in_leaf': 17.2479937594167, 'lambda': 4.719873094528877, 'alpha': 5.743068936422941, 'max_depth': 5, 'eta': 0.005095990063954852, 'gamma': 3.9949759313331765, 'num_boost_rounds': 175}. Best is trial 988 with value: 0.018126.
2025-01-02 22:22:57 INFO     Trial 1626 pruned. Trial was pruned at iteration 1.
2025-01-02 22:22:58 INFO     Trial 1627 finished with value: 0.018126 and parameters: {'max_delta_step': 72.59192218464044, 'colsample_bytree': 0.8966942603534396, 'subsample': 0.8008719243131781, 'min_child_weight': 18.3877935241552, 'min_data_in_leaf': 17.36524960872414, 'lambda': 4.505772511644331, 'alpha': 6.095294141720942, 'max_depth': 5, 'eta': 0.0001789226037126288, 'gamma': 4.039585599399655, 'num_boost_rounds': 175}. Best is trial 988 with value: 0.018126.
2025-01-02 22:22:59 INFO     Trial 1628 finished with value: 0.018126 and parameters: {'max_delta_step': 68.08279696889569, 'colsample_bytree': 0.8958602239271222, 'subsample': 0.8016431212360923, 'min_child_weight': 18.45601114563799, 'min_data_in_leaf': 17.688937355256503, 'lambda': 4.3346314454628105, 'alpha': 6.251563067744877, 'max_depth': 5, 'eta': 0.0002740484895513808, 'gamma': 3.872865754646313, 'num_boost_rounds': 175}. Best is trial 988 with value: 0.018126.
2025-01-02 22:23:00 INFO     Trial 1629 finished with value: 0.016724 and parameters: {'max_delta_step': 66.78362043753776, 'colsample_bytree': 0.8977501957647016, 'subsample': 0.7988075871692004, 'min_child_weight': 18.275040398607143, 'min_data_in_leaf': 17.79302064427409, 'lambda': 4.090582701783765, 'alpha': 6.081543358666095, 'max_depth': 5, 'eta': 0.008584255764393312, 'gamma': 3.8195888030312926, 'num_boost_rounds': 175}. Best is trial 988 with value: 0.018126.
2025-01-02 22:23:00 INFO     Trial 1630 pruned. Trial was pruned at iteration 2.
2025-01-02 22:23:01 INFO     Trial 1631 finished with value: 0.016793 and parameters: {'max_delta_step': 66.51041676983924, 'colsample_bytree': 0.8937013682070344, 'subsample': 0.8003884514907661, 'min_child_weight': 16.22184960481922, 'min_data_in_leaf': 17.036741060033577, 'lambda': 4.462841310665886, 'alpha': 6.2598728875085365, 'max_depth': 5, 'eta': 0.00023481791918233752, 'gamma': 3.881502442143391, 'num_boost_rounds': 175}. Best is trial 988 with value: 0.018126.
2025-01-02 22:23:03 INFO     Trial 1632 finished with value: 0.01658 and parameters: {'max_delta_step': 67.28825572763498, 'colsample_bytree': 0.9032201854467905, 'subsample': 0.8020580064088324, 'min_child_weight': 17.7300117882761, 'min_data_in_leaf': 17.120517685991445, 'lambda': 4.3329608536015245, 'alpha': 6.153011730636939, 'max_depth': 5, 'eta': 0.021680241367649795, 'gamma': 3.7534302478912687, 'num_boost_rounds': 175}. Best is trial 988 with value: 0.018126.
2025-01-02 22:23:03 INFO     Trial 1633 pruned. Trial was pruned at iteration 1.
2025-01-02 22:23:04 INFO     Trial 1634 finished with value: 0.016724 and parameters: {'max_delta_step': 67.14937396206516, 'colsample_bytree': 0.8856521620653002, 'subsample': 0.8038786198606231, 'min_child_weight': 16.41475737942447, 'min_data_in_leaf': 17.350911452604223, 'lambda': 4.511852788297383, 'alpha': 6.312434288406911, 'max_depth': 5, 'eta': 0.015519292804852912, 'gamma': 3.9989299876579696, 'num_boost_rounds': 175}. Best is trial 988 with value: 0.018126.
2025-01-02 22:23:05 INFO     Trial 1635 pruned. Trial was pruned at iteration 2.
2025-01-02 22:23:06 INFO     Trial 1636 finished with value: 0.018015 and parameters: {'max_delta_step': 68.8387670794783, 'colsample_bytree': 0.8949494739033527, 'subsample': 0.8071857998323353, 'min_child_weight': 17.004026793512136, 'min_data_in_leaf': 18.318793088883783, 'lambda': 4.61667903614183, 'alpha': 6.041093791393711, 'max_depth': 5, 'eta': 0.005424143927048547, 'gamma': 4.264227443630656, 'num_boost_rounds': 180}. Best is trial 988 with value: 0.018126.
2025-01-02 22:23:07 INFO     Trial 1637 finished with value: 0.016796 and parameters: {'max_delta_step': 70.1124769842659, 'colsample_bytree': 0.8859020035500937, 'subsample': 0.8072732256461087, 'min_child_weight': 18.478124707177116, 'min_data_in_leaf': 17.366360226194608, 'lambda': 4.699450044670178, 'alpha': 6.275133428279659, 'max_depth': 5, 'eta': 0.005685120309371261, 'gamma': 3.831109121873828, 'num_boost_rounds': 175}. Best is trial 988 with value: 0.018126.
2025-01-02 22:23:08 INFO     Trial 1638 pruned. Trial was pruned at iteration 0.
2025-01-02 22:23:08 INFO     Trial 1639 finished with value: 0.017979 and parameters: {'max_delta_step': 66.21169970744585, 'colsample_bytree': 0.8870499538262988, 'subsample': 0.815076566084747, 'min_child_weight': 18.7866928770841, 'min_data_in_leaf': 18.581004650490303, 'lambda': 4.387648133767417, 'alpha': 6.376478336080553, 'max_depth': 5, 'eta': 0.0003951790842473802, 'gamma': 4.127043661435075, 'num_boost_rounds': 170}. Best is trial 988 with value: 0.018126.
2025-01-02 22:23:09 INFO     Trial 1640 pruned. Trial was pruned at iteration 2.
2025-01-02 22:23:09 INFO     Trial 1641 pruned. Trial was pruned at iteration 0.
2025-01-02 22:23:10 INFO     Trial 1642 finished with value: 0.016681 and parameters: {'max_delta_step': 68.46368923220969, 'colsample_bytree': 0.8790170225958401, 'subsample': 0.8152587438288619, 'min_child_weight': 14.313535783461424, 'min_data_in_leaf': 17.48300809523962, 'lambda': 4.121566094836674, 'alpha': 6.355374338743788, 'max_depth': 5, 'eta': 0.009052715311999616, 'gamma': 3.7599208978769982, 'num_boost_rounds': 170}. Best is trial 988 with value: 0.018126.
2025-01-02 22:23:11 INFO     Trial 1643 finished with value: 0.016833 and parameters: {'max_delta_step': 70.12736760454584, 'colsample_bytree': 0.8903249000422311, 'subsample': 0.8021915644752562, 'min_child_weight': 19.62394442358998, 'min_data_in_leaf': 18.2125721786936, 'lambda': 4.3279878995201635, 'alpha': 6.168235296086461, 'max_depth': 5, 'eta': 0.005657407411248301, 'gamma': 4.121098733806265, 'num_boost_rounds': 175}. Best is trial 988 with value: 0.018126.
2025-01-02 22:23:12 INFO     Trial 1644 finished with value: 0.016493 and parameters: {'max_delta_step': 70.20540431919062, 'colsample_bytree': 0.9042087730294447, 'subsample': 0.8168942816450369, 'min_child_weight': 17.69530592683627, 'min_data_in_leaf': 17.153506008014425, 'lambda': 6.021551502647622, 'alpha': 5.812543167932362, 'max_depth': 5, 'eta': 0.023866599306742512, 'gamma': 4.179543881750409, 'num_boost_rounds': 170}. Best is trial 988 with value: 0.018126.
